ARM GAS  C:\Users\SANDEE~1\AppData\Local\Temp\ccEYjYQq.s 			page 1


   1              		.cpu cortex-m4
   2              		.eabi_attribute 27, 1
   3              		.eabi_attribute 28, 1
   4              		.eabi_attribute 20, 1
   5              		.eabi_attribute 21, 1
   6              		.eabi_attribute 23, 3
   7              		.eabi_attribute 24, 1
   8              		.eabi_attribute 25, 1
   9              		.eabi_attribute 26, 1
  10              		.eabi_attribute 30, 2
  11              		.eabi_attribute 34, 1
  12              		.eabi_attribute 18, 4
  13              		.file	"board.c"
  14              		.text
  15              	.Ltext0:
  16              		.section	.gnu.lto_.profile.bfe247b6,"",%progbits
  17 0000 789C6365 		.ascii	"x\234ce`b`a```d\340c\006\000\000\237\000\036"
  17      60626061 
  17      60606064 
  17      E0630600 
  17      009F001E 
  18              		.text
  19              		.section	.gnu.lto_.icf.bfe247b6,"",%progbits
  20 0000 789C6365 		.ascii	"x\234ce`b\020a@\000f\206\256\177G\27613v|\231\267\221"
  20      60621061 
  20      40006686 
  20      AE7F47BE 
  20      3133767C 
  21 0017 9B69D7AF 		.ascii	"\233i\327\257\231\335l\014\000dA\011\033"
  21      99DD6C0C 
  21      00644109 
  21      1B
  22              		.text
  23              		.section	.gnu.lto_.jmpfuncs.bfe247b6,"",%progbits
  24 0000 789C6365 		.ascii	"x\234ce`b\340d@\000&\020\301\010\304\000\001\227\000"
  24      6062E064 
  24      40002610 
  24      C108C400 
  24      019700
  25 0013 14       		.ascii	"\024"
  26              		.text
  27              		.section	.gnu.lto_.inline.bfe247b6,"",%progbits
  28 0000 789C6365 		.ascii	"x\234ce`b\320f@\000&\006\006\026\036F\020\305\300\266"
  28      6062D066 
  28      40002606 
  28      06161E46 
  28      10C5C0B6 
  29 0014 401E4431 		.ascii	"@\036D10r\201\010\006f&Ta\006\000-\355\001\352"
  29      30728108 
  29      06662654 
  29      6106002D 
  29      ED01EA
  30              		.text
  31              		.section	.gnu.lto_.pureconst.bfe247b6,"",%progbits
  32 0000 789C6365 		.ascii	"x\234ce`b`e`\000\222\022\214\014\000\000\345\000("
  32      60626065 
  32      60009212 
ARM GAS  C:\Users\SANDEE~1\AppData\Local\Temp\ccEYjYQq.s 			page 2


  32      8C0C0000 
  32      E50028
  33              		.text
  34              		.section	.gnu.lto___early_init.bfe247b6,"",%progbits
  35 0000 789C6365 		.ascii	"x\234ce`bX\312\300\300`\011\304\322@\314\310\314\300"
  35      606258CA 
  35      C0C06009 
  35      C4D240CC 
  35      C8CCC0
  36 0013 C834E11C 		.ascii	"\3104\341\034\003C#\007\023##\210\321\300\301\310P\317"
  36      03432307 
  36      13232388 
  36      D1C0C1C8 
  36      50CF
  37 0025 C458CFD8 		.ascii	"\304X\317\330\317<\235\231\361P\373\263\235L\232\313"
  37      CF3C9D99 
  37      F150FBB3 
  37      9D4C9ACB 
  38 0035 1B80E0C0 		.ascii	"\033\200\340\300\364mlm\015\255\022\363\231\031\030"
  38      F46D6C6D 
  38      0DAD12F3 
  38      991918
  39 0044 66023108 		.ascii	"f\0021\0100.g\324d\000*{\264\361\337T^6\026\2108\343"
  39      302E67D4 
  39      64002A7B 
  39      B4F1DF54 
  39      5E361688 
  40 005a 0A463646 		.ascii	"\012F6F \275\376\022\343\201\206\177\377\333\033\016"
  40      20BDFE12 
  40      E381867F 
  40      FFDB1B0E 
  41 006a 9C59CCB8 		.ascii	"\234Y\314\270\327\015(\325\005\304 ;\272\231\231@4\363"
  41      D70D28D5 
  41      05C4203B 
  41      BA999940 
  41      34F3
  42 007c 6BC6E605 		.ascii	"k\306\346\005\337{\230A\032@\246\354\334\371\3466{\375"
  42      DF7B9841 
  42      1A40A6EC 
  42      DCF9E636 
  42      7BFD
  43 008e DF068EF9 		.ascii	"\337\006\216\371\314\2143\231\201F0\256d\254g\230\017"
  43      CC8C3399 
  43      814630AE 
  43      64AC6798 
  43      0F
  44 009f 54FC96B1 		.ascii	"T\374\226\261i\301\357\036F\260B\020\350\002\312\002"
  44      69C1EF1E 
  44      46B04210 
  44      E802CA02 
  45 00af 0D606260 		.ascii	"\015`b`0\327\323\323\207\240\374b\375\214\304\034\375"
  45      30D7D3D3 
  45      87A0FC62 
  45      FD8CC41C 
  45      FD
  46 00c0 A4FCC4A2 		.ascii	"\244\374\304\242\224b\375\340\220\370\340\020_c#7\023"
  46      9462FDE0 
ARM GAS  C:\Users\SANDEE~1\AppData\Local\Temp\ccEYjYQq.s 			page 3


  46      90F8E010 
  46      5F632337 
  46      13
  47 00d1 0343E778 		.ascii	"\003C\347x\027\317`g\3770\327\240H\210\264^2\003\000"
  47      17CF6067 
  47      FF30D7A0 
  47      4888B45E 
  47      320300
  48 00e4 913F4841 		.ascii	"\221?HA"
  49              		.text
  50              		.section	.gnu.lto_boardInit.bfe247b6,"",%progbits
  51 0000 789C6365 		.ascii	"x\234ce`b\250d``\260\004bi fdf`d\232p\216\201\241\221"
  51      6062A864 
  51      6060B004 
  51      62692066 
  51      64666064 
  52 001a 83899111 		.ascii	"\203\211\221\021\304h\340`d\250gb\254g\354g\236\316"
  52      C468E060 
  52      64A86762 
  52      AC67EC67 
  52      9ECE
  53 002c CC78A8FD 		.ascii	"\314x\250\375\331N&\315\345\015@p`\372\004\256\266\206"
  53      D94E26CD 
  53      E50D4070 
  53      60FA04AE 
  53      B686
  54 003e 5689F9CC 		.ascii	"V\211\371\314\014\0143\201\030\004\030\2273j2\000\225"
  54      0C0C3381 
  54      18041897 
  54      336A3200 
  54      95
  55 004f 3DDAF86F 		.ascii	"=\332\370o*/\033\013D\234q\005#\033#\220^\177\211\361"
  55      2A2F1B0B 
  55      449C7105 
  55      231B2390 
  55      5E7F89F1 
  56 0063 40C3BFFF 		.ascii	"@\303\277\377\355\015\007\276,b\234\354\305\304\300"
  56      ED0D07BE 
  56      2C629CEC 
  56      C5C4C0
  57 0072 D0059406 		.ascii	"\320\005\224\006\331\321\315\314\004\242\231\33726)"
  57      D9D1CDCC 
  57      04A299DF 
  57      323629
  58 0081 805483CD 		.ascii	"\200T\203\315\352bf\004\011\002\225\231\353\351\351"
  58      EA626604 
  58      09029599 
  58      EBE9E9
  59 0090 43507EB1 		.ascii	"CP~\261~Fb\216~R~bQJ\261~pH|p\210\257\261\221\233\211"
  59      7E46628E 
  59      7E527E62 
  59      514AB17E 
  59      70487C70 
  60 00aa 81A173BC 		.ascii	"\201\241s\274\213g\260\263\177\230kP$DZ/\231\001\000"
  60      8B67B0B3 
  60      7F986B50 
  60      24445A2F 
ARM GAS  C:\Users\SANDEE~1\AppData\Local\Temp\ccEYjYQq.s 			page 4


  60      990100
  61 00bd EB0D38B9 		.ascii	"\353\0158\271"
  62              		.text
  63              		.section	.gnu.lto_pal_default_config.bfe247b6,"",%progbits
  64 0000 789C7D91 		.ascii	"x\234}\221\313J\303@\024\206s:M\253\365\206;\027\202"
  64      CB4AC340 
  64      1486733A 
  64      4DABF586 
  64      3B1782
  65 0013 AE7D822E 		.ascii	"\256}\202.}\024\037\301G\230V\304{\025Q\014\2126\210"
  65      7D141FC1 
  65      479856C4 
  65      7B15510C 
  65      8A3688
  66 0026 A2A9D66A 		.ascii	"\242\251\326j[/\365\326\024\021\025/\2104\352BA\360"
  66      5B2FF5D6 
  66      1411152F 
  66      8834EA42 
  66      41F0
  67 0038 024ABD23 		.ascii	"\002J\275#X]\3243=\243\020\010f\221\237\363%\231\357"
  67      585DD433 
  67      3DA31008 
  67      66919FF3 
  67      2599EF
  68 004b 9F89AAB8 		.ascii	"\237\211\252\270\224F\246(\240\3205\304 \226K\345+B"
  68      9446A628 
  68      A0D035C4 
  68      20964BE5 
  68      2B42
  69 005d 2CCC10E2 		.ascii	",\314\020\3428\371\365\375\302h,\024\030\202\236\223"
  69      38F9F5FD 
  69      C2682C14 
  69      18829E93 
  70 006d 674B2570 		.ascii	"gK%p\034\261\"*\242\313]c\346\357\235B\241\012\321\343"
  70      1CB1222A 
  70      A2CB5D63 
  70      E6EF9D42 
  70      A10AD1E3 
  71 0081 60C75AA5 		.ascii	"`\307Z\245\177\211\267\353\2749\314@\303GSP\2531\240"
  71      7F89B7EB 
  71      BC39CC40 
  71      C3475350 
  71      AB31A0
  72 0094 70414404 		.ascii	"pAD\004\003C\204\033\246E\250\364\314#B\250\367\363"
  72      0343841B 
  72      A645A8F4 
  72      CC2342A8 
  72      F7F3
  73 00a6 675B5E5A 		.ascii	"g[^Zv[\232F\333\314d\031!\323\207sR\273\037P\355\232"
  73      765B9A46 
  73      DBCC6419 
  73      21D38773 
  73      52BB1F50 
  74 00bc A89366F6 		.ascii	"\250\223f\366\037\215\221=|\360\311\366u8\277&\036f"
  74      1F8D913D 
  74      7CF0C9F6 
  74      7538BF26 
ARM GAS  C:\Users\SANDEE~1\AppData\Local\Temp\ccEYjYQq.s 			page 5


  74      1E66
  75 00ce 4B68B6C6 		.ascii	"Kh\266\306-\027\222\333\243\267w\371\006\017\362iQd"
  75      2D1792DB 
  75      A3B777F9 
  75      060FF269 
  75      5164
  76 00e0 27DA33EF 		.ascii	"'\3323\357\265\213\027\234\304\363$\2169\211o>\027\016"
  76      B58B179C 
  76      C4F3248E 
  76      39896F3E 
  76      170E
  77 00f2 E4667877 		.ascii	"\344fxw\015\202l\246\377Nn\230\353\001\356A\364\021"
  77      0D826CA6 
  77      FF4E6E98 
  77      EB01EE41 
  77      F411
  78 0104 C84D00A1 		.ascii	"\310M\000\241\301\210\325\200\244\357\362\",\017;\020"
  78      C188D580 
  78      A4EFF222 
  78      2C0F3B10 
  79 0114 08562319 		.ascii	"\010V#\031\371\332\353u\333\273,9uY\264\035B\222\272"
  79      F9DAEB75 
  79      DBBB2C39 
  79      7559B41D 
  79      4292BA
  80 0127 24A84BEE 		.ascii	"$\250K\3564\366\344\221j\316\353\221\350\357\217]\262"
  80      34F6E491 
  80      6ACEEB91 
  80      E8EF8F5D 
  80      B2
  81 0138 8CD5D95A 		.ascii	"\214\325\331Z<\375\325\275\353)\371\353yF\007$\346\330"
  81      3CFDD5BD 
  81      EB29F9EB 
  81      79460724 
  81      E6D8
  82 014a 042FB5AB 		.ascii	"\004/\265\253W\235\324)\233z\205\324QR\177\306\207\323"
  82      579DD429 
  82      9B7A85D4 
  82      51527FC6 
  82      87D3
  83 015c E572D5AC 		.ascii	"\345r\325\254\330\341\210\366lV\376v9/\232_u\303\250"
  83      D8E188F6 
  83      6C56FE76 
  83      392F9A5F 
  83      75C3A8
  84 016f 2294D55B 		.ascii	"\"\224\325[\271\033Q\313\325v\010~?\013\026\377Sw\252"
  84      B91B51CB 
  84      D576087E 
  84      3F0B16FF 
  84      5377AA
  85 0182 E5C8676F 		.ascii	"\345\310go\223vj\263ik\263Am\326\251\215\236_\337e\264"
  85      93766AB3 
  85      696BB341 
  85      6DD6A98D 
  85      9E5FDF65 
  86 0197 465398B9 		.ascii	"FS\230\2714\346\005\023\374\032+\2015\021\245\260,\302"
  86      34E60513 
ARM GAS  C:\Users\SANDEE~1\AppData\Local\Temp\ccEYjYQq.s 			page 6


  86      FC1A2B81 
  86      3511A5B0 
  86      2CC2
  87 01a9 07711165 		.ascii	"\007q\021e0'\242\034f\300\257@\006o?\011\362\006\266"
  87      3027A21C 
  87      66C0AF40 
  87      066F3F09 
  87      F206B6
  88              		.text
  89              		.section	.gnu.lto_.symbol_nodes.bfe247b6,"",%progbits
  90 0000 789C6365 		.ascii	"x\234ce`b\360`\000\002\246IL\365\014\014\023\31610\000"
  90      6062F060 
  90      0002A649 
  90      4CF50C0C 
  90      13CE3130 
  91 0015 A95D0D8E 		.ascii	"\251]\015\216@\221\311L\365\214(\"\254\023\231\030\032"
  91      4091C94C 
  91      F58C2822 
  91      AC139918 
  91      1A
  92 0026 95808A19 		.ascii	"\225\200\212\031\2470\3253\201\245\030\030\032\032\034"
  92      A730D533 
  92      81A51818 
  92      1A1A1C
  93 0035 18189881 		.ascii	"\030\030\230\201p\311\203\177\214\014\000k\236\020\246"
  93      70C9837F 
  93      8C0C006B 
  93      9E10A6
  94              		.text
  95              		.section	.gnu.lto_.refs.bfe247b6,"",%progbits
  96 0000 789C6365 		.ascii	"x\234ce`b`d\000\002\000\000I\000\011"
  96      60626064 
  96      00020000 
  96      490009
  97              		.text
  98              		.section	.gnu.lto_.decls.bfe247b6,"",%progbits
  99 0000 789C9D56 		.ascii	"x\234\235VkLSg\030>oO\251m)\203\300\262\370\303d\304"
  99      6B4C5367 
  99      183E6F4F 
  99      A96D2983 
  99      C0B2F8C3 
 100 0016 E0E4C7A0 		.ascii	"\340\344\307\240\200\313\\\366\303\351\300\333\206\223"
 100      80CB5CF6 
 100      C3E9C0DB 
 100      8693
 101 0024 4C47B285 		.ascii	"LG\262\205\245\251\264J\263\322vmY4\373s\020\020uNt"
 101      A5A9B44A 
 101      B3D2766D 
 101      5934FB73 
 101      1010754E 
 102 0039 1A0D469C 		.ascii	"\032\015F\234\212Q\230\027\020\221!(V\034\027\021\024"
 102      8A519817 
 102      10912128 
 102      561C1711 
 102      14
 103 004a 5151949B 		.ascii	"QQ\224\233\334\004\307M\\T\226){\277\357;\345\324\302"
 103      DC04C74D 
ARM GAS  C:\Users\SANDEE~1\AppData\Local\Temp\ccEYjYQq.s 			page 7


 103      5C549629 
 103      7BBFEF3B 
 103      E5D4C2
 104 005d CCB62F3C 		.ascii	"\314\266/<\347\234\367\373\236\367y/\347m\213\017'\343"
 104      E79CF7FB 
 104      9EF7792F 
 104      E76D8B0F 
 104      27E3
 105 006f 76AB386E 		.ascii	"v\2538n\0348n\224\343\270\011\\r\274\237\344\244\305"
 105      1C386E94 
 105      E3B8095C 
 105      72BC9FE4 
 105      A4C5
 106 0081 234E210A 		.ascii	"#N!\012\021E\010\244r\303\334\253\353k`\274x\304\210"
 106      114508A4 
 106      72C3DCAB 
 106      EB6B60BC 
 106      78C488
 107 0094 87BF4CF4 		.ascii	"\207\277L\364-\342\246.=0\255x\321\0061\206\367j\023"
 107      2DE2A62E 
 107      3D30AD78 
 107      D1063186 
 107      F76A13
 108 00a7 B5E7225A 		.ascii	"\265\347\"Z\020C\010?D#\3426\342&\342\006\242\011\321"
 108      1043083F 
 108      4423E236 
 108      E226E206 
 108      A209D1
 109 00ba 8CB88EE8 		.ascii	"\214\270\216\350B<D\364#\372\020=\210\356i\264\311\332"
 109      423C44F4 
 109      23FA103D 
 109      88EE69B4 
 109      C9DA
 110 00cc CB434966 		.ascii	"\313CIfu\216\246\035Z\001\363\205\000\226\015\260+P"
 110      758EA61D 
 110      5A01F385 
 110      00960DB0 
 110      2B50
 111 00de 5073C2BD 		.ascii	"Ps\302\275\000\350>\356\3128\261\010\367\026\270=D["
 111      00E83EEE 
 111      CA38B108 
 111      F716B83D 
 111      445B
 112 00f0 269A3251 		.ascii	"&\2322Q\222\376\211\316\340\241\310\216Y$\367b=a\017"
 112      92FE89CE 
 112      E0A1C88E 
 112      5924F762 
 112      3D610F
 113 0103 D44D7405 		.ascii	"\324Mt\005\220I\001\000<\035<\004Y\332\342\371d~\234"
 113      90490100 
 113      3C1D3C04 
 113      59DAE2F9 
 113      647E9C
 114 0116 541CB8AB 		.ascii	"T\034\270\253\037\334\366\344gy\007\264\001\370r\007"
 114      1FDCF6E4 
 114      677907B4 
 114      01F87207 
ARM GAS  C:\Users\SANDEE~1\AppData\Local\Temp\ccEYjYQq.s 			page 8


 115 0126 1702DD7B 		.ascii	"\027\002\335{<\224u\315\237\227\001y\356\030\317[\022"
 115      3C9475CD 
 115      9F970179 
 115      EE18CF5B 
 115      12
 116 0137 7E42604B 		.ascii	"~B`K\371\266\324\266\252\211g.\377\355<\004\252A\206"
 116      F9B6D4B6 
 116      AA89672E 
 116      FFED3C04 
 116      AA4186
 117 014a 66D3687D 		.ascii	"f\323h}\216/\232o\252!\000\315\347\251\267/\251g\356"
 117      8E2F9A6F 
 117      AA2100CD 
 117      E7A9B72F 
 117      A967EE
 118 015d A15E6942 		.ascii	"\241^iB\200\014\342\337\202\0230\013\216\303,\014~\022"
 118      800CE2DF 
 118      8213300B 
 118      8EC32C0C 
 118      7E12
 119 016f 66E2758D 		.ascii	"f\342u\215\234)\3752zf\247\357\354\203\302\301N\301"
 119      9C29FD32 
 119      7A66A7EF 
 119      EC83C2C1 
 119      4EC1
 120 0181 55D3FDCE 		.ascii	"U\323\375\316\203\"A\310@79\241A> \001\302I\312\370"
 120      832241C8 
 120      403739A1 
 120      413E2001 
 120      C249CAF8 
 121 0195 88D73CE8 		.ascii	"\210\327<\350\0008\006\355X\320)\230\215\356\365}m\337"
 121      003806ED 
 121      58D02998 
 121      8DEEF57D 
 121      6DDF
 122 01a7 F37134D9 		.ascii	"\363q4\331\275u\371\331\012T*D\245\312\320l\301\265"
 122      BD75F9D9 
 122      0A542A44 
 122      A5CAD06C 
 122      C1B5
 123 01b9 11756454 		.ascii	"\021udT\247@\322)\360\326)\244:B\177y\253?\377\025\025"
 123      A740D229 
 123      F0D629A4 
 123      3A427F79 
 123      AB3FFF15 
 124 01ce 2AC86DDE 		.ascii	"*\310m\336\355\207B\235\202\340\352\310\011\331\222"
 124      ED87429D 
 124      82E0EAC8 
 124      09D992
 125 01dd 59BD4D38 		.ascii	"Y\275M8\0044q8-)\235&J\344\241\210*\324^>\365\324\227"
 125      04347138 
 125      2D299D26 
 125      4AE4A188 
 125      2AD45E3E 
 126 01f4 DF0F54E2 		.ascii	"\337\017T\342I^\321\001%\353O\036\240\235\223\351*\026"
 126      495ED101 
 126      25EB4F1E 
ARM GAS  C:\Users\SANDEE~1\AppData\Local\Temp\ccEYjYQq.s 			page 9


 126      A09D93E9 
 126      2A16
 127 0206 1BE45293 		.ascii	"\033\344R\223&7\354\353~\203\331\301h\236h\250i\345"
 127      2637ECEB 
 127      7E83D9C1 
 127      689E68A8 
 127      69E5
 128 0218 197D33A1 		.ascii	"\031}3\241\227^\030\212b\346,\264\312\332\036\273D\347"
 128      975E188A 
 128      62E62CB4 
 128      CADA1EBB 
 128      44E7
 129 022a 4E723A31 		.ascii	"Nr:1\320\222\253b\307\243$\330\326\263\273r\375\371"
 129      D092AB62 
 129      C7A324D8 
 129      D6B3BB72 
 129      FDF9
 130 023c 02167938 		.ascii	"\002\026y8\275\267\323\227\035\316D\363Fz\341~QY\356"
 130      BDB7D397 
 130      1DCE44F3 
 130      467AE17E 
 130      5159EE
 131 024f F1A202D9 		.ascii	"\361\242\002\331\213j\335\262\351\200\202/a\236m\265"
 131      8B6ADDB2 
 131      E980822F 
 131      619E6DB5 
 132 025f F9C70975 		.ascii	"\371\307\011u\256\032\310\034\371\223N\014\236\033\367"
 132      AE1AC81C 
 132      F9934E0C 
 132      9E1BF7
 133 026e 635B84D1 		.ascii	"c[\204\321\2245vd\006_N\351\262\354\272;\225r\010U\037"
 133      94357664 
 133      065F4EE9 
 133      B2ECBA3B 
 133      95720855 
 134 0283 256FD9F5 		.ascii	"%o\331\365\254tA\366\230 \004\303o\240\206J\251Is\325"
 134      AC7441F6 
 134      982004C3 
 134      6FA0864A 
 134      A94973D5 
 135 0297 78DD2C08 		.ascii	"x\335,\010\033\205\035i\202j\031\007%8\007\027p\016"
 135      1B851D69 
 135      826A1907 
 135      25380717 
 135      700E
 136 02a9 E0328412 		.ascii	"\3402\204\022]\302\203K\270\351\302M\214\221\177d\347"
 136      5DC2834B 
 136      B8E9C24D 
 136      8C917F64 
 136      E7
 137 02ba 6105BF87 		.ascii	"a\005\277\207\316\237\254\272\342\376]9\250C\247\025"
 137      CE9FACBA 
 137      E2FE5D39 
 137      A843A715 
 138 02ca A8994680 		.ascii	"\250\231F\200%3quvu\006y\367\325\230L\225\224\014\346"
 138      25337175 
 138      76750679 
ARM GAS  C:\Users\SANDEE~1\AppData\Local\Temp\ccEYjYQq.s 			page 10


 138      F7D5984C 
 138      95940CE6 
 139 02de C686AEAB 		.ascii	"\306\206\256\253\2545U\306\367\260!\337W\376G\235\017"
 139      AC3555C6 
 139      F7B021DF 
 139      57FE479D 
 139      0F
 140 02ef EB8912CD 		.ascii	"\353\211\022\315\221]U\0152\276\237\235\365\335M\313"
 140      915D550D 
 140      32BE9F9D 
 140      F5DD4DCB 
 141 02ff 56F0C3CC 		.ascii	"V\360\303\314\330\361\242EP\360O\231\361\343\310\363"
 141      D8F1A245 
 141      50F04F99 
 141      F1E3C8F3 
 142 030f 4372FE05 		.ascii	"Cr\376\0053Z\322\2365\373\361i<1T\233\012J\2135\020"
 142      335AD29E 
 142      35FBF169 
 142      3C31549B 
 142      0A4A8B35 
 143 0324 42565048 		.ascii	"BVPHH\350a\222\273\253f\340\335\332\261\036A\370IC\223"
 143      48E86192 
 143      BBAB66E0 
 143      DDDAB11E 
 143      41F84943 
 144 0339 BA8649DD 		.ascii	"\272\206I\335\202 \251\230\363\364\243\021\211\027\216"
 144      8220A998 
 144      F3F4A311 
 144      89178E
 145 0348 39FCB900 		.ascii	"9\374\271\000'8\235\247\354\006o\266\326\213\374\350"
 145      27389DA7 
 145      EC066FB6 
 145      D68BFCE8 
 146 0358 23895CE7 		.ascii	"#\211\\\347M\276B\245K\300C\333\203^\353M\257\360\316"
 146      4DBE42A5 
 146      4BC043DB 
 146      835EEB4D 
 146      AFF0CE
 147 036b E49E07FB 		.ascii	"\344\236\007\373\352\364\342\224\275\223\364~\207 ,"
 147      EAF4E294 
 147      BD93F47E 
 147      87202C
 148 037a 9473700E 		.ascii	"\224sp\016\317K\351\021ac\373\341\016\276\255F\010\201"
 148      CF4BE911 
 148      6163FBE1 
 148      0EBEAD46 
 148      0881
 149 038c DB889B88 		.ascii	"\333\210\233\210\033\210&D3\342:\204\320O\022\213W\347"
 149      1B882644 
 149      33E23A84 
 149      D04F128B 
 149      57E7
 150 039e 11AF7EDA 		.ascii	"\021\257~\332\312=k\251[&\261/N_\013\243\263\321\030"
 150      CA3D6BA9 
 150      5B26B12F 
 150      4E5F0BA3 
 150      B3D118
ARM GAS  C:\Users\SANDEE~1\AppData\Local\Temp\ccEYjYQq.s 			page 11


 151 03b1 AE084C15 		.ascii	"\256\010L\025\004 4N\034\013\361+\355\342\313\364F\005"
 151      0420344E 
 151      1C0BF12B 
 151      EDE2CBF4 
 151      4605
 152 03c3 5F46DFA1 		.ascii	"_F\337\241\354\310\326\372\022%\004\205NW\023\334\303"
 152      ECC8D6FA 
 152      12250485 
 152      4E5713DC 
 152      C3
 153 03d4 52FE4B59 		.ascii	"R\376KY,r_\255\002\277C\241\005\035\357J#I\362\240\341"
 153      2C725FAD 
 153      02BF43A1 
 153      051DEF4A 
 153      2349F2A0 
 154 03e9 6FF61D4A 		.ascii	"o\366\035J\327\260)l$\366\366\2543\247\325|\003M\007"
 154      D7B0296C 
 154      24F6F6AC 
 154      33A7D57C 
 154      034D07
 155 03fc F2FAF66F 		.ascii	"\362\372\366o\027\017?@\363lCi\273\017\177\213\235\265"
 155      170F3F40 
 155      F36C4369 
 155      BB0F7F8B 
 155      9DB5
 156 040e 8E3567FA 		.ascii	"\2165g\372\362\367\231Q\360\327\356c\012\276\213\031"
 156      F2F79951 
 156      F0D7EE63 
 156      0ABE8B19 
 157 041e 3F64646D 		.ascii	"?ddm\231\301\017PC\371\350\332\321l\031\260\231\244"
 157      99C10F50 
 157      43F9E8DA 
 157      D16C19B0 
 157      99A4
 158 0430 43892955 		.ascii	"C\211)U\327\005\356\022\204\332\010\232T'&\325\213\367"
 158      D705EE12 
 158      84DA089A 
 158      542726D5 
 158      8BF7
 159 0442 C9325F19 		.ascii	"\3112_\0312dw\255H\245\235&\344\007\336\344__\0352\244"
 159      326477AD 
 159      48A59D26 
 159      E407DEE4 
 159      5F5F1D32 
 160 0457 57C64AF4 		.ascii	"W\306J\364roz\331\364cs\026\317\213\351Q\257\330\337"
 160      726F7AD9 
 160      F4637316 
 160      CF8BE951 
 160      AFD8DF
 161 046a 01EC6F17 		.ascii	"\001\354o\027\366\362!\242\037\321\207\350AtK#CR\373"
 161      F6F221A2 
 161      1FD187E8 
 161      41744B23 
 161      4352FB
 162 047d 548AD5EA 		.ascii	"T\212\325\352\035\353\376\224\324\272>\221\350\035\336"
 162      1DEBFE94 
 162      D4BA3E91 
ARM GAS  C:\Users\SANDEE~1\AppData\Local\Temp\ccEYjYQq.s 			page 12


 162      E81DDE
 163 048c F4F3532B 		.ascii	"\364\363S+\361Po\367\246\267I\225\210\023v\205MX\357"
 163      F1506FF7 
 163      A6B74995 
 163      88137685 
 163      4D58EF
 164 049f 9409BB34 		.ascii	"\224\011\2734>\230\341\317\217\262\011;\272\247\262"
 164      3E98E1CF 
 164      8FB2093B 
 164      BAA7B2
 165 04ae 4AE53561 		.ascii	"J\3455a\356\362a\020\253\376\267\035`Q\233\257\323\351"
 165      EEF26110 
 165      ABFEB71D 
 165      60519BAF 
 165      D3E9
 166 04c0 FA1D9D1E 		.ascii	"\372\035\235\036I\323\325\353\236\256\361\343\027_*"
 166      49D3D5EB 
 166      9EAEF1E3 
 166      175F2A
 167 04cf 83C4589B 		.ascii	"\203\304X\233\377)\026\367\332@(S\\]V\241\236\223+\024"
 167      FF2916F7 
 167      DA402853 
 167      5C5D56A1 
 167      9E932B14 
 168 04e3 BAF01BED 		.ascii	"\272\360\033\355\262\177>\376\302\252`\010\235\317\260"
 168      B27F3EFE 
 168      C2AA6008 
 168      9DCFB0
 169 04f2 981E2F90 		.ascii	"\230\036/\220\354\254\306\177\222\206a\016\371G\342"
 169      ECACC67F 
 169      9286610E 
 169      F947E2
 170 0501 F99D768D 		.ascii	"\371\235v\215f\353\344\3278\375-u\177L9\030\001\015"
 170      66EBE4D7 
 170      38FD2D75 
 170      7F4C3918 
 170      010D
 171 0513 FD252577 		.ascii	"\375%%w\215Ng\324\333\315\033t&\213\311\251\\\372\331"
 171      8D4E67D4 
 171      DBCD1B74 
 171      268BC9A9 
 171      5CFAD9
 172 0526 17C1D191 		.ascii	"\027\301\321\221\221\334\374\360p-\373\263:\264Iz\263"
 172      91DCFCF0 
 172      702DFBB3 
 172      3AB4497A 
 172      B3
 173 0537 768D556F 		.ascii	"v\215Uo78\264\253V\353V\255^1/j\311{\021\221\321\272"
 173      3738B4AB 
 173      56EB56AD 
 173      5E312F6A 
 173      C97B1191 
 174 054d 98E5ABA2 		.ascii	"\230\345\253\242W\306/\376\374Kv\034\236\310\251\350"
 174      57C62FFE 
 174      FC4B761C 
 174      9EC8A9E8 
 175 055d C372940A 		.ascii	"\303r\224\012p8\223\347E\351\022\315\326\304o\250v\204"
ARM GAS  C:\Users\SANDEE~1\AppData\Local\Temp\ccEYjYQq.s 			page 13


 175      703893E7 
 175      45E912CD 
 175      D6C46FA8 
 175      7684
 176 056f B7A4CD6A 		.ascii	"\267\244\315jw\022E\224\323\212\242\353\327\223\023"
 176      77124594 
 176      D38AA2EB 
 176      D79313
 177 057e 9DD96C08 		.ascii	"\235\331l\010O\342\002m\370h0\256\325\247\230\235\272"
 177      4FE2026D 
 177      F86830AE 
 177      D5A7989D 
 177      BA
 178 058f 44AB65AD 		.ascii	"D\253e\255i\235\"nq\214\336\251\227\353\327\332\315"
 178      699D226E 
 178      718CDEA9 
 178      97EBD7DA 
 178      CD
 179 05a0 6A9D2EC5 		.ascii	"j\235.\305dqb\014\347\312\304\017\023\326YR\234V\253"
 179      6471620C 
 179      E7CAC40F 
 179      13D65952 
 179      9C56AB
 180 05b3 D9A1B727 		.ascii	"\331\241\267''\274\037\034\025\0219?\354\333\250\260"
 180      27BC1F1C 
 180      1511393F 
 180      ECDBA8B0 
 181 05c3 149B41EF 		.ascii	"\024\233A\3574&\340f\230\305j1\206\031\365kL\011&K\242"
 181      3426E066 
 181      98C56A31 
 181      8619F56B 
 181      4C09264B 
 182 05d8 39C5604C 		.ascii	"9\305`LH\326'&\231,\306\204\311 \316\0156\243\003#+"
 182      48D62726 
 182      992CC684 
 182      C920CE0D 
 182      36A30323 
 183 05ed DDC231FF 		.ascii	"\335\3021\377O\330\261\301\221\240s8\015\250\202j\274"
 183      4FD8B1C1 
 183      91A07338 
 183      0DA8826A 
 183      BC
 184 05fe D560F7B1 		.ascii	"\325`\367\261\241\203}\206\325a3\032\015v\205\225D\262"
 184      A1837D86 
 184      D561331A 
 184      0D768595 
 184      44B2
 185 0610 FB245B0D 		.ascii	"\373$[\015F;)&)\362u\315\211\215\215\321.\215[\276\362"
 185      463B2926 
 185      29F275CD 
 185      898D8DD1 
 185      2E8D5BBE 
 186 0625 BB28AD4D 		.ascii	"\273(\255M\352\016\353\357:\233\311\252s\030\235)6\235"
 186      EA0EEBEF 
 186      3A9BC9AA 
 186      73189D29 
 186      369D
ARM GAS  C:\Users\SANDEE~1\AppData\Local\Temp\ccEYjYQq.s 			page 14


 187 0637 53111743 		.ascii	"S\021\027C\272\243\210\213f\267\217\331m\021\273-#7"
 187      BAA3888B 
 187      66B78FD9 
 187      6D11BB2D 
 187      2337
 188 0649 55DCA2D8 		.ascii	"U\334\242\330h\332\312\277\001\366\017b\347"
 188      68DACABF 
 188      01F60F62 
 188      E7
 189              		.text
 190              		.section	.gnu.lto_.symtab.bfe247b6,"",%progbits
 191 0000 5F5F6561 		.ascii	"__early_init\000"
 191      726C795F 
 191      696E6974 
 191      00
 192 000d 00       		.ascii	"\000"
 193 000e 00       		.ascii	"\000"
 194 000f 00       		.ascii	"\000"
 195 0010 00000000 		.ascii	"\000\000\000\000\000\000\000\000"
 195      00000000 
 196 0018 AE000000 		.ascii	"\256\000\000\000"
 197 001c 626F6172 		.ascii	"boardInit\000"
 197      64496E69 
 197      7400
 198 0026 00       		.ascii	"\000"
 199 0027 00       		.ascii	"\000"
 200 0028 00       		.ascii	"\000"
 201 0029 00000000 		.ascii	"\000\000\000\000\000\000\000\000"
 201      00000000 
 202 0031 B0000000 		.ascii	"\260\000\000\000"
 203 0035 70616C5F 		.ascii	"pal_default_config\000"
 203      64656661 
 203      756C745F 
 203      636F6E66 
 203      696700
 204 0048 00       		.ascii	"\000"
 205 0049 00       		.ascii	"\000"
 206 004a 00       		.ascii	"\000"
 207 004b 00000000 		.ascii	"\000\000\000\000\000\000\000\000"
 207      00000000 
 208 0053 EE000000 		.ascii	"\356\000\000\000"
 209 0057 73746D33 		.ascii	"stm32_clock_init\000"
 209      325F636C 
 209      6F636B5F 
 209      696E6974 
 209      00
 210 0068 00       		.ascii	"\000"
 211 0069 02       		.ascii	"\002"
 212 006a 00       		.ascii	"\000"
 213 006b 00000000 		.ascii	"\000\000\000\000\000\000\000\000"
 213      00000000 
 214 0073 B2000000 		.ascii	"\262\000\000\000"
 215              		.text
 216              		.section	.gnu.lto_.opts,"",%progbits
 217 0000 272D666D 		.ascii	"'-fmath-errno' '-fsigned-zeros' '-ftrapping-math' '"
 217      6174682D 
 217      6572726E 
ARM GAS  C:\Users\SANDEE~1\AppData\Local\Temp\ccEYjYQq.s 			page 15


 217      6F272027 
 217      2D667369 
 218 0033 2D666E6F 		.ascii	"-fno-trapv' '-fno-openmp' '-fno-openacc' '-mcpu=cor"
 218      2D747261 
 218      70762720 
 218      272D666E 
 218      6F2D6F70 
 219 0066 7465782D 		.ascii	"tex-m4' '-mfloat-abi=hard' '-mfpu=fpv4-sp-d16' '-mn"
 219      6D342720 
 219      272D6D66 
 219      6C6F6174 
 219      2D616269 
 220 0099 6F2D7468 		.ascii	"o-thumb-interwork' '-mthumb' '-ggdb' '-O2' '-fomit-"
 220      756D622D 
 220      696E7465 
 220      72776F72 
 220      6B272027 
 221 00cc 6672616D 		.ascii	"frame-pointer' '-falign-functions=16' '-ffunction-s"
 221      652D706F 
 221      696E7465 
 221      72272027 
 221      2D66616C 
 222 00ff 65637469 		.ascii	"ections' '-fdata-sections' '-fno-common' '-flto' '-"
 222      6F6E7327 
 222      20272D66 
 222      64617461 
 222      2D736563 
 223 0132 6673696E 		.ascii	"fsingle-precision-constant'\000"
 223      676C652D 
 223      70726563 
 223      6973696F 
 223      6E2D636F 
 224              		.text
 225              		.comm	__gnu_lto_v1,1,1
 226              		.comm	__gnu_lto_slim,1,1
 227              		.ident	"GCC: (GNU Tools for ARM Embedded Processors 6-2017-q2-update) 6.3.1 20170620 (release) [AR
ARM GAS  C:\Users\SANDEE~1\AppData\Local\Temp\ccEYjYQq.s 			page 16


DEFINED SYMBOLS
                            *ABS*:00000000 board.c
                            *COM*:00000001 __gnu_lto_v1
                            *COM*:00000001 __gnu_lto_slim

NO UNDEFINED SYMBOLS
