ARM GAS  C:\Users\SANDEE~1\AppData\Local\Temp\ccXSoSKu.s 			page 1


   1              		.cpu cortex-m4
   2              		.eabi_attribute 27, 1
   3              		.eabi_attribute 28, 1
   4              		.eabi_attribute 20, 1
   5              		.eabi_attribute 21, 1
   6              		.eabi_attribute 23, 3
   7              		.eabi_attribute 24, 1
   8              		.eabi_attribute 25, 1
   9              		.eabi_attribute 26, 1
  10              		.eabi_attribute 30, 2
  11              		.eabi_attribute 34, 1
  12              		.eabi_attribute 18, 4
  13              		.file	"chcore_v7m.c"
  14              		.text
  15              	.Ltext0:
  16              		.section	.gnu.lto_.profile.bfe27bfa,"",%progbits
  17 0000 789C6365 		.ascii	"x\234ce`b`a```d0W\002\000\001\020\000f"
  17      60626061 
  17      60606064 
  17      30570200 
  17      01100066 
  18              		.text
  19              		.section	.gnu.lto_.icf.bfe27bfa,"",%progbits
  20 0000 789C6365 		.ascii	"x\234ce`b\020a@\000f\206\177W\217\374\346a\376=\261"
  20      60621061 
  20      40006686 
  20      7F578FFC 
  20      E661FE3D 
  21 0015 791A1FCB 		.ascii	"y\032\037\313\201e\357\316s1\000\000j\203\011\244"
  21      8165EFCE 
  21      73310000 
  21      6A8309A4 
  22              		.text
  23              		.section	.gnu.lto_.jmpfuncs.bfe27bfa,"",%progbits
  24 0000 789C6365 		.ascii	"x\234ce`b\340e@\000f(\301\002\242\001\002|\000\037"
  24      6062E065 
  24      40006628 
  24      C102A201 
  24      027C001F 
  25              		.text
  26              		.section	.gnu.lto_.inline.bfe27bfa,"",%progbits
  27 0000 789C6365 		.ascii	"x\234ce`bpg@\000f\006\006!IF\006&\251\003\273\031\031"
  27      60627067 
  27      40006606 
  27      06214946 
  27      0626A903 
  28 0017 D816C833 		.ascii	"\330\026\3103\201\004\231\270\3012<\334@\011\241\013"
  28      810499B8 
  28      C1323CDC 
  28      4009A10B 
  29 0027 3D080916 		.ascii	"=\010\011\026\006.\220\030\317\234H\270\020#\027\210"
  29      062E9018 
  29      CF9C48B8 
  29      10231788 
  30 0037 040026A7 		.ascii	"\004\000&\247\007,"
  30      072C
  31              		.text
ARM GAS  C:\Users\SANDEE~1\AppData\Local\Temp\ccXSoSKu.s 			page 2


  32              		.section	.gnu.lto_.pureconst.bfe27bfa,"",%progbits
  33 0000 789C6365 		.ascii	"x\234ce`b\340b```f\330\305\310\274\213\221e\027#\000"
  33      6062E062 
  33      60606066 
  33      D8C5C8BC 
  33      8B916517 
  34 0016 0C46024D 		.ascii	"\014F\002M"
  35              		.text
  36              		.section	.gnu.lto__port_irq_epilogue.part.0.bfe27bfa,"",%progbits
  37 0000 789C9D55 		.ascii	"x\234\235UoL[U\024\277\347\335\327\327R\012\235\304"
  37      6F4C5B55 
  37      14BFE7DD 
  37      D7D7520A 
  37      9DC4
  38 0012 0F9AEC43 		.ascii	"\017\232\354C\371@\026\022\30231q\237\374`\226,\321"
  38      F9401612 
  38      C2333171 
  38      9FFC6096 
  38      2CD1
  39 0024 846820F1 		.ascii	"\204h \361\253\232\016\234q\203\246-J\342\007.-\005"
  39      AB9A0E9C 
  39      7183A62D 
  39      4AE2072E 
  39      2D05
  40 0036 2C8E2DFB 		.ascii	",\216-\373\303\350\244y8\262!:\376\215M)\223\301`\260"
  40      C3E8A479 
  40      38B2213A 
  40      FE8D4D29 
  40      93C160B0 
  41 004a 3137706C 		.ascii	"17plcF\246[(,c8\023\010.\272\010x\316}e\305\375\211"
  41      6346A65B 
  41      282C6338 
  41      13082EBA 
  41      0878CE7D 
  42 0062 CEA6BDEF 		.ascii	"\316\246\275\357\335s\3179\277\337\271\347wo-La\257"
  42      DD73CF39 
  42      BFDFB9E7 
  42      776F2D4C 
  42      61AF
  43 0074 58193BC6 		.ascii	"X\031;\306\030\333\212?\2602\320\366\214\341\213\006"
  43      18DB8A3F 
  43      B032D0F6 
  43      8CE18B06 
  44 0084 8A7C2A0A 		.ascii	"\212|*\012\257\331\304\204]\245\321\301\301B\326\012"
  44      AFD9C484 
  44      5DA5D1C1 
  44      C142D60A 
  45 0094 9BBAF662 		.ascii	"\233\272\366b\001\240\027a\003V\256)\\\265@9\354\346"
  45      01A01761 
  45      0356AE29 
  45      5CB54039 
  45      ECE6
  46 00a6 07390C56 		.ascii	"\0079\014V\337\216)\331-\002?\003\007\227\254U\"\364"
  46      DF8E29D9 
  46      2D023F03 
  46      0797AC55 
  46      22F4
ARM GAS  C:\Users\SANDEE~1\AppData\Local\Temp\ccXSoSKu.s 			page 3


  47 00b8 82C1198B 		.ascii	"\202\301\031\213\340\217>\320\002\331\014\335\246\273"
  47      E08F3ED0 
  47      02D90CDD 
  47      A6BB
  48 00c6 560EA469 		.ascii	"V\016\244i\252i\207/\021\2271\013\332/Wv6\362:np\000"
  48      AA69872F 
  48      1197310B 
  48      DA2F5776 
  48      36F23A6E 
  49 00dc 15A70B97 		.ascii	"\025\247\013\227\016\305\323i\252\200\013\247\267k\207"
  49      0EC5D369 
  49      AA800BA7 
  49      B76B87
  50 00eb 4F5B790E 		.ascii	"O[y\016P\206\321\277v\305\235Y\315B\004\304\300\315"
  50      5086D1BF 
  50      76C59D59 
  50      CD4204C4 
  50      C0CD
  51 00fd A37AA467 		.ascii	"\243z\244gF\210\275\002\014\316\341k\340\230\027\276"
  51      4688BD02 
  51      0CCEE16B 
  51      E09817BE 
  52 010d 828DD00A 		.ascii	"\202\215\320\012\033M\334c\220\205A\237\355Z^\222A{"
  52      1B4DDC63 
  52      9085419F 
  52      ED5A5E92 
  52      417B
  53 011f 25BBFA60 		.ascii	"%\273\372`\350\274P1\204=\346\337&\375\007\216\234\234"
  53      E8BC5031 
  53      843DE6DF 
  53      26FD078E 
  53      9C9C
  54 0131 843590AA 		.ascii	"\2045\220\252\315\223G\252\304\2363\266\247a\264?#F"
  54      CD9347AA 
  54      C49E33B6 
  54      A761B43F 
  54      2346
  55 0143 87F40F8F 		.ascii	"\207\364\017\217\316\034v\362weQ\277\255\334\010;\022"
  55      CE1C76F2 
  55      776551BF 
  55      ADDC083B 
  55      12
  56 0154 78F78D8C 		.ascii	"x\367\215\214}A!cU\350|\002\\\027duL\200\020+\253\325"
  56      7D412163 
  56      55E87C02 
  56      5C176475 
  56      4C80102B 
  57 016a 42FCF472 		.ascii	"B\374\364r\306\006\220e*\222\010\227\353\252\034-\314"
  57      C6069065 
  57      2A920897 
  57      EBAA1C2D 
  57      CC
  58 017b E0160D07 		.ascii	"\340\026\015\007\315Jo6\034\260\371a\334z\352a\230k"
  58      CD4A6F36 
  58      1CB0F961 
  58      DC7AEA61 
  58      986B
ARM GAS  C:\Users\SANDEE~1\AppData\Local\Temp\ccXSoSKu.s 			page 4


  59 018d F4E4B55C 		.ascii	"\364\344\265\\\221\317\273 \342\035\301\330\010$\333"
  59      91CFBB20 
  59      E21DC1D8 
  59      0824DB
  60 019c 44496497 		.ascii	"DId\227X\262w\225f\213\367\333Q;\307A\213pX\327W\342"
  60      58B27795 
  60      668BF7DB 
  60      513BC741 
  60      8B7058D7 
  61 01b2 C1A09B02 		.ascii	"\301\240\233\002\340\004\215\214\025\262\273P1\335\261"
  61      E0048D8C 
  61      15B2BB50 
  61      31DDB1
  62 01c1 0F134B13 		.ascii	"\017\023K\0236\374}\014\250\257\2537\324\314\217\015"
  62      36FC7D0C 
  62      A8AFAB37 
  62      D4CC8F0D 
  63 01d1 D1E032B8 		.ascii	"\321\3402\270\215R,O\207\342)\252\202\221'!S\002\216"
  63      8D522C4F 
  63      87E229AA 
  63      82912721 
  63      53028E
  64 01e4 4C77F76A 		.ascii	"Lw\367jh\201o@\215\"\016\203oAe\263\020pQ&\302\"+\362"
  64      68816F40 
  64      8D220E83 
  64      6F4165B3 
  64      10705126 
  65 01fc 6E6E1D83 		.ascii	"nn\035\203$\036:\334\252\015\317\002\321\223\204L\006"
  65      241E3ADC 
  65      AA0DCF02 
  65      D193844C 
  65      06
  66 020d F1A9B447 		.ascii	"\361\251\264G\213h\264\277\221(BY_D;\025\321#\213\210"
  66      8B68B4BF 
  66      91284259 
  66      5F443B15 
  66      D1238B88 
  67 0221 998C3FF9 		.ascii	"\231\214?\371\027\306\275\2172>E\214i\345;\223\361-"
  67      17C6BD8F 
  67      323E458C 
  67      69E53B93 
  67      F12D
  68 0233 82A76C94 		.ascii	"\202\247l\224\234V$\311\272\341\014I\222\000\331\034"
  68      9C5624C9 
  68      BAE10C49 
  68      9200D91C 
  69 0243 0416AB5B 		.ascii	"\004\026\253[9\031\242\234'|\\r\275\213b8z\004\033\253"
  69      3919A29C 
  69      277C5C72 
  69      BD8B6238 
  69      7A041BAB 
  70 0257 DAAE6C33 		.ascii	"\332\256l3]\020\200\016\336\237=-}\026\363\3444\254"
  70      5D10800E 
  70      DE9F3D2D 
  70      7D16F3E4 
  70      34AC
  71 0269 AEAE3AA1 		.ascii	"\256\256:\241\017u\362\317H\225r/\335\211\206\354d#"
ARM GAS  C:\Users\SANDEE~1\AppData\Local\Temp\ccXSoSKu.s 			page 5


  71      0F75F2CF 
  71      4895722F 
  71      DD8986EC 
  71      6423
  72 027b 79C73F6F 		.ascii	"y\307?o\324(F5c\320T+\372[l\006D\361 \245`b8MjC\373"
  72      D4284635 
  72      63D0542B 
  72      FA5B6C06 
  72      44F120A5 
  73 0296 FD89C513 		.ascii	"\375\211\305\023v\275\215\366\253\251\310\340v\350\007"
  73      76BD8DF6 
  73      ABA9C8E0 
  73      76E807
  74 02a5 031AE4A9 		.ascii	"\003\032\344\251\206\001\320\351\350\316>\030O\241d"
  74      8601D0E9 
  74      E8CE3E18 
  74      4FA164
  75 02b4 1A6A122F 		.ascii	"\032j\022/\2063\0309\007\203\275sF(\303dJ\007\274>4"
  75      86331839 
  75      0783BD73 
  75      4628C364 
  75      4A07BC3E 
  76 02c9 386E25AF 		.ascii	"8n%\257T\251\227\360\317\273\333m\346\264\363\227\240"
  76      54A997F0 
  76      CFBBDB6D 
  76      E6B4F397 
  76      A0
  77 02da 4847537F 		.ascii	"HGS\177\313\302\357\251&\003\007\014\241\340\007\023"
  77      CBC2EFA9 
  77      2603070C 
  77      A1E00713 
  78 02ea 14EE5CB8 		.ascii	"\024\356\\\270\032\007\244PY!p\347\323\340\254d\000"
  78      1A07A450 
  78      592170E7 
  78      D3E0AC64 
  78      00
  79 02fb C4601874 		.ascii	"\304`\030ts\337b\026\023\212\320\310R?\232\235\250\365"
  79      73DF6216 
  79      138AD0C8 
  79      523F9A9D 
  79      A8F5
  80 030d 3F173622 		.ascii	"?\0276\"\323*\224\366\034\350\230\312\314\334w\355y"
  80      D32A94F6 
  80      1CE898CA 
  80      CCDC77ED 
  80      79
  81 031e 33B59536 		.ascii	"3\265\2256rmc1\301\271\371\231\250\215\177\012\262\236"
  81      726D6331 
  81      C1B9F999 
  81      A88D7F0A 
  81      B29E
  82 0330 F99985A1 		.ascii	"\371\231\205\241\324\304\001\2364\034\0211P\351\242"
  82      D4C4019E 
  82      341C1131 
  82      50E9A2
  83 033f EBE2FC13 		.ascii	"\353\342\374\023\316\357(\365\304\212\242\014Lwt\337"
  83      CEEF28F5 
ARM GAS  C:\Users\SANDEE~1\AppData\Local\Temp\ccXSoSKu.s 			page 6


  83      C48AA20C 
  83      4C7774DF 
  84 034f 7C4C9493 		.ascii	"|L\224\223v\013\271$\204\311\327\337\232pA\212\362{"
  84      760BB924 
  84      84C9D7DF 
  84      9A70418A 
  84      F27B
  85 0361 BA368135 		.ascii	"\2726\2015\320I=l\034\377\303\236y\024LY\246\223w[\374"
  85      D0493D6C 
  85      1CFFC39E 
  85      79144C59 
  85      A693775B 
  86 0376 94B04959 		.ascii	"\224\260IY^L\310\362\306\241\336\375v\222\345%\222%"
  86      5E4CC8F2 
  86      C6A1DEFD 
  86      7692E525 
  86      9225
  87 0388 DE013026 		.ascii	"\336\0010&\257\331\346\256\300EGf+\254\323\364X]\340"
  87      AFD9E6AE 
  87      C0454766 
  87      2BACD3F4 
  87      585DE0
  88 039b 0B870C1E 		.ascii	"\013\207\014\036\247`\370\001\222EKZl\036\202M\375\007"
  88      A760F801 
  88      92454B5A 
  88      6C1E824D 
  88      FD07
  89 03ad 5E3437C5 		.ascii	"^47\305\206!\261\330\257S\326\362e\201\367\2433\202"
  89      8621B1D8 
  89      AF53D6F2 
  89      6581F7A3 
  89      3382
  90 03bf 7BC4E032 		.ascii	"{\304\3402\224\343]\263\201\315@\345\324\320YH\272>"
  90      94E35DB3 
  90      81CD40E5 
  90      D4D05948 
  90      BA3E
  91 03d1 5481150B 		.ascii	"T\201\025\013\230HlH-\026Y\263\211\343n?\250\216^o\202"
  91      98486C48 
  91      2D1659B3 
  91      89E36E3F 
  91      A88E5E6F 
  92 03e6 67685C31 		.ascii	"gh\\15\356\212l\234\374C\271*\025\271F\250\006=\026"
  92      35EE8A6C 
  92      9CFC43B9 
  92      2A15B946 
  92      A8063D16 
  93 03fa 31FCB908 		.ascii	"1\374\271\010\212\202\3015dEh\352C\264{\377\003m2\211"
  93      8A82C135 
  93      644568EA 
  93      43B47BFF 
  93      036D3289 
  94 040e 76FD6968 		.ascii	"v\375ih\324\244\037\023h\026y\271\336\003\305\374#\014"
  94      D4A41F13 
  94      681679B9 
  94      DE03C5FC 
  94      230C
ARM GAS  C:\Users\SANDEE~1\AppData\Local\Temp\ccXSoSKu.s 			page 7


  95 0420 A370D180 		.ascii	"\243p\321\200\263\354\334\\\335\374\226\370t\257_\367"
  95      B3ECDC5C 
  95      DDFC96F8 
  95      74AF5FF7 
  96 0430 9478FD3E 		.ascii	"\224x\375>\375\265\374\274-ye\272{\273\273\304[\370"
  96      FDB5FCBC 
  96      2D7965BA 
  96      7BBBBBC4 
  96      5BF8
  97 0442 CE479B77 		.ascii	"\316G\233w\346\272\231\346-\364\225\356\360\347\254"
  97      E6BA99E6 
  97      2DF495EE 
  97      F0E7AC
  98 0451 0F282CF3 		.ascii	"\017(,\363\353[\362\012^/\320?(v\357(\335V\250\313\000"
  98      EB5BF20A 
  98      5E2FD03F 
  98      2876EF28 
  98      DD56A8CB 
  99 0466 F7CEADA5 		.ascii	"\367\316\255\245\305\356\334\355Lu\373\313<\300\234"
  99      C5EEDCED 
  99      4C75FBCB 
  99      3CC09C
 100 0475 6FE7E517 		.ascii	"o\347\345\027\270\262^\312q\025y|n/\343\257zY\332\232"
 100      B8B25ECA 
 100      7115797C 
 100      6E2FE3AF 
 100      7A59DA9A 
 101 0489 C9E3F3D8 		.ascii	"\311\343\363\330Y\272\277\304\363f\321[\336\022w\201"
 101      59BABFC4 
 101      F366D15B 
 101      DE127781 
 102 0499 FF3DF787 		.ascii	"\377=\367\207iy\005\371\264\220\203\036v\246`\204\317"
 102      697905F9 
 102      B490831E 
 102      76A66084 
 102      CF
 103 04aa C3FE06E9 		.ascii	"\303\376\006\351\311yL"
 103      C9794C
 104              		.text
 105              		.section	.gnu.lto_SVC_Handler.bfe27bfa,"",%progbits
 106 0000 789C9594 		.ascii	"x\234\225\224\357O[U\030\307\237\347\236\333\333\322"
 106      EF4F5B55 
 106      18C79FE7 
 106      9EDBDBD2 
 107 0010 16667C67 		.ascii	"\026f|g$\246\215\341\005\011\341n\257\366\312\027f\211"
 107      24A68DE1 
 107      0509E16E 
 107      AFF6CA17 
 107      6689
 108 0022 D1178D86 		.ascii	"\321\027\215\206\376\001\006k\225EX\233\266 &&\\\012"
 108      FE01066B 
 108      9545589B 
 108      B6202626 
 108      5C0A
 109 0034 A3B12C6C 		.ascii	"\243\261,l\231\310/Gnd!\240\374\030PQ\307f\327Q\007"
 109      99C82F47 
 109      6E6421A0 
ARM GAS  C:\Users\SANDEE~1\AppData\Local\Temp\ccXSoSKu.s 			page 8


 109      FC185051 
 109      C766D751 
 110 0049 DB18A006 		.ascii	"\333\030\240\006\227E\021\265es\270h\302\022\215\211"
 110      974511B5 
 110      6573B868 
 110      C2128D89 
 111 0059 0C7C9E73 		.ascii	"\014|\236s\353d\270D\275\351=\3559\317\367\371q>\317"
 111      EB64B844 
 111      BDE93DED 
 111      39CFF7F9 
 111      713ECF
 112 006c 39B58102 		.ascii	"9\265\201\002\0156\200<\000<N/\012@\345\304\022@\263"
 112      0D36803C 
 112      003C4E2F 
 112      0A40E5C4 
 112      1240B3
 113 007f 4341E41F 		.ascii	"CA\344\037\206\003\241I\301&<.\272\005\316&n\235U\312"
 113      8603A149 
 113      C1263C2E 
 113      BA05CE26 
 113      6E9D55CA 
 114 0093 870C7A32 		.ascii	"\207\014z2\335[\217\031\303\0314\005@/\275\374\340\020"
 114      DD5B8F19 
 114      C3193405 
 114      402FBDFC 
 114      E010
 115 00a5 9603C9BE 		.ascii	"\226\003\311\276h\2358%:\204)\020U\232n.\366\345Kx\252"
 115      689D3825 
 115      3A842910 
 115      559A6E2E 
 115      F6E54B78 
 116 00ba A087A6C9 		.ascii	"\240\207\246\311+\353\003\373D\005\262\362\227\355\325"
 116      2BEB03FB 
 116      4405B2F2 
 116      97EDD5
 117 00c9 A4BBECB4 		.ascii	"\244\273\354\264a\304\215\314\\\317\023'[\214\313\206"
 117      61C48DCC 
 117      5CCF1327 
 117      5B8CCB86 
 118 00d9 6A0A811F 		.ascii	"j\012\201\037\240\240\250\370>\226\3420\226\312\350"
 118      A0A0A8F8 
 118      3E96E230 
 118      96CAE8
 119 00e8 24CF4D6E 		.ascii	"$\317Mn\277S\254\2518\202eVR\034E\015\001\024^!\373"
 119      BF53ACA9 
 119      38826556 
 119      521C450D 
 119      01145E21 
 120 00fd ADF64B69 		.ascii	"\255\366Ki\2738 Cg\006\247\257c!\364|\342\340\365\301"
 120      BB382043 
 120      6706A7AF 
 120      6321F47C 
 120      E2E0F5C1 
 121 0111 36E3C445 		.ascii	"6\343\304E\207)T\034\373gl\034\307\2623_b\306\330\336"
 121      8729541C 
 121      FB676C1C 
 121      C7B2335F 
ARM GAS  C:\Users\SANDEE~1\AppData\Local\Temp\ccXSoSKu.s 			page 9


 121      62C6D8DE 
 122 0125 49D0D64A 		.ascii	"I\320\326J\023\363k}\212S\001S\330\004\0176\340\014"
 122      13F36B7D 
 122      8A530153 
 122      D8040F36 
 122      E00C
 123 0137 9A1CEDBC 		.ascii	"\232\034\355\274\340\220.\000I\252\2029\265\013\205"
 123      E0902E00 
 123      49AA8239 
 123      B50B85
 124 0146 BFC506CE 		.ascii	"\277\305\006\316\316l\034\313\332\271\260~\241P\035"
 124      CE6C1CCB 
 124      DAB9B07E 
 124      A1501D
 125 0155 5D476797 		.ascii	"]Gg\227\355\274{M\226\225\374\366\370\270\303\232N\254"
 125      EDBC7B4D 
 125      9695FCF6 
 125      F8B8C39A 
 125      4EAC
 126 0167 B51825B4 		.ascii	"\265\030%\264tah\363W\227\211\375\315\204\325c\012;"
 126      746168F3 
 126      579789FD 
 126      CD84D563 
 126      0A3B
 127 0179 4E506567 		.ascii	"NPeg\27022\336\276\272\222G}\314h%\322\016\234D\023"
 127      B83232DE 
 127      BEBA9247 
 127      7DCC6825 
 127      D20E9C44 
 128 018e 7B246D9C 		.ascii	"{$m\234B\0356\260e\253\015\255\\\302J\267\266p\354\017"
 128      421D36B0 
 128      65AB0DAD 
 128      5CC24AB7 
 128      B670EC0F 
 129 01a2 09DB86DB 		.ascii	"\011\333\206\333;;;\3730E\201\250\252\256\"\226\375"
 129      3B3B3BFB 
 129      304581A8 
 129      AAAE2296 
 129      FD
 130 01b3 BF6C1FFE 		.ascii	"\277l\037\376\235m\032uJ\001?as.\237\377\246\370~/Z"
 130      9D6D1A75 
 130      4A013F61 
 130      732E9FFF 
 130      A6F87E2F 
 131 01c8 ADB330A1 		.ascii	"\255\2630\241=+{\321+pw\237\030\021~\204\032\005\370"
 131      3D2B7BD1 
 131      2B70779F 
 131      18117E84 
 131      1A05F8
 132 01db 9846EA54 		.ascii	"\230F\352T\220\211tt\231\2527j\032=\224\277\210\365"
 132      90897474 
 132      99AA376A 
 132      1A3D94BF 
 132      88F5
 133 01ed F77247F3 		.ascii	"\367rG\363E\252B\262O\320+\013\231\313\245f4Z\301\263"
 133      45AA42B2 
 133      4FD02B0B 
ARM GAS  C:\Users\SANDEE~1\AppData\Local\Temp\ccXSoSKu.s 			page 10


 133      99CBA566 
 133      345AC1B3 
 134 0201 A8F60B07 		.ascii	"\250\366\013\007YfP\205\233\030\377\236\323s4\016\316"
 134      59665085 
 134      9B18FF9E 
 134      D373340E 
 134      CE
 135 0212 165E6BEF 		.ascii	"\026^k\357iyT\036\005\331\223\015\214\337M\274%,,\266"
 135      6979541E 
 135      05D9930D 
 135      8CDF4DBC 
 135      252C2CB6 
 136 0226 82C623ED 		.ascii	"\202\306#\355#\354ccn\247\332\026S\245\226\204U\224"
 136      23EC6363 
 136      6EA7DA16 
 136      53A59684 
 136      5594
 137 0238 7275A073 		.ascii	"ru\240sP\265N\355m\300sD\344A7\315\012|/\345\266\334"
 137      50B54EED 
 137      6DC07344 
 137      E44137CD 
 137      0A7C2FE5 
 138 024e ECBCF497 		.ascii	"\354\274\364\227\204\374\347\357\254\367;\304\353\022"
 138      84FCE7EF 
 138      ACF73BC4 
 138      EB12
 139 025c C09DF5CD 		.ascii	"\300\235\365\315\254\253p\370~{\265\327\310\264z\370"
 139      ACAB70F8 
 139      7E7BB5D7 
 139      C8B47AF8 
 140 026c E49D7FC8 		.ascii	"\344\235\177\310\311\373\224c\333\211l<\227O}\267\227"
 140      C9FB9463 
 140      DB896C3C 
 140      974F7DB7 
 140      97
 141 027d ECDB698D 		.ascii	"\354\333i\215\025\005\270\312.\270\200i\011\366\002"
 141      1505B8CA 
 141      2EB88069 
 141      09F602
 142 028c DF008436 		.ascii	"\337\000\2046$\323\2009\365\273\323\333\211\026Z'\253"
 142      24D38039 
 142      F5BBD3DB 
 142      89165A27 
 142      AB
 143 029d C7F2E70C 		.ascii	"\307\362\347\014\207D\233)\240]\355\233\351t2\332\213"
 143      87449B29 
 143      A05DED9B 
 143      E97432DA 
 143      8B
 144 02ae 8CD64E96 		.ascii	"\214\326N\226YyMOO\306\257\271\275\335\270\253/K\035"
 144      59794D4F 
 144      4FC6AFB9 
 144      BDDDB8AB 
 144      2F4B1D
 145 02c1 F1F7DCD2 		.ascii	"\361\367\334\3229\313\316\370\231\325\003\013\012\227"
 145      39CBCEF8 
 145      99D5030B 
ARM GAS  C:\Users\SANDEE~1\AppData\Local\Temp\ccXSoSKu.s 			page 11


 145      0A97
 146 02cf 453359D3 		.ascii	"E3Y\323\217\347\023+(\336E\271\371\351\364\215\036g"
 146      8FE7132B 
 146      28DE45B9 
 146      F9E9F48D 
 146      1E67
 147 02e1 61F3CBA3 		.ascii	"a\363\313\243\236\255\033\353\206q\322@\006p\351!\000"
 147      9EAD1BEB 
 147      8671D240 
 147      0670E921 
 147      00
 148 02f2 E6E4D5BD 		.ascii	"\346\344\325\275\177MT\332\315<\331$\220l\357\034\356"
 148      7F4D54DA 
 148      CD3CD924 
 148      906CEF1C 
 148      EE
 149 0303 25B2A215 		.ascii	"%\262\242\025h\010\330cZ\030\335\337\004x\231m\352^"
 149      6808D863 
 149      5A18DDDF 
 149      0478996D 
 149      EA5E
 150 0315 DBD76F72 		.ascii	"\333\327or\"\300+l\265=\300\361\252\344\270`q\\\370"
 150      22C02B6C 
 150      B53DC0F1 
 150      AAE4B860 
 150      715CF8
 151 0328 578ED70A 		.ascii	"W\216\327\012\034\267\315\037\322.\346\270\210\252\254"
 151      1CB7CD1F 
 151      D22EE6B8 
 151      88AAAC
 152 0337 18704982 		.ascii	"\030pI\202\034Ngo\272\275\253\005o\027k\357\216O}\345"
 152      1C4E676F 
 152      BABDAB05 
 152      6F176BEF 
 152      8E4F7DE5 
 153 034b 92DECB12 		.ascii	"\222\336\313\022\344\347\005\220r\367\000?\363\031\036"
 153      E4E70590 
 153      72F7003F 
 153      F3191E
 154 035a 7992B725 		.ascii	"y\222\267%\231$\351\032\321\277\011\351\313++u\353\023"
 154      9924E91A 
 154      D1BF09E9 
 154      CB2B2B75 
 154      EB13
 155 036c 8AEA9198 		.ascii	"\212\352\221\230\036\016EbQ\375\351*\337!_\243\036\250"
 155      1E0E4562 
 155      51FDE92A 
 155      DF215FA3 
 155      1EA8
 156 037e 098422C1 		.ascii	"\011\204\"\301\027\033\016\326U\006@\015\304\032\303"
 156      171B0ED6 
 156      5506400D 
 156      C41AC3
 157 038d 5A2418AD 		.ascii	"Z$\030\255\257\215U\354\366\0126\306\364C>\377s~\375"
 157      AF8D55EC 
 157      F60A36C6 
 157      F4433EFF 
ARM GAS  C:\Users\SANDEE~1\AppData\Local\Temp\ccXSoSKu.s 			page 12


 157      737EFD
 158 03a0 F091406D 		.ascii	"\360\221@m\375\313A]z\005\352\236\251?\022\250\254\201"
 158      FDCB415D 
 158      7A05EA9E 
 158      A93F12A8 
 158      AC81
 159 03b2 625F95DF 		.ascii	"b_\225\337S\266\277\302\023\216\206\235 \236\212@I,"
 159      53B6BFC2 
 159      138E869D 
 159      209E8A40 
 159      492C
 160 03c4 147EFE95 		.ascii	"\024~\376\225\027\"\241\200?V\035x\255\330\347\257b"
 160      1722A180 
 160      3F561D78 
 160      ADD8E7AF 
 160      62
 161 03d5 6305A99C 		.ascii	"c\005\251\234\240D@D\303`k\250\256\255\017\376\327\362"
 161      A0444044 
 161      C3606BA8 
 161      AEAD0FFE 
 161      D7F2
 162 03e7 6AE0110E 		.ascii	"j\340\021\016\362Ru4\030\216\034\346@`\257\013\326\205"
 162      F2527534 
 162      188E1CE6 
 162      4060AF0B 
 162      D685
 163 03f9 226FC09F 		.ascii	"\"o\300\237M\240\371\215"
 163      4DA0F98D 
 164              		.text
 165              		.section	.gnu.lto__port_irq_epilogue.bfe27bfa,"",%progbits
 166 0000 789C8D53 		.ascii	"x\234\215S[KTQ\024^\353\354sf\246\031\015\237\304\007"
 166      5B4B5451 
 166      145EEBEC 
 166      7366A619 
 166      0D9FC407 
 167 0014 1FC60703 		.ascii	"\037\306\007\003A<\021\201\020D\204\020D\370\242? l"
 167      413C1181 
 167      10448410 
 167      44F8A23F 
 167      206C
 168 0026 1A505047 		.ascii	"\032PPG\306\013\026\301\354\3612\222R\011e\216\222\034"
 168      C60B16C1 
 168      ECF13292 
 168      5209658E 
 168      921C
 169 0038 D0CA4B79 		.ascii	"\320\312Ky-\253\321Q\247\261\250\207.T\023\211\366\242"
 169      2DABD151 
 169      A7B1A887 
 169      2E541389 
 169      F6A2
 170 004a 66612974 		.ascii	"fa)t{P0m\355=*6B\2659g\366Y\353\373\366^\267o4P\340"
 170      7B50306D 
 170      ED3D2A36 
 170      42B53967 
 170      F659EBFB 
 171 0065 3D03B80E 		.ascii	"=\003\270\016\000\207\351E\023\240\322\370\002\300k"
 171      0087E945 
ARM GAS  C:\Users\SANDEE~1\AppData\Local\Temp\ccXSoSKu.s 			page 13


 171      13A0D2F8 
 171      02C06B
 172 0074 51141649 		.ascii	"Q\024\026I\004nU\203\231\300\343\030j\302\215jt\367"
 172      046E5583 
 172      99C0E318 
 172      6AC28D6A 
 172      74F7
 173 0086 5A3444F1 		.ascii	"Z4D\361\301-\010\036\205\251\032z\360\022kf\030\256"
 173      C12D081E 
 173      85A91A7A 
 173      F0126B66 
 173      18AE
 174 0098 FB1850D2 		.ascii	"\373\030P\322:9\255P\363O\263\217\327&\031\024\240\205"
 174      3A39AD50 
 174      F34FB38F 
 174      D7261914 
 174      A085
 175 00aa 5EB1B013 		.ascii	"^\261\260\023\323\200hs\203\353M\361&5\352\307.4!\355"
 175      D3806873 
 175      83EB4DF1 
 175      2635EAC7 
 175      2E3421ED 
 176 00be FDAF31C4 		.ascii	"\375\2571\304\3277\352xh\255\003\333NX\030\030\014U"
 176      D737EA78 
 176      68AD03DB 
 176      4E581818 
 176      0C55
 177 00d0 F103504F 		.ascii	"\361\003POD\021\260\201)bg\013\250\210{^\325\014\\c"
 177      4411B081 
 177      2962670B 
 177      A8887B5E 
 177      D50C5C63 
 178 00e4 1799C114 		.ascii	"\027\231\301\024T\311\374\366\274u~\2570\031\332\311"
 178      54C9FCF6 
 178      BC757EAF 
 178      3019DAC9 
 179 00f4 FC14AC8B 		.ascii	"\374\024\254\213 KG\301\034\036\237\362[S;8\257\342"
 179      204B47C1 
 179      1C1E9FF2 
 179      5B533B38 
 179      AFE2
 180 0106 A177BE7D 		.ascii	"\241w\276}On\370x\243\327b0\025o!\2434\260\007\223\261"
 180      4F6EF878 
 180      A3D76230 
 180      156F21A3 
 180      34B00793 
 181 011b 1B93A369 		.ascii	"\033\223\243i\336\306T:S\267\310\307Tq\235\212v\354"
 181      DEC6543A 
 181      53B7C8C7 
 181      54719D8A 
 181      76EC
 182 012d 25EC3356 		.ascii	"%\3543V\315\375\270\340\237O\332.\241FVzy\305,\253h"
 182      CDFDB8E0 
 182      9F4FDA2E 
 182      A146567A 
 182      79C52CAB 
 183 0142 610831D0 		.ascii	"a\0101\320\233\233\207\010\353\023\230\022\213\205\317"
ARM GAS  C:\Users\SANDEE~1\AppData\Local\Temp\ccXSoSKu.s 			page 14


 183      9B9B8708 
 183      EB139812 
 183      8B85CF
 184 0151 8A4080FD 		.ascii	"\212@\200\375\002e;\373\202\0034\012\300A\321\030\204"
 184      02653BFB 
 184      8203340A 
 184      C041D118 
 184      84
 185 0162 F34850BB 		.ascii	"\363HP\2731\264bMiE\203\373\355\006\323\004\273w~\224"
 185      31B4624D 
 185      694583FB 
 185      ED06D304 
 185      BB777E94 
 186 0176 5B548588 		.ascii	"[T\205\210C\230\002\302\363u)2\243\220\007\357\320\250"
 186      439802C2 
 186      F3752932 
 186      A39007EF 
 186      D0A8
 187 0188 44C68077 		.ascii	"D\306\200weg\272\306'\027\342R\3326O\233\004\367{\337"
 187      6567BAC6 
 187      2717E252 
 187      DA364F9B 
 187      04F77BDF 
 188 019c D05B9B3C 		.ascii	"\320[\233<=,N\343=\352\365\002V\331e\365\000\213\030"
 188      3D2C4EE3 
 188      3DEAF502 
 188      56D965F5 
 188      008B18
 189 01af 1E596DDF 		.ascii	"\036Ym\337\230BQX\033\023\303\275Z\033~i\026\3750\313"
 189      98425158 
 189      1B13C3BD 
 189      5A1B7E69 
 189      16FD30CB 
 190 01c3 32BD81E0 		.ascii	"2\275\201\340\025-j\362\351j\276W\314\303_5k1\260\315"
 190      152D6AF2 
 190      E96ABE57 
 190      CCC35F35 
 190      6B31B0CD 
 191 01d7 4BE5511C 		.ascii	"K\345Q\034\013>\240\256\336\027y\020\270\324\364\264"
 191      0B3EA0AE 
 191      DE177910 
 191      B8D4F4B4 
 192 01e7 C7AAF7F2 		.ascii	"\307\252\367\362\032\257\300\366`\000\015\364Ka\340"
 192      1AAFC0F6 
 192      60000DF4 
 192      4B61E0
 193 01f6 08EA14B0 		.ascii	"\010\352\024\260z\315\327\255E\303\251\321\210\313\317"
 193      7ACDD7AD 
 193      45C3A9D1 
 193      88CBCF
 194 0205 16DAE504 		.ascii	"\026\332\345\004\020y\002\216\322E\037\260ff\362\340"
 194      1079028E 
 194      D2451FB0 
 194      6666F2E0 
 195 0215 268918FD 		.ascii	"&\211\030\375K\201\325\370(\0030\2709\277\006\352f$"
 195      4B81D5F8 
 195      280330B8 
ARM GAS  C:\Users\SANDEE~1\AppData\Local\Temp\ccXSoSKu.s 			page 15


 195      39BF06EA 
 195      6624
 196 0227 917D4126 		.ascii	"\221}A&\210\"v \2604c\366\374\3424qk\013S)\344\030z"
 196      88227620 
 196      B03463F6 
 196      FCE23471 
 196      6B0B5329 
 197 023e 485A36C9 		.ascii	"HZ6\311V!\230\271%\251?\205r\340\037B\031\227B\331n"
 197      562198B9 
 197      25A93F85 
 197      72E01F42 
 197      199742D9 
 198 0253 8C4A494C 		.ascii	"\214JIL\374M(\255\266M\241h\273\204\342;BB\011\011\314"
 198      FC4D28AD 
 198      B64DA168 
 198      BB84E23B 
 198      42420909 
 199 0268 148B4D9F 		.ascii	"\024\213M\237\023\201\000\037\356\026JX\012er\207P\326"
 199      1381001F 
 199      EE164A58 
 199      0A657287 
 199      50D6
 200 027a 8DD971DB 		.ascii	"\215\331q\333\226\006&\244\006\036I\015\304\016\374"
 200      960626A4 
 200      061E490D 
 200      C40EFC
 201 0289 F1F6C0C5 		.ascii	"\361\366\300\305\345\262\021\232\374s-S'\344\252'=\223"
 201      E5B2119A 
 201      FC732D53 
 201      27E4AA27 
 201      3D93
 202 029b 83ACB48C 		.ascii	"\203\254\264\214\014=\372\270Juw\231^\342r\227\225\352"
 202      0C3DFAB8 
 202      4A757799 
 202      5EE27297 
 202      95EA
 203 02ad 4773B2B3 		.ascii	"Gs\262\263\262+uG\276\303\345v\236\254\310,\312p\200"
 203      B22B7547 
 203      BEC3E576 
 203      9EACC82C 
 203      CA7080
 204 02c0 56915758 		.ascii	"V\221WX\356\374_~>\244\357d:+\313\364\254\354\334\343"
 204      EEFC5F7E 
 204      3EA4EF64 
 204      3A2BCBF4 
 204      ACECDCE3 
 205 02d4 B97A41B1 		.ascii	"\271zA\261\243\260\374\264S\227LG\321\261\362b\007\221"
 205      A3B0FCB4 
 205      53974C47 
 205      D1B1F262 
 205      0791
 206 02e6 13B27373 		.ascii	"\023\262ss\354\247\362J\235%\356\202t{\352~P\334`.r"
 206      ECA7F24A 
 206      9D25EE82 
 206      747BEA7E 
 206      50DC602E 
 207 02fb 16B9DC67 		.ascii	"\026\271\334g\3407\210\274kk"
ARM GAS  C:\Users\SANDEE~1\AppData\Local\Temp\ccXSoSKu.s 			page 16


 207      E03788BC 
 207      6B6B
 208              		.text
 209              		.section	.gnu.lto_.symbol_nodes.bfe27bfa,"",%progbits
 210 0000 789C6365 		.ascii	"x\234ce`b\250a\000\002\246\337\214\365\014\014\023\316"
 210      6062A861 
 210      0002A6DF 
 210      8CF50C0C 
 210      13CE
 211 0012 3130D433 		.ascii	"10\32430\356l9\330\340\300\300\300\370\225\261\236\021"
 211      30EE6C39 
 211      D8E0C0C0 
 211      C0F895B1 
 211      9E11
 212 0024 2CC6C0D0 		.ascii	",\306\300\320\260\000$\360\215\261\236\011Y\200\351"
 212      B00024F0 
 212      8DB19E09 
 212      5980E9
 213 0033 13633D33 		.ascii	"\023c=3T\027\303\256\006G\240\310g\306z\026\024\021"
 213      5417C3AE 
 213      0647A0C8 
 213      67C67A16 
 213      1411
 214 0045 C62F8CF5 		.ascii	"\306/\214\365\2540M c\231\031X\031\226t\277\221gfa`"
 214      AC304D20 
 214      63991958 
 214      199674BF 
 214      91676661 
 215 005a 78B4528D 		.ascii	"x\264R\215\001\000[~ \273"
 215      01005B7E 
 215      20BB
 216              		.text
 217              		.section	.gnu.lto_.refs.bfe27bfa,"",%progbits
 218 0000 789C6365 		.ascii	"x\234ce`b\340d`\000\222L\214\342LL\022\014\000\001\320"
 218      6062E064 
 218      6000924C 
 218      8CE24C4C 
 218      120C0001 
 219 0015 0049     		.ascii	"\000I"
 220              		.text
 221              		.section	.gnu.lto_.decls.bfe27bfa,"",%progbits
 222 0000 789CBD58 		.ascii	"x\234\275XkP\024Y\226\256\233\267(\250\242\000\003\331"
 222      6B501459 
 222      96AE9BB7 
 222      28A8A200 
 222      03D9
 223 0012 9D9E1822 		.ascii	"\235\236\030\"\3320\234\220\211X\025\324~\314Noo\333"
 223      DA309C90 
 223      895815D4 
 223      7ECC4E6F 
 223      6FDB
 224 0024 D8AC4EAC 		.ascii	"\330\254N\254\333\004\214\306\376p\267\202\201\352\226"
 224      DB048CC6 
 224      FE70B782 
 224      81EA96
 225 0033 1805BAAA 		.ascii	"\030\005\272\252\234\321\216\215\330DPP|\240\202\010"
 225      9CD18E8D 
ARM GAS  C:\Users\SANDEE~1\AppData\Local\Temp\ccXSoSKu.s 			page 17


 225      D8445050 
 225      7CA08208 
 226 0043 82BC44A1 		.ascii	"\202\274D\241\001\241y\372\000-K\344)\210\330\202\320"
 226      01A179FA 
 226      002D4BE4 
 226      2988D882 
 226      D0
 227 0054 08A8888A 		.ascii	"\010\250\210\212\250\010>\000\037\354\271\367f\222Y"
 227      A8083E00 
 227      1FECB9F7 
 227      669259
 228 0063 69D1DDBB 		.ascii	"i\321\335\273?\266\242Nf\236\314\357~\347\334s\317}"
 228      3FB6A24E 
 228      669ECCEF 
 228      7EE7DC73 
 228      CF7D
 229 0075 3AA938D5 		.ascii	":\2518\325\312y*U;V\251\212\220J5\015?\265J\245*VI?"
 229      CA792A55 
 229      3B56A98A 
 229      904A350D 
 229      3FB54AA5 
 230 008d 0DC84990 		.ascii	"\015\310I\220\357A\312A*A\252A\316\253\336\375\375\007"
 230      EF41CA41 
 230      2A41AA41 
 230      CEABDEFD 
 230      FD07
 231 009f 7078C27D 		.ascii	"px\302}\235\212\335\275@\032\3113\274_\010\367\265 "
 231      9D8ADDBD 
 231      401AC933 
 231      BC5F08F7 
 231      B520
 232 00b1 3520BF01 		.ascii	"5 \277\001\335\005\244\025\236\227\302\335\027\344}"
 232      DD05A415 
 232      9E97C2DD 
 232      17E47D
 233 00c0 90E5201F 		.ascii	"\220\345 \037\200\234\203\367\037\302\235\370\362\022"
 233      809C83F7 
 233      1FC29DF8 
 233      F212
 234 00ce 64213C4F 		.ascii	"d!<O\302\335\011\356\316\202?\177\200\347OA\374\021"
 234      C2DD09EE 
 234      CE823F7F 
 234      80E74F41 
 234      FC11
 235 00e0 F345F44F 		.ascii	"\363E\364O\371\373\013|\327+|\"\376\020\277\026*\354"
 235      F9FB0B7C 
 235      D72B7C22 
 235      FE10BF16 
 235      2AEC
 236 00f2 FF46F061 		.ascii	"\377F\360a\025\010\374U\213\020\253?\251\263h\353\217"
 236      1508FC55 
 236      8B10AB3F 
 236      A9B368EB 
 236      8F
 237 0103 20FF0AF2 		.ascii	" \377\012\362%z\327V\244\314\326BE\014D\336\014\220"
 237      257AD756 
 237      A4CCD642 
ARM GAS  C:\Users\SANDEE~1\AppData\Local\Temp\ccXSoSKu.s 			page 18


 237      450C44DE 
 237      0C90
 238 0115 2382BDA3 		.ascii	"#\202\275\243\210\305\232P\305\012u#\261\315\202\347"
 238      88C59A50 
 238      C50A7523 
 238      B1CD82E7 
 239 0125 1CC106A9 		.ascii	"\034\301\006\251\253hS\371K\301\250*\256>C\337\207z"
 239      AB6853F9 
 239      4BC1A82A 
 239      AE3E43DF 
 239      877A
 240 0137 11073473 		.ascii	"\021\0074s\350[\204\330\025Q\241\352\264\370C\210\276"
 240      E85B84D8 
 240      1551A1EA 
 240      B4F84388 
 240      BE
 241 0148 87B79C4A 		.ascii	"\207\267\234J\250\244\370\012\211%\004\235\023TN\240"
 241      A8A4F80A 
 241      8925049D 
 241      13544EA0 
 242 0158 A47FA130 		.ascii	"\244\177\2410\2221\262\317\314\222\370cub\017\264\230"
 242      9231B2CF 
 242      CC92F863 
 242      75620FB4 
 242      98
 243 0169 5014214E 		.ascii	"P\024!N2\200\220\274\200\214\220\271-|\237\361O%U\016"
 243      328090BC 
 243      808C90B9 
 243      2D7C9FF1 
 243      4F25550E 
 244 017d 89B51FD9 		.ascii	"\211\265\037\331=\236\251\356G7\021rUe}\206\350\273"
 244      3D9EA9EE 
 244      47371172 
 244      55657D86 
 244      E8BB
 245 018f D77BCE55 		.ascii	"\327{\316U\3511\207\310s\377d~\300\342\"\236\375\\>"
 245      E93187C8 
 245      73FF647E 
 245      C0E2229E 
 245      FD5C3E
 246 01a2 91C27669 		.ascii	"\221\302vi\372\245\325c/F\236:\304\201\3321z9\303\025"
 246      FAA5D563 
 246      2F469E3A 
 246      C481DA31 
 246      7A39C315 
 247 01b6 542F1D9A 		.ascii	"T/\035\232\003\352D\364\365\013\272\367\016\321R1\374"
 247      03EA44F4 
 247      F50BBAF7 
 247      0ED15231 
 247      FC
 248 01c7 1C0EADFB 		.ascii	"\034\016\255\373{T\204\274Q!\362\006\343\305\350=\270"
 248      7B5484BC 
 248      5121F206 
 248      E3C5E83D 
 248      B8
 249 01d8 FE59CD98 		.ascii	"\376Y\315\230\312\017^\255w\233\237\305[\007x\353\223"
 249      CA0F5EAD 
ARM GAS  C:\Users\SANDEE~1\AppData\Local\Temp\ccXSoSKu.s 			page 19


 249      779B9FC5 
 249      5B0778EB 
 249      93
 250 01e9 BA4F6F95 		.ascii	"\272Oo\225Y\371\355PLC`\250\000a\364\035ZL\\\206G\270"
 250      59F9ED50 
 250      4C4360A8 
 250      0061F41D 
 250      5A4C5C86 
 251 01ff E6A37E84 		.ascii	"\346\243~\204N\240>\250\320I4\037\212?j-+\363\300_R"
 251      4EA03EA8 
 251      D049341F 
 251      8A3F6A2D 
 251      2BF3C05F 
 252 0214 6F7FDA6C 		.ascii	"o\177\332l\251\235\331\372\023\335\327\264`v\200\007"
 252      A99DD9FA 
 252      13DDD7B4 
 252      60768007 
 253 0224 B3E93E7D 		.ascii	"\263\351>}\245\203|\274\216\202P\211d\264\204\030%\017"
 253      A5837CBC 
 253      8E825089 
 253      64B48418 
 253      250F
 254 0236 DF5363B7 		.ascii	"\337Sc\267\006\362\306\\\361>D\255\035<:~\027\013\014"
 254      06F2C65C 
 254      F13E44AD 
 254      1D3C3A7E 
 254      170B0C
 255 0249 3DFF99CA 		.ascii	"=\377\231\312\3338Z\272L*]&\226.\247\245\363/=\313\303"
 255      DB385ABA 
 255      4C2A5D26 
 255      962EA7A5 
 255      F32F3DCB 
 256 025e 389795BE 		.ascii	"8\227\225\276k=\325\205\240t\026\255\366\373\207b\370"
 256      6B3DD585 
 256      A07416AD 
 256      F6FB8762 
 256      F8
 257 026f 7CF07A1E 		.ascii	"|\360z\036\245\250\220(*\224\265\256\244T\375\243\343"
 257      A5A89028 
 257      2A94B5AE 
 257      A454FDA3 
 257      E3
 258 0280 0DAEB884 		.ascii	"\015\256\270\204Q5\015\034z\240\027\250:\336O\345\255"
 258      51350D1C 
 258      7AA017A8 
 258      3ADE4FE5 
 258      AD
 259 0291 DB783E9A 		.ascii	"\333x>\2329S%1U)\231\252)S\326\341\027\0174\330\306"
 259      39532531 
 259      552999AA 
 259      2953D6E1 
 259      170F34D8 
 260 02a6 985A2F5D 		.ascii	"\230Z/];\354\214{\251\242\276\177~\214\203\340\221\277"
 260      3BEC8C7B 
 260      A9A2BE7F 
 260      7E8C83E0 
 260      91BF
ARM GAS  C:\Users\SANDEE~1\AppData\Local\Temp\ccXSoSKu.s 			page 20


 261 02b8 D6278D77 		.ascii	"\326'\215wA5H\253J\343\343y~\016}\214\343\371m\374\350"
 261      413548AB 
 261      4AE3E379 
 261      7E0E7D8C 
 261      E3F96DFC 
 262 02cd B6C439C0 		.ascii	"\266\3049\300\265\314\033\371z\253P-\362\241\237T\350"
 262      B5CC1BF9 
 262      7AAB502D 
 262      F2A19F54 
 262      E8
 263 02de 0C143B0B 		.ascii	"\014\024;\013a?.\346\216\212|@\247\205\210\2606\250"
 263      613F2EE6 
 263      8E8A7C40 
 263      A78588B0 
 263      36A8
 264 02f0 2B683BA0 		.ascii	"+h;\240\227\267\027\201H\015v\316\256\301\016\217\266"
 264      97B71781 
 264      480D76CE 
 264      AEC10E8F 
 264      B6
 265 0301 DFE48470 		.ascii	"\337\344\204pw\325\314K\210\251\337\315g#\212B\247\244"
 265      77D5CC4B 
 265      88A9DFCD 
 265      67238A42 
 265      A7A4
 266 0313 6A9E1263 		.ascii	"j\236\022c~\236V\357fcA!\206\304\\\250C\244ox\300\253"
 266      7E9E56EF 
 266      66634121 
 266      86C45CA8 
 266      43A46F78 
 267 0329 9291D393 		.ascii	"\222\221\323\223n\354\025\341\355\3307v\314\031\307"
 267      6EEC15E1 
 267      EDD83776 
 267      CC19C7
 268 0338 B07CBF1A 		.ascii	"\260|\277\032[\232\216YZ\253A}\332\232v\307\235\245"
 268      5B9A8E59 
 268      5AAB417D 
 268      DA9A76C7 
 268      9DA5
 269 034a F5BC14CC 		.ascii	"\365\274\024\314\2456w\331\324\310GG+e}\331\364i\352"
 269      A53677D9 
 269      D4C84747 
 269      2B657DD9 
 269      F469EA
 270 035d 1869B27A 		.ascii	"\030i\262z\244C6\311\203\205:\270\306\223\340$\306\360"
 270      A44336C9 
 270      83853AB8 
 270      C693E024 
 270      C6F0
 271 036f DA552A54 		.ascii	"\332U*T\0075\272\0105B\227 <`\225\340\320\005xi\205"
 271      0735BA08 
 271      35429720 
 271      3C6095E0 
 271      D0057869 
 272 0384 9760A5E0 		.ascii	"\227`\245\340\330\376\034\015\356\243\036p\365\347~"
 272      D8FE1C0D 
 272      EEA31E70 
ARM GAS  C:\Users\SANDEE~1\AppData\Local\Temp\ccXSoSKu.s 			page 21


 272      F5E77E
 273 0393 BCA1463A 		.ascii	"\274\241F:\037\207\004M\016\010\2303\323\275\363\353"
 273      1F87044D 
 273      0E089833 
 273      D3BDF3EB 
 274 03a3 A1DB70A8 		.ascii	"\241\333p\250\021\234i\220\234\001\337\310\015\336\202"
 274      119C6990 
 274      9C01DFC8 
 274      0DDE82
 275 03b2 A16D67BB 		.ascii	"\241mg\273\367\013\235v\200\030NL\333\221\255\307E\230"
 275      F70B9D76 
 275      80184E4C 
 275      DB91ADC7 
 275      4598
 276 03c4 563DB3F7 		.ascii	"V=\263\367i\2613\256\244\012w\341zv\201\033\322\373"
 276      69B133AE 
 276      A40A77E1 
 276      7A76811B 
 276      D2FB
 277 03d6 EC9AF182 		.ascii	"\354\232\361\202\364\245\031?\332\300\217\265z\301\206"
 277      F4A5193F 
 277      DAC08FB5 
 277      7AC186
 278 03e5 108D27CB 		.ascii	"\020\215'\313\323\317\221h\264\"=\272,9\260V\317\232"
 278      D3CF9168 
 278      B4223DBA 
 278      2C39B056 
 278      CF9A
 279 03f7 AFA8A06E 		.ascii	"\257\250\240n\312\003\0172[\325\267\222\317k\231#7\210"
 279      CA030F32 
 279      5BD5B792 
 279      CF6B9923 
 279      3788
 280 0409 9E71FEF2 		.ascii	"\236q\376\362\021\027<\314>>\313\277\360\320\035?f\312"
 280      11173CCC 
 280      3E3ECBBF 
 280      F0D01D3F 
 280      66CA
 281 041b B5A1EC58 		.ascii	"\265\241\354X=C\266\023=\265\3216\242\305c\354\343\323"
 281      3D43B613 
 281      3DB5D136 
 281      A2C563EC 
 281      E3D3
 282 042d 877B1F72 		.ascii	"\207{\037r\370\005S\022.U\326\013M\327H\364>[g\206\032"
 282      F8055312 
 282      2E55D60B 
 282      4DD748F4 
 282      3E5B6786 
 283 0442 4FB18F59 		.ascii	"O\261\217YuqO<\360[\301\372\343\302j7\206\264\322\314"
 283      75714F3C 
 283      F05BC1FA 
 283      E3C26A37 
 283      86B4D2CC 
 284 0456 6AAF39E3 		.ascii	"j\2579\343\206\267\251\351\307\272\203S\261Z\274\235"
 284      86B7A9E9 
 284      C7BA8353 
 284      B15ABC9D 
ARM GAS  C:\Users\SANDEE~1\AppData\Local\Temp\ccXSoSKu.s 			page 22


 285 0466 29F943E9 		.ascii	")\371C\351{\005\353\037\203\332\375x\370\255\007\216"
 285      7B05EB1F 
 285      83DAFD78 
 285      F8AD078E 
 286 0476 67DFD2E2 		.ascii	"g\337\322\342FF0N`\312\331\352\232z'\006\364\005\365"
 286      4646304E 
 286      60CAD9EA 
 286      9A7A2706 
 286      F405F5
 287 0489 4E77DF80 		.ascii	"Nw\337\200;\336\313\276\335\340'ztx?S\216\214\337| "
 287      3BDECBBE 
 287      DDE0277A 
 287      74783F53 
 287      8E8CDF7C 
 288 049e D4DC07D4 		.ascii	"\324\334\007\324\363}\035\343N8\211};\226\227\324\243"
 288      F37D1DE3 
 288      4E38897D 
 288      3B9697D4 
 288      A3
 289 04af C1294C11 		.ascii	"\301)L\021S\317\223\246\036:\335u\242V\215\323\330\267"
 289      53CF93A6 
 289      1E3ADD75 
 289      A2568DD3 
 289      D8B7
 290 04c1 177B7A9E 		.ascii	"\027{z\236\353p\006S\036\307\336\035pe\300\367@\215"
 290      EB700653 
 290      1EC7DE1D 
 290      7065C0F7 
 290      408D
 291 04d3 AECCDDA7 		.ascii	"\256\314\335\247\307Y\354\333\241\224\357nhq\036S\304"
 291      C759ECDB 
 291      A194EF6E 
 291      68711E53 
 291      C4
 292 04e4 31DA938D 		.ascii	"1\332\223\215\321\017\323{z\3648\237}+ox\332\240\305"
 292      D10FD37B 
 292      7AF4389F 
 292      7D2B6F78 
 292      DAA0C5
 293 04f7 2542CDCE 		.ascii	"%B\315\316>k\026*\343Bj\335^\232\340\216\313\331\267"
 293      3E6B162A 
 293      E3426ADD 
 293      5E9AE08E 
 293      CBD9B7
 294 050a 1DB91727 		.ascii	"\035\271\027'\335p\225\020\236\341\376\327\030\237f"
 294      DD709510 
 294      9EE1FED7 
 294      189F66
 295 0519 CAABD397 		.ascii	"\312\253\323\227x\027\\\303\224\023\015\335\015\036"
 295      78175CC3 
 295      94130DDD 
 295      0D1E
 296 0527 F83C537A 		.ascii	"\370<Szs\222\362\324\214\357>\321\307'\037\355\346X"
 296      7392F2D4 
 296      8CEF3ED1 
 296      C7271FED 
 296      E658
ARM GAS  C:\Users\SANDEE~1\AppData\Local\Temp\ccXSoSKu.s 			page 23


 297 0539 AFB26A52 		.ascii	"\257\262jR\260wKm\3261=Z\240\374\371\314\235y\314!i"
 297      B0774B6D 
 297      D6313D5A 
 297      A0FCF9CC 
 297      9D79CC21 
 298 054e 08C3F4C7 		.ascii	"\010\303\364\307\347:\006y\376\200\236&Y\007$Y<7W\312"
 298      E73A0679 
 298      FE809E26 
 298      59072459 
 298      3C3757CA 
 299 0562 CA763A6A 		.ascii	"\312v:j\370\301E\305\012\214}\002\203a,\246\350\007"
 299      F8C145C5 
 299      0A8C7D02 
 299      83612CA6 
 299      E807
 300 0574 4AF47D8A 		.ascii	"J\364}\212\256C\022\374\266\014>\242\204?|\007n\373"
 300      AE4312FC 
 300      B60C3EA2 
 300      843F7C07 
 300      6EFB
 301 0586 67097E45 		.ascii	"g\011~E\011oV\3722\374\251\204\376A\211\276\366\016"
 301      096F56FA 
 301      32FCA984 
 301      FE4189BE 
 301      F60E
 302 0598 79B3CC97 		.ascii	"y\263\314\227Q%\374\261\222\334&#\377Q\211\356~\007"
 302      5125FCB1 
 302      92DC2623 
 302      FF5189EE 
 302      7E07
 303 05aa FD4F12FA 		.ascii	"\375O\022\372\236\022}W\211\236\372\203\204\036S\242"
 303      9E127D57 
 303      899EFA83 
 303      841E53A2 
 304 05ba 9728232E 		.ascii	"\227(#.\243\356S\202{\225\324\3152\267{\034\273m\027"
 304      A3EE5382 
 304      7B95D4CD 
 304      32B77B1C 
 304      BB6D17
 305 05cd 1359C05B 		.ascii	"\023Y\300[\034\007\334\2569e\276\334R\302\373\225\276"
 305      1C07DCAE 
 305      3965BEDC 
 305      52C2FB95 
 305      BE
 306 05de 74C802FE 		.ascii	"t\310\002\376\304q\300\355\310e\256_w\334\234\362\306"
 306      C471C0ED 
 306      C865AE5F 
 306      77DC9CF2 
 306      C6
 307 05ef 97910F3B 		.ascii	"\227\221\017;ND\271+2\356\033Jt\247\204f\003\357\213"
 307      4E44B92B 
 307      32EE1B4A 
 307      74A78466 
 307      03EF8B
 308 0602 B373A279 		.ascii	"\263s\242y\036\021\224J\030t\311o?\371\230\310\363\237"
 308      1E11944A 
 308      1874C96F 
ARM GAS  C:\Users\SANDEE~1\AppData\Local\Temp\ccXSoSKu.s 			page 24


 308      3FF998C8 
 308      F39F
 309 0614 A955E839 		.ascii	"\251U\3509\024~F\012\217\013l\000Cq\234\017z\213\026"
 309      147E460A 
 309      8F0B6C00 
 309      43719C0F 
 309      7A8B16
 310 0627 A0446E01 		.ascii	"\240Dn\001z\005\367\030\270\357\003\231\200\347\355"
 310      7A05F718 
 310      B8EF0399 
 310      80E7ED
 311 0636 707F09F7 		.ascii	"p\177\011\3677 \011\360\274\037d7\3106\220\275 \323"
 311      372009F0 
 311      BC1F6437 
 311      C83690BD 
 311      20D3
 312 0648 F07E17DC 		.ascii	"\360~\027\334_\303\235\207\373\016\220= \261 S\360\356"
 312      5FC39D87 
 312      FB0E903D 
 312      20B12053 
 312      F0EE
 313 065a 05C84E78 		.ascii	"\005\310Nx\236\204{4\267\200:\304\352\366\366\234\347"
 313      9E847B34 
 313      B7803AC4 
 313      EAF6F69C 
 313      E7
 314 066b 8118BED1 		.ascii	"\201\030\276\321\227V\356\252\343\036,\217\363\224\254"
 314      9756EEAA 
 314      E31E2C8F 
 314      F394AC
 315 067a 116F3A4E 		.ascii	"\021o:N(\273\024\221\301\207\034\247\266\034\336#\203"
 315      28BB1491 
 315      C1871CA7 
 315      B61CDE23 
 315      83
 316 068b DF51C26F 		.ascii	"\337Q\302o\277\013\2275L\227\343\206\221\303\207e\354"
 316      BF0B9735 
 316      4C97E386 
 316      91C38765 
 316      EC
 317 069c 038E13D0 		.ascii	"\003\216\023\320\216]\226$\217\034\017?\362N,C?u\330"
 317      8E5D9624 
 317      8F1C0F3F 
 317      F24E2C43 
 317      3F75D8
 318 06af 2DE5DC1D 		.ascii	"-\345\334\0352W\006\035W\224r\223\331q\2275\336U/\233"
 318      3257061D 
 318      57947293 
 318      D9719735 
 318      DE552F9B 
 319 06c3 F8E55815 		.ascii	"\370\345X\025:\300\351\351\362\012\356\004\3744c\007"
 319      3AC0E9E9 
 319      F20AEE04 
 319      FC346307 
 320 06d3 D6C5D35C 		.ascii	"\326\305\323\\\243`\030\343%\354A\016\026\037\340\014"
 320      A36018E3 
 320      25EC410E 
ARM GAS  C:\Users\SANDEE~1\AppData\Local\Temp\ccXSoSKu.s 			page 25


 320      161FE00C 
 321 06e3 5DCF01DA 		.ascii	"]\317\001\3326VzB\230N\261l\346\362b3\327\365\211\332"
 321      36567A42 
 321      984EB16C 
 321      E6F26233 
 321      D7F589DA 
 322 06f7 293D6EA1 		.ascii	")=n\241s\206z w\354\241\006\371\300\332S\007\"[E\246"
 322      73867A20 
 322      77ECA106 
 322      F9C0DA53 
 322      07225B45 
 323 070c 723A7488 		.ascii	"r:t\210\233YE\322\365\350\350\177\223\327l\3155\232"
 323      9B5945D2 
 323      F5E8E87F 
 323      93D76CCD 
 323      359A
 324 071e C3E3F766 		.ascii	"\303\343\367f\026\244)\220\344\251\324\2134\316\033"
 324      16A42990 
 324      E4A9D48B 
 324      34CE1B
 325 072d 1DE6BC55 		.ascii	"\035\346\274Ud!K\336\220\345\317D\361\016\215g\242\320"
 325      64214BDE 
 325      90E5CF44 
 325      F10E8D67 
 325      A2D0
 326 073f 51E621CA 		.ascii	"Q\346!\312\235\014\270$\216x\177\204\363\024\353@\025"
 326      9D0CB824 
 326      8E787F84 
 326      F314EB40 
 326      15
 327 0750 B2FAD861 		.ascii	"\262\372\330a\213\323\340v6\255e\275\335\237\343J\352"
 327      8BD3E076 
 327      36AD65BD 
 327      DD9FE34A 
 327      EA
 328 0761 1E03758F 		.ascii	"\036\003u\217\377\331u\032\231\201\237&\235\324\343"
 328      FFD9751A 
 328      99819F26 
 328      9DD4E3
 329 0770 4E563CBE 		.ascii	"NV<\276h\357E,\026\377\371e\036\331\352\354\216\316"
 329      68EF452C 
 329      16FFF965 
 329      1ED9EAEC 
 329      8ECE
 330 0782 73C33759 		.ascii	"s\3037Y\361\316\256\364\235\032|\207)\267n\336\333\345"
 330      F1CEAEF4 
 330      9D1A7C87 
 330      29B76EDE 
 330      DBE5
 331 0794 8E1F3065 		.ascii	"\216\0370eW\325\265>\365\254m\222+\266\311\022\3129"
 331      57D5B53E 
 331      F5AC6D92 
 331      2BB6C912 
 331      CA39
 332 07a6 78A5B4DC 		.ascii	"x\245\264\334C\210A\014?OM\327\217\022\372\030\215\001"
 332      4388410C 
 332      3F4F4DD7 
ARM GAS  C:\Users\SANDEE~1\AppData\Local\Temp\ccXSoSKu.s 			page 26


 332      8F12FA18 
 332      8D01
 333 07b8 2D43D0A5 		.ascii	"-C\320\2455\261\217\204\365\260\025\221\205H\2155F\203"
 333      35B18F84 
 333      F5B01591 
 333      85488D35 
 333      4683
 334 07ca C7A95D17 		.ascii	"\307\251]\027\333\231"
 334      DB99
 335 07d0 3D179DE9 		.ascii	"=\027\235\3514>\327\207L\331\2611\274\265%\023\267t"
 335      343ED787 
 335      4CD9B131 
 335      BCB52513 
 335      B774
 336 07e2 B1293B13 		.ascii	"\261);\023\202{\224\303\250p\366\2015\011J\334\256q"
 336      827B94C3 
 336      A870F681 
 336      35094ADC 
 336      AE71
 337 07f4 62A99A01 		.ascii	"b\251\232\001\370t%\336\256\033\020\003\035\"\234\320"
 337      F87425DE 
 337      AE1B1003 
 337      1D229CD0 
 338 0804 6739A6F7 		.ascii	"g9\246\367\223\330\207\345\354\307\035\2633o\344\343"
 338      93D887E5 
 338      ECC71DB3 
 338      336FE4E3 
 339 0814 671EE404 		.ascii	"g\036\344\004\033\245\013\205\301\263\010\362\352$\014"
 339      1BA50B85 
 339      C1B308F2 
 339      EA240C
 340 0823 70C52005 		.ascii	"p\305 \005 '@\362A\276\023\006;qh\006k\260[*\264\037"
 340      202740F2 
 340      41BE1306 
 340      3B716806 
 340      6BB05B2A 
 341 0839 9A99E76D 		.ascii	"\232\231\347m5N\005e<\277SC]\317V\372b\337\205\201\314"
 341      354E0565 
 341      3CBF5343 
 341      5DCF56FA 
 341      62DF8581 
 342 084e 26BA0E6D 		.ascii	"&\272\016m\202r\034\302\305.|\375\331\251l5\316u\242"
 342      82721CC2 
 342      C52E7CFD 
 342      D9A96C35 
 342      CE75A2
 343 0861 4BF9BAE2 		.ascii	"K\371\272\342\352\012\204\346\3728\252\020\372\036\352"
 343      EA0A84E6 
 343      FA38AA10 
 343      FA1EEA
 344 0870 F1BFAC53 		.ascii	"\361\277\254S\215S\014\231nJ\241T\0117\263\314'U\244"
 344      8D530C99 
 344      6E4AA154 
 344      0937B3CC 
 344      2755A4
 345 0883 B64727E3 		.ascii	"\266G'\343\023<\344\303G\251\335\360Q&\014\037et\370"
 345      133CE4C3 
ARM GAS  C:\Users\SANDEE~1\AppData\Local\Temp\ccXSoSKu.s 			page 27


 345      47A9DDF0 
 345      51260C1F 
 345      6574F8
 346 0896 F8E9542D 		.ascii	"\370\351T-\027S\325\227\246\352\356GW\017\353\225\335"
 346      1753D597 
 346      A6EAEE47 
 346      570FEB95 
 346      DD
 347 08a7 55DA2D56 		.ascii	"U\332-V\320T-g\335\265\202v\327\201\211}\323v\276\220"
 347      D0542D67 
 347      DDB58276 
 347      D781897D 
 347      D376BE90 
 348 08bb BDA2C45F 		.ascii	"\275\242\304_)\370RI}\351\237\350\352\323\3339n\007"
 348      29F85249 
 348      7DE99FE8 
 348      EAD3DB39 
 348      6E07
 349 08cd AE12C055 		.ascii	"\256\022\300U\024\034\373\274\363\250\033.\242\021F"
 349      141CFBBC 
 349      F3A81B2E 
 349      A21146
 350 08dc DF151F2D 		.ascii	"\337\025\037-u\307\247\230\222`\273\230\256Qs\260\021"
 350      75C7A798 
 350      9260BB98 
 350      AE5173B0 
 350      11
 351 08ed A58314BC 		.ascii	"\245\203\024\2749u\342\336I7\371.\227t1\311\3573\234"
 351      3975E2DE 
 351      4937F92E 
 351      977431C9 
 351      EF339C
 352 0900 7C977BFD 		.ascii	"|\227{\375\336\310Q\215p\032\362\362\024>S\376\254%"
 352      DEC8518D 
 352      701AF2F2 
 352      143E53FE 
 352      AC25
 353 0912 9AF78AFD 		.ascii	"\232\367\212\375\035\201\241j1\336\3504\247&\232\375"
 353      1D81A16A 
 353      31DEE834 
 353      A7269AFD 
 354 0922 86FE2C47 		.ascii	"\206\376,Gv\274\235\275\035\207\265x|6o\236\324\327"
 354      76BC9DBD 
 354      1D87B578 
 354      7C366F9E 
 354      D4D7
 355 0934 8EB80B06 		.ascii	"\216\270\013\006:6\261\303\202l\035\245\257\231\241"
 355      3A36B1C3 
 355      826C1DA5 
 355      AF99A1
 356 0943 AF05FA1A 		.ascii	"\257\005\372\032%\3759J?r\274k\016~3\033\273m\262\177"
 356      25FD394A 
 356      3F72BC6B 
 356      0E7E331B 
 356      BB6DB27F 
 357 0957 8E9A631B 		.ascii	"\216\232c\033NR'\262\241*-|\343>\353\241\214\215\326"
 357      4E5227B2 
ARM GAS  C:\Users\SANDEE~1\AppData\Local\Temp\ccXSoSKu.s 			page 28


 357      A12A2D7C 
 357      E33EEBA1 
 357      8C8DD6
 358 096a FE022754 		.ascii	"\376\002'T\377@\325\225\235Z\301\273\266'\236)\364T"
 358      FF40D595 
 358      9D5AC1BB 
 358      B6279E29 
 358      F454
 359 097c 24F11822 		.ascii	"$\361\030\"8t~\306?+\370w^\351\337E\352\337\340\253"
 359      38747EC6 
 359      3F2BF877 
 359      5EE9DF45 
 359      EADFE0AB 
 360 0990 E233C2BE 		.ascii	"\3423\302\276\011\366\026\350eIV\233\333\254\031vI\314"
 360      09F616E8 
 360      6549569B 
 360      DBAC1976 
 360      49CC
 361 09a2 B03A8EA6 		.ascii	"\260:\216\246\330\263]\333_\012{Hg\331\366\317\213m"
 361      D8B35DDB 
 361      5F0A7B48 
 361      67D9F6CF 
 361      8B6D
 362 09b4 FF7E6C2F 		.ascii	"\377~l/\252wS&`\003t\245z:_4\322\004\274\304\022\260"
 362      AA775326 
 362      600374A5 
 362      7A3A5F34 
 362      D204BCC4 
 363 09ca 912660D3 		.ascii	"\221&`\323`\261\315\035\307i\330n\251)\256\304C<\350"
 363      60B1CD1D 
 363      C769D86E 
 363      A929AEC4 
 363      433CE8
 364 09dd 4AF799BE 		.ascii	"J\367\231\276\001\343\"\244[,R\323Tk\222:S\223\262j"
 364      01E322A4 
 364      5B2C52D3 
 364      546B923A 
 364      5393B26A 
 365 09f1 CDB46A03 		.ascii	"\315\264j\003\231\367\016\272\341t\306\366\352\334\265"
 365      99F70EBA 
 365      E174C6F6 
 365      EADCB5
 366 0a00 835860B3 		.ascii	"\203X`\263\375\227\320\216\354\320\247EbjQ2]\246L]C"
 366      FD97D08E 
 366      ECD0A745 
 366      626A5132 
 366      5DA64C5D 
 367 0a15 B6309CAF 		.ascii	"\2660\234\257\231\245\021'\033\312\217i\245\034l\376"
 367      99A51127 
 367      1BCA8F69 
 367      A51C6CFE 
 368 0a25 7E50C841 		.ascii	"~P\310A\322\010\2553\215\320\006\215\320\252\344\277"
 368      D208AD33 
 368      8DD0068D 
 368      D0AAE4BF 
 369 0a35 42F98B5A 		.ascii	"B\371\213Z\033z\2058\306\223yb\372Aw\256\260\353\035"
 369      1B7A8538 
ARM GAS  C:\Users\SANDEE~1\AppData\Local\Temp\ccXSoSKu.s 			page 29


 369      C6937962 
 369      FA4177AE 
 369      B0EB1D
 370 0a48 A59BDBD7 		.ascii	"\245\233\333\327\031\325\202\356\005\352\233\376\304"
 370      19D582EE 
 370      05EA9BFE 
 370      C4
 371 0a55 446716E7 		.ascii	"Dg\026\347,\002\177\235P\233\252\231\265\321~\020\033"
 371      2C027F9D 
 371      509BAA99 
 371      B5D17E10 
 371      1B
 372 0a66 ED229B16 		.ascii	"\355\"\233\026'c\253\007\220\324,l\012\273\006\315\322"
 372      2763AB07 
 372      90D42C6C 
 372      0ABB06CD 
 372      D2
 373 0a77 419BE53A 		.ascii	"A\233\345:m\226\037\304)\254\262\243\353\205\026W\261"
 373      6D961FC4 
 373      29ACB2A3 
 373      EB851657 
 373      B1
 374 0a88 BAEFBCDE 		.ascii	"\272\357\274\336[fW\224L\013\263\026\255\032j\252\327"
 374      5B665794 
 374      4C0BB316 
 374      AD1A6AAA 
 374      D7
 375 0a99 313779E2 		.ascii	"17y\342\346\331\372\216&\204\3172\252\370\324\261v\217"
 375      E6D9FA8E 
 375      2684CF32 
 375      AAF8D4B1 
 375      768F
 376 0aab 597DEE11 		.ascii	"Y}\356\021}Nb\211\326=q\251\307I\351\363\0150\314\246"
 376      7D4E6289 
 376      D63D71A9 
 376      C749E9F3 
 376      0D30CCA6 
 377 0abf A01FA9E1 		.ascii	"\240\037\251\341\036\321p_y\352\220\263\322\315Y\321"
 377      1ED1705F 
 377      79EA90B3 
 377      D2CD59D1 
 378 0acf 436FCB9B 		.ascii	"Co\313\233\235\261\225\271u\360\300D\263\013\256\323"
 378      9DB195B9 
 378      75F0C044 
 378      B30BAED3 
 379 0adf D81D7C78 		.ascii	"\330\035|x\011\007\037\343\205\243y\032\334\310>&\327"
 379      09071FE3 
 379      85A3791A 
 379      DCC83E26 
 379      D7
 380 0af0 2657BA2B 		.ascii	"&W\272+]\352\007#l\022\275%\033^\001}\362\371\370\031"
 380      5DEA0723 
 380      6C12BD25 
 380      1B5E017D 
 380      F2F9F819 
 381 0b04 9DD2A559 		.ascii	"\235\322\245Y\321\207'\263\207\335\360ef\350\321\343"
 381      D18727B3 
ARM GAS  C:\Users\SANDEE~1\AppData\Local\Temp\ccXSoSKu.s 			page 30


 381      87DDF065 
 381      66E8D1E3 
 382 0b14 D725EEF8 		.ascii	"\327%\356\370*S\012\213.\264\271\342N\246\274N\314,"
 382      2A530A8B 
 382      2EB4B9E2 
 382      4EA6BC4E 
 382      CC2C
 383 0b26 D7E25EA6 		.ascii	"\327\342^\246\330r\217\036\320\342[L\231N\214Ou\306"
 383      D8728F1E 
 383      D0E25B4C 
 383      994E8C4F 
 383      75C6
 384 0b38 434C496A 		.ascii	"CLIjK\312u\305\017\205~p?\251\033\261T\322\313\216\270"
 384      4BCA75C5 
 384      0F857E70 
 384      3FA91BB1 
 384      54D2CB8E 
 385 0b4d BC8423AE 		.ascii	"\274\204#\256\223/\366\246\270\342\247\014\333\325\035"
 385      932FF6A6 
 385      B8E2A70C 
 385      DBD51D
 386 0b5c 7B5AC0BA 		.ascii	"{Z\300\272\222\365_K\377\277\317\332b\217\305\026{\304"
 386      92F55F4B 
 386      FFBFCFDA 
 386      628FC516 
 386      7BC4
 387 0b6e 5AAC64FB 		.ascii	"Z\254d\373`\201\013\224\365\326\301\356Gv\212\350\315"
 387      60810B94 
 387      F5D6C1EE 
 387      47768AE8 
 387      CD
 388 0b7f 4E112BAC 		.ascii	"N\021+\254\343\305j\374\234\332\341\252*\006\323t\262"
 388      E3C56AFC 
 388      9CDAE1AA 
 388      2A06D374 
 388      B2
 389 0b90 73C2C5DB 		.ascii	"s\302\305\333\343\310\321\3348\204\350\251\3247\275"
 389      E3C8D1DC 
 389      3884E8A9 
 389      D437BD
 390 0b9f 67CE09ED 		.ascii	"g\316\011\355\327\254c0\017{\013\253\277Q\210\350\023"
 390      D7AC6330 
 390      0F7B0BAB 
 390      BF5188E8 
 390      13
 391 0bb0 E6404166 		.ascii	"\346@Af~\235\033\236f\026R\223/T\270\317X\230\356\235"
 391      7E9D1B9E 
 391      66165293 
 391      2F54B8CF 
 391      5898EE9D 
 392 0bc4 5F4E0FFF 		.ascii	"_N\017\377^\200\205g\222\205qn\026\023\317\035\233h"
 392      5E808567 
 392      9285716E 
 392      1613CF1D 
 392      9B68
 393 0bd6 6EBCBC47 		.ascii	"n\274\274G-\037\340\010\337C\370>L\273\303K\332\250"
 393      2D1FE008 
ARM GAS  C:\Users\SANDEE~1\AppData\Local\Temp\ccXSoSKu.s 			page 31


 393      DF43F83E 
 393      4CBBC34B 
 393      DAA8
 394 0be8 8FC546CD 		.ascii	"\217\305F\315*J\035qf\013\330_\304\236\233\0323\345"
 394      2A4A1D71 
 394      660BD85F 
 394      C49E9B1A 
 394      33E5
 395 0bfa 24679FF8 		.ascii	"$g\237\370)\366\332\216\336\317p\2343\015\356\363\266"
 395      29F6DA8E 
 395      DECF709C 
 395      330DEEF3 
 395      B6
 396 0c0b 5ED8C027 		.ascii	"^\330\300'0%\266\245\351\2043\336\307\224\221\202\326"
 396      3025B6A5 
 396      E98433DE 
 396      C7949182 
 396      D6
 397 0c1c 460D4E66 		.ascii	"F\015Nf\312\340\320\324)\214\323\230r|$g\217\026g\012"
 397      CAE0D0D4 
 397      298CD398 
 397      727C2467 
 397      8F16670A 
 398 0c30 65061FB7 		.ascii	"e\006\037\267\011G_\273I\343\275\032\255\372A\314\022"
 398      09475FBB 
 398      49E3BD1A 
 398      ADFA41CC 
 398      12
 399 0c41 72C435FC 		.ascii	"r\3045\374\374\356\264\013\316\243\340_\215T\354\317"
 399      FCEEB40B 
 399      CEA3E05F 
 399      8D54ECCF 
 400 0c51 938EA3E6 		.ascii	"\223\216\243\346\312\016\244\350ITl4o\275\222\211\017"
 400      CA0EA4E8 
 400      49546C34 
 400      6FBD9289 
 400      0F
 401 0c62 9734F3FC 		.ascii	"\2274\363\374\200\025\241IX\216\215@\314\023\360\334"
 401      8015A149 
 401      588E8D40 
 401      CC13F0DC 
 402 0c72 99DAD8EF 		.ascii	"\231\332\330\357\351\311j\257g\213\264L}+\240\035\257"
 402      E9C96AAF 
 402      678BB44C 
 402      7D2BA01D 
 402      AF
 403 0c83 F59280BF 		.ascii	"\365\222\200\277\347\333h\212\356\005\356n\001-\366"
 403      E7DB688A 
 403      EE05EE6E 
 403      012DF6
 404 0c92 77FBD305 		.ascii	"w\373\323\005\302\335\274U\342~\240\344\266\337\364"
 404      C2DDBC55 
 404      E27EA0E4 
 404      B6DFF4
 405 0ca1 12F86D19 		.ascii	"\022\370m\031|H\011\267;\027!+\346\346o\245\005s\237"
 405      7C4809B7 
 405      3B17212B 
ARM GAS  C:\Users\SANDEE~1\AppData\Local\Temp\ccXSoSKu.s 			page 32


 405      E6E66FA5 
 405      05739F
 406 0cb4 12DDA974 		.ascii	"\022\335\251t\245C\306}_\211\276\255D\337\226\005\345"
 406      A543C67D 
 406      5F89BEAD 
 406      44DF9605 
 406      E5
 407 0cc5 8D122D5B 		.ascii	"\215\022-[\273\313\227\256\321\330\033\361\230|\"h\262"
 407      BBCB97AE 
 407      D1D81BF1 
 407      987C2268 
 407      B2
 408 0cd6 6E3D847D 		.ascii	"n=\204}\320n\274\000\305\202\354\0029\010\262\027$\031"
 408      D06EBC00 
 408      C582EC02 
 408      3908B217 
 408      2419
 409 0ce8 24066407 		.ascii	"$\006d\007\310N\220\003 q I {@RAR@\342A\016\203l\007"
 409      C84E9003 
 409      20712049 
 409      207B4052 
 409      415240E2 
 410 0d01 4904D90F 		.ascii	"I\004\331\017\262\017\213\207\026$\006\035[\244\030"
 410      B20F8B87 
 410      1624061D 
 410      5BA418
 411 0d10 4C3B6C3C 		.ascii	"L;l<Y\245\306d!\030T\202{\225!\030\223\205\340\225\022"
 411      59A5C664 
 411      21185482 
 411      7B952118 
 411      9385E095 
 412 0d25 FDCE6E67 		.ascii	"\375\316ng\354[\011\275\015+\320\355\234\274\351 \201"
 412      EC5B09BD 
 412      0D2BD0ED 
 412      9CBCE920 
 412      81
 413 0d36 6E0B59D4 		.ascii	"n\013Y\324\005Y\324)p\213\223\233\342\200\022\006\221"
 413      0559D429 
 413      708B939B 
 413      E2801206 
 413      91
 414 0d47 61017D5D 		.ascii	"a\001}]\330^\330\241\257r\312,\352\221U\363\236\343"
 414      D85ED8A1 
 414      AF72CA2C 
 414      EA9155F3 
 414      9EE3
 415 0d59 9696C387 		.ascii	"\226\226\303\207e\365|\355\270\251\355\3402\366\273"
 415      65F57CED 
 415      B8A9EDE0 
 415      32F6BB
 416 0d68 8E73540E 		.ascii	"\216sT\016\237\222\261O9\216\"\203\263\361\262~\302"
 416      9F92B14F 
 416      398E2283 
 416      B3F1B27E 
 416      C2
 417 0d79 931E9901 		.ascii	"\223\036\231\001\314~_F\242V?\345y\200''T\267!\020\003"
 417      CC7E5F46 
ARM GAS  C:\Users\SANDEE~1\AppData\Local\Temp\ccXSoSKu.s 			page 33


 417      A2563FE5 
 417      79802727 
 417      54B72110 
 418 0d8e 029938B3 		.ascii	"\002\2318\263\331\037\246\322\334\220\365\217\233\216"
 418      D91FA6D2 
 418      DC90F58F 
 418      9B8E
 419 0d9c FB879DA7 		.ascii	"\373\207\235\247\262\212\335q\234\035\014\016\243R["
 419      B28ADD71 
 419      9C1D0C0E 
 419      A3525B
 420 0dab 7F729B1A 		.ascii	"\177r\233\032\027\322Q\211\253\356*OvWl\343\304\276"
 420      17D25189 
 420      ABEE2A4F 
 420      76576CE3 
 420      C4BE
 421 0dbd 80D2A10B 		.ascii	"\200\322\241\013\374\177t\007\026\276\267S\032\236w"
 421      FC7F7407 
 421      16BEB753 
 421      1A9E77
 422 0dcc 4147C060 		.ascii	"AG\300`\032\236\231lH0\251\333\207.\367\3068\3137RG"
 422      1A9E996C 
 422      4830A9DB 
 422      872EF7C6 
 422      38CB3752 
 423 0de1 B07C0798 		.ascii	"\260|\007\230\201\331F\012\356\216v]\305v\273\256\243"
 423      81D9460A 
 423      EE8E765D 
 423      C576BBAE 
 423      A3
 424 0df2 02F82805 		.ascii	"\002\370(\005_|\321Y\354\214+\330\230\236\033\237q\321"
 424      5F7CD159 
 424      EC8C2BD8 
 424      989E1B9F 
 424      71D1
 425 0e04 796639FD 		.ascii	"yf9\375\311\033\305r:S\362\014\036\355\027\251Y\230"
 425      C91BC572 
 425      3A53F20C 
 425      1EED17A9 
 425      5998
 426 0e16 2C528FBF 		.ascii	",R\217\277\234Hp\307\015\214\255,\345Q\227\2708\267"
 426      9C4870C7 
 426      0D8CAD2C 
 426      E55197B8 
 426      38B7
 427 0e28 6DB55B4E 		.ascii	"m\265[NgKL\331J\246\034<_\365kCT\244\311b\0107}c0F\205"
 427      674B4CD9 
 427      4AA61C3C 
 427      5FF56B43 
 427      54A4C962 
 428 0e43 6F8CFC7A 		.ascii	"o\214\374z\263qqT\210\311\262\330\327\345_\376m\355"
 428      B3717154 
 428      88C9B2D8 
 428      D7E55FFE 
 428      6DED
 429 0e55 3C7F3F3F 		.ascii	"<\177??\325\357\026/^\302\376\221\346%&\313\022R\300"
 429      D5EF162F 
ARM GAS  C:\Users\SANDEE~1\AppData\Local\Temp\ccXSoSKu.s 			page 34


 429      5EC2FE91 
 429      E62526CB 
 429      1252C0
 430 0e68 BC6445D0 		.ascii	"\274dE\320\032\3775[\226\204n\010\2154\031\015\177\375"
 430      1AFF355B 
 430      96846E08 
 430      8D34190D 
 430      7FFD
 431 0e7a 68D3E250 		.ascii	"h\323\342P\325\33712\363\337\302-\241\033\014_\231\""
 431      D5DF3132 
 431      F3DFC22D 
 431      A11B0C5F 
 431      9922
 432 0e8c 3719C2CD 		.ascii	"7\031\302\315\246_Z~\203j.+o\334\022n\231)\355\032\274"
 432      A65F5A7E 
 432      836A2E2B 
 432      6FDC126E 
 432      9929ED1A 
 433 0ea1 CEDFB02A 		.ascii	"\316\337\260*$\"l\243\321\344\371\256\263\277\016\335"
 433      24226CA3 
 433      D1E4F9AE 
 433      B3BF0EDD 
 434 0eb1 101CBA61 		.ascii	"\020\034\272a\2659\320d4n\212\262\204GF\004\031\277"
 434      B539D064 
 434      346E8AB2 
 434      84474604 
 434      19BF
 435 0ec3 D91C6E32 		.ascii	"\331\034n2\2069\031>\217\214\3348Oa<<\"t\343\3460#\330"
 435      8639193E 
 435      8F8CDC38 
 435      4F613C3C 
 435      2274E3E6 
 436 0eda 35876E08 		.ascii	"5\207n\010\003\233:\203asx\204e\331R\203\345\313\320"
 436      039B3A83 
 436      61737884 
 436      65D95283 
 436      E5CBD0
 437 0eed 7F5CFF75 		.ascii	"\177\\\377u\304f\013\0243\207\2306\255\377p\336R_\277"
 437      C4660B14 
 437      33879836 
 437      ADFF70DE 
 437      525FBF
 438 0f00 8F167DB3 		.ascii	"\217\026}\263t\321\346\250\260\020\213q=\274\\\024\021"
 438      74D1E6A8 
 438      B0108B71 
 438      3DBC5C14 
 438      11
 439 0f11 19615C64 		.ascii	"\031a\\d\014\371s\370z\201j\375\246\220\320\015\341"
 439      0CF973F8 
 439      7A816AFD 
 439      A690D00D 
 439      E1
 440 0f22 11C6F586 		.ascii	"\021\306\365\2060\343W!\2337Z\014\226\255QF3P\273\210"
 440      30E35721 
 440      9B375A0C 
 440      96AD5146 
 440      3350BB88 
ARM GAS  C:\Users\SANDEE~1\AppData\Local\Temp\ccXSoSKu.s 			page 35


 441 0f36 C42BFF6F 		.ascii	"\304+\377o\304\346\255\346\365\006\263%\014X\010\233"
 441      C4E6ADE6 
 441      F506B325 
 441      0C58089B 
 442 0f46 C968369A 		.ascii	"\311h6\232\376j\014\203\207\257\241\200\301\362\333"
 442      FE6A0C83 
 442      87AFA180 
 442      C1F2DB
 443 0f55 9F0F2C94 		.ascii	"\237\017,\224s\372*\312\034j\302f\277\017@\226\203,"
 443      73FA2ACA 
 443      1C6AC266 
 443      BF0F4096 
 443      832C
 444 0f67 03590AE2 		.ascii	"\003Y\012\342\007\342\313\231\177\317\231?\346\314\037"
 444      07E2CB99 
 444      7FCF993F 
 444      E6CC1F
 445 0f76 71E60F39 		.ascii	"q\346\0179\363\007\234y9g^\306\231\227rf?\316\354\253"
 445      F3079C79 
 445      39675EC6 
 445      99977266 
 445      3FCEECAB 
 446 0f8a DE126536 		.ascii	"\336\022e6qQ\241\232\215&\203eC\0306\371-\345L\3138"
 446      7151A19A 
 446      8D268365 
 446      431836F9 
 446      2DE54CCB 
 447 0f9f 13       		.ascii	"\023"
 448 0fa0 5CFD3893 		.ascii	"\\\3758\223\257\253\320\\\226P\313\026u\350\206\020"
 448      AFABD05C 
 448      9650CB16 
 448      75E88610 
 449 0fb0 93D39A75 		.ascii	"\223\323\232u\001A\276\232\200\300\225\301\376AN\001"
 449      0141BE9A 
 449      80C095C1 
 449      FE414E01 
 450 0fc0 81FE2BE8 		.ascii	"\201\376+\350\325?H\033\364E\360\027A\353\276X\351K"
 450      D53F481B 
 450      F445F017 
 450      41EBBE58 
 450      E94B
 451 0fd2 217E7639 		.ascii	"!~v9\001\004K\374\327\004\257\016\226Z\207\344D\350"
 451      01044BFC 
 451      D704AF0E 
 451      965A87E4 
 451      44E8
 452 0fe4 A6E5A4DA 		.ascii	"\246\345\244\332\001\201k\015\177\202\210\272\032\014"
 452      01816B0D 
 452      7F8288BA 
 452      1A0C
 453 0ff2 5F1B2D86 		.ascii	"_\033-\206\200@\240v\013\331\370\267\220\255"
 453      8040A076 
 453      0BD9F8B7 
 453      90AD
 454 1000 664378C4 		.ascii	"fCx\304F\210\374?\374\"\262\200\315\021\241\300\247"
 454      4688FC3F 
 454      FC22B280 
ARM GAS  C:\Users\SANDEE~1\AppData\Local\Temp\ccXSoSKu.s 			page 36


 454      CD11A1C0 
 454      A7
 455 1011 653481C1 		.ascii	"e4\201\301\201\360dfO^\264\036\233#6F\206\376EJ<\331"
 455      81F06466 
 455      4F5EB41E 
 455      9B233646 
 455      86FE454A 
 456 1027 4B3706FD 		.ascii	"K7\006\375|E\360\027\201A\253\325\253\203W\004\251\327"
 456      7C45F017 
 456      8141ABD5 
 456      AB835704 
 456      A9D7
 457 1039 AC0908C2 		.ascii	"\254\011\010\302+V\006\341\225p\017\014\010R\257\010"
 457      2B5606E1 
 457      95700F0C 
 457      0852AF08 
 458 1049 080E527F 		.ascii	"\010\016R\177\036\000U\206O\000XI\364U\344\342\017\027"
 458      1E005586 
 458      4F005849 
 458      F455E4E2 
 458      0F17
 459 105b A7E055FE 		.ascii	"\247\340U\376\301A8x\025\261K\022\343c\203\305Y\270"
 459      C1413878 
 459      15B14B12 
 459      E36383C5 
 459      59B8
 460 106d 63881026 		.ascii	"c\210\020&\021[\261:\310?H\275\356O_\006\251W\003\332"
 460      115BB13A 
 460      C83F48BD 
 460      EE4F5F06 
 460      A95703DA 
 461 1081 C93F70ED 		.ascii	"\311?p\355\352\225p]\341\037\344\022\354\3779\215\203"
 461      EA95705D 
 461      E11FE412 
 461      ECFF398D 
 461      83
 462 1092 27F5CBCE 		.ascii	"'\365\313\316U\355\314\253\377\001A\253_\231"
 462      55EDCCAB 
 462      FF0141AB 
 462      5F99
 463              		.text
 464              		.section	.gnu.lto_.symtab.bfe27bfa,"",%progbits
 465 0000 5356435F 		.ascii	"SVC_Handler\000"
 465      48616E64 
 465      6C657200 
 466 000c 00       		.ascii	"\000"
 467 000d 00       		.ascii	"\000"
 468 000e 00       		.ascii	"\000"
 469 000f 00000000 		.ascii	"\000\000\000\000\000\000\000\000"
 469      00000000 
 470 0017 B5000000 		.ascii	"\265\000\000\000"
 471 001b 5F706F72 		.ascii	"_port_irq_epilogue\000"
 471      745F6972 
 471      715F6570 
 471      696C6F67 
 471      756500
 472 002e 00       		.ascii	"\000"
ARM GAS  C:\Users\SANDEE~1\AppData\Local\Temp\ccXSoSKu.s 			page 37


 473 002f 00       		.ascii	"\000"
 474 0030 00       		.ascii	"\000"
 475 0031 00000000 		.ascii	"\000\000\000\000\000\000\000\000"
 475      00000000 
 476 0039 B7000000 		.ascii	"\267\000\000\000"
 477 003d 5F706F72 		.ascii	"_port_switch_from_isr\000"
 477      745F7377 
 477      69746368 
 477      5F66726F 
 477      6D5F6973 
 478 0053 00       		.ascii	"\000"
 479 0054 02       		.ascii	"\002"
 480 0055 00       		.ascii	"\000"
 481 0056 00000000 		.ascii	"\000\000\000\000\000\000\000\000"
 481      00000000 
 482 005e B1000000 		.ascii	"\261\000\000\000"
 483 0062 5F706F72 		.ascii	"_port_exit_from_isr\000"
 483      745F6578 
 483      69745F66 
 483      726F6D5F 
 483      69737200 
 484 0076 00       		.ascii	"\000"
 485 0077 02       		.ascii	"\002"
 486 0078 00       		.ascii	"\000"
 487 0079 00000000 		.ascii	"\000\000\000\000\000\000\000\000"
 487      00000000 
 488 0081 B3000000 		.ascii	"\263\000\000\000"
 489 0085 63685363 		.ascii	"chSchIsPreemptionRequired\000"
 489      68497350 
 489      7265656D 
 489      7074696F 
 489      6E526571 
 490 009f 00       		.ascii	"\000"
 491 00a0 02       		.ascii	"\002"
 492 00a1 00       		.ascii	"\000"
 493 00a2 00000000 		.ascii	"\000\000\000\000\000\000\000\000"
 493      00000000 
 494 00aa BF000000 		.ascii	"\277\000\000\000"
 495              		.text
 496              		.section	.gnu.lto_.opts,"",%progbits
 497 0000 272D666D 		.ascii	"'-fmath-errno' '-fsigned-zeros' '-ftrapping-math' '"
 497      6174682D 
 497      6572726E 
 497      6F272027 
 497      2D667369 
 498 0033 2D666E6F 		.ascii	"-fno-trapv' '-fno-openmp' '-fno-openacc' '-mcpu=cor"
 498      2D747261 
 498      70762720 
 498      272D666E 
 498      6F2D6F70 
 499 0066 7465782D 		.ascii	"tex-m4' '-mfloat-abi=hard' '-mfpu=fpv4-sp-d16' '-mn"
 499      6D342720 
 499      272D6D66 
 499      6C6F6174 
 499      2D616269 
 500 0099 6F2D7468 		.ascii	"o-thumb-interwork' '-mthumb' '-ggdb' '-O2' '-fomit-"
 500      756D622D 
ARM GAS  C:\Users\SANDEE~1\AppData\Local\Temp\ccXSoSKu.s 			page 38


 500      696E7465 
 500      72776F72 
 500      6B272027 
 501 00cc 6672616D 		.ascii	"frame-pointer' '-falign-functions=16' '-ffunction-s"
 501      652D706F 
 501      696E7465 
 501      72272027 
 501      2D66616C 
 502 00ff 65637469 		.ascii	"ections' '-fdata-sections' '-fno-common' '-flto' '-"
 502      6F6E7327 
 502      20272D66 
 502      64617461 
 502      2D736563 
 503 0132 6673696E 		.ascii	"fsingle-precision-constant'\000"
 503      676C652D 
 503      70726563 
 503      6973696F 
 503      6E2D636F 
 504              		.text
 505              		.comm	__gnu_lto_v1,1,1
 506              		.comm	__gnu_lto_slim,1,1
 507              		.ident	"GCC: (GNU Tools for ARM Embedded Processors 6-2017-q2-update) 6.3.1 20170620 (release) [AR
ARM GAS  C:\Users\SANDEE~1\AppData\Local\Temp\ccXSoSKu.s 			page 39


DEFINED SYMBOLS
                            *ABS*:00000000 chcore_v7m.c
                            *COM*:00000001 __gnu_lto_v1
                            *COM*:00000001 __gnu_lto_slim

NO UNDEFINED SYMBOLS
