ARM GAS  C:\Users\SANDEE~1\AppData\Local\Temp\ccVrtO7n.s 			page 1


   1              		.cpu cortex-m4
   2              		.eabi_attribute 27, 1
   3              		.eabi_attribute 28, 1
   4              		.eabi_attribute 20, 1
   5              		.eabi_attribute 21, 1
   6              		.eabi_attribute 23, 3
   7              		.eabi_attribute 24, 1
   8              		.eabi_attribute 25, 1
   9              		.eabi_attribute 26, 1
  10              		.eabi_attribute 30, 2
  11              		.eabi_attribute 34, 1
  12              		.eabi_attribute 18, 4
  13              		.file	"chmempools.c"
  14              		.text
  15              	.Ltext0:
  16              		.section	.gnu.lto_.profile.bfe27878,"",%progbits
  17 0000 789C6365 		.ascii	"x\234ce`b`a```d\010\267\004\000\001g\000\235"
  17      60626061 
  17      60606064 
  17      08B70400 
  17      0167009D 
  18              		.text
  19              		.section	.gnu.lto_.icf.bfe27878,"",%progbits
  20 0000 789C6365 		.ascii	"x\234ce`bPe@\0006\206\326c\177\267\3611~\351yu\233\217"
  20      60625065 
  20      40003686 
  20      D6637FB7 
  20      F1317EE9 
  21 0018 E9D39A9E 		.ascii	"\351\323\232\236\007\254\314G\346\236X\315\317\362\340"
  21      07ACCC47 
  21      E69E58CD 
  21      CFF2E0
  22 0027 D9294BD6 		.ascii	"\331)K\326\2653g\275\340a\000\000a\220\0220"
  22      B53367BD 
  22      E0610000 
  22      61901230 
  23              		.text
  24              		.section	.gnu.lto_.jmpfuncs.bfe27878,"",%progbits
  25 0000 789C6365 		.ascii	"x\234ce`b\260b@\0006\006fFFF\366\372\372zF\030\203\011"
  25      6062B062 
  25      40003606 
  25      66464646 
  25      F6FAFA7A 
  26 0018 48D73381 		.ascii	"H\3273\201$\245\016\200e\301\234z\001\026\240\004s}"
  26      24A50E80 
  26      65C19C7A 
  26      0116A004 
  26      737D
  27 002a 3D2B8462 		.ascii	"=+\204b\000\000\354J\007\346"
  27      0000EC4A 
  27      07E6
  28              		.text
  29              		.section	.gnu.lto_.inline.bfe27878,"",%progbits
  30 0000 789C3D50 		.ascii	"x\234=P1\216\3020\020\234Y;8D \010H\320 ]::DE\235\027"
  30      318EC230 
  30      109C593B 
  30      38442008 
ARM GAS  C:\Users\SANDEE~1\AppData\Local\Temp\ccVrtO7n.s 			page 2


  30      48D0205D 
  31 001a F0084AF8 		.ascii	"\360\010J\370\004\015\022\005\002*\240Aw\335\211\202"
  31      040D1205 
  31      022AA041 
  31      77DD8982 
  32 002a 1651F381 		.ascii	"\026Q\363\201\2732\0255\327\335\023X'\001\313\332\235"
  32      BB321535 
  32      D7DD1358 
  32      2701CBDA 
  32      9D
  33 003b DD197BBC 		.ascii	"\335\031{\274\016 \350\020\357U\321\035\020b\256]T\263"
  33      0E20E810 
  33      EF55D11D 
  33      1062AE5D 
  33      54B3
  34 004d 91F81E51 		.ascii	"\221\370\036Q\377\003)\211\352$\336\334#T\217+\021X"
  34      FF032989 
  34      EA24DEDC 
  34      23548F2B 
  34      1158
  35 005f E5047144 		.ascii	"\345\004qD\207d\306A\317\000\311\264\314\263\275\341"
  35      8764C641 
  35      CF00C9B4 
  35      CCB3BDE1 
  36 006f 6E71FB71 		.ascii	"nq\373qk\363i\364\006~\263gR\317\227\200\3602\215\005"
  36      6BF369F4 
  36      067EB367 
  36      52CF9780 
  36      F0328D05 
  37 0083 4E226FFE 		.ascii	"N\"o\376\365!\340\303\245\202`\331O\301\214s\206Z\\"
  37      F521E0C3 
  37      A58260D9 
  37      4FC18C73 
  37      865A5C
  38 0096 43CDE089 		.ascii	"C\315\340\211sij]\002\230s\313\202\233\212\315\237\031"
  38      73696A5D 
  38      029873CB 
  38      829B8ACD 
  38      9F19
  39 00a8 C4D01EB7 		.ascii	"\304\320\036\267c\203vMGh]&\210\016\303\027\347\031"
  39      6383764D 
  39      47685D26 
  39      880EC317 
  39      E719
  40 00ba EB876361 		.ascii	"\353\207can\345\267\201\360\177\220;\332\"\346R\204"
  40      6EE5B781 
  40      F07F903B 
  40      DA22E652 
  40      84
  41 00cb 4E4FBB6C 		.ascii	"NO\273l\364\376\000<\001p\246$u"
  41      F4FE003C 
  41      0170A624 
  41      75
  42              		.text
  43              		.section	.gnu.lto_.pureconst.bfe27878,"",%progbits
  44 0000 789C6365 		.ascii	"x\234ce`b\020````c\220b\334\305\310$\305\274\213\221"
  44      60621060 
ARM GAS  C:\Users\SANDEE~1\AppData\Local\Temp\ccVrtO7n.s 			page 3


  44      60606063 
  44      9062DCC5 
  44      C824C5BC 
  45 0016 458A7517 		.ascii	"E\212u\027#\000\024\312\002\254"
  45      230014CA 
  45      02AC
  46              		.text
  47              		.section	.gnu.lto_chPoolObjectInit.bfe27878,"",%progbits
  48 0000 789C9592 		.ascii	"x\234\225\222\313kSA\024\306\3177\347\276\320\266K\251"
  48      CB6B5341 
  48      14C6CF37 
  48      E7BED0B6 
  48      4BA9
  49 0012 5821A018 		.ascii	"X!\240\030\212\220\273\360O\212\001\003\015\011\211"
  49      8A90BBF0 
  49      4F8A0103 
  49      0D0989
  50 0021 B870D349 		.ascii	"\270p\323I\260\246T|Amm1N\261\224\266\326\364\341\243"
  50      B0A6547C 
  50      416D6D31 
  50      4EB194B6 
  50      D6F4E1A3 
  51 0035 D685102A 		.ascii	"\326\205\020*T\360\211\202\033\335\250\251\322\024\\"
  51      54F08982 
  51      1BDDA8A9 
  51      D2145C
  52 0044 140AEE6A 		.ascii	"\024\012\356j\317LS\220\356:\3140s\346\236\337w\316"
  52      CF4C5390 
  52      EE3ACC30 
  52      73E69EDF 
  52      77CE
  53 0056 7C5C9F14 		.ascii	"|\\\237\024e\025\3219\":!\013LP\267>\020\225#\005\330"
  53      6515D139 
  53      223A210B 
  53      4C50B73E 
  53      10952305 
  54 006b 838E40FD 		.ascii	"\203\216@\375\012\375\270\311\243\214\325\352\357\027"
  54      0AFDB8C9 
  54      A38CD5EA 
  54      EF17
  55 0079 AA775ACB 		.ascii	"\252wZ\313h\214.\007W\365@\267a\2421Yv`\032\275\222"
  55      688C2E07 
  55      57F540B7 
  55      61A23159 
  55      76601ABD 
  56 008e F5E9CAE2 		.ascii	"\365\351\312\342=\276\301\206\001O\302\255\367\343\315"
  56      3DBEC186 
  56      014FC2AD 
  56      F7E3CD
  57 009d 2E1B2A24 		.ascii	".\033*$$\334XY\033\214\370\024H\316?\276o\235LNi]\321"
  57      24DC5859 
  57      1B8CF814 
  57      48CE3FBE 
  57      6F9D4C4E 
  58 00b4 8DED61D6 		.ascii	"\215\355a\326\247\0153\036\202E\017\263\350\301\014"
  58      A70D331E 
  58      82450FB3 
ARM GAS  C:\Users\SANDEE~1\AppData\Local\Temp\ccVrtO7n.s 			page 4


  58      E8C10C
  59 00c3 7A48AE08 		.ascii	"zH\256\010sHJ\366\203\362\227\267\235|\306\221\325\372"
  59      73484AF6 
  59      83F297B7 
  59      9D7CC691 
  59      D5FA
  60 00d5 CB56571B 		.ascii	"\313VW\033}7\342P\017\217\016\242\036\241\356\320o\367"
  60      7D37E250 
  60      0F8F0EA2 
  60      1EA1EED0 
  60      6FF7
  61 00e7 D75A1D7C 		.ascii	"\327Z\035|\326\241\233\303\267\177\371mt\275{L7<\303"
  61      D6A19BC3 
  61      B77FF96D 
  61      74BD7B4C 
  61      373CC3
  62 00fa 3EE60FB2 		.ascii	">\346\017\262>a\001I\013\374\\\332\271\323\031x\223"
  62      3E610149 
  62      0BFC5CDA 
  62      B9D31978 
  62      93
  63 010b FB2FC522 		.ascii	"\373/\305\"\002\310\276\360\031\015\275\363\257*\315"
  63      02C8BEF0 
  63      190DBDF3 
  63      AF2ACD
  64 011a 1FFFBA19 		.ascii	"\037\377\272\031Y\313\244Q\017\266f\000G\323\220\000"
  64      59CBA451 
  64      0FB66600 
  64      47D39000 
  65 012a D6C76BAC 		.ascii	"\326\307k\254\354\316-T\2667L3\264\032\"=2\260\3721"
  65      ECCE2D54 
  65      B6374C33 
  65      B41A223D 
  65      32B0FA31 
  66 013e B4DEB06B 		.ascii	"\264\336\260k\355\357\3537\203\035\006\265\262\030<"
  66      EDEFEB37 
  66      831D06B5 
  66      B2183C
  67 014d 71CC7050 		.ascii	"q\314pP\023\323\226\244\035\373qj\2752\037\306uk~\302"
  67      13D396A4 
  67      1DFB716A 
  67      BD321FC6 
  67      756B7EC2 
  68 0161 7088C730 		.ascii	"p\210\3070\270\353\234\307\023\304\377\213\205 <\025"
  68      B8EB9CC7 
  68      13C4FF8B 
  68      85203C15 
  69 0171 4A8A8DB7 		.ascii	"J\212\215\267f^\035m\027;\204\272\207gN\335>\023\313"
  69      665E1D6D 
  69      173B84BA 
  69      87674EDD 
  69      3E13CB
  70 0184 886B62A5 		.ascii	"\210kb\245S\233m\0369\274\232\217\347NMY\265\025\253"
  70      539B6D1E 
  70      39BC9A8F 
  70      E74E4D59 
  70      B515AB
ARM GAS  C:\Users\SANDEE~1\AppData\Local\Temp\ccVrtO7n.s 			page 5


  71 0197 16D01F54 		.ascii	"\026\320\037T&\346\256\303\212\271\177gHj\211A\222\222"
  71      26E6AEC3 
  71      8AB97F67 
  71      486A8941 
  71      9292
  72 01a9 48A5E2BD 		.ascii	"H\245\342\275\231/\305\305\213q\251\230\216\323\027"
  72      992FC5C5 
  72      8B71A998 
  72      8ED317
  73 01b8 72995C21 		.ascii	"r\231\\!\237\357+\245\322\244r\005\257\224\275\234\211"
  73      9FEF2BA5 
  73      D2A47205 
  73      AF94BD9C 
  73      89
  74 01c9 0AC5FCA5 		.ascii	"\012\305\374\245\354\371Lq\027\312\003\324#"
  74      ECF94C71 
  74      17CA03D4 
  74      23
  75              		.text
  76              		.section	.gnu.lto_chPoolLoadArray.bfe27878,"",%progbits
  77 0000 789C8556 		.ascii	"x\234\205VmlSU\030>\357=\367\366\336ue\220\370\207\030"
  77      6D6C5355 
  77      183EEF3D 
  77      F7F6DE75 
  77      6590F887 
  78 0015 D4121983 		.ascii	"\324\022\031\203eY\011\177\364\247\206D\343\217\305"
  78      6559097F 
  78      F4A78644 
  78      E38FC5
  79 0024 84F9CF44 		.ascii	"\204\371\317D\003\265\011\230\2156\335 `L\270\224\262"
  79      03B50998 
  79      8D36DD20 
  79      604CB894 
  79      B2
  80 0035 4F830BB0 		.ascii	"O\203\013\260O\332\264\262,\240\270\0156\221n\203Y6"
  80      4FDAB4B2 
  80      2CA0B80D 
  80      36916E83 
  80      5936
  81 0047 6563C090 		.ascii	"ec\300\220/\031Lq\354K\207`@\303\224\004\230\357{n;"
  81      2F194C71 
  81      EC4B8760 
  81      40C39404 
  81      98EF7B6E 
  82 005c DADB82CD 		.ascii	"\332\333\202\315\226\236{\316\363\274\237\317{O\025"
  82      969E7BCE 
  82      F3BC9FCF 
  82      7B4F15
  83 006b 26B1A31A 		.ascii	"&\261\243\032c\367\030c\357\342?X\030H5\303\214\355"
  83      63F71863 
  83      EFE23F58 
  83      184835C3 
  83      8CED
  84 007d D024908D 		.ascii	"\320$\220\215\0057\026\2474Y\342\237\0150\246[\025\277"
  84      053716A7 
  84      3459E29F 
  84      0D30A65B 
ARM GAS  C:\Users\SANDEE~1\AppData\Local\Temp\ccVrtO7n.s 			page 6


  84      15BF
  85 008f CA749B02 		.ascii	"\312t\233\002@\373\272\006l\273\304e\005\266K2\203\250"
  85      40FBBA06 
  85      6CBBC465 
  85      05B64B32 
  85      83A8
  86 00a1 0C73F859 		.ascii	"\014s\370Y\310\350\3639\257\347\320W>\335%\255<\250"
  86      C8E8F339 
  86      AFE7D057 
  86      3EDD25AD 
  86      3CA8
  87 00b3 E3275ABF 		.ascii	"\343'Z\277G-\323w-\016q\306\032\271\20008\010+\021u"
  87      472DD377 
  87      2D0E71C6 
  87      1AB98030 
  87      38082B11 
  88 00c8 D17F24C0 		.ascii	"\321\177$\300w\363\020\007\220\361\361\376\371\246\211"
  88      77F31007 
  88      90F1F1FE 
  88      F9A689
  89 00d7 2C7A94C0 		.ascii	",z\224\300\216\217\277GNWh\374U`\270\2765v\377\245\234"
  89      8E8FBF47 
  89      4E5768FC 
  89      5560B8BE 
  89      3576FFA5 
  90 00ec 165DF7E9 		.ascii	"\026]\367\351\321;\373\270\276,\3049|\005\034\355\301"
  90      D13BFBB8 
  90      BE2CC439 
  90      7C051CED 
  90      C1
  91 00fd 97B0040E 		.ascii	"\227\260\004\016\301\022\206[\014\016C\016\242\317E"
  91      C112865B 
  91      0C0E430E 
  91      A2CF45
  92 010c 2BDBAD7C 		.ascii	"+\333\255|\271`\216\205\272\317g\304\250\217j\005U\206"
  92      B9608E85 
  92      BACF67C4 
  92      A88F6A05 
  92      5586
  93 011e AFCD544C 		.ascii	"\257\315TL\242UP\037\353\373\352\262\370\012Am\354\253"
  93      A255501F 
  93      EBFBEAB2 
  93      F80A416D 
  93      ECAB
  94 0130 1D5D10A3 		.ascii	"\035]\020\243\236\253\027T\005\332\314T\205A;\344\020"
  94      9EAB1754 
  94      05DACC54 
  94      85413BE4 
  94      10
  95 0141 7EFCE893 		.ascii	"~\374\350\223\332\005\026\2719\236(\034\001\013\340"
  95      DA0516B9 
  95      399E281C 
  95      010BE0
  96 0150 77FB2588 		.ascii	"w\373%\210\352O\346\312\365\350\344A\350z{\021\010g"
  96      EA4FE6CA 
  96      F5E8E441 
  96      E87A7B11 
ARM GAS  C:\Users\SANDEE~1\AppData\Local\Temp\ccVrtO7n.s 			page 7


  96      0867
  97 0162 92E0C940 		.ascii	"\222\340\311@k,+\256U\240\3705\264i\311\020\020\253"
  97      6B2C2BAE 
  97      55A0F835 
  97      B469C910 
  97      10AB
  98 0174 8064E286 		.ascii	"\200d\342\206\312X\025\232\304\036Tq\011\277x5f\213"
  98      CA58159A 
  98      C41E5471 
  98      09BF7835 
  98      668B
  99 0186 8DE153E0 		.ascii	"\215\341S\340\013\367\354V\310\025Fp\355@\357\336\254"
  99      0BF7EC56 
  99      C8154670 
  99      ED40EFDE 
  99      AC
 100 0197 DC43A2EC 		.ascii	"\334C\242\354\263\021\2511\254QUb5?\012\271A4\224\314"
 100      B311A931 
 100      AC515562 
 100      353F0AB9 
 100      413494CC 
 101 01ab 98F1D754 		.ascii	"\230\361\327T,\344\271\"\337/\232\036\216ee7\213|\207"
 101      2CE4B922 
 101      DF2F9A1E 
 101      8E656537 
 101      8B7C87
 102 01be 03B6463D 		.ascii	"\003\266F=\352\267S\265:\222S\026\306:!;\310\001\215"
 102      EAB753B5 
 102      3A925316 
 102      C63A213B 
 102      C8018D
 103 01d1 49ECFFFC 		.ascii	"I\354\377\374~\003\271\344;\216\355\255\010\327+1/s"
 103      7E03B9E4 
 103      3B8EEDAD 
 103      08D72B31 
 103      2F73
 104 01e3 2DCBFB5A 		.ascii	"-\313\373Z\312\364\232\035Z\232\206\012\3621\310&\003"
 104      CAF49A1D 
 104      5A9A860A 
 104      F231C826 
 104      03
 105 01f4 E9C88330 		.ascii	"\351\310\2030\250\313\317\342}\233\314KL-\306K\237\327"
 105      A8CBCFE2 
 105      7D9BCC4B 
 105      4C2DC64B 
 105      9FD7
 106 0206 F1A4BC7E 		.ascii	"\361\244\274~;Q~\005\370{\242:\307zG\032\2541\023\227"
 106      3B517E05 
 106      F87BA23A 
 106      C77A471A 
 106      AC311397 
 107 021a F7DB1F76 		.ascii	"\367\333\037v\350z\345\033!\256A$\215\231.\310FJ\371"
 107      E87AE51B 
 107      21AE4124 
 107      8D992EC8 
 107      464AF9
 108 022d 8C7E5226 		.ascii	"\214~R&Ak`\207n<\273\015\276\361\316}\015\023\213\347"
ARM GAS  C:\Users\SANDEE~1\AppData\Local\Temp\ccVrtO7n.s 			page 8


 108      416B6087 
 108      6E3CBB0D 
 108      BEF1CE7D 
 108      0D138BE7 
 109 0241 D5E23746 		.ascii	"\325\3427F$\240*\"U,\253\220M#\007f\302\314M-_M\341"
 109      24A02A22 
 109      552CAB90 
 109      4D230766 
 109      C2CC4D2D 
 110 0258 516A0C7A 		.ascii	"Qj\014z\010#\2311{\353\262\030\234\240#n>:\333\266\352"
 110      08239931 
 110      7BEBB218 
 110      9CA0236E 
 110      3E3ADBB6 
 111 026d 7D0627E9 		.ascii	"}\006'\351L6\237a:\237P\310\014z\351\\I\0203\203\357"
 111      4C369F61 
 111      3A9F50C8 
 111      0C7AE95C 
 111      49103383 
 112 0282 F0FD8023 		.ascii	"\360\375\200#NR\006v\021\360\350@\250\343_\353\322q"
 112      4E520676 
 112      11F0E840 
 112      A8E35FEB 
 112      D271
 113 0294 08E90DA8 		.ascii	"\010\351\015\250\217\014B\267N\364\350\370\256@\340"
 113      8F0C42B7 
 113      4EF4E8F8 
 113      AE40E0
 114 02a3 2958CA68 		.ascii	")X\312h\347\336\235+\243\022\356@\037\310\"w\006\375"
 114      E7DE9D2B 
 114      A312EE40 
 114      1FC82277 
 114      06FD
 115 02b5 62CA0FF5 		.ascii	"b\312\017\365\366O\331\226N\305\330V\302\376\325\326"
 115      F64FD996 
 115      4EC5D856 
 115      C2FED5D6 
 116 02c5 713553B0 		.ascii	"q5S\260\277'6\374\0002\311\324.\352\310h9VY\255\232"
 116      BF2736FC 
 116      0032C9D4 
 116      2EEAC868 
 116      395659AD 
 117 02da FB3F1C89 		.ascii	"\373?\034\211K4\275\004N\317K\300\027n\017\360\024\205"
 117      4B34BD04 
 117      4ECF4BC0 
 117      176E0FF0 
 117      1485
 118 02ec 479EAFF0 		.ascii	"G\236\257\360\201\270\022|\341\277\353\034\246\212M"
 118      81B8127C 
 118      E1BFEB1C 
 118      A68A4D
 119 02fb 472C0420 		.ascii	"G,\004 \037\261\202[\310\376\350\365\233\021\033\277"
 119      1FB1825B 
 119      C8FEE8F5 
 119      9B111BBF 
 120 030b 0BA279B5 		.ascii	"\013\242y\2657\243\207\265\230\263\351\326\227\367\354"
 120      37A387B5 
ARM GAS  C:\Users\SANDEE~1\AppData\Local\Temp\ccVrtO7n.s 			page 9


 120      98B3E9D6 
 120      97F7EC
 121 031a D485EE54 		.ascii	"\324\205\356T8\223\352\355i\301a\210L\016\212\242\237"
 121      3893EAED 
 121      69C16188 
 121      4C0E8AA2 
 121      9F
 122 032b C5A20F19 		.ascii	"\305\242\017\031a\314\200\257{ffW&\355\005y&\342\353"
 122      61CC80AF 
 122      7B666657 
 122      26ED0579 
 122      26E2EB
 123 033e 76F55D50 		.ascii	"v\365]PI\\\231\302\333?\003C\025\266\020\004\001=\340"
 123      495C99C2 
 123      DB3F0343 
 123      15B61004 
 123      013DE0
 124 0351 98C33951 		.ascii	"\230\3039Q\362\363\020\022\334\2723+\210\231HS\3154"
 124      F2F31012 
 124      DCBA332B 
 124      88994853 
 124      CD34
 125 0363 1BFA8161 		.ascii	"\033\372\201a\242\341~\313\244\257Mu\264R\262\341\027"
 125      A2E17ECB 
 125      A4AF4D75 
 125      B452B2E1 
 125      17
 126 0374 097C012D 		.ascii	"\011|\001-5\340L\213\320\340Gp`\024\302\362\314\355"
 126      35E04C8B 
 126      D0E04770 
 126      6014C2F2 
 126      CCED
 127 0386 2935663B 		.ascii	")5f;}\014\027\221\031\257d'\366A\024-\326\337\001c)"
 127      7D0C1791 
 127      19AF6427 
 127      F641142D 
 127      D6DF0163 
 128 039b 9907ECDA 		.ascii	"\231\007\354\332~\373\243\221I]\337\243\303\263F\354"
 128      7EFBA391 
 128      495DDFA3 
 128      C3B346EC 
 129 03ab 9218B1F9 		.ascii	"\222\030\261\371t\360F\202\313\317\031\261\275M\361"
 129      74F04682 
 129      CBCF19B1 
 129      BD4DF1
 130 03ba D15093E4 		.ascii	"\321P\223\344}\205*\2352+y\0370\270J`-uV\362>%\337\014"
 130      7D852A9D 
 130      322B791F 
 130      30B84A60 
 130      2D7556F2 
 131 03d2 7E4A9D95 		.ascii	"~J\235\225k\242m#\011\263\362$t\25373>\006\227E=\256"
 131      6BA26D23 
 131      09B3F224 
 131      74AB3733 
 131      3E069745 
 132 03e8 8B31306B 		.ascii	"\21310k\376\306\274\346/\3055\377\270\243P\274\310\342"
 132      FEC6BCE6 
ARM GAS  C:\Users\SANDEE~1\AppData\Local\Temp\ccVrtO7n.s 			page 10


 132      2FC535FF 
 132      B8A350BC 
 132      C8E2
 133 03fa C53A1E3F 		.ascii	"\305:\036?\250\036n\006q\271\320\353\302\220\306H\363"
 133      A81E6E06 
 133      71B9D0EB 
 133      C290C648 
 133      F3
 134 040b 0BB413E4 		.ascii	"\013\264\023\344ZbQxR\217w`\374(\367\005\324\232\321"
 134      5A625178 
 134      528F7760 
 134      FC28F705 
 134      D49AD1
 135 041e D43EDBE9 		.ascii	"\324>\333\351z\373Y\264\231n-\370\005\034h{g\240l\233"
 135      7AFB59B4 
 135      996E2DF8 
 135      051C687B 
 135      67A06C9B 
 136 0432 6139039B 		.ascii	"a9\003\233\210\366E0\302;\336P\270K\230\272\262\326"
 136      88F64530 
 136      C23BDE50 
 136      B84B98BA 
 136      B2D6
 137 0444 9EC506CA 		.ascii	"\236\305\006\312\032\344\022\332\375\343\304\221\021"
 137      1AE412DA 
 137      FDE3C491 
 137      11
 138 0451 8542508C 		.ascii	"\205BP\214\237\006p\023\035\3163\333\211iE'\325\370"
 138      9F067013 
 138      1DCE33DB 
 138      89694527 
 138      D5F8
 139 0463 32C21F14 		.ascii	"2\302\037\024\234$`\354JB\016\206m`\223\340\037\355"
 139      9C2460EC 
 139      4A420E86 
 139      6D6093E0 
 139      1FED
 140 0475 FF33B0DA 		.ascii	"\3773\260\332\260-%\346\246`\215\1775\304\360\00000"
 140      B02D25E6 
 140      A6608D7F 
 140      35C4F000 
 140      3030
 141 0487 AC2546C3 		.ascii	"\254%F\303\233f_\177\000R\220+\364h\3457fW\241\023\205"
 141      9B665F7F 
 141      0052902B 
 141      F468E537 
 141      6657A113 
 142 049c AECCBB34 		.ascii	"\256\314\2734\311\273E\341\204\202\252\320\276_\305"
 142      C9BB45E1 
 142      8482AAD0 
 142      BE5FC5
 143 04ab 0ED8F3F3 		.ascii	"\016\330\363\363\035\306\237\273\304\341-u\224x\235"
 143      1DC69FBB 
 143      C4E12D75 
 143      94789D
 144 04ba 0EE78662 		.ascii	"\016\347\206bW\261\307\355.*\311w2\251\330\003\036\330"
 144      57B1C7ED 
ARM GAS  C:\Users\SANDEE~1\AppData\Local\Temp\ccVrtO7n.s 			page 11


 144      2E2AC977 
 144      32A9D803 
 144      1ED8
 145 04cc 24BBD77F 		.ascii	"$\273\327\177\354Yf\002o\334\344,\332\374\221+\221\260"
 145      EC596602 
 145      6FDCE42C 
 145      DAFC912B 
 145      91B0
 146 04de 81295BD6 		.ascii	"\201)[\326\025mv\2554A=noi\211\343\315\265\005k\012"
 146      156D76AD 
 146      34413D6E 
 146      6F6989E3 
 146      CDB5056B 
 147 04f3 B622DEE9 		.ascii	"\266\"\336\351\366\272>\334\362Z1\342\363\022\221\256"
 147      F6BA3EDC 
 147      F25A31E2 
 147      F31291AE 
 148 0503 ADA58E35 		.ascii	"\255\245\2165\005\205\357\024>\265MHg\361[\23379\021"
 148      0585EF14 
 148      3EB54D48 
 148      67F15B9B 
 148      373911
 149 0516 FCCA3323 		.ascii	"\374\3123#(\331F\316\027\025\024\256\265\257_W\342\362"
 149      28D946CE 
 149      171514AE 
 149      B5AF5F57 
 149      E2F2
 150 0528 7837E6D9 		.ascii	"x7\346\331\263W1\311\313T\014\316\355\335\306\270g\203"
 150      B35731C9 
 150      CB540CCE 
 150      EDDDC6B8 
 150      6783
 151 053a E73F2388 		.ascii	"\347?#\210\377 "
 151      FF20
 152              		.text
 153              		.section	.gnu.lto_chPoolAllocI.bfe27878,"",%progbits
 154 0000 789C8592 		.ascii	"x\234\205\222\313OSA\024\306\317wg\356mK\313#\304%j"
 154      CB4F5341 
 154      14C6CF77 
 154      67EE6D4B 
 154      CB23C425 
 155 0015 1345828B 		.ascii	"\023E\202\213\336\277\200\275\033\377\011\032\023C$"
 155      DEBF80BD 
 155      1BFF091A 
 155      134324
 156 0024 6D5AF70C 		.ascii	"mZ\367\014\245D\024\243\230(U\264\2715\204\200\017^"
 156      A54414A3 
 156      982855B4 
 156      B9358480 
 156      0F5E
 157 0036 3E11378D 		.ascii	">\0217\215\006|D!\270T\026\240\020\255\306D\202\304"
 157      067C4421 
 157      B85416A0 
 157      10ADC644 
 157      82C4
 158 0048 E8023C33 		.ascii	"\350\002<3\027\004!bs{g\356\2319\337\367;g\306&\213"
 158      17042162 
ARM GAS  C:\Users\SANDEE~1\AppData\Local\Temp\ccVrtO7n.s 			page 12


 158      737B67EE 
 158      9939DFF7 
 158      3B67C626 
 159 005d FA05D161 		.ascii	"\372\005\321a\":\312\177\004\010V\327\024Qk\320\262"
 159      223ACA7F 
 159      040856D7 
 159      14516BD0 
 159      B2
 160 006e 44BE8154 		.ascii	"D\276\201T\231\\\256\"\025\021p\374\260\264\354\253"
 160      995CAE22 
 160      151170FC 
 160      B0B4ECAB 
 161 007e 3AECACE8 		.ascii	":\354\254\350\260\275\021v\000=QAP\213%\244\355\240"
 161      B0BD1176 
 161      003D5141 
 161      508B25A4 
 161      EDA0
 162 0090 05E7454E 		.ascii	"\005\347EN`&;rM\234\023\236 H\376\\z\335\363\241B\177"
 162      60263B72 
 162      4D9C139E 
 162      2048FE5C 
 162      7ADDF3A1 
 163 00a6 0251BDFA 		.ascii	"\002Q\275\372\371c6\\\337\257TF\025s\337\002\271\266"
 163      F963365C 
 163      DFAF5446 
 163      1573DF02 
 163      B9B6
 164 00b8 F6239EB0 		.ascii	"\366#\236\260\350\012\357\036@\015\372Q\243\241n\240"
 164      E80AEF1E 
 164      400DFA51 
 164      A3A16EA0 
 165 00c8 9EF77E1A 		.ascii	"\236\367~\032\233\354\010\212\003 \236\317\317-\355"
 165      9BEC088A 
 165      03209ECF 
 165      CF2DED
 166 00d7 ADEB3369 		.ascii	"\255\3533i\263\027\205:\350\011\201\233\020[\3638D\270"
 166      B317853A 
 166      E809819B 
 166      105BF338 
 166      44B8
 167 00e9 853ABDBD 		.ascii	"\205:\275\275\224\355\352\250\024\207L\352\365\236\237"
 167      94EDEAA8 
 167      14874CEA 
 167      F59E9F
 168 00f8 7315B5BD 		.ascii	"s\025\265\275&w\312\253\276\320\246\236+\311\246\270"
 168      2677CAAB 
 168      BED0A69E 
 168      2BC9A6B8 
 169 0108 FD77BEFE 		.ascii	"\375w\276\376\361\366\367\243\253\227\312\035\211A\324"
 169      F1F6F7A3 
 169      AB97CA1D 
 169      8941D4
 170 0117 F672A378 		.ascii	"\366r\243x\007\003\015\301\001\017:8\374\006E\265\272"
 170      07030DC1 
 170      010F3A38 
 170      FC0645B5 
 170      BA
ARM GAS  C:\Users\SANDEE~1\AppData\Local\Temp\ccVrtO7n.s 			page 13


 171 0128 764A1527 		.ascii	"vJ\025'\367O\177\177U\035\001\351\260\204\366\266\315"
 171      F74F7F7F 
 171      551D01E9 
 171      B084F6B6 
 171      CD
 172 0139 DC611619 		.ascii	"\334a\026\031\344\227\035\342\227\0236A\2423,\245{\326"
 172      E4971DE2 
 172      97133641 
 172      A2332CA5 
 172      7BD6
 173 014b C905F328 		.ascii	"\311\005\363(J\310\214\227V\333\034\255\236\0276{w\267"
 173      4AC88C97 
 173      56DB1CAD 
 173      9E17367B 
 173      77B7
 174 015d 3F990EE8 		.ascii	"?\231\016\350f\011C\376\343\331\313\216\210\207|\253"
 174      660943FE 
 174      E3D9CB8E 
 174      88877CAB 
 175 016d 52AA9062 		.ascii	"R\252\220b\251@^H\014kV^\355[\310\014\005\334A^SQ\366"
 175      A9405E48 
 175      0C6B565E 
 175      ED5BC80C 
 175      05DC415E 
 176 0184 C3083C5C 		.ascii	"\303\010<\\\326\264\204Q\270\264\210L\241\321\200\263"
 176      D6B48451 
 176      B8B4884C 
 176      A1D180B3 
 177 0194 39CBD302 		.ascii	"9\313\323\002\262\357\236N\016D\326\355\020\363K\356"
 177      B2EF9E4E 
 177      0E44D6ED 
 177      10F34BEE 
 178 01a4 E4B6E51B 		.ascii	"\344\266\345\033|\230\323\023\225\376\252\263\025F\356"
 178      7C98D313 
 178      95FEAAB3 
 178      1546EE
 179 01b3 8061BFA0 		.ascii	"\200a\277\240\226\270\363\017\224\273\006\005\032\345"
 179      96B8F30F 
 179      94BB0605 
 179      1AE5
 180 01c1 1EA3B076 		.ascii	"\036\243\260v\367\213z\255\274\275\250}\377\251\351"
 180      F78B7AAD 
 180      BCBDA87D 
 180      FFA9E9
 181 01d0 FE664D0F 		.ascii	"\376fM\017\3402\227\001\226\264\\\345\003wN\004|\340"
 181      E0329701 
 181      96B45CE5 
 181      03774E04 
 181      7CE0
 182 01e2 E04EC25D 		.ascii	"\340N\302]\204Cxh\204--<\306\204\2467\263\330\324\372"
 182      84437868 
 182      842D2D3C 
 182      C684A637 
 182      B3D8D4FA 
 183 01f6 537C888F 		.ascii	"S|\210\217\367\0216Ze\223W\356;\237m_w\016m\257\351"
 183      F711365A 
 183      659357EE 
ARM GAS  C:\Users\SANDEE~1\AppData\Local\Temp\ccVrtO7n.s 			page 14


 183      3B9F6D5F 
 183      770E6DAF 
 184 020b 177639A9 		.ascii	"\027v9\251B\312\023e\0307\356\346f=f\367/\310\026\232"
 184      42CA1365 
 184      1837EEE6 
 184      663D66F7 
 184      2FC8169A 
 185 021f 7CB530DB 		.ascii	"|\2650\333\023\213z\"\254O0\272y\200a\003\340\230\233"
 185      138B7A22 
 185      AC4F30BA 
 185      79806103 
 185      E0989B
 186 0232 B3088BFC 		.ascii	"\263\010\213\374(\350+\237\363\374\036?[w|\005\340\243"
 186      28E82B9F 
 186      F3FC1E3F 
 186      5B777C05 
 186      E0A3
 187 0244 116FD78A 		.ascii	"\021o\327\212z\224\026g\332=\2753\340\353\007\235\314"
 187      7A941667 
 187      DA3DBD33 
 187      E0EB079D 
 187      CC
 188 0255 35476331 		.ascii	"5Gc1\327\177\022i7u\322M\247\342n\374x\363\261\346d"
 188      D77F1269 
 188      3775D24D 
 188      A7E26EFC 
 188      78F3B1E6 
 189 026a 2271221D 		.ascii	"\"q\"\035\213\223\325\234\224\211\306\246\344o\004\026"
 189      8B93D59C 
 189      9489C6A6 
 189      E46F0416 
 190 027a 319C     		.ascii	"1\234"
 191              		.text
 192              		.section	.gnu.lto_chPoolAlloc.bfe27878,"",%progbits
 193 0000 789C8D54 		.ascii	"x\234\215T]lSu\024\377\237\373\277\037\265\353\306\302"
 193      5D6C5375 
 193      14FF9FFB 
 193      BF1FB5EB 
 193      C6C2
 194 0012 130F53BA 		.ascii	"\023\017S\272h!\203\245\227\360\342\023\017\206\304"
 194      682183A5 
 194      97F0E213 
 194      0F86C4
 195 0021 E8435FD8 		.ascii	"\350C_\330\243\211\206\325&\203\254\264i7\002O\\\272"
 195      A38986D5 
 195      2683ACB4 
 195      6937024F 
 195      5CBA
 196 0033 EE03A732 		.ascii	"\356\003\2472\243\260\017]\356\224,\214\3516\230\242"
 196      A3B00F5D 
 196      EE942C8C 
 196      E93698A2 
 197 0043 034AADD4 		.ascii	"\003J\255\324n0\334\346p&\006\214\031\2149\207\212 "
 197      6E30DCE6 
 197      7026068C 
 197      198C3987 
 197      8A20
ARM GAS  C:\Users\SANDEE~1\AppData\Local\Temp\ccVrtO7n.s 			page 15


 198 0055 E0474C86 		.ascii	"\340GL\206\347\374\357]\351Z?\326l\367\336\377\371\374"
 198      E7FCEF5D 
 198      E95A3FD6 
 198      6CF7DEFF 
 198      F9FC
 199 0067 9DDFFF9C 		.ascii	"\235\337\377\234\2430\211eT\306\322\2141\037\376\203"
 199      A3308965 
 199      54C6D28C 
 199      311FFE83 
 200 0077 C6406A9B 		.ascii	"\306@j\233d\354\240C\222x\3676f8\345{\245\314pqP-\261"
 200      64ECA043 
 200      9278F736 
 200      6638E57B 
 200      A5CC7071 
 201 008e 2C296F93 		.ascii	",)o\223X}@beY\254\002\320\207\341\000v@\342\262\242"
 201      587D4062 
 201      6559AC02 
 201      D087E100 
 201      7640E2B2 
 202 00a3 C20138CC 		.ascii	"\302\0018\314\3339L\307O\276\303_\347&g \343\361\356"
 202      DB394CC7 
 202      4FBEC35F 
 202      E7266720 
 202      E3F1EE
 203 00b6 44D75C09 		.ascii	"D\327\\\011\035\001\334\244\275\265\020/\2528n\0301"
 203      1D01DCA4 
 203      BDB5102F 
 203      AA386E18 
 203      31
 204 00c7 23D57ED5 		.ascii	"#\325~\325\331\336\320\370\234\311%\326\211\326}P\006"
 204      D9DED0F8 
 204      9CC925D6 
 204      89D67D50 
 204      06
 205 00d8 C7A18C40 		.ascii	"\307\241\214@\235\200\012\264\375ad\264\305\301\237"
 205      9D800AB4 
 205      FD6164B4 
 205      C5C19F
 206 00e7 0486DFD7 		.ascii	"\004\206\337\327g\357>\276\261W\270\315\274\305\215"
 206      67EF3EBE 
 206      B157B8CD 
 206      BCC58D
 207 00f6 A74CCEA1 		.ascii	"\247L\316\241\037x\256\037\212\030\274\017\033\311|"
 207      1F78AE1F 
 207      8A18BC0F 
 207      1BC97C
 208 0105 31DED6B2 		.ascii	"1\336\326\262\206o\020\256\357v\3759[\3429&|\177\353"
 208      866F10AE 
 208      EF76FD39 
 208      5BE23926 
 208      7C7FEB
 209 0118 5FFB4683 		.ascii	"_\373F\203q\321\2201)|\260\322\237~h~\343\324\322\221"
 209      71D19031 
 209      297CB0D2 
 209      9F7E687E 
 209      E3D4D291 
 210 012c 62558601 		.ascii	"bU\206\001\360\020,D3\010*\340+/\324\370\372N#\025w"
ARM GAS  C:\Users\SANDEE~1\AppData\Local\Temp\ccVrtO7n.s 			page 16


 210      F0102C44 
 210      33082AE0 
 210      2B2FD4F8 
 210      FA4E2315 
 211 0141 FF4B2018 		.ascii	"\377K \030\002\317\320\025H\031K\017\233\215\324\355"
 211      02CFD015 
 211      48194B0F 
 211      9B8DD4ED 
 212 0151 4D93F7BF 		.ascii	"M\223\367\277[[\"\001\341\343B)#^Y\301\207\242\342C"
 212      5B5B2201 
 212      E1E34229 
 212      235E59C1 
 212      87A2E243 
 213 0165 D584D021 		.ascii	"\325\204\320!\236\214\275\202y\211\335V\244\006\337"
 213      9E8CBD82 
 213      7989DD56 
 213      A406DF
 214 0174 7C1E2482 		.ascii	"|\036$\202\266\220h\236\001\276YTu:\371M\207\323\206"
 214      B690689E 
 214      01BE5954 
 214      753AF94D 
 214      87D386
 215 0187 32D5B461 		.ascii	"2\325\264a\254\267\311h;\3500\271\006'\377\001\315)"
 215      ACB7C968 
 215      3BE830B9 
 215      0627FF01 
 215      CD29
 216 0199 F0A04FF3 		.ascii	"\360\240O\363\242q^\246\273\320\300\015\303\250\273"
 216      A2715EA6 
 216      BBD0C00D 
 216      C3A8BB
 217 01a8 05B11BBF 		.ascii	"\005\261\033\277\274\3261\267.[w\334\300_\352\315;N"
 217      BCD631B7 
 217      2E5B77DC 
 217      C05FEACD 
 217      3B4E
 218 01ba 51762707 		.ascii	"Qv'\007\226\247J\237\330\362\002\203\017I'\345\353."
 218      96A74A9F 
 218      D8F20283 
 218      0F4927E5 
 218      EB2E
 219 01cc 376DD228 		.ascii	"7m\322(\025\203\217H\317s\350dp\032\260\355\340c\342"
 219      15838F48 
 219      CF73E864 
 219      701AB0ED 
 219      E063E2
 220 01df 12581FB1 		.ascii	"\022X\037\261\371\2369\374\207\263\374\014\230F\007"
 220      F99E39FC 
 220      87B3FC0C 
 220      984607
 221 01ee D2E820EB 		.ascii	"\322\350 \353\201\271s\006v\034\032~\002\345\342:\356"
 221      81B97306 
 221      761C1A7E 
 221      02E5E23A 
 221      EE
 222 01ff FC34734D 		.ascii	"\3744sMB\011\214\200,038#\032\253/\231\236w\225'l\357"
 222      42098C80 
ARM GAS  C:\Users\SANDEE~1\AppData\Local\Temp\ccVrtO7n.s 			page 17


 222      2C303338 
 222      231AAB2F 
 222      999E7795 
 223 0216 C7C8F6D7 		.ascii	"\307\310\366\327\301\341\257\213\204\367Y\362\206s "
 223      C1E1AF8B 
 223      84F759F2 
 223      867320
 224 0225 B37988B9 		.ascii	"\263y\210\271E\375\214>g\017\215(T\030\032'[z\332\025"
 224      45FD8C3E 
 224      670F8D28 
 224      54181A27 
 224      5B7ADA15 
 225 0239 9BC0DBFD 		.ascii	"\233\300\333\375%\366e\026t\225\240/\001\236n,w\021"
 225      25F66516 
 225      7495A02F 
 225      019E6E2C 
 225      7711
 226 024b 62671797 		.ascii	"bg\027\227\032\324\274\262\3077\223\201M\230\234\333"
 226      1AD4BCB2 
 226      C7379381 
 226      4D989CDB 
 227 025b 43749970 		.ascii	"Ct\231p^\024\236\004\265\233\323|\034m\2740\245\321"
 227      5E149E04 
 227      B59BD37C 
 227      1C6DBC30 
 227      A5D1
 228 026d 2558DCFE 		.ascii	"%X\334\376>6\336\3422\241\033L\356\304\034\360)\345"
 228      3E36DEE2 
 228      32A11B4C 
 228      EEC41CF0 
 228      29E5
 229 027f 4479EFCD 		.ascii	"Dy\357\315\330\240\246\017P\202\236\277\016\227a\263"
 229      D8A0A60F 
 229      50829EBF 
 229      0E9761B3 
 230 028f 400A4CE8 		.ascii	"@\012L\350\300\316\020\021\3413\320\251\242\236j\012"
 230      C0CE1011 
 230      E133D0A9 
 230      A29E6A0A 
 231 029f 4D99303C 		.ascii	"M\2310<\273\011\361k\351\321>\227\235\016\274V\001\255"
 231      BB09F16B 
 231      E9D13E97 
 231      9D0EBC56 
 231      01AD
 232 02b1 A8EADEC6 		.ascii	"\250\352\336\306\005\376C\2315\226V\316\005#\347\203"
 232      05FE4399 
 232      359656CE 
 232      0523E783 
 233 02c1 2922F70B 		.ascii	")\"\367\013\205`\334d\233\026H\300F\3629\"\301\320G"
 233      8560DC64 
 233      9B1648C0 
 233      46F23922 
 233      C1D047
 234 02d4 2F5550E0 		.ascii	"/UP\340U\326\364\004\305\311\254\250h\024tD%\340\312"
 234      55D6F404 
 234      C5C9ACA8 
 234      68147444 
ARM GAS  C:\Users\SANDEE~1\AppData\Local\Temp\ccVrtO7n.s 			page 18


 234      25E0CA
 235 02e7 EC5EA905 		.ascii	"\354^\251\005\2675\243Yp\225\325\005F|.\030\023q%;\356"
 235      B735A359 
 235      7095D505 
 235      467C2E18 
 235      1371253B 
 236 02fc 45C42788 		.ascii	"E\304'\210\371\026\036\205\312V\356\3022.\3012O8\221"
 236      F9161E85 
 236      CA56EEC2 
 236      322EC132 
 236      4F3891
 237 030f C556E257 		.ascii	"\305V\342W\033\355\304\253\254\010\023\027\303\270H"
 237      1BEDC4AB 
 237      AC081317 
 237      C3B848
 238 031e CCEDC497 		.ascii	"\314\355\304\2271\361\217\020\357\331m\005\32203\303"
 238      31F18F10 
 238      EFD96D05 
 238      D23033C3 
 239 032e 78262F11 		.ascii	"x&/\021m\371\350\3424\221[\315\316\272%u\210\373]8\262"
 239      6DF9E8E2 
 239      34915BCD 
 239      CEBA2575 
 239      88FB5D38 
 240 0343 4E6CA084 		.ascii	"Nl\240\204\335\302nq\032Zq\032\260NR\341b\330\372?\213"
 240      DDC26E71 
 240      1A5A711A 
 240      B04E52E1 
 240      62D8FA3F 
 241 0358 E10BB118 		.ascii	"\341\013\261\030\262dhH\306\304\177-\206\373\313\213"
 241      B2646848 
 241      C6C47F2D 
 241      86FBCB8B 
 242 0368 415931DC 		.ascii	"AY1\334\223\324\343\005\233\242\362E\006Sd\254\026l"
 242      93D4E305 
 242      9BA2F245 
 242      065364AC 
 242      166C
 243 037a 8AEFB76A 		.ascii	"\212\357\267j\224\233\301\227\205\233bZ\014\314\225"
 243      949BC197 
 243      859B625A 
 243      0CCC95
 244 0389 9C4DB164 		.ascii	"\234M\261d^O\026-/\201\011\261\004\276\022K \177\342"
 244      5E4F162D 
 244      2F8109B1 
 244      04BE124B 
 244      207FE2
 245 039c 67B2134F 		.ascii	"g\262\023O\301\331\3178\361\255\211\214J\220\211O\306"
 245      C1D9CF38 
 245      F1AD898C 
 245      4A90894F 
 245      C6
 246 03ad 1E80031B 		.ascii	"\036\200\003\033\233_}\230\002|\313\022r\257t\035\233"
 246      9B5F7D98 
 246      027CCB12 
 246      72AF741D 
 246      9B
ARM GAS  C:\Users\SANDEE~1\AppData\Local\Temp\ccVrtO7n.s 			page 19


 247 03be 065CB940 		.ascii	"\006\\\271@\364c(\267\327\253[\177\241\250\036\251\323"
 247      F46328B7 
 247      D7AB5B7F 
 247      A1A81EA9 
 247      D3
 248 03cf A311BFEE 		.ascii	"\243\021\277\356\257\011\006\202\341P\2506\352\3653"
 248      AF090682 
 248      E150A836 
 248      EAF533
 249 03de 29189643 		.ascii	")\030\226C\325\273\303\312\336\235\265\365\201\212<"
 249      D5BBC3CA 
 249      DE9DB5F5 
 249      818A3C
 250 03ed F3702852 		.ascii	"\363p(R\027\325\237\331\341\333\356\333\207~\376P$\360"
 250      17D59FD9 
 250      E1DBEEDB 
 250      877EFE50 
 250      24F0
 251 03ff D2DEA783 		.ascii	"\322\336\247\203\336\032V\231k\031\330W\247o\367U=_"
 251      DE1A5699 
 251      6B19D857 
 251      A76FF755 
 251      3D5F
 252 0411 A5EFDAE3 		.ascii	"\245\357\332\343\257\255\1779\240\013K\177\360\331\372"
 252      AFAD7F39 
 252      A00B4B7F 
 252      F0D9FA
 253 0420 3D7E345E 		.ascii	"=~4^\237\0276kU\023\335\037E}\251\257j\207\273zg4\020"
 253      9F17366B 
 253      5513DD1F 
 253      457DA9AF 
 253      6A87BB7A 
 254 0437 8EECAA74 		.ascii	"\216\354\252t{\2660)\3024\004\031\212\354g\177\003\216"
 254      7BB63029 
 254      C2340419 
 254      8AEC677F 
 254      038E
 255 0449 6C5466   		.ascii	"lTf"
 256              		.text
 257              		.section	.gnu.lto_chPoolFreeI.bfe27878,"",%progbits
 258 0000 789C8592 		.ascii	"x\234\205\222\333k\023A\024\306\3177g\267\033lU\360"
 258      DB6B1341 
 258      14C6CF37 
 258      67B71B6C 
 258      55F0
 259 0012 A1885609 		.ascii	"\241\210V\011h\215E\232\375\237\014B\021C\226\3067\037"
 259      688D459A 
 259      FD9F0C42 
 259      114396C6 
 259      371F
 260 0024 3A8D8D0D 		.ascii	":\215\215\015\025\264\210IT\032\266PJ\325\232\246\365"
 260      15B48849 
 260      541AB650 
 260      4AD59AA6 
 260      F5
 261 0035 52A3F8B0 		.ascii	"R\243\370\260\364\301\033^\320\007A\224\340\255\305"
 261      F4C11B5E 
ARM GAS  C:\Users\SANDEE~1\AppData\Local\Temp\ccVrtO7n.s 			page 20


 261      D0074194 
 261      E0ADC5
 262 0044 157C282A 		.ascii	"\025|(*\276\325\236\231V\264\2128\3540\267\363\375\366"
 262      BED59E99 
 262      56B48A38 
 262      EC30B7F3 
 262      FDF6
 263 0056 9B6FD725 		.ascii	"\233o\327%E\307\024Q\232\210vJ\007\023\324\350\023\242"
 263      45C71451 
 263      9A88764A 
 263      0713D4E8 
 263      13A2
 264 0068 C18402CC 		.ascii	"\301\204\002\314D'@\003\012\0038\315U\306\302\360\322"
 264      44274003 
 264      0A0338CD 
 264      55C6C2F0 
 264      D2
 265 0079 2DD533A5 		.ascii	"-\3253\245\245E\325\371\366\023\272\270=d\242\363\322"
 265      A545D5F9 
 265      F613BAB8 
 265      3D64A2F3 
 265      D2
 266 008a 4DC3147A 		.ascii	"M\303\024z\244\352\331\320\354\030\237\342\220\001G"
 266      A4EAD9D0 
 266      EC189FE2 
 266      900147
 267 0099 96CB8F2F 		.ascii	"\226\313\217/\274\337b\226\012IY~l\336-%x\017H\346o"
 267      BCDF6296 
 267      0A49597E 
 267      6CDE2D25 
 267      780F48E6 
 268 00ae DF2CEF4A 		.ascii	"\337,\357JMj]\320\321\243\263\254\367\206\314\270\014"
 268      4D6A5DD0 
 268      D1A3B3AC 
 268      F786CCB8 
 268      0C
 269 00bf 161E2EA1 		.ascii	"\026\036.\241\013\027\321E\262E\230FJ\252\343\241\321"
 269      0B17D145 
 269      B2459846 
 269      4AAAE3A1 
 269      D1
 270 00d0 D256DE67 		.ascii	"\322V\336g\225/j\255;\233\326\245\257\313V\352\340\312"
 270      952F6AAD 
 270      3B9BD6A5 
 270      AFCB56EA 
 270      E0CA
 271 00e2 9F528750 		.ascii	"\237R\207PG\312\324\277z\331jv\360\001\253-\267\242"
 271      47CAD4BF 
 271      7AD96A76 
 271      F001AB2D 
 271      B7A2
 272 00f4 E944F784 		.ascii	"\351D\367\204\325.\325w\2379\256\357k'd\0273\033\365"
 272      D52ED577 
 272      9F39AEEF 
 272      6B276417 
 272      331BF5
 273 0107 A649F9BB 		.ascii	"\246I\371\273\271\225\362\3466\007\015tO\374\274,f\321"
ARM GAS  C:\Users\SANDEE~1\AppData\Local\Temp\ccVrtO7n.s 			page 21


 273      B995F2E6 
 273      36070D74 
 273      4FFCBC2C 
 273      66D1
 274 0119 06191BCF 		.ascii	"\006\031\033\317\021\351\225\037\303:j\365\306_\277"
 274      11E9951F 
 274      C33A6AF5 
 274      C65FBF
 275 0128 6DF300F3 		.ascii	"m\363\000\363F\271\271Xv\304\201K4\"\002\023\345IVf"
 275      46B9B958 
 275      76C4814B 
 275      34220213 
 275      E5495666 
 276 013c E44514C6 		.ascii	"\344E\024\306\277T|\213\020f\215A1\012\267\343\270\330"
 276      BF547C8B 
 276      10668D41 
 276      310AB7E3 
 276      B8D8
 277 014e 6EF66A6C 		.ascii	"n\366jlB\253\024\027\236z&4\266\226\277\337{X\352\010"
 277      42AB1417 
 277      9E7A2634 
 277      B696BFDF 
 277      7B58EA08 
 278 0162 511B94E4 		.ascii	"Q\033\224\344\223!K\021c\316X\224\263\311\017\205\031"
 278      93214B11 
 278      63CE5894 
 278      B3C90F85 
 278      19
 279 0173 CFAFEBB5 		.ascii	"\317\257\353\265#\027W\021\342\234\375\"\270\006\337"
 279      23175711 
 279      E29CFD22 
 279      B806DF
 280 0182 B02B0FF6 		.ascii	"\260+\017\366\033\362\357X\367/\354\370\216\220=1\203"
 280      1BF2EF58 
 280      F72FECF8 
 280      8E903D31 
 280      83
 281 0193 EBFFE0DE 		.ascii	"\353\377\340\336\260\\sk\314\303\027\233\026\035\177"
 281      B05C736B 
 281      CCC3179B 
 281      161D7F
 282 01a2 5AF4D6E1 		.ascii	"Z\364\326\341\033h\235\377qy\363\227\313\246\241\201"
 282      1B689DFF 
 282      7179F397 
 282      CBA6A181 
 283 01b2 3E4B2E8D 		.ascii	">K.\215*\014\314F?\"{\222\227\374\236\311t\332_{ry\277"
 283      2A0CCC46 
 283      3F227B92 
 283      97FC9EC9 
 283      74DA5F7B 
 284 01c9 FFA89FEF 		.ascii	"\377\250\237\357\317\370\231\276\354\241l\220\313\035"
 284      CFF899BE 
 284      ECA16C90 
 284      CB1D
 285 01d7 C9A733A4 		.ascii	"\311\2473\244\262\201\223;x8\340\240/X\005\374\032\327"
 285      B281933B 
 285      7838E0A0 
ARM GAS  C:\Users\SANDEE~1\AppData\Local\Temp\ccVrtO7n.s 			page 22


 285      2F5805FC 
 285      1AD7
 286 01e9 8A       		.ascii	"\212"
 287              		.text
 288              		.section	.gnu.lto_chPoolFree.bfe27878,"",%progbits
 289 0000 789C8D54 		.ascii	"x\234\215TMLTW\024\276\337\273o~\004J]5\306j}\244E\212"
 289      4D4C5457 
 289      14BEDFBB 
 289      6F7E044A 
 289      5D35C66A 
 290 0018 129E71D3 		.ascii	"\022\236q\323\2651i\342\002\027\2624\321\350t\022l\030"
 290      B53169E2 
 290      0217B234 
 290      D1E87412 
 290      6C18
 291 002a 67320346 		.ascii	"g2\003FW>\247\374U\242\022[~\343\344\241\206\212\265"
 291      573EA7FC 
 291      55A2125B 
 291      7EE3E4A1 
 291      868AB5
 292 003d 80626D07 		.ascii	"\200bm\007\035\307)PQT\250\01556&\004E\3201mZ\353B\335"
 292      1DC72950 
 292      5154A80D 
 292      35362604 
 292      45D0316D 
 293 0055 60CFB933 		.ascii	"`\317\2713\"\3144m'3y\357\336\373\235\357|\347\234\373"
 293      22CC346D 
 293      273379EF 
 293      DEFB9DEF 
 293      7CE79CFB 
 294 0069 8D4368E2 		.ascii	"\215Ch\342\244C\210\021!\304\273\364\203\024\320\232"
 294      A4438811 
 294      21C4BBF4 
 294      8314D09A 
 295 0079 C68438E0 		.ascii	"\306\2048\340\326\000~\261\334\020\3735\354\307\021"
 295      D6007EB1 
 295      DC10FB35 
 295      ECC711
 296 0088 D92A3158 		.ascii	"\331*1X?;\240\025\237\262\350\223h=\232_g\325.\263\245"
 296      3F3BA015 
 296      9FB2E893 
 296      683D9A5F 
 296      67D52EB3 
 297 009d 10EDF4E3 		.ascii	"\020\355\364\343\017N\241\230P\267k\316\036\223\207"
 297      0F4EA198 
 297      50B76BCE 
 297      1E9387
 298 00ac A52D019D 		.ascii	"\245-\001\235\226OouL\347\363R\203A\313\307\321\253"
 298      964F6F75 
 298      4CE7F352 
 298      8341CBC7 
 298      D1AB
 299 00be 0D6EF93E 		.ascii	"\015n\371>\004\275\337\237z\272\262\250\313\262\302"
 299      04BDDF9F 
 299      7ABAB2A8 
 299      CBB2C2
 300 00cd 5662F84B 		.ascii	"Vb\370Ki}`K\211\257!\211\017\247\261\002\335X!hK\340"
ARM GAS  C:\Users\SANDEE~1\AppData\Local\Temp\ccVrtO7n.s 			page 23


 300      697D604B 
 300      89AF2189 
 300      0FA7B102 
 300      DD582168 
 301 00e3 0C8A089D 		.ascii	"\014\212\010\235\254ijx[\256V\221w\"\223\261\234t\350"
 301      AC696A78 
 301      5BAE5691 
 301      772293B1 
 301      9C74E8
 302 00f6 44B30AD5 		.ascii	"D\263\012\325\361Mf\250.\320\203\"\306?87\327\374\226"
 302      F14D66A8 
 302      2ED08322 
 302      C63F3837 
 302      D7FC96
 303 0109 534F4945 		.ascii	"SOIE/\234\240g\337\317HXs\257\352)\373W\210l^B5S&\222"
 303      2F9CA067 
 303      DFCF4858 
 303      73AFEA29 
 303      FB57886C 
 304 0123 4D413A85 		.ascii	"MA:\205Sg\016\022\236\373\320(5~\312\031hL\367(V?\001"
 304      53670E12 
 304      9EFBD028 
 304      357ECA19 
 304      684CF728 
 305 013a B95649B9 		.ascii	"\271VI\271\020\277\333\226SxRI\031\257[=\322Ug5\035"
 305      10BFDB96 
 305      53785249 
 305      19AF5B3D 
 305      D2556735 
 306 014f 70DBD289 		.ascii	"p\333\322\211\276\305zT\213\316\242\220b\352\223\326"
 306      BEC57A54 
 306      8BCEA290 
 306      62EA93D6 
 307 015f 659D7BE2 		.ascii	"e\235{\342\204\201st\366\004\341\007\177\034j\233^6"
 307      84817374 
 307      F604E107 
 307      7F1C6A9B 
 307      5E36
 308 0171 AFB54675 		.ascii	"\257\265Fu\371\213\226|%\267]Bd\034\015\235^\267U\240"
 308      F98B967C 
 308      25B75D42 
 308      641C0D9D 
 308      5EB755A0 
 309 0185 9FCFB4CC 		.ascii	"\237\317\264\314\263\033uk\\\234J\340<\237\313\205-"
 309      B31B756B 
 309      5C9C4AE0 
 309      3C9FCB85 
 309      2D
 310 0196 C0B77092 		.ascii	"\300\267p\222\220\013\334\003\210n\320\321\011\273\377"
 310      900BDC03 
 310      886ED0D1 
 310      09BBFF
 311 01a5 454EC100 		.ascii	"EN\301\000l\253\315\260\245\213\321=\323\227,\267\256"
 311      6CABCDB0 
 311      A58BD13D 
 311      D3972CB7 
 311      AE
ARM GAS  C:\Users\SANDEE~1\AppData\Local\Temp\ccVrtO7n.s 			page 24


 312 01b6 11F03B14 		.ascii	"\021\360;\024\010\336\371\363\267\211{\032\355\340{"
 312      08DEF9F3 
 312      B7897B1A 
 312      EDE07B
 313 01c5 E84AB340 		.ascii	"\350J\263@T\015\270;>4\223W\020KG\273\031\373Wo\377"
 313      540DB83B 
 313      3E349357 
 313      104B47BB 
 313      19FB576F 
 314 01da 2FB92A7A 		.ascii	"/\271*z\200\243q\021\272\230A\330P\365\013~\235\372"
 314      80A37111 
 314      BA9841D8 
 314      50F50B7E 
 314      9DFA
 315 01ec BCD1C585 		.ascii	"\274\321\305\205\0218\336\320\331\352H7p,\232\327n%"
 315      1138DED0 
 315      D9EA4837 
 315      702C9AD7 
 315      6E25
 316 01fe 6A8C7FB8 		.ascii	"j\214\177\270\011\252}\227P\030\241r\211\240\263\357"
 316      09AA7D97 
 316      5018A172 
 316      89A0B3EF 
 317 020e 984C131C 		.ascii	"\230L\023\034\357x9\225\237E\220u\037\024A\214\011\244"
 317      EF783995 
 317      9F459075 
 317      1F14418C 
 317      09A4
 318 0220 2278D662 		.ascii	"\"x\326bf\264m6\352d\000gIw]\347j\356\375:\031\315\223"
 318      66B46D36 
 318      EA640067 
 318      49775DE7 
 318      6AEEFD3A 
 319 0237 C3502368 		.ascii	"\303P#h\236L\234q\247\223\315\366\274w\3643\353\232"
 319      9E4C9C71 
 319      A793CDF6 
 319      BC77F433 
 319      EB9A
 320 0249 A5D35D41 		.ascii	"\245\323]A<;\333\233\256\343\012S^V\235OP\347\257\244"
 320      3C3BDB9B 
 320      AEE30A53 
 320      5E569D4F 
 320      50E7AFA4 
 321 025d 642411BE 		.ascii	"d$\021\276\230L\326\346\362^Dr3[j\007\307]|3R\003\177"
 321      984CD6E6 
 321      F25E4472 
 321      335B6A07 
 321      C75D7C33 
 322 0274 3E32DA90 		.ascii	">2\332\220g#\002[.\241\302\361\0033\323~\327\303p\257"
 322      6723025B 
 322      2EA1C2F1 
 322      0333D37E 
 322      D7C370AF 
 323 0288 CBEC61D5 		.ascii	"\313\354a\325\006'\037\204\2156\272\253*\005\206`2u"
 323      06271F84 
 323      8D36BAAB 
 323      2A058660 
ARM GAS  C:\Users\SANDEE~1\AppData\Local\Temp\ccVrtO7n.s 			page 25


 323      3275
 324 029a CBF50F99 		.ascii	"\313\365\017\231x!\253#\2235\207d`8\233\265s9\203\177"
 324      7821AB23 
 324      93358764 
 324      60389BB5 
 324      7339837F 
 325 02ae 54B448D3 		.ascii	"T\264H\323^\205I\"\025s\362\311\214+\315\375?$v\276"
 325      5E854922 
 325      1573F2C9 
 325      8C2BCDFD 
 325      3F2476BE 
 326 02c2 C364238B 		.ascii	"\303d#\2134^c\262\324 \316\247&\251\332\256\256\211"
 326      345E63B2 
 326      D420CEA7 
 326      26A9DAAE 
 326      AE89
 327 02d4 5AC5522B 		.ascii	"Z\305R+-\333c\353\377\303c\327\225\307\346k\346{>\372"
 327      2DDB63EB 
 327      FFC363D7 
 327      95C7E66B 
 327      E67B3EFA 
 328 02e8 6F1EEB78 		.ascii	"o\036\353x\3551\307\"\237\334\340ie\231\256d\233\300"
 328      ED31C722 
 328      9FDCE069 
 328      6599AE64 
 328      9BC0
 329 02fa 4D063BB3 		.ascii	"M\006;\263L7\273\336\305\271\005ne\233nL\215~|\201\351"
 329      4C37BBDE 
 329      C5B9056E 
 329      659B6E4C 
 329      8D7E7C81 
 330 030f E6ECFBF1 		.ascii	"\346\354\373\361\334\327~\032U~\372I\371)\323<\267\347"
 330      DCD77E1A 
 330      557EFA49 
 330      F929D33C 
 330      B7E7
 331 0321 CDC3E4E2 		.ascii	"\315\303\344\342w2O\343\341\"V\254\312=H\363\241\277"
 331      77324FE3 
 331      E12256AC 
 331      CA3D48F3 
 331      A1BF
 332 0333 26C21BA5 		.ascii	"&\302\033\245\245f\352\353\017\231\301*3\024\364\230"
 332      A566EAEB 
 332      0F99C12A 
 332      3314F498 
 333 0343 9E0A9FD7 		.ascii	"\236\012\237\327\027\360\373+C\245\036\241\371\002\272"
 333      17F0FB2B 
 333      43A51EA1 
 333      F902BA
 334 0352 7FE7A701 		.ascii	"\177\347\247\001\307\236\035\225\325\336\342\014x\300"
 334      C79E1D95 
 334      D5DEE20C 
 334      78C0
 335 0360 1FAC0A99 		.ascii	"\037\254\012\231\033\266\224m,\333Kq\036\177\320\273"
 335      1BB6946D 
 335      2CDB4B71 
 335      1E7FD0BB 
ARM GAS  C:\Users\SANDEE~1\AppData\Local\Temp\ccVrtO7n.s 			page 26


 336 0370 7DCF47BE 		.ascii	"}\317G\276\322\012Q\262\020\351\335[en,+\337Tn\356\332"
 336      D20A51B2 
 336      10E9DD5B 
 336      656E2C2B 
 336      DF546EEE 
 337 0385 EDA9ACFE 		.ascii	"\355\251\254\376\304k*\244\307\367q\365n\017\201We\320"
 337      C46B2AA4 
 337      C7F771F5 
 337      6E0F8157 
 337      65D0
 338 0397 CEA32A42 		.ascii	"\316\243*B\373Bt\276\264\254|\213\261sG\310\033\010"
 338      FB4274BE 
 338      B4AC7C8B 
 338      B17347C8 
 338      1B08
 339 03a9 EE2A310A 		.ascii	"\356*1\012\327\011-(\\$\322\037\334'd\240\"\3607m\015"
 339      D7092D28 
 339      5C24D21F 
 339      DC2764A0 
 339      22F0376D 
 340 03be FD95     		.ascii	"\375\225"
 341              		.text
 342              		.section	.gnu.lto_.symbol_nodes.bfe27878,"",%progbits
 343 0000 789C55C8 		.ascii	"x\234U\310\273\021\2000\014\004\321;Y.\214\3068Jp/\316"
 343      BB118030 
 343      0C04D13B 
 343      592E8CC6 
 343      384A702F 
 344 0015 2800322A 		.ascii	"(\0002*!\342\233Z\2516\331\231Wa\230\021\331E\001\355"
 344      21E29B5A 
 344      A936D999 
 344      57619811 
 344      D94501ED 
 345 0029 0062EB32 		.ascii	"\000b\3532\205\334\024\263<\224ey\251\222\345\243<\313"
 345      85DC14B3 
 345      3C946579 
 345      A992E5A3 
 345      3CCB
 346 003b 4FD5246E 		.ascii	"O\325$n\350\333i\360\202\276\3071\000\231,\"H"
 346      E8DB69F0 
 346      82BEC731 
 346      00992C22 
 346      48
 347              		.text
 348              		.section	.gnu.lto_.refs.bfe27878,"",%progbits
 349 0000 789C6365 		.ascii	"x\234ce`b`d\000\002\000\000I\000\011"
 349      60626064 
 349      00020000 
 349      490009
 350              		.text
 351              		.section	.gnu.lto_.decls.bfe27878,"",%progbits
 352 0000 789C9D57 		.ascii	"x\234\235WiP\025\331\025\356\323\375|\300[\300Ak\312"
 352      695015D9 
 352      15EED3FD 
 352      7CC05BC0 
 352      416BCA
 353 0013 1FA6C632 		.ascii	"\037\246\3062X2\326\010\2425\243\346GJcb\264j\214Sc"
ARM GAS  C:\Users\SANDEE~1\AppData\Local\Temp\ccVrtO7n.s 			page 27


 353      5832D608 
 353      A235A3E6 
 353      474A6362 
 353      B46A8C53 
 354 0028 9C9A1F54 		.ascii	"\234\232\037T\275\340\343\215\220a\013<&c\376\244\237"
 354      BDE0E38D 
 354      90610B3C 
 354      2663FEA4 
 354      9F
 355 0039 2B2AE282 		.ascii	"+*\342\202\"\233\212\250,\012\310\242(\342\202\200\240"
 355      229B8AA8 
 355      2C0AC8A2 
 355      28E28280 
 355      A0
 356 004a B8A18C20 		.ascii	"\270\241\214 .\200\212H\334\025\035D\\r\356\322t\323"
 356      2E808A48 
 356      DC151D44 
 356      5C72EED2 
 356      74D3
 357 005c FA34952E 		.ascii	"\3724\225.\356\353\276\267\317\375\316\367\235{\356"
 357      EEEBBEB7 
 357      CFFDCEF7 
 357      9D7BEE
 358 006b E9CB1041 		.ascii	"\351\313\020A\024\246\177\"\010~\222 \234\021\005\341"
 358      14A67F22 
 358      087E9220 
 358      9C1105E1 
 359 007b 2D5E1E82 		.ascii	"-^\036\202 \024b\003l\345\002\273\214\330\232\260\265"
 359      20146203 
 359      6CE502BB 
 359      8CD89AB0 
 359      B5
 360 008c 62BB8EAD 		.ascii	"b\273\216\255\035['\266.\341\335+\027'z\342\375;l\276"
 360      1D5B27B6 
 360      2EE1DD2B 
 360      17277AE2 
 360      FD3B6CBE 
 361 00a0 D886636B 		.ascii	"\330\206ck\304V\304\361\316a;\216\015]\012\247\260\235"
 361      C456C4F1 
 361      CE613B8E 
 361      0D5D0AA7 
 361      B09D
 362 00b2 C4D6C0FD 		.ascii	"\304\326\300\3755\361\373s\035f\031\016z\277\007s>\307"
 362      35F1FB73 
 362      1D66190E 
 362      7ABF0773 
 362      3EC7
 363 00c4 9DCB315F 		.ascii	"\235\3131_a{\213\315\200\366C\260\325p\177(M\250\346"
 363      617B8BCD 
 363      80F643B0 
 363      D5707F28 
 363      4DA8E6
 364 00d7 BEBCB80E 		.ascii	"\276\274\270\016\017`\374Mx\267`\363\005\246i8\336?"
 364      0F60FC4D 
 364      78B760F3 
 364      05A66938 
 364      DE3F
ARM GAS  C:\Users\SANDEE~1\AppData\Local\Temp\ccVrtO7n.s 			page 28


 365 00e9 05C6E337 		.ascii	"\005\306\34370\230G%\261\325p\230\317y\020\337e\234"
 365      30984725 
 365      B1D57098 
 365      CF7910DF 
 365      659C
 366 00fb 07F157C3 		.ascii	"\007\361W\303\265\022n\245\204\017\327Z\315\265\236"
 366      B5126EA5 
 366      840FD75A 
 366      CDB59E
 367 010a E43AAFF3 		.ascii	"\344:\257\363\273\237\316\3171\354\373|\304\217V\353"
 367      BB9FCECF 
 367      31ECFB7C 
 367      C48F56EB 
 368 011a FFEA93AC 		.ascii	"\377\352\223\254m\273N\363u\215f\375u\312\315Z\316\347"
 368      6DBB4EF3 
 368      758D66FD 
 368      75CACD5A 
 368      CEE7
 369 012c 5C14BFA2 		.ascii	"\\\024\277\242\306\027\201\351\344\367q:\314\263\330"
 369      C61781E9 
 369      E4F7713A 
 369      CCB3D8
 370 013b 377F00EF 		.ascii	"7\177\000\357}\232\264\330\204\377\207\326L\177m\226"
 370      7D9AB4D8 
 370      84FF87D6 
 370      4C7F6D96 
 371 014b A0BD2F6F 		.ascii	"\240\275/of@\201\314.OQ}qaiq\246\224$\201\257\011\014"
 371      664081CC 
 371      2E4F517D 
 371      71616971 
 371      A6942481 
 372 0162 D87D7236 		.ascii	"\330}r6\375\2267v\207\233`\024v\257\237\314\337C\336"
 372      FD963776 
 372      879B6014 
 372      76AF9FCC 
 372      DF43DE
 373 0175 CE3501D9 		.ascii	"\3165\001\331\024>8\264\367~E\237\225\015\221\371;\373"
 373      143E38B4 
 373      F77E459F 
 373      950D91F9 
 373      3BFB
 374 0187 1E1DB048 		.ascii	"\036\035\260Hf\362,^8\362\340\206'\370\233r\210\223"
 374      66F22C5E 
 374      38F2E086 
 374      27F89B72 
 374      8893
 375 0199 AA960D01 		.ascii	"\252\226\015\001=\313dY\204\"0A\001H\220\013\001$ s"
 375      3DCB6459 
 375      84223041 
 375      0148900B 
 375      01242073 
 376 01ad 4DF89B20 		.ascii	"M\370\233 \313\213\345uKd\257Y\002\344\303H\310\203"
 376      CB8BE575 
 376      4B64AF59 
 376      02E4C348 
 376      C883
 377 01bf 91021482 		.ascii	"\221\002\024\202?\201%v\260\007\007w\343 \272\330Z\375"
ARM GAS  C:\Users\SANDEE~1\AppData\Local\Temp\ccVrtO7n.s 			page 29


 377      3F812576 
 377      B0070777 
 377      E320BAD8 
 377      5AFD
 378 01d1 C8653120 		.ascii	"\310e1 g\212\264\300@\306N\274\355\255\362a\264E\354"
 378      678AB4C0 
 378      40C64EBC 
 378      EDADF261 
 378      B445EC
 379 01e4 5E7C7C66 		.ascii	"^||f\213\231\321\036\212\335\027)IG`D\012\025\273D\036"
 379      8B99D11E 
 379      8ADD1729 
 379      49476044 
 379      0A15BB44 
 380 01f9 2AC27C0B 		.ascii	"*\302|\013\224 `1\002\012P\012#\360w/\030X\004\012."
 380      94206031 
 380      020A500A 
 380      23F0772F 
 380      1858040A 
 381 020e 37178B96 		.ascii	"7\027\213\226U\003\204\310\373\001N\002\224\201\205"
 381      550384C8 
 381      FB014E02 
 381      948185
 382 021d 3347DBB2 		.ascii	"3G\333\262\266\244\032\253\3647\252\266\345F\356F+\370"
 382      B6A41AAB 
 382      F437AAB6 
 382      E546EE46 
 382      2BF8
 383 022f 5B98DA47 		.ascii	"[\230\332G[&\244P\265\345h\277OU\213\323\361\346\006"
 383      5B26A450 
 383      B5E568BF 
 383      4F558BD3 
 383      F1E606
 384 0242 1DF6A362 		.ascii	"\035\366\243b\325\001\231\213N\312W\324m\261\264\301"
 384      D501998B 
 384      4ECA57D4 
 384      6DB1B4C1 
 385 0252 35209287 		.ascii	"5 \222\207\322\205\002`\277@\033\355\276U.\000:\216"
 385      D2850260 
 385      BF401BED 
 385      BE552E00 
 385      3A8E
 386 0264 A3A2C037 		.ascii	"\243\242\3007\2542\004\312\014\336\027yW\344\220\364"
 386      AC3204CA 
 386      0CDE1779 
 386      57E490F4 
 387 0274 8F4F060D 		.ascii	"\217O\006\015\"{\315<)\027\313e\366@\247\361\251\000"
 387      227BCD3C 
 387      2917CB65 
 387      F640A7F1 
 387      A900
 388 0286 A2EA0040 		.ascii	"\242\352\000@;A\003\310h\363\367\003\374\004U\034(\011"
 388      3B4103C8 
 388      68F3F703 
 388      FC04551C 
 388      2809
 389 0298 793FB167 		.ascii	"y?\261g\233\241\035\256\003\230\205\254i@\307^\227\037"
ARM GAS  C:\Users\SANDEE~1\AppData\Local\Temp\ccVrtO7n.s 			page 30


 389      9BA11DAE 
 389      039885AC 
 389      6940C75E 
 389      971F
 390 02aa 0E93D603 		.ascii	"\016\223\326\003M\270[\005M\027\2544\033H\244Y6\224"
 390      4DB85B05 
 390      4D17AC34 
 390      1B48A459 
 390      3694
 391 02bc D5B73EF4 		.ascii	"\325\267>\364\032\310\220C@\007\323+\2375\014a)\342"
 391      1AC89043 
 391      4007D32B 
 391      9F350C61 
 391      29E2
 392 02ce 89DD8CBE 		.ascii	"\211\335\214\276\264`)\233a\324W\037\331\354-\225\260"
 392      B460299B 
 392      61D4571F 
 392      D9EC2D95 
 392      B0
 393 02df 4E42EB92 		.ascii	"NB\353\222&\213T\301:\251\033\012*@:N;\206\372'\267"
 393      268B54C1 
 393      3AA91B0A 
 393      2A403A4E 
 393      3B86FA27 
 394 02f4 EF0258FC 		.ascii	"\357\002X\374\206\371k\326\257\006\206i\262\3438]^!"
 394      86F96BD6 
 394      AF068669 
 394      B2E3385D 
 394      5E21
 395 0306 9BBCAF7A 		.ascii	"\233\274\257zT\341\227\233\273\\^\027B\206\341\030&"
 395      54E1979B 
 395      BB5C5E17 
 395      4286E118 
 395      26
 396 0317 81D61802 		.ascii	"\201\326\030\002\311\204 \374\021\326\223\224A\270i"
 396      C98420FC 
 396      11D69394 
 396      41B869
 397 0326 064DF657 		.ascii	"\006M\366Wq{\314\005\250\305\274\250\006?\032\023\226"
 397      717BCC05 
 397      A8C5BCA8 
 397      063F1A13 
 397      96
 398 0337 5F752B24 		.ascii	"_u+$\334\270\304@\340\331\302\343\325\337\275\261\025"
 398      DCB8C440 
 398      E0D9C2E3 
 398      D5DFBDB1 
 398      15
 399 0348 984C923C 		.ascii	"\230L\222<\213+[\327\373\260\235\320A^\2276/=l\226\236"
 399      8B2B5BD7 
 399      FBB09DD0 
 399      415E9736 
 399      2F3D6C96 
 400 035d 524143F2 		.ascii	"RAC\362\253k7Y\301\317\017\0251\306\315\251\276\311"
 400      AB6B3759 
 400      C1CF0F15 
 400      31C6CDA9 
ARM GAS  C:\Users\SANDEE~1\AppData\Local\Temp\ccVrtO7n.s 			page 31


 400      BEC9
 401 036f 4BE49313 		.ascii	"K\344\223\023h\334\216 \201\323\357\020\316':\271\300"
 401      68DC8E20 
 401      81D3EF10 
 401      CE273AB9 
 401      C0
 402 0380 73A9C399 		.ascii	"s\251\303\2319\321w\364\275\346A\252u\227\002N\026\252"
 402      39D177F4 
 402      BDE641AA 
 402      7597024E 
 402      16AA
 403 0392 5E6F7D18 		.ascii	"^o}\030t\341\220i8\352\360\375\011\372\3524\217\305"
 403      74E19069 
 403      38EAF0FD 
 403      09FAEA34 
 403      8FC5
 404 03a4 198CC529 		.ascii	"\031\214\305)\360\203\223\330\032\006\307$\325\327%"
 404      F08393D8 
 404      1A06C724 
 404      D5D725
 405 03b3 CB402C75 		.ascii	"\313@,uA\271\230rb\217\207\364\206\252\026\233V\336"
 405      41B99872 
 405      628F87F4 
 405      86AA169B 
 405      56DE
 406 03c5 38688661 		.ascii	"8h\206a\376\357s\003\347\021\375\343\236~M5\222\350"
 406      FEEF7303 
 406      E711FDE3 
 406      9E7E4D35 
 406      92E8
 407 03d7 9F43C3B3 		.ascii	"\237C\303\263\352\336&~\251\273\215Y\275-\240-!\347"
 407      EADE267E 
 407      A9BB8D59 
 407      BD2DA02D 
 407      21E7
 408 03e9 06254923 		.ascii	"\006%I#K\0224,,o\2565\320D\3051\250d\211\332s\371\336"
 408      4B12342C 
 408      2C6FAE35 
 408      D044C531 
 408      A86489DA 
 409 0400 1A8BB65A 		.ascii	"\032\213\266Z}\367\251\246Z]\244\325\352\202R\255\312"
 409      7DF7A9A6 
 409      5A5DA4D5 
 409      EA8252AD 
 409      CA
 410 0411 5F66A718 		.ascii	"_f\247\030Gg\311Y\035r\325\235S_\244\025,\227\033q\336"
 410      4767C959 
 410      1D72D59D 
 410      535FA415 
 410      2C971B71 
 411 0426 346A0815 		.ascii	"4j\010\025*9|\304\337\203\320\016p\000\332p\2675\301"
 411      2A397CC4 
 411      DF83D00E 
 411      7000DA70 
 411      B735C1
 412 0439 689CFF6C 		.ascii	"h\234\377lgj\255I*\024\301]eMir%Ht\014\213\346%\306"
 412      676AAD49 
ARM GAS  C:\Users\SANDEE~1\AppData\Local\Temp\ccVrtO7n.s 			page 32


 412      2A14C15D 
 412      654D6972 
 412      2548740C 
 413 0451 30E3F983 		.ascii	"0\343\371\203\333*\355f6X\271\366V\203\227[\332\227"
 413      DB2AED66 
 413      3658B9F6 
 413      5683975B 
 413      DA97
 414 0463 29ED1685 		.ascii	")\355\026\205\366\261\032W\272\225\323n\030\231&W-\226"
 414      F6B11A57 
 414      BA95D36E 
 414      18992657 
 414      2D96
 415 0475 49B1442B 		.ascii	"I\261D+\370E\345\374\213\236s+\345|\253\345f\267U:\302"
 415      F845E5FC 
 415      8B9E732B 
 415      E57CABE5 
 415      66B7553A 
 416 048a 383FDE92 		.ascii	"8?\336\222\225i\031\340\3028\337\177\230|\310\354\266"
 416      956919E0 
 416      C238DF7F 
 416      987CC8EC 
 416      B6
 417 049b DE5FA354 		.ascii	"\336_\243T\256\016\324\373\366\276&\017\244\322\201"
 417      AE0ED4FB 
 417      F6BE260F 
 417      A4D281
 418 04aa 54EAB679 		.ascii	"T\352\266y3..\221\230\301\025\225\313\025=\227\353\224"
 418      332E2E91 
 418      98C11595 
 418      CB153D97 
 418      EB94
 419 04bc CBF1E72B 		.ascii	"\313\361\347+\327\230\244\006\306%7{[\211\262\030w\307"
 419      D798A406 
 419      C625377B 
 419      5B89B218 
 419      77C7
 420 04ce 0DA82248 		.ascii	"\015\250\"Hm*R\233\036\251\235\"=9\224\323#I\315\014"
 420      6D2A529B 
 420      1EA99D22 
 420      3D3994D3 
 420      2349CD0C 
 421 04e2 A9A8A0BF 		.ascii	"\251\250\240\277\330\244D\235\211\332Zy\247\030\006"
 421      D8A4449D 
 421      89DA5A79 
 421      A71806
 422 04f1 84DE6041 		.ascii	"\204\336`A\357\356<_\342>\350\267\250\322\233\212\322"
 422      EFEE3C5F 
 422      E23EE8B7 
 422      A8D29B8A 
 422      D2
 423 0502 FD15F7C6 		.ascii	"\375\025\367\306q\241m\205\226\001\241h\005\035*\275"
 423      71A16D85 
 423      9601A168 
 423      051D2ABD 
 424 0512 0E3DBD4E 		.ascii	"\016=\275NJ/9\377X\242A\272\311\350\345\275i-0p\250"
 424      4A2F39FF 
ARM GAS  C:\Users\SANDEE~1\AppData\Local\Temp\ccVrtO7n.s 			page 33


 424      58A241BA 
 424      C9E8E5BD 
 424      692D3070 
 425 0527 86298390 		.ascii	"\206)\203\220n\253H\267\365H]\024\251\366\352\335\036"
 425      6EAB48B7 
 425      F5485D14 
 425      A9F6EADD 
 425      1E
 426 0538 2FE90143 		.ascii	"/\351\001CJ\250o\273\304\313\325'd1\316\326_\223X\271"
 426      4AA86FBB 
 426      C4CBD527 
 426      6431CED6 
 426      5F9358B9 
 427 054c 4A00EC6F 		.ascii	"J\000\354o?\333\223b\222\372\231\255\362U\367e_\365"
 427      3FDB9362 
 427      92FA99AD 
 427      F255F765 
 427      5FF5
 428 055e 929C37D7 		.ascii	"\222\2347\327\274M\011\274v\342.\303qu\223\335\007<"
 428      BC4D09BC 
 428      76E22EC3 
 428      717593DD 
 428      073C
 429 0570 57600D82 		.ascii	"W`\015\202{\354\324p\351\305\221\227\026i\251D+y\307"
 429      7BECD470 
 429      E9C59197 
 429      1669A944 
 429      2B79C7
 430 0583 8EA7F78C 		.ascii	"\216\247\367\214\340?\022\300\204-G9\007\011\360\030"
 430      E03F12C0 
 430      842D4739 
 430      0709F018 
 431 0593 F3FE01A1 		.ascii	"\363\376\001\241\315\256t\031\341\037\377\233\014\263"
 431      CDAE7419 
 431      E11FFF9B 
 431      0CB3
 432 05a1 23CAE36C 		.ascii	"#\312\343lY\032!\300\244\2210\001\213\305C,\020\217"
 432      591A21C0 
 432      A4913001 
 432      8BC5432C 
 432      108F
 433 05b3 A99F27E8 		.ascii	"\251\237'\350\367\021:J\307\252@F\010\333\275W\327y"
 433      F7113A4A 
 433      C7AA4046 
 433      08DBBD57 
 433      D779
 434 05c5 F9AEE345 		.ascii	"\371\256\343Ef\024P\354\377\240]7\345\367\024|\025\226"
 434      661450EC 
 434      FFA05D37 
 434      E5F7147C 
 434      1596
 435 05d7 C47ADDD9 		.ascii	"\304z\335\331\355\031^&\356#\341\203>\320\372\371\261"
 435      ED195E26 
 435      EE23E183 
 435      3ED0FAF9 
 435      B1
 436 05e8 A4E7462D 		.ascii	"\244\347F-v\317\207\260\217m\251*\365\030\263Cn\254"
ARM GAS  C:\Users\SANDEE~1\AppData\Local\Temp\ccVrtO7n.s 			page 34


 436      76CF87B0 
 436      8F6DA92A 
 436      F518B343 
 436      6EAC
 437 05fa 92AB1EA6 		.ascii	"\222\253\036\246\031]YU\256Q\360\014|\341.\256\025\226"
 437      195D5955 
 437      AE51F00C 
 437      7CE12EAE 
 437      1596
 438 060c 01CDCC3B 		.ascii	"\001\315\314;8\362W<7<\2071\232\343\336\330w\217{c\331"
 438      38F2573C 
 438      373C8731 
 438      9AE3DED8 
 438      778F7B63 
 439 0621 71EFE2DA 		.ascii	"q\357\342\332\247;=\244\2254\252bZCK\265a\340\274w\347"
 439      A73B3DA4 
 439      9534AA62 
 439      5A434BB5 
 439      61E0BC77 
 440 0636 EEEFD39E 		.ascii	"\356\357\323\236\022r/\221\333\0135+\306\272=\357\365"
 440      12722F91 
 440      DB0B352B 
 440      C6BA3DEF 
 440      F5
 441 0647 A1D4B1FC 		.ascii	"\241\324\261\374\274\327\213\203\2772\261\371;\327g"
 441      BCD78B83 
 441      BF32B1F9 
 441      3BD767
 442 0656 1BA54EE6 		.ascii	"\033\245N\346\243\356\350\325\313\0060\371\277\027\340"
 442      A3EEE8D5 
 442      CB0630F9 
 442      BF17E0
 443 0665 F57B00F8 		.ascii	"\365{\000\370q\354\365\350:z\034{\205d\372U2/i\214\310"
 443      71ECF5E8 
 443      3A7A1C7B 
 443      8564FA55 
 443      322F698C 
 444 067a 283A5A55 		.ascii	"(:ZU\336\324fp\233Po\224\204\232@Y%>\270\220j\321/\257"
 444      DED46670 
 444      9B506F94 
 444      849A4059 
 444      253EB890 
 445 0692 BAF5DED2 		.ascii	"\272\365\336\322%x\303\340\261\2033:\373\013\017y\263"
 445      2578C3E0 
 445      B183333A 
 445      FB0B0F79 
 445      B3
 446 06a3 F43562B7 		.ascii	"\3645b\267wo\3269\253[o.\221{\223E\352\356\331\252e"
 446      776FD639 
 446      AB5B6F2E 
 446      917B9345 
 446      EAEED9AA 
 447 06b8 BDFC5CEE 		.ascii	"\275\374\\\356A6`Wf\222\205\355\223)\330\275\332XPg"
 447      41366057 
 447      669285ED 
 447      9329D8BD 
 447      DA585067 
ARM GAS  C:\Users\SANDEE~1\AppData\Local\Temp\ccVrtO7n.s 			page 35


 448 06cc D5935922 		.ascii	"\325\223Y\"\216\204\305\"\001[*\372*\220\264\2033\\"
 448      8E84C522 
 448      015B2AFA 
 448      2A90B483 
 448      335C
 449 06de CD079E98 		.ascii	"\315\007\236\230\264\237(\362\011W\335/\023\351'\212"
 449      B49F28F2 
 449      0957DD2F 
 449      13E9278A 
 450 06ee DCC929A8 		.ascii	"\334\311)\250\273\310*\225\032\350\212\257|s!]\302\255"
 450      BBC82A95 
 450      1AE88AAF 
 450      7C73215D 
 450      C2AD
 451 0700 5F855BFF 		.ascii	"_\205[\377^\205_~\251,c`q\335\311\346_.\016D\026\037"
 451      5E855F7E 
 451      A92C6360 
 451      71DDC9E6 
 451      5F2E0E44 
 452 0716 076FFE15 		.ascii	"\007o\376\025\"\331\374\211\313v\273<\244\303\014\353"
 452      22D9FC89 
 452      CB76BB3C 
 452      A4C30CEB 
 453 0726 85EBD271 		.ascii	"\205\353\322q\223\333\352\265R$\325k\001/^\373\226\265"
 453      93DBEAB5 
 453      5224D56B 
 453      012F5EFB 
 453      96B5
 454 0738 BFF2E07E 		.ascii	"\277\362\340~{R\245C{\350\207.k\026\265\203\004\325"
 454      7B52A543 
 454      7BE8872E 
 454      6B16B583 
 454      04D5
 455 074a 7182DEF1 		.ascii	"q\202\336\361*\3528\247\367\305jo\251\2139.\335\374"
 455      2AEA38A7 
 455      F7C56A6F 
 455      A98B392E 
 455      DDFC
 456 075c A0C58783 		.ascii	"\240\305\207\203\325l\225R\367\016\002[\255\202\255"
 456      D56C9552 
 456      F70E025B 
 456      AD82AD
 457 076b D6832552 		.ascii	"\326\203%R\260\226\256\352P)}\010\305\332]\270\265\330"
 457      B096AEEA 
 457      50297D08 
 457      C5DA5DB8 
 457      B5D8
 458 077d 5BCA639D 		.ascii	"[\312c\235\325\3255\231F,\322\220D&\222\221\352\276"
 458      D5D53599 
 458      462CD290 
 458      44269291 
 458      EABE
 459 078f F6A1B46A 		.ascii	"\366\241\264j\277\032\370\244\326\026\357y\355\355V"
 459      BF1AF8A4 
 459      D616EF79 
 459      EDED56
 460 079e F67A2A7B 		.ascii	"\366z*{\235\310u\367\325\227\355\364\342T{\213\244\206"
ARM GAS  C:\Users\SANDEE~1\AppData\Local\Temp\ccVrtO7n.s 			page 36


 460      9DC875F7 
 460      D597EDF4 
 460      E2547B8B 
 460      A486
 461 07b0 92CED32E 		.ascii	"\222\316\323.y\370\322\317\211\035\254Q\230\302Z\321"
 461      79F8D2CF 
 461      891DAC51 
 461      98C25AD1 
 462 07c0 407A83C9 		.ascii	"@z\203\311n\240d\033\037V&\232\245[\214\340"
 462      6EA0641B 
 462      1F56269A 
 462      A55B8CE0 
 463 07d0 9935579E 		.ascii	"\2315W\236\201\002\227*\235[}:Q\316r\311\323fQ\345\311"
 463      8102972A 
 463      9D5B7D3A 
 463      51CE72C9 
 463      D36651E5 
 464 07e5 AAF2643D 		.ascii	"\252\362d=\330F\012\326\261\355N\262Uz\304\300\372\217"
 464      D8460AD6 
 464      B1ED4EB2 
 464      557AC4C0 
 464      FA8F
 465 07f7 36254B6A 		.ascii	"6%Kj\030O\016\016\343&\025l\223\036,\205\202e\354_\233"
 465      184F0E0E 
 465      E326156C 
 465      931E2C85 
 465      8265EC5F 
 466 080c 6194FA19 		.ascii	"a\224\372\031Xy\327\251:\023Ki\231\224\376\242\247\317"
 466      5879D7A9 
 466      3A134B69 
 466      9994FEA2 
 466      A7CF
 467 081e 8A8C2CE3 		.ascii	"\212\214,\343I\341\351\353\251*\366t\273]\322\225\355"
 467      49E1E9EB 
 467      A92AF674 
 467      BB5DD295 
 467      ED
 468 082f 92C6B64B 		.ascii	"\222\306\266K\315\376\244\357\365\373!Ud\037\003\001"
 468      CDFEA4EF 
 468      F5FB2155 
 468      641F0301 
 469 083f 32E87EA0 		.ascii	"2\350~\240s\210q\333\252\346\033\357TS\267\326\333j"
 469      738871DB 
 469      AAE61BEF 
 469      5453B7D6 
 469      DB6A
 470 0851 7BF28CBC 		.ascii	"{\362\214\274\232\342\211+3GN(\306\252\237)\262z\212"
 470      9AE2892B 
 470      33474E28 
 470      C6AA9F29 
 470      B27A8A
 471 0864 4714CDDC 		.ascii	"G\024\315\334\315\"\253\247[DRO7\237?\260\002\253\245"
 471      CD22ABA7 
 471      5B44524F 
 471      379F3FB0 
 471      02ABA5
 472 0877 91EADD71 		.ascii	"\221\352\335q\267\242\206\377?b\305\356\265\354\215"
ARM GAS  C:\Users\SANDEE~1\AppData\Local\Temp\ccVrtO7n.s 			page 37


 472      B7A286FF 
 472      3F62C5EE 
 472      B5EC8D
 473 0886 BB0C4C7E 		.ascii	"\273\014L~7Up\177_\257\217[\275\333\025\275'X\215<\330"
 473      3755707F 
 473      5FAF8F5B 
 473      BDDB15BD 
 473      27588D3C 
 474 089b 589161D6 		.ascii	"X\221a\326\013\316B\032\333h\001\310\246\022\266+\022"
 474      0BCE421A 
 474      DB6801C8 
 474      A612B62B 
 474      12
 475 08ac CA5A97A7 		.ascii	"\312Z\227\247z\351\005\273\265\356\277\261i\275\027"
 475      7AE905BB 
 475      B5EEBFB1 
 475      69BD17
 476 08bb 177CF333 		.ascii	"\027|\3633\366\365\330\301\325\342!H3q+W\273\223\252"
 476      F6F5D8C1 
 476      D5E22148 
 476      33712B57 
 476      BB93AA
 477 08ce 5DB5ABAF 		.ascii	"]\265\253\257\333 mfj[Z\227V\360\357\274\231|\356N\267"
 477      DB206D66 
 477      6A5B5A97 
 477      56F0EFBC 
 477      997CEE4E 
 478 08e3 7FEF565C 		.ascii	"\177\357V\\\256\".\207-\246\253g\307\275w\252\233\372"
 478      AE222E87 
 478      2DA6AB67 
 478      C7BD77AA 
 478      9BFA
 479 08f5 8F411EA5 		.ascii	"\217A\036\245\233\253\320m\311\272Sk\321\213sk\235\267"
 479      9BABD06D 
 479      C9BA536B 
 479      D18B736B 
 479      9DB7
 480 0907 26A34411 		.ascii	"&\243D\021\367r<\023\227\317\305\341\301G3q\027\027"
 480      F7723C13 
 480      97CFC5E1 
 480      C1473371 
 480      1717
 481 0919 B75B1C23 		.ascii	"\267[\034#x\376\371/\363G\315\010\012\022\214q\341\377"
 481      78FEF92F 
 481      F347CD08 
 481      0A128C71 
 481      E1FF
 482 092b 72D89C73 		.ascii	"r\330\234s\354\277\013^\030\025\357\214\216\216\210"
 482      ECBF0B5E 
 482      1815EF8C 
 482      8E8E88
 483 093a 0B898D0C 		.ascii	"\013\211\215\014\376j\324\304\011A\223\307\377c\342"
 483      FE6AD4C4 
 483      094193C7 
 483      FF63E2
 484 0949 F8F898D0 		.ascii	"\370\370\230\320\020\247#8\"|A\360B\273=\030_\216\217"
 484      10A72338 
ARM GAS  C:\Users\SANDEE~1\AppData\Local\Temp\ccVrtO7n.s 			page 38


 484      227C41F0 
 484      42BB3D18 
 484      5F8E8F
 485 095c 8A8E728C 		.ascii	"\212\216r\214w\204,\010\017\376*`R@Ppx\224=\">\324\021"
 485      77842C08 
 485      0FFE2A60 
 485      52405070 
 485      78943D22 
 486 0973 1CE70C0D 		.ascii	"\034\347\014\015u\374\020\020&X\"\035\221\013\035\316"
 486      75FC1010 
 486      2658221D 
 486      910B1DCE 
 487 0983 1FE2A3EC 		.ascii	"\037\342\243\3546\347o\003\002\002\331_t\\`\2543\220"
 487      36E76F03 
 487      0202D95F 
 487      745C60AC 
 487      3390
 488 0995 5B07DAC3 		.ascii	"[\007\332\303\320\312\036\035\353\300\011C\355a\337"
 488      D0CA1E1D 
 488      EBC00943 
 488      ED61DF
 489 09a4 A0EBB90B 		.ascii	"\240\353\271\013\376\356\260;gG\205;\275#cl\321\264"
 489      FEEEB03B 
 489      6747853B 
 489      BD23636C 
 489      D1B4
 490 09b6 6723043D 		.ascii	"g#\004=\260\033\345\370\331\351\021\023F\357\346\030"
 490      B01BE5F8 
 490      D9E91113 
 490      46EFE618 
 491 09c6 B4B68539 		.ascii	"\264\266\2059BB\035\261~\037\302'vq\350\300\214\000"
 491      42421DB1 
 491      7E1FC227 
 491      7671E8C0 
 491      8C00
 492 09d8 31B1D13F 		.ascii	"1\261\321?\205\343\004+\216G\307.\262Q\014\347(\335"
 492      85E3042B 
 492      8E47C72E 
 492      B2510CE7 
 492      28DD
 493 09ea F4B858BB 		.ascii	"\364\270X\273v\252]\360a\334\276\216\016\011\235\036"
 493      76AA5DF0 
 493      61DCBE8E 
 493      0E099D1E 
 494 09fa 1B1BB2C8 		.ascii	"\033\033\262\310\302\372\323#\"\242\355\263\315\232"
 494      C2FAD323 
 494      22A2EDB3 
 494      CD9A
 495 0a08 0E7F9E19 		.ascii	"\016\177\236\031\353p\3146\251\317V\233\215\006\302"
 495      EB70CC36 
 495      A9CF569B 
 495      8D06C2
 496 0a17 1630F9CB 		.ascii	"\0260\371\313\311_z*=\203=,$\326d\263\305\207G9'M\264"
 496      C95F7A2A 
 496      3D833D2C 
 496      24D664B3 
 496      C5874739 
ARM GAS  C:\Users\SANDEE~1\AppData\Local\Temp\ccVrtO7n.s 			page 39


 497 0a2e 39E77E6C 		.ascii	"9\347~l\005\006G^\211yd\210=,<\312\021l\303\310\207"
 497      0506475E 
 497      89796488 
 497      3D2C3CCA 
 497      116CC3C8 
 498 0a43 C447386D 		.ascii	"\304G8m\316E1\016\242\330S\001\376\343\377\007\034\267"
 498      CE45310E 
 498      A2D85301 
 498      FEE3FF07 
 498      1CB7
 499 0a55 282ED886 		.ascii	"(.\330\206+\212(\210\346\305u\206\206\342\323\274Eq"
 499      2B8A2888 
 499      E6C57586 
 499      86E2D3BC 
 499      4571
 500 0a67 5F47DB7F 		.ascii	"_G\333\177\374\314m\340q.\231\023\023\035\353\264a`"
 500      FCCC6DE0 
 500      712E9913 
 500      131DEBB4 
 500      6160
 501 0a79 7EFC5C67 		.ascii	"~\374\\gI^\304\005N\377v\316\2149?\2439I\002\333O\223"
 501      495EC405 
 501      4EFF76CE 
 501      8C393FA3 
 501      394902DB 
 502 0a8f 23710E06 		.ascii	"#q\016\006+\316\341\264\375a\372\274?}\363\355lkH\304"
 502      2BCEE1B4 
 502      FD61FABC 
 502      3F7DF3ED 
 502      6C6B48C4 
 503 0aa3 3F4316C5 		.ascii	"?C\026\305\331\302\243\"P\343\027Z\024L\202\300\031"
 503      D9C2A322 
 503      50E3175A 
 503      144C82C0 
 503      19
 504 0ab4 73E6CD9E 		.ascii	"s\346\315\236\247\272%(\366\310\231\030]\262\340\224"
 504      A7BA2528 
 504      F6C89918 
 504      5DB2E094 
 505 0ac4 E6FC28E2 		.ascii	"\346\374(\342\336L\211\304\323g\355jL\011\032\324\233"
 505      DE4C89C4 
 505      D367ED6A 
 505      4C091AD4 
 505      9B
 506 0ad5 AAED4D9D 		.ascii	"\252\355M\235\372_\" 9\277"
 506      FA5F2220 
 506      39BF
 507              		.text
 508              		.section	.gnu.lto_.symtab.bfe27878,"",%progbits
 509 0000 6368506F 		.ascii	"chPoolObjectInit\000"
 509      6F6C4F62 
 509      6A656374 
 509      496E6974 
 509      00
 510 0011 00       		.ascii	"\000"
 511 0012 00       		.ascii	"\000"
 512 0013 00       		.ascii	"\000"
ARM GAS  C:\Users\SANDEE~1\AppData\Local\Temp\ccVrtO7n.s 			page 40


 513 0014 00000000 		.ascii	"\000\000\000\000\000\000\000\000"
 513      00000000 
 514 001c D3000000 		.ascii	"\323\000\000\000"
 515 0020 6368506F 		.ascii	"chPoolLoadArray\000"
 515      6F6C4C6F 
 515      61644172 
 515      72617900 
 516 0030 00       		.ascii	"\000"
 517 0031 00       		.ascii	"\000"
 518 0032 00       		.ascii	"\000"
 519 0033 00000000 		.ascii	"\000\000\000\000\000\000\000\000"
 519      00000000 
 520 003b D9000000 		.ascii	"\331\000\000\000"
 521 003f 6368506F 		.ascii	"chPoolAllocI\000"
 521      6F6C416C 
 521      6C6F6349 
 521      00
 522 004c 00       		.ascii	"\000"
 523 004d 00       		.ascii	"\000"
 524 004e 00       		.ascii	"\000"
 525 004f 00000000 		.ascii	"\000\000\000\000\000\000\000\000"
 525      00000000 
 526 0057 DD000000 		.ascii	"\335\000\000\000"
 527 005b 6368506F 		.ascii	"chPoolAlloc\000"
 527      6F6C416C 
 527      6C6F6300 
 528 0067 00       		.ascii	"\000"
 529 0068 00       		.ascii	"\000"
 530 0069 00       		.ascii	"\000"
 531 006a 00000000 		.ascii	"\000\000\000\000\000\000\000\000"
 531      00000000 
 532 0072 DF000000 		.ascii	"\337\000\000\000"
 533 0076 6368506F 		.ascii	"chPoolFreeI\000"
 533      6F6C4672 
 533      65654900 
 534 0082 00       		.ascii	"\000"
 535 0083 00       		.ascii	"\000"
 536 0084 00       		.ascii	"\000"
 537 0085 00000000 		.ascii	"\000\000\000\000\000\000\000\000"
 537      00000000 
 538 008d E4000000 		.ascii	"\344\000\000\000"
 539 0091 6368506F 		.ascii	"chPoolFree\000"
 539      6F6C4672 
 539      656500
 540 009c 00       		.ascii	"\000"
 541 009d 00       		.ascii	"\000"
 542 009e 00       		.ascii	"\000"
 543 009f 00000000 		.ascii	"\000\000\000\000\000\000\000\000"
 543      00000000 
 544 00a7 E6000000 		.ascii	"\346\000\000\000"
 545              		.text
 546              		.section	.gnu.lto_.opts,"",%progbits
 547 0000 272D666D 		.ascii	"'-fmath-errno' '-fsigned-zeros' '-ftrapping-math' '"
 547      6174682D 
 547      6572726E 
 547      6F272027 
 547      2D667369 
ARM GAS  C:\Users\SANDEE~1\AppData\Local\Temp\ccVrtO7n.s 			page 41


 548 0033 2D666E6F 		.ascii	"-fno-trapv' '-fno-openmp' '-fno-openacc' '-mcpu=cor"
 548      2D747261 
 548      70762720 
 548      272D666E 
 548      6F2D6F70 
 549 0066 7465782D 		.ascii	"tex-m4' '-mfloat-abi=hard' '-mfpu=fpv4-sp-d16' '-mn"
 549      6D342720 
 549      272D6D66 
 549      6C6F6174 
 549      2D616269 
 550 0099 6F2D7468 		.ascii	"o-thumb-interwork' '-mthumb' '-ggdb' '-O2' '-fomit-"
 550      756D622D 
 550      696E7465 
 550      72776F72 
 550      6B272027 
 551 00cc 6672616D 		.ascii	"frame-pointer' '-falign-functions=16' '-ffunction-s"
 551      652D706F 
 551      696E7465 
 551      72272027 
 551      2D66616C 
 552 00ff 65637469 		.ascii	"ections' '-fdata-sections' '-fno-common' '-flto' '-"
 552      6F6E7327 
 552      20272D66 
 552      64617461 
 552      2D736563 
 553 0132 6673696E 		.ascii	"fsingle-precision-constant'\000"
 553      676C652D 
 553      70726563 
 553      6973696F 
 553      6E2D636F 
 554              		.text
 555              		.comm	__gnu_lto_v1,1,1
 556              		.comm	__gnu_lto_slim,1,1
 557              		.ident	"GCC: (GNU Tools for ARM Embedded Processors 6-2017-q2-update) 6.3.1 20170620 (release) [AR
ARM GAS  C:\Users\SANDEE~1\AppData\Local\Temp\ccVrtO7n.s 			page 42


DEFINED SYMBOLS
                            *ABS*:00000000 chmempools.c
                            *COM*:00000001 __gnu_lto_v1
                            *COM*:00000001 __gnu_lto_slim

NO UNDEFINED SYMBOLS
