ARM GAS  C:\Users\SANDEE~1\AppData\Local\Temp\cc37daGc.s 			page 1


   1              		.cpu cortex-m4
   2              		.eabi_attribute 27, 1
   3              		.eabi_attribute 28, 1
   4              		.eabi_attribute 20, 1
   5              		.eabi_attribute 21, 1
   6              		.eabi_attribute 23, 3
   7              		.eabi_attribute 24, 1
   8              		.eabi_attribute 25, 1
   9              		.eabi_attribute 26, 1
  10              		.eabi_attribute 30, 2
  11              		.eabi_attribute 34, 1
  12              		.eabi_attribute 18, 4
  13              		.file	"chmemcore.c"
  14              		.text
  15              	.Ltext0:
  16              		.section	.gnu.lto_.profile.bfe24a16,"",%progbits
  17 0000 789C6365 		.ascii	"x\234ce`b`a```dPQ\000\000\000\350\000Q"
  17      60626061 
  17      60606064 
  17      50510000 
  17      00E80051 
  18              		.text
  19              		.section	.gnu.lto_.icf.bfe24a16,"",%progbits
  20 0000 789C6365 		.ascii	"x\234ce`bPe@\0006\206\203G\3375\2630\355}\370\256\235"
  20      60625065 
  20      40003686 
  20      8347DF35 
  20      B330ED7D 
  21 0017 95054CB2 		.ascii	"\225\005L\262>o\351\277\310\306\366\367\364,O\366S\237"
  21      3E6FE9BF 
  21      C8C6F6F7 
  21      F42C4FF6 
  21      539F
  22 0029 7B7FF330 		.ascii	"{\177\3630\000\000\\+\022C"
  22      00005C2B 
  22      1243
  23              		.text
  24              		.section	.gnu.lto_.jmpfuncs.bfe24a16,"",%progbits
  25 0000 789C6365 		.ascii	"x\234ce`b\020b@\000\026 fedd\254g\003\021\354@\036\000"
  25      60621062 
  25      40001620 
  25      66656464 
  25      AC670311 
  26 0018 0BB20134 		.ascii	"\013\262\0014"
  27              		.text
  28              		.section	.gnu.lto_.inline.bfe24a16,"",%progbits
  29 0000 789C6365 		.ascii	"x\234ce`bHf@\000\026\006\006V\026F\006&\226\005\362"
  29      60624866 
  29      40001606 
  29      06561646 
  29      06269605 
  30 0015 0C6C0BE4 		.ascii	"\014l\013\344\231@b\254\014|\274\214\214\014\012\214"
  30      994062AC 
  30      0C7CBC8C 
  30      8C0C0A8C 
  31 0025 0C0CCC42 		.ascii	"\014\014\314B\007:\031!\022@\025, Y6\006\036n\230,\337"
  31      073A1921 
ARM GAS  C:\Users\SANDEE~1\AppData\Local\Temp\cc37daGc.s 			page 2


  31      1240152C 
  31      20593606 
  31      1E6E982C 
  32 003a 822C5449 		.ascii	"\202,TIv\0066V\240il\037\364\340\2461\000\000\371:\012"
  32      76063656 
  32      A0696C1F 
  32      F4E0A631 
  32      0000F93A 
  33 004f 1E       		.ascii	"\036"
  34              		.text
  35              		.section	.gnu.lto_.pureconst.bfe24a16,"",%progbits
  36 0000 789C6365 		.ascii	"x\234ce`b\340b```a\220`\335\305\310&\301\316\002\000"
  36      6062E062 
  36      60606061 
  36      9060DDC5 
  36      C826C1CE 
  37 0016 06F60117 		.ascii	"\006\366\001\027"
  38              		.text
  39              		.section	.gnu.lto__core_init.bfe24a16,"",%progbits
  40 0000 789C7D52 		.ascii	"x\234}R]k\023Q\020\235\271\263I6\332P\004\037\264\025"
  40      5D6B1351 
  40      109DB9B3 
  40      4936DA50 
  40      041FB415 
  41 0014 2C421EFA 		.ascii	",B\036\372\222\375\003\376\227\245\246\201\276\324J"
  41      92FD03FE 
  41      97A5A681 
  41      BED44A
  42 0023 E27B6EAA 		.ascii	"\342{n\252i$\342\007\202\251\012e\003\021\252U\033\243"
  42      6924E207 
  42      82A90A65 
  42      0311AA55 
  42      1BA3
  43 0035 8DBA5230 		.ascii	"\215\272R0,\276\024\264\005\261\210\210\265\210\012"
  43      2CBE14B4 
  43      05B18888 
  43      B5880A
  44 0044 1545D0FA 		.ascii	"\025E\320\372Q\321\306\231\335m\253\015x\331;wv\356"
  44      51D1C699 
  44      DD6DAB0D 
  44      78D93B77 
  44      76EE
  45 0056 99997366 		.ascii	"\231\231sf7\002\012>)\200\203\000\320\313\033\011P\235"
  45      37020A3E 
  45      29808300 
  45      D0CB1B09 
  45      509D
  46 0068 9D072898 		.ascii	"\235\007(\230\012Q\034m\"\344\025\346\361\014\215\023"
  46      0A511C6D 
  46      22E415E6 
  46      F10C8D13 
  47 0078 7AA577AE 		.ascii	"z\245w\256\352\237\324\274Z\343\263\3211]\334\343\020"
  47      EA9FD4BC 
  47      5AE3B3D1 
  47      315DDCE3 
  47      10
  48 0089 C045DEB2 		.ascii	"\300E\336\262p\022\373\201a_\313_\336&\350\000\212_"
ARM GAS  C:\Users\SANDEE~1\AppData\Local\Temp\cc37daGc.s 			page 3


  48      7012FB81 
  48      615FCB5F 
  48      DE26E800 
  48      8A5F
  49 009b 7DE02D74 		.ascii	"}\340-t'kz\231S\346/\355>\247\253\027\264\341\020\342"
  49      276B7A99 
  49      53E62FED 
  49      3EA7AB17 
  49      B4E110E2 
  50 00af 15A4304F 		.ascii	"\025\2440O\\\020\354\26373\015$\313\317[r\247\033\321"
  50      5C10ECB3 
  50      37330D24 
  50      CBCF5B72 
  50      A71BD1
  51 00c2 30CFEB29 		.ascii	"0\317\353)h\257\320'YS[YSa\326\353\306\372\371D\324"
  51      68AFD027 
  51      59535B59 
  51      5361D6EB 
  51      C6FAF944 
  52 00d7 C06B98C4 		.ascii	"\300k\230\304\253\230\014\330\340u\214\"\237\365'\330"
  52      AB980CD8 
  52      E0758C22 
  52      9FF527D8 
  53 00e7 D2EBED92 		.ascii	"\322\353\355\222n}\333[_}\265k'\202CJ\211!1\006\033"
  53      6E7DDB5B 
  53      5F7DB56B 
  53      2782434A 
  53      89213106 
  54 00fc 8A89678A 		.ascii	"\212\211g\212\211\313+@\231\267\250?IJNZ\301\321\317"
  54      89CB2B40 
  54      99B7A83F 
  54      494A4E5A 
  54      C1D1CF
  55 010f A5C7CD65 		.ascii	"\245\307\315e\224\262\023\204\334\265R\364\026b\247"
  55      94B21384 
  55      DCB552F4 
  55      1662A7
  56 011e C921C3A7 		.ascii	"\311!\303\247\353\272\037^\304\362\277\265\311\201\232"
  56      EBBA1F5E 
  56      C4F2BFB5 
  56      C9819A
  57 012d 10E0D8FB 		.ascii	"\020\340\330\373G\213\017w88\201B|\232gx\003\367\371"
  57      478B0F77 
  57      38388142 
  57      7C9A6778 
  57      03F7F9
  58 0140 17D59F6B 		.ascii	"\027\325\237k\213]\014>\241u\237\024\250\243\303\\\361"
  58      8B5D0C3E 
  58      A1759F14 
  58      A8A3C35C 
  58      F1
  59 0151 26E66105 		.ascii	"&\346a\005\217U\306\3026*\350\264Z.~'\351\2440\206\015"
  59      8F55C6C2 
  59      362AE8B4 
  59      5A2E7E27 
  59      E9A43086 
  60 0166 2EC1985F 		.ascii	".\301\230_\033\030b\030c\236\036\277\274\024\0170?\332"
ARM GAS  C:\Users\SANDEE~1\AppData\Local\Temp\cc37daGc.s 			page 4


  60      1B186218 
  60      639E1EBF 
  60      BC140F30 
  60      3FDA
  61 0178 ED7637DE 		.ascii	"\355v7\336\362q\314\3729\005@\203\261\022\251\314\365"
  61      F271CCFA 
  61      39054083 
  61      B112A9CC 
  61      F5
  62 0189 4AE06F05 		.ascii	"J\340o\005\221\355\012\"5\302\355\012\010gX\301mQ\200"
  62      91ED0A22 
  62      35C2ED0A 
  62      086758C1 
  62      6D5180
  63 019c 4DE6CB15 		.ascii	"M\346\313\025\203\006/\233\263!\227X\307\034T\347\034"
  63      83062F9B 
  63      B3219758 
  63      C71C54E7 
  63      1C
  64 01ad EEFC670E 		.ascii	"\356\374g\016w\2039\334\013\346\260\251\321\344\322"
  64      778339DC 
  64      0BE6B0A9 
  64      D1E4D2
  65 01bc 5B82E642 		.ascii	"[\202\346BAq\276\010\004\365\204\202\376U@\235\012\334"
  65      4171BE08 
  65      04F58482 
  65      FE55409D 
  65      0ADC
  66 01ce 4D05F77D 		.ascii	"M\005\367}\005q\370\210\243\325\366)\277\217\377S\225"
  66      0571F888 
  66      A3D5F629 
  66      BF8FFF53 
  66      95
  67 01df 59387F70 		.ascii	"Y8\177p\346\275?\225\262\202g$ge\217Z\271l\332J\017"
  67      E6BD3F95 
  67      B2826724 
  67      67658F5A 
  67      B96CDA4A 
  68 01f4 0D6786D3 		.ascii	"\015g\206\323#\331L*\015]\266=\224\0318bg\016\017\332"
  68      23D94C2A 
  68      0D5DB63D 
  68      94193862 
  68      670E0FDA 
  69 0208 76227C39 		.ascii	"v\"|94\220\313\330\366\037\244\345\007\017"
  69      3490CBD8 
  69      F61FA4E5 
  69      070F
  70              		.text
  71              		.section	.gnu.lto_chCoreAlloc.bfe24a16,"",%progbits
  72 0000 789C8D54 		.ascii	"x\234\215TmL\233U\024>\347\275\267}\333\267\035~\374"
  72      6D4C9B55 
  72      143EE7BD 
  72      B77DDBB7 
  72      1D7EFC
  73 0013 F20789C5 		.ascii	"\362\007\211\305\210\004C\332e\321\370\333,\361\343"
  73      880443DA 
  73      65D1F8DB 
ARM GAS  C:\Users\SANDEE~1\AppData\Local\Temp\cc37daGc.s 			page 5


  73      2CF1E3
  74 0022 0731193F 		.ascii	"\0071\031?M\324Y\233@\002\203\264\260\014\377\360RZ"
  74      4DD4599B 
  74      400283B4 
  74      B00CFFF0 
  74      525A
  75 0034 70237333 		.ascii	"p#s3S\276\262\332e\037R\247\214\015\235\010\033\330"
  75      53BEB2DA 
  75      651F52A7 
  75      8C0D9D08 
  75      1BD8
  76 0046 0DDC8763 		.ascii	"\015\334\207cls%Y\2021n\210|\004\215\316/\222\271\326"
  76      6C732559 
  76      82316E88 
  76      7C048DCE 
  76      2F92B9D6 
  77 005a 73EE5B1A 		.ascii	"s\356[\032\326.\2727\355\333{\357y\316\271\317}\356"
  77      D62EBA37 
  77      EDDB7BEF 
  77      79CEB9CF 
  77      7DEE
  78 006c 796A030D 		.ascii	"yj\003\015^\261\003\234\001\200g\351\2136@m\3574@\253"
  78      5EB1039C 
  78      018067E9 
  78      8B36406D 
  78      EF3440AB 
  79 0080 43D3E4A2 		.ascii	"C\323\344\242\016\246!\022\347\000L\267@i\255KD\036"
  79      0EA62112 
  79      E7004CB7 
  79      4069AD4B 
  79      441E
  80 0092 980E8416 		.ascii	"\230\016\204\026MHl\301=\242[\340\265\310\361\375\342"
  80      4D486CC1 
  80      3DA25BE0 
  80      B5C8F1FD 
  80      E2
  81 00a3 5D111780 		.ascii	"]\021\027\200\222\246\277]\356\233+\342)\242\207\243"
  81      92A6BF5D 
  81      EE9B2BE2 
  81      29A287A3 
  82 00b3 CB0B1157 		.ascii	"\313\013\021Wy\277i\206\315d\367\250\336\335\026})."
  82      79BF6986 
  82      CD64F7A8 
  82      DEDD167D 
  82      292E
  83 00c5 34E82574 		.ascii	"4\350%t\002\213\261\037\213y\363\217\261\234\260\007"
  83      028BB11F 
  83      8B79F38F 
  83      B19CB007 
  84 00d5 5B672E6D 		.ascii	"[g.m\020O \320\270c`l\251\250\354\210\312K\355\023\346"
  84      104F20D0 
  84      B863606C 
  84      A9A8EC88 
  84      CA4BED13 
  85 00ea 937121F0 		.ascii	"\223q!\360(\212\365\211\264\004\370\011\2261~*\271s"
  85      288AF589 
  85      B404F809 
ARM GAS  C:\Users\SANDEE~1\AppData\Local\Temp\cc37daGc.s 			page 6


  85      96317E2A 
  85      B973
  86 00fc D010652A 		.ascii	"\320\020e*\367\273w\322\303\262\364\220\312\375+\366"
  86      F7BB77D2 
  86      C3B2F490 
  86      CAFD2BF6 
  87 010c E87B6DE6 		.ascii	"\350{m\346\005S\322\256\370\351\275\371\374\020\374"
  87      0553D2AE 
  87      F8E9BDF9 
  87      FC10FC
  88 011b D689F407 		.ascii	"\326\211\364\007\033\354\022\007\260\224y\021\235ch"
  88      1BEC1207 
  88      B0947911 
  88      9D6368
  89 012a 47FAA158 		.ascii	"G\372\241X\327\342jZ\317\226\372%V\324k&#\236\3730\341"
  89      D7E26A5A 
  89      CF96FA25 
  89      56D46B26 
  89      239EFB30 
  90 013f 0707B174 		.ascii	"\007\007\261t\360[L\232\351L\207\231\234<\214\263/>"
  90      F05B4C9A 
  90      E94C8799 
  90      9C3C8CB3 
  90      2F3E
  91 0151 A221F313 		.ascii	"\242!\363\023\304TJ\005\260\321\320f\247\227]\347\221"
  91      C4544A05 
  91      B0D1D066 
  91      A7975DE7 
  91      91
  92 0162 83474E7E 		.ascii	"\203GN~\031\214q\361\232\033X \330ELX\356N\232\320\257"
  92      198C71F1 
  92      9A1B5820 
  92      D8454C58 
  92      EE4E9AD0 
  93 0177 98478DC9 		.ascii	"\230G\215\311.\234\356H\241(W\347<9~\243\307\310\222"
  93      2E9CEE48 
  93      A12857E7 
  93      3C397EA3 
  93      C7C892
  94 018a CB449F3A 		.ascii	"\313D\237:\177\244\335\334\333\352\210\013\035\217\337"
  94      7FA4DDDC 
  94      DBEA880B 
  94      1D8FDF
  95 0199 87DE092C 		.ascii	"\207\336\011,e]\227\3141\311\327\243\243\007\207(\266"
  95      655D97CC 
  95      31C9D7A3 
  95      A3078728 
  95      B6
  96 01aa 8CE15B0B 		.ascii	"\214\341[\013\273{\346\036\313)\0211\351I\356\273\252"
  96      BB7BE61E 
  96      CB291131 
  96      E949EEBB 
  96      AA
  97 01bb 2B217A05 		.ascii	"+!z\005B^\350\367\304\306W\001?\343\230\226\037\273"
  97      425EE8F7 
  97      C4C65701 
  97      3FE39896 
ARM GAS  C:\Users\SANDEE~1\AppData\Local\Temp\cc37daGc.s 			page 7


  97      1FBB
  98 01cd 137D5AE7 		.ascii	"\023}Z\347\255\000?\347\270X'0\340I\244\216\303/X]\204"
  98      AD003FE7 
  98      B8582730 
  98      E049A48E 
  98      C32F585D 
  99 01e2 8F58DF83 		.ascii	"\217X\337\203\361\241U\243d\030\343f\017\351\352`\364"
  99      F1A155A3 
  99      6418E366 
  99      0FE9EA60 
  99      F4
 100 01f3 C0DC29D3 		.ascii	"\300\334)\323!I\001\034\306\022uA\277\256\244f5Z\301"
 100      2149011C 
 100      C6127541 
 100      BFAEA466 
 100      355AC1
 101 0206 2F512ACE 		.ascii	"/Q*\316\200#\252\327\022\343\023\363\356\222\321l\266"
 101      8023AAD7 
 101      12E313F3 
 101      EE92D16C 
 101      B6
 102 0217 93B1B78F 		.ascii	"\223\261\267\217\015\315\270T\366(g\343)\2240\217a\217"
 102      0DCDB854 
 102      F62867E3 
 102      2994308F 
 102      618F
 103 0229 3A3FF0F0 		.ascii	":?\360\360\207\235\213B\3350]G\214\016\260\204m]\355"
 103      879D8B42 
 103      DD305D47 
 103      8C0EB084 
 103      6D5DED
 104 023c BBAF57E7 		.ascii	"\273\257W\347\035d\372C\203\021Y\015d~_\375\224x\340"
 104      1D64FA43 
 104      8311590D 
 104      647E5FFD 
 104      9478E0
 105 024f BE1AE32A 		.ascii	"\276\032\343*\247\325\321\307\321\036\023\202v\245\360"
 105      A7D5D1C7 
 105      D11E1382 
 105      76A5F0
 106 025e 1FBBA27F 		.ascii	"\037\273\242\177+\337H\324\361+J#\"\377\020\2217,\224"
 106      2BDF48D4 
 106      F12B4A23 
 106      22FF1091 
 106      372C94
 107 0271 2420A152 		.ascii	"$ \241R\221\303\337;-\324j&\223y\010\223\204\344\003"
 107      91C3DF3B 
 107      2DD46A26 
 107      93790893 
 107      84E403
 108 0284 31CA3A82 		.ascii	"1\312:\202\244\314p\327R\337\274\313\312\264q\337F\317"
 108      A4CC70D7 
 108      52DFBCCB 
 108      CAB471DF 
 108      46CF
 109 0296 5ED139CD 		.ascii	"^\3219\315P\26772\2622\253\267\3345\2519\214C\302\242"
 109      50B73732 
ARM GAS  C:\Users\SANDEE~1\AppData\Local\Temp\cc37daGc.s 			page 8


 109      B232ABB7 
 109      DC35A939 
 109      8C43C2A2 
 110 02aa B73C3533 		.ascii	"\267<53i\3041\206\324sx\226\334|F);\201q\344\202\267"
 110      69C43186 
 110      D4737896 
 110      DC7C4629 
 110      3B8171E4 
 111 02c0 3BD02AC7 		.ascii	";\320*\307\025\325\016Nk\256\027\324\303\302z\223\271"
 111      15D50E4E 
 111      6BAE17D4 
 111      C3C27A93 
 111      B9
 112 02d1 7A5FE7D7 		.ascii	"z_\347\327sP\011>kO{v\301\251\366pX\240fk\315\240e\370"
 112      7350093E 
 112      6B4F7B76 
 112      C1A9F670 
 112      58A0666B 
 113 02e9 11233726 		.ascii	"\021#7&\236\311\311a(a;\251\247\350\217\211\374\020"
 113      9EC9C961 
 113      28613BA9 
 113      A7E88F89 
 113      FC10
 114 02fb 3E70E77D 		.ascii	">p\347}\233\222a\214ePE\367\267\337\275^ke\270hiM\034"
 114      9B92618C 
 114      655045F7 
 114      B7DFBD5E 
 114      6B65B868 
 115 0312 45FD4178 		.ascii	"E\375Ax\237\313\361>O\274\251\210\332Qf\035\030>\320"
 115      9FCBF13E 
 115      4FBCA988 
 115      DA51661D 
 115      183ED0
 116 0325 BFC7B6D6 		.ascii	"\277\307\266\326;`]\003\317\006\254\231Vh\312M\377c"
 116      3B605D03 
 116      CF06AC99 
 116      5668CA4D 
 116      FF63
 117 0337 CA0BCA94 		.ascii	"\312\013\312\224\271\333\322\311\030\027\377\313\224"
 117      B9DBD2C9 
 117      1817FFCB 
 117      94
 118 0344 A93553DA 		.ascii	"\2515S\332\3561\3267\334]\005.\255x\015\360\022\203"
 118      EE31D637 
 118      DC5D052E 
 118      AD780DF0 
 118      1283
 119 0356 ED052E9D 		.ascii	"\355\005.\235\337\244\363\336\200S\205.\275\254Zuz\235"
 119      DFA4F3DE 
 119      8053852E 
 119      BDAC5A75 
 119      7A9D
 120 0368 4BD3F19B 		.ascii	"K\323\361\233\343\2565\003^T\362\\Q\006\314w\333\325"
 120      E3AE3503 
 120      5E54F25C 
 120      5106CC77 
 120      DBD5
ARM GAS  C:\Users\SANDEE~1\AppData\Local\Temp\cc37daGc.s 			page 9


 121 037a 9CDBB838 		.ascii	"\234\333\2708\374Ln\353\\\231\2603\345\230p\323\201"
 121      FC4C6EEB 
 121      5C99B033 
 121      E59870D3 
 121      81
 122 038b FF44377A 		.ascii	"\377D7z\213\265\276\376\233$\256.F\217^C\372\247C\326"
 122      8BB5BEFE 
 122      9B24AE2E 
 122      468F5E43 
 122      FAA743D6 
 123 039f 97AA3CEE 		.ascii	"\227\252<\356\365\372\254O}\310\027l\364\205\202~\237"
 123      F5FAAC4F 
 123      7DC8176C 
 123      F485827E 
 123      9F
 124 03b0 BFBA2E50 		.ascii	"\277\272.P\347\257\017\006\274~\220\241\232\267\003"
 124      E7AF0F06 
 124      BC7E90A1 
 124      9AB703
 125 03bf D860DBBE 		.ascii	"\330`\333\276\265\266)P\236\007n\250\0176\206|\317o"
 125      B5B62950 
 125      9E076EA8 
 125      0F36867C 
 125      CF6F
 126 03d1 A9DC5CB9 		.ascii	"\251\334\\\271\203\2628\345\365\355\317\325y\253\241"
 126      83B238E5 
 126      F5EDCFD5 
 126      79ABA1
 127 03e0 623D32B0 		.ascii	"b=2\260\243\321\267\271\262\352\345*_\3156\177m\323"
 127      A3D1B7B9 
 127      B2EAE52A 
 127      5FCD367F 
 127      6DD3
 128 03f2 5B019F42 		.ascii	"[\001\237B\372\353^h\332\346'p>\207\034\252:\324\034"
 128      FAEB5E68 
 128      DAE62770 
 128      3E871CAA 
 128      3AD41C
 129 0405 A2F8C395 		.ascii	"\242\370\303\225U[<on\015\005\032\2025\025\236\322\215"
 129      555B3C6F 
 129      6E0D051A 
 129      8235159E 
 129      D28D
 130 0417 A0054127 		.ascii	"\240\005A'\212\365\301f\370\027\303\0374\032"
 130      8AF5C166 
 130      F817C31F 
 130      341A
 131              		.text
 132              		.section	.gnu.lto_chCoreAllocI.bfe24a16,"",%progbits
 133 0000 789C8D52 		.ascii	"x\234\215R\357KSQ\030~\237{\316\365nw\233\202\237\007"
 133      EF4B5351 
 133      187E9F7B 
 133      CEF56E77 
 133      9B829F07 
 134 0014 4924D32F 		.ascii	"I$\323/\333\227\372\037\372?\306\300 1\266\276\324\227"
 134      DB97FA1F 
 134      FA3FC6C0 
ARM GAS  C:\Users\SANDEE~1\AppData\Local\Temp\cc37daGc.s 			page 10


 134      2031B6BE 
 134      D497
 135 0026 1D759BA9 		.ascii	"\035u\233\251\364\213j+q,\262\330\262lZ\226\030\004"
 135      F48B6A2B 
 135      712CB2D8 
 135      B26C5A96 
 135      1804
 136 0038 A3228AAC 		.ascii	"\243\"\212\2540\023\202D\350\207\325\244>\024EA\351"
 136      30138244 
 136      E887D5A4 
 136      3E144541 
 136      E9
 137 0049 7ACFB926 		.ascii	"z\317\271&\225_\272\354\336\373\236w\317\363\274\317"
 137      955FBAEC 
 137      DEFB9E77 
 137      CFF3BCCF 
 138 0059 79CEB5C9 		.ascii	"y\316\265\311\242\210 \352 \242]|\303&X\307\036\023"
 138      A28820EA 
 138      20A25D7C 
 138      C32658C7 
 138      1E13
 139 006b F5FA2C4B 		.ascii	"\365\372,K\276wH\271\242r\217H\005\005\244\327\227\200"
 139      BE7748B9 
 139      A2728F48 
 139      0505A4D7 
 139      9780
 140 007d 2E940F94 		.ascii	".\224\017\224\266\204D\032GEA`>39*\216\210\222 H^~z"
 140      B684441A 
 140      47454160 
 140      3E33392A 
 140      8E889220 
 141 0095 34F2BA59 		.ascii	"4\362\272Y/\2016\375\357\352\273L\240\263\254T\237\252"
 141      2F8136FD 
 141      EFEABB4C 
 141      A0B3AC54 
 141      9FAA
 142 00a7 15F26EA1 		.ascii	"\025\362n\241?\273\273$,:\303\350\012\302(#\254\207"
 142      3FBBBB24 
 142      2C3AC3E8 
 142      0AC22823 
 142      AC87
 143 00b9 5F442763 		.ascii	"_D'c\317\365.>\014\211\355 \256\007&n\325\233#\027\014"
 143      CFF52E3E 
 143      0C89ED20 
 143      AE07266E 
 143      D59B2317 
 144 00ce 6FE98450 		.ascii	"o\351\204P;JB`\034\342O\"\267\010\227\020\321\370\271"
 144      3B4A4260 
 144      1CE24F22 
 144      B7089710 
 144      D1F8B9
 145 00e1 DA60D515 		.ascii	"\332`\325\025\021\303]:\264>#\333\307\014\367m\245\365"
 145      11C35D3A 
 145      B43E23DB 
 145      C70CF76D 
 145      A5F5
 146 00f3 78BFBAAF 		.ascii	"x\277\272\257$O\305\345\277\371\372b\370\253\251\365"
ARM GAS  C:\Users\SANDEE~1\AppData\Local\Temp\cc37daGc.s 			page 11


 146      244FC5E5 
 146      BFF9FA62 
 146      F8ABA9F5 
 147 0103 53A12689 		.ascii	"S\241&\211\011\264k_l\347\012\232\300\357\352S\324\324"
 147      09B46B5F 
 147      6CE70A9A 
 147      C0EFEA53 
 147      D4D4
 148 0115 7A6340D5 		.ascii	"zc@\325\226;\036L/\266\266\200GZ\2741\236)\271\224\266"
 148      963B1E4C 
 148      2FB6B680 
 148      475ABC31 
 148      9E29B994 
 149 012a 19EF7069 		.ascii	"\031\357pi\373\370\321\344\327\225\253\253\200~\004"
 149      FBF8D1E4 
 149      D795ABAB 
 149      807E04
 150 0139 3526A47B 		.ascii	"5&\244{DC,\254\323\033\346\315\363[\324\321\237\317"
 150      44432CAC 
 150      D31BE6CD 
 150      F35BD4D1 
 150      9FCF
 151 014b 1D5EE8D2 		.ascii	"\035^\350\322\263\212B\026\205\216\362\313P\366\233"
 151      B38A4216 
 151      858EF2CB 
 151      50F69B
 152 015a 8952C241 		.ascii	"\211R\302A\225\0352\352gnPx \233q\014z\2269\277\354"
 152      951D32EA 
 152      676E5078 
 152      209B710C 
 152      7A9639BF 
 153 016f F740DF1B 		.ascii	"\367@\337\033\215F\013&\031\270\202\2766c\233\3750\222"
 153      8D460B26 
 153      19B882BE 
 153      36639BFD 
 153      3092
 154 0181 897DF9FA 		.ascii	"\211}\371\372\310J\300c:L\313go?q4\3151\031\315\316"
 154      C84AC063 
 154      3A4CCB67 
 154      6F3F7134 
 154      CD3119CD 
 155 0196 7E78E1A4 		.ascii	"~x\341\244\327\224\217\033c\302\013bun\361\256[B\021"
 155      D7948F1B 
 155      63C20B62 
 155      756EF1AE 
 155      5B4211
 156 01a9 EC1857F9 		.ascii	"\354\030W\371|\247tH\270\206\022\264\340\347\001xr>"
 156      7CA77448 
 156      B88612B4 
 156      E0E70178 
 156      723E
 157 01bb 563413FC 		.ascii	"V4\023\374\336\332\277E\017[\365\2467\365\256\377\253"
 157      DEDABF45 
 157      0F5BF5A6 
 157      37F5AEFF 
 157      AB
 158 01cc E7B284DE 		.ascii	"\347\262\204\336\352\351\334F#`f\270\036\350\200\327"
ARM GAS  C:\Users\SANDEE~1\AppData\Local\Temp\cc37daGc.s 			page 12


 158      EAE9DC46 
 158      236066B8 
 158      1EE880D7 
 159 01dc 0B729BDE 		.ascii	"\013r\233\336 \363\374\316\316\3158\202\346\010\207"
 159      20F3FCCE 
 159      CECD3882 
 159      E60887
 160 01eb F933E04F 		.ascii	"\3713\340OUp\006g\177\234\264M\014|\226\033\242\243"
 160      55700667 
 160      7F9CB44D 
 160      0C7C961B 
 160      A2A3
 161 01fd B9B585BD 		.ascii	"\271\265\205\275\036#\304\255\337\341\030\353\377\343"
 161      1E23C4AD 
 161      DFE118EB 
 161      FFE3
 162 020b FBC6A6EF 		.ascii	"\373\306\246\357\031\366\315\"f\2424\207\370\021\026"
 162      19F6CD22 
 162      66A23487 
 162      F81116
 163 021a 153589BE 		.ascii	"\0255\211\276\002\210\206\255\221\362K\206\370\305\315"
 163      028886AD 
 163      91F24B86 
 163      F8C5CD
 164 0229 F179F091 		.ascii	"\361y\360\221C\243,\242m\321h\314\373\365\244b\311\375"
 164      43A32CA2 
 164      6DD168CC 
 164      FBF5A462 
 164      C9FD
 165 023b B154321E 		.ascii	"\261T2\036\213wu'\272\343=\311D4N2\265\347`\002\373"
 165      8B777527 
 165      BAE33DC9 
 165      44344E32 
 165      B5E76002 
 166 0250 7E01DA36 		.ascii	"~\001\3326\005!"
 166      0521
 167              		.text
 168              		.section	.gnu.lto_chCoreGetStatusX.bfe24a16,"",%progbits
 169 0000 789C6590 		.ascii	"x\234e\220;O\302`\024\206\317\333\257\245\205D\376\200"
 169      3B4FC260 
 169      1486CFDB 
 169      AFA58544 
 169      FE80
 170 0012 24E2C842 		.ascii	"$\342\310B\177\210?\243!q!$\340\316'^\210\232x\031,"
 170      7F883FA3 
 170      21712124 
 170      E0CE275E 
 170      889A7819 
 171 0027 78211D18 		.ascii	"x!\035\030\020\025Q7\026C\214n^I\234\334t\302\350\240"
 171      10155137 
 171      16438C6E 
 171      5E499CDC 
 171      74C2E8A0 
 172 003b 8393A2E7 		.ascii	"\203\223\242\347\244\304A\222\366\353y\337\236>\357"
 172      A4C44192 
 172      F6EB79DF 
 172      9E3EEF
ARM GAS  C:\Users\SANDEE~1\AppData\Local\Temp\cc37daGc.s 			page 13


 173 004a 39B5C820 		.ascii	"9\265\310 \037D\223D4\3167\024\301X\277!\232u\014@\012"
 173      1F449344 
 173      34CE3714 
 173      C158BF21 
 173      9A750C40 
 174 005f ED808A06 		.ascii	"\355\200\212\006\212XS\025\205\373\371\343]\265\252"
 174      8A585315 
 174      85FBF9E3 
 174      5DB5AA
 175 006e 026E3359 		.ascii	"\002n3Y\276_o?\307E\002I\226;\272\267d\247\032Z\227"
 175      BE5F6F3F 
 175      C7450249 
 175      963BBAB7 
 175      64A71A5A 
 176 0083 74B7F219 		.ascii	"t\267\362\031\253\236\336\351h\240\014\332\342\366="
 176      AB9EDEE9 
 176      68A00CDA 
 176      E2F63D
 177 0092 24D04042 		.ascii	"$\320@B2\232H\021w?\235\0146\307\"\246\274es\037\021"
 177      329A4811 
 177      773F9D0C 
 177      36C722A6 
 177      BC65731F 
 178 00a7 9E83DA3D 		.ascii	"\236\203\332=t\365\340\247\254\273_ulL9\006\005J)>L"
 178      74F5E0A7 
 178      ACBB5F75 
 178      6C4C3906 
 178      054A293E 
 179 00bc 532A4BAA 		.ascii	"S*K\252\210\0346\011\231\226\371c\031s\205\005?U\037"
 179      881C3609 
 179      9996F963 
 179      19738505 
 179      3F551F
 180 00cf 25BF7F76 		.ascii	"%\277\177v\031\027^M\031\034\343/\234\337\3322\243\005"
 180      19175E4D 
 180      191CE32F 
 180      9CDFDA32 
 180      A305
 181 00e1 49ED745E 		.ascii	"I\355t^\037\355\342\267v\330\250K2{/W\017\027\261\000"
 181      1FEDE2B7 
 181      76D8A84B 
 181      327B2F57 
 181      0F17B100 
 182 00f5 3570020E 		.ascii	"5p\002\016y\327\003\031\024-\004 \006~\224\021\342\024"
 182      79D70319 
 182      142D0420 
 182      067E9411 
 182      E214
 183 0107 13C5F0A3 		.ascii	"\023\305\360\243\2416Gx\030\345\035\375\361\332\377"
 183      A1364778 
 183      18E51DFD 
 183      F1DAFF
 184 0116 791623D8 		.ascii	"y\026#\330\230\253.\016\2150\303\012\233\232*4m\366"
 184      98AB2E0E 
 184      8D30C30A 
 184      9B9A2A34 
 184      6DF6
ARM GAS  C:\Users\SANDEE~1\AppData\Local\Temp\cc37daGc.s 			page 14


 185 0128 E90DA5E4 		.ascii	"\351\015\245\344P\362\314\2746d]\376\001\023\351\264"
 185      50F2CCBC 
 185      36645DFE 
 185      0113E9B4 
 186 0138 1B5EB982 		.ascii	"\033^\271\202\233\237q\013y\317\365\246\263\231\254"
 186      9B9F710B 
 186      79CFF5A6 
 186      B399AC
 187 0147 97CB67D2 		.ascii	"\227\313g\322\036\375\002xc\205\302"
 187      1EFD0278 
 187      6385C2
 188              		.text
 189              		.section	.gnu.lto_.symbol_nodes.bfe24a16,"",%progbits
 190 0000 789C55CB 		.ascii	"x\234U\313\313\015\2000\014\203\341\337\211\262\007"
 190      CB0D8030 
 190      0C83E1DF 
 190      89B207
 191 000f 6213F661 		.ascii	"b\023\366a\207t\004\346a\010\206\341\315\215\252\267"
 191      877404E6 
 191      610886E1 
 191      CD8DAAB7 
 192 001f FA62E9B3 		.ascii	"\372b\351\263\034\03035v*a\331\240\326Z&\210W\014u\211"
 192      1C183335 
 192      762A61D9 
 192      A0D65A26 
 192      88570C75 
 193 0034 5D2A2378 		.ascii	"]*#x|\262\006\207\274\201]Ju\037\273\225\326\313\243"
 193      7CB20687 
 193      BC815D4A 
 193      751FBB95 
 193      D6CBA3
 194 0047 F44EF801 		.ascii	"\364N\370\001N\271\0316"
 194      4EB91936 
 195              		.text
 196              		.section	.gnu.lto_.refs.bfe24a16,"",%progbits
 197 0000 789C0DC9 		.ascii	"x\234\015\311\301\021\2000\014\003\301\223,;\220\231"
 197      C1118030 
 197      0C03C193 
 197      2C3B9099 
 198 0010 3C2884FE 		.ascii	"<(\204\376\333\203\375nc^ X\222\3335\312]M.\274\345"
 198      DB83FD6E 
 198      635E2058 
 198      92DB35CA 
 198      5D4D2EBC 
 199 0025 A786FC39 		.ascii	"\247\206\3749\362\361\"\302\305\007\027\330\000\316"
 199      F2F122C2 
 199      C50717D8 
 199      00CE
 200              		.text
 201              		.section	.gnu.lto_.decls.bfe24a16,"",%progbits
 202 0000 789C9D56 		.ascii	"x\234\235V}L\024\327\026\2373wda\331EBL\343\0374%&\015"
 202      7D4C14D7 
 202      169F3377 
 202      6461D945 
 202      424CE31F 
 203 0018 B4A98B1F 		.ascii	"\264\251\213\037\211\232\376\321\324\332\327\326\344"
 203      899AFED1 
ARM GAS  C:\Users\SANDEE~1\AppData\Local\Temp\cc37daGc.s 			page 15


 203      D4DAD7D6 
 203      E4
 204 0025 F96C4A6C 		.ascii	"\371lJl\372\307\232\311:\354+\244\260Xvhk\223\246\203"
 204      FAC79AC9 
 204      3AEC2BA4 
 204      B0587668 
 204      6B93A683 
 205 0039 4ADB08B5 		.ascii	"J\333\010\265Zc\251T\005\225\372\360\203\002B\351S\012"
 205      5A63A954 
 205      0595FAF0 
 205      830242E9 
 205      530A
 206 004b 6F59952A 		.ascii	"oY\225*R\024(\"\242\200\025\261\245R\276\364!Uk\317"
 206      52142822 
 206      A28015B1 
 206      A552BEF4 
 206      21556BCF 
 207 005f BD778619 		.ascii	"\275w\206\031\266X\223N8\263\367\3369\367\367\373\235"
 207      B658934E 
 207      38B3F7DE 
 207      39F7F7FB 
 207      9D
 208 0070 73CFBD97 		.ascii	"s\317\275\227\031\202((vAX-\012\302\026\020\204\373"
 208      19822828 
 208      7641582D 
 208      0AC21610 
 208      84FB
 209 0082 F8CC1004 		.ascii	"\370\314\020\004\241T0\037\011\355+\264\243h5hu\372"
 209      A154301F 
 209      09ED2BB4 
 209      A3683568 
 209      75FA
 210 0094 D869B426 		.ascii	"\330i\264&\264f\264s\302\324g5b\205\341\357\253h\247"
 210      B466B473 
 210      C2D46735 
 210      6285E1EF 
 210      AB68A7
 211 00a7 D056A29D 		.ascii	"\320V\242\235AkAk\325}@\307}\030\226\037\035#\3617\006"
 211      416B416B 
 211      D57D40C7 
 211      7D18961F 
 211      1D23F137 
 212 00bc 6D16DA2A 		.ascii	"m\026\332*\264j\013\346\313h\235hW\320\372-\3706]\363"
 212      B46A0BE6 
 212      CB689D68 
 212      57D0FA2D 
 212      F8365DF3 
 213 00d0 4F680368 		.ascii	"Oh\003h\303\272\376Q\264\233h\242\316\325\024\302\367"
 213      C3BAFE51 
 213      B49B68A2 
 213      CED514C2 
 213      F7
 214 00e1 36F2853F 		.ascii	"6\362\205?\204\317\032C\315_`\275\247\347\301\300\252"
 214      84CF1A43 
 214      CD5F60BD 
 214      A7E7C1C0 
 214      AA
ARM GAS  C:\Users\SANDEE~1\AppData\Local\Temp\cc37daGc.s 			page 16


 215 00f2 7E0046DD 		.ascii	"~\000F\335_`\344\023\250\376\260a\227\243\033.\001\372"
 215      5F60E413 
 215      A8FEB061 
 215      97A31B2E 
 215      01FA
 216 0104 40349F05 		.ascii	"@4\237\005\374\015\314X\367\276\361\000\260q\034\025"
 216      FC0DCC58 
 216      F7BEF100 
 216      B0711C15 
 217 0114 D99B3BB2 		.ascii	"\331\233;\262!0f\350}Q\357\212:$\373\323'\203\005\221"
 217      213066E8 
 217      7D51EF8A 
 217      3A24FBD3 
 217      27830591 
 218 0128 7FE64CC6 		.ascii	"\177\346L\306\303\265\363\006\233\246O\005\020M\002"
 218      C3B5F306 
 218      9BA64F05 
 218      104D02
 219 0137 00EB040B 		.ascii	"\000\353\004\013 \227\255\177\237\324'\230\301\201\021"
 219      2097AD7F 
 219      9FD42798 
 219      C18111
 220 0146 FD8DBCB1 		.ascii	"\375\215\274\261B\251\007.\003D\012E\317\002\033\033"
 220      42A9072E 
 220      03440A45 
 220      CF021B1B 
 221 0156 A8B8B427 		.ascii	"\250\270\264'\212\210@\333=\023%/\270\016k\374\011\177"
 221      8A8840DB 
 221      3D13252F 
 221      B80E6BFC 
 221      097F
 222 0168 D44CDBC9 		.ascii	"\324L\333\311\373\343\201\231\233\011\304\330A\304n"
 222      FBE38199 
 222      9B09C4D8 
 222      41C46E
 223 0177 EB70D3AE 		.ascii	"\353p\323\256H\354\316\262C4vog\267\327\333g\177\306"
 223      48ECCEB2 
 223      4334766F 
 223      67B7D7DB 
 223      677FC6
 224 018a 666DD0A2 		.ascii	"fm\320\242Ex\365\0218\014\261p\010b\221\274\024f\343"
 224      4578F511 
 224      380CB170 
 224      086291BC 
 224      1466E3
 225 019d 7B8DC491 		.ascii	"{\215\304\221\316\227\356\251\014\233S\244\025\365j"
 225      CE97EEA9 
 225      0C9B53A4 
 225      15F56A
 226 01ac 81F160FC 		.ascii	"\201\361`\374\225#\232\226\203\323$\352\006\007\200"
 226      95239A96 
 226      83D324EA 
 226      060780
 227 01bb C0417051 		.ascii	"\300ApQ\311\330\304w\011\364\000\374\007\2721\240\257"
 227      C9D8C477 
 227      09F400FC 
 227      07BA31A0 
ARM GAS  C:\Users\SANDEE~1\AppData\Local\Temp\cc37daGc.s 			page 17


 227      AF
 228 01cc 600E4E6F 		.ascii	"`\016Nok+\277k#\213\230\332\313\247\016\034\"\250b\245"
 228      6B2BBF6B 
 228      238B98DA 
 228      CBA70E1C 
 228      22A862A5 
 229 01e0 1D682266 		.ascii	"\035h\"f\342P\331\215\243\023N>D=\212'\206\276q\220"
 229      E250D98D 
 229      A3134E3E 
 229      443D8A27 
 229      86BE7190 
 230 01f4 E758BB65 		.ascii	"\347X\273ec\371N\302C\220\260;\362}\301\325(\036B\\"
 230      63F94EC2 
 230      4390B03B 
 230      F27DC1D5 
 230      281E425C 
 231 0208 3E115B6A 		.ascii	">\021[j\007\257\204C\202}?\215!pv\307\234\232nM\213"
 231      07AF8443 
 231      827D3F8D 
 231      217076C7 
 231      9C9A6E4D 
 232 021d 836AB0C3 		.ascii	"\203j\260\303\021S\324J\334\340\302G\232\266^\333\262"
 232      1153D44A 
 232      DCE0C247 
 232      9AB65EDB 
 232      B2
 233 022e 418B7849 		.ascii	"A\213xI\200*\214\262\022\243\204\257!\201\222R?\250"
 233      802A8CB2 
 233      12A384AF 
 233      21819252 
 233      3FA8
 234 0240 C0C1721C 		.ascii	"\300\301r\034D\226\335\301\241l\207Dk\215\"a\016h\266"
 234      4496DDC1 
 234      A16C8744 
 234      6B8D2261 
 234      0E68B6
 235 0253 3EDB5C0B 		.ascii	">\333\\\013\326l\255rX\262\365_\226\255o@O\327\017\227"
 235      D66CAD72 
 235      58B2F55F 
 235      96AD6F40 
 235      4FD70F97 
 236 0267 7BDF32B2 		.ascii	"{\3372\262\265w\361\310d\266\320\015\312Lae\241\331"
 236      B577F1C8 
 236      64B6D00D 
 236      CA4C6165 
 236      A1D9
 237 0279 3ACAB235 		.ascii	":\312\26254\276\373\216\223\344\003K@cs^v\024b\365\""
 237      34BEFB8E 
 237      93E4034B 
 237      4063735E 
 237      761462F5 
 238 028e D6C5841D 		.ascii	"\326\305\204\035Z`\275\246e\213\014\351\230\211t,\024"
 238      5A60BDA6 
 238      658B0CE9 
 238      9889742C 
 238      14
 239 029f A9862195 		.ascii	"\251\206!\225\215\224\177a#\305\034i{}Y\266\315\032"
ARM GAS  C:\Users\SANDEE~1\AppData\Local\Temp\cc37daGc.s 			page 18


 239      8D947F61 
 239      23C51C69 
 239      7B7D59B6 
 239      CD1A
 240 02b1 010DCE0C 		.ascii	"\001\015\316\014\241v\312\202\337\332\177\357\252\244"
 240      A176CA82 
 240      DFDA7FEF 
 240      AAA4
 241 02bf 87D07D28 		.ascii	"\207\320}(z\353\006\255\004\247\025\211\324\015\276"
 241      7AEB06AD 
 241      04A71589 
 241      D40DBE
 242 02ce 3589BF0D 		.ascii	"5\211\277\015%\256c\304\035}U\025@\276\346\304e9}\007"
 242      25AE63C4 
 242      1D7D5515 
 242      40BEE6C4 
 242      65397D07 
 243 02e2 C271D162 		.ascii	"\302q\321bq\305\301\262\334\261|\271\253\002c\245\022"
 243      71C5C1B2 
 243      DCB17CB9 
 243      AB0263A5 
 243      12
 244 02f3 39CE7CC5 		.ascii	"9\316|\305\352\252\276\002\373\344\212\016\035u\345"
 244      EAAABE02 
 244      FBE48A0E 
 244      1D75E5
 245 0302 7CA86922 		.ascii	"|\250i\"\234@\251A\2235vrE\207\367jd\266\000\013ca\036"
 245      9C40A941 
 245      93357672 
 245      4587F76A 
 245      64B6000B 
 246 0319 AEE7715C 		.ascii	"\256\347q\\\317X}=\3531\262\000_\317\003\205%'\234d"
 246      CF587D3D 
 246      EB31B200 
 246      5FCF0385 
 246      25279C64 
 247 032d 17DB2DE2 		.ascii	"\027\333-\342\216\355\365UQ&C\323\234\312\034\312\360"
 247      8EEDF555 
 247      512643D3 
 247      9CCA1CCA 
 247      F0
 248 033e 1D329C34 		.ascii	"\0352\2344\031\220pz\212\206\351)\012O\266\347D\304"
 248      1990707A 
 248      8A86E929 
 248      0A4FB6E7 
 248      44C4
 249 0350 6CA1985B 		.ascii	"l\241\230[h\011R<\266\223OA\314\344~\354:\277\2673\362"
 249      6809523C 
 249      B6934F41 
 249      CCE47EEC 
 249      3ABFB733 
 250 0365 F17D5A2F 		.ascii	"\361}Z/\022\217\257\177r\317\227Z`\036u\200\377\321"
 250      128FAF7F 
 250      72CF975A 
 250      601E7580 
 250      FFD1
 251 0377 2C526FD6 		.ascii	",Ro\326\200\323\3608\335\342\271\267*E2\300\367x\333"
ARM GAS  C:\Users\SANDEE~1\AppData\Local\Temp\cc37daGc.s 			page 19


 251      80D3F038 
 251      DDE2B9B7 
 251      2A4532C0 
 251      F778DB
 252 038a 9D4F4744 		.ascii	"\235OGD\307\246\311\"fz\215:\026\340\0148t\216\201\315"
 252      C7A6C922 
 252      667A8D3A 
 252      16E00C38 
 252      748E81CD 
 253 039e 810A0772 		.ascii	"\201\012\007rhA-\360\377\374\031X0\022\375\012\215<"
 253      68412DF0 
 253      FFFC1958 
 253      3012FD0A 
 253      8D3C
 254 03b0 36CB9C46 		.ascii	"6\313\234F\306\325\304\270nm\032\273\346$\243\234k\354"
 254      C6D5C4B8 
 254      6E6D1ABB 
 254      E624A39C 
 254      6BEC
 255 03c2 83F2DA19 		.ascii	"\203\362\332\031\272\314\346\202Y\237jE\263\231\312"
 255      BACCE682 
 255      599F6A45 
 255      B399CA
 256 03d1 EF0D95AC 		.ascii	"\357\015\225\254\001\315l\346\310\366\316m\204\334\347"
 256      01CD6CE6 
 256      C8F6CE6D 
 256      84DCE7
 257 03e0 338F14E6 		.ascii	"3\217\024\346eK:\371\357\026\362\263\177\"?\313 \316"
 257      654B3AF9 
 257      EF16F2B3 
 257      7F223FCB 
 257      20CE
 258 03f2 31887DAD 		.ascii	"1\210}\255\3274\260\306F\311L\327\026\036\033\375E\347"
 258      D734B0C6 
 258      46C94CD7 
 258      161E1BFD 
 258      45E7
 259 0404 FA9EF68F 		.ascii	"\372\236\366\217\235Vg\212o:\267\352\316\255\314\331"
 259      9D56678A 
 259      6F3AB7EA 
 259      CEADCCD9 
 260 0414 386BE2FF 		.ascii	"8k\342\377|\326\304\363\342k\375d\264\330F> \2744\032"
 260      7CD6C4F3 
 260      E26BFD64 
 260      B4D8463E 
 260      20BC341A 
 261 0428 3B8292A5 		.ascii	";\202\222\245\370\236\3311J\327\262\003S\335n\226F\374"
 261      F89ED931 
 261      4AD7B203 
 261      53DD6E96 
 261      46FC
 262 043a 038F93F3 		.ascii	"\003\217\223\363X\033\361zm\374\200\203mz\371\025o\335"
 262      581BF17A 
 262      6DFC8083 
 262      6D7AF915 
 262      6FDD
 263 044c 1B46B672 		.ascii	"\033F\266r\216\206\272\256\013\022\330\023\246\005\270"
ARM GAS  C:\Users\SANDEE~1\AppData\Local\Temp\cc37daGc.s 			page 20


 263      8E86BAAE 
 263      0B12D813 
 263      A605B8
 264 045b 380DC064 		.ascii	"8\015\300d\2356\260:\355D1\027L1\035\254\314\350(\022"
 264      9D36B03A 
 264      ED443117 
 264      4C311DAC 
 264      CCE82812 
 265 046f 6DAA6EEB 		.ascii	"m\252n\353\226\354\037\261\"d\271\211\261\326H\027u"
 265      96EC1FB1 
 265      2264B989 
 265      B1D64817 
 265      75
 266 0480 854456C6 		.ascii	"\205DV\306\350\334~\273\3667\007)`\252\244\336}\243"
 266      E8DC7EBB 
 266      F6370729 
 266      60AAA4DE 
 266      7DA3
 267 0492 BF844142 		.ascii	"\277\204AB,\200\035m\277q\227\010\270\257\355x\355\022"
 267      2C801D6D 
 267      BF719708 
 267      B8AFED78 
 267      ED12
 268 04a4 E32E2ED0 		.ascii	"\343..\320\020}\370}:<\335\346\270\214\372{\030M/\322"
 268      107DF87D 
 268      3A3CDDE6 
 268      B88CFA7B 
 268      184D2FD2 
 269 04b8 76236D81 		.ascii	"v#m\201\026\316F\2200o\260\345s\207u\213\364L9\177\256"
 269      16CE4690 
 269      306FB0E5 
 269      7387758B 
 269      F44C397F 
 270 04cd D08DC245 		.ascii	"\320\215\302E\262\016\316\350\273Sz,\212\037\376a\330"
 270      B20ECEE8 
 270      BB537A2C 
 270      8A1FFE61 
 270      D8
 271 04de 1D2F2B6A 		.ascii	"\035/+jv>0\274\253Fx?\362\254\337\334\2243\256\337\034"
 271      763E30BC 
 271      AB46783F 
 271      F2ACDFDC 
 271      9433AEDF 
 272 04f3 36EC96F4 		.ascii	"6\354\226\364\357\334\354\3407\307\022\272\025\317\035"
 272      EFDCECE0 
 272      37C712BA 
 272      15CF1D
 273 0502 6E70868A 		.ascii	"np\206\212\271\206`}\014\254\237\211\271\312\305\364"
 273      B986607D 
 273      0CAC9F89 
 273      B9CAC5F4 
 274 0512 33317939 		.ascii	"31y9\007\263m\244\220\3603+\247\347\256\015\217\307"
 274      07B36DA4 
 274      90F0332B 
 274      A7E7AE0D 
 274      8FC7
 275 0524 001E8F67 		.ascii	"\000\036\217g\006\023\272\370\011\037\344\367\341us"
ARM GAS  C:\Users\SANDEE~1\AppData\Local\Temp\cc37daGc.s 			page 21


 275      0613BAF8 
 275      091FE4F7 
 275      E17573
 276 0533 79AE871E 		.ascii	"y\256\207\036\217?\261\343q\377\370\355\334(r\232c\035"
 276      8F3FB1E3 
 276      71FFF8ED 
 276      DC28729A 
 276      631D
 277 0545 C91FEC98 		.ascii	"\311\037\354\230\251cu\375\02671\005\353g\023\353\347"
 277      A96375FD 
 277      16373105 
 277      EB6713EB 
 277      E7
 278 0556 50AC017E 		.ascii	"P\254\001~\324\366\007\223\311=\016u\260twy\024\311"
 278      D4F60793 
 278      C93D0E75 
 278      B0747779 
 278      14C9
 279 0568 95582737 		.ascii	"\225X'7x|g\030\336bp\203\255\037\216\004'z\242\331\265"
 279      787C6718 
 279      DE627083 
 279      AD1F8E04 
 279      277AA2D9 
 280 057d D63979AD 		.ascii	"\3269y\255\235(?t/\352\201\377\004\014\261;\341W\343"
 280      9D283F74 
 280      2FEA81FF 
 280      040CB13B 
 280      E157E3
 281 0590 5A9BF8AE 		.ascii	"Z\233\370\256\2628BWz6\2274V\364\235\311\326fm|\202"
 281      B2384257 
 281      7A369734 
 281      56F49DC9 
 281      D6666D7C 
 282 05a5 FAC12F86 		.ascii	"\372\301/\206R\030\004\211\366\246\212\035fb\317\375"
 282      52180489 
 282      F6A68A1D 
 282      6662CFFD 
 283 05b5 5A931749 		.ascii	"Z\223\027I\032\270\300\246\217/\336\004\003np\311\245"
 283      1AB8C0A6 
 283      8F2FDE04 
 283      036E70C9 
 283      A5
 284 05c6 0B7D9A86 		.ascii	"\013}\232\206\033{#\360\320G\314\320GB\321F\031Zo\341"
 284      1B7B23F0 
 284      D047CCD0 
 284      4742D146 
 284      195A6FE1 
 285 05da F56D4ED2 		.ascii	"\365mN\322\312\321\356\324\265m#f\032\357NI\343\230"
 285      CAD1EED4 
 285      B56D2366 
 285      1AEF4E49 
 285      E398
 286 05ec 8935168A 		.ascii	"\2115\026\212\205\032\004\273\254ddz\345T_\252\032\376"
 286      851A04BB 
 286      AC64647A 
 286      E5545FAA 
 286      1AFE
ARM GAS  C:\Users\SANDEE~1\AppData\Local\Temp\cc37daGc.s 			page 22


 287 05fe E2BF56C5 		.ascii	"\342\277V\305-\233?_x\314\345J\344\177\031\376\304L"
 287      2D9B3F5F 
 287      78CCE54A 
 287      E47F19FE 
 287      C44C
 288 0610 35D19FA9 		.ascii	"5\321\237\251$*)\351\336t\352\352R\204H%e\031\266\226"
 288      242A29E9 
 288      DE74EAEA 
 288      52844825 
 288      6519B696 
 289 0624 A6A56528 		.ascii	"\246\245e(a\376\324w\275\262\272By\332\375\272/K\315"
 289      61FED477 
 289      BDB2BA42 
 289      79DAFDBA 
 289      2F4BCD
 290 0637 C848F37B 		.ascii	"\310H\363{2\323\335\213\342\026\314\233\277x\356\233"
 290      32D3DD8B 
 290      E216CC9B 
 290      BF78EE9B 
 291 0647 0BE666AD 		.ascii	"\013\346f\255M\366\250^wZ\352\032\367\353\212\342\306"
 291      4DF6A85E 
 291      775AEA1A 
 291      F7EB8AE2 
 291      C6
 292 0658 8F737D19 		.ascii	"\217s}\031>\357\\\257gM\252{\221k\241k\276;\325\247"
 292      3EEF5CAF 
 292      674DAA7B 
 292      916BA16B 
 292      BE3BD5A7 
 293 066c A465257B 		.ascii	"\244e%{\335~59\331\373oW\212\340\260\020,\217\346\235"
 293      DD7E3539 
 293      D9FB6F57 
 293      8AE0B010 
 293      2C8FE69D 
 294 0680 17BD6A92 		.ascii	"\027\275j\222\352Q\263\374\2579e9\305\353Y+\257\361"
 294      EA51B3FC 
 294      AF396539 
 294      C5EB592B 
 294      AFF1
 295 0692 F8BDB21C 		.ascii	"\370\275\262\034!\313Y\251>u\211\254\256|\230\206\251"
 295      21CB59A9 
 295      3E7589AC 
 295      AE7C9886 
 295      A9
 296 06a3 DC066BBA 		.ascii	"\334\006k\272GII\365y\3352r{\262\322TY]\267\326\353"
 296      474949F5 
 296      79DD3272 
 296      7BB2D254 
 296      595DB7D6 
 297 06b8 4715361D 		.ascii	"G\0256\035\367\371\277\207\353_\347w\313\030\022\202"
 297      F7F9BF87 
 297      EB5FE777 
 297      CB181282 
 298 06c8 50309FF7 		.ascii	"P0\237\367\035\025S\350\320\305{}\311\262\034\206o\034"
 298      1D1553E8 
 298      D0C57B7D 
 298      C9B21C86 
ARM GAS  C:\Users\SANDEE~1\AppData\Local\Temp\cc37daGc.s 			page 23


 298      6F1C
 299 06da B3F31016 		.ascii	"\263\363\020\026.\220\325p\243!))\236\314\010%%i\235"
 299      2E90D570 
 299      A3212929 
 299      9ECC0825 
 299      25699D
 300 06ed FF9F19CA 		.ascii	"\377\237\031\312\033\241K\242\223\340\262 \015\302G"
 300      1BA14BA2 
 300      93E0B220 
 300      0DC247
 301 06fc ACCDC854 		.ascii	"\254\315\310TeL\327\033O\204x\322\017\376\304\245\257"
 301      654CD71B 
 301      4F8478D2 
 301      0FFEC4A5 
 301      AF
 302 070d AC58B6E2 		.ascii	"\254X\266\342\035tg\253\375\326\342t\234\203y\364{U"
 302      1D7467AB 
 302      FDD6E274 
 302      9C8379F4 
 302      7B55
 303 071f F9B9A549 		.ascii	"\371\271\245I\377x\371\225\345NO\332\333\236u~\254\204"
 303      FF78F995 
 303      E54E4FDA 
 303      DB9E757E 
 303      AC84
 304 0731 34CCC653 		.ascii	"4\314\306SV\024T\236\270lE\322\362$\223\226\242(\351"
 304      5614549E 
 304      B86C45D2 
 304      F2249396 
 304      A228E9
 305 0744 2F64F914 		.ascii	"/d\371\024\004\212d2W\371(}$\023\222\305\332\177\000"
 305      048A6432 
 305      57F9287D 
 305      241392C5 
 305      DA7F00
 306 0757 68BFF929 		.ascii	"h\277\371)"
 307              		.text
 308              		.section	.gnu.lto_.symtab.bfe24a16,"",%progbits
 309 0000 5F636F72 		.ascii	"_core_init\000"
 309      655F696E 
 309      697400
 310 000b 00       		.ascii	"\000"
 311 000c 00       		.ascii	"\000"
 312 000d 00       		.ascii	"\000"
 313 000e 00000000 		.ascii	"\000\000\000\000\000\000\000\000"
 313      00000000 
 314 0016 AE000000 		.ascii	"\256\000\000\000"
 315 001a 6368436F 		.ascii	"chCoreAlloc\000"
 315      7265416C 
 315      6C6F6300 
 316 0026 00       		.ascii	"\000"
 317 0027 00       		.ascii	"\000"
 318 0028 00       		.ascii	"\000"
 319 0029 00000000 		.ascii	"\000\000\000\000\000\000\000\000"
 319      00000000 
 320 0031 B9000000 		.ascii	"\271\000\000\000"
 321 0035 6368436F 		.ascii	"chCoreAllocI\000"
ARM GAS  C:\Users\SANDEE~1\AppData\Local\Temp\cc37daGc.s 			page 24


 321      7265416C 
 321      6C6F6349 
 321      00
 322 0042 00       		.ascii	"\000"
 323 0043 00       		.ascii	"\000"
 324 0044 00       		.ascii	"\000"
 325 0045 00000000 		.ascii	"\000\000\000\000\000\000\000\000"
 325      00000000 
 326 004d BB000000 		.ascii	"\273\000\000\000"
 327 0051 6368436F 		.ascii	"chCoreGetStatusX\000"
 327      72654765 
 327      74537461 
 327      74757358 
 327      00
 328 0062 00       		.ascii	"\000"
 329 0063 00       		.ascii	"\000"
 330 0064 00       		.ascii	"\000"
 331 0065 00000000 		.ascii	"\000\000\000\000\000\000\000\000"
 331      00000000 
 332 006d BE000000 		.ascii	"\276\000\000\000"
 333 0071 5F5F6865 		.ascii	"__heap_base__\000"
 333      61705F62 
 333      6173655F 
 333      5F00
 334 007f 00       		.ascii	"\000"
 335 0080 02       		.ascii	"\002"
 336 0081 00       		.ascii	"\000"
 337 0082 00000000 		.ascii	"\000\000\000\000\000\000\000\000"
 337      00000000 
 338 008a C9000000 		.ascii	"\311\000\000\000"
 339 008e 5F5F6865 		.ascii	"__heap_end__\000"
 339      61705F65 
 339      6E645F5F 
 339      00
 340 009b 00       		.ascii	"\000"
 341 009c 02       		.ascii	"\002"
 342 009d 00       		.ascii	"\000"
 343 009e 00000000 		.ascii	"\000\000\000\000\000\000\000\000"
 343      00000000 
 344 00a6 CE000000 		.ascii	"\316\000\000\000"
 345              		.text
 346              		.section	.gnu.lto_.opts,"",%progbits
 347 0000 272D666D 		.ascii	"'-fmath-errno' '-fsigned-zeros' '-ftrapping-math' '"
 347      6174682D 
 347      6572726E 
 347      6F272027 
 347      2D667369 
 348 0033 2D666E6F 		.ascii	"-fno-trapv' '-fno-openmp' '-fno-openacc' '-mcpu=cor"
 348      2D747261 
 348      70762720 
 348      272D666E 
 348      6F2D6F70 
 349 0066 7465782D 		.ascii	"tex-m4' '-mfloat-abi=hard' '-mfpu=fpv4-sp-d16' '-mn"
 349      6D342720 
 349      272D6D66 
 349      6C6F6174 
 349      2D616269 
ARM GAS  C:\Users\SANDEE~1\AppData\Local\Temp\cc37daGc.s 			page 25


 350 0099 6F2D7468 		.ascii	"o-thumb-interwork' '-mthumb' '-ggdb' '-O2' '-fomit-"
 350      756D622D 
 350      696E7465 
 350      72776F72 
 350      6B272027 
 351 00cc 6672616D 		.ascii	"frame-pointer' '-falign-functions=16' '-ffunction-s"
 351      652D706F 
 351      696E7465 
 351      72272027 
 351      2D66616C 
 352 00ff 65637469 		.ascii	"ections' '-fdata-sections' '-fno-common' '-flto' '-"
 352      6F6E7327 
 352      20272D66 
 352      64617461 
 352      2D736563 
 353 0132 6673696E 		.ascii	"fsingle-precision-constant'\000"
 353      676C652D 
 353      70726563 
 353      6973696F 
 353      6E2D636F 
 354              		.text
 355              		.comm	__gnu_lto_v1,1,1
 356              		.comm	__gnu_lto_slim,1,1
 357              		.ident	"GCC: (GNU Tools for ARM Embedded Processors 6-2017-q2-update) 6.3.1 20170620 (release) [AR
ARM GAS  C:\Users\SANDEE~1\AppData\Local\Temp\cc37daGc.s 			page 26


DEFINED SYMBOLS
                            *ABS*:00000000 chmemcore.c
                            *COM*:00000001 __gnu_lto_v1
                            *COM*:00000001 __gnu_lto_slim

NO UNDEFINED SYMBOLS
