ARM GAS  C:\Users\SANDEE~1\AppData\Local\Temp\ccOquXi3.s 			page 1


   1              		.cpu cortex-m4
   2              		.eabi_attribute 27, 1
   3              		.eabi_attribute 28, 1
   4              		.eabi_attribute 20, 1
   5              		.eabi_attribute 21, 1
   6              		.eabi_attribute 23, 3
   7              		.eabi_attribute 24, 1
   8              		.eabi_attribute 25, 1
   9              		.eabi_attribute 26, 1
  10              		.eabi_attribute 30, 2
  11              		.eabi_attribute 34, 1
  12              		.eabi_attribute 18, 4
  13              		.file	"chregistry.c"
  14              		.text
  15              	.Ltext0:
  16              		.section	.gnu.lto_.profile.bfe27624,"",%progbits
  17 0000 789C6365 		.ascii	"x\234ce`b`a```d\220\025\002\000\000\314\000<"
  17      60626061 
  17      60606064 
  17      90150200 
  17      00CC003C 
  18              		.text
  19              		.section	.gnu.lto_.icf.bfe27624,"",%progbits
  20 0000 789C6365 		.ascii	"x\234ce`b\020a@\000f\206\013S\377\314ge\352\336\260"
  20      60621061 
  20      40006686 
  20      0B53FFCC 
  20      6765EADE 
  21 0015 6A0F23F3 		.ascii	"j\017#\363\372y\017\036p3\000\000^\245\010\343"
  21      FA790F1E 
  21      70330000 
  21      5EA508E3 
  22              		.text
  23              		.section	.gnu.lto_.jmpfuncs.bfe27624,"",%progbits
  24 0000 789C6365 		.ascii	"x\234ce`b\020d@\000&\020fdd\254gb\252\004\013\000\000"
  24      60621064 
  24      40002610 
  24      666464AC 
  24      6762AA04 
  25 0017 0AB9011C 		.ascii	"\012\271\001\034"
  26              		.text
  27              		.section	.gnu.lto_.inline.bfe27624,"",%progbits
  28 0000 789C6365 		.ascii	"x\234ce`b\320g@\000&\006\006N\016F\006&\236\007\261"
  28      6062D067 
  28      40002606 
  28      064E0E46 
  28      06269E07 
  29 0015 0C6C0BE4 		.ascii	"\014l\013\344\231 b\274\242@!\376\005%\014\354\035\352"
  29      992062BC 
  29      A24021FE 
  29      05250CEC 
  29      1DEA
  30 0027 10216E06 		.ascii	"\020!n\006\006\306\011~\014\000\201\224\005K"
  30      06C6097E 
  30      0C008194 
  30      054B
  31              		.text
ARM GAS  C:\Users\SANDEE~1\AppData\Local\Temp\ccOquXi3.s 			page 2


  32              		.section	.gnu.lto_.pureconst.bfe27624,"",%progbits
  33 0000 789C6365 		.ascii	"x\234ce`b`g`\000\222\273\030\231v1\002\000\005\360\001"
  33      60626067 
  33      600092BB 
  33      18997631 
  33      020005F0 
  34 0015 89       		.ascii	"\211"
  35              		.text
  36              		.section	.gnu.lto_chRegFirstThread.bfe27624,"",%progbits
  37 0000 789C8593 		.ascii	"x\234\205\223_LSw\024\307\317\367\376.\275\245e\306"
  37      5F4C5377 
  37      14C7CFF7 
  37      FE2EBDA5 
  37      65C6
  38 0012 F8B01867 		.ascii	"\370\260\030gb\311\202\031\206p\235/>\033\223%{\340"
  38      62C98219 
  38      86709D2F 
  38      3E1B9325 
  38      7BE0
  39 0024 451E4D34 		.ascii	"E\036M4\256k\006\213\010\271-F\236\270T\221\371g\316"
  39      AE6B068B 
  39      08B92D46 
  39      9EB85491 
  39      F967CE
  40 0037 65118B40 		.ascii	"e\021\213@.\221\021\331\034\010\014T@\273NA\034\303"
  40      2E9111D9 
  40      1C080C54 
  40      40BB4E41 
  40      1CC3
  41 0049 3989265B 		.ascii	"9\211&[H\226\011\353\014\306%n/\272dc;\347\327\202P"
  41      489609EB 
  41      0CC6256E 
  41      2FBA6463 
  41      3BE7D782 
  42 005e 126D7A7B 		.ascii	"\022mz{\377\234\3579\347{\316\3754\217\014\0321\211"
  42      FF9CEF39 
  42      E77BCEFD 
  42      348F0C1A 
  42      3189
  43 0070 9244F406 		.ascii	"\222D\364\006\037P\004\343\364\017D\015~\003\220\013"
  43      1F5004E3 
  43      F40F440D 
  43      7E03900B 
  44 0080 D70FAA37 		.ascii	"\327\017\2527P\217O\324Y\205{G\372\332\324)\345\261"
  44      508F4FD4 
  44      59857B47 
  44      FADAD429 
  44      E5B1
  45 0092 CCE4DB3F 		.ascii	"\314\344\333?\357\234\233[#\267@\210o[\335\351cV\361"
  45      EF9C9B5B 
  45      23B74088 
  45      6F5BDDE9 
  45      6356F1
  46 00a5 05D78DBB 		.ascii	"\005\327\215\273\251\263\315\201\326\201\037\335|O\031"
  46      A9B3CD81 
  46      D6811FDD 
  46      7C4F19
ARM GAS  C:\Users\SANDEE~1\AppData\Local\Temp\ccOquXi3.s 			page 3


  47 00b4 D4C2F26E 		.ascii	"\324\302\362nl\304\005l\224\036_\240\230X=\226\376g"
  47      6CC4056C 
  47      941E5FA0 
  47      98583D96 
  47      FE67
  48 00c6 3AA8DE84 		.ascii	":\250\336\204\\7\\lm+(\352\324\231\277wo\370\364\260"
  48      5C375C6C 
  48      6D2B28EA 
  48      D499BF77 
  48      6FF8F4B0 
  49 00da 7BDB3539 		.ascii	"{\33359\025_B\255\314&\221\317\366/\234y\315g\342\""
  49      155F42AD 
  49      CC2691CF 
  49      F62F9C79 
  49      CD67E222 
  50 00ee 8AA438D7 		.ascii	"\212\2448\327\374\012>\360I\236\\\232F\312]\370\257"
  50      FC0A3EF0 
  50      499E5C9A 
  50      46CA5DF8 
  50      AF
  51 00ff C94DFDF2 		.ascii	"\311M\375\362\326\344\340\335u~\203\344\261\"O)S~\210"
  51      D6E4E0DD 
  51      757E83E4 
  51      B1224F29 
  51      537E88
  52 0112 8EF321C3 		.ascii	"\216\363!\303\235`s|Vi\030R\366\321\265\246\373P\233"
  52      9D60737C 
  52      56691852 
  52      F6D1B5A6 
  52      FB509B
  53 0125 B5A3A1E4 		.ascii	"\265\243\241\344O\211@\326\321\243\306\315\023]G\335"
  53      4F8940D6 
  53      D1A3C6CD 
  53      135D47DD 
  54 0135 D30D7E4F 		.ascii	"\323\015~O\231\350Ym\011\275(\342\234\246y\367\272)"
  54      99E8596D 
  54      09BD28E2 
  54      9CA679F7 
  54      BA29
  55 0147 EB3011C2 		.ascii	"\3530\021\302%\216=F|v\364\343\304\334\372%\317G\\\376"
  55      258E3D46 
  55      7C76F4E3 
  55      C4DCFA25 
  55      CF475CFE 
  56 015b A43E6B0B 		.ascii	"\244>k\013h\313-\012\224\023\232\351\336\272\233\320"
  56      68CB2D0A 
  56      94139AE9 
  56      DEBA9BD0 
  57 016b 27312337 		.ascii	"'1#76\327\270\305\222V\204~\211\253e\253 \014\300\307"
  57      36D7B8C5 
  57      9256847E 
  57      89AB65AB 
  57      200CC0C7 
  58 017f 46BE963D 		.ascii	"F\276\226=\200:\301\241\363\336\300\363@\341 <7\021"
  58      803AC1A1 
  58      F3DEC0F3 
  58      40E1203C 
ARM GAS  C:\Users\SANDEE~1\AppData\Local\Temp\ccOquXi3.s 			page 4


  58      3711
  59 0191 F2549EA8 		.ascii	"\362T\236\250{\346F]\277i\260p\020\205z\225O\237\334"
  59      7BE6465D 
  59      BF69B070 
  59      10857A95 
  59      4F9FDC
  60 01a4 9F31F809 		.ascii	"\2371\370\011\206`j\317\204\313\372\335v'o\246\013\012"
  60      86606ACF 
  60      84CBFADD 
  60      76276FA6 
  60      0B0A
  61 01b6 AF64B37D 		.ascii	"\257d\263}\242\375\253w\340APg_\221l\\\205Ii\304Cz~"
  61      A2FDAB77 
  61      E0415067 
  61      5F916C5C 
  61      854969C4 
  62 01cd A279C447 		.ascii	"\242y\304G\376\236\355|[&kW\006'47\336\270k\311B,=\347"
  62      FE9EED7C 
  62      5B266B57 
  62      06273437 
  62      DEB86BC9 
  63 01e5 F0F09319 		.ascii	"\360\360\223\031\253\376_\227\327hu\252\314\253|<\365"
  63      ABFE5F97 
  63      D76875AA 
  63      CCAB7C3C 
  63      F5
  64 01f6 602CE0A1 		.ascii	"`,\340\241\035\236\362c\2049\033\026\017\0348u\265\357"
  64      1D9EF263 
  64      84391B16 
  64      0F1C3875 
  64      B5EF
  65 0208 98DFEE91 		.ascii	"\230\337\356\221\301;>\364T>F\341!\241\262\004\214\237"
  65      C13B3EF4 
  65      543E46E1 
  65      21A1B204 
  65      8C9F
  66 021a BCF7F962 		.ascii	"\274\367\371b\364<\204\224k\260\023\274N\266u\035\266"
  66      F43C8494 
  66      6BB013BC 
  66      4EB6751D 
  66      B6
  67 022b D8EAD8A0 		.ascii	"\330\352\330\240\251\340W\317f\264\271\371\226.d\314"
  67      A9E057CF 
  67      66B4B9F9 
  67      962E64CC 
  68 023b A9E5E60C 		.ascii	"\251\345\346\014m\356\331\304\344G\005l\244\201K\362"
  68      6DEED9C4 
  68      E447056C 
  68      A4814BF2 
  69 024b C0014E42 		.ascii	"\300\001NB2\353\245\353\267x\257\225\351\306\241 \276"
  69      32EBA5EB 
  69      B778AF95 
  69      E9C6A120 
  69      BE
  70 025c D1560C69 		.ascii	"\321V\014i\226\342f\3638\334|\364g\225)mf\252\0175M"
  70      96E266F3 
  70      38DC7CF4 
ARM GAS  C:\Users\SANDEE~1\AppData\Local\Temp\ccOquXi3.s 			page 5


  70      6795296D 
  70      66AA0F35 
  71 0271 F507A47A 		.ascii	"\365\007\244z\020\300\267\\\207\0154\347\213$\247W\307"
  71      10C0B75C 
  71      870D34E7 
  71      8B24A757 
  71      C7
  72 0282 EBAF6876 		.ascii	"\353\257hv\343E\263\233\260\271\001eq]\211\350\266W"
  72      E345B39B 
  72      B0B90165 
  72      715D89E8 
  72      B657
  73 0294 203AA611 		.ascii	" :\246\021]\032\332dL\306_\206\350\345ED\315\025\230"
  73      5D1ADA64 
  73      4CC65F86 
  73      E8E54544 
  73      CD1598
  74 02a7 DD12CC56 		.ascii	"\335\022\314V1[\262\2070!\342\274U\314\246\267Y\322"
  74      315BB287 
  74      3021E2BC 
  74      55CCA6B7 
  74      59D2
  75 02b9 9B707B35 		.ascii	"\233p{5\263\337if'\2271\273\340=L\006\027q\034\3278"
  75      B3DF6966 
  75      279731BB 
  75      E03D4C06 
  75      17711CD7 
  76 02ce 7EAF71CC 		.ascii	"~\257q\314eoj\211=)N\177 \376\353\211\366q_\226=\231"
  76      656F6A89 
  76      3D294E7F 
  76      20FEEB89 
  76      F6715F96 
  77 02e4 F838D3C0 		.ascii	"\3708\323\300\177n\276\016\225\226\332\231ou\324vbv"
  77      7F6EBE0E 
  77      9596DA99 
  77      6F75D476 
  77      6276
  78 02f6 D409DBE1 		.ascii	"\324\011\333\341\012'\362Ae4\346\324\225\206\311\210"
  78      0A27F241 
  78      6534E6D4 
  78      9586C988 
  79 0306 D5E41DDC 		.ascii	"\325\344\035\334\267\2776R\234\243\254\251vbQ{\307\256"
  79      B7BF3652 
  79      9CA3ACA9 
  79      7662517B 
  79      C7AE
  80 0318 B29D6587 		.ascii	"\262\235e\2078%\\\355D\366\036\334^UZA%\313\225\221"
  80      38255CED 
  80      44F61EDC 
  80      5E555A41 
  80      25CB9591 
  81 032c 43317B67 		.ascii	"C1{gY\371\273\345v\345\201\360\376\332\367#\266V\206"
  81      59F9BBE5 
  81      76E581F0 
  81      FEDAF723 
  81      B65686
  82 033f ABDEA93D 		.ascii	"\253\336\251=\020f\361\246\234\262K\252\212h]\224\343"
ARM GAS  C:\Users\SANDEE~1\AppData\Local\Temp\ccOquXi3.s 			page 6


  82      1066F1A6 
  82      9CB24BAA 
  82      8A685D94 
  82      E3
  83 0350 6BCBCA77 		.ascii	"k\313\312w\205\336\333\027\215\3248\225%\241\242\255"
  83      85DEDB17 
  83      8DD43895 
  83      25A1A2AD 
  84 0360 64386455 		.ascii	"d8dUE\252\252\235:\372\037\256b\265\306"
  84      45AAAA9D 
  84      3AFA1FAE 
  84      62B5C6
  85              		.text
  86              		.section	.gnu.lto_chRegNextThread.bfe27624,"",%progbits
  87 0000 789C8554 		.ascii	"x\234\205TmL[e\024>\347\276\367\366\226\266#\213\277"
  87      6D4C5B65 
  87      143EE7BE 
  87      F7F696B6 
  87      238BBF
  88 0013 CCB26889 		.ascii	"\314\262h\211\262\205I\270\313\022\263\354\247Yb\342"
  88      B28549B8 
  88      CB12B3EC 
  88      A75962E2 
  89 0023 0FFE8C9F 		.ascii	"\017\376\214\237&\232\2556B2>\322\226e\374\342\245c"
  89      269AAD36 
  89      42323ED2 
  89      9665FCE2 
  89      A563
  90 0035 3044B719 		.ascii	"0D\267\031\225\0177r\211H`n|U\2310\266\256\002\2231"
  90      950F3772 
  90      8948606E 
  90      7C559930 
  90      B6AE0293 
  91 004a 19638419 		.ascii	"\031c\204\031t\321l0f`\230\250\231S\347D\317yo\255P"
  91      74D16C30 
  91      666098A8 
  91      9953E744 
  91      CF796FAD 
  92 005f D4DDB4BD 		.ascii	"\324\335\264\275\367\276\347\3439\3479\317\251\001\032"
  92      F7BEE7E3 
  92      39E739CF 
  92      A9011A
  93 006e F41900C3 		.ascii	"\364\031\000\303\000\360<}\321\000\324\216O\002T\271"
  93      00F03C7D 
  93      D100D48E 
  93      4F0254B9 
  94 007e 354D4F20 		.ascii	"5MO H\217\230\232\000\220>\201\272s\256#\362\203t#T"
  94      488F989A 
  94      00903E81 
  94      BA73AE23 
  94      F2837423 
  95 0093 6A42C74A 		.ascii	"jB\307J<&\032\005^\257\356=)\216\012[\000\352\364\372"
  95      3C261A05 
  95      5EAFEE3D 
  95      298E0A5B 
  95      00EAF4FA 
  96 00a7 E3D5F7E7 		.ascii	"\343\325\367\3473\371\025\321O\257'\344t\235\231\323"
ARM GAS  C:\Users\SANDEE~1\AppData\Local\Temp\ccOquXi3.s 			page 7


  96      33F915D1 
  96      4FAF27E4 
  96      749D99D3 
  97 00b7 21655426 		.ascii	"!eT&\032\037xN\304\246d\206-4h&\367N\334\214\035\270"
  97      1A1F784E 
  97      C4A66486 
  97      2D346826 
  97      F74EDC8C 
  98 00cd 99D14F61 		.ascii	"\231\321Oa\0169\217.<\232\366\212g\020\350\371d\307"
  98      0E398F2E 
  98      3C9AF68A 
  98      6710E8F9 
  98      64C7
  99 00df AD0F33B6 		.ascii	"\255\0173\266\266\253\300\345w\205|\226\242\360#\024"
  99      B6ABC0E5 
  99      77857C96 
  99      A2F02314 
 100 00ef AB033911 		.ascii	"\253\0039\021\236\306\255\354?;\323}\312+\266\250\330"
 100      9EC6ADEC 
 100      3F3BD37D 
 100      CA2BB6A8 
 100      D8
 101 0100 B937BFBC 		.ascii	"\2717\277\274(\262\333T\354\335\323\233\336>$/K\235"
 101      28B2DB54 
 101      ECDDD39B 
 101      DE3E242F 
 101      4B9D
 102 0112 E3CFAC8D 		.ascii	"\343\317\254\215\347\213\335\373V\336\333\340\322\261"
 102      E78BDDFB 
 102      56DEDBE0 
 102      D2B1
 103 0120 0BB3DB04 		.ascii	"\013\263\333\004piTQ7\272\220n|\3303\215\011\271\362"
 103      70695451 
 103      37BA906E 
 103      7CD8338D 
 103      09B9F2
 104 0133 67AD4C7C 		.ascii	"g\255L|\373\334W\367\357?\341C\340c\342\203\260\015"
 104      FBDC57F7 
 104      EF3FE143 
 104      E063E283 
 104      B00D
 105 0145 F5ECA25A 		.ascii	"\365\354\242Z\204\311?\000o\320\227\211\252\247\352"
 105      84C93F00 
 105      6FD09789 
 105      AAA7EA
 106 0154 E82E1650 		.ascii	"\350.\026Pc\224\357\316\327\316\240\330\246\012\354"
 106      6394EFCE 
 106      D7CEA0D8 
 106      A60AEC
 107 0163 8FCF3679 		.ascii	"\217\3176y\222\005\216\325l\031k\257\221\307\253\334"
 107      92058ED5 
 107      6C196BAF 
 107      91C7ABDC 
 108 0173 3691DAB3 		.ascii	"6\221\332\263\276B\354\305l\212\251]\224\027t&VG?\366"
 108      BE42ECC5 
 108      6C8AA95D 
 108      94177426 
ARM GAS  C:\Users\SANDEE~1\AppData\Local\Temp\ccOquXi3.s 			page 8


 108      56473FF6 
 109 0187 916D09A3 		.ascii	"\221m\011\243s\367\336j\232\1772\325B\265\244+\361\316"
 109      73F7DE6A 
 109      9A7F32D5 
 109      42B5A42B 
 109      F1CE
 110 0199 238F2ABF 		.ascii	"#\217*\277Y \244\231~\357\334\3762`\214mZ\272m\244f"
 110      5920A499 
 110      7EEFDCFE 
 110      32608C6D 
 110      5ABA6DA4 
 111 01ae 9BC95080 		.ascii	"\233\311P\200\037\263]\254b\006\360\023tQ!\375\314\011"
 111      1FB35DAC 
 111      6206F013 
 111      745121FD 
 111      CC09
 112 01c0 420792E9 		.ascii	"B\007\222\351\003;\366\253'k\000m\331\344\267\205\301"
 112      033BF6AB 
 112      276B006D 
 112      D9E4B785 
 112      C1
 113 01d1 DE5DF343 		.ascii	"\336]\363C\322\255k\344x\026\263\024\263?,\317\334\324"
 113      D2AD6BE4 
 113      7816B314 
 113      B33F2CCF 
 113      DCD4
 114 01e3 E8043F45 		.ascii	"\350\004?E]\325\0148\240T\322\031\037Y\360e\015%\243"
 114      5DD50C38 
 114      A054D219 
 114      1F59F065 
 114      0D25A3
 115 01f6 5DECFB53 		.ascii	"]\354\373Sw\354\206WE\017r4\236C\035\0260\352W\375\003"
 115      77EC8657 
 115      450F7234 
 115      9E431D16 
 115      30EA57FD 
 116 020b 2C62F4DC 		.ascii	",b\364\334os=\273\270\263\026aP@\303\341\341k&\023\242"
 116      6F733DBB 
 116      B8B31661 
 116      5040C3E1 
 116      E16B2613 
 117 0220 A93E7F19 		.ascii	"\251>\177\031\273r\304gcK\0255\323ZB\2430[\210\252!"
 117      BB72C467 
 117      634B1535 
 117      D35A42A3 
 117      305B88AA 
 118 0235 06256BFB 		.ascii	"\006%k\373\235h\267iuq\247~\2168\21766\011E\357\005"
 118      9D68B769 
 118      7571A77E 
 118      8E388F36 
 118      360945EF 
 119 024a B418A8F5 		.ascii	"\264\030\250\365)5s\032&\245\207;X\375\365\310\344\031"
 119      2935731A 
 119      26A5873B 
 119      58FDF5C8 
 119      E419
 120 025c DFBFC0B9 		.ascii	"\337\277\300\271\025\334\340\340\362M\263\362\017IS"
ARM GAS  C:\Users\SANDEE~1\AppData\Local\Temp\ccOquXi3.s 			page 9


 120      15DCE0E0 
 120      F24DB3F2 
 120      0F4953
 121 026b 73B711D3 		.ascii	"s\267\021\323|\2664qc\324C%\240-2\360\"-H<\211~t\240"
 121      7CB63471 
 121      63D44325 
 121      A02D32F0 
 121      222D483C 
 122 0283 B7CEEDA0 		.ascii	"\267\316\355\240\267> \253\007\023\012\037\035\001\326"
 122      B73E20AB 
 122      07130A1F 
 122      1D01D6
 123 0292 4FC58F65 		.ascii	"O\305\217eR\256#d^\"\263\027?\243\232\000\207\261R)"
 123      52AE2364 
 123      5E22B317 
 123      3FA39A00 
 123      87B15229 
 124 02a6 A09EA641 		.ascii	"\240\236\246A\313(\230\203\305\331\303.\247(WZ\323~"
 124      CB289883 
 124      C5D9C32E 
 124      A728575A 
 124      D37E
 125 02b8 D5B2F11F 		.ascii	"\325\262\361\037-\373pDAj\334\362(\245_\304C\0155u\206"
 125      2DFB7044 
 125      416ADCF2 
 125      28A55FC4 
 125      430D3575 
 126 02cd 93CB74D2 		.ascii	"\223\313t\322\365\327N\364y\270G\037\"^\242<\204\330"
 126      F5D74EF4 
 126      79B8471F 
 126      225EA23C 
 126      84D8
 127 02df 90C12EE9 		.ascii	"\220\301.\351\004\357\203\307\240}\376\017\332\030Z"
 127      04EF83C7 
 127      A07DFE0F 
 127      DA185A
 128 02ee 84A0FAD0 		.ascii	"\204\240\372\320S\033\341\020\215\220\334\216\265\033"
 128      531BE110 
 128      8D90DC8E 
 128      B51B
 129 02fc B1E3311B 		.ascii	"\261\3431\033qYmDj\":\251r\374\3776\342\2547\271\021"
 129      71596D44 
 129      6A223AA9 
 129      72FCFF36 
 129      E2AC37B9 
 130 0311 FA1A555F 		.ascii	"\372\032U_aU\257[\221\334W\000\277`gc\335\212\334\335"
 130      6155AF5B 
 130      91DC5700 
 130      BF606763 
 130      DD8ADCDD 
 131 0325 613236E0 		.ascii	"a26\340\304\372\025\271\252Vdr\325\212\254\330\267\343"
 131      C4FA15B9 
 131      AA566472 
 131      D58AACD8 
 131      B7E3
 132 0337 DEBFD53F 		.ascii	"\336\277\325?\256\324\177M\251?]\352S)\251sr\270\207"
 132      AED47F4D 
ARM GAS  C:\Users\SANDEE~1\AppData\Local\Temp\ccOquXi3.s 			page 10


 132      A93F5DEA 
 132      5329A973 
 132      72B887
 133 034a D5B7EABE 		.ascii	"\325\267\352\276Q\223IS\332\206f\301 \327I\027$n[d\302"
 133      51934953 
 133      DA8666C1 
 133      20D74917 
 133      246E5B64 
 134 035f F724DCB6 		.ascii	"\367$\334\266\306M\316\024YN?\323\344h&\332\303\330"
 134      C64DCE14 
 134      594E3FD3 
 134      E46826DA 
 134      C3D8
 135 0371 38D27CC4 		.ascii	"8\322|\304\303\236]\364\217\204\314;\001\372\363\362"
 135      C39E5DF4 
 135      8F84CC3B 
 135      01FAF3F2 
 136 0381 2CE7531A 		.ascii	",\347S\032\266B\021+\034\012X\201\302P\360\365\242p"
 136      B642112B 
 136      1C0A5881 
 136      C250F0F5 
 136      A270
 137 0393 24549117 		.ascii	"$T\221\027\000-R&J\"e\306\201\275\373\313\2039i\336"
 137      002D5226 
 137      4A2265C6 
 137      81BDFBCB 
 137      833969DE 
 138 03a7 65A5A148 		.ascii	"e\245\241H\330zaO\376\356\374\203\024\026(\015\005_"
 138      D87A614F 
 138      FEEEFC83 
 138      1416280D 
 138      055F
 139 03b9 3DB0B338 		.ascii	"=\260\2638\257\020rW{\006\017F\254\335\371\005/\025"
 139      AF107257 
 139      7B060F46 
 139      ACDDF905 
 139      2F15
 140 03cb 58452581 		.ascii	"XE%\201\375\345\257\005-\345\031(~\261\274$@\316O\247"
 140      FDE5AF05 
 140      2DE51928 
 140      7EB1BC24 
 140      40CE4FA7 
 141 03df A54D7915 		.ascii	"\245My\025\206+\302d\337\230_\260\307\277oo8X\026*\312"
 141      862BC264 
 141      DF985FB0 
 141      C7BF6F6F 
 141      3858162A 
 142 03f4 F5676F07 		.ascii	"\365go\007-\004fq\260\2704T\001\177\001\212P\011\301"
 142      2D046671 
 142      B0B83454 
 142      017F018A 
 142      5009C1
 143              		.text
 144              		.section	.gnu.lto_ch_debug.bfe27624,"",%progbits
 145 0000 789C2D8E 		.ascii	"x\234-\216MK\002Q\024\206\347\235\353\224\346\230\006"
 145      4D4B0251 
 145      1486E79D 
ARM GAS  C:\Users\SANDEE~1\AppData\Local\Temp\ccOquXi3.s 			page 11


 145      EB94E698 
 145      06
 146 0011 112DA6FE 		.ascii	"\021-\246\376\203\256\\\366\323\214,\242\205\020\004"
 146      83AE5CF6 
 146      D38C2CA2 
 146      851004
 147 0020 492823B6 		.ascii	"I(#\266P\263r\372\362\023!\244\026E\021\205Am\322\010"
 147      50B372FA 
 147      F21321A4 
 147      16451185 
 147      416DD208 
 148 0034 4341C5A2 		.ascii	"CA\305\242\017\244\240\316\361\316e\016\017\317}\357"
 148      0FA4A0CE 
 148      F1CE650E 
 148      0FCF7DEF 
 149 0044 39733445 		.ascii	"9s4EU:P\024\372FgS \327-\015=\021a\012\272$-/e-[\347"
 149      553A5014 
 149      FA466753 
 149      20D72D0D 
 149      3D11610A 
 150 0060 4993EDEB 		.ascii	"I\223\355\353\013M\352\034i\261\332\013H3\310\372\341"
 150      0B4DEA1C 
 150      69B1DA0B 
 150      4833C8FA 
 150      E1
 151 0071 56D32D75 		.ascii	"V\323-u\226\364\3557^pI\235&\275\033\\\305\355\324G"
 151      96F4ED37 
 151      5E70499D 
 151      26BD1B5C 
 151      C5EDD447 
 152 0085 FAD3DE78 		.ascii	"\372\323\336x\204T\235t\253\362qi\017v\222\306\032\265"
 152      84549D74 
 152      ABF27169 
 152      0F7692C6 
 152      1AB5
 153 0097 27BBF78C 		.ascii	"'\273\367\214\327\270\015[1!\335A\232O|5\235\254@\310"
 153      D7B80D5B 
 153      3121DD41 
 153      9A4F7C35 
 153      9DAC40C8 
 154 00ab 4FFE395C 		.ascii	"O\3769\\\353\333\317gH\353\205nz\364ZE\237\273k\357"
 154      EBDBCF67 
 154      48EB856E 
 154      7AF45A45 
 154      9FBB6BEF 
 155 00bf 564A6717 		.ascii	"VJg\027\020\244\203\355\227\025]\306\035\216\317\377"
 155      10A483ED 
 155      97155DC6 
 155      1D8ECFFF 
 156 00cf BE4FBD32 		.ascii	"\276O\2752VI\037^[U\267\214\2379\256Gb\362g*z\354\353"
 156      56491F5E 
 156      5B55B78C 
 156      9F39AE47 
 156      62F2672A 
 157 00e6 CB997B35 		.ascii	"\313\231{5\230\017\255&B\013\246p\300o\240\004\003\001"
 157      980FAD26 
 157      420BA670 
ARM GAS  C:\Users\SANDEE~1\AppData\Local\Temp\ccOquXi3.s 			page 12


 157      C06FA004 
 157      0301
 158 00f8 03454281 		.ascii	"\003EB\201*OuBu\014\203\033\2227\213\015\273!\241\231"
 158      2A4F7542 
 158      750C831B 
 158      92378B0D 
 158      BB21A199 
 159 010c 428BD29A 		.ascii	"B\213\322\232e\004\243\264}\012F\224\346\0361\004\016"
 159      6504A3B4 
 159      7D0A4694 
 159      E61E3104 
 159      0E
 160 011d 190E1C30 		.ascii	"\031\016\03404\2111X\214q\344\030N\3543\\\330cL`\227"
 160      34893158 
 160      8C71E418 
 160      4EEC335C 
 160      D8634C60 
 161 0132 E14696A1 		.ascii	"\341F\226\241\313a\036\3540&\221ax\221f\370d6\305PP"
 161      CB611EEC 
 161      30269161 
 161      789166F8 
 161      6436C550 
 162 0147 4150F907 		.ascii	"AP\371\007\206x\224\023"
 162      86789413 
 163              		.text
 164              		.section	.gnu.lto_.symbol_nodes.bfe27624,"",%progbits
 165 0000 789C6365 		.ascii	"x\234ce`b\010`\000\002\246\317\214\365\014\014\023\316"
 165      60620860 
 165      0002A6CF 
 165      8CF50C0C 
 165      13CE
 166 0012 313000A9 		.ascii	"10\000\251]\015\216\014\014\254_\031\031\024@2_\030"
 166      5D0D8E0C 
 166      0CAC5F19 
 166      19144032 
 166      5F18
 167 0024 EB195165 		.ascii	"\353\031Qe>126*\001\245\030\2773\3263\201\245\030\030"
 167      3E313236 
 167      2A01A518 
 167      BF33D633 
 167      81A51818 
 168 0038 1A1A1C18 		.ascii	"\032\032\034\030\030\230\231X\030\236\264\277\221g\000"
 168      18989958 
 168      189EB4BF 
 168      916700
 169 0047 001D5C13 		.ascii	"\000\035\\\023B"
 169      42
 170              		.text
 171              		.section	.gnu.lto_.refs.bfe27624,"",%progbits
 172 0000 789C6365 		.ascii	"x\234ce`b\340f```\004\"\026F&&F6\006\000\001\217\000"
 172      6062E066 
 172      60606004 
 172      22164626 
 172      26463606 
 173 0018 25       		.ascii	"%"
 174              		.text
 175              		.section	.gnu.lto_.decls.bfe27624,"",%progbits
ARM GAS  C:\Users\SANDEE~1\AppData\Local\Temp\ccOquXi3.s 			page 13


 176 0000 789CB53B 		.ascii	"x\234\265;iTT\331\231u\337}TAQ\200Q\247\217\223!\231"
 176      695454D9 
 176      9975DF7D 
 176      54415180 
 176      51A78F93 
 177 0016 3E3D7437 		.ascii	">=t79\231n\305NzI2\223\356t\322K&\235\344\364\222\311"
 177      39996EC5 
 177      4E7A4932 
 177      93EE74D2 
 177      4B269DE4 
 178 002d 99714E1D 		.ascii	"\231qN\035\032J%\315\226\242\3342?R\010\212,*\270\200"
 178      1A4A25CD 
 178      96A2DC32 
 178      3F52088A 
 178      2C2AB880 
 179 0041 282A88DA 		.ascii	"(*\210\332\"\253\212\013\240\310\242\200\240\200\"\240"
 179      22AB8A0B 
 179      A0C8A280 
 179      A08022A0 
 180 0051 806C0A02 		.ascii	"\200l\012\002\"`\201\012\2102\337]\252\336\253\342\225"
 180      2260810A 
 180      8832DF5D 
 180      AADEABE2 
 180      95
 181 0062 DD336752 		.ascii	"\3353gR\307\217\367\276{\277\373m\367\373\276{\337}"
 181      C78FF7BE 
 181      7BBFFB6D 
 181      F7FBBE7B 
 181      DF7D
 182 0074 4F1795A0 		.ascii	"O\027\225\240\372\335OT\252\247\032\225\352,R\251f\341"
 182      FADD4F54 
 182      AAA71A95 
 182      EA2C52A9 
 182      66E1
 183 0086 27AA54AA 		.ascii	"'\252T\252\\\225\364\303\000i\320\227\016p\020@\000"
 183      5C95F4C3 
 183      0069D097 
 183      0E701040 
 183      00
 184 0097 FCBBF0E7 		.ascii	"\374\273\360\347\013Ae\367{\007\010up\235\017\260\020"
 184      0B4165F7 
 184      7B070875 
 184      709D0FB0 
 184      10
 185 00a8 E04BA0F5 		.ascii	"\340K\240\365\206\353\031\200\177\007\332\377\004X\006"
 185      86EB1980 
 185      7F07DAFF 
 185      045806
 186 00b7 B008E019 		.ascii	"\260\010\340\031\364\005\000\250\020\343\377\035h\233"
 186      F40500A8 
 186      10E3FF1D 
 186      689B
 187 00c5 84FB3800 		.ascii	"\204\3738\0005\227\247\2076\177\200\025\000A\000_\011"
 187      3597A787 
 187      367F8015 
 187      0041005F 
 187      09
ARM GAS  C:\Users\SANDEE~1\AppData\Local\Temp\ccOquXi3.s 			page 14


 188 00d6 949CCA96 		.ascii	"\224\234\312\226\377\336\003\006^\337 \227\310\222\313"
 188      FFDE0306 
 188      5EDF2097 
 188      C892CB
 189 00e5 0E1698EC 		.ascii	"\016\026\230\354\020\270fr\035\266\"\246\007\321\001"
 189      10B86672 
 189      1DB622A6 
 189      07D101
 190 00f4 DC41ED55 		.ascii	"\334A\355U\322\301\352\003\2230W\227l\221\351O\344\277"
 190      D2C1EA03 
 190      93305797 
 190      6C91E94F 
 190      E4BF
 191 0106 02E08998 		.ascii	"\002\340\211\230N?\005\272\317\005\246\343\257\340\372"
 191      4E3F05BA 
 191      CF05A6E3 
 191      AFE0FA
 192 0115 7B808F01 		.ascii	"{\200\217\001~\016\360\001\300/\000\376\005\340}\200"
 192      7E0EF001 
 192      C02F00FE 
 192      05E07D80 
 193 0125 77013E02 		.ascii	"w\001>\002\370W\200_\002|\010\360\036\300o\001~\015"
 193      F857805F 
 193      027C08F0 
 193      1EC06F01 
 193      7E0D
 194 0137 F009C06F 		.ascii	"\360\011\300o\034\344Z\177)\030\235\212\251\332\253"
 194      1CE45A7F 
 194      29189D8A 
 194      A9DAAB
 195 0146 EB441D88 		.ascii	"\353D\035\210\270k\036mE\210\375E\024(:k\375!D\333\241"
 195      B86B1E6D 
 195      4588FD45 
 195      14283A6B 
 195      FD2144DB 
 196 015b 55A07F19 		.ascii	"U\240\177\031!mB\326\021\034\0278*p\226\364\037\037"
 196      216D42D6 
 196      111C1738 
 196      2A7096F4 
 196      1F1F
 197 016d 8C641C59 		.ascii	"\214d\034Y7\223d\3751w\263\033:\214\017EH\220\004 $"
 197      379364FD 
 197      3177B31B 
 197      3A8C0F45 
 197      48900420 
 198 0182 1F2063C8 		.ascii	"\037 c\310\324\346\3756\375T\222q\310j\375p\302\370"
 198      D4E6FD36 
 198      FD549271 
 198      C86AFD70 
 198      C2F8
 199 0194 7EB10BDD 		.ascii	"~\261\013\335B\310]\225\376.\242m\017O\226\037Sc\001"
 199      42C85D95 
 199      FE2EA26D 
 199      0F4F961F 
 199      536301
 200 01a7 91FBAEA9 		.ascii	"\221\373\256\251#\037\274\236cf?\327\037Jn\2738\373"
 200      231FBC9E 
ARM GAS  C:\Users\SANDEE~1\AppData\Local\Temp\ccOquXi3.s 			page 15


 200      63663FD7 
 200      1F4A6EBB 
 200      38FB
 201 01b9 B8CC6B0B 		.ascii	"\270\314k\013F\363\265H\000\364\332\330\345\275\356"
 201      46F3B548 
 201      00F4DAD8 
 201      E5BDEE
 202 01c8 802ED4A2 		.ascii	"\200.\324\242y\200^\215.H\303\254W\004\364\301\225\335"
 202      79805E8D 
 202      2E48C3AC 
 202      5704F4C1 
 202      95DD
 203 01da B73D59EF 		.ascii	"\267=Y\357\213\200\236\036\311>\355\301z\313\010\257"
 203      8B809E1E 
 203      C93EEDC1 
 203      7ACB08AF 
 204 01ea 23FD695B 		.ascii	"#\375i[t\014\177\033\320\230\250\351V\021{S\371\267"
 204      740C7F1B 
 204      D098A8E9 
 204      56117B53 
 204      F9B7
 205 01fc 6AB2B209 		.ascii	"j\262\262\011\243W\265\210\230\346\005M\371\303ES\036"
 205      A357B588 
 205      98E6054D 
 205      F9C34553 
 205      1E
 206 020d AC89505C 		.ascii	"\254\211P\\\333j9\250\301\257\222{!\265\266\265BD\276"
 206      DB6A39A8 
 206      C1AF927B 
 206      21B5B6B5 
 206      4244BE
 207 0220 DAC344DB 		.ascii	"\332\303D\333\262\326G\257&\305\230\315\002:\205\264"
 207      B2D647AF 
 207      26C598CD 
 207      023A85B4 
 208 0230 A8106174 		.ascii	"\250\020at\024\275Nl\177U\013\1777\231\315\353\315\211"
 208      14BD4E6C 
 208      7F550B7F 
 208      3799CDEB 
 208      CD89
 209 0242 5166B78F 		.ascii	"Qf\267\217T(\017y\243\\\344\255B'\221/aK\350\320\011"
 209      54280F79 
 209      A35CE4AD 
 209      4227912F 
 209      614BE8D0 
 210 0257 683C0E8D 		.ascii	"h<\016\215 \"\353`\322\0015^\217\250\214\252\322\366"
 210      2022EB60 
 210      D201355E 
 210      8FA88CAA 
 210      D2F6
 211 0269 1B22D2FA 		.ascii	"\033\"\322\372*2(R`\300\224\351\312z\251j\003Q\346\014"
 211      2A322852 
 211      60C094E9 
 211      CA7AA96A 
 211      0351E60C 
 212 027d 28735A52 		.ascii	"(sZR\006tc\0165\357x\262\337\00372!\346\276\213}\202"
 212      0674630E 
ARM GAS  C:\Users\SANDEE~1\AppData\Local\Temp\ccOquXi3.s 			page 16


 212      35EF78B2 
 212      DF033732 
 212      21E6BE8B 
 213 0293 3321679D 		.ascii	"3!g\235\012\251.yq\327\264\331\374\"*\001!\305\222\220"
 213      0AA92E79 
 213      71D7B4D9 
 213      FC222A01 
 213      21C59290 
 214 02a7 3356211D 		.ascii	"3V!\035\243\311\033\325x3\233\333\335%\023\265.\314"
 214      A3C91BD5 
 214      78339BDB 
 214      DD2513B5 
 214      2ECC
 215 02b9 EDAE804E 		.ascii	"\355\256\200N\235\271\227\246\306)\254\257\266w\307"
 215      9DB997A6 
 215      C629ACAF 
 215      B677C7
 216 02c8 2D01EF63 		.ascii	"-\001\357c\210u\276\026\362\371\332\373\244\360\242"
 216      8875BE16 
 216      F2F9DAFB 
 216      A4F0A2
 217 02d7 3B3ECC3A 		.ascii	";>\314:\217O\304\377=\316c\367\027n7\325\270\340\223"
 217      8F4FC4FF 
 217      3DCE63F7 
 217      176E37D5 
 217      B8E093
 218 02ea 0C893F11 		.ascii	"\014\211?\021\235!\342*\206\024\357<{\337\025_aH\371"
 218      9D21E22A 
 218      8614EF3C 
 218      7BDF155F 
 218      6148F9
 219 02fd D39B695A 		.ascii	"\323\233iZ|\213!\326\310\231\317\"\347T\377\245*-\223"
 219      7C8B21D6 
 219      C899CF22 
 219      E754FFA5 
 219      2A2D93
 220 0310 654680CF 		.ascii	"eF\200\317\034j\270\341\212\373\030m\311\351\263U\\"
 220      1C6AB8E1 
 220      8AFB186D 
 220      C9E9B355 
 220      5C
 221 0321 E3258026 		.ascii	"\343%\200&$\232\253\335\361\010\353\253\332\032\235"
 221      249AABDD 
 221      F108EBAB 
 221      DA1A9D
 222 0330 A0C55314 		.ascii	"\240\305S\024\021\2627o\032v:I\015N\375\327\266\010"
 222      11B2376F 
 222      1A763A49 
 222      0D4EFDD7 
 222      B608
 223 0342 821CD583 		.ascii	"\202\034\325\203\363\256(8\257\252\373\251\305\013o"
 223      F3AE2838 
 223      AFAAFBA9 
 223      C50B6F
 224 0351 C054DC86 		.ascii	"\300T\334\206\315\271)DO5\013L\0154\335\031\233>%\262"
 224      CDB92944 
 224      4F350B4C 
ARM GAS  C:\Users\SANDEE~1\AppData\Local\Temp\ccOquXi3.s 			page 17


 224      0D34DD19 
 224      9B3E25B2 
 225 0365 26C26D2D 		.ascii	"&\302m-\361Tj\3071O\034O\207\010\303=\261q\256Rt\236"
 225      F1546AC7 
 225      314F1C4F 
 225      8708C33D 
 225      B171AE52 
 226 037b 7A359246 		.ascii	"z5\222Fg3\210k\222\304\251yt\232\347\350}\035\364Vs"
 226      6733886B 
 226      92C4A979 
 226      749AE7E8 
 226      7D1DF456 
 227 0390 BDAF41E3 		.ascii	"\275\257A\343U\026\235\226\251\261B\021\357d2\342z,"
 227      55169D96 
 227      A9B14211 
 227      EF6432E2 
 227      7A2C
 228 03a2 4FBD98E1 		.ascii	"O\275\230\341s\031\334P``\215\316\245'it\266\2022-\222"
 228      7319DC50 
 228      60608DCE 
 228      A5276974 
 228      B682322D 
 229 03b7 32CD56DB 		.ascii	"2\315V\333[\023\232\332\325x/\02325T\223\353n3\244\272"
 229      5B139ADA 
 229      D5782F13 
 229      32355493 
 229      EB6E33A4 
 230 03cc C487055D 		.ascii	"\304\207\005];\214\275)\215mEN-iS\266d\317\370\255A"
 230      3B8CBD29 
 230      8D6D454E 
 230      2D6953B6 
 230      64CFF8AD 
 231 03e1 3736BDBE 		.ascii	"76\275\276\200n\035Oju\301\231\314\337\326\0222\237"
 231      806E1D4F 
 231      6A75C199 
 231      CCDFD612 
 231      329F
 232 03f3 9590BD5B 		.ascii	"\225\220\275[\233Oa\234\307\372bsb\253<\361\031\206"
 232      9B4F619C 
 232      C7FA6273 
 232      62AB3CF1 
 232      1986
 233 0405 1C385F32 		.ascii	"\0348_2\254\3015|T\313\372\333Z\334\312\220\236\216"
 233      ACC1357C 
 233      54CBFADB 
 233      5ADCCA90 
 233      9E8E
 234 0417 EA024FDC 		.ascii	"\352\002O\334\316\220\222\307{J\274p/C\256\334\236\265"
 234      CE9092C7 
 234      7B4ABC70 
 234      2F43AEDC 
 234      9EB5
 235 0429 68F12043 		.ascii	"h\361 C\256Ff@\250\216\3611\346'\251:\374\210\331]\222"
 235      AE466640 
 235      A88EF131 
 235      E627A93A 
 235      FC88D95D 
ARM GAS  C:\Users\SANDEE~1\AppData\Local\Temp\ccOquXi3.s 			page 18


 236 043e 9BB9496B 		.ascii	"\233\271Ik\263{\210\006\313 \030}\367[\031=\240lt\375"
 236      B37B8806 
 236      CB20187D 
 236      F75B193D 
 236      A06C74FD 
 237 0452 83B8192F 		.ascii	"\203\270\031/<\303\304\305\357\274\177\330\023G\213"
 237      3CC3C4C5 
 237      EFBC7FD8 
 237      13478B
 238 0461 147932B0 		.ascii	"\024y2\260\343&b&\353\000]_r3\311\213eF7\015\307\206"
 238      E3266226 
 238      EB005D5F 
 238      7233C98B 
 238      6546370D 
 239 0477 F471579C 		.ascii	"\364qW\234\304h\213\222\266\201\322)\014\351\334\025"
 239      C4688B92 
 239      B681D229 
 239      0CE9DC15 
 240 0487 5FE28E8F 		.ascii	"_\342\216\2172\244t\253\345\214\033>\306\220\230\311"
 240      32A474AB 
 240      E58C1B3E 
 240      C69098C9 
 241 0497 DE022F5C 		.ascii	"\336\002/\\,\332e\323B\226M#\321}\335<\021\027\001\232"
 241      2CDA65D3 
 241      42964D23 
 241      D17DDD3C 
 241      1117019A 
 242 04ab 79BDD2E2 		.ascii	"y\275\322\342\202\313\031i\376\206;Y\256\320\347\015"
 242      82CB1969 
 242      FE863B59 
 242      AED0E70D 
 243 04bb D18E6435 		.ascii	"\321\216d5\330\233\325\340\302\262\361\\\021\327PZ\341"
 243      D89BD5E0 
 243      C2B2F15C 
 243      11D7505A 
 243      E1
 244 04cc 54E19DDD 		.ascii	"T\341\235\335ZY\021~\341\214\331<\017M\203\237&%?y\333"
 244      5A59117E 
 244      E18CD93C 
 244      0F4D839F 
 244      26253F79 
 245 04e1 6AF0D801 		.ascii	"j\360\330\0013^\244Box\243%\340\244)p\2227w\322cp\322"
 245      335EA442 
 245      6F78A325 
 245      E0A42970 
 245      923777D2 
 246 04f8 235E81F7 		.ascii	"#^\201\367\037\271\340\201\2571\001\251;\313\013=m\002"
 246      1FB9E081 
 246      AF3101A9 
 246      3BCB0B3D 
 246      6D02
 247 050a A0B09EA0 		.ascii	"\240\260\236\240\241\373\024$<\221$L#'\"f\224E\254\337"
 247      A1FB1424 
 247      3C91244C 
 247      23272266 
 247      9445ACDF 
 248 051e DE94E386 		.ascii	"\336\224\343\206\333\230\210\236\262\312mX\026\341o"
ARM GAS  C:\Users\SANDEE~1\AppData\Local\Temp\ccOquXi3.s 			page 19


 248      DB98889E 
 248      B2CA6D58 
 248      16E16F
 249 052d B7D25435 		.ascii	"\267\322T5\013Z\364L\022\361\324\231\210Ye\021\326\370"
 249      0B5AF44C 
 249      12F1D499 
 249      88596511 
 249      D6F8
 250 053f 5EC8E2FB 		.ascii	"^\310\342\373\302\221\242N\017\334\313<\034\237\360"
 250      C291A24E 
 250      0FDCCB3C 
 250      1C9FF0
 251 054e 2C1FE321 		.ascii	",\037\343!&~o\351\364V\311\302^\315\273h\003H\216\022"
 251      267E6FE9 
 251      F456C9C2 
 251      5ECDBB68 
 251      03488E12 
 252 0562 BE5972B4 		.ascii	"\276Yr\264\240(\371\334FK8\2660I\007+\363\257j\3604"
 252      A028F9DC 
 252      464B38B6 
 252      3049072B 
 252      F3AF6AF0 
 253 0577 93747BF0 		.ascii	"\223t{\360\370\244\207\024\322 )\026$\305|\013I\233"
 253      F8A48714 
 253      D2202916 
 253      24C57C0B 
 253      499B
 254 0589 9425ED3F 		.ascii	"\224%\355?w5K\304Q.TT\363\344\271i\035\216\243\210\330"
 254      77354BC4 
 254      512E5454 
 254      F3E4B969 
 254      1D8EA388 
 255 059e 9D69B9A7 		.ascii	"\235i\271\247F\276\336\010i\001\016[\367\024*\264\005"
 255      46BEDE08 
 255      69010E5B 
 255      F7142AB4 
 255      05
 256 05af 24C60BD8 		.ascii	"$\306\013\330\272'\333m\006ic\177%\315Jr\023@.\351R"
 256      BA27DB6D 
 256      0669637F 
 256      25CD4A72 
 256      13402EE9 
 257 05c4 A1AD8237 		.ascii	"\241\255\2027\332,x\303\000W\332\002\002\023\257d\354"
 257      DA2C78C3 
 257      0057DA02 
 257      0213AF64 
 257      EC
 258 05d5 71D3F251 		.ascii	"q\323\362Q\233\236;\012\250\307\306;\256\013\2728\333"
 258      9B9E3B0A 
 258      A8C7C63B 
 258      AE0BBA38 
 258      DB
 259 05e6 1A811241 		.ascii	"\032\201\022A\023k\276\252P\222\240\343\233\235\375"
 259      136BBEAA 
 259      5092A0E3 
 259      9B9DFD
 260 05f5 378A3A45 		.ascii	"7\212:E\274\225\031u\333\\\331$\340\024\206\344fv\036"
ARM GAS  C:\Users\SANDEE~1\AppData\Local\Temp\ccOquXi3.s 			page 20


 260      BC951975 
 260      DB5CD924 
 260      E01486E4 
 260      66761E
 261 0608 72C3FB19 		.ascii	"r\303\373\031r\256m\333\200\007>\304\020k\272\316\347"
 261      72AE6DDB 
 261      80073EC4 
 261      106BBACE 
 261      E7
 262 0619 E9DA99F7 		.ascii	"\351\332\231\367\354\254\032g\261\316\375\035\017r5"
 262      ECAC1A67 
 262      B1CEFD1D 
 262      0F7235
 263 0628 38872242 		.ascii	"8\207\"BysF\226\007\322\371\312\024\371\303\013R\335"
 263      79734696 
 263      07D2F9CA 
 263      14F9C30B 
 263      52DD
 264 063a D80DAA7F 		.ascii	"\330\015\252\177\241\343\363\301\346i4\017_\271\015"
 264      A1E3F3C1 
 264      E669340F 
 264      5FB90D
 265 0649 1129A254 		.ascii	"\021)\242TA\207vI\263\365\205\216)|\272g\347y^Io\020"
 265      41877649 
 265      B3F5858E 
 265      297CBA67 
 265      E7795E49 
 266 065f BC7B7D55 		.ascii	"\274{}U\223+ng\302\037\214\\\237\361\300]\014i\352\317"
 266      932B6E67 
 266      C21F8C5C 
 266      9FF1C05D 
 266      0C69EACF 
 267 0673 88E67BAF 		.ascii	"\210\346{\257F\272\015\231*mS\343\333\254\263}\347d"
 267      46BA0D99 
 267      2A6D53E3 
 267      DBACB37D 
 267      E764
 268 0685 B71BEE67 		.ascii	"\267\033\356gH\374\305\223U|OWC\360\232\346\370\363"
 268      48FCC593 
 268      557C4F57 
 268      43F09AE6 
 268      F8F3
 269 0697 221E649D 		.ascii	"\"\036d\235_\327u\233]\3600C\316\306\325\315\270\342"
 269      5FD7759B 
 269      5DF03043 
 269      CEC6D5CD 
 269      B8E2
 270 06a9 5186EC2E 		.ascii	"Q\206\354.\216Y\257\305\026\206\264\324\266\305\271"
 270      8E59AFC5 
 270      1686B4D4 
 270      B6C5B9
 271 06b8 E3870CA9 		.ascii	"\343\207\014\251h>\320\340\202\247\030\262}|2\007\341"
 271      683ED0E0 
 271      82A718B2 
 271      7D7C3207 
 271      E1
 272 06c9 A70CE93B 		.ascii	"\247\014\351;\336~E\203#\325\024I/\352\272\244\306\033"
ARM GAS  C:\Users\SANDEE~1\AppData\Local\Temp\ccOquXi3.s 			page 21


 272      DE7E4583 
 272      23D51449 
 272      2FEABAA4 
 272      C61B
 273 06db 1862A94E 		.ascii	"\030b\251N[\203c\331\375\246\302\266mZ\274\231!\231"
 273      5B8363D9 
 273      FDA6C2B6 
 273      6D5ABC99 
 273      2199
 274 06ed C5C3E518 		.ascii	"\305\303\345\030'1d:\346X\202\033\336\311\220\273\265"
 274      2731643A 
 274      E658821B 
 274      DEC990BB 
 274      B5
 275 06fe 9BDFC0A9 		.ascii	"\233\337\300\251\354>mp\326\204\367\262\373\234\333"
 275      EC3E6D70 
 275      D684F7B2 
 275      FB9CDB
 276 070d 25A51A9C 		.ascii	"%\245\032\234\301\220]\235\307\242E|\210!\255\373\246"
 276      C1905D9D 
 276      C7A2457C 
 276      8821ADFB 
 276      A6
 277 071e A7DD7116 		.ascii	"\247\335q\026C\2726w\376\007\316e\367\347[\342ft\370"
 277      43BA3677 
 277      FE07CE65 
 277      F7E75BE2 
 277      6674F8
 278 0731 1843B267 		.ascii	"\030C\262g\307\267\352\360I\206\324f>\252\340;\223;"
 278      C7B7EAF0 
 278      4986D466 
 278      3EAAE03B 
 278      933B
 279 0743 049F3AF6 		.ascii	"\004\237:\366`\302\225\245z\272:\005\377\303@\362\303"
 279      60C295A5 
 279      7ABA3A05 
 279      FFC340F2 
 279      C3
 280 0754 2C0DF2A1 		.ascii	",\015\362\241\277\005>\362\237/\273\034 \223_\326p\003"
 280      BF053EF2 
 280      9F2FBB1C 
 280      20935FD6 
 280      7003
 281 0766 1FC9AA4D 		.ascii	"\037\311\252M0\247W :\265\207`j\317\013\013\244`\310"
 281      30A75720 
 281      3AB58760 
 281      6ACF0B0B 
 281      A460C8
 282 0779 A791E947 		.ascii	"\247\221\351G\236\227\330\210\332\217S\315e\321\230"
 282      9E97D888 
 282      DA8F53CD 
 282      65D198
 283 0788 52673B52 		.ascii	"Rg;Rw8R_\223Q\037U\246\316C\022\371\320\257%\362\375"
 283      7738525F 
 283      93511F55 
 283      A6CE4312 
 283      F9D0AF25 
ARM GAS  C:\Users\SANDEE~1\AppData\Local\Temp\ccOquXi3.s 			page 22


 284 079e 8EE4FB04 		.ascii	"\216\344\373\004G\362^\031y\2722\271\\\027\031u\246"
 284      47F25E19 
 284      79BA32B9 
 284      5C171975 
 284      A6
 285 07af 23758644 		.ascii	"#u\206D\235D\027S\263\371]\021\366b\220\274\247\241"
 285      9D441753 
 285      B3F95D11 
 285      F66290BC 
 285      A7A1
 286 07c1 0B9DE203 		.ascii	"\013\235\342\003 \356\321\025H\220\213\202\017*\007"
 286      20EED115 
 286      48908B82 
 286      0F2A07
 287 07d0 A807A802 		.ascii	"\250\007\250\002\270\012p\015\240\014\240\016\240\011"
 287      B80A700D 
 287      A00CA00E 
 287      A009
 288 07de A001A018 		.ascii	"\240\001\240\030\240\004\240\006\3402@-\300\005\200"
 288      A004A006 
 288      E032402D 
 288      C00580
 289 07ed 22806A80 		.ascii	"\"\200j\200R\200F\200s\000g\001*\000*\001.\011>\264"
 289      52804680 
 289      73006701 
 289      2A002A01 
 289      2E093EB4 
 290 0801 3871BF7C 		.ascii	"8q\277|$\251\236\357\250\372\204\243\323+d\324\205\216"
 290      24A99EEF 
 290      A8FA84A3 
 290      D32B64D4 
 290      858E
 291 0813 D48B1D9D 		.ascii	"\324\213\035\235h\221\271e\257#\365\036G'N\313\250\323"
 291      6891B965 
 291      AF23F51E 
 291      47274ECB 
 291      A8D3
 292 0825 94A9ED98 		.ascii	"\224\251\355\230\313\346\377\260#y\301\234\371\237\376"
 292      CBE6FFB0 
 292      2379C19C 
 292      F99FFE
 293 0834 B9447E52 		.ascii	"\271D~RQs\371|\312\314<\356H\\:\207w\255L\363\203\312"
 293      5173F97C 
 293      CACC3CEE 
 293      485C3A87 
 293      77AD4CF3 
 294 084a 612E276F 		.ascii	"a.'o\223i\236\345H^7\307\345\377&Q\2478R';:qH\306\373"
 294      93699EE5 
 294      485E37C7 
 294      E5FF2651 
 294      A7385227 
 295 0864 6B65AFC8 		.ascii	"ke\257\310\250-2;\363\224'\337.)d\314\217(+\316\310"
 295      A82D323B 
 295      F39427DF 
 295      2E2964CC 
 295      8F282BCE 
 296 0879 59691F39 		.ascii	"Yi\0379?/\322lF\204L\305\253\272\024w\3655\363\267E"
ARM GAS  C:\Users\SANDEE~1\AppData\Local\Temp\ccOquXi3.s 			page 23


 296      3F2FD26C 
 296      46844CC5 
 296      ABBA1477 
 296      F535F3B7 
 297 088e 996B9650 		.ascii	"\231k\226Pf'\224},\367\202Lt\216#u\347\\\027\313f\344"
 297      6627947D 
 297      2CF7824C 
 297      748E2375 
 297      E75C17CB 
 298 08a4 807242DA 		.ascii	"\200rB\332\221\313\374p\314\221\274\306Q\227^\031u\201"
 298      91CBFC70 
 298      CC91BCC6 
 298      51975E19 
 298      7581
 299 08b6 32B55DE4 		.ascii	"2\265]\344\311\310s\225U\247\314\241\324FU>l\365\224"
 299      C9C87395 
 299      55A7CCA1 
 299      D446553E 
 299      6CF594
 300 08c9 AFE2725A 		.ascii	"\257\342rZxj\262\255\342\247g\207\306\\\360=Z\260qK"
 300      786AB2AD 
 300      E2A76787 
 300      C65CF03D 
 300      5AB0714B 
 301 08dd 52F4A080 		.ascii	"R\364\240\200|\026\3702y\260\242\356\356\253c\205\027"
 301      7C16F832 
 301      79B0A2EE 
 301      EEAB6385 
 301      17
 302 08ee 46A09D20 		.ascii	"F\240\235 \263U9\332\223\370\346\236\324#[w3\247'\365"
 302      B35539DA 
 302      93F8E69E 
 302      D4235B77 
 302      33A727F5 
 303 0902 E806D4A3 		.ascii	"\350\006\324\243\026^/\330\244\326g\261Im\265\237T\362"
 303      165E2FD8 
 303      A4D667B1 
 303      496DB59F 
 303      54F2
 304 0914 8CD3513E 		.ascii	"\214\323Q>$\340q\266\210\334\353\317n\021\3604_\252"
 304      24E071B6 
 304      88DCEBCF 
 304      6E11F034 
 304      5FAA
 305 0926 BA2A3AF9 		.ascii	"\272*:\371\022~\201\236Su\355\210\325\361\025\205\234"
 305      127E819E 
 305      5375ED88 
 305      D5F11585 
 305      9C
 306 0937 A9545D9D 		.ascii	"\251T]\235-u\303\321\032J|b6k#\306\011\024\371\331\345"
 306      2D75C3D1 
 306      1A4A7C62 
 306      366B23C6 
 306      0914F9D9 
 307 094c 9AD3D918 		.ascii	"\232\323\331\030L\363\321- k\215\216.9\013||}\311\005"
 307      4CF3D12D 
 307      206B8D8E 
ARM GAS  C:\Users\SANDEE~1\AppData\Local\Temp\ccOquXi3.s 			page 24


 307      2E390B7C 
 307      7C7DC905 
 308 0960 FE2E8406 		.ascii	"\376.\204\006\350\202\225G\247\363\225V \272\030\371"
 308      E8829547 
 308      A7F39556 
 308      20BA18F9 
 309 0970 FAF8EA6C 		.ascii	"\372\370\352l>\031\302\317&\356\230\315\333`\213\201"
 309      3E19C2CF 
 309      26EE98CD 
 309      DB608B81 
 310 0980 75E83C6C 		.ascii	"u\350<l|\273\235\345\264\274H_\002\0022\243\250\226"
 310      7CBB9DE5 
 310      B4BC485F 
 310      020232A3 
 310      A896
 311 0992 8F204E49 		.ascii	"\217 NI\301\276(\031\373\240\036(\246]v\305\2647\005"
 311      C1BE2819 
 311      FBA01E28 
 311      A65D76C5 
 311      B43705
 312 09a5 9B0F2E42 		.ascii	"\233\017.B\275\340\3652e\021\324\355\262\011\276m7\301"
 312      BDE0F532 
 312      6511D4ED 
 312      B209BE6D 
 312      37C1
 313 09b7 6420F3A9 		.ascii	"d \363\251\\\211\016X)\332\311J\261\023\004\367q%v\300"
 313      5C890E58 
 313      29DAC94A 
 313      B11304F7 
 313      712576C0 
 314 09cb FD765062 		.ascii	"\375vPb\033@\022@\"\300V\200-\000\233\001\022\000\342"
 314      1B401240 
 314      22C05680 
 314      2D009B01 
 314      1200E2
 315 09de 01E20026 		.ascii	"\001\342\000&AQ\013\300=\200!\200A\200\273\000\375\000"
 315      41510BC0 
 315      3D802180 
 315      4180BB00 
 315      FD00
 316 09f0 77EC0CB8 		.ascii	"w\354\014\2707\202\317do4'\372\223m\332-\010\204>'+"
 316      3782CF64 
 316      6F3427FA 
 316      936DDA2D 
 316      08843E27 
 317 0a05 B6A27E6D 		.ascii	"\266\242~m|\300\337N\277\372\266\371\333i\325 \247B"
 317      7CC0DF4E 
 317      BFFAB6F9 
 317      DB69D520 
 317      A742
 318 0a17 C790837E 		.ascii	"\307\220\203~s\253\376\310\315\205\214~\000<{N\231\336"
 318      73ABFEC8 
 318      CD858C7E 
 318      003C7B4E 
 318      99DE
 319 0a29 714ABAED 		.ascii	"qJ\272\355\246d\200\345\034c\367\350\006\027O\316U."
 319      A66480E5 
ARM GAS  C:\Users\SANDEE~1\AppData\Local\Temp\ccOquXi3.s 			page 25


 319      1C63F7E8 
 319      06174FCE 
 319      552E
 320 0a3b 3BB2ABB3 		.ascii	";\262\253\263\027\017\311R\361G\226\372\3448\241Q\231"
 320      170FC952 
 320      F14796FA 
 320      E438A151 
 320      99
 321 0a4c DC4FA2EE 		.ascii	"\334O\242\356\375]$\245\036\006\252[\234\272\034\250"
 321      FD5D24A5 
 321      1E06AA5B 
 321      9CBA1CA8 
 322 0a5c 4B1DF63F 		.ascii	"K\035\366?r\337\333\372\037@\246\216p\337\217\301\375"
 322      72DFDBFA 
 322      1F40A68E 
 322      70DF8FC1 
 322      FD
 323 0a6d 28F8EEBE 		.ascii	"(\370\356\276\275\357\362\271/H\224]\004\376#N\026o"
 323      BDEFF2B9 
 323      2F48945D 
 323      04FE234E 
 323      166F
 324 0a7f 45FE17F8 		.ascii	"E\376\027\370\000\347\374+\0263c\011\373JE\366~\322"
 324      00E7FC2B 
 324      16336309 
 324      FB4A45F6 
 324      7ED2
 325 0a91 DAF02C8F 		.ascii	"\332\360,\217\225\221\021\3732\302:\037O\343#\231\333"
 325      959111FB 
 325      32C23A1F 
 325      4FE32399 
 325      DB
 326 0aa2 C8330171 		.ascii	"\3103\001qE\225\364\224J\250\255\336\032\035\301#Y\365"
 326      4595F494 
 326      4AA8ADDE 
 326      1A1DC123 
 326      59F5
 327 0ab4 ACCC8D03 		.ascii	"\254\314\215\003Y\227\243\177;\347\344\264C\241{\014"
 327      5997A37F 
 327      3BE7E4B4 
 327      43A17B0C 
 328 0ac4 663CE426 		.ascii	"f<\344&=\202\373\011{w\345\311\334E\354y\370\277\250"
 328      3D82FB09 
 328      7B77E5C9 
 328      DC45EC79 
 328      F8BFA8
 329 0ad7 A1DD9CDE 		.ascii	"\241\335\234\336\2215\263\257\212\033\377\320\211\361"
 329      9135B3AF 
 329      8A1BFFD0 
 329      89F1
 330 0ae5 A951D478 		.ascii	"\251Q\324xbU\217d\374C{\343\007\255\306O\011\013Q\257"
 330      62558F64 
 330      FC437BE3 
 330      07ADC64F 
 330      090B51AF 
 331 0af9 B2F154C1 		.ascii	"\262\361T\301m\012\012\252\350(\242],\344\351&\310\301"
 331      6D0A0AAA 
ARM GAS  C:\Users\SANDEE~1\AppData\Local\Temp\ccOquXi3.s 			page 26


 331      E828A25D 
 331      2CE4E926 
 331      C8C1
 332 0b0b 18808D00 		.ascii	"\030\200\215\000\353\001f`n\237\000L\3339d\372\0236"
 332      EB016660 
 332      6E9F004C 
 332      DB3964FA 
 332      1336
 333 0b1d BF24F66F 		.ascii	"\277$\366o\203<\302\301\351\016\352\331eY\342\335\371"
 333      833CC2C1 
 333      E90EEAD9 
 333      6559E2DD 
 333      F9
 334 0b2e 266A0BDF 		.ascii	"&j\013\337\343<\005\342>\347\304\262$}f\227\244OY\222"
 334      E33C05E2 
 334      3EE7C4B2 
 334      247D6697 
 334      A44F5992 
 335 0b42 CA03F73E 		.ascii	"\312\003\367>t\016\223\341\367\200\3373>\025\221`\254"
 335      740E93E1 
 335      F780DF33 
 335      3E159160 
 335      AC
 336 0b53 190C9C95 		.ascii	"\031\014\234\225\014#\307.\263x\324\302\026\007r\004"
 336      0C23C72E 
 336      B378D4C2 
 336      16077204 
 337 0b63 D6CF0738 		.ascii	"\326\317\0078\331\214\220\263\205\027H\225'\2619\304"
 337      D98C90B3 
 337      85174895 
 337      27B139C4 
 338 0b73 696D69E2 		.ascii	"imi\342\030\347\375\033]\310\321\3323\245-\020Lb\336"
 338      18E7FD1B 
 338      5DC8D1DA 
 338      33A52D10 
 338      4C62DE
 339 0b86 253E8951 		.ascii	"%>\211Q\260*\215|+\313\243\201R\262\034\306\251\234"
 339      B02A8D7C 
 339      2BCBA381 
 339      52B21CC6 
 339      A99C
 340 0b98 AF286803 		.ascii	"\257(h\003\030,-*\266\000K\210\212'\001FX\215J\001\326"
 340      182C2D2A 
 340      B6004B88 
 340      8A270146 
 340      588D4A01 
 341 0bad 4BBD68D3 		.ascii	"K\275h\323m\277U7X\012\306\236;\203$\244/\361\312HJ"
 341      6DBF5537 
 341      580AC69E 
 341      3B8324A4 
 341      2FF1CA48 
 342 0bc2 DD836FA2 		.ascii	"\335\203o\242\256\375H\252\213\026\347\304L\337\226"
 342      AEFD48AA 
 342      8B16E7C4 
 342      4CDF96
 343 0bd1 F36AE242 		.ascii	"\363j\342B\240\231\353\302Gg\347\217\2577\357ZB\217"
 343      A099EBC2 
ARM GAS  C:\Users\SANDEE~1\AppData\Local\Temp\ccOquXi3.s 			page 27


 343      4767E78F 
 343      AF37EF5A 
 343      428F
 344 0be3 B31EF224 		.ascii	"\263\036\362$\340\347$l\377:.\337\247\377,\305\\\026"
 344      E0E7246C 
 344      FF3A2EDF 
 344      A7FF2CC5 
 344      5C16
 345 0bf5 89E909D4 		.ascii	"\211\351\011\324zA\2018R\220\355\244\177\312\210\311"
 345      7A418138 
 345      5290EDA4 
 345      7FCA88C9 
 346 0c05 21D24625 		.ascii	"!\322F%b\371:\323R\314\303=\011\234\035\347\270n\316"
 346      62F93AD3 
 346      52CCC33D 
 346      099C1DE7 
 346      B86ECE
 347 0c18 798C6A7B 		.ascii	"y\214j{G*\225\333\034\251\347\356 \257\311\310\267+"
 347      472A95DB 
 347      1CA9E7EE 
 347      20AFC9C8 
 347      B72B
 348 0c2a 93CBA7A2 		.ascii	"\223\313\247\242\210O\005\331\304\355p$\237\373\364"
 348      884F05D9 
 348      C4ED7024 
 348      9FFBF4
 349 0c39 32FD36E3 		.ascii	"2\3756\343N\226\324\233\312\3442\325G\3168\254\"}NV"
 349      4E96D49B 
 349      CAE432D5 
 349      47CE38AC 
 349      227D4E56 
 350 0c4d 116EE9DB 		.ascii	"\021n\351\333\366\213\302\\j\371L\237au\261\317I]\234"
 350      F68BC25C 
 350      6AF94C9F 
 350      6175B1CF 
 350      495D9C
 351 0c60 9D2067F3 		.ascii	"\235 g\363$\300;\245s\242>yY\034\302\323\226h\232\311"
 351      24C03BA5 
 351      73A23E79 
 351      591CC2D3 
 351      96689AC9 
 352 0c74 243B2BF8 		.ascii	"$;+\370\036\314iv\326\307`\022Z\335\366\362d\311\224"
 352      1ECC6976 
 352      D6C76012 
 352      5ADDF6F2 
 352      64C994
 353 0c87 8AE56566 		.ascii	"\212\345ef\027\236Sfl\033\304\335\220i\317\333 \362"
 353      179E5366 
 353      6C1BC4DD 
 353      9069CFDB 
 353      20F2
 354 0c99 7290AC21 		.ascii	"r\220\254!\002\011\333j)\361\272\251\011\260\367\355"
 354      0209DB6A 
 354      29F1BAA9 
 354      09B0F7ED 
 355 0ca9 ADAD2971 		.ascii	"\255\255)q]\224LO\023\243\314\363\004\352\266\034\020"
 355      5D944C4F 
ARM GAS  C:\Users\SANDEE~1\AppData\Local\Temp\ccOquXi3.s 			page 28


 355      13A3CCF3 
 355      04EAB61C 
 355      10
 356 0cba 914DE5EF 		.ascii	"\221M\345\357\301\213\340\357\227\"#\336r\252)\332\363"
 356      C18BE0EF 
 356      972223DE 
 356      72AA29DA 
 356      F3
 357 0ccb A574737A 		.ascii	"\245tsz7\224\260x\227\370\276*HW\364.\241BY\022s\270"
 357      3794B078 
 357      97F8BE2A 
 357      4857F42E 
 357      A1425912 
 358 0ce1 85BF4760 		.ascii	"\205\277G`}D_\303\262\240Bi\370%\030\275/\275;\332\015"
 358      7D445FC3 
 358      B2A04269 
 358      F82518BD 
 358      2FBD3BDA 
 359 0cf6 9F7565E7 		.ascii	"\237ue\347J}g&\275D\201\357@A\000\264UV\214\024=G\227"
 359      4A7D6726 
 359      BD4481EF 
 359      404100B4 
 359      55568C14 
 360 0d0d FD54977D 		.ascii	"\375T\227}\230+S\230Qx\300\225+\323\366C\230\363\365"
 360      982B5398 
 360      5178C095 
 360      2BD3F643 
 360      98F3F5
 361 0d20 6672CA0C 		.ascii	"fr\312\014Th/\266\351\002\267\366\272\244S]\236\304"
 361      54682FB6 
 361      E902B7F6 
 361      BAA4535D 
 361      9EC4
 362 0d32 F64CE9F0 		.ascii	"\366L\351\360e\347\272\224\\\035\251q\223\353\362\207"
 362      65E7BA94 
 362      5C1DA971 
 362      93EBF287 
 363 0d42 1764AA64 		.ascii	"\027d\252dRU\016\330T\331>z\226\250\322\015\376n\330"
 363      52550ED8 
 363      54D93E7A 
 363      96A8D20D 
 363      FE6ED8
 364 0d55 E3B2270A 		.ascii	"\343\262'\012\374\222\201(\031\312\220t\311\300\354"
 364      FC928128 
 364      19CA9074 
 364      C9C0EC
 365 0d64 98161DA4 		.ascii	"\230\026\035\244:\264N<\256\320\342\247L\207{#\327\246"
 365      3AB44E3C 
 365      AED0E2A7 
 365      4C877B23 
 365      D7A6
 366 0d76 F881E70D 		.ascii	"\370\201\347\015LNC\263\253O\362\227\276e\337#\307u"
 366      4C4E43B3 
 366      AB4FF297 
 366      BE65DF23 
 366      C775
 367 0d88 3D314D5A 		.ascii	"=1MZ\326?I\350\223c\323\272E~@J^!\217\016>\234\340\017"
ARM GAS  C:\Users\SANDEE~1\AppData\Local\Temp\ccOquXi3.s 			page 29


 367      D63F49E8 
 367      9363D3BA 
 367      457E404A 
 367      5E218F0E 
 368 0da0 38E61700 		.ascii	"8\346\027\000\237\035\274\231\311\037\200\306\350qa"
 368      9F1DBC99 
 368      C91F80C6 
 368      E87161
 369 0daf 7AF1F7B0 		.ascii	"z\361\367\260\331\215\312\232\330\336\326\345\211\243"
 369      D98DCA9A 
 369      D8DED6E5 
 369      89A3
 370 0dbd 183298DB 		.ascii	"\0302\230\333\324\204q\234\033{\363\267\241\261H\220"
 370      D484719C 
 370      1B7BF3B7 
 370      A1B14890 
 371 0dcd BF9B6227 		.ascii	"\277\233b'\367\005X\213\362\260\303;=\305\267\203\371"
 371      F705588B 
 371      F2B0C33B 
 371      3DC5B783 
 371      F9
 372 0dde 58E91D30 		.ascii	"X\351\0350\316\331\325\3641\202'(\376V\343\250\313\344"
 372      CED9D5F4 
 372      31822728 
 372      FE56E3A8 
 372      CBE4
 373 0df0 71925727 		.ascii	"q\222W'\260\302\032\325\237\242a\011L\244\346\202\324"
 373      B0C21AD5 
 373      9FA26109 
 373      4CA4E682 
 373      D4
 374 0e01 13F85BEF 		.ascii	"\023\370[\357\202T\224\230$\3041P\3448f\211@Nm3\007"
 374      82549498 
 374      24C43150 
 374      E4386689 
 374      404E6D33 
 375 0e16 9AD5F818 		.ascii	"\232\325\370\030\263r\340Du\274\007Z\340\253\270\217"
 375      B372E044 
 375      75BC075A 
 375      E0ABB88F 
 376 0e26 3A050395 		.ascii	":\005\003\225\230\360\003\206\267H2\235\204\376B\311"
 376      98F00386 
 376      B748329D 
 376      84FE42C9 
 377 0e36 1FC40C2A 		.ascii	"\037\304\014*%\271\377\212\305\015W0\307\216\366D\035"
 377      25B9FF8A 
 377      C50D5730 
 377      C78EF644 
 377      1D
 378 0e47 F4C25718 		.ascii	"\364\302W\030\222^\267\251\336\015_eHAbd$\306=\014\271"
 378      925EB7A9 
 378      DE0D5F65 
 378      48416264 
 378      24C63D0C 
 379 0e5c 34113B42 		.ascii	"4\021;B\217\321\243\236\177\214\216w\236\316\001\321"
 379      8FD1A39E 
 379      7F8C8E77 
ARM GAS  C:\Users\SANDEE~1\AppData\Local\Temp\ccOquXi3.s 			page 30


 379      9ECE01D1 
 380 0e6c F024AAA8 		.ascii	"\360$\252\250v\021\250s\226\253]\012j\237\303\326\375"
 380      7611A873 
 380      96AB5D0A 
 380      6A9FC3D6 
 380      FD
 381 0e7d 4674145D 		.ascii	"Ft\024][\33367\261\265\265\004\226\340bN\355\274.\016"
 381      5BDB3637 
 381      B1B5B504 
 381      96E0624E 
 381      EDBC2E0E 
 382 0e91 B3BA7816 		.ascii	"\263\272x\026;>s\367\304>\314\027\361=\346\311{C\275"
 382      3B3E73F7 
 382      C43ECC17 
 382      F13DE6C9 
 382      7B43BD
 383 0ea4 0D9EC877 		.ascii	"\015\236\310w\201\255^\266\263}d9\360>/9\350,u\220\242"
 383      81AD5EB6 
 383      B37D6439 
 383      F03E2F39 
 383      E82C7590 
 384 0eb9 DE65A0AB 		.ascii	"\336e\240\253\222\336\344\024x\327`\254\007\236fn\212"
 384      92DEE414 
 384      78D760AC 
 384      079E666E 
 384      8A
 385 0eca 692BAFF2 		.ascii	"i+\257\362\300\221\354\215\331\326\223\3553^8\216\""
 385      C091EC8D 
 385      D9D693ED 
 385      335E388E 
 385      22
 386 0edb C2EEFC8C 		.ascii	"\302\356\374\214q\354\354mu\225B<2e;\017\323m\322E\010"
 386      71ECEC6D 
 386      7595423C 
 386      32653B0F 
 386      D36DD245 
 387 0ef0 B20B8EA1 		.ascii	"\262\013\216\241M\314L\350\205\007\360\035L^\342\371"
 387      4DCC4CE8 
 387      8507F01D 
 387      4C5EE2F9 
 388 0f00 F4731A9C 		.ascii	"\364s\032\234\306\220\274\234'\005ZZ-\276\260\026\213"
 388      C690BC9C 
 388      27055A5A 
 388      2DBEB016 
 388      8B
 389 0f11 E113970F 		.ascii	"\341\023\227\017a\247\305\242\226\026\213K\266b\221"
 389      61A7C5A2 
 389      96168B4B 
 389      B66291
 390 0f20 7F79AF56 		.ascii	"\177y\257V~\342\002\375\262\011\257\303\326\275\023"
 390      7EE202FD 
 390      B209AFC3 
 390      D6BD13
 391 0f2f D01E39BD 		.ascii	"\320\0369\275#\333\035\037d\206vU\227\364\272\333\277"
 391      23DB1D1F 
 391      64867655 
 391      97F4BADB 
ARM GAS  C:\Users\SANDEE~1\AppData\Local\Temp\ccOquXi3.s 			page 31


 391      BF
 392 0f40 E9900F45 		.ascii	"\351\220\017E\365`\2534\232W\377=\363\326\223y\274\002"
 392      F560AB34 
 392      9A57FF3D 
 392      F3D69379 
 392      BC02
 393 0f52 ED972533 		.ascii	"\355\227%3\3530\177\325\361\340\321\366n/\234\313,+"
 393      EB307FD5 
 393      F1E0D1F6 
 393      6E2F9CCB 
 393      2C2B
 394 0f64 2B2C3EA1 		.ascii	"+,>\241\303'\031\362`f\357i^@\026\002\372\264+1Q\303"
 394      C32719F2 
 394      6066EF69 
 394      5E401602 
 394      FAB42B31 
 395 0f7a 0F50C83B 		.ascii	"\017P\310;\314\361K]\261\356\270\212\017|r\246]\207"
 395      CCF14B5D 
 395      B1EEB88A 
 395      0F7C72A6 
 395      5D87
 396 0f8c AF50449B 		.ascii	"\257PD\233\332\3226\340\202\310\321\211\257\217/\\\344"
 396      DAD236E0 
 396      82C8D189 
 396      AF8F2F5C 
 396      E4
 397 0f9d 6BD735   		.ascii	"k\3275"
 398 0fa0 EC8DAE62 		.ascii	"\354\215\256b\320\365&\350\332\301\247\275\035\356["
 398      D0F526E8 
 398      DAC1A7BD 
 398      1DEE5B
 399 0faf 60ED6A05 		.ascii	"`\355j\005\350\004h\003\270\205\345\317\001\020\276"
 399      E8046803 
 399      B885E5CF 
 399      0110BE
 400 0fbe 1D757C6B 		.ascii	"\035u|kx\003,i\000K:\224\303\227\357\244\376\213\225"
 400      78032C69 
 400      004B3A94 
 400      C397EFA4 
 400      FE8B95
 401 0fd1 10425CAD 		.ascii	"\020B\\\255H\314v\0142W6\333\255\2737\330\272k\213\353"
 401      48CC760C 
 401      325736DB 
 401      ADBB37D8 
 401      BA6B8BEB 
 402 0fe5 4BECE190 		.ascii	"K\354\341\220\020]\227\334\330\201\027\310u\354\312"
 402      105D97DC 
 402      D88117C8 
 402      75ECCA
 403 0ff4 E63A126F 		.ascii	"\346:\022o\3278\212\225o\203x\010"
 403      D7388A95 
 403      6F837808 
 404 1000 DE6249D6 		.ascii	"\336bI\326a\237d\212\016k\344\354\276\235\303\352;\371"
 404      619F648A 
 404      0E6BE4EC 
 404      BE9DC3EA 
 404      3BF9
ARM GAS  C:\Users\SANDEE~1\AppData\Local\Temp\ccOquXi3.s 			page 32


 405 1012 960942B4 		.ascii	"\226\011B\264\311Q\2219\247\213\217n\361\355\033I\206"
 405      C9519139 
 405      A78B8F6E 
 405      F1ED1B49 
 405      86
 406 1023 4A65BDAD 		.ascii	"Je\275\255\347\205\207\312\037\225i\361-6\357\247\242"
 406      E78587CA 
 406      1F9569F1 
 406      2D36EFA7 
 406      A2
 407 1034 FB9F7AE1 		.ascii	"\373\237z\341\011\212\250\363\323gG\021\242'c>\212\373"
 407      098AA8F3 
 407      D3674711 
 407      A227633E 
 407      8AFB
 408 1046 952EE0DC 		.ascii	"\225.\340\334\303M\270\003&\364\203\332\275\000}\000"
 408      C34DB803 
 408      26F483DA 
 408      BD007D00 
 409 1056 B7EDD47F 		.ascii	"\267\355\324\177\324\305\325\267\316_\217\223\371c\344"
 409      D4C5D5B7 
 409      CE5F8F93 
 409      F963E4
 410 1065 558332FD 		.ascii	"U\2032\375\273\035\311\025\374\336\305\374\336\243\264"
 410      BB1DC915 
 410      FCDEC5FC 
 410      DEA3B4
 411 1074 FC540D38 		.ascii	"\374T\01588C\201\231\314w\375rU\033\024U\265\272n{\355"
 411      38438199 
 411      CC77FD72 
 411      551B1455 
 411      B5BA6E7B 
 412 1089 F1210D36 		.ascii	"\361!\0156\273\323d\276\025}t\324C^9\353\243\222I\204"
 412      BBD364BE 
 412      157D74D4 
 412      435E39EB 
 412      A3924984 
 413 109d 0DC2F0BB 		.ascii	"\015\302\360\273R\204\365\310*\247\203;\007\300\205"
 413      5284F5C8 
 413      2AA7833B 
 413      07C085
 414 10ac DFE44E90 		.ascii	"\337\344N\220z\346\334\375\245,\215\275\001+\276\365"
 414      7AE6DCFD 
 414      A52C8DBD 
 414      012BBEF5 
 415 10bc A08C7F69 		.ascii	"\240\214\177i\326M\322\270\240~K\232\007Nvgo\021\237"
 415      D64DD2B8 
 415      A07E4B9A 
 415      074E7667 
 415      6F119F
 416 10cf 55574299 		.ascii	"UWB\231c\310\271\262\361R\021\037dH\352\371\002\230"
 416      63C8B9B2 
 416      F152111F 
 416      6448EAF9 
 416      0298
 417 10e1 861C868C 		.ascii	"\206\034\206\214\03688 \340\343\014I\212N\277\353\205"
 417      1E383820 
ARM GAS  C:\Users\SANDEE~1\AppData\Local\Temp\ccOquXi3.s 			page 33


 417      E0E30C49 
 417      8A4EBFEB 
 417      85
 418 10f2 8B18929B 		.ascii	"\213\030\222\233\024\011\017\013\345\014\311[\337{Q"
 418      14090F0B 
 418      E50CC95B 
 418      DF7B51
 419 1101 831B28E2 		.ascii	"\203\033(\342\232\221\223\223\340\212\330q\351\002\037"
 419      9A919393 
 419      E08AD871 
 419      E9021F
 420 1110 DB89424E 		.ascii	"\333\211BN.\317\030\362\3400\012fO;\2339\376\024\367"
 420      2ECF18F2 
 420      E0300A66 
 420      4F3B9B39 
 420      FE14F7
 421 1123 27E9BCEA 		.ascii	"'\351\274\352\001'W\330j\263\251\351\274'{n\030wd.{"
 421      012757D8 
 421      6AB3A9E9 
 421      BC277B6E 
 421      1877642E 
 422 1138 42E24724 		.ascii	"B\342G$C,*\246\225\242\342\331\220\214\327\210#\257"
 422      432C2AA6 
 422      95A2E2D9 
 422      908CD788 
 422      23AF
 423 114a 3919D532 		.ascii	"9\031\3252$;4\034S\266k\316\301\332=\310\365!\222\353"
 423      243B341C 
 423      53B66BCE 
 423      C1DA3DC8 
 423      F52192EB 
 424 115e 163E80CC 		.ascii	"\026>\200\314\354c\230\331\2070\243S\000\023\344\340"
 424      EC6398D9 
 424      8730A353 
 424      0013E4E0 
 425 116e 12E009C0 		.ascii	"\022\340\011\300#\273\204\251\222\233z_Y=\346G\230\230"
 425      23BB84A9 
 425      929B7A5F 
 425      593DE647 
 425      9898
 426 1180 3BA3C983 		.ascii	";\243\311\203\"\276\311\342pOQl\272F\036\207\371\225"
 426      22BEC9E2 
 426      704F516C 
 426      BA461E87 
 426      F995
 427 1192 5B491C3E 		.ascii	"[I\034>\003\0063R\034N\317\211C\233\266OA\303o\253-"
 427      03063352 
 427      1C4ECF89 
 427      439BB64F 
 427      41C36FAB 
 428 11a7 486F9CC8 		.ascii	"Ho\234\310\214U\343~\026#\321\215\221?\301c\354\276"
 428      8C55E37E 
 428      1623D18D 
 428      913FC163 
 428      ECBE
 429 11b9 7A7CA089 		.ascii	"z|\240\211/8?\004\264|s\364\240\253V\372\026\210\264"
 429      2F383F04 
ARM GAS  C:\Users\SANDEE~1\AppData\Local\Temp\ccOquXi3.s 			page 34


 429      B47C73F4 
 429      A0AB56FA 
 429      1688B4
 430 11cc 4BF579BD 		.ascii	"K\365y\275H\276FX\354\215\"E\3721\302\375C\365\307\311"
 430      48BE4658 
 430      EC8D2245 
 430      FA31C2FD 
 430      43F5C7C9 
 431 11e0 605F2DFA 		.ascii	"`_-\372\253\354\013\033_V\247\322\222zS\334\360,\263"
 431      ABEC0B1B 
 431      5F56A7D2 
 431      927A53DC 
 431      F02CB3
 432 11f3 78DFF08D 		.ascii	"x\337\360\215(\017\331\207do\262\317\034cD-\332 \332"
 432      280FD987 
 432      646FB2CF 
 432      1C63442D 
 432      DA20DA
 433 1206 0CF6B56D 		.ascii	"\014\366\265mq\323\243\314\337\211\364\223\235Kn\024"
 433      71D3A3CC 
 433      DF89F493 
 433      9D4B6E14 
 434 1216 7D0963BA 		.ascii	"}\011c\272\247\210\026\275Q\024S!&\372\310Vw\034\247"
 434      A78816BD 
 434      51145321 
 434      26FAC856 
 434      771CA7
 435 1229 A3422EB6 		.ascii	"\243B.\266o\\-\373\310fi5\375\310&\016dl\222d\304\210"
 435      6F5C2DFB 
 435      C8666935 
 435      FDC8260E 
 435      646C9264 
 436 123f CE85C42A 		.ascii	"\316\205\304*\013\351\314o\277 \342\355L\310\265\224"
 436      0BE9CC6F 
 436      BF20E2ED 
 436      4CC8B594 
 437 124f 8DA32E36 		.ascii	"\215\243.6)\243y\370Ve\034\231\273\315 &^\022\023\367"
 437      29A379F8 
 437      56651C99 
 437      BBCD2026 
 437      5E1213F7 
 438 1263 1C3109CA 		.ascii	"\0341\011\312b\2564U,\235\237\310g\373\305E\224\343"
 438      62AE3455 
 438      2C9D9FC8 
 438      67FBC545 
 438      94E3
 439 1275 5198F02C 		.ascii	"Q\230\360,L\234\277E\234o\235\002\222\333\251\2277\327"
 439      4C9CBF45 
 439      9C6F9D02 
 439      92DBA997 
 439      37D7
 440 1287 23C4DEC6 		.ascii	"#\304\336\306\313r\373h~\275\231\3466yz>\015\241\264"
 440      CB72FB68 
 440      7EBD99E6 
 440      36797A3E 
 440      0DA1B4
 441 129a 535C201D 		.ascii	"S\\ \035\334\3179\212\276\266\216\2456)\200\025\234"
ARM GAS  C:\Users\SANDEE~1\AppData\Local\Temp\ccOquXi3.s 			page 35


 441      DCCF398A 
 441      BEB68EA5 
 441      36298015 
 441      9C
 442 12ab DA56EB26 		.ascii	"\332V\353&\346T\002\313ZFN\342t\230\223\333B\322\361"
 442      E65402CB 
 442      5A464EE2 
 442      749893DB 
 442      42D2F1
 443 12be F067FA2F 		.ascii	"\360g\372/l;@\366\3559\234\330\226\035\331\330q}h\231"
 443      6C3B40F6 
 443      ED399CD8 
 443      961DD9D8 
 443      717D6899 
 444 12d2 649500C8 		.ascii	"d\225\000\310\034*\001Y<f\324 y\327\022\342\005d\026"
 444      1C2A0159 
 444      3C66D420 
 444      79D712E2 
 444      056416
 445 12e5 1933AB6F 		.ascii	"\0313\253o\320\021<7\265\027\251\320\327\320\177\230"
 445      D0113C37 
 445      B517A9D0 
 445      D7D07F98 
 446 12f5 F4CF72E9 		.ascii	"\364\317r\351$Y\266\203\357\223D\037\224\010\220\014"
 446      2459B683 
 446      EF93441F 
 446      9408900C 
 447 1305 B015601B 		.ascii	"\260\025`\033\300\016Q~T\370h\212\227\022\262\247>\343"
 447      C00E517E 
 447      54F8688A 
 447      9712B2A7 
 447      3EE3
 448 1317 A87C877D 		.ascii	"\250|\207}j\237\333\020\375\310\003\357c\341q\2444\355"
 448      6A9FDB10 
 448      FDC803EF 
 448      63E171A4 
 448      34ED
 449 1329 8EA7ED31 		.ascii	"\216\247\3551\307A\221T\020\376m\025\261\325\206\201"
 449      C7419154 
 449      10FE6D15 
 449      B1D58681 
 450 1339 CA2D24BE 		.ascii	"\312-$\276v\301\270\024)\276\210\233\250\364\244\303"
 450      76C1B814 
 450      29BE889B 
 450      A8F4A4C3 
 451 1349 57778A2F 		.ascii	"Ww\212/g\322\307`\010\200\324c\005\261\346\304\013\360"
 451      67D2C760 
 451      0880D463 
 451      05B1E6C4 
 451      0BF0
 452 135b 1C4C061C 		.ascii	"\034L\006\034b\305\304\246\201\212\264\300\337\335\342"
 452      62C5C4A6 
 452      818AB4C0 
 452      DFDDE2
 453 136a CBE46BAE 		.ascii	"\313\344k\256{\227\242\325\370(U\034=\234\212\033\341"
 453      7B97A2D5 
 453      F828551C 
ARM GAS  C:\Users\SANDEE~1\AppData\Local\Temp\ccOquXi3.s 			page 36


 453      3D9C8A1B 
 453      E1
 454 137b 95803CCA 		.ascii	"\225\200<\312^\317H\351\346kV\001Y\263\032wT\264\272"
 454      5ECF48E9 
 454      E66B5601 
 454      59B31A77 
 454      54B4BA
 455 138e E2138CD6 		.ascii	"\342\023\214\326\372\335\335B\366\335\335\306\273\305"
 455      FADDDD42 
 455      F6DDDDC6 
 455      BBC5
 456 139c 1710AE60 		.ascii	"\027\020\256`}E\025\255\260\265\257gH\315\315Mu^\270"
 456      7D4515AD 
 456      B0B5AF67 
 456      48CDCD4D 
 456      755EB8
 457 13af 9D21DB66 		.ascii	"\235!\333f\022\222D<\300\020\353\007\324\013\331\007"
 457      1292443C 
 457      C010EB07 
 457      D40BD907 
 458 13bf D4071EEC 		.ascii	"\324\007\036\354\251T\343I\326\327v\350`3\302\321\036"
 458      A954E349 
 458      D6D776E8 
 458      6033C2D1 
 458      1E
 459 13d0 1449683D 		.ascii	"\024Ih=rY\213\223\030R\\\0323\344\216\3671\244t\250"
 459      72598B93 
 459      18525C1A 
 459      33E48EF7 
 459      31A474A8 
 460 13e4 221AE32C 		.ascii	"\"\032\343,\206\324\\\313\276+\342\223\014i>uz\207\006"
 460      86D45CCB 
 460      BE2BE293 
 460      0C693E75 
 460      7A8706
 461 13f7 573264AC 		.ascii	"W2d\254\371z\262\033n`\310\245\302<\263\013nc\310\241"
 461      F97AB21B 
 461      6E60C8A5 
 461      C23CB30B 
 461      6E63C8A1 
 462 140b E92763E4 		.ascii	"\351'c\344\363\240W\310\007\261XV\301^a\025\354|\335"
 462      F3A057C8 
 462      07B15856 
 462      C15E6115 
 462      EC7CDD
 463 141e A5C33ADC 		.ascii	"\245\303:\334G\211\205\304\214\354x7\353\023\017<p\270"
 463      478985C4 
 463      8CEC7837 
 463      EB130F3C 
 463      70B8
 464 1430 F8AA6C8F 		.ascii	"\370\252l\217\033\3508L\346+<\243\363!\243\363D\353"
 464      1BE8384C 
 464      E62B3CA3 
 464      F321A3F3 
 464      44EB
 465 1442 134FEBA9 		.ascii	"\023O\353\251\357\027\221\217\011\217A2\027H\323\367"
 465      EF17918F 
ARM GAS  C:\Users\SANDEE~1\AppData\Local\Temp\ccOquXi3.s 			page 37


 465      098F4132 
 465      1748D3F7 
 466 1452 0A7FE229 		.ascii	"\012\177\342)Mj\357\327\3421&b&*yT\224\027\260\013\264"
 466      4D6AEFD7 
 466      E2312662 
 466      262A7954 
 466      9417B00B 
 467 1467 809D84A1 		.ascii	"\200\235\204\241'\244\241\307\244\312\342\250F\241\202"
 467      27A4A1C7 
 467      A4CAE2A8 
 467      46A182
 468 1476 1AC4D787 		.ascii	"\032\304\327\207\243\312D<\305\214\256\354OOv\307\221"
 468      A3CA443C 
 468      C58CAEEC 
 468      4F4F76C7 
 468      91
 469 1487 9E141998 		.ascii	"\236\024\031\230\235\260\0108\226!\025\226\202\257\371"
 469      9DB00838 
 469      96211596 
 469      82AFF9
 470 1496 7755C419 		.ascii	"wU\304\031\233R-\215^N\327\202b\353ZP\304d\\\037n>-"
 470      9B522D8D 
 470      5E4ED782 
 470      62EB5A50 
 470      C4645C1F 
 471 14ad 48D50BD1 		.ascii	"H\325\013\321O\344$\362\022Z\275\212y\365B\205]U\371"
 471      4FE424F2 
 471      125ABD8A 
 471      79F54285 
 471      5D55F9
 472 14c0 6E3885CA 		.ascii	"n8\205\312]\2309\275\373\211\027\362\231\363\211\321"
 472      5D9839BD 
 472      FB8917F2 
 472      99F389D1 
 473 14d0 02FE8551 		.ascii	"\002\376\205Q\327e\315\223\342\016\263y\243\216~0y\024"
 473      D765CD93 
 473      E20EB379 
 473      A38E7E30 
 473      7914
 474 14e2 5CD120DA 		.ascii	"\\\321 \332\016i\331\272\236#?\350|,\230\023\026Q\332"
 474      0E69D9BA 
 474      9E233FE8 
 474      7C2C9813 
 474      1651DA
 475 14f5 C34AB4F2 		.ascii	"\303J\264\362\243\342\212\030l\336\261\210\2728\227"
 475      A3E28A18 
 475      6CDEB188 
 475      BA3897
 476 1504 D3DABCB9 		.ascii	"\323\332\274\271\330\221xHb|D\211\261\335\201\350\""
 476      D8917848 
 476      627C4489 
 476      B1DD81E8 
 476      22
 477 1515 76AC4C88 		.ascii	"v\254L\210\017\330\023\263\235\301\033\262s_\211o\266"
 477      0FD813B3 
 477      9DC11BB2 
 477      735F896F 
ARM GAS  C:\Users\SANDEE~1\AppData\Local\Temp\ccOquXi3.s 			page 38


 477      B6
 478 1526 125F1969 		.ascii	"\022_\031i\257D\232\245D\272_\224\331&S\341\220\022"
 478      AF449AA5 
 478      44BA5F94 
 478      D92653E1 
 478      9012
 479 1538 F14151AA 		.ascii	"\361AQ\252\326C/\020\2760M\350\014'u\372\234W+\351\220"
 479      D6432F10 
 479      BE304DE8 
 479      0C2775FA 
 479      9C572BE9 
 480 154d A3C4564E 		.ascii	"\243\304VN*S!S\311\013\362\227C\022\333\257\225\330"
 480      2A532153 
 480      C90BF297 
 480      4312DBAF 
 480      95D8
 481 155f CA0FEDA7 		.ascii	"\312\017\355\247\037\331hO\331\323.\236s\276/S!]I\005"
 481      1FD9684F 
 481      D9D32E9E 
 481      73BE2F53 
 481      215D4905 
 482 1573 E632EBB9 		.ascii	"\3462\353\271-=(n\230\263\006\221\355^\352w\037\320"
 482      2D3D286E 
 482      98B30691 
 482      ED5EEA77 
 482      1FD0
 483 1585 771084D3 		.ascii	"w\020\204\323Y%Nr\261\026\231\330}J\304v\037\334\310"
 483      59254E72 
 483      B11699D8 
 483      7D4AC476 
 483      1FDCC8
 484 1598 88339488 		.ascii	"\2103\224\210Yx\333\326\024A\205\366Bz\247\021\315)"
 484      5978DBD6 
 484      144185F6 
 484      427AA711 
 484      CD29
 485 15aa 31A9F175 		.ascii	"1\251\361u\220\374\027a\001i\004\270\004p\036\240\012"
 485      90FC1761 
 485      016904B8 
 485      04701EA0 
 485      0A
 486 15bb A002E01C 		.ascii	"\240\002\340\034@%@\031@\015@)\300\005\200j\200r\200"
 486      40254019 
 486      400D4029 
 486      C005806A 
 486      807280
 487 15ce 7A805A80 		.ascii	"z\200Z\200+\000\227E\371&\327\"y\372\264\202\247m\213"
 487      2B009745 
 487      F926D722 
 487      79FAB482 
 487      A76D8B
 488 15e1 608BA531 		.ascii	"`\213\2451_\215khF\013\007\357Z\256\353l\373\333\372"
 488      5F8D6B68 
 488      460B07EF 
 488      5AAEEB6C 
 488      FBDBFA
 489 15f4 54FA62A7 		.ascii	"T\372b\247\011\206^\225\312X\203\270\300\211I\350\032"
ARM GAS  C:\Users\SANDEE~1\AppData\Local\Temp\ccOquXi3.s 			page 39


 489      09865E95 
 489      CA5883B8 
 489      C08949E8 
 489      1A
 490 1605 58F2B7B2 		.ascii	"X\362\267\262\212|\370\230{w\217\270\200K\336\344L\262"
 490      8A7CF898 
 490      7B778FB8 
 490      804BDEE4 
 490      4CB2
 491 1617 EAFF5B6C 		.ascii	"\352\377[l\372\216\275\377\015\353tA\031=\306?\022U"
 491      FA8EBDFF 
 491      0DEB7441 
 491      193DC63F 
 491      1255
 492 1629 071B3501 		.ascii	"\007\0335\001]\007i{\230WdsJZ>\007\305\232\351:\035"
 492      5D07697B 
 492      98576473 
 492      4A5A3E07 
 492      C59AE93A 
 493 163e 77AAA953 		.ascii	"w\252\251StZ\211[\254\225x\011-\304\011\367\257\356"
 493      745A895B 
 493      AC957809 
 493      2DC409F7 
 493      AFEE
 494 1650 D2391662 		.ascii	"\3229\026b\351\\\254\225\026b:\206\"\344\321\344In1"
 494      E95CAC95 
 494      16623A86 
 494      22E4D1E4 
 494      496E31
 495 1663 FF7F0A6A 		.ascii	"\377\177\012j@\037\347\247\327{8\225v\323*\355\006\253"
 495      401FE7A7 
 495      D77B3895 
 495      76D32AED 
 495      06AB
 496 1675 FB13711B 		.ascii	"\373\023q\033\036\363Ol\311\177(io\314\251\362p\224"
 496      1EF34F6C 
 496      C97F2869 
 496      6FCCA9F2 
 496      7094
 497 1687 0E7506B5 		.ascii	"\016u\006\265Q\273\332\251\364\233Lz;\225\0367\266s"
 497      51BBDAA9 
 497      F49B4C7A 
 497      3B951E37 
 497      B673
 498 1699 DA5D7E32 		.ascii	"\332]~2\267K\224\237\011u\210\364L\210\\\211q\033\216"
 498      B74B949F 
 498      097588F4 
 498      4C885C89 
 498      711B8E
 499 16ac 466AF035 		.ascii	"Fj\3605\266^MF6\227k\235\036\000v\212\362\227(\205\033"
 499      B65E4D46 
 499      36976B9D 
 499      1E00768A 
 499      F2972885 
 500 16c1 BA66342F 		.ascii	"\272f4/\245\233\313\272\315e\267\3335\305\331\033\315"
 500      A59BCBBA 
 500      CD65B7DB 
ARM GAS  C:\Users\SANDEE~1\AppData\Local\Temp\ccOquXi3.s 			page 40


 500      35C5D91B 
 500      CD
 501 16d2 8DE0FF8F 		.ascii	"\215\340\377\217(\035\272%\205%\334\332\277\272\350"
 501      281DBA25 
 501      8525DCDA 
 501      BFBAE8
 502 16e1 12C96B83 		.ascii	"\022\311k\203\303\217'\343=\361\014\023|<\345~\253\027"
 502      C38F27E3 
 502      3DF10C13 
 502      7C3CE57E 
 502      AB17
 503 16f3 67567703 		.ascii	"gVw\003\357\312\267c\326-1\353vd\326C\231\265\366W\004"
 503      EFCAB763 
 503      D62D31EB 
 503      7664D643 
 503      99B5F657 
 504 1708 E28D5E94 		.ascii	"\342\215^\224\327\321\334}\005\236x\007C\342+*\323\324"
 504      D7D1DC7D 
 504      059E7807 
 504      43E22B2A 
 504      D3D4
 505 171a 22CCFB6D 		.ascii	"\"\314\373m2\220\256\311S]\363\350\261'\371?X\354\334"
 505      3290AEC9 
 505      535DF3E8 
 505      B127F93F 
 505      58ECDC
 506 172d F34241F6 		.ascii	"\363BA\366SO\247f\367S\263\373Dn\367T\365\211\203n\\"
 506      534FA766 
 506      F753B3FB 
 506      446EF754 
 506      F589836E 
 507 1742 D5D6614D 		.ascii	"\325\326aM\355\261;u\221\346\205\321? t\250\327\252"
 507      EDB13B75 
 507      91E685D1 
 507      3F2074A8 
 507      D7AA
 508 1754 29BA238A 		.ascii	")\272#\212\004\263W\366.U\266q\244$\301\03570\005/o"
 508      04B357F6 
 508      2E55B671 
 508      A424C11D 
 508      3730052F 
 509 1769 6E9B409C 		.ascii	"n\233@\234\335\335vM}<\371\376,\322\374\356G\324\362"
 509      DDDD764D 
 509      7D3CF9FE 
 509      2CD2FCEE 
 509      47D4F2
 510 177c 01C9F201 		.ascii	"\001\311\362\001Gf\203\224Y\367\376\273\333=p;c\366"
 510      47668394 
 510      59F7FEBB 
 510      DB3D703B 
 510      63F6
 511 178e A4B4693B 		.ascii	"\244\264i;\226\334Xc\357\306!\211\331\220#\263{\224"
 511      96DC5863 
 511      EFC62189 
 511      D99023B3 
 511      7B94
 512 17a0 D964FBD3 		.ascii	"\331d\373\323\275jy\344<\263;M\034\346\2213L#\347\302"
ARM GAS  C:\Users\SANDEE~1\AppData\Local\Temp\ccOquXi3.s 			page 41


 512      BD6A79E4 
 512      3CB33B4D 
 512      1CE69133 
 512      4C23E7C2 
 513 17b4 FACE671A 		.ascii	"\372\316g\0329q\246\335\001\360}N|\237\022wL|}\\\203"
 513      3971A6DD 
 513      01F07D4E 
 513      7C9F1277 
 513      4C7C7D5C 
 514 17c9 EF323533 		.ascii	"\357253\256\214'"
 514      AE8C27
 515 17d0 6BF14386 		.ascii	"k\361C\206\344Y&\362\324,\334\311\177\354\233\032/+"
 515      E45926F2 
 515      D42CDCC9 
 515      7FEC9B1A 
 515      2F2B
 516 17e2 70FEBCFC 		.ascii	"p\376\274\374\300\232+c,W*On\371\243cnX\237\266T\310"
 516      C09A2B63 
 516      2C572A4F 
 516      6EF9A363 
 516      6E589FB6 
 517 17f8 4273E381 		.ascii	"Bs\343\201u\213\324\031\327\322\243\226S'>\217:k\254"
 517      758BD419 
 517      D7D2A396 
 517      53273E8F 
 517      3A6BAC
 518 180b 66B706AA 		.ascii	"f\267\006\252K#\253.\015\2076\230#7\302\323\3248,\350"
 518      4B23AB2E 
 518      0D873698 
 518      2337C2D3 
 518      D4382CE8 
 519 181f A3E0C974 		.ascii	"\243\340\311t\374\222l\360\010//\023\342\313\252y\001"
 519      FC926CF0 
 519      082F2F13 
 519      E2CBAA79 
 519      01
 520 1830 2B3F35AC 		.ascii	"+?5\254\370 \310\030a\372|\245\321\340\037\350\372\341"
 520      F820C818 
 520      61FA7CA5 
 520      D1E01FE8 
 520      FAE1
 521 1842 6FBF78F1 		.ascii	"o\277x\361}??\2256\\\017xp\2701(L\253\327\257\012\012"
 521      7D3F3F95 
 521      365C0F78 
 521      70B83128 
 521      4CABD7AF 
 522 1858 35BDB154 		.ascii	"5\275\261To\372]\300O\226\255\010]e\012\013\013\216"
 522      6FFA5DC0 
 522      4F96AD08 
 522      5D650A0B 
 522      0B8E
 523 186a F037862C 		.ascii	"\3607\206,{\363\305\245K\374\336z\355\317K_[\025\036"
 523      7BF3C5A5 
 523      4BFCDE7A 
 523      EDCF4B5F 
 523      5B151E
 524 187d E86F322C 		.ascii	"\350o2,\203\306\327B\303B\015\257\031\374\277\014Z\026"
ARM GAS  C:\Users\SANDEE~1\AppData\Local\Temp\ccOquXi3.s 			page 42


 524      83C6D742 
 524      C3420DAF 
 524      19FCBF0C 
 524      5A16
 525 188f 141A10BC 		.ascii	"\024\032\020\274*\320\260,\304?`eP\250a\231>\320\260"
 525      2AD0B02C 
 525      C43F6065 
 525      50A86199 
 525      3ED0B0
 526 18a2 DC7F55B0 		.ascii	"\334\177U\260IoZ\027n\210x}\245\312\325\312\370\227"
 526      496F5A17 
 526      6E88787D 
 526      A5CAD5CA 
 526      F897
 527 18b4 FF37C611 		.ascii	"\3777\306\021\353\"\226\351#L\201\300\005\270iLD]\275"
 527      EB2296E9 
 527      234C81C0 
 527      05B8694C 
 527      445DBD
 528 18c7 E947AFBF 		.ascii	"\351G\257\277\276\230\375\013\213Xl4-\016\0173\232\""
 528      BE98FD0B 
 528      8B586C34 
 528      2D0E0F33 
 528      9A22
 529 18d9 16BFF7E9 		.ascii	"\026\277\367\351'\357\177\262vq@XHxP\260\301\030\261"
 529      27EF7FB2 
 529      76714058 
 529      487850B0 
 529      C118B1
 530 18ec F8C3F7DF 		.ascii	"\370\303\367\337_\034\260\322\252\212[\270>\304\264"
 530      5F1CB0D2 
 530      AA8A5BB8 
 530      3EC4B4
 531 18fb 363828C2 		.ascii	"68(\302\244\016\321\207\032\326\2324!\372\2605\241\006"
 531      A40ED187 
 531      1AD69A34 
 531      21FAB035 
 531      A106
 532 190d 235CFFBC 		.ascii	"#\\\377\274\312\260\312\240\016\247\315\3402\275\211"
 532      CAB0CAA0 
 532      0EA7CDE0 
 532      32BD89
 533 191c FA2AC2D6 		.ascii	"\372*\302\326\036n4\254\366\262k\324\303\360U&\303Z"
 533      1E6E34AC 
 533      F6B26BD4 
 533      C3F05526 
 533      C35A
 534 192e BDC915E8 		.ascii	"\275\311\025\350\351-x\324\020n\010\005]W\270\033V\033"
 534      E92D78D4 
 534      106E0805 
 534      5D57B81B 
 534      561B
 535 1940 424D21FE 		.ascii	"BM!\376\021_\351M. 7b\205\233^\317=\241\341W\027h\325"
 535      115FE94D 
 535      2E203762 
 535      859B5ECF 
 535      3DA1E157 
ARM GAS  C:\Users\SANDEE~1\AppData\Local\Temp\ccOquXi3.s 			page 43


 536 1957 9BB4B497 		.ascii	"\233\264\264\227\262\004\005\327\370\007\231`\270\227"
 536      B20405D7 
 536      F8079960 
 536      B897
 537 1965 4C05A2B0 		.ascii	"L\005\242\260\247\034\321\233p\270~\225\332\260\206"
 537      A71CD19B 
 537      70B87E95 
 537      DAB086
 538 1974 B057AF31 		.ascii	"\260W\2571\201Q\341p\2110\204\204\273D\350\003BM.\000"
 538      8151E170 
 538      89308484 
 538      BB44E803 
 538      424D2E00 
 539 1988 20862BAA 		.ascii	" \206+\252\003^\320\347\037\2762\314hpYc2\031\303\347"
 539      035ED0E7 
 539      1FBE32CC 
 539      68705963 
 539      3219C3E7 
 540 199c 337630FF 		.ascii	"3v0\377\313\015FCh\000\030\003\014\302\276\374S\270"
 540      CB0D4643 
 540      68001803 
 540      0CC2BEFC 
 540      53B8
 541 19ae AB616D90 		.ascii	"\253am\220) ,\320\2406\006\256\003\275\324$H\226G\270"
 541      29202CD0 
 541      A03606AE 
 541      03BDD424 
 541      489647B8 
 542 19c2 B100791B 		.ascii	"\261\000y\033\270Z\257&\322\016\327p\375\362`\377\025"
 542      B85AAF26 
 542      D20ED770 
 542      FDF260FF 
 542      15
 543 19d3 111A5308 		.ascii	"\021\032S\010\214\242x\204\011\246\323\325D/\300\030"
 543      8CA27884 
 543      09A6D3D5 
 543      442FC018 
 544 19e3 9CEA1F62 		.ascii	"\234\352\037b\020\003V\372\033\2413,8\320@\256\241\206"
 544      100356FA 
 544      1BA1332C 
 544      38D040AE 
 544      A186
 545 19f5 35062378 		.ascii	"5\006#x&\300\264\026\033\375\336\020\202\215\256F\303"
 545      26C0B416 
 545      1BFDDE10 
 545      828DAE46 
 545      C3
 546 1a06 0A8801BD 		.ascii	"\012\210\001\275\351\345\347N\356\312\0000\003f\023"
 546      E9E5E74E 
 546      EECA0030 
 546      036613
 547 1a15 46F9012C 		.ascii	"F\371\001,\021\214\357\010\306\267\005\343[\202\361"
 547      118CEF08 
 547      C6B705E3 
 547      5B82F1
 548 1a24 4DC1F863 		.ascii	"M\301\370c\301\370#\034\361\206\037\300\022\034\261"
 548      C1F8231C 
ARM GAS  C:\Users\SANDEE~1\AppData\Local\Temp\ccOquXi3.s 			page 44


 548      F1861FC0 
 548      121CB1
 549 1a33 F41D80B7 		.ascii	"\364\035\200\267\001\336\002x\023\340\307\000\320\277"
 549      01DE0278 
 549      13E0C700 
 549      D0BF
 550 1a41 F40D80A5 		.ascii	"\364\015\200\245\000@\267\024\350\374\200\316\017\350"
 550      0040B714 
 550      E8FC80CE 
 550      0FE8
 551 1a4f FC80CEEF 		.ascii	"\374\200\316\357Mw\"\220L\026\350\366\203o\326E\277"
 551      4D772290 
 551      4C16E8F6 
 551      836FD645 
 551      BF
 552 1a60 FAAD1012 		.ascii	"\372\255\020\022\232\001a\241\020\003&\032,Aan\266\031"
 552      9A0161A1 
 552      1003261A 
 552      2C41616E 
 552      B619
 553 1a72 046343C2 		.ascii	"\004cC\302!\352]\271\323M\377\350\300\223\207:\260\203"
 553      21EA5DB9 
 553      D34DFFE8 
 553      C093873A 
 553      B083
 554 1a84 99044E2F 		.ascii	"\231\004N/:\355\217\010X\031\010\004>\316\011\326EX"
 554      3AED8F08 
 554      58190804 
 554      3ECE09D6 
 554      4558
 555 1a96 A3DDB914 		.ascii	"\243\335\271\024\010\006\005)\021\306\000\350\2039\200"
 555      08060529 
 555      11C600E8 
 555      833980
 556 1aa5 0833AE7B 		.ascii	"\0103\256{=@\345E+\307o\301$V8 \216>_\031\370\251!\330"
 556      3D40E545 
 556      2BC76FC1 
 556      24563820 
 556      8E3E5F19 
 557 1abd E01F61F8 		.ascii	"\340\037a\370'\247\334\003\327\301t\007\005\200\004"
 557      27A7DC03 
 557      D7C17407 
 557      058004
 558 1acc 2160A560 		.ascii	"!`\245`\012Q\207-_\036a0i\214&\032\225\337w:\320D\264"
 558      0A51872D 
 558      5F1E6130 
 558      698C261A 
 558      95DF773A 
 559 1ae3 9A670AD1 		.ascii	"\232g\012\321\007\370\007\007}i\3647\005\205\205Bz\204"
 559      07F80707 
 559      7D69F437 
 559      05858542 
 559      7A84
 560 1af5 F8C34C50 		.ascii	"\370\303LP\005p\340\22741\210\221\206\020\2504_\256"
 560      0570E097 
 560      34318891 
 560      8610A834 
ARM GAS  C:\Users\SANDEE~1\AppData\Local\Temp\ccOquXi3.s 			page 45


 560      5FAE
 561 1b07 5AE116EE 		.ascii	"Z\341\026\356\037\032\024@2\310S\336\014a\267\332Dr"
 561      1F1A1440 
 561      32C853DE 
 561      0C61B7DA 
 561      4472
 562 1b19 C575B509 		.ascii	"\305u\265\011Z\202M\376n\244;(\204D(4\221t&\327\345"
 562      5A824DFE 
 562      6EA43B28 
 562      84442834 
 562      917426D7 
 563 1b2e AB420380 		.ascii	"\253B\003\200\204\\X\2075\377W\007\031M\253\374\203"
 563      845C5887 
 563      35FF5707 
 563      194DABFC 
 563      83
 564 1b3f F5648851 		.ascii	"\365d\210QMF\370\033\275\354\032\365\246\027\034\351"
 564      4D46F81B 
 564      BDEC1AF5 
 564      A6171CE9 
 565 1b4f 587ABA03 		.ascii	"Xz\272\003u\260\177\204\2114\375\235B?$\276\221\\5F"
 565      75B07F84 
 565      8934FD9D 
 565      423F24BE 
 565      915C3546 
 566 1b63 9E0C469E 		.ascii	"\236\014F\236\014F\222\014j#\015\037h\244\311\353\001"
 566      0C46920C 
 566      6A230D1F 
 566      68A4C9EB 
 566      01
 567 1b74 3288EDEB 		.ascii	"2\210\355\353\350P7 Ye\204\2145\351\244F\275\311\315"
 567      E8503720 
 567      5965848C 
 567      35E9A446 
 567      BDC9CD
 568 1b87 E614CFA0 		.ascii	"\346\024\317\240\300`\003\217;\250%\274\256\277\371"
 568      C060038F 
 568      3BA825BC 
 568      AEBFF9
 569 1b96 232852D6 		.ascii	"#(R\326\033m\204\351+p\360\012\360\255\273\344LZ\304"
 569      1B6D84E9 
 569      2B70F00A 
 569      F0ADBBE4 
 569      4C5AC4
 570 1ba9 A8EB3C03 		.ascii	"\250\353<\003\226\353a\312\210\213\240\240\000\015C"
 570      96EB61CA 
 570      888BA0A0 
 570      000D43
 571 1bb8 49B6EBF8 		.ascii	"I\266\353\370=Mx+B\323\334\313\206|\025\034\024\022"
 571      3D4D782B 
 571      42D3DCCB 
 571      867C151C 
 571      1412
 572 1bca 641B4532 		.ascii	"d\033E2\337JH\215\265\"\324b-G\300lw\233\324\2400\017"
 572      DF4A488D 
 572      B522D462 
 572      2D47C06C 
ARM GAS  C:\Users\SANDEE~1\AppData\Local\Temp\ccOquXi3.s 			page 46


 572      779BD4A0 
 573 1be0 A9F805FD 		.ascii	"\251\370\005\375\305@\224$\336#\367Z\270\0177\031\255"
 573      C5409424 
 573      DE23F75A 
 573      B80F3719 
 573      AD
 574 1bf1 B7ABC1A5 		.ascii	"\267\253\301\245\020$\334J\2777\271\225\344FCL\0032"
 574      1024DC4A 
 574      BF37B995 
 574      E446434C 
 574      0332
 575 1c03 72FD8BC1 		.ascii	"r\375\213\301Hy\006\005\202\343\202\226\007\031\214"
 575      48790605 
 575      82E38296 
 575      07198C
 576 1c12 566984AF 		.ascii	"Vi\204\257\363d\262\345\002,\035\020\327,\256\340\356"
 576      F364B2E5 
 576      022C1D10 
 576      D72CAEE0 
 576      EE
 577 1c23 B37511BF 		.ascii	"\263u\021\277\011\013\370\3529\011\266\216-7\244\214"
 577      090BF8EA 
 577      3909B68E 
 577      2D37A48C 
 578 1c33 0403A587 		.ascii	"\004\003\245\207\036\012\260I\377\213\367>\373\325\357"
 578      1E0AB049 
 578      FF8BF73E 
 578      FBD5EF
 579 1c42 3FFDD8C3 		.ascii	"?\375\330\303?x\215\377\272\010(0\301\260b\376\263\234"
 579      3F788DFF 
 579      BA082830 
 579      C1B062FE 
 579      B39C
 580 1c54 0B04DFE2 		.ascii	"\013\004\337\342\367?\371\354\343\317$f\244\300\004"
 580      F73FF9EC 
 580      E3CF2466 
 580      A4C004
 581 1c63 847C0001 		.ascii	"\204|\000\001\012,\335\251\360/B\011SV\245V\205r\001"
 581      0A2CDDA9 
 581      F02F4209 
 581      5356A556 
 581      857201
 582 1c76 3484F5AF 		.ascii	"4\204\365\257\277\365\343\267\336q\265b\377\003\341"
 582      BFF5E3B7 
 582      DE71B562 
 582      FF03E1
 583 1c85 983A02   		.ascii	"\230:\002"
 584              		.text
 585              		.section	.gnu.lto_.symtab.bfe27624,"",%progbits
 586 0000 63685265 		.ascii	"chRegFirstThread\000"
 586      67466972 
 586      73745468 
 586      72656164 
 586      00
 587 0011 00       		.ascii	"\000"
 588 0012 00       		.ascii	"\000"
 589 0013 00       		.ascii	"\000"
ARM GAS  C:\Users\SANDEE~1\AppData\Local\Temp\ccOquXi3.s 			page 47


 590 0014 00000000 		.ascii	"\000\000\000\000\000\000\000\000"
 590      00000000 
 591 001c 9C010000 		.ascii	"\234\001\000\000"
 592 0020 63685265 		.ascii	"chRegNextThread\000"
 592      674E6578 
 592      74546872 
 592      65616400 
 593 0030 00       		.ascii	"\000"
 594 0031 00       		.ascii	"\000"
 595 0032 00       		.ascii	"\000"
 596 0033 00000000 		.ascii	"\000\000\000\000\000\000\000\000"
 596      00000000 
 597 003b A0010000 		.ascii	"\240\001\000\000"
 598 003f 63685F64 		.ascii	"ch_debug\000"
 598      65627567 
 598      00
 599 0048 00       		.ascii	"\000"
 600 0049 00       		.ascii	"\000"
 601 004a 00       		.ascii	"\000"
 602 004b 00000000 		.ascii	"\000\000\000\000\000\000\000\000"
 602      00000000 
 603 0053 55020000 		.ascii	"U\002\000\000"
 604 0057 636800   		.ascii	"ch\000"
 605 005a 00       		.ascii	"\000"
 606 005b 02       		.ascii	"\002"
 607 005c 00       		.ascii	"\000"
 608 005d 00000000 		.ascii	"\000\000\000\000\000\000\000\000"
 608      00000000 
 609 0065 1A020000 		.ascii	"\032\002\000\000"
 610 0069 63685468 		.ascii	"chThdRelease\000"
 610      6452656C 
 610      65617365 
 610      00
 611 0076 00       		.ascii	"\000"
 612 0077 02       		.ascii	"\002"
 613 0078 00       		.ascii	"\000"
 614 0079 00000000 		.ascii	"\000\000\000\000\000\000\000\000"
 614      00000000 
 615 0081 A4010000 		.ascii	"\244\001\000\000"
 616              		.text
 617              		.section	.gnu.lto_.opts,"",%progbits
 618 0000 272D666D 		.ascii	"'-fmath-errno' '-fsigned-zeros' '-ftrapping-math' '"
 618      6174682D 
 618      6572726E 
 618      6F272027 
 618      2D667369 
 619 0033 2D666E6F 		.ascii	"-fno-trapv' '-fno-openmp' '-fno-openacc' '-mcpu=cor"
 619      2D747261 
 619      70762720 
 619      272D666E 
 619      6F2D6F70 
 620 0066 7465782D 		.ascii	"tex-m4' '-mfloat-abi=hard' '-mfpu=fpv4-sp-d16' '-mn"
 620      6D342720 
 620      272D6D66 
 620      6C6F6174 
 620      2D616269 
 621 0099 6F2D7468 		.ascii	"o-thumb-interwork' '-mthumb' '-ggdb' '-O2' '-fomit-"
ARM GAS  C:\Users\SANDEE~1\AppData\Local\Temp\ccOquXi3.s 			page 48


 621      756D622D 
 621      696E7465 
 621      72776F72 
 621      6B272027 
 622 00cc 6672616D 		.ascii	"frame-pointer' '-falign-functions=16' '-ffunction-s"
 622      652D706F 
 622      696E7465 
 622      72272027 
 622      2D66616C 
 623 00ff 65637469 		.ascii	"ections' '-fdata-sections' '-fno-common' '-flto' '-"
 623      6F6E7327 
 623      20272D66 
 623      64617461 
 623      2D736563 
 624 0132 6673696E 		.ascii	"fsingle-precision-constant'\000"
 624      676C652D 
 624      70726563 
 624      6973696F 
 624      6E2D636F 
 625              		.text
 626              		.comm	__gnu_lto_v1,1,1
 627              		.comm	__gnu_lto_slim,1,1
 628              		.ident	"GCC: (GNU Tools for ARM Embedded Processors 6-2017-q2-update) 6.3.1 20170620 (release) [AR
ARM GAS  C:\Users\SANDEE~1\AppData\Local\Temp\ccOquXi3.s 			page 49


DEFINED SYMBOLS
                            *ABS*:00000000 chregistry.c
                            *COM*:00000001 __gnu_lto_v1
                            *COM*:00000001 __gnu_lto_slim

NO UNDEFINED SYMBOLS
