ARM GAS  C:\Users\SANDEE~1\AppData\Local\Temp\ccKI7szI.s 			page 1


   1              		.cpu cortex-m4
   2              		.eabi_attribute 27, 1
   3              		.eabi_attribute 28, 1
   4              		.eabi_attribute 20, 1
   5              		.eabi_attribute 21, 1
   6              		.eabi_attribute 23, 3
   7              		.eabi_attribute 24, 1
   8              		.eabi_attribute 25, 1
   9              		.eabi_attribute 26, 1
  10              		.eabi_attribute 30, 2
  11              		.eabi_attribute 34, 1
  12              		.eabi_attribute 18, 4
  13              		.file	"crt1.c"
  14              		.text
  15              	.Ltext0:
  16              		.section	.gnu.lto_.profile.bfe24ecf,"",%progbits
  17 0000 789C6365 		.ascii	"x\234ce`b`a```d\220\024\005\000\000\307\000;"
  17      60626061 
  17      60606064 
  17      90140500 
  17      00C7003B 
  18              		.text
  19              		.section	.gnu.lto_.icf.bfe24ecf,"",%progbits
  20 0000 789C6365 		.ascii	"x\234ce`bPc@\0006\206\216/\3636r3\202I&0\311\274\363"
  20      60625063 
  20      40003686 
  20      8E2FF336 
  20      72338249 
  21 0019 F2BF3E2E 		.ascii	"\362\277>.\226K\257W\314ce\275\370mc\017\037\003\000"
  21      964BAF57 
  21      CC6365BD 
  21      F86D630F 
  21      1F0300
  22 002c 5F0D1201 		.ascii	"_\015\022\001"
  23              		.text
  24              		.section	.gnu.lto_.jmpfuncs.bfe24ecf,"",%progbits
  25 0000 789C6365 		.ascii	"x\234ce`b\020d@\000V fd\000\0122030\260\0009\000\003"
  25      60621064 
  25      40005620 
  25      6664000A 
  25      32303330 
  26 0019 8C0028   		.ascii	"\214\000("
  27              		.text
  28              		.section	.gnu.lto_.inline.bfe24ecf,"",%progbits
  29 0000 789C6365 		.ascii	"x\234ce`b\210g@\000V\006\006f&F\240 \003\003\333\002"
  29      60628867 
  29      40005606 
  29      06662646 
  29      A0200303 
  30 0016 7910C5C0 		.ascii	"y\020\305\300\210!\302\204!\302\014\344ADX\300$\220"
  30      8821C284 
  30      21C20CE4 
  30      414458C0 
  30      2490
  31 0028 1259C901 		.ascii	"\022Y\311\001\024Q\332\364\274\221\021\256\214\001\000"
  31      1451DAF4 
  31      BC9111AE 
ARM GAS  C:\Users\SANDEE~1\AppData\Local\Temp\ccKI7szI.s 			page 2


  31      8C0100
  32 0037 015E06BA 		.ascii	"\001^\006\272"
  33              		.text
  34              		.section	.gnu.lto_.pureconst.bfe24ecf,"",%progbits
  35 0000 789C6365 		.ascii	"x\234ce`b\340f```e\220`\224`\222`6a\221\002\000\004"
  35      6062E066 
  35      60606065 
  35      90609460 
  35      92603661 
  36 0018 4600B8   		.ascii	"F\000\270"
  37              		.text
  38              		.section	.gnu.lto___core_init.bfe24ecf,"",%progbits
  39 0000 789C6365 		.ascii	"x\234ce`b\250d``0\007bi fdf`d\232p\216\201\241\221\203"
  39      6062A864 
  39      60603007 
  39      62692066 
  39      64666064 
  40 001b 899111C4 		.ascii	"\211\221\021\304h\340`d\250gb\254g\354g\236\316\314"
  40      68E06064 
  40      A86762AC 
  40      67EC679E 
  40      CECC
  41 002d 78A8FDD9 		.ascii	"x\250\375\331N&\315\345\015@p`\372\006\256\266\206V"
  41      4E26CDE5 
  41      0D407060 
  41      FA06AEB6 
  41      8656
  42 003f 89F9CC0C 		.ascii	"\211\371\314\014\0143\201\030\004\030\2273j2\000\225"
  42      0C338118 
  42      04189733 
  42      6A320095 
  43 004f 3DDAF86F 		.ascii	"=\332\370o*/\033\013D\234q\005#\033#\220^\177\211\361"
  43      2A2F1B0B 
  43      449C7105 
  43      231B2390 
  43      5E7F89F1 
  44 0063 40C3BFFF 		.ascii	"@\303\277\377\355\015\007\216,f\334\353\305\304\300"
  44      ED0D078E 
  44      2C66DCEB 
  44      C5C4C0
  45 0072 D0059406 		.ascii	"\320\005\224\006\331\321\315\314\004\242\231\33726)"
  45      D9D1CDCC 
  45      04A299DF 
  45      323629
  46 0081 805483CD 		.ascii	"\200T\203\315\352bf\004\011\002\225\231\352\351\351"
  46      EA626604 
  46      09029599 
  46      EAE9E9
  47 0090 43507EB1 		.ascii	"CP~\261~r~nn~\236~A~QI\261\276c\220\257\263o\005H\254"
  47      7E727E6E 
  47      6E7E9E7E 
  47      417E5149 
  47      B1BE6390 
  48 00aa 203327B5 		.ascii	" 3'\265\250X\337\335\331Y?\271\250\304P/\231\001\000"
  48      A858DFDD 
  48      D9593FB9 
  48      A8C4502F 
ARM GAS  C:\Users\SANDEE~1\AppData\Local\Temp\ccKI7szI.s 			page 3


  48      990100
  49 00bd AE8239A0 		.ascii	"\256\2029\240"
  50              		.text
  51              		.section	.gnu.lto___early_init.bfe24ecf,"",%progbits
  52 0000 789C6365 		.ascii	"x\234ce`b(g``0\007bi fdf`d\232p\216\201\241\221\203"
  52      60622867 
  52      60603007 
  52      62692066 
  52      64666064 
  53 001b 899111C4 		.ascii	"\211\221\021\304h\340`d\250gb\254g\354g\236\316\314"
  53      68E06064 
  53      A86762AC 
  53      67EC679E 
  53      CECC
  54 002d 78A8FDD9 		.ascii	"x\250\375\331N&\315\345\015@p`\3727\256\266\206V\211"
  54      4E26CDE5 
  54      0D407060 
  54      FA37AEB6 
  54      865689
  55 0040 F9CC0C0C 		.ascii	"\371\314\014\0143\201\030\004\030\2273j2\000\225=\332"
  55      33811804 
  55      1897336A 
  55      3200953D 
  55      DA
  56 0051 F86F2A2F 		.ascii	"\370o*/\033\013D\234q\005#\033#\220^\177\211\361@\303"
  56      1B0B449C 
  56      7105231B 
  56      23905E7F 
  56      89F140C3 
  57 0065 BFFFED0D 		.ascii	"\277\377\355\015\007\316(3310t\001%A6t\0039@\232\371"
  57      07CE2833 
  57      33313074 
  57      01254136 
  57      74033940 
  58 007b 2D639302 		.ascii	"-c\223\002H-\330\244.fF\220 P\231\251\236\236>\004\345"
  58      482DD8A4 
  58      2E664690 
  58      205099A9 
  58      9E9E3E04 
  59 0090 17EB27E7 		.ascii	"\027\353'\347\347\346\346\347\351\027\344\027\225\024"
  59      E7E6E6E7 
  59      E917E417 
  59      9514
  60 009e EB3B06F9 		.ascii	"\353;\006\371:\373V\200\304\0122sR\213\212\365\335\235"
  60      3AFB5680 
  60      C40A3273 
  60      528B8AF5 
  60      DD9D
  61 00b0 9DF5938B 		.ascii	"\235\365\223\213J\014\365\222\031\000\007\0368g"
  61      4A0CF592 
  61      1900071E 
  61      3867
  62              		.text
  63              		.section	.gnu.lto___late_init.bfe24ecf,"",%progbits
  64 0000 789C6365 		.ascii	"x\234ce`b(g``0\007bi fdf`d\232p\216\201\241\221\203"
  64      60622867 
  64      60603007 
ARM GAS  C:\Users\SANDEE~1\AppData\Local\Temp\ccKI7szI.s 			page 4


  64      62692066 
  64      64666064 
  65 001b 899111C4 		.ascii	"\211\221\021\304h\340`d\250gb\254g\354g\236\316\314"
  65      68E06064 
  65      A86762AC 
  65      67EC679E 
  65      CECC
  66 002d 78A8FDD9 		.ascii	"x\250\375\331N&\315\345\015@p`\372&\356\266\206V\211"
  66      4E26CDE5 
  66      0D407060 
  66      FA26EEB6 
  66      865689
  67 0040 F9CC0C0C 		.ascii	"\371\314\014\0143\201\030\004\030\2273j2\000\225=\332"
  67      33811804 
  67      1897336A 
  67      3200953D 
  67      DA
  68 0051 F86F2A2F 		.ascii	"\370o*/\033\013D\234q\005#\033#\220^\177\211\361@\303"
  68      1B0B449C 
  68      7105231B 
  68      23905E7F 
  68      89F140C3 
  69 0065 BFFFED0D 		.ascii	"\277\377\355\015\007\216(3310t\001%A6t\0039@\232\371"
  69      078E2833 
  69      33313074 
  69      01254136 
  69      74033940 
  70 007b 2D639302 		.ascii	"-c\223\002H-\330\244.fF\220 P\231\251\236\236>\004\345"
  70      482DD8A4 
  70      2E664690 
  70      205099A9 
  70      9E9E3E04 
  71 0090 17EB27E7 		.ascii	"\027\353'\347\347\346\346\347\351\027\344\027\225\024"
  71      E7E6E6E7 
  71      E917E417 
  71      9514
  72 009e EB3B06F9 		.ascii	"\353;\006\371:\373V\200\304\0122sR\213\212\365\335\235"
  72      3AFB5680 
  72      C40A3273 
  72      528B8AF5 
  72      DD9D
  73 00b0 9DF5938B 		.ascii	"\235\365\223\213J\014\365\222\031\000\333\"8\034"
  73      4A0CF592 
  73      1900DB22 
  73      381C
  74              		.text
  75              		.section	.gnu.lto___default_exit.bfe24ecf,"",%progbits
  76 0000 789C6365 		.ascii	"x\234ce`b(c``0\007bS fde`d\232p\216\201\241\221\203"
  76      60622863 
  76      60603007 
  76      62532066 
  76      64656064 
  77 001b 899119C4 		.ascii	"\211\221\031\304`dfd\201\010\260@\004\034\031\031\352"
  77      60646664 
  77      8108B040 
  77      041C1919 
  77      EA
ARM GAS  C:\Users\SANDEE~1\AppData\Local\Temp\ccKI7szI.s 			page 5


  78 002c 99985918 		.ascii	"\231\230Y\030\201\004\003\004\3643Ogf<\324\376l'\223"
  78      81040304 
  78      F4334F67 
  78      663CD4FE 
  78      6C2793
  79 003f E6F20620 		.ascii	"\346\362\006 80\375\016w[C\253\304|\240\202\231PE\214"
  79      3830FD0E 
  79      775B43AB 
  79      C47CA082 
  79      9950458C 
  80 0053 CB193519 		.ascii	"\313\0315\031\200\312\036m\3747\225\227\215\005\"\316"
  80      80CA1E6D 
  80      FC379597 
  80      8D0522CE 
  81 0063 B882918D 		.ascii	"\270\202\221\215\021H\257\277\304x\240\341\337\377\366"
  81      1148AFBF 
  81      C478A0E1 
  81      DFFFF6
  82 0072 86037716 		.ascii	"\206\003w\0263~\367\006\012u\001\245\031\201$\023\320"
  82      337EF706 
  82      0A7501A5 
  82      19812413 
  82      D0
  83 0083 FE2E6666 		.ascii	"\376.ff\006\240\305\214]\314,P\232\021l\244\251\236"
  83      06A0C58C 
  83      5DCC2C50 
  83      9A116CA4 
  83      A99E
  84 0095 9E3E04E5 		.ascii	"\236>\004\345\027\353'\347\347\346\346\347\351\027\344"
  84      17EB27E7 
  84      E7E6E6E7 
  84      E917E4
  85 00a4 179514EB 		.ascii	"\027\225\024\353;\006\371:\373V\200\304\0122sR\213\212"
  85      3B06F93A 
  85      FB5680C4 
  85      0A327352 
  85      8B8A
  86 00b6 F5DD9D9D 		.ascii	"\365\335\235\235\365\223\213J\014\365\222\031\000\261"
  86      F5938B4A 
  86      0CF59219 
  86      00B1
  87 00c4 D53AD8   		.ascii	"\325:\330"
  88              		.text
  89              		.section	.gnu.lto___init_ram_areas.bfe24ecf,"",%progbits
  90 0000 789C9554 		.ascii	"x\234\225T\315O\\U\024?\347\335\3675\363\206\231i\030"
  90      CD4F5C55 
  90      143FE7DD 
  90      F735F386 
  90      996918
  91 0013 13639A86 		.ascii	"\023c\232\206\015\213n\230\260hB\214\2116,t\323\215"
  91      0D8B6E98 
  91      B068428C 
  91      89362C74 
  91      D38D
  92 0025 7F81065D 		.ascii	"\177\201\006]\030\255L\000\023W\316\003\246\255\202"
  92      18AD4C00 
  92      1357CE03 
ARM GAS  C:\Users\SANDEE~1\AppData\Local\Temp\ccKI7szI.s 			page 6


  92      A6AD82
  93 0034 569A6A0B 		.ascii	"V\232j\013S\306!6\246\340\010CkU:\225v\240\264\024\322"
  93      53C62136 
  93      A6E00843 
  93      6B553A95 
  93      76A0B414 
  94 0049 563B0B17 		.ascii	"V;\013\027MW\305\026\241\321\240S4%J=\347\334!\235\202"
  94      4D57C516 
  94      A1D1A053 
  94      34254A3D 
  94      E7DC219D 
  95 005e 9F2F33EF 		.ascii	"\237/3\357\335\217s~\347w~\347\336c\201\001\037\330"
  95      DD8F737E 
  95      E7777EE7 
  95      DE638101 
  95      1FD8
  96 0070 00CF00C0 		.ascii	"\000\317\000\300'\364\307\020\240\321w\015\240\3235"
  96      27F4C710 
  96      A0D1770D 
  96      A0D335
  97 007f 50E98142 		.ascii	"P\351\201BK\017L=\230r-\303|w\026\300\017\332)\007\374"
  97      4B0F4C3D 
  97      98722DC3 
  97      7C7716C0 
  97      0FDA2907 
  98 0094 908D2EAF 		.ascii	"\220\215.\257\243\243\277S\256k8z? \373\001\303\033"
  98      A3A3BF53 
  98      AE6B387A 
  98      3F20FB01 
  98      C31B
  99 00a6 9BE169F0 		.ascii	"\233\341i\360V\200\246\236\006\336\035D\344\257\357"
  99      5680A69E 
  99      06DE1D44 
  99      E4AFEF
 100 00b5 22240D65 		.ascii	"\"$\015eZ\266\343\006\274 &M\005X4\011\215_\304\011"
 100      5AB6E306 
 100      BC20264D 
 100      05583409 
 100      8D5FC409 
 101 00c9 2CD08F5B 		.ascii	",\320\217[\371\276\257\216*\234>p\347\214\261\363\204"
 101      F9BEAF8E 
 101      2A9C3E70 
 101      E78CB1F3 
 101      84
 102 00da 4F4FF168 		.ascii	"OO\361h_x\277\277\357\361\254\002\030P\332\006O\340"
 102      5F78BFBF 
 102      EFF1AC02 
 102      1850DA06 
 102      4FE0
 103 00ec 4E20B3EB 		.ascii	"N \263\353\251\361AuPe\025\242I\323\237\257\246\027"
 103      A9F14175 
 103      506515A2 
 103      49D39FAF 
 103      A617
 104 00fe C23C35B0 		.ascii	"\302<5\260\216\246\251\354p\336TM\310\226\237\336\277"
 104      8EA6A9EC 
 104      70DE544D 
ARM GAS  C:\Users\SANDEE~1\AppData\Local\Temp\ccKI7szI.s 			page 7


 104      C8969FDE 
 104      BF
 105 010f DEA3EA8F 		.ascii	"\336\243\352\217\373~\227_\374n\"v\270\333\277\354\233"
 105      FB7E975F 
 105      FC6E2276 
 105      B8DBBFEC 
 105      9B
 106 0120 59451BA8 		.ascii	"YE\033\250\010\025Gp;\016\343vA'\363['\327?\254\261"
 106      08154770 
 106      3B0EE376 
 106      4127F35B 
 106      27D73FAC 
 107 0135 4DCC61BD 		.ascii	"M\314a\275\016\212\237\241\215\000\212Wh\177\346\366"
 107      0E8A9FA1 
 107      8D008A57 
 107      687FE6F6 
 108 0145 EF254F3D 		.ascii	"\357%O=%\320\235\271c\203\241\012\364O\023;\016U\240"
 108      25D09DB9 
 108      6383A10A 
 108      F44F133B 
 108      0E55A0
 109 0158 4D1CDD0A 		.ascii	"M\034\335\012\215c\342~\245\370N>\250\236\026\367\365"
 109      8D63E27E 
 109      A5F84E3E 
 109      A89E16F7 
 109      F5
 110 0169 D2D28A55 		.ascii	"\322\322\212Uq\377\245i\300/\246\352\3309\377\027\316"
 110      71FFA569 
 110      C02FA6EA 
 110      D839FF17 
 110      CE
 111 017a E3589F2F 		.ascii	"\343X\237/a\321_\177p\300/^j\232<}\263\3661\004\246"
 111      61D15F7F 
 111      70C02F5E 
 111      6A9A3C7D 
 111      B3F63104 
 112 018f 6408B212 		.ascii	"d\010\262\022\023S\336\256\274\203\262\356\3118\004"
 112      1353DEAE 
 112      BC83B2EE 
 112      C93804
 113 019e 845B432F 		.ascii	"\204[C/+\"\363\250\354m\343\325ZY\210\011\024@\017%"
 113      2B22F3A8 
 113      EC6DE3D5 
 113      5A598809 
 113      14400F25 
 114 01b2 BC02D0AB 		.ascii	"\274\002\320\253\014\372\250\333\3305\224\033|R\004"
 114      0CFAA8DB 
 114      D835941B 
 114      7C5204
 115 01c1 D0C91FD9 		.ascii	"\320\311\037\3317\375\215\3032\333\222@\367\332\371"
 115      37FD8DC3 
 115      32DB9240 
 115      F7DAF9
 116 01d0 7238F987 		.ascii	"r8\371\207O\025\262\217+\255\337\\:\367j\0263\235\321"
 116      4F15B28F 
 116      2BADDF5C 
 116      3AF76A16 
ARM GAS  C:\Users\SANDEE~1\AppData\Local\Temp\ccKI7szI.s 			page 8


 116      339DD1
 117 01e3 AC72F014 		.ascii	"\254r\360\024&\361$\347@\033\017\226O\215\005\310\270"
 117      26F124E7 
 117      401B0F96 
 117      4F8D05C8 
 117      B8
 118 01f4 DFF7873E 		.ascii	"\337\367\207>6\030\342s\314\222\260x\032\223\3001\025"
 118      3618E273 
 118      CC92B078 
 118      1A93C031 
 118      15
 119 0205 A41C8A69 		.ascii	"\244\034\212i\010\227\214BX\302\256\302\322{\213NUU"
 119      08978C42 
 119      58C2AEC2 
 119      D27B8B4E 
 119      5555
 120 0217 8836F395 		.ascii	"\2106\363\225\242\220\353\027hgT\260\232\230\022b\277"
 120      A290EB17 
 120      686754B0 
 120      9A981262 
 120      BF
 121 0228 CDCEBF1D 		.ascii	"\315\316\277\035b\026t\212\206\316!%\352\022 ~Y\241"
 121      6216748A 
 121      86CE2125 
 121      EA12207E 
 121      59A1
 122 023a F251FF44 		.ascii	"\362Q\377D9\034\037\365\373|\237\024\017\340WD\244_"
 122      391C1FF5 
 122      FB7C9F14 
 122      0FE05744 
 122      A45F
 123 024c 0E184E60 		.ascii	"\016\030N`\0348\357\267\030\233\303\021\276\020\031"
 123      1C38EFB7 
 123      189BC311 
 123      BE1019
 124 025b 39E8E870 		.ascii	"9\350\350p\336f\374\302\277\342\237\021|d\374\302#\370"
 124      DE66FCC2 
 124      BFE29F11 
 124      7C64FCC2 
 124      23F8
 125 026d E38CEF01 		.ascii	"\343\214\357\001\254\"V\311\311\012\345\006\237\333"
 125      AC2256C9 
 125      C90AE506 
 125      9FDB
 126 027b 1015CF62 		.ascii	"\020\025\317b\322(\2053*\346\245\357N!)e\002]CE\254"
 126      D2288533 
 126      2AE6A5EF 
 126      4E212965 
 126      025D4345 
 127 0290 D67A46CB 		.ascii	"\326zF\313\011M\253\246Z\005s\213\012\304#\230\241\333"
 127      094DABA6 
 127      5A05738B 
 127      0AC42398 
 127      A1DB
 128 02a2 F13553C4 		.ascii	"\3615S\304IV\236\374\217\314=\301\336\2333\332!\306"
 128      49569EFC 
 128      8FCC3DC1 
ARM GAS  C:\Users\SANDEE~1\AppData\Local\Temp\ccKI7szI.s 			page 9


 128      DE9B33DA 
 128      21C6
 129 02b4 AA627C8E 		.ascii	"\252b|\216\214\011\237\354\273\007\367O\226_\320\361"
 129      8C099FEC 
 129      BB07F74F 
 129      965FD0F1 
 130 02c4 226CC0E7 		.ascii	"\"l\300\347\223\262\251{\230LD\233]-\277\244\315\242"
 130      93B2A97B 
 130      984C449B 
 130      5D2DBFA4 
 130      CDA2
 131 02d6 1CF41133 		.ascii	"\034\364\0213\3214*\025\267\200\032\205.\2718+\220\261"
 131      D1342A15 
 131      B7801A85 
 131      2EB9382B 
 131      90B1
 132 02e8 5818BAFC 		.ascii	"X\030\272\374\003\213A\015\024\332\232\320?j~^47X\277"
 132      038B410D 
 132      14DA9AD0 
 132      3F6A7E5E 
 132      343758BF 
 133 02fc 2269FE3D 		.ascii	"\"i\376=\246\256]\270\211\032K\021\034W{\025\015*\257"
 133      A6AE5DB8 
 133      891A4B11 
 133      1C577B15 
 133      0D2AAF
 134 030f 2A2CDCA7 		.ascii	"*,\334\247\004\243fzq\016W\2216=uC\226\"\346\332\035"
 134      04A3667A 
 134      710E5791 
 134      363D7543 
 134      9622E6DA 
 135 0324 11DCE6A3 		.ascii	"\021\334\346\243I\346\024\221H\323\202\263Q\201{?\214"
 135      49E61491 
 135      48D382B3 
 135      51817B3F 
 135      8C
 136 0335 CCDA7FAF 		.ascii	"\314\332\177\257\241Y\321p\212\330T\027(H\227w\232v"
 136      A159D170 
 136      8AD85417 
 136      28489777 
 136      9A76
 137 0347 44ACD1D5 		.ascii	"D\254\321\325\212\246\265\354\260U\323Z\021\313e\261"
 137      8AA6B5EC 
 137      B055D35A 
 137      11CB65B1 
 138 0357 F0A158A6 		.ascii	"\360\241X\246\026hxC\240m\377S\240\013\"\220\034\260"
 138      16687843 
 138      A06DFF53 
 138      A00B2290 
 138      1CB0
 139 0369 99CD0299 		.ascii	"\231\315\002\231\004\247\005\242\221k\003qpn,\213\024"
 139      04A705A2 
 139      916B0371 
 139      706E2C8B 
 139      14
 140 037a 01964268 		.ascii	"\001\226Bh_|C\033\307(\012\341\227V\256d<\335\221\243"
 140      5F7C431B 
ARM GAS  C:\Users\SANDEE~1\AppData\Local\Temp\ccKI7szI.s 			page 10


 140      C7280AE1 
 140      9756AE64 
 140      3CDD91A3 
 141 038e 78B13A09 		.ascii	"x\261:\011\271\3161\035\341\327\202\315w\227\346\344"
 141      B9CE311D 
 141      E1D782CD 
 141      7797E6E4 
 142 039e 923E7B6F 		.ascii	"\222>{o\336b\027\017\335\377\322Nf\253\332\311\241\371"
 142      DE62170F 
 142      DDFFD24E 
 142      66ABDAC9 
 142      A1F9
 143 03b0 63CB5663 		.ascii	"c\313Vc\236\323\031ZF\312\025/SBxIwL2\350\275\273\364"
 143      9ED3195A 
 143      46CA152F 
 143      53427849 
 143      774C32E8 
 144 03c7 6D64A3DF 		.ascii	"md\243\337 w\2069l\244d\347\245\335p\257\363\340\260"
 144      20778639 
 144      6CA464E7 
 144      A5DD70AF 
 144      F3E0B0
 145 03da 8DBD74BF 		.ascii	"\215\275t\277\251\327\375Hwr!\203\272\257\310.\3222"
 145      A9D7FD48 
 145      77722183 
 145      BAAFC82E 
 145      D232
 146 03ec 1D9F5D0D 		.ascii	"\035\237]\015\015q\375km\217\267\264\356\335\333\372"
 146      0D71FD6B 
 146      6D8FB7B4 
 146      EEDDDBFA 
 147 03fc 7A3CD1DA 		.ascii	"z<\321\332\326\321\036\337\375\374\236\346=o\362Z\342"
 147      D6D11EDF 
 147      FDFC9EE6 
 147      3D6FF25A 
 147      E2
 148 040d 95D75E6E 		.ascii	"\225\327^nk\217?\333\334\034oi\353hlh\001\325\366b\302"
 148      6B8F3FDB 
 148      DC1C6F69 
 148      EB686C68 
 148      01D5F662 
 149 0422 E84860E2 		.ascii	"\350H`\342O\374i,\340"
 149      4FFC692C 
 149      E0
 150              		.text
 151              		.section	.gnu.lto_ram_areas.bfe24ecf,"",%progbits
 152 0000 789C75D1 		.ascii	"x\234u\321\337KSa\030\007\360\3679\357\346\246\231?"
 152      DF4B5361 
 152      1807F0F7 
 152      39EFE6A6 
 152      993F
 153 0012 96FD74E5 		.ascii	"\226\375t\345\177\260\303\004i\227\312.\304\213\335"
 153      7FB0C304 
 153      6997CA2E 
 153      C48BDD
 154 0021 F42F8C2E 		.ascii	"\364/\214.\204\326d\363\"\272\331\2710\220\244\335*"
 154      84D664F3 
ARM GAS  C:\Users\SANDEE~1\AppData\Local\Temp\ccKI7szI.s 			page 11


 154      22BAD9B9 
 154      3090A4DD 
 154      2A
 155 0032 286C60B0 		.ascii	"(l`\260r\256\226\326\326f\265e\255\262\262\262\364\252"
 155      72AE96D6 
 155      D666B565 
 155      ADB2B2B2 
 155      F4AA
 156 0044 1B411904 		.ascii	"\033A\031\004\201\020\305@\023}\267\357\271\2203\236"
 156      8110C540 
 156      137DB7EF 
 156      B990339E 
 157 0054 C3E17CE1 		.ascii	"\303\341|\341y^\276|x\217]hb\304.\304U\201gZR\241\360"
 157      795EBE7C 
 157      788F5D68 
 157      62C42EC4 
 157      5581675A 
 158 006b FBA72376 		.ascii	"\373\247#vhL\032\306\366\324/y;!\305\274lZ%\253ZcA\315"
 158      684C1AC6 
 158      F6D42F79 
 158      3B21C5BC 
 158      6C5A25AB 
 159 0083 0B6A2CB4 		.ascii	"\013j,\264\246\205\2531\227\215\371\277\352n\311\351"
 159      A685AB31 
 159      978DF9BF 
 159      EA6EC9E9 
 160 0093 CB199349 		.ascii	"\313\031\223Ic0!iF\012Z\240\330\214$zX\017\215\036\324"
 160      63302169 
 160      460A5AA0 
 160      D88C247A 
 160      580F8D1E 
 161 00a8 43528A62 		.ascii	"CR\212b\365\343\177\357\336\251\311\270L\250\205\303"
 161      F5E37FEF 
 161      DEA9C9B8 
 161      4CA885C3 
 162 00b8 D27A1087 		.ascii	"\322z\020\207\320\306\011\355\234\260\205\021:8a\026"
 162      D0C609ED 
 162      9CB08511 
 162      3A386116 
 163 00c8 C2C7103E 		.ascii	"\302\307\020>\2020\003\341\356A\246\330\001a\213\245"
 163      823003E1 
 163      EE41A6D8 
 163      01618BA5 
 164 00d8 75CF143A 		.ascii	"u\317\024:9a+'lc\204\2478a\016\302g\020>\205p\031\302"
 164      39612B27 
 164      6C6384A7 
 164      38610EC2 
 164      67103E85 
 165 00ef B5FBC5FF 		.ascii	"\265\373\305\377\355\020\332-\255;\246\260\235\023\236"
 165      ED10DA2D 
 165      AD3BA6B0 
 165      9D139E
 166 00fe E6841D8C 		.ascii	"\346\204\035\214\260\223\023\276\200p\005\302\"\204"
 166      B09313BE 
 166      807005C2 
 166      2284
 167 010c 05083726 		.ascii	"\005\0107&\262s\346_\266YZ\363\246\260\213\023vsB\027"
ARM GAS  C:\Users\SANDEE~1\AppData\Local\Temp\ccKI7szI.s 			page 12


 167      B273E65F 
 167      B6595AF3 
 167      A6B08B13 
 167      76734217 
 168 0120 233CC309 		.ascii	"#<\303\011W!|\015a\031\302\022\204\253\177\262)\363"
 168      57217C0D 
 168      6119C212 
 168      84AB7FB2 
 168      29F3
 169 0132 0EA5A535 		.ascii	"\016\245\2455m\012{8\341YNx\216\021\236\347\204\037"
 169      6D0A7B38 
 169      E1594E78 
 169      8E119EE7 
 169      841F
 170 0144 207C0FE1 		.ascii	" |\017\341;\010+\020V\216j\345N\0105K\353\321=\010/"
 170      3B082B10 
 170      568E6AE5 
 170      4E08354B 
 170      EBD13D08 
 171 0159 70C28B9C 		.ascii	"p\302\213\234\360\022#\354\345\204_ \\\207\3603\204"
 171      F01223EC 
 171      E5845F20 
 171      5C87F033 
 171      84
 172 016a 9F203C59 		.ascii	"\237 <YS3In\216t\231#]aH}\034\351\007H\337A\332\000"
 172      5333496E 
 172      8E749923 
 172      5D61487D 
 172      1CE90748 
 173 0182 E91B4813 		.ascii	"\351\033H\023\263\225}\007\216\033\352\352$y\335\264"
 173      B3957D07 
 173      8E1BEAEA 
 173      2479DDB4 
 174 0192 493EEA77 		.ascii	"I>\352w\323W\025\037\311Mk*\337\252|\243\362\225\312"
 174      D357151F 
 174      C94D6B2A 
 174      DFAA7CA3 
 174      F295CA
 175 01a5 972A9FAB 		.ascii	"\227*\237\253\314\253\\R\371D\345\242\3124\371\004m"
 175      CCAB5C52 
 175      F944E5A2 
 175      CA34F904 
 175      6D
 176 01b6 A9CF80C7 		.ascii	"\251\317\200\307\243\343\015G\365`8\024\012\337\324"
 176      A3E30D47 
 176      F5603814 
 176      0ADFD4
 177 01c5 C7C291F1 		.ascii	"\307\302\221\361\250>t-\340\017\334\252\317\306Fo\\"
 177      A83E742D 
 177      E00FDCAA 
 177      CFC6466F 
 177      5C
 178 01d6 8F44F561 		.ascii	"\217D\365a\277_\017F\306\275\236\2408\006\242\011\013"
 178      BF5F0F46 
 178      C6BD9EA0 
 178      3806A209 
 178      0B
ARM GAS  C:\Users\SANDEE~1\AppData\Local\Temp\ccKI7szI.s 			page 13


 179 01e7 71       		.ascii	"q"
 180              		.text
 181              		.section	.gnu.lto_.symbol_nodes.bfe24ecf,"",%progbits
 182 0000 789C55CD 		.ascii	"x\234U\315WR\002Q\000D\321\2763<AE1g\021\334\011\213"
 182      57520251 
 182      0044D1BE 
 182      333C4145 
 182      316711DC 
 183 0016 711D6F90 		.ascii	"q\035o\220`V\3149\254\303E\270!E\035\372\207\232\257"
 183      6056CC39 
 183      ACC345B8 
 183      21451DFA 
 183      879AAF
 184 0029 5375ABAB 		.ascii	"Su\253\253:(\321\036\222\222\037Ei\360\245\021\237Y"
 184      3A28D11E 
 184      92921F45 
 184      69F0A511 
 184      9F59
 185 003b 2B2F4345 		.ascii	"+/CE\212\345W1)\226?\305t\\\232y\311\210\245\302&|K"
 185      8AE55731 
 185      29963FC5 
 185      745C9A79 
 185      C988A5C2 
 186 0052 D9AE9486 		.ascii	"\331\256\224\20664\362\253\260Ob;\244\266K\311\366\010"
 186      3634F2AB 
 186      B04F623B 
 186      A4B64BC9 
 186      F608
 187 0064 B6CF843D 		.ascii	"\266\317\204=\240l\017\251\330#&\3551S\366\204i{J\325"
 187      A06C0FA9 
 187      D82326ED 
 187      3153F684 
 187      697B4AD5 
 188 0078 9E3163CF 		.ascii	"\2361c\317\231\265\027\324\354\2009{\311\274\275b\301"
 188      99B517D4 
 188      EC80397B 
 188      C9BCBD62 
 188      C1
 189 0089 5EB3686F 		.ascii	"^\263hoX\262\267,\333;V\354=\253\366\2015\373\310\272"
 189      58B2B72C 
 189      DB3B56EC 
 189      3DABF681 
 189      35FBC8BA 
 190 009d 7D62C33E 		.ascii	"}b\303>\263i_\330\262\257l\3337\352\366\235\035\373"
 190      B3695FD8 
 190      B2AF6CDB 
 190      37EAF69D 
 190      1DFB
 191 00af 4163A4FE 		.ascii	"Ac\244\376\001K\2712\221"
 191      014BB932 
 191      91
 192              		.text
 193              		.section	.gnu.lto_.refs.bfe24ecf,"",%progbits
 194 0000 789C05C1 		.ascii	"x\234\005\301\007\022\202@\020\000\260\235\014\207 "
 194      07128240 
 194      1000B09D 
 194      0C8720
ARM GAS  C:\Users\SANDEE~1\AppData\Local\Temp\ccKI7szI.s 			page 14


 195 000f 168A8A58 		.ascii	"\026\212\212XNl\257\341\377\377!I!\226\210PH\244<'\245"
 195      4E6CAFE1 
 195      FFFF2149 
 195      21968850 
 195      48A43C27 
 196 0024 8D4A6DAB 		.ascii	"\215Jm\253\261\263wp\324\352\364\006'g\027\243\253\311"
 196      B1B37770 
 196      D4EAF406 
 196      276717A3 
 196      ABC9
 197 0036 CDDDC353 		.ascii	"\315\335\303S\3662{\373\370\372\371\307\012}f\003\234"
 197      F6327BFB 
 197      F8FAF9C7 
 197      0A7D6603 
 197      9C
 198              		.text
 199              		.section	.gnu.lto_.decls.bfe24ecf,"",%progbits
 200 0000 789C9D96 		.ascii	"x\234\235\226{L\324\331\025\307\177w\356\360\032F\260"
 200      7B4CD4D9 
 200      15C77F77 
 200      EEF01A46 
 200      B0
 201 0011 E0766D74 		.ascii	"\340vmt\263\256e+\311FX\360A\323?\232ml\272\373\317"
 201      B3AE652B 
 201      C94658F0 
 201      41D33F9A 
 201      6D6CBAFB 
 202 0026 769B4DBB 		.ascii	"v\233M\273\177\221LX\234\356\222\345aa\310j\233&?y\203"
 202      7F914C58 
 202      9CEE92E5 
 202      6161C86A 
 202      9B263F79 
 203 003b 80A8C85B 		.ascii	"\200\250\310[\305\3472\370dU\004\021DQDP\004\004| \017"
 203      C5E732F8 
 203      64550411 
 203      44514450 
 203      04047C20 
 204 0050 41400444 		.ascii	"A@\004D\001\021D\241\347\236\373\233\347\2056\351/\363"
 204      011144A1 
 204      E79EFB9B 
 204      E78536E9 
 204      2FF3
 205 0062 9DF9DDFB 		.ascii	"\235\371\335\373;\347s\316=\367\334_\306ARI\377^*I\211"
 205      3BE773CE 
 205      3DF7DC5F 
 205      C6415249 
 205      FF5E2A49 
 206 0077 5492E254 		.ascii	"T\222\342T\2224\017\227\223$I'%\313\345\000:\003:\013"
 206      92340F97 
 206      93244927 
 206      25CBE500 
 206      3A033A0B 
 207 008b 2A055580 		.ascii	"*\005U\200*A\037\201\036\203\372@\375\240A\320\020h"
 207      2A411F81 
 207      1E83FA40 
 207      FDA041D0 
 207      1068
ARM GAS  C:\Users\SANDEE~1\AppData\Local\Temp\ccKI7szI.s 			page 15


 208 009d 18340A1A 		.ascii	"\0304\012\032\003\275\004M\200^\201^\203f@\263\240w"
 208      03BD044D 
 208      805E815E 
 208      836640B3 
 208      A077
 209 00af A0791021 		.ascii	"\240y\020!\222DA\016 '\220\013\310\025\264\004\344\016"
 209      9244410E 
 209      2027900B 
 209      C815B404 
 209      E40E
 210 00c1 FA05C813 		.ascii	"\372\005\310\023\364\036\350}\320\257@+@\037\200>\004"
 210      F41EE87D 
 210      D0AF402B 
 210      401F803E 
 210      04
 211 00d2 7D44249B 		.ascii	"}D$\233+\010\306l\352\033eL\224\334\355\257\357\026"
 211      2B08C66C 
 211      EA1B654C 
 211      94DCEDAF 
 211      EF16
 212 00e4 B03BBB80 		.ascii	"\260;\273\200]\330\002v\245\013\330\375\270\200]\305"
 212      5DD80276 
 212      A50BD8FD 
 212      B8805DC5 
 213 00f4 0276FF82 		.ascii	"\002v\377\202\007Z\305\316\003\264\014\264\032\346\356"
 213      075AC5CE 
 213      03B40CB4 
 213      1AE6EE
 214 0103 C0EF1AD0 		.ascii	"\300\357\032\320\257\341\276\007~\273A^p\177\033~\377"
 214      AFE1BE07 
 214      7EBB415E 
 214      707F1B7E 
 214      FF
 215 0114 0252831E 		.ascii	"\002R\203\036\200\332@\355\240{J\214J\345\367\261]\234"
 215      80DA40ED 
 215      A07B4A8C 
 215      4AE5F7B1 
 215      5D9C
 216 0126 1AC27DEE 		.ascii	"\032\302}\356(,\026\247g\021\016\273VI\274\226\037*"
 216      282C16A7 
 216      67110EBB 
 216      5649BC96 
 216      1F2A
 217 0138 B55DA1D4 		.ascii	"\265]\241\324\372}\245\366\236\312^\270+{\343\252\354"
 217      FA7DA5F6 
 217      9ECA5EB8 
 217      2B7BE3AA 
 217      EC
 218 0149 9593B277 		.ascii	"\225\223\262wl\017\331^\262=e{\313\366\230\3555\333"
 218      6C0FD95E 
 218      B23D657B 
 218      CBF698ED 
 218      35DB
 219 015b 73B6F7AC 		.ascii	"s\266\367\254\007X/\260\236`\275\301z\204\365\012\353"
 219      07582FB0 
 219      9E60BDC1 
 219      7A84F50A 
ARM GAS  C:\Users\SANDEE~1\AppData\Local\Temp\ccKI7szI.s 			page 16


 219      EB
 220 016c 19D63B7D 		.ascii	"\031\326;}v\371gSR\232X\273O\333E\036\021hK\262\224"
 220      76F96753 
 220      529A58BB 
 220      4FDB451E 
 220      11684BB2 
 221 0181 5795F06F 		.ascii	"W\225\360o\202\342\001M\027!8\017\263*I\331\014\323"
 221      82E2014D 
 221      1721380F 
 221      B32A49D9 
 221      0CD3
 222 0193 14317928 		.ascii	"\0241y(c\2252T)H\374(\316\304\212\310\037\363H\246\213"
 222      63953254 
 222      2948FC28 
 222      CEC48AC8 
 222      1FF348A6 
 223 01a8 D79BDFA0 		.ascii	"\327\233\337\240\233\342J\210\312\022\200\020k\007+"
 223      9BE24A88 
 223      CA128010 
 223      6B072B
 224 01b7 204F5B79 		.ascii	" O[yn\316O\262,\216\230V?\222:q@\335M:\011q\225\012"
 224      6ECE4FB2 
 224      2C8E9856 
 224      3F923A71 
 224      40DD4D3A 
 225 01cf 3F233877 		.ascii	"?#8w\341\341\316\033\216TE\330\375\355G\243'\034\250"
 225      E1E1CE1B 
 225      8E5445D8 
 225      FDED47A3 
 225      271CA8
 226 01e2 1BDE9F29 		.ascii	"\033\336\237)x\333\354\254\206e\027\023\312\275\273"
 226      78DBECAC 
 226      86651713 
 226      CABDBB
 227 01f1 678AFEE4 		.ascii	"g\212\376\344sB\346\227\363'\226\242^\237\177]\355\236"
 227      7342E697 
 227      F32796A2 
 227      5E9F7F5D 
 227      ED9E
 228 0203 4E898786 		.ascii	"N\211\207\206\250`\330\362\342\326>W\030.\323\220\245"
 228      A860D8F2 
 228      E2D63E57 
 228      182ED390 
 228      A5
 229 0214 309CDEDE 		.ascii	"0\234\336\336vE\263<\013\275b\345\245*\362\315/\311"
 229      7645B33C 
 229      0BBD62E5 
 229      A52AF2CD 
 229      2FC9
 230 0226 29B2929C 		.ascii	")\262\222\234$+!\265\323d9|\177\253\346\244\336\301"
 230      242B21B5 
 230      D364397C 
 230      7FABE6A4 
 230      DEC1
 231 0238 7DE3DAD5 		.ascii	"}\343\332\325\205ra\265\\=\030\373\233\336\237e9>F\226"
 231      857261B5 
 231      5C3D18FB 
ARM GAS  C:\Users\SANDEE~1\AppData\Local\Temp\ccKI7szI.s 			page 17


 231      9BDE9F65 
 231      393E4696 
 232 024c D5CC8C18 		.ascii	"\325\314\214\030\011%'\210\017\230\037'j6\202\273\""
 232      09252788 
 232      0F981F27 
 232      6A3682BB 
 232      22
 233 025d D24DC84F 		.ascii	"\322M\310O\244\013V|\206\254\006\302\313\321\235\215"
 233      A40B567C 
 233      86AC06C2 
 233      CBD19D8D 
 234 026d EEF4EB45 		.ascii	"\356\364\353E\226\360v*+\316U\341?\374$W\256\216\331"
 234      96F0762A 
 234      2BCE55E1 
 234      3FFC2457 
 234      AE8ED9
 235 0280 2ECB2AA4 		.ascii	".\313*\244\227\230\351?\003\275\304\236~\026\351c\255"
 235      9798E93F 
 235      03BDC49E 
 235      7E16E963 
 235      AD
 236 0291 2FBA28D5 		.ascii	"/\272(\325-B\277{io\273\223B\257_kC?g\246\237\007\372"
 236      2D42BF7B 
 236      696FBB93 
 236      42AF5F6B 
 236      433F67A6 
 237 02a8 397B7A29 		.ascii	"9{z)\322\215\017^]u\245? \375\300\315\336\203Z\372O"
 237      D28D0F5E 
 237      5D75A53F 
 237      20FDC0CD 
 237      DE835AFA 
 238 02bd BC1F7ADA 		.ascii	"\274\037z\332\332\341\316\"\225\231\"\365%7_r1\305&"
 238      DAE1CE22 
 238      959922F5 
 238      25375F72 
 238      31C526
 239 02d0 E544CD26 		.ascii	"\345D\315&\317\246O\3268\262\360W\344\352q\037\233\360"
 239      CFA64FD6 
 239      38B2F057 
 239      E4EA711F 
 239      9BF0
 240 02e2 17CCE12F 		.ascii	"\027\314\341/B\370\013\366\341+0|S\316\216\004Bc\011"
 240      42F80BF6 
 240      E12B307C 
 240      53CE8E04 
 240      426309
 241 02f5 C6BCD150 		.ascii	"\306\274\321PhDX\217\\}\365\267\014&\233`\227L0\211"
 241      6844588F 
 241      5C7DF5B7 
 241      0C269B60 
 241      974C3089 
 242 0309 DDDA922A 		.ascii	"\335\332\222*\221T\336\270\247\306\215frR\351\300\315"
 242      9154DEB8 
 242      A7C68D66 
 242      7252E9C0 
 242      CD
 243 031a 5A0DEF0E 		.ascii	"Z\015\357\016\231\300\370]\373\3605\302\333Cv\206\361"
ARM GAS  C:\Users\SANDEE~1\AppData\Local\Temp\ccKI7szI.s 			page 18


 243      99C0F85D 
 243      FBF035C2 
 243      DB437686 
 243      F1
 244 032b 644AFC6B 		.ascii	"dJ\374k\312\237;\301\2609\356L\2012T\263\375\274\235"
 244      CA9F3BC1 
 244      B039EE4C 
 244      813254B3 
 244      FDBC9D
 245 033e D7E7C6AD 		.ascii	"\327\347\306\255W\301\360\336\301\376i\215&\211\365"
 245      57C1F0DE 
 245      C1FE698D 
 245      2689F5
 246 034d 5246ACEC 		.ascii	"RF\254\354\362\0053\253\201f\272\212\315t\215h\340\333"
 246      F20533AB 
 246      8166BA8A 
 246      CD748D68 
 246      E0DB
 247 035f 7725B902 		.ascii	"w%\271\002C\260\316\253\230\254w\340,\026)q\342Z\214"
 247      43B0CEAB 
 247      98AC77E0 
 247      2C162971 
 247      E25A8C
 248 0372 9AEEE769 		.ascii	"\232\356\347iu\326\031\217\2638k4\204\035#w\230:=R>"
 248      75D6198F 
 248      B3386B34 
 248      841D2377 
 248      983A3D52 
 249 0387 B3844F31 		.ascii	"\263\204O1\213\226\235\343G\234\250\021\315U\271\365"
 249      8B969DE3 
 249      479CA811 
 249      CD55B9F5 
 250 0397 F7AEAA89 		.ascii	"\367\256\252\211\267\346\030\013]=x\352\367\271\343"
 250      B7E6180B 
 250      5D3D78EA 
 250      F7B9E3
 251 03a6 B2BC8A34 		.ascii	"\262\274\2124\020\015\271i\251\307\032\210/Av1<;\311"
 251      100DB969 
 251      A9C71A88 
 251      2F417631 
 251      3C3BC9
 252 03b9 9C1BA927 		.ascii	"\234\033\251'\336\214\313\354H\035L\336\340\031\032"
 252      DE8CCBEC 
 252      481D4CDE 
 252      E0191A
 253 03c8 8FEC3AE4 		.ascii	"\217\354:\344H\343\360\370\251j\253:\356\253\211\306"
 253      48E3F0F8 
 253      A96AAB3A 
 253      EEAB89C6 
 254 03d8 7B4140E3 		.ascii	"{A@\343\002\000\236\314\330\315\325\265\361lsnC2\267"
 254      02009ECC 
 254      D8CDD5B5 
 254      F16C736E 
 254      4332B7
 255 03eb 2CC934B0 		.ascii	",\3114\260j\260 \211\217\372\313\034\264)f*\032Z\252"
 255      6AB02089 
 255      8FFACB1C 
ARM GAS  C:\Users\SANDEE~1\AppData\Local\Temp\ccKI7szI.s 			page 19


 255      B429662A 
 255      1A5AAA
 256 03fe 76876895 		.ascii	"v\207h\225\203\334p+\255\312\211\266\360\227A\306\363"
 256      83DC702B 
 256      ADCA89B6 
 256      F09741C6 
 256      F3
 257 040f 824A57FA 		.ascii	"\202JW\372\210\017Lg\332\203\237i\323\236.S\366\364"
 257      880F4C67 
 257      DA839F69 
 257      D39E2E53 
 257      F6F4
 258 0421 CEC8EB32 		.ascii	"\316\310\3532\015\035F[\307\266S\375S\224xyyy{y\036"
 258      0D1D465B 
 258      C7B653FD 
 258      53947879 
 258      79797B79 
 259 0436 6241AB07 		.ascii	"bA\253\007kV\\\204\243\234\354\310b\221&H\361!\361\264"
 259      6B565C84 
 259      A39CECC8 
 259      62912648 
 259      F121F1B4 
 260 044a 2CCD9765 		.ascii	",\315\227eQ\303r\221\270\375\233,*\037Y\216\306\265"
 260      51C37291 
 260      B8FD9B2C 
 260      2A1F598E 
 260      C6B5
 261 045c F6C6D731 		.ascii	"\366\306\3271g?\213\361\325l\263q\353\302\306\034\315"
 261      673F8BF1 
 261      D56CB371 
 261      EBC2C61C 
 261      CD
 262 046d 8B350068 		.ascii	"\2135\000h\331\231YIJ\235$3\351\3711'h\3648\212\254"
 262      D9995949 
 262      4A9D2433 
 262      E9F93127 
 262      68F4388A 
 263 0482 E605B3C4 		.ascii	"\346\005\263\304\270\273\260\375d\3713\265D\356\302"
 263      B8BBB0FD 
 263      64F933B5 
 263      44EEC2
 264 0491 E3168CC2 		.ascii	"\343\026\214\302\214\201H\356\303F= ^\244\015\324\016"
 264      8C8148EE 
 264      C3463D20 
 264      5EA40DD4 
 264      0E
 265 04a2 BA47BC4C 		.ascii	"\272G\274L/\312\366\373\315\265.t\232\357vKS\375=G\342"
 265      2FCAF6FB 
 265      CDB52E74 
 265      9AEF764B 
 265      53FD3D47 
 266 04b7 E9BD100D 		.ascii	"\351\275\020\015^\321\336\377\023\310\027\324\030\300"
 266      5ED1DEFF 
 266      13C817D4 
 266      18C0
 267 04c5 D6F3086C 		.ascii	"\326\363\010l;,[\317\226\207\021\017M\225\357r\364\310"
 267      3B2C5BCF 
ARM GAS  C:\Users\SANDEE~1\AppData\Local\Temp\ccKI7szI.s 			page 20


 267      9687110F 
 267      4D95EF72 
 267      F4C8
 268 04d7 5042AC52 		.ascii	"PB\254R\243a5D\271\2149w\021\017\323\261a\326O+[\367"
 268      A3613544 
 268      B98C3977 
 268      110FD3B1 
 268      61D64F2B 
 269 04ed BA792A09 		.ascii	"\272y*\011%-\226\220\264\330\362\316\345^ov\260\016"
 269      252D9690 
 269      B4D8F2CE 
 269      E55E6F76 
 269      B00E
 270 04ff D6FDDF82 		.ascii	"\326\375\337\202u%t&h?>,7\301\333r \177\345\036Y\376"
 270      75257426 
 270      683F3E2C 
 270      37C1DB72 
 270      207FE51E 
 271 0515 82F4100F 		.ascii	"\202\364\020\017R\305\227a\345\310f\376\012/\273\307"
 271      52C59761 
 271      E5C866FE 
 271      0A2FBBC7 
 272 0525 E463F01B 		.ascii	"\344c\360\033\237L;\347N\223(\366\345\330\354\334W\300"
 272      9F4C3BE7 
 272      4E9328F6 
 272      E5D8ECDC 
 272      57C0
 273 0537 E881DDAB 		.ascii	"\350\201\335\253\315\361\330\035[\310\233\273WaX\232"
 273      CDF1D81D 
 273      5BC89BBB 
 273      5761589A 
 274 0547 BC17DF54 		.ascii	"\274\027\337T}Hx\226\3266\357N\3639\241\372F\246\354"
 274      7D487896 
 274      D636EF4E 
 274      F339A1FA 
 274      46A6EC
 275 055a AC204632 		.ascii	"\254 F2i\206\027\002\236\010\200'\010\350G\300\261\271"
 275      69861702 
 275      9E088027 
 275      08E847C0 
 275      B1B9
 276 056c D652476A 		.ascii	"\326RGj\344\200\346\261\216Z\007\005\360$\313\004\030"
 276      E480E6B1 
 276      8E5A0705 
 276      F024CB04 
 276      18
 277 057d 10000308 		.ascii	"\020\000\003\010\030D@n\361h\256\206\226q@\352\320\273"
 277      1844406E 
 277      F168AE86 
 277      967140EA 
 277      D0BB
 278 058f 2C771360 		.ascii	",w\023`y\256\014\357\031Fx*\020\236\"a\010\011\3755"
 278      79AE0CEF 
 278      1946782A 
 278      109E2261 
 278      0809FD35 
 279 05a3 758F9D69 		.ascii	"u\217\235i\035'\224\034z\322\253U\010]Vex& \236!b\030"
ARM GAS  C:\Users\SANDEE~1\AppData\Local\Temp\ccKI7szI.s 			page 21


 279      1D27941C 
 279      7AD2AB55 
 279      085D5665 
 279      7826209E 
 280 05ba 11312FB2 		.ascii	"\0211/\262K\\i\007G\334\337U\221\356\"\224aD\000\214"
 280      4B5C6907 
 280      47DCDF55 
 280      91EE2294 
 280      6144008C 
 281 05ce 20601401 		.ascii	" `\024\001\315\325\347\213\235\350\020\007t\312;\232"
 281      CDD5E78B 
 281      9DE81007 
 281      74CA3B9A 
 282 05de 3442199E 		.ascii	"4B\031\236\013\200\347\010\030C\300@_j\211#\235\346"
 282      0B80E708 
 282      1843C040 
 282      5F6A8923 
 282      9DE6
 283 05f0 80C9E6B1 		.ascii	"\200\311\346\261\024*\226\341\205@x\201\204\227Hxt\340"
 283      142A96E1 
 283      85407881 
 283      84974878 
 283      74E0
 284 0602 A7192D4D 		.ascii	"\247\031-MR#a\177b\311{\012`\312\252\012\343\002a\034"
 284      5223617F 
 284      62C97B0A 
 284      60CAAA0A 
 284      E302611C 
 285 0616 091348C8 		.ascii	"\011\023H\310\276x\353\202\023\315\347\204\351\342\322"
 285      BE78EB82 
 285      13CDE784 
 285      E9E2D2
 286 0625 BD4B842A 		.ascii	"\275K\204*L\012\200I\004\274B\300|\343\201\333*j\344"
 286      4C0A8049 
 286      04BC42C0 
 286      7CE381DB 
 286      2A6AE4
 287 0638 80EA82A7 		.ascii	"\200\352\202\247}nB\025\246\004\300\024\002^#\240\376"
 287      7D6E4215 
 287      A604C014 
 287      025E23A0 
 287      FE
 288 0649 D2EE0A68 		.ascii	"\322\356\012h\006\016HHo\352\321\212U\230\026\010\323"
 288      060E4848 
 288      6FEAD18A 
 288      55981608 
 288      D3
 289 065a 48984142 		.ascii	"H\230ABNj\362\007\264\216\003\206\007\017\0366mdc\256"
 289      4E6AF207 
 289      B48E0386 
 289      070F1E36 
 289      6D6463AE 
 290 066e A50A6F04 		.ascii	"\245\012o\004\302\033$\314\362#q\252\374\274\013\355"
 290      C21B24CC 
 290      F22371AA 
 290      FCBC0BED 
 291 067e E088F207 		.ascii	"\340\210\362\007S']\205*\274\025\000o\021\360\016\001"
ARM GAS  C:\Users\SANDEE~1\AppData\Local\Temp\ccKI7szI.s 			page 22


 291      53275D85 
 291      2ABC1500 
 291      6F11F00E 
 291      01
 292 068f B307678A 		.ascii	"\263\007g\212\325t\210\003\356\304W\265\212GbN\000\314"
 292      D5748803 
 292      EEC457B5 
 292      8A47624E 
 292      00CC
 293 06a1 21601E01 		.ascii	"!`\036\001\371\005\373+\264t\232\003bZ.\033\325b\025"
 293      F905FB2B 
 293      B4749A03 
 293      625A2E1B 
 293      D56215
 294 06b4 64953D01 		.ascii	"d\225=\001f\340{\273\212\021NUu^t\241I\016H(\252L9d"
 294      66E07BBB 
 294      8A114E55 
 294      755E74A1 
 294      490E4828 
 295 06cc 4A61C0AA 		.ascii	"Ja\300\252\0141\002\"\006\021\261\210\210\237N\310w"
 295      0C310222 
 295      0611B188 
 295      889F4EC8 
 295      77
 296 06dd A6F91CB1 		.ascii	"\246\371\034\261\275j\274H|3\304\011\2008\004\304#\240"
 296      BD6ABC48 
 296      7C33C409 
 296      803804C4 
 296      23A0
 297 06ef 363BED9C 		.ascii	"6;\355\234+5r@\177\316\360q\261\014\011\002 \001\001"
 297      2B357240 
 297      7FCEF071 
 297      B10C0902 
 297      200101
 298 0702 8908383A 		.ascii	"\211\0108:\231qSM\3138`\266\241\305[\254B\222\000HB"
 298      9971534D 
 298      CB3860B6 
 298      A1C55BAC 
 298      42920048 
 299 0717 40320292 		.ascii	"@2\002\222\257\0343jh\035\007$&_~\346\250\020\346\254"
 299      AF1C336A 
 299      681D0724 
 299      265F7EE6 
 299      A810E6AC 
 300 072b AA902220 		.ascii	"\252\220\" R\020\261\003\021\027\213N\217\303\213\201"
 300      5210B103 
 300      11178B4E 
 300      8FC38B81 
 301 073b 23F2CADF 		.ascii	"#\362\312\337\214\211/\206T\001\220\212\2004\004\224"
 301      8C892F86 
 301      5401908A 
 301      80340494 
 302 074b 8D3E9C76 		.ascii	"\215>\234v\244C\034\320\321\331!\213G\"]\000\244#`'"
 302      A4431CD0 
 302      D1D9218B 
 302      47225D00 
 302      A4236027 
ARM GAS  C:\Users\SANDEE~1\AppData\Local\Temp\ccKI7szI.s 			page 23


 303 075f 02261A32 		.ascii	"\002&\0322\340HLs\300\253\330\3416g\261\014\031\002"
 303      E0484C73 
 303      C0ABD8E1 
 303      3667B10C 
 303      1902
 304 0771 210309BB 		.ascii	"!\003\011\273\220Pqi\366\003\232\344\210\200[\2315\373"
 304      90507169 
 304      F6039AE4 
 304      88805B99 
 304      35FB
 305 0783 4CFDDC9E 		.ascii	"L\375\334\236g\251\302n\201\260\033\011{\220\220q\372"
 305      67A9C26E 
 305      81B01B09 
 305      7B909071 
 305      FA
 306 0794 E05BE805 		.ascii	"\340[\350\005\216(\250,\217\321\012U\310\024\000\231"
 306      8E28A82C 
 306      8FD10A55 
 306      C8140099 
 307 07a4 08D8CB17 		.ascii	"\010\330\313\027q\367\304\275%\324\310\001\017O\314"
 307      71F7C4BD 
 307      25D4C801 
 307      0F4FCC
 308 07b3 2788BD90 		.ascii	"'\210\275\220%\000\262\020\220\215\200\236\363\245\247"
 308      2500B210 
 308      908D809E 
 308      F3A5A7
 309 07c2 DD681907 		.ascii	"\335h\031\007t\244\027\2479\211U\310\021\010"
 309      74A417A7 
 309      398955C8 
 309      1108
 310 07d0 3948C845 		.ascii	"9H\310E\302\311\214\276l'Z\307\011\263{\317<0\325\361"
 310      C2C98CBE 
 310      6C275AC7 
 310      09B37BCF 
 310      3C30D5F1 
 311 07e4 B95519F2 		.ascii	"\271U\031\362\004D\036\"\362\021\221w7\263\202\320\016"
 311      04441E22 
 311      F2119177 
 311      37B382D0 
 311      0E
 312 07f5 8E381667 		.ascii	"\2168\026g\314\021\313P \000\012\020\260\017\001#\211"
 312      CC11CB50 
 312      20000A10 
 312      B00F0123 
 312      89
 313 0806 DD5DD00C 		.ascii	"\335]\320\014\034P:\262\375\260\330\014\373\005\300"
 313      1C503AB2 
 313      FDB0D80C 
 313      FB05C0
 314 0815 7E041C40 		.ascii	"~\004\034@@\366\304\233Xh\006\016\230\313\033\232X\240"
 314      40F6C49B 
 314      5868060E 
 314      98CB1B9A 
 314      58A0
 315 0827 190A0542 		.ascii	"\031\012\005B!\022\016\362\024N\036\035\323Z\377\001"
 315      21120EF2 
ARM GAS  C:\Users\SANDEE~1\AppData\Local\Temp\ccKI7szI.s 			page 24


 315      144E1E1D 
 315      D35AFF01 
 316 0837 EEB6FA63 		.ascii	"\356\266\372c'\221C*\374\003\314~\301x\346h\351\250"
 316      2791432A 
 316      FC03CC7E 
 316      C178E668 
 316      E9A8
 317 0849 B3B531FB 		.ascii	"\263\2651\373Sb1>\254\030\037F\343\226\273E\347\325"
 317      5362313E 
 317      AC181F46 
 317      E396BB45 
 317      E7D5
 318 085b 26E3A4C5 		.ascii	"&\343\244\305\376Z\223#\340\344\252\323\005GD\352u!"
 318      FE5A9323 
 318      E0E4AAD3 
 318      054744EA 
 318      7521
 319 086d E12106F5 		.ascii	"\341!\006\365\217\372\240\037\234?\377\363\337Vm\362"
 319      8FFAA01F 
 319      9C3FFFF3 
 319      DF566DF2 
 320 087d F39336F8 		.ascii	"\363\2236\370\370\370\362OD\224opDXXD\270\357\226\210"
 320      F8F8F24F 
 320      44946F70 
 320      44585844 
 320      B8EF9688 
 321 0891 484394EF 		.ascii	"HC\224\357\037\276\376r\323\227[\331\334\226\220P}d"
 321      1FBEFE72 
 321      D3975BD9 
 321      DC969050 
 321      7D64
 322 08a3 94EFE79B 		.ascii	"\224\357\347\2336\371\006G\032\374|\202%\255N\247\017"
 322      36F90647 
 322      1AFC7C82 
 322      25AD4EA7 
 322      0F
 323 08b4 8A0CDD86 		.ascii	"\212\014\335\206@\200\207\006\0318\334M\247\333\254"
 323      40808706 
 323      1938DC4D 
 323      A7DBAC
 324 08c3 FF7B5074 		.ascii	"\377{Pt\250A\247\337\032bp\016\207\250\206\350\310\360"
 324      A841A7DF 
 324      1A62700E 
 324      87A886E8 
 324      C8F0
 325 08d5 A53A7CAC 		.ascii	"\245:|\254\213\014\012\323\005E\352\203\242\\\314w\232"
 325      8B0C0AD3 
 325      0545EA83 
 325      A25CCC77 
 325      9A
 326 08e6 E05060E1 		.ascii	"\340P`\341\275F\247\213\016\0117\254\363\327\031\276"
 326      BD46A78B 
 326      0E0937AC 
 326      F3D719BE 
 327 08f6 0AFE5DE0 		.ascii	"\012\376]\340w\341\321\206\210\210\320\250\240\310\260"
 327      77E1D186 
 327      8888D0A8 
ARM GAS  C:\Users\SANDEE~1\AppData\Local\Temp\ccKI7szI.s 			page 25


 327      A0C8B0
 328 0905 C08DABFC 		.ascii	"\300\215\253\374?\365\013X\373\017\377\265\321[6C\264"
 328      3FF50B58 
 328      FB0FFFB5 
 328      D15B3643 
 328      B4
 329 0916 40985C1B 		.ascii	"@\230\\\033\036\021\256_\253\017\3726$0$<84z\263>0,"
 329      1E11AE5F 
 329      AB0FFA36 
 329      2430243C 
 329      38347AB3 
 330 092d 28F8FB90 		.ascii	"(\370\373\220p}\2409\013\303\266-\372(\237\357%g\023"
 330      707DA039 
 330      0BC3B62D 
 330      FA289FEF 
 330      256713
 331 0940 F88FFF1F 		.ascii	"\370\217\377\0378j[T\240.\312\260\031(@s\301\305\260"
 331      386A5B54 
 331      A02ECAB0 
 331      19284073 
 331      C1C5B0
 332 0953 94DDF0CE 		.ascii	"\224\335\360\316\240\337\312\207\332\360\010\235\371"
 332      A0DFCA87 
 332      DAF0089D 
 332      F9
 333 0960 993B5BA3 		.ascii	"\231;[\243y\2443x\350\330\372?\325Y\\tK\254\247tn\312"
 333      79A43378 
 333      E8D8FA3F 
 333      D5595C74 
 333      4BACA774 
 334 0976 885744E7 		.ascii	"\210WD\347\256\014\303#\370c\356\357'\372\373\331\370"
 334      AE0CC323 
 334      F863EEEF 
 334      27FAFBD9 
 334      F8
 335 0987 FBD9FAFB 		.ascii	"\373\331\372\373\331\371\373\213\376\3766\376\376\266"
 335      D9F9FB8B 
 335      FEFE36FE 
 335      FEB6
 336 0995 FEFE76FE 		.ascii	"\376\376v\376\353D\377u6\376\353l\375\327\331\371\257"
 336      EB44FF75 
 336      36FEEB6C 
 336      FDD7D9F9 
 336      AF
 337 09a6 17FDD7DB 		.ascii	"\027\375\327\333\370\257\267\365_o\347\277A\364\337"
 337      F8AFB7F5 
 337      5F6FE7BF 
 337      41F4DF
 338 09b5 60E3BFC1 		.ascii	"`\343\277\301\326\177\203\235\377F\321\177\243\215\377"
 338      D67F839D 
 338      FF46D17F 
 338      A38DFF
 339 09c4 465BFF8D 		.ascii	"F[\377\215v\376\001\242\177\200\215\177\200\255\177"
 339      76FE01A2 
 339      7F808D7F 
 339      80AD7F
 340 09d3 80D9FF3F 		.ascii	"\200\331\377?}\324W\256"
ARM GAS  C:\Users\SANDEE~1\AppData\Local\Temp\ccKI7szI.s 			page 26


 340      7DD457AE 
 341              		.text
 342              		.section	.gnu.lto_.symtab.bfe24ecf,"",%progbits
 343 0000 5F5F636F 		.ascii	"__core_init\000"
 343      72655F69 
 343      6E697400 
 344 000c 00       		.ascii	"\000"
 345 000d 01       		.ascii	"\001"
 346 000e 00       		.ascii	"\000"
 347 000f 00000000 		.ascii	"\000\000\000\000\000\000\000\000"
 347      00000000 
 348 0017 B0000000 		.ascii	"\260\000\000\000"
 349 001b 5F5F6561 		.ascii	"__early_init\000"
 349      726C795F 
 349      696E6974 
 349      00
 350 0028 00       		.ascii	"\000"
 351 0029 01       		.ascii	"\001"
 352 002a 00       		.ascii	"\000"
 353 002b 00000000 		.ascii	"\000\000\000\000\000\000\000\000"
 353      00000000 
 354 0033 B3000000 		.ascii	"\263\000\000\000"
 355 0037 5F5F6C61 		.ascii	"__late_init\000"
 355      74655F69 
 355      6E697400 
 356 0043 00       		.ascii	"\000"
 357 0044 01       		.ascii	"\001"
 358 0045 00       		.ascii	"\000"
 359 0046 00000000 		.ascii	"\000\000\000\000\000\000\000\000"
 359      00000000 
 360 004e B6000000 		.ascii	"\266\000\000\000"
 361 0052 5F5F6465 		.ascii	"__default_exit\000"
 361      6661756C 
 361      745F6578 
 361      697400
 362 0061 00       		.ascii	"\000"
 363 0062 01       		.ascii	"\001"
 364 0063 00       		.ascii	"\000"
 365 0064 00000000 		.ascii	"\000\000\000\000\000\000\000\000"
 365      00000000 
 366 006c BB000000 		.ascii	"\273\000\000\000"
 367 0070 5F5F696E 		.ascii	"__init_ram_areas\000"
 367      69745F72 
 367      616D5F61 
 367      72656173 
 367      00
 368 0081 00       		.ascii	"\000"
 369 0082 00       		.ascii	"\000"
 370 0083 00       		.ascii	"\000"
 371 0084 00000000 		.ascii	"\000\000\000\000\000\000\000\000"
 371      00000000 
 372 008c BD000000 		.ascii	"\275\000\000\000"
 373 0090 5F5F7261 		.ascii	"__ram0_init_text__\000"
 373      6D305F69 
 373      6E69745F 
 373      74657874 
 373      5F5F00
ARM GAS  C:\Users\SANDEE~1\AppData\Local\Temp\ccKI7szI.s 			page 27


 374 00a3 00       		.ascii	"\000"
 375 00a4 02       		.ascii	"\002"
 376 00a5 00       		.ascii	"\000"
 377 00a6 00000000 		.ascii	"\000\000\000\000\000\000\000\000"
 377      00000000 
 378 00ae E3000000 		.ascii	"\343\000\000\000"
 379 00b2 5F5F7261 		.ascii	"__ram0_init__\000"
 379      6D305F69 
 379      6E69745F 
 379      5F00
 380 00c0 00       		.ascii	"\000"
 381 00c1 02       		.ascii	"\002"
 382 00c2 00       		.ascii	"\000"
 383 00c3 00000000 		.ascii	"\000\000\000\000\000\000\000\000"
 383      00000000 
 384 00cb E5000000 		.ascii	"\345\000\000\000"
 385 00cf 5F5F7261 		.ascii	"__ram0_clear__\000"
 385      6D305F63 
 385      6C656172 
 385      5F5F00
 386 00de 00       		.ascii	"\000"
 387 00df 02       		.ascii	"\002"
 388 00e0 00       		.ascii	"\000"
 389 00e1 00000000 		.ascii	"\000\000\000\000\000\000\000\000"
 389      00000000 
 390 00e9 E7000000 		.ascii	"\347\000\000\000"
 391 00ed 5F5F7261 		.ascii	"__ram0_noinit__\000"
 391      6D305F6E 
 391      6F696E69 
 391      745F5F00 
 392 00fd 00       		.ascii	"\000"
 393 00fe 02       		.ascii	"\002"
 394 00ff 00       		.ascii	"\000"
 395 0100 00000000 		.ascii	"\000\000\000\000\000\000\000\000"
 395      00000000 
 396 0108 E9000000 		.ascii	"\351\000\000\000"
 397 010c 5F5F7261 		.ascii	"__ram1_init_text__\000"
 397      6D315F69 
 397      6E69745F 
 397      74657874 
 397      5F5F00
 398 011f 00       		.ascii	"\000"
 399 0120 02       		.ascii	"\002"
 400 0121 00       		.ascii	"\000"
 401 0122 00000000 		.ascii	"\000\000\000\000\000\000\000\000"
 401      00000000 
 402 012a EB000000 		.ascii	"\353\000\000\000"
 403 012e 5F5F7261 		.ascii	"__ram1_init__\000"
 403      6D315F69 
 403      6E69745F 
 403      5F00
 404 013c 00       		.ascii	"\000"
 405 013d 02       		.ascii	"\002"
 406 013e 00       		.ascii	"\000"
 407 013f 00000000 		.ascii	"\000\000\000\000\000\000\000\000"
 407      00000000 
 408 0147 ED000000 		.ascii	"\355\000\000\000"
ARM GAS  C:\Users\SANDEE~1\AppData\Local\Temp\ccKI7szI.s 			page 28


 409 014b 5F5F7261 		.ascii	"__ram1_clear__\000"
 409      6D315F63 
 409      6C656172 
 409      5F5F00
 410 015a 00       		.ascii	"\000"
 411 015b 02       		.ascii	"\002"
 412 015c 00       		.ascii	"\000"
 413 015d 00000000 		.ascii	"\000\000\000\000\000\000\000\000"
 413      00000000 
 414 0165 EF000000 		.ascii	"\357\000\000\000"
 415 0169 5F5F7261 		.ascii	"__ram1_noinit__\000"
 415      6D315F6E 
 415      6F696E69 
 415      745F5F00 
 416 0179 00       		.ascii	"\000"
 417 017a 02       		.ascii	"\002"
 418 017b 00       		.ascii	"\000"
 419 017c 00000000 		.ascii	"\000\000\000\000\000\000\000\000"
 419      00000000 
 420 0184 F1000000 		.ascii	"\361\000\000\000"
 421 0188 5F5F7261 		.ascii	"__ram2_init_text__\000"
 421      6D325F69 
 421      6E69745F 
 421      74657874 
 421      5F5F00
 422 019b 00       		.ascii	"\000"
 423 019c 02       		.ascii	"\002"
 424 019d 00       		.ascii	"\000"
 425 019e 00000000 		.ascii	"\000\000\000\000\000\000\000\000"
 425      00000000 
 426 01a6 F3000000 		.ascii	"\363\000\000\000"
 427 01aa 5F5F7261 		.ascii	"__ram2_init__\000"
 427      6D325F69 
 427      6E69745F 
 427      5F00
 428 01b8 00       		.ascii	"\000"
 429 01b9 02       		.ascii	"\002"
 430 01ba 00       		.ascii	"\000"
 431 01bb 00000000 		.ascii	"\000\000\000\000\000\000\000\000"
 431      00000000 
 432 01c3 F5000000 		.ascii	"\365\000\000\000"
 433 01c7 5F5F7261 		.ascii	"__ram2_clear__\000"
 433      6D325F63 
 433      6C656172 
 433      5F5F00
 434 01d6 00       		.ascii	"\000"
 435 01d7 02       		.ascii	"\002"
 436 01d8 00       		.ascii	"\000"
 437 01d9 00000000 		.ascii	"\000\000\000\000\000\000\000\000"
 437      00000000 
 438 01e1 F7000000 		.ascii	"\367\000\000\000"
 439 01e5 5F5F7261 		.ascii	"__ram2_noinit__\000"
 439      6D325F6E 
 439      6F696E69 
 439      745F5F00 
 440 01f5 00       		.ascii	"\000"
 441 01f6 02       		.ascii	"\002"
ARM GAS  C:\Users\SANDEE~1\AppData\Local\Temp\ccKI7szI.s 			page 29


 442 01f7 00       		.ascii	"\000"
 443 01f8 00000000 		.ascii	"\000\000\000\000\000\000\000\000"
 443      00000000 
 444 0200 F9000000 		.ascii	"\371\000\000\000"
 445 0204 5F5F7261 		.ascii	"__ram3_init_text__\000"
 445      6D335F69 
 445      6E69745F 
 445      74657874 
 445      5F5F00
 446 0217 00       		.ascii	"\000"
 447 0218 02       		.ascii	"\002"
 448 0219 00       		.ascii	"\000"
 449 021a 00000000 		.ascii	"\000\000\000\000\000\000\000\000"
 449      00000000 
 450 0222 FB000000 		.ascii	"\373\000\000\000"
 451 0226 5F5F7261 		.ascii	"__ram3_init__\000"
 451      6D335F69 
 451      6E69745F 
 451      5F00
 452 0234 00       		.ascii	"\000"
 453 0235 02       		.ascii	"\002"
 454 0236 00       		.ascii	"\000"
 455 0237 00000000 		.ascii	"\000\000\000\000\000\000\000\000"
 455      00000000 
 456 023f FD000000 		.ascii	"\375\000\000\000"
 457 0243 5F5F7261 		.ascii	"__ram3_clear__\000"
 457      6D335F63 
 457      6C656172 
 457      5F5F00
 458 0252 00       		.ascii	"\000"
 459 0253 02       		.ascii	"\002"
 460 0254 00       		.ascii	"\000"
 461 0255 00000000 		.ascii	"\000\000\000\000\000\000\000\000"
 461      00000000 
 462 025d FF000000 		.ascii	"\377\000\000\000"
 463 0261 5F5F7261 		.ascii	"__ram3_noinit__\000"
 463      6D335F6E 
 463      6F696E69 
 463      745F5F00 
 464 0271 00       		.ascii	"\000"
 465 0272 02       		.ascii	"\002"
 466 0273 00       		.ascii	"\000"
 467 0274 00000000 		.ascii	"\000\000\000\000\000\000\000\000"
 467      00000000 
 468 027c 01010000 		.ascii	"\001\001\000\000"
 469 0280 5F5F7261 		.ascii	"__ram4_init_text__\000"
 469      6D345F69 
 469      6E69745F 
 469      74657874 
 469      5F5F00
 470 0293 00       		.ascii	"\000"
 471 0294 02       		.ascii	"\002"
 472 0295 00       		.ascii	"\000"
 473 0296 00000000 		.ascii	"\000\000\000\000\000\000\000\000"
 473      00000000 
 474 029e 03010000 		.ascii	"\003\001\000\000"
 475 02a2 5F5F7261 		.ascii	"__ram4_init__\000"
ARM GAS  C:\Users\SANDEE~1\AppData\Local\Temp\ccKI7szI.s 			page 30


 475      6D345F69 
 475      6E69745F 
 475      5F00
 476 02b0 00       		.ascii	"\000"
 477 02b1 02       		.ascii	"\002"
 478 02b2 00       		.ascii	"\000"
 479 02b3 00000000 		.ascii	"\000\000\000\000\000\000\000\000"
 479      00000000 
 480 02bb 05010000 		.ascii	"\005\001\000\000"
 481 02bf 5F5F7261 		.ascii	"__ram4_clear__\000"
 481      6D345F63 
 481      6C656172 
 481      5F5F00
 482 02ce 00       		.ascii	"\000"
 483 02cf 02       		.ascii	"\002"
 484 02d0 00       		.ascii	"\000"
 485 02d1 00000000 		.ascii	"\000\000\000\000\000\000\000\000"
 485      00000000 
 486 02d9 07010000 		.ascii	"\007\001\000\000"
 487 02dd 5F5F7261 		.ascii	"__ram4_noinit__\000"
 487      6D345F6E 
 487      6F696E69 
 487      745F5F00 
 488 02ed 00       		.ascii	"\000"
 489 02ee 02       		.ascii	"\002"
 490 02ef 00       		.ascii	"\000"
 491 02f0 00000000 		.ascii	"\000\000\000\000\000\000\000\000"
 491      00000000 
 492 02f8 09010000 		.ascii	"\011\001\000\000"
 493 02fc 5F5F7261 		.ascii	"__ram5_init_text__\000"
 493      6D355F69 
 493      6E69745F 
 493      74657874 
 493      5F5F00
 494 030f 00       		.ascii	"\000"
 495 0310 02       		.ascii	"\002"
 496 0311 00       		.ascii	"\000"
 497 0312 00000000 		.ascii	"\000\000\000\000\000\000\000\000"
 497      00000000 
 498 031a 0B010000 		.ascii	"\013\001\000\000"
 499 031e 5F5F7261 		.ascii	"__ram5_init__\000"
 499      6D355F69 
 499      6E69745F 
 499      5F00
 500 032c 00       		.ascii	"\000"
 501 032d 02       		.ascii	"\002"
 502 032e 00       		.ascii	"\000"
 503 032f 00000000 		.ascii	"\000\000\000\000\000\000\000\000"
 503      00000000 
 504 0337 0D010000 		.ascii	"\015\001\000\000"
 505 033b 5F5F7261 		.ascii	"__ram5_clear__\000"
 505      6D355F63 
 505      6C656172 
 505      5F5F00
 506 034a 00       		.ascii	"\000"
 507 034b 02       		.ascii	"\002"
 508 034c 00       		.ascii	"\000"
ARM GAS  C:\Users\SANDEE~1\AppData\Local\Temp\ccKI7szI.s 			page 31


 509 034d 00000000 		.ascii	"\000\000\000\000\000\000\000\000"
 509      00000000 
 510 0355 0F010000 		.ascii	"\017\001\000\000"
 511 0359 5F5F7261 		.ascii	"__ram5_noinit__\000"
 511      6D355F6E 
 511      6F696E69 
 511      745F5F00 
 512 0369 00       		.ascii	"\000"
 513 036a 02       		.ascii	"\002"
 514 036b 00       		.ascii	"\000"
 515 036c 00000000 		.ascii	"\000\000\000\000\000\000\000\000"
 515      00000000 
 516 0374 11010000 		.ascii	"\021\001\000\000"
 517 0378 5F5F7261 		.ascii	"__ram6_init_text__\000"
 517      6D365F69 
 517      6E69745F 
 517      74657874 
 517      5F5F00
 518 038b 00       		.ascii	"\000"
 519 038c 02       		.ascii	"\002"
 520 038d 00       		.ascii	"\000"
 521 038e 00000000 		.ascii	"\000\000\000\000\000\000\000\000"
 521      00000000 
 522 0396 13010000 		.ascii	"\023\001\000\000"
 523 039a 5F5F7261 		.ascii	"__ram6_init__\000"
 523      6D365F69 
 523      6E69745F 
 523      5F00
 524 03a8 00       		.ascii	"\000"
 525 03a9 02       		.ascii	"\002"
 526 03aa 00       		.ascii	"\000"
 527 03ab 00000000 		.ascii	"\000\000\000\000\000\000\000\000"
 527      00000000 
 528 03b3 15010000 		.ascii	"\025\001\000\000"
 529 03b7 5F5F7261 		.ascii	"__ram6_clear__\000"
 529      6D365F63 
 529      6C656172 
 529      5F5F00
 530 03c6 00       		.ascii	"\000"
 531 03c7 02       		.ascii	"\002"
 532 03c8 00       		.ascii	"\000"
 533 03c9 00000000 		.ascii	"\000\000\000\000\000\000\000\000"
 533      00000000 
 534 03d1 17010000 		.ascii	"\027\001\000\000"
 535 03d5 5F5F7261 		.ascii	"__ram6_noinit__\000"
 535      6D365F6E 
 535      6F696E69 
 535      745F5F00 
 536 03e5 00       		.ascii	"\000"
 537 03e6 02       		.ascii	"\002"
 538 03e7 00       		.ascii	"\000"
 539 03e8 00000000 		.ascii	"\000\000\000\000\000\000\000\000"
 539      00000000 
 540 03f0 19010000 		.ascii	"\031\001\000\000"
 541 03f4 5F5F7261 		.ascii	"__ram7_init_text__\000"
 541      6D375F69 
 541      6E69745F 
ARM GAS  C:\Users\SANDEE~1\AppData\Local\Temp\ccKI7szI.s 			page 32


 541      74657874 
 541      5F5F00
 542 0407 00       		.ascii	"\000"
 543 0408 02       		.ascii	"\002"
 544 0409 00       		.ascii	"\000"
 545 040a 00000000 		.ascii	"\000\000\000\000\000\000\000\000"
 545      00000000 
 546 0412 1B010000 		.ascii	"\033\001\000\000"
 547 0416 5F5F7261 		.ascii	"__ram7_init__\000"
 547      6D375F69 
 547      6E69745F 
 547      5F00
 548 0424 00       		.ascii	"\000"
 549 0425 02       		.ascii	"\002"
 550 0426 00       		.ascii	"\000"
 551 0427 00000000 		.ascii	"\000\000\000\000\000\000\000\000"
 551      00000000 
 552 042f 1D010000 		.ascii	"\035\001\000\000"
 553 0433 5F5F7261 		.ascii	"__ram7_clear__\000"
 553      6D375F63 
 553      6C656172 
 553      5F5F00
 554 0442 00       		.ascii	"\000"
 555 0443 02       		.ascii	"\002"
 556 0444 00       		.ascii	"\000"
 557 0445 00000000 		.ascii	"\000\000\000\000\000\000\000\000"
 557      00000000 
 558 044d 1F010000 		.ascii	"\037\001\000\000"
 559 0451 5F5F7261 		.ascii	"__ram7_noinit__\000"
 559      6D375F6E 
 559      6F696E69 
 559      745F5F00 
 560 0461 00       		.ascii	"\000"
 561 0462 02       		.ascii	"\002"
 562 0463 00       		.ascii	"\000"
 563 0464 00000000 		.ascii	"\000\000\000\000\000\000\000\000"
 563      00000000 
 564 046c 21010000 		.ascii	"!\001\000\000"
 565              		.text
 566              		.section	.gnu.lto_.opts,"",%progbits
 567 0000 272D666D 		.ascii	"'-fmath-errno' '-fsigned-zeros' '-ftrapping-math' '"
 567      6174682D 
 567      6572726E 
 567      6F272027 
 567      2D667369 
 568 0033 2D666E6F 		.ascii	"-fno-trapv' '-fno-openmp' '-fno-openacc' '-mcpu=cor"
 568      2D747261 
 568      70762720 
 568      272D666E 
 568      6F2D6F70 
 569 0066 7465782D 		.ascii	"tex-m4' '-mfloat-abi=hard' '-mfpu=fpv4-sp-d16' '-mn"
 569      6D342720 
 569      272D6D66 
 569      6C6F6174 
 569      2D616269 
 570 0099 6F2D7468 		.ascii	"o-thumb-interwork' '-mthumb' '-ggdb' '-O2' '-fomit-"
 570      756D622D 
ARM GAS  C:\Users\SANDEE~1\AppData\Local\Temp\ccKI7szI.s 			page 33


 570      696E7465 
 570      72776F72 
 570      6B272027 
 571 00cc 6672616D 		.ascii	"frame-pointer' '-falign-functions=16' '-ffunction-s"
 571      652D706F 
 571      696E7465 
 571      72272027 
 571      2D66616C 
 572 00ff 65637469 		.ascii	"ections' '-fdata-sections' '-fno-common' '-flto' '-"
 572      6F6E7327 
 572      20272D66 
 572      64617461 
 572      2D736563 
 573 0132 6673696E 		.ascii	"fsingle-precision-constant'\000"
 573      676C652D 
 573      70726563 
 573      6973696F 
 573      6E2D636F 
 574              		.text
 575              		.comm	__gnu_lto_v1,1,1
 576              		.comm	__gnu_lto_slim,1,1
 577              		.ident	"GCC: (GNU Tools for ARM Embedded Processors 6-2017-q2-update) 6.3.1 20170620 (release) [AR
ARM GAS  C:\Users\SANDEE~1\AppData\Local\Temp\ccKI7szI.s 			page 34


DEFINED SYMBOLS
                            *ABS*:00000000 crt1.c
                            *COM*:00000001 __gnu_lto_v1
                            *COM*:00000001 __gnu_lto_slim

NO UNDEFINED SYMBOLS
