ARM GAS  C:\Users\SANDEE~1\AppData\Local\Temp\ccJbHlDx.s 			page 1


   1              		.cpu cortex-m4
   2              		.eabi_attribute 27, 1
   3              		.eabi_attribute 28, 1
   4              		.eabi_attribute 20, 1
   5              		.eabi_attribute 21, 1
   6              		.eabi_attribute 23, 3
   7              		.eabi_attribute 24, 1
   8              		.eabi_attribute 25, 1
   9              		.eabi_attribute 26, 1
  10              		.eabi_attribute 30, 2
  11              		.eabi_attribute 34, 1
  12              		.eabi_attribute 18, 4
  13              		.file	"hal.c"
  14              		.text
  15              	.Ltext0:
  16              		.section	.gnu.lto_.profile.bfe26d6c,"",%progbits
  17 0000 789C6365 		.ascii	"x\234ce`b`a```d\210\345\006\000\001E\000u"
  17      60626061 
  17      60606064 
  17      88E50600 
  17      01450075 
  18              		.text
  19              		.section	.gnu.lto_.icf.bfe26d6c,"",%progbits
  20 0000 789C6365 		.ascii	"x\234ce`b\340`@\000F\206\315'\216Lce\000\000\016Z\002"
  20      6062E060 
  20      40004686 
  20      CD278E4C 
  20      63650000 
  21 0017 EB       		.ascii	"\353"
  22              		.text
  23              		.section	.gnu.lto_.jmpfuncs.bfe26d6c,"",%progbits
  24 0000 789C6365 		.ascii	"x\234ce`b\320f@\000F\004\223\211q:3c\363\257\375\237"
  24      6062D066 
  24      40004604 
  24      9389713A 
  24      3363F3AF 
  25 0016 F9EAFF36 		.ascii	"\371\352\3776H\314gfX\314\014R\260\234\261\236\201\221"
  25      48CC6766 
  25      58CC0C52 
  25      B09CB19E 
  25      8191
  26 0028 05C80200 		.ascii	"\005\310\002\000\271\260\010\230"
  26      B9B00898 
  27              		.text
  28              		.section	.gnu.lto_.inline.bfe26d6c,"",%progbits
  29 0000 789C6365 		.ascii	"x\234ce`bpf@\000F\006\006\336\273@\222\011\310f[ \317"
  29      60627066 
  29      40004606 
  29      06DEBB40 
  29      9209C866 
  30 0017 0416E322 		.ascii	"\004\026\343\"H0q\203\264\202\231\014\000\205\342\002"
  30      48307183 
  30      B482990C 
  30      0085E202 
  31 0027 66       		.ascii	"f"
  32              		.text
  33              		.section	.gnu.lto_.pureconst.bfe26d6c,"",%progbits
ARM GAS  C:\Users\SANDEE~1\AppData\Local\Temp\ccJbHlDx.s 			page 2


  34 0000 789C6365 		.ascii	"x\234ce`b`f```d\220\000\000\000\204\000$"
  34      60626066 
  34      60606064 
  34      90000000 
  34      840024
  35              		.text
  36              		.section	.gnu.lto_halInit.bfe26d6c,"",%progbits
  37 0000 789C75D1 		.ascii	"x\234u\321AK\002A\024\007\360\367\337\321u\245\264\016"
  37      414B0241 
  37      1407F0F7 
  37      DFD175A5 
  37      B40E
  38 0012 1D2A3D74 		.ascii	"\035*=t\365\242_\241s\337\"\274\004\005A~\200]\263\020"
  38      F5A25FA1 
  38      73DF22BC 
  38      0405417E 
  38      805DB310 
  39 0026 0CAA4365 		.ascii	"\014\252Ce\006\261K\021i\246\246\345\301C\264x\353R"
  39      06B14B11 
  39      69A6A6E5 
  39      C143B478 
  39      EB52
  40 0038 D0B55311 		.ascii	"\320\265S\021\035\262\240\350T\222\366F#\366\260\016"
  40      1DB2A0E8 
  40      5492F646 
  40      23F6B00E 
  41 0048 3BBCD979 		.ascii	";\274\331y?\336\274\335\361\222B\323\012Q\230\210B<"
  41      3FDEBCDD 
  41      F19242D3 
  41      0A519888 
  41      423C
  42 005a 2108CAE6 		.ascii	"!\010\312\346\015QRS\000\27104\220\256@\307\206\310"
  42      0D515253 
  42      00B93034 
  42      90AE40C7 
  42      86C8
  43 006c 0A34D3CF 		.ascii	"\0124\323\317\015%rl\360\260\263\357\023F\336\206)\210"
  43      0D25726C 
  43      F0B0B3EF 
  43      1346DE86 
  43      2988
  44 007e 723CE5C0 		.ascii	"r<\345\3001\"\304\354\261\332\331\016\250\236\376>\362"
  44      3122C4EC 
  44      B1DAD90E 
  44      A89EFE3E 
  44      F2
  45 008f 50C1B172 		.ascii	"P\301\261r\007\333\350t\323\206\375t\200\313\231!\242"
  45      07DBE874 
  45      D386FD74 
  45      80CB9921 
  45      A2
  46 00a0 0CA7E519 		.ascii	"\014\247\345\031kB\221Q\264\220\262\332!\351e\221F\343"
  46      6B429151 
  46      B490B2DA 
  46      21E96591 
  46      46E3
  47 00b2 F5DEA7FF 		.ascii	"\365\336\247\377\030\232)\220\023\\\001\005\350d\262"
ARM GAS  C:\Users\SANDEE~1\AppData\Local\Temp\ccJbHlDx.s 			page 3


  47      189A2990 
  47      135C0105 
  47      E864B2
  48 00c1 6D61C53A 		.ascii	"ma\305:\032vq\"\307Y\302\011;N\354\2546o}\353\302\024"
  48      1A767122 
  48      C759C209 
  48      3B4EECAC 
  48      366F7DEB 
  49 00d7 1EC8D7D4 		.ascii	"\036\310\327\324\367\325g\220\3358o\034\312\306x\357"
  49      F7D56790 
  49      DD386F1C 
  49      CAC678EF 
  50 00e7 7AAF386F 		.ascii	"z\2578ob?9j\012/N\371+\213\010\367\022\335\227Z\331"
  50      623F396A 
  50      0A2F4EF9 
  50      2B8B08F7 
  50      12DD975A 
  51 00fc CF78D730 		.ascii	"\317x\3270\246d\201\022L\364\016D\031\272)T\222\275"
  51      A6648112 
  51      4CF40E44 
  51      19BA2954 
  51      92BD
  52 010e 9602EEBD 		.ascii	"\226\002\356\275rqT\376{MY\205\240\273\363\260;s\270"
  52      727154FE 
  52      7B4D5985 
  52      A0BBF3B0 
  52      3B73B8
  53 0121 8701CECB 		.ascii	"\207\001\316\313\256\352p_\003\234\312\256\346p\325"
  53      AEEA705F 
  53      039CCAAE 
  53      E670D5
  54 0130 1177E763 		.ascii	"\021w\347cw\356p\3651w\247\261\273p\270\217\001\316"
  54      77EE70F5 
  54      3177A7B1 
  54      BB70B88F 
  54      01CE
  55 0142 CFAEFEE7 		.ascii	"\317\256\376\347\336\260l\265\267\372\377J\216\014\337"
  55      DEB06CB5 
  55      B7FAFF4A 
  55      8E0CDF
  56 0151 1CDF2D5F 		.ascii	"\034\337-_\313d4\032\353?\213\211\330\334\354B,\261"
  56      CB64341A 
  56      EB3F8B89 
  56      D8DCEC42 
  56      2CB1
  57 0163 1497311A 		.ascii	"\024\2271\032\247_w\261\302L"
  57      A75F77B1 
  57      C24C
  58              		.text
  59              		.section	.gnu.lto_.symbol_nodes.bfe26d6c,"",%progbits
  60 0000 789C55CF 		.ascii	"x\234U\317\271\015\002A\014\205\3417ov\366\240\011("
  60      B90D0241 
  60      0C85E137 
  60      6F76F6A0 
  60      0928
  61 0012 052AF304 		.ascii	"\005*\363\004+b\3563\235*\2107\246\006\2206\244\005"
  61      2B62EE33 
ARM GAS  C:\Users\SANDEE~1\AppData\Local\Temp\ccJbHlDx.s 			page 4


  61      9D2A8837 
  61      A6069036 
  61      A405
  62 0024 10C61176 		.ascii	"\020\306\021v\362K\337\213\234@\274\241\3075\005X\335"
  62      F24BDF8B 
  62      9C40BCA1 
  62      C7350558 
  62      DD
  63 0035 01CD2D2F 		.ascii	"\001\315-/\200\264#f\272\204+%\330\002\344<W\270P\350"
  63      80B42366 
  63      BA842B25 
  63      D802E43C 
  63      57B850E8 
  64 0049 E04C890E 		.ascii	"\340L\211\016N\224\312\301\221\222\034\034(\265\203"
  64      4E94CAC1 
  64      91921C1C 
  64      28B583
  65 0058 3DA571B0 		.ascii	"=\245q\260\245\264\0166\224\356\037\"&(\217O\210\350"
  65      A5B40E36 
  65      94EE1F22 
  65      26288F4F 
  65      88E8
  66 006a 30585B8C 		.ascii	"0X[\214\326\006\375\363\327\032\305\2320X+\214\326\210"
  66      D606FDF3 
  66      D71AC59A 
  66      30582B8C 
  66      D688
  67 007c 7EF99A46 		.ascii	"~\371\232F\375\275h\361\005\373P>\232"
  67      FDBD68F1 
  67      05FB503E 
  67      9A
  68              		.text
  69              		.section	.gnu.lto_.refs.bfe26d6c,"",%progbits
  70 0000 789C6365 		.ascii	"x\234ce`b`c```d`bdb\000\000\000\275\000\024"
  70      60626063 
  70      60606064 
  70      60626462 
  70      000000BD 
  71              		.text
  72              		.section	.gnu.lto_.decls.bfe26d6c,"",%progbits
  73 0000 789C9D56 		.ascii	"x\234\235V}LTW\026\177\347\335\231af\200\342j\2635\033"
  73      7D4C5457 
  73      167FE7DD 
  73      99616680 
  73      E26AB335 
  74 0015 B7A10623 		.ascii	"\267\241\006#\177TF\350fk\366\217~,\264\325\256\255"
  74      7F5446E8 
  74      666BF68F 
  74      7E2CB4D5 
  74      AEAD
  75 0027 A4DD35D9 		.ascii	"\244\3355\331,\311ddF\231\004\231\331\231\241i\263\377"
  75      2CC96464 
  75      46990499 
  75      D999A169 
  75      B3FF
  76 0039 3C1610D4 		.ascii	"<\026\020\324.hm\355\"JU\254\202R\244 J\021uDAJ\001"
  76      2E686DED 
ARM GAS  C:\Users\SANDEE~1\AppData\Local\Temp\ccJbHlDx.s 			page 5


  76      224A55AC 
  76      8252A420 
  76      4A117544 
  77 0050 ADAE2815 		.ascii	"\255\256(\025\205\242\242\002\362i\005\004d\317\275"
  77      85A2A202 
  77      F2690504 
  77      64CFBD
  78 005f F73DDE38 		.ascii	"\367=\3368\002i\373\302yw\316=\277\363;\037\357\274"
  78      0269FBC2 
  78      7977CE3D 
  78      BFF33B1F 
  78      EFBC
  79 0071 77D10AA2 		.ascii	"w\321\012\242\320\025(\010F\"\010U\202 L\342%\342\372"
  79      D0152808 
  79      46220855 
  79      82204CE2 
  79      25E2FA
  80 0084 150AA074 		.ascii	"\025\012\240t\010\3742\242\334C\351F\271\217\322\207"
  80      08FC32A2 
  80      DC43E946 
  80      B98FD287 
  81 0094 32803284 		.ascii	"2\2002\204\362\023\3120\312\030\312\204\3547)<y]\302"
  81      F213CA30 
  81      CA18CA84 
  81      EC37293C 
  81      795DC2
  82 00a7 CD005C57 		.ascii	"\315\000\\W\013\034p\227.\300\371\177Dy\344\027gB\346"
  82      0B1C7097 
  82      2EC0F97F 
  82      4479E417 
  82      6742E6
  83 00ba 1B96F987 		.ascii	"\033\226\371\207\344x}r\374\356\031\342|N\340\373\264"
  83      E4787D72 
  83      FCEE19E2 
  83      7C4EE0FB 
  83      B4
  84 00cb 929D248B 		.ascii	"\222\235$\213\300\\#hP\035h\334q\363\031T\2375B(\252"
  84      C05C2368 
  84      501D68DC 
  84      71F31954 
  84      9F354228 
  85 00e0 458DE75A 		.ascii	"E\215\347Zek&\240^q\342~\024W\027\240Vy}\300\033\310"
  85      656B26A0 
  85      5E71E27E 
  85      145717A0 
  85      56797DC0 
  86 00f6 C1EDD43A 		.ascii	"\301\355\324:y\257%\337\300\315\375\224{S\371\266\374"
  86      79AF25DF 
  86      C0CDFD94 
  86      7B53F9B6 
  86      FC
  87 0107 102202FD 		.ascii	"\020\"\002\375\335\233v\273=\220\333\346\243z\261\277"
  87      DD9B76BB 
  87      3D90DBE6 
  87      A37AB1BF 
  88 0117 6197ACCE 		.ascii	"a\227\254\316A\265u\343\206<\03510\344\365\272\302C"
  88      41B575E3 
ARM GAS  C:\Users\SANDEE~1\AppData\Local\Temp\ccJbHlDx.s 			page 6


  88      863C1D31 
  88      30E4F5BA 
  88      C243
  89 0129 34E66223 		.ascii	"4\346b#\320\376\206\340\326\341\236oF\203\371\026E\264"
  89      D0FE86E0 
  89      D6E19E6F 
  89      4683F916 
  89      45B4
  90 013b 8D16BC19 		.ascii	"\215\026\274\031Q$\361K\377\274Z\314\305\354\301}\001"
  90      5124F14B 
  90      FFBC5ACC 
  90      C5ECC17D 
  90      01
  91 014c E4390A12 		.ascii	"\3449\012\022s\352\257Tk \334\270\237\202\274W\036,"
  91      73EAAF54 
  91      6B20DCB8 
  91      9F82BC57 
  91      1E2C
  92 015e DE9A2149 		.ascii	"\336\232!I\"\034\005#\034\001\002e\020A\233\262\230"
  92      221C0523 
  92      1C010265 
  92      10419BB2 
  92      98
  93 016f B6305392 		.ascii	"\2660S\222\376-mI\225\014\313\005(\200\005p\000\026"
  93      FE2D6D49 
  93      950CCB05 
  93      28800570 
  93      0016
  94 0181 08500EE1 		.ascii	"\010P\016\3414\036\305A)n~\215\233\030\242p\337\326"
  94      341EC541 
  94      296E7E8D 
  94      9B18A270 
  94      DFD6
  95 0193 BD3AE262 		.ascii	"\275:\342b!jO^\273\252\001c\370\264\376\337L\343\317"
  95      216A4F5E 
  95      BBAA0163 
  95      F8B4FEDF 
  95      4CE3CF
  96 01a6 7369FB62 		.ascii	"si\373bam:\315\245\002s9\246\346\202\251\3612:*[SD\342"
  96      616D3ACD 
  96      A5027339 
  96      A6E682A9 
  96      F1323A2A 
  97 01be 0556EC8E 		.ascii	"\005V\354\216\343\017\352\265\274SzT\373\266\3254\212"
  97      E30FEAB5 
  97      BC537A54 
  97      FBB6D534 
  97      8A
  98 01cf E42CB775 		.ascii	"\344,\267u^M\315\321\221z\256l\231h\221t\344\"W\376"
  98      5E4DCDD1 
  98      917AAE6C 
  98      99689174 
  98      E42257FE 
  99 01e3 D337B247 		.ascii	"\3237\262GCZ\270\322\222:\334\034L\332\230b\330p\270"
  99      435AB8D2 
  99      923ADC1C 
  99      4CDA9862 
ARM GAS  C:\Users\SANDEE~1\AppData\Local\Temp\ccJbHlDx.s 			page 7


  99      D870B8
 100 01f6 E2481084 		.ascii	"\342H\020\204\321k^XX\370^\232\273\367N\325\213u\203"
 100      D16B5E58 
 100      58F85E9A 
 100      BBF74ED5 
 100      8B7583
 101 0209 B724E993 		.ascii	"\267$\351\223 \226\224\027\223\252\205yj1\305x\023 "
 101      20969417 
 101      93AA8579 
 101      6A31C578 
 101      1320
 102 021b 126F0277 		.ascii	"\022o\002wx\364J\216\344M#\014}\312\037m\362\003w\275"
 102      78F44A8E 
 102      E44D230C 
 102      7DCA1F6D 
 102      F20377BD 
 103 022f AA82ABFC 		.ascii	"\252\202\253\374\301\307\031u\001\370p\373\300+\375"
 103      C1C71975 
 103      01F870FB 
 103      C02BFD
 104 023e E187FD33 		.ascii	"\341\207\3753\371\301\007}bzr\206\336J{\277E\222^\323"
 104      F9C1077D 
 104      627A7286 
 104      DE4A7BBF 
 104      45925ED3 
 105 0252 087008ED 		.ascii	"\010p\010\355\007\231\211\242\261\375\360->\255j\010"
 105      079989A2 
 105      B1FDF02D 
 105      3EAD6A08 
 106 0262 83732835 		.ascii	"\203s(5(gP\316\242\324\241\234\20606`<^\275O\274\223"
 106      286750CE 
 106      A2D4A19C 
 106      86303660 
 106      3C5EBD4F 
 107 0278 D356EE5B 		.ascii	"\323V\356[K\375r\025]2}-\034\316G\243\367\344\334\024"
 107      4BFD7215 
 107      5D327D2D 
 107      1CCE47A3 
 107      F7E4DC14 
 108 028c 49020A13 		.ascii	"I\002\012\023\344\261\220G\373\324\343\264\013:\262"
 108      E4B19047 
 108      FBD4E3B4 
 108      0B3AB2
 109 029b 9DBD4CE2 		.ascii	"\235\275L\342\276M\015G\3650/|\272\232\240\001K\371"
 109      BE4D0D47 
 109      F5302F7C 
 109      BA9AA001 
 109      4BF9
 110 02ad 2565F1C8 		.ascii	"%e\361\310\235u:|\227\340;t\254WG\222\346\301\302_\352"
 110      9D753A7C 
 110      97E03B74 
 110      AC574792 
 110      E6C1C25F 
 111 02c2 DC9316C4 		.ascii	"\334\223\026\304\247\360\002\325\263\262\313\2766\222"
 111      A7F002D5 
 111      B3B2CBBE 
 111      3692
ARM GAS  C:\Users\SANDEE~1\AppData\Local\Temp\ccJbHlDx.s 			page 8


 112 02d0 42FE6E17 		.ascii	"B\376n\027t\356\314\222\215\313P-o\254\270\241%%\334"
 112      74EECC92 
 112      8DCB502D 
 112      6FACB8A1 
 112      2525DC
 113 02e3 D63AD89C 		.ascii	"\326:\330\234\021H\216q\345\360\370\247\007t\344$W\206"
 113      11488E71 
 113      E5F0F8A7 
 113      0774E424 
 113      5786
 114 02f5 0A4AF3F4 		.ascii	"\012J\363\364\334\253\200~=vex\217\310_\023\257\021"
 114      DCAB807E 
 114      3D766578 
 114      8FC85F13 
 114      AF11
 115 0307 F5CDE9D9 		.ascii	"\365\315\351\331\033\003H\015\003\353\273\232\366\347"
 115      1B03480D 
 115      03EBBB9A 
 115      F6E7
 116 0315 88C06796 		.ascii	"\210\300g\226\015-\246\\[?w\233$\325-eI_\304\244[p\235"
 116      0D2DA65C 
 116      5B3F779B 
 116      24D52D65 
 116      495FC4A4 
 117 032c 6AC31343 		.ascii	"j\303\023C\210\350\216wR\330\223\240\340\313\376\340"
 117      88E88E77 
 117      52D893A0 
 117      E0CBFEE0 
 118 033c C2278710 		.ascii	"\302'\207\020\341\325+U\370W\376\360\242\351\307\352"
 118      E1D52B55 
 118      F857FEF0 
 118      A2E9C7EA 
 119 034c 7F68BFC4 		.ascii	"\177h\277\304L-r\377\257c\377\233\261\327\327PZQ~@\271"
 119      4C2D72FF 
 119      AF63FF9B 
 119      B1D7D750 
 119      5A517E40 
 120 0361 8A72451D 		.ascii	"\212rE\035)\232\332_\324XM\376\261\032\237J\255\343"
 120      299ADA5F 
 120      D4584DFE 
 120      B11A9F4A 
 120      ADE3
 121 0373 6D15FEBD 		.ascii	"m\025\376\275?\274\370\351J|\330/\370\303\317\253\225"
 121      3FBCF8E9 
 121      4A7CD82F 
 121      F8C3CFAB 
 121      95
 122 0384 C813F82D 		.ascii	"\310\023\370-\237\300\226\247&\360\364hOz\010i\340\023"
 122      9FC096A7 
 122      26F0F468 
 122      4F7A0869 
 122      E013
 123 0396 B87F7B75 		.ascii	"\270\177{u\215\301o\002\225\362\3610\010\377\331\035"
 123      8DC16F02 
 123      95F2F130 
 123      08FFD91D 
 124 03a6 E0519BCF 		.ascii	"\340Q\233\317\263\351kC\247\033\352\364\265(\3237z\350"
ARM GAS  C:\Users\SANDEE~1\AppData\Local\Temp\ccJbHlDx.s 			page 9


 124      B3E96B43 
 124      A71BEAF4 
 124      B528D337 
 124      7AE8
 125 03b8 D463FD3C 		.ascii	"\324c\375<9V\346L\261\204Y\003\321\217b\367\261\215"
 125      3956E64C 
 125      B1845903 
 125      D18F62F7 
 125      B18D
 126 03ca C6A04D53 		.ascii	"\306\240MS_k\370\321\347m\024\240\003\202\330y\213+"
 126      5F6BF8D1 
 126      E76D14A0 
 126      0382D879 
 126      8B2B
 127 03dc 828F66D4 		.ascii	"\202\217f\324\356\012\272\201Tx\300\303\034FA\217`z"
 127      EE0ABA81 
 127      5478C0C3 
 127      1C46418F 
 127      607A
 128 03ee 07264C9D 		.ascii	"\007&L\235T.\000\266\217\273\"\273s \333\002\305C\326"
 128      542E00B6 
 128      8FBB22BB 
 128      7320DB02 
 128      C543D6
 129 0401 45591565 		.ascii	"EY\025eJ\366';\203\017#7\363H\312\305\017r\376\203\271"
 129      4AF6273B 
 129      830F2337 
 129      F348CAC5 
 129      0F72FE83 
 130 0416 C9AE00A2 		.ascii	"\311\256\000\242\032\000\300\327\301\207\220\247-\333"
 130      1A00C0D7 
 130      C18790A7 
 130      2DDB
 131 0424 A7F213D4 		.ascii	"\247\362\023\324\342@iU\317\307C_h\332\360\351A\240"
 131      E2406955 
 131      CFC7435F 
 131      68DAF0E9 
 131      41A0
 132 0436 B0FB3560 		.ascii	"\260\3735`{\375eR\207\2214\363\267\267fr\330\033\302"
 132      7BFD6552 
 132      879134F3 
 132      B7B76672 
 132      D81BC2
 133 0449 DF5ED1E7 		.ascii	"\337^\321\347<\177\226\237\347#)\227O\033\347og\007"
 133      3C7F969F 
 133      E7232997 
 133      4F1BE76F 
 133      6707
 134 045b 74AA3447 		.ascii	"t\2524G\204\325\277\205;\330\350N\326\350\2730\037\357"
 134      84D5BF85 
 134      3BD8E84E 
 134      D6E8BB30 
 134      1FEF
 135 046d 6B343CD4 		.ascii	"k4<\324\241\263G{\202\027\356\226v\267K\336\341k\241"
 135      A1B3477B 
 135      8217EE96 
 135      76B74BDE 
ARM GAS  C:\Users\SANDEE~1\AppData\Local\Temp\ccJbHlDx.s 			page 10


 135      E16BA1
 136 0480 774A2509 		.ascii	"wJ%\011OGICap[\235\006\374\211\367[8$p\023\247D\200"
 136      4F474943 
 136      61705B9D 
 136      06FC89F7 
 136      5B382470 
 137 0498 7BB010DD 		.ascii	"{\260\020\3353J{\333\264d\224g\265\265\364B\007A\256"
 137      334A7BDB 
 137      B4649467 
 137      B5B5F442 
 137      0741AE
 138 04ab 769CA973 		.ascii	"v\234\251sw\227\355(\271%e\032Y@\350R\231\272(\023\375"
 138      7797ED28 
 138      B925651A 
 138      5940E852 
 138      99BA2813 
 139 04c0 D1CD181A 		.ascii	"\321\315\030\032:\257\377\213\344\021FP\374\331\371"
 139      3AAFFF8B 
 139      E4114650 
 139      FCD9F9
 140 04cf BE0099E0 		.ascii	"\276\000\231\340\314\375\320\253_n\360\306r\377\036"
 140      CCFDD0AB 
 140      5F6EF0C6 
 140      72FF1E
 141 04de D5BF47F1 		.ascii	"\325\277G\361\277\317\374w\016\347\226\213\244\235\023"
 141      BFCFFC77 
 141      0EE7968B 
 141      A49D13
 142 04ed 9C1A6BAC 		.ascii	"\234\032k\254~F!\230\010-.\225\322\264\314\277W\365"
 142      7E462198 
 142      082D2E95 
 142      D2B4CCBF 
 142      57F5
 143 04ff EF55FCFB 		.ascii	"\357U\374\373\230\177\331hf.\220,\015\363\277\335T6"
 143      987FD968 
 143      662E902C 
 143      0DF3BFDD 
 143      5436
 144 0511 A991FD87 		.ascii	"\251\221\375\2076\221\3122\265\202~\225\241_a\030`\014"
 144      3691CA32 
 144      B5827E95 
 144      A15F6118 
 144      600C
 145 0523 672F7765 		.ascii	"g/wejI9g\220\016\236\370T\351Aw6\311*\234*aP%\030T\010"
 145      6A493967 
 145      900E9EF8 
 145      54E94177 
 145      36C92A9C 
 146 053e 8618C1F9 		.ascii	"\206\030\301\371\372\374\361`\322\312\011\266W\235\376"
 146      FAFCF160 
 146      D2CA09B6 
 146      579DFE
 147 054d CE20135C 		.ascii	"\316 \023\\\333I\362T\202\007*\301\003\205\340'Fp\274"
 147      DB49F254 
 147      82072AC1 
 147      0385E027 
 147      4670BC
ARM GAS  C:\Users\SANDEE~1\AppData\Local\Temp\ccJbHlDx.s 			page 11


 148 0560 B9E91F24 		.ascii	"\271\351\037$]\313\374\323s\317\214\351\225\004\012"
 148      5DCBFCD3 
 148      73CF8CE9 
 148      95040A
 149 056f 49AEDAC3 		.ascii	"I\256\332\303\207\252\377C\305\177\230\371\037,\312"
 149      87AAFF43 
 149      C57F98F9 
 149      1F2CCA
 150 057e B96D2045 		.ascii	"\271m E\234`8k\363o4\"\177\023\351\230\340\326\201["
 150      9C60386B 
 150      F36F3422 
 150      7F13E998 
 150      E0D6815B 
 151 0592 657B0366 		.ascii	"e{\003f\034\250Gl\240FA\236\250\352\317*\246zx\263\352"
 151      1CA8476C 
 151      A046419E 
 151      A8EACF2A 
 151      A67A78B3 
 152 05a7 C58FF359 		.ascii	"\305\217\363Y\002\010\202\0215\201\021%\2011\226@N^"
 152      02088211 
 152      35811125 
 152      81319640 
 152      4E5E
 153 05b9 76092195 		.ascii	"v\011!\225<\201Ov\2147\2112\301X\005\371\357\200\372"
 153      3C814F76 
 153      8C378932 
 153      C15805F9 
 153      EF80FA
 154 05cc 10C65586 		.ascii	"\020\306U\206q\205a\2021\324\235)~\030HF8Ccnec\310\242"
 154      71856182 
 154      31D49D29 
 154      7E184846 
 154      3843636E 
 155 05e4 7CA95FA2 		.ascii	"|\251_\242\377\\-\333\234\332$I{D\366\301y\314\031|"
 155      FF5C2DDB 
 155      9CDA2449 
 155      7B44F6C1 
 155      79CC197C 
 156 05f8 4E8BC76C 		.ascii	"N\213\307l\262'a\021\375\337v\344\312\215 \337o\024"
 156      B2276111 
 156      FDDF76E4 
 156      CA8D20DF 
 156      6F14
 157 060a 0DAA7EA3 		.ascii	"\015\252~\243$\221\177\243pE\360\306\023\205%!\276\340"
 157      24917FA3 
 157      7045F0C6 
 157      13852521 
 157      BEE0
 158 061c 474F8053 		.ascii	"GO\200Sd0]u\261o\304X<\026\215e\255+Q\377\326\273\177"
 158      64305D75 
 158      B16FC458 
 158      3C168D65 
 158      AD2B51FF 
 159 0633 0B8D8E8C 		.ascii	"\013\215\216\214\024\214fs\262=\311\363R\224\331\263"
 159      148C6673 
 159      B23DC9F3 
 159      5294D9B3 
ARM GAS  C:\Users\SANDEE~1\AppData\Local\Temp\ccJbHlDx.s 			page 12


 160 0643 2AFE4F71 		.ascii	"*\376Oq\353\222\222=\016G\242\333\342Z\037\367\307\320"
 160      EB92923D 
 160      0E47A2DB 
 160      E25A1FF7 
 160      C7D0
 161 0655 A8A5912F 		.ascii	"\250\245\221//\371g\324\222d\247\325\342\261\305\341"
 161      2FF967D4 
 161      9264A7D5 
 161      E2B1C5E1 
 162 0665 E6922447 		.ascii	"\346\222$G\222m\211\315\262\306\036gO\212OL\266\332"
 162      926D89CD 
 162      B2C61E67 
 162      4F8A4F4C 
 162      B6DA
 163 0677 E2D65BE2 		.ascii	"\342\326[\342\023\354I\2668\263\325\266\326\222\234"
 163      13EC49B6 
 163      38B3D5B6 
 163      D6929C
 164 0686 E8317B3E 		.ascii	"\3501{>r\332\334\021\011\202^!\216\371u\304\356\217"
 164      72DADC11 
 164      09825E21 
 164      8EF975C4 
 164      EE8F
 165 0698 DC7166B7 		.ascii	"\334qf\267\307\212,\310F\034V\227\326\211\016\256\000"
 165      C78A2CC8 
 165      461C5697 
 165      D6890EAE 
 165      00
 166 06a9 87DB69B3 		.ascii	"\207\333i\263Y]:\007\215\344\322\256wXm.ZUBdD\204\211"
 166      595D3A07 
 166      8DE4D2AE 
 166      77586D2E 
 166      5A554264 
 167 06c0 FF39DCA6 		.ascii	"\3779\334\246\004K\242\311\351py\334\246\367\377\372"
 167      044BA2C9 
 167      E97079DC 
 167      A6F7FFFA 
 168 06d0 CE4B51A6 		.ascii	"\316KQ\246\225+cLo\305\256X\365A\224\311iI4'&Z\221u"
 168      952B634C 
 168      6FC5AE58 
 168      F54194C9 
 168      69493427 
 169 06e8 AEDBB31E 		.ascii	"\256\333\263\036S\\\347\264;\314n\233'\331i\366\350"
 169      535CE7B4 
 169      3BCC6E9B 
 169      27D969F6 
 169      E8
 170 06f9 6263689B 		.ascii	"bch\233t\261\321|\3713_^\347\313r\272\030b__\031\355"
 170      74B1D17C 
 170      F9335F5E 
 170      E7CB72BA 
 170      18625F5F 
 171 070f 485A6B5F 		.ascii	"HZk_\027\200QV$\331=\277\363\217\354v\305\3235\"^\320"
 171      17805156 
 171      24D93DBF 
 171      F38FEC76 
 171      C5D33522 
ARM GAS  C:\Users\SANDEE~1\AppData\Local\Temp\ccJbHlDx.s 			page 13


 172 0725 B93D14F1 		.ascii	"\271=\024\361{\177\204\\\246\311M\2533\254qX\\V\212"
 172      7B7F845C 
 172      A6C94DAB 
 172      33AC7158 
 172      5C568A
 173 0738 7BD91FC7 		.ascii	"{\331\037\307,\264\0103\253\343\315?,\215\2146\307\254"
 173      2CB40833 
 173      ABE3CD3F 
 173      2C8D8C36 
 173      C7AC
 174 074a 783F7AD5 		.ascii	"x?z\325\3527\336\373;7#C\200\333\232L\375\027\315\030"
 174      EA37DEFB 
 174      3B372343 
 174      80DB9A4C 
 174      FD17CD18 
 175 075e C7E6B263 		.ascii	"\307\346\262c\335\311\3565\024\215\013E??\023Z\206\271"
 175      DDC9EE35 
 175      148D0B45 
 175      3F3F135A 
 175      86B9
 176 0770 9DF65961 		.ascii	"\235\366YahG\230\316\315R\177a\366\320\224\317\036\025"
 176      684798CE 
 176      CD527F61 
 176      F6D094CF 
 176      1E15
 177 0782 3F2B1FDA 		.ascii	"?+\037\332\021\026l\226\237\220\331\216\340\240\004"
 177      11166C96 
 177      9F90D98E 
 177      E0A004
 178 0791 1F65E96C 		.ascii	"\037e\351l\217Xn\320\207\037\232\022\324'L\251\224\321"
 178      8F586ED0 
 178      871F9A12 
 178      D4274CA9 
 178      94D1
 179 07a3 8C670FED 		.ascii	"\214g\017\355\377\277\010p\364"
 179      FFBF0870 
 179      F4
 180              		.text
 181              		.section	.gnu.lto_.symtab.bfe26d6c,"",%progbits
 182 0000 68616C49 		.ascii	"halInit\000"
 182      6E697400 
 183 0008 00       		.ascii	"\000"
 184 0009 00       		.ascii	"\000"
 185 000a 00       		.ascii	"\000"
 186 000b 00000000 		.ascii	"\000\000\000\000\000\000\000\000"
 186      00000000 
 187 0013 E9000000 		.ascii	"\351\000\000\000"
 188 0017 70616C5F 		.ascii	"pal_default_config\000"
 188      64656661 
 188      756C745F 
 188      636F6E66 
 188      696700
 189 002a 00       		.ascii	"\000"
 190 002b 02       		.ascii	"\002"
 191 002c 00       		.ascii	"\000"
 192 002d 00000000 		.ascii	"\000\000\000\000\000\000\000\000"
 192      00000000 
ARM GAS  C:\Users\SANDEE~1\AppData\Local\Temp\ccJbHlDx.s 			page 14


 193 0035 FF000000 		.ascii	"\377\000\000\000"
 194 0039 7374496E 		.ascii	"stInit\000"
 194      697400
 195 0040 00       		.ascii	"\000"
 196 0041 02       		.ascii	"\002"
 197 0042 00       		.ascii	"\000"
 198 0043 00000000 		.ascii	"\000\000\000\000\000\000\000\000"
 198      00000000 
 199 004b EB000000 		.ascii	"\353\000\000\000"
 200 004f 626F6172 		.ascii	"boardInit\000"
 200      64496E69 
 200      7400
 201 0059 00       		.ascii	"\000"
 202 005a 02       		.ascii	"\002"
 203 005b 00       		.ascii	"\000"
 204 005c 00000000 		.ascii	"\000\000\000\000\000\000\000\000"
 204      00000000 
 205 0064 ED000000 		.ascii	"\355\000\000\000"
 206 0068 73647549 		.ascii	"sduInit\000"
 206      6E697400 
 207 0070 00       		.ascii	"\000"
 208 0071 02       		.ascii	"\002"
 209 0072 00       		.ascii	"\000"
 210 0073 00000000 		.ascii	"\000\000\000\000\000\000\000\000"
 210      00000000 
 211 007b EF000000 		.ascii	"\357\000\000\000"
 212 007f 75736249 		.ascii	"usbInit\000"
 212      6E697400 
 213 0087 00       		.ascii	"\000"
 214 0088 02       		.ascii	"\002"
 215 0089 00       		.ascii	"\000"
 216 008a 00000000 		.ascii	"\000\000\000\000\000\000\000\000"
 216      00000000 
 217 0092 F1000000 		.ascii	"\361\000\000\000"
 218 0096 73706949 		.ascii	"spiInit\000"
 218      6E697400 
 219 009e 00       		.ascii	"\000"
 220 009f 02       		.ascii	"\002"
 221 00a0 00       		.ascii	"\000"
 222 00a1 00000000 		.ascii	"\000\000\000\000\000\000\000\000"
 222      00000000 
 223 00a9 F3000000 		.ascii	"\363\000\000\000"
 224 00ad 7364496E 		.ascii	"sdInit\000"
 224      697400
 225 00b4 00       		.ascii	"\000"
 226 00b5 02       		.ascii	"\002"
 227 00b6 00       		.ascii	"\000"
 228 00b7 00000000 		.ascii	"\000\000\000\000\000\000\000\000"
 228      00000000 
 229 00bf F5000000 		.ascii	"\365\000\000\000"
 230 00c3 69326349 		.ascii	"i2cInit\000"
 230      6E697400 
 231 00cb 00       		.ascii	"\000"
 232 00cc 02       		.ascii	"\002"
 233 00cd 00       		.ascii	"\000"
 234 00ce 00000000 		.ascii	"\000\000\000\000\000\000\000\000"
 234      00000000 
ARM GAS  C:\Users\SANDEE~1\AppData\Local\Temp\ccJbHlDx.s 			page 15


 235 00d6 F7000000 		.ascii	"\367\000\000\000"
 236 00da 5F70616C 		.ascii	"_pal_lld_init\000"
 236      5F6C6C64 
 236      5F696E69 
 236      7400
 237 00e8 00       		.ascii	"\000"
 238 00e9 02       		.ascii	"\002"
 239 00ea 00       		.ascii	"\000"
 240 00eb 00000000 		.ascii	"\000\000\000\000\000\000\000\000"
 240      00000000 
 241 00f3 FB000000 		.ascii	"\373\000\000\000"
 242 00f7 68616C5F 		.ascii	"hal_lld_init\000"
 242      6C6C645F 
 242      696E6974 
 242      00
 243 0104 00       		.ascii	"\000"
 244 0105 02       		.ascii	"\002"
 245 0106 00       		.ascii	"\000"
 246 0107 00000000 		.ascii	"\000\000\000\000\000\000\000\000"
 246      00000000 
 247 010f FD000000 		.ascii	"\375\000\000\000"
 248              		.text
 249              		.section	.gnu.lto_.opts,"",%progbits
 250 0000 272D666D 		.ascii	"'-fmath-errno' '-fsigned-zeros' '-ftrapping-math' '"
 250      6174682D 
 250      6572726E 
 250      6F272027 
 250      2D667369 
 251 0033 2D666E6F 		.ascii	"-fno-trapv' '-fno-openmp' '-fno-openacc' '-mcpu=cor"
 251      2D747261 
 251      70762720 
 251      272D666E 
 251      6F2D6F70 
 252 0066 7465782D 		.ascii	"tex-m4' '-mfloat-abi=hard' '-mfpu=fpv4-sp-d16' '-mn"
 252      6D342720 
 252      272D6D66 
 252      6C6F6174 
 252      2D616269 
 253 0099 6F2D7468 		.ascii	"o-thumb-interwork' '-mthumb' '-ggdb' '-O2' '-fomit-"
 253      756D622D 
 253      696E7465 
 253      72776F72 
 253      6B272027 
 254 00cc 6672616D 		.ascii	"frame-pointer' '-falign-functions=16' '-ffunction-s"
 254      652D706F 
 254      696E7465 
 254      72272027 
 254      2D66616C 
 255 00ff 65637469 		.ascii	"ections' '-fdata-sections' '-fno-common' '-flto' '-"
 255      6F6E7327 
 255      20272D66 
 255      64617461 
 255      2D736563 
 256 0132 6673696E 		.ascii	"fsingle-precision-constant'\000"
 256      676C652D 
 256      70726563 
 256      6973696F 
ARM GAS  C:\Users\SANDEE~1\AppData\Local\Temp\ccJbHlDx.s 			page 16


 256      6E2D636F 
 257              		.text
 258              		.comm	__gnu_lto_v1,1,1
 259              		.comm	__gnu_lto_slim,1,1
 260              		.ident	"GCC: (GNU Tools for ARM Embedded Processors 6-2017-q2-update) 6.3.1 20170620 (release) [AR
ARM GAS  C:\Users\SANDEE~1\AppData\Local\Temp\ccJbHlDx.s 			page 17


DEFINED SYMBOLS
                            *ABS*:00000000 hal.c
                            *COM*:00000001 __gnu_lto_v1
                            *COM*:00000001 __gnu_lto_slim

NO UNDEFINED SYMBOLS
