ARM GAS  C:\Users\SANDEE~1\AppData\Local\Temp\ccjCelb8.s 			page 1


   1              		.cpu cortex-m4
   2              		.eabi_attribute 27, 1
   3              		.eabi_attribute 28, 1
   4              		.eabi_attribute 20, 1
   5              		.eabi_attribute 21, 1
   6              		.eabi_attribute 23, 3
   7              		.eabi_attribute 24, 1
   8              		.eabi_attribute 25, 1
   9              		.eabi_attribute 26, 1
  10              		.eabi_attribute 30, 2
  11              		.eabi_attribute 34, 1
  12              		.eabi_attribute 18, 4
  13              		.file	"hal_lld.c"
  14              		.text
  15              	.Ltext0:
  16              		.section	.gnu.lto_.profile.bfe27fcc,"",%progbits
  17 0000 789C6365 		.ascii	"x\234ce`b`a```d\310\214\003\000\001\260\000\324"
  17      60626061 
  17      60606064 
  17      C88C0300 
  17      01B000D4 
  18              		.text
  19              		.section	.gnu.lto_.icf.bfe27fcc,"",%progbits
  20 0000 789C6365 		.ascii	"x\234ce`b\020a@\000f\206S\333O\26512^\236\321z\213\223"
  20      60621061 
  20      40006686 
  20      53DB4FB5 
  20      31325E9E 
  21 0018 E9C0ED6B 		.ascii	"\351\300\355k\023\330\031\000^C\010\317"
  21      13D81900 
  21      5E4308CF 
  22              		.text
  23              		.section	.gnu.lto_.jmpfuncs.bfe27fcc,"",%progbits
  24 0000 789C6365 		.ascii	"x\234ce`b\340d@\000&\020\301\010\304\000\001\227\000"
  24      6062E064 
  24      40002610 
  24      C108C400 
  24      019700
  25 0013 14       		.ascii	"\024"
  26              		.text
  27              		.section	.gnu.lto_.inline.bfe27fcc,"",%progbits
  28 0000 789C6365 		.ascii	"x\234ce`b0d@\000&\006\006\005\015F\006&\213\005\353"
  28      60623064 
  28      40002606 
  28      06050D46 
  28      06268B05 
  29 0015 9919D816 		.ascii	"\231\031\330\026\3103\201\004\031\271@\004\303!\206"
  29      C8338104 
  29      19B94004 
  29      C32186
  30 0024 3B4C40A9 		.ascii	";L@\251\272\037\363\265\340R\014\000\2701\007\214"
  30      BA1FF3B5 
  30      E0520C00 
  30      B831078C 
  31              		.text
  32              		.section	.gnu.lto_.pureconst.bfe27fcc,"",%progbits
  33 0000 789C6365 		.ascii	"x\234ce`b`e`\000\222R\214R\000\001\005\000D"
ARM GAS  C:\Users\SANDEE~1\AppData\Local\Temp\ccjCelb8.s 			page 2


  33      60626065 
  33      60009252 
  33      8C520001 
  33      050044
  34              		.text
  35              		.section	.gnu.lto_hal_lld_init.bfe27fcc,"",%progbits
  36 0000 789CA595 		.ascii	"x\234\245\225IL\024A\024\206\353u\365ldpH\330&\206\030"
  36      494C1441 
  36      1486EB75 
  36      F56C6470 
  36      48D82686 
  37 0015 AF5C6883 		.ascii	"\257\\h\203\304#G\017&\236\364n\024\017\036H0\342\201"
  37      C423470F 
  37      269EF46E 
  37      140F1E48 
  37      30E281
  38 0028 83C9F4C8 		.ascii	"\203\311\364\310\000\006\027< H\"\366\030cpd\023\301"
  38      0006173C 
  38      204822F6 
  38      18637064 
  38      13C1
  39 003a 654065DF 		.ascii	"e@e\337\024\001\021\334\000ABX\202\200Q\016 0X\257\252"
  39      140111DC 
  39      00414258 
  39      8280510E 
  39      203058AF 
  40 004f 991EBCC8 		.ascii	"\231\036\274\310\014\235\351\327\323\335\325\337\373"
  40      0C9DE9D7 
  40      D3DDD5DF 
  40      FB
  41 005c DF7B55AF 		.ascii	"\337{U\257LD\"\025VBR\011!i\354\004\023\001\351f?!n"
  41      4C442215 
  41      56425209 
  41      2169EC04 
  41      1301E966 
  42 0073 AB24D1DE 		.ascii	"\253$\321\336t\242F\311\335\016\242\332)\310\342\261"
  42      74A246C9 
  42      DD0EA2DA 
  42      29C8E2B1 
  43 0083 0C807F54 		.ascii	"\014\200\177T+\020\227DepA\021-\245\320V0\343\227\222"
  43      2B109744 
  43      65704111 
  43      2DA5D056 
  43      30E39792 
  44 0097 2B5476B4 		.ascii	"+Tv\264\224\016[\362\325<\247F\011)c'\036P\001\311\204"
  44      940E5BF2 
  44      D53CA746 
  44      09296327 
  44      1E5001C9 
  45 00ac 0D9BAA0B 		.ascii	"\015\233\252\013\334\2126\313\3429<\0043\260k\355\020"
  45      DC8A36CB 
  45      E2393C04 
  45      33B06BED 
  45      10
  46 00bd B4A881AD 		.ascii	"\264\250\201\255\002\265\245\357>\324\037; \021\215"
  46      02B5A5EF 
  46      3ED41F3B 
ARM GAS  C:\Users\SANDEE~1\AppData\Local\Temp\ccjCelb8.s 			page 3


  46      20118D
  47 00cc 3221CC58 		.ascii	"2!\314X\321\330\320\330\3218\320\304\240\211E\023\207"
  47      D1D8D0D8 
  47      D138D0C4 
  47      A0894513 
  47      87
  48 00dd 261E4D02 		.ascii	"&\036M\002\232D4N4\204\0242>\312\274J%\274\322yhk\234"
  48      9A44344E 
  48      34841432 
  48      3ECABC4A 
  48      25BCD279 
  49 00f4 5FCA408F 		.ascii	"_\312@\217\345TbBJ\362\332\006,7\250F%@]\236\362\316"
  49      E5546242 
  49      4AF2DA06 
  49      2C37A846 
  49      25405D9E 
  50 010a 199BB855 		.ascii	"\031\233\270U\177^Qe\366hab\335o\322\240\334\315B:\250"
  50      7F5E5165 
  50      F6686162 
  50      DD6FD2A0 
  50      DCCD423A 
  51 011f 510A8F20 		.ascii	"Q\012\217 \011|\220Dp\374\257\222\301I\273R\255z@c9"
  51      097C9044 
  51      70FCAF92 
  51      C149BB52 
  51      AD7A4063 
  52 0134 A8040D6E 		.ascii	"\250\004\015n\363H\241\012\024\302\234\255X\321Ux\224"
  52      F348A10A 
  52      14C29CAD 
  52      58D15578 
  52      94
  53 0145 6A835203 		.ascii	"j\203R\003\012{=\336\343\253\244(\012`\213\035\016\250"
  53      0A7B3DDE 
  53      E3ABA428 
  53      0A608B1D 
  53      0EA8
  54 0157 65DF850F 		.ascii	"e\337\205\017w\343;\031\036\033\370:\216\017\246@\006"
  54      77E33B19 
  54      1E1BF83A 
  54      8E0FA640 
  54      06
  55 0168 024F04BA 		.ascii	"\002O\004\272\321\267LE\222L\341\211\257\347t\254&4"
  55      D1B74C45 
  55      924CE189 
  55      AFE774AC 
  55      2634
  56 017a 449E82A7 		.ascii	"D\236\202\247\006\345\031({\213\367\271\301z\301X\301"
  56      06E51928 
  56      7B8BF7B9 
  56      C17AC158 
  56      C1
  57 018b 0057F500 		.ascii	"\000W\365\000\255\341I\363s\234\204\270F\036`\356j>"
  57      ADE149F3 
  57      739C84B8 
  57      461E60EE 
  57      6A3E
  58 019d 08924DC0 		.ascii	"\010\222M\300\256oN\264\206\224k\0374\011\227%\266\360"
ARM GAS  C:\Users\SANDEE~1\AppData\Local\Temp\ccjCelb8.s 			page 4


  58      AE6F4EB4 
  58      86946B1F 
  58      34099725 
  58      B6F0
  59 01af 13F1D2F0 		.ascii	"\023\361\322\360\366\012\024\346\"\362<\2746P\315\241"
  59      F60A14E6 
  59      22F23CBC 
  59      3650CDA1 
  60 01bf 7958D3F3 		.ascii	"yX\323\363`\017OY\013\307\361\345\333\032y\241\333\014"
  60      600F4F59 
  60      0BC7F1E5 
  60      DB1A79A1 
  60      DB0C
  61 01d1 4AFB5E0B 		.ascii	"J\373^\013\335a\260:C\003\334\320\003t\204'\255\213"
  61      DD61B03A 
  61      4303DCD0 
  61      03748427 
  61      AD8B
  62 01e3 E364C475 		.ascii	"\343d\304u\377S\350\030\001\353j\374\363\333.\012\215"
  62      FF53E818 
  62      01EB6AFC 
  62      F3DB2E0A 
  62      8D
  63 01f4 FD0EA027 		.ascii	"\375\016\240'\362B\367\032\336\336`\241c\270\366\371"
  63      F242F71A 
  63      DEDE60A1 
  63      63B8F6F9 
  64 0204 B523C166 		.ascii	"\265#\301f\351\341=5\240\231y\277,\243\020\332G\341"
  64      E9E13D35 
  64      A09979BF 
  64      2CA310DA 
  64      47E1
  65 0216 2D98D9A7 		.ascii	"-\230\331\247}\250.6tM\233\370\260{\233\236\032\233"
  65      7DA82E36 
  65      744D9BF8 
  65      B07B9B9E 
  65      1A9B
  66 0228 B85527DD 		.ascii	"\270U'\335\274\255\335\355\033\353\210b\332\230w3\364"
  66      BCADDDED 
  66      1BEB8862 
  66      DA987733 
  66      F4
  67 0239 335DEF74 		.ascii	"3]\357t]\375\003\205+\226\240\256\001\256\313$\034\300"
  67      5DFD0385 
  67      2B96A0AE 
  67      01AECB24 
  67      1CC0
  68 024b E07622CA 		.ascii	"\340v\"\312\227\315\302Y\234\360W3\327|'JO\205\004\357"
  68      97CDC259 
  68      9CF05733 
  68      D77C274A 
  68      4F8504EF 
  69 025f 8379E8E3 		.ascii	"\203y\350\343y\330\245\257\241\035\276>`\032\342D\011"
  69      79D8A5AF 
  69      A11DBE3E 
  69      601AE244 
  69      09
ARM GAS  C:\Users\SANDEE~1\AppData\Local\Temp\ccjCelb8.s 			page 5


  70 0270 2F0967F1 		.ascii	"/\011g\361!9\205\377M\207aN3\353\264\021\241|#\337g"
  70      213985FF 
  70      4D87614E 
  70      33EBB411 
  70      A17C23DF 
  71 0285 12AC0481 		.ascii	"\022\254\004\201\233~0\355\265\351\302\315\360\221\261"
  71      9B7E30ED 
  71      B5E9C2CD 
  71      F091B1
  72 0294 A6C133DA 		.ascii	"\246\3013\332\236\246\017b#J\027\327\366\353\003d\370"
  72      9EA60F62 
  72      234A17D7 
  72      F6EB0364 
  72      F8
  73 02a5 84CE08EE 		.ascii	"\204\316\010\356'\224\364\246\343v\2622\027H\327\303"
  73      2794F4A6 
  73      E376B232 
  73      1748D7C3 
  74 02b5 DC8D34EF 		.ascii	"\334\2154\357\031\324\366y\207\266/\274\015\317.U]\263"
  74      19D4F679 
  74      87B62FBC 
  74      0DCF2E55 
  74      5DB3
  75 02c7 6CCF2619 		.ascii	"l\317&\031\276\352Kan+|\374\350\016\374\230\276\030"
  75      BEEA4B61 
  75      6E2B7CFC 
  75      E80EFC98 
  75      BE18
  76 02d9 50B56CEC 		.ascii	"P\265l\354\202\275\271\026\021d\342\356+4\316\301\026"
  76      82BDB916 
  76      1164E2EE 
  76      2B34CEC1 
  76      16
  77 02ea 1DFC6D3B 		.ascii	"\035\374m;\247 @N\301j(j\032\211\326\373\337:nW\023"
  77      A720404E 
  77      C16A286A 
  77      1A89D6FB 
  77      DF3A6E57 
  78 02ff 914D87C9 		.ascii	"\221M\207\311\035\316\276\343tp\222\005\310\365V\026"
  78      1DCEBEE3 
  78      74709205 
  78      C8F55616 
  79 030f F3158D5F 		.ascii	"\363\025\215_\370\375?F-\256M\325\252QK\03167\230\002"
  79      F8FD3F46 
  79      2DAE4DD5 
  79      AA514B19 
  79      36379802 
  80 0323 17DBFAAD 		.ascii	"\027\333\372\255d\021.{g\213\371\202\345\025+d\013\206"
  80      64112E7B 
  80      678BF982 
  80      E5152B64 
  80      0B86
  81 0335 C5CE861C 		.ascii	"\305\316\206\034JIQ\304/+[9w:S9\237u\341b\266r\342\344"
  81      4A4951C4 
  81      2F2B5B39 
  81      773A5339 
  81      9F75E162 
ARM GAS  C:\Users\SANDEE~1\AppData\Local\Temp\ccjCelb8.s 			page 6


  82 034d F1C3A9C2 		.ascii	"\361\303\251\302\036M\313\311\3017\24723\317\246d\220"
  82      1E4DCBC9 
  82      C137A732 
  82      33CFA664 
  82      90
  83 035e BFAB41D5 		.ascii	"\277\253A\325\341"
  83      E1
  84              		.text
  85              		.section	.gnu.lto_stm32_clock_init.bfe27fcc,"",%progbits
  86 0000 789CA557 		.ascii	"x\234\245W[lTU\024=\373\336\231\271w\246\363l;mi 4@"
  86      5B6C5455 
  86      143DFBDE 
  86      99B977A6 
  86      F36C3B6D 
  87 0018 131AA0C3 		.ascii	"\023\032\240\303\303/\377\346G\277\374Q\377\215\217"
  87      C32FFFE6 
  87      47BFFC51 
  87      FF8D8F
  88 0027 0F4D4830 		.ascii	"\017MH0b\014\177\334\342\264E\332\210\037\310\313\264"
  88      620C7FDC 
  88      E2B445DA 
  88      881FC8CB 
  88      B4
  89 0038 53630814 		.ascii	"Sc\010\024\201\202\242\322\"PJ\3138\005)`\225\247\200"
  89      8182A2D2 
  89      22504ACB 
  89      38052960 
  89      95A780
  90 004b 40692B4F 		.ascii	"@i+O\241\224R\036\343\331g\237{\357x\211\321;4\315:"
  90      A194521E 
  90      E3D9679F 
  90      7BEF7889 
  90      D13B34CD 
  91 0060 3367DF59 		.ascii	"3g\337Yg\355\275\3279s\306\313\024V\035al!c\354e`\014"
  91      67EDBDD7 
  91      3973C6CB 
  91      14561D61 
  91      6C2163EC 
  92 0077 2A18289F 		.ascii	"*\030(\237\035c\254NW@\245\027\252R\336\234a\314\010"
  92      1D63AC4E 
  92      5740A517 
  92      AA52DE9C 
  92      61CC08
  93 008a 78521A33 		.ascii	"xR\0323\202\3454\237\364\200\227\342^\245\214\342>\021"
  93      82E5349F 
  93      F48097E2 
  93      5EA58CE2 
  93      3E11
  94 009c 2FA3F9A4 		.ascii	"/\243\371\244\0174\212kJ\234\342\272\210\307i>\251\203"
  94      0F348A6B 
  94      4A9CE2BA 
  94      88C7693E 
  94      A983
  95 00ae 9FE27EA5 		.ascii	"\237\342~\245\224\342\001\021/\245\371d\000\212(^\244"
  95      94E20111 
  95      2FA5F964 
  95      008A285E 
ARM GAS  C:\Users\SANDEE~1\AppData\Local\Temp\ccjCelb8.s 			page 7


  95      A4
  96 00bf 94503C28 		.ascii	"\224P<(\342%4\237\014B\024G\210*\305\024\016\211p1M"
  96      E225349F 
  96      0C421447 
  96      882AC514 
  96      0E897031 
  97 00d4 274310A6 		.ascii	"'C\020\246\217\207\225\030\305#\"\036\243\371d\004\000"
  97      8F879518 
  97      C523221E 
  97      A3F96404 
  97      00
  98 00e5 474307B6 		.ascii	"GC\007\266\\Q\313=\3362\237\026\327\375\245\201\242"
  98      5C51CB3D 
  98      DE329F16 
  98      D7FDA581 
  98      A2
  99 00f6 9260B438 		.ascii	"\222`\2648\024\216E`\271\2562\372\363\312Q\223\243_"
  99      148E4560 
  99      B9AE32FA 
  99      F3CA5193 
  99      A35F
 100 0108 8E45728C 		.ascii	"\216Er\214\3121,\307\325\352:\025z\032\257u*5\233\015"
 100      CA312CC7 
 100      D5EA3A15 
 100      7A1AAF75 
 100      2A359B0D 
 101 011c FED7BD6E 		.ascii	"\376\327\275n0\320`\324W\2449\341\006I\012\233\241\206"
 101      30D060D4 
 101      57A439E1 
 101      06490A9B 
 101      A186
 102 012e F1C72EEF 		.ascii	"\361\307.\357z\372y\310\347\241y\330\002>\336\006\326"
 102      7AFA79C8 
 102      E7A179D8 
 102      023EDE06 
 102      D6
 103 013f 7112BA8D 		.ascii	"q\022\272\215\247\271F\243\373\306Wp\352\325E\036\226"
 103      A7B946A3 
 103      FBC65770 
 103      EAD5451E 
 103      96
 104 0150 56C18BA0 		.ascii	"V\301\213\240!\350\010~\204\000B\020!\214\020A\210\""
 104      21E8087E 
 104      84004210 
 104      218C1041 
 104      8822
 105 0162 C4104A11 		.ascii	"\304\020J\021\342\010\345\010\025\010S\020*\021\246"
 105      E208E508 
 105      15085310 
 105      2A11A6
 106 0171 224C4398 		.ascii	"\"LC\230\216P\2050\003a&\302,\204j\204\331\0105\010"
 106      8E508530 
 106      036126C2 
 106      2C846A84 
 106      D9083508 
 107 0185 7310E622 		.ascii	"s\020\346\"\314C\250E\230\217\260\000\201\261U<\007"
 107      CC43A845 
ARM GAS  C:\Users\SANDEE~1\AppData\Local\Temp\ccjCelb8.s 			page 8


 107      988FB000 
 107      81B1553C 
 107      07
 108 0196 5EE52655 		.ascii	"^\345&U\341\203:\012=c#;\352\003\230\024Otm}\317\200"
 108      E1833A0A 
 108      3D63233B 
 108      EA039814 
 108      4F746D7D 
 109 01ac F6A99A56 		.ascii	"\366\251\232V\025\300\274S-}\327\374\364\326\270\263"
 109      15C0BC53 
 109      2D7DD7FC 
 109      F4D6B8B3 
 110 01bc D2F0F0A9 		.ascii	"\322\360\360\251\353\027\037uz\323\320R\307K\326V\231"
 110      EB171F75 
 110      7AD3D052 
 110      C74BD656 
 110      99
 111 01cd 5655D80A 		.ascii	"VU\330\012S\241\235\013\305\017\334]{\374R0\261\335"
 111      53A19D0B 
 111      C50FDC5D 
 111      7BFC5230 
 111      B1DD
 112 01df 48D51955 		.ascii	"H\325\031Ui\325\003_C\032\326\213b\3026H\360\007\016"
 112      69D5035F 
 112      431AD68B 
 112      62C23648 
 112      F0070E
 113 01f2 774DDE0B 		.ascii	"wM\336\013\"#\000\026\035`;\377\244\020\3215\344s\212"
 113      22230016 
 113      1D603BFF 
 113      A410D135 
 113      E4738A
 114 0205 F00A115F 		.ascii	"\360\012\021_>I\355\360\323[\343R\235\020\321z\364|"
 114      3E49EDF0 
 114      D35BE352 
 114      9D10D17A 
 114      F47C
 115 0217 6F204F84 		.ascii	"o O\204\017:\270\210\035R\304\261\201UcZ\236\210\235"
 115      0F3AB888 
 115      1D52C4B1 
 115      8155635A 
 115      9E889D
 116 022a 4204B60C 		.ascii	"B\004\266\014v\011\021\343\355\367\367\206\220\321\303"
 116      760911E3 
 116      EDF7F786 
 116      90D1C3
 117 0239 4528F00D 		.ascii	"E(\360\015I\350\032\315\222\204\026\325\231h\325\277"
 117      49E81ACD 
 117      928416D5 
 117      9968D5BF 
 118 0249 E60948F2 		.ascii	"\346\011H\362\255X@\301\005vC\202s}<\321\000\304\344"
 118      AD5840C1 
 118      05764382 
 118      737D3CD1 
 118      00C4E4
 119 025c 25B2DDBD 		.ascii	"%\262\335\275\231\006\235\322\006\370\216\326[\353\227"
 119      99069DD2 
ARM GAS  C:\Users\SANDEE~1\AppData\Local\Temp\ccjCelb8.s 			page 9


 119      06F88ED6 
 119      5BEB97
 120 026b F9BA58E9 		.ascii	"\371\272X\351{{\245\037 \301\351\371\253&Ue|\233\250"
 120      7B7BA51F 
 120      20C1E9F9 
 120      AB265565 
 120      7C9BA8
 121 027e 2285FE21 		.ascii	"\"\205\376!\215\026\326\3767\261\254\322\036\233\272"
 121      8D16D6FE 
 121      37B1ACD2 
 121      1E9BBA
 122 028d 939278DC 		.ascii	"\223\222x\334\220\365\022\231N|}\271\007\335\021\312"
 122      90F51299 
 122      4E7C7DB9 
 122      07DD11CA 
 123 029d 42812ECE 		.ascii	"B\201.\316s\025Rg\017\035\225\251\352\374\211\216\033"
 123      73155267 
 123      0F1D95A9 
 123      EAFC898E 
 123      1B
 124 02ae 9D0F43F4 		.ascii	"\235\017C\364\004\203\275\270\022C\307\2253\276\275"
 124      0483BDB8 
 124      1243C795 
 124      33BEBD
 125 02bd A149F548 		.ascii	"\241I\365H\313u\215\236\336$u\372\335\025\340G\241R"
 125      CB758D9E 
 125      DE2475FA 
 125      DD15E047 
 125      A152
 126 02cf 6CC37DA6 		.ascii	"l\303}\246J\271~\200\310\366\217\327\177D\012\036\347"
 126      4AB97E80 
 126      C8F68FD7 
 126      7F440A1E 
 126      E7
 127 02e0 72B908EC 		.ascii	"r\271\010\354/\274\332\007\354\305\272\261\332\001a"
 127      2FBCDA07 
 127      ECC5BAB1 
 127      DA0161
 128 02ef 93F633B2 		.ascii	"\223\3663\262*Awl\007m\266\036!\275 M\207l\226^\324"
 128      2A41776C 
 128      076DB61E 
 128      21BD204D 
 128      876C965E 
 129 0304 14140EF0 		.ascii	"\024\024\016\360\332\0168\333'+\033v\353\200>\233\372"
 129      DA0E38DB 
 129      272B1B76 
 129      EB803E9B 
 129      FA
 130 0315 B0595B33 		.ascii	"\260Y[3\327\010\361=\032Ys\006\250\272A\310\220\003"
 130      D708F13D 
 130      1A597306 
 130      A8BA41C8 
 130      9003
 131 0327 CE590E88 		.ascii	"\316Y\016\210\344\265\274L\266\334g\265\374\202\271"
 131      E4B5BC4C 
 131      B6DC67B5 
 131      FC82B9
ARM GAS  C:\Users\SANDEE~1\AppData\Local\Temp\ccjCelb8.s 			page 10


 132 0336 BBA2EE32 		.ascii	"\273\242\3562\376\3116f\326\321\362\030\221ud\3533R"
 132      FEC93666 
 132      D6D1F218 
 132      917564EB 
 132      3352
 133 0348 D54380FE 		.ascii	"\325C\200\376\302\033~\304^\352(\0267FG\323E2\253\353"
 133      C21B7EC4 
 133      5EEA2816 
 133      374647D3 
 133      4532ABEB 
 134 035c D3EF67BB 		.ascii	"\323\357g\273\240\307\304\301c\235l\036\276=\006\314"
 134      A0C7C4C1 
 134      639D6C1E 
 134      BE3D06CC 
 135 036c 6367C22C 		.ascii	"cg\302,L\251;\265\307m\265'\034\307N\234\310\206omk"
 135      4CA93BB5 
 135      C76DB527 
 135      1CC74E9C 
 135      C8866F6D 
 136 0381 D6CCD3D6 		.ascii	"\326\314\323\326\003'\013\257\314/\366Z\203X\231\270"
 136      03270BAF 
 136      CC2FF65A 
 136      835899B8 
 137 0391 B09D66DB 		.ascii	"\260\235f\333n\322\264]\271[\333\375jS\377f\366\267"
 137      6ED2B45D 
 137      B95BDBFD 
 137      6A53FF66 
 137      F6B7
 138 03a3 53DAAE82 		.ascii	"S\332\256\202\370\016\265\266\246\0243\017\035N9\217"
 138      F80EB5B6 
 138      A614330F 
 138      1D4E398F 
 139 03b3 9E8A3CE3 		.ascii	"\236\212<\343\305\245\361t\313x+\033\245\264)\356r>"
 139      C5A5F174 
 139      CB782B1B 
 139      A5B429EE 
 139      723E
 140 03c5 2D847950 		.ascii	"-\204yP\330\031G}+9\331\363\234\343gm\352sX\316JQN\277"
 140      D819477D 
 140      2B39D9F3 
 140      9CE3676D 
 140      EA7358CE 
 141 03dd 5DCE4F32 		.ascii	"]\316O2R\363T\267\345<oS\377\356<\307\247q\276g\017"
 141      52F354B7 
 141      E53C6F53 
 141      FFEE3CC7 
 141      A771BE67 
 142 03f2 EE6979D5 		.ascii	"\356iy\325+\225\325\013X\227\203\325\215\201\202\314"
 142      2B95D50B 
 142      589783D5 
 142      8D8182CC 
 143 0402 7F41E8C0 		.ascii	"\177A\350\300/(\270(\314?y\377\336\001i\376\225[\352"
 143      2F28B828 
 143      CC3F79FF 
 143      DE0169FE 
 143      955BEA
 144 0415 5F844BA6 		.ascii	"_\204K\246\3777\014K\377OwW\304?l\343\\v\364\247\212"
ARM GAS  C:\Users\SANDEE~1\AppData\Local\Temp\ccjCelb8.s 			page 11


 144      FF370C4B 
 144      FF4F7757 
 144      C43F6CE3 
 144      5C76F4A7 
 145 042a C84E0C4D 		.ascii	"\310N\014M\016\370\255\333\206\016W\012\357\330U{\261"
 145      0EF8ADDB 
 145      860E570A 
 145      EFD8557B 
 145      B1
 146 043b 21EC5895 		.ascii	"!\354X\225\350X\221\335\261\026\263c3\034\027\224\252"
 146      E85891DD 
 146      B116B363 
 146      331C1794 
 146      AA
 147 044c FFBA9F5C 		.ascii	"\377\272\237\\\023\324>\244\036vvl&\361\235\353\337"
 147      13D43EA4 
 147      1E76766C 
 147      26F19DEB 
 147      DF
 148 045d 33686D64 		.ascii	"3hmd\200\021g\013g\346\265\260D\264p\025\377f\340-l"
 148      8011670B 
 148      67E6B5B0 
 148      44B47015 
 148      FF66E02D 
 149 0472 52A32811 		.ascii	"R\243(\021\204\304}\303R\342,\267\246\032\265\263\377"
 149      84C47DC3 
 149      52E22CB7 
 149      A61AB5B3 
 149      FF
 150 0483 D329B19A 		.ascii	"\323)\261\232\370\216\344\232o{\255ZG\341\272Scu\236"
 150      F88EE49A 
 150      6F7BAD5A 
 150      47E1BA53 
 150      63759E
 151 0496 C66269B3 		.ascii	"\306bi\263\220e\263[\233\013;co\330g\354Ma\263\335\267"
 151      9065B35B 
 151      9B0B3B63 
 151      6FD867EC 
 151      4D61B3DD 
 152 04ab 5B8D80BC 		.ascii	"[\215\200\274\334\265\265\365\252p\313\274a6g\315%\254"
 152      DCB5B5F5 
 152      AA70CBBC 
 152      613667CD 
 152      25AC
 153 04bd 73581337 		.ascii	"sX\0237\314\221\235\231\311\020\2755&\350\232\233Yo"
 153      CC919D99 
 153      C910BD35 
 153      26E89A9B 
 153      596F
 154 04cf ECB26E98 		.ascii	"\354\262n\230o\361\233\263\016w\270\212\333REj<\263"
 154      6FF19BB3 
 154      0E77B88A 
 154      DB52456A 
 154      3CB3
 155 04e1 C697A7E2 		.ascii	"\306\227\247\342/\241\002\177z\300]\241\342J\266nP\245"
 155      2FA1027F 
 155      7AC05DA1 
ARM GAS  C:\Users\SANDEE~1\AppData\Local\Temp\ccjCelb8.s 			page 12


 155      E24AB66E 
 155      50A5
 156 04f3 6AAC08C3 		.ascii	"j\254\010\303=\323\352\033\333e\007f\273s\337\230\235"
 156      3DD3EA1B 
 156      DB650766 
 156      BB73DF98 
 156      9D
 157 0504 E57D87D5 		.ascii	"\345}\207\325k8\231\330\323\005\032{\334\246~\200\306"
 157      6B3899D8 
 157      D3051A7B 
 157      DCA67E80 
 157      C6
 158 0515 AE11C60E 		.ascii	"\256\021\306\016\333\306\376\"+5\317q\353\232\011\233"
 158      DBC6FE22 
 158      2B35CF71 
 158      EB9A099B 
 159 0525 FAA1F342 		.ascii	"\372\241\363B1\227\363={\203\230\313Y6\356\035\353\227"
 159      3197F33D 
 159      7B8398CB 
 159      5936EE1D 
 159      EB97
 160 0537 46D261D2 		.ascii	"F\322a\322\262LLZ&b\235\353[\337\243\017\315s\227\360"
 160      B24C4C5A 
 160      26629DEB 
 160      5BDFA30F 
 160      CD7397F0 
 161 054b 23A14A47 		.ascii	"#\241JGU\217\035\265\254\345dbs\025X\313'6\365S\254"
 161      558F1DB5 
 161      ACE56462 
 161      731558CB 
 161      2736F553 
 162 0560 65ADE8BA 		.ascii	"e\255\350\272\237\310\347\273\343\312\011.\374\025\013"
 162      9FC8E7BB 
 162      E3CA092E 
 162      FC150B
 163 056f 86F24F99 		.ascii	"\206\362O\231\0138\331\363\310\254S,\352\025\012\227"
 163      0B38D9F3 
 163      C8AC532C 
 163      EA150A97 
 164 057f B980DD84 		.ascii	"\271\200\335\204\025m\035\233\004\275,7\3602\363\375"
 164      156D1D9B 
 164      04BD2C37 
 164      F032F3FD 
 165 058f 3EBFB636 		.ascii	">\277\2666A\377K\226&\336}sq\342\375%\037|\2704\361"
 165      41FF4B96 
 165      26DE7D73 
 165      71E2FD25 
 165      1F7CB834 
 166 05a4 DAEBAF2C 		.ascii	"\332\353\257,ZH\370\322\013\313\226a\344\215\305\213"
 166      5A48F8D2 
 166      0BCB9661 
 166      E48DC58B 
 167 05b4 DFA97D9B 		.ascii	"\337\251}\233\375\015\213X\000\352"
 167      FD0D8B58 
 167      00EA
 168              		.text
 169              		.section	.gnu.lto_.symbol_nodes.bfe27fcc,"",%progbits
ARM GAS  C:\Users\SANDEE~1\AppData\Local\Temp\ccjCelb8.s 			page 13


 170 0000 789C6365 		.ascii	"x\234ce`b\360`\000\002\246\311L\365\014\014\023\316"
 170      6062F060 
 170      0002A6C9 
 170      4CF50C0C 
 170      13CE
 171 0012 313000A9 		.ascii	"10\000\251]\015\216@\221)L\365\214(\"\254\023\231\030"
 171      5D0D8E40 
 171      91294CF5 
 171      8C2822AC 
 171      139918
 172 0025 1A95808A 		.ascii	"\032\225\200\212\031\2472\3253\201\245\030\030\032\032"
 172      19A732D5 
 172      3381A518 
 172      181A1A
 173 0034 1C181898 		.ascii	"\034\030\030\230\201\260\245\377\215<\003\000jS\020"
 173      81B0A5FF 
 173      8D3C0300 
 173      6A5310
 174 0043 44       		.ascii	"D"
 175              		.text
 176              		.section	.gnu.lto_.refs.bfe27fcc,"",%progbits
 177 0000 789C6365 		.ascii	"x\234ce`b`d\000\002\000\000I\000\011"
 177      60626064 
 177      00020000 
 177      490009
 178              		.text
 179              		.section	.gnu.lto_.decls.bfe27fcc,"",%progbits
 180 0000 789CCD57 		.ascii	"x\234\315WyPTG\032\177\375z8f8\264 \225u7\326\206rM"
 180      79505447 
 180      1A7FFD7A 
 180      386638B4 
 180      20957537 
 181 0018 496D95C0 		.ascii	"Im\225\300\240I\266\362\307VtP1\213\2115\343\272\265"
 181      A049B6F2 
 181      C7567450 
 181      318B8935 
 181      E3BAB5
 182 002b 5B982904 		.ascii	"[\230)\004\\\251p\2702l\351\177\217K\224\340\201\206"
 182      5CA970B8 
 182      326CE97F 
 182      8F4B94E0 
 182      8186
 183 003d 08280A88 		.ascii	"\010(\012\210\312\310\210x *(#\340\210$^x\201\300\010"
 183      CAC88878 
 183      202A2823 
 183      E088245E 
 183      7881C008 
 184 0051 18116F0E 		.ascii	"\030\021o\016\017D\"\373u\367\033\336\3431\246\262\373"
 184      0F4422FB 
 184      75F71BDE 
 184      E331A6B2 
 184      FB
 185 0062 D74ECDF7 		.ascii	"\327N\315\367\272\277\376~\375\365w\364\327\257\237"
 185      BABFFE7E 
 185      FDF577F4 
 185      D7AF9F
 186 0071 0BC77376 		.ascii	"\013\307sv\037\216k\3479\356=\304q\243\360\303\034\307"
ARM GAS  C:\Users\SANDEE~1\AppData\Local\Temp\ccjCelb8.s 			page 14


 186      1F8E6BE7 
 186      39EE3DC4 
 186      71A3F0C3 
 186      1CC7
 187 0083 1DE4A41F 		.ascii	"\035\344\244\037\341\313\201*\200\216\000\001\214\253"
 187      E1CB812A 
 187      808E0001 
 187      8CAB
 188 0091 E5C6FF96 		.ascii	"\345\306\377\226\301\240\032\332\245@3\200~\003\374"
 188      C1A01ADA 
 188      A5403380 
 188      7E03FC
 189 00a0 FB4075D0 		.ascii	"\373@u\320\377\020\332\337\003\371!\246\327\035H\015"
 189      FF10DADF 
 189      03F921A6 
 189      D71D480D 
 190 00b0 7D6F205F 		.ascii	"}o _\240\227\300\253\240\375\000\350-\364\177\213\244"
 190      A097C0AB 
 190      A0FD00E8 
 190      2DF47F8B 
 190      A4
 191 00c1 35A721B6 		.ascii	"5\247!\266\246\362\027\361+\326\373\024\350c \215L\377"
 191      A6F217F1 
 191      2BD6FB14 
 191      E863208D 
 191      4CFF
 192 00d3 64A037C4 		.ascii	"d\2407\304'hG\304\265\202\201^@\177H\364\255\302\311"
 192      276847C4 
 192      B582815E 
 192      407F48F4 
 192      ADC2C9
 193 00e6 7ADB313A 		.ascii	"z\3331:\236a+\360\264\243v\004\241B\223\351(B\354\211"
 193      9E612BF0 
 193      B4A37604 
 193      A14293E9 
 193      2842EC89 
 194 00fa 285176D4 		.ascii	"(Qv\324\361C\210\216\303(O\237\014H\207\220c\206\310"
 194      F143888E 
 194      C3284F9F 
 194      0C488790 
 194      6386C8
 195 010d F322CB8B 		.ascii	"\363\"\313\213*\351_\234\214d\032\231\230\255\344\370"
 195      2AE95F9C 
 195      8C641A99 
 195      98ADE4F8 
 196 011d 319B5987 		.ascii	"1\233Y\207N\023\247\"\304K\013 $\237 S\310\314\026\345"
 196      4E13A722 
 196      C44B0B20 
 196      249F2053 
 196      C8CC16E5 
 197 0131 63F67192 		.ascii	"c\366q\222s\310\341\375\343\254\301\335\252;\250\003"
 197      73C8E1FD 
 197      E3ACC1DD 
 197      AA3BA803 
 198 0141 210FAEF0 		.ascii	"!\017\256\360sD\307\362vm\256\300\230G\244\177\347u"
 198      7344C7F2 
 198      766DAEC0 
ARM GAS  C:\Users\SANDEE~1\AppData\Local\Temp\ccjCelb8.s 			page 15


 198      9847A47F 
 198      E775
 199 0153 E9FC008B 		.ascii	"\351\374\000\213\300~\356\037Ja;7\372\312:i\023F>\032"
 199      C07EEE1F 
 199      4A613B37 
 199      FACA3A69 
 199      13463E1A 
 200 0167 C403DBDC 		.ascii	"\304\003\333\334\367c\201\007\260\357i\320d`\207\222"
 200      F7638107 
 200      B0EF69D0 
 200      64608792 
 201 0177 6F9CD54C 		.ascii	"o\234\325L\371\236\316J\025&\363h\351\373\310\202\246"
 201      F99ECE4A 
 201      1526F368 
 201      E9FBC882 
 201      A6
 202 0188 A2323415 		.ascii	"\24224\025\026?\210\246\300s\271\212i\332\330_\371\310"
 202      163F88A6 
 202      C073B98A 
 202      69DAD85F 
 202      F9C8
 203 019a 735AA150 		.ascii	"sZ\241P\330)X\317\327\177\326uD\020\322a\232\212\300"
 203      D82958CF 
 203      D77FD675 
 203      4410D261 
 203      9A8AC0
 204 01ad 90196174 		.ascii	"\220\031at\000\005\020\223\241\013\317Rt\007\241\375"
 204      00051093 
 204      A10BCF52 
 204      7407A1FD 
 205 01bd C80E0E95 		.ascii	"\310\016\016\225\243i0]\350\255n\237\204\027Rk\3676"
 205      A369305D 
 205      E8AD6E9F 
 205      8417526B 
 205      F736
 206 01cf 6D38E525 		.ascii	"m8\345%\252j\376c\236`M\001E<UtHRtH\251\250\202*\272"
 206      AA6AFE63 
 206      9E604D01 
 206      453C5574 
 206      48527448 
 207 01e8 70BFCE8E 		.ascii	"p\277\316\216\361?\250\242\233\346\362\\\025(\352\024"
 207      F13FA8A2 
 207      9BE6F25C 
 207      1528EA14 
 208 01f8 04EBAD9D 		.ascii	"\004\353\255\235~e\251\266,\241\010Q\313\321aI\323a"
 208      7E65A9B6 
 208      2CA10851 
 208      CBD16149 
 208      D361
 209 020a A289748E 		.ascii	"\242\211t\216P\015\035\215\3462\014A\230\241A$\017\223"
 209      500D1D8D 
 209      E6320C41 
 209      98A14124 
 209      0F93
 210 021c 60E8D0E3 		.ascii	"`\350\320\343\223\257\275\330\020\321\333\274y\240\304"
 210      93AFBDD8 
 210      10D1DBBC 
ARM GAS  C:\Users\SANDEE~1\AppData\Local\Temp\ccjCelb8.s 			page 16


 210      79A0C4
 211 022b 0DE720CA 		.ascii	"\015\347 \312\\M\253\330\211Y\010U\300\366_\314\277"
 211      5C4DABD8 
 211      89590855 
 211      C0F65FCC 
 211      BF
 212 023c EBCD42E8 		.ascii	"\353\315B\350\267\035\363yM\267\352T\310_\263\217\304"
 212      B71DF379 
 212      4DB7EA54 
 212      C85FB38F 
 212      C4
 213 024d D07ADEF2 		.ascii	"\320z\336\362\347\274\001A\360C'\221\006UJ\026\314 "
 213      E7BC0141 
 213      F0432791 
 213      06554A16 
 213      CC20
 214 025f 55B05E10 		.ascii	"U\260^\020R\204-\251\202:\224CU\020\345\343\020et\002"
 214      52842DA9 
 214      823A9443 
 214      5510E5E3 
 214      10657402 
 215 0273 F9935509 		.ascii	"\371\223U\011\016\035\203\301\2430\010\253\230K\262"
 215      0E1D83C1 
 215      A33008AB 
 215      984BB2
 216 0282 8B5D711F 		.ascii	"\213]q\037\265\200\267\235ikQ!\215\277S\0055N\0240c"
 216      B580B79D 
 216      696B5121 
 216      8DBF5305 
 216      354E1430 
 217 0297 2ED74EB3 		.ascii	".\327N\263\245\223\300V\2031\247$c\3006\226\322\033"
 217      A593C056 
 217      8331A724 
 217      63C03696 
 217      D21B
 218 02a9 25CF0AD4 		.ascii	"%\317\012\324\340\012\221\013\303\353\374a\250\242\344"
 218      E00A910B 
 218      C3EBFC61 
 218      A8A2E4
 219 02b8 DE1FF019 		.ascii	"\336\037\360\031\266\251\236\217\026\345x|\264G(\254"
 219      B6A99E8F 
 219      16E5787C 
 219      B44728AC 
 220 02c8 03C7EEFA 		.ascii	"\003\307\356\372\346C\306\325\024{\206\351\032\263\201"
 220      E643C6D5 
 220      147B86E9 
 220      1AB381
 221 02d7 A323A789 		.ascii	"\243#\247\2115\265\350#R\254=\027l\032\0262\001\001"
 221      35B5E823 
 221      52AC3D17 
 221      6C1A1632 
 221      0101
 222 02e9 6FB5653D 		.ascii	"o\265e=A\370\022S\273\336\262\251\036k\326\223\035\367"
 222      41F81253 
 222      BBDEB2A9 
 222      1E6BD693 
 222      1DF7
ARM GAS  C:\Users\SANDEE~1\AppData\Local\Temp\ccjCelb8.s 			page 17


 223 02fb 6B7C2133 		.ascii	"k|!3\2722\256\211\352\206\010\237_\375\274\311\205\361"
 223      BA32AE89 
 223      EA86089F 
 223      5FFDBCC9 
 223      85F1
 224 030d EEC0563D 		.ascii	"\356\300V=-\253\362b\031\261\022\361h\335\253\026/|"
 224      2DABF262 
 224      19B112F1 
 224      68DDAB16 
 224      2F7C
 225 031f 9DAD9679 		.ascii	"\235\255\226y\374\232]EV\023\330jd\222d\367y\022\012"
 225      FC9A5D45 
 225      5613D86A 
 225      649264F7 
 225      79120A
 226 0332 14381505 		.ascii	"\0248\025\005\321\205rN\347Tz\373l\241`\310\242\212"
 226      D185724E 
 226      E7547AFB 
 226      6CA160C8 
 226      A28A
 227 0344 7A7B0ED0 		.ascii	"z{\016\320\015\024\335\210|\034s\350:\017Z\367\250\231"
 227      0D14DD88 
 227      7C1C73E8 
 227      3A0F5AF7 
 227      A899
 228 0356 197D84DF 		.ascii	"\031}\204\337~\262\273\317\033\333\331\272\331\365/"
 228      7EB2BBCF 
 228      1BDBD9BA 
 228      D9F52F
 229 0365 063D7037 		.ascii	"\006=p7c\332\213\277\333\253b\310^\302\027\214\214\244"
 229      63DA8BBF 
 229      DBAB62C8 
 229      5EC2178C 
 229      8CA4
 230 0377 A9F07D26 		.ascii	"\251\360}&L\251n\315\026K\264\223n\276\224m%\256\270"
 230      4CA96ECD 
 230      164BB493 
 230      6EBE946D 
 230      25AEB8
 231 038a 9F09DF3C 		.ascii	"\237\011\337<\335\337\347\212\3370\246\252+\247V\\\260"
 231      DDDFE78A 
 231      DF30A6AA 
 231      2BA7565C 
 231      B0
 232 039b 85F0F583 		.ascii	"\205\360\365\203;\373=q:\246\302\364\222\353Ynx3c\256"
 232      3BFB3D71 
 232      3AA6C2F4 
 232      92EB596E 
 232      783363AE 
 233 03af F514A579 		.ascii	"\365\024\245y2\344\025\302\017\266m\264y\342<&lh\274"
 233      32E415C2 
 233      0FB66DB4 
 233      79E23C26 
 233      6C68BC
 234 03c2 7BCD1DEF 		.ascii	"{\315\035\357a\314\267\347*m\342\356n$|roE\006\306\007"
 234      61CCB7E7 
 234      2A6DE2EE 
ARM GAS  C:\Users\SANDEE~1\AppData\Local\Temp\ccjCelb8.s 			page 18


 234      6E247C72 
 234      6F4506C6 
 235 03d7 99D01159 		.ascii	"\231\320\021Y\0371\262\375W\3523\325\270\212\011/n\330"
 235      1F31B2FD 
 235      57EA33D5 
 235      B88A092F 
 235      6ED8
 236 03e9 9AC3E35A 		.ascii	"\232\303\343Z\306\224\366\354\334$.\370'\022\232\035"
 236      C694F6EC 
 236      DC242EF8 
 236      27129A1D 
 237 03f9 7D059EF8 		.ascii	"}\005\236\370<\223\325\354I7\273\343\253\214\251\256"
 237      3C93D5EC 
 237      4937BBE3 
 237      AB8CA9AE 
 238 0409 AAB189B9 		.ascii	"\252\261\211\271\013\0026\355\322\306vO\334\312d\345"
 238      0B0236ED 
 238      D2C6764F 
 238      DCCA64E5 
 239 0419 BD195637 		.ascii	"\275\031V7\334\305\230\035\203\035\017Dg\311\306\254"
 239      DCC5981D 
 239      831D0F44 
 239      67C9C6AC 
 240 0429 B9F8DAE2 		.ascii	"\271\370\332\342\215\0370\231\243\006}h\015\242\232"
 240      8D1F3099 
 240      A3067D68 
 240      0DA29A
 241 0438 B6CA403C 		.ascii	"\266\312@<\310DE\275'\267M\302#\214y\232v\257\323\203"
 241      C84445BD 
 241      27B74DC2 
 241      238C799A 
 241      76AFD383 
 242 044c E1A600DB 		.ascii	"\341\246\000\333\325q?\323\033\247\253\250l]m\316i5"
 242      D5713FD3 
 242      1BA7ABA8 
 242      6C5D6DCE 
 242      6935
 243 045e DECC18C7 		.ascii	"\336\314\030\307\271\350\303\316\305\206N;\302\271L"
 243      B9E8C3CE 
 243      C5864E3B 
 243      C2B94C
 244 046d F428D3DA 		.ascii	"\364(\323\332\312\343\"\306\230On\354r\301\007\030s"
 244      CAE322C6 
 244      984F6EEC 
 244      72C10718 
 244      73
 245 047e B72AEDA5 		.ascii	"\267*\355\245\012\2273\246ld\327\0255>\312\230+\247"
 245      0A9733A6 
 245      6C64D715 
 245      353ECA98 
 245      2BA7
 246 0490 3AEF79E3 		.ascii	":\357y\343j\306X.\236o\027#\274\236\024\203\245\264"
 246      6AC6582E 
 246      9E6F1723 
 246      BC9E1483 
 246      A5B4
 247 04a2 A3C74DDC 		.ascii	"\243\307M\334\256d\373\226\234\350\034A\370\014\005"
ARM GAS  C:\Users\SANDEE~1\AppData\Local\Temp\ccjCelb8.s 			page 19


 247      AE64FB96 
 247      9CE81C41 
 247      F80C05
 248 04b1 FB95965A 		.ascii	"\373\225\226Z\037{\243\351\262\237/}\372\313\207\246"
 248      1F7BA3E9 
 248      B29F2F7D 
 248      FACB87A6 
 249 04c1 170B69A9 		.ascii	"\027\013i\251P\337yx\303\301\246,\250O\204\352`\243"
 249      50DF7978 
 249      C3C1A62C 
 249      A84F84EA 
 249      60A3
 250 04d3 9E852214 		.ascii	"\236\205\"\024x_\251\234\254t\327j\341\301\261\031\017"
 250      785FA99C 
 250      AC74D76A 
 250      E1C1B119 
 250      0F
 251 04e4 BF86C336 		.ascii	"\277\206\3036\015S\364m%\272\225\242\253\220\004\037"
 251      0D53F46D 
 251      25BA95A2 
 251      AB90041F 
 252 04f4 5826C1EF 		.ascii	"X&\301\357)\341?M\200\337\226\301\037(\341\367\225\266"
 252      29E13F4D 
 252      80DF96C1 
 252      1F28E1F7 
 252      95B6
 253 0506 741B25F4 		.ascii	"t\033%\364e%\372\322\004\345\315+%\370\240sG\035pr\366"
 253      6525FAD2 
 253      04E5CD2B 
 253      25F8A073 
 253      471D7072 
 254 051b D5AD4CA6 		.ascii	"\325\255L\246p(Yd\023\341\216BF\365J[\206\303%\345O"
 254      70285964 
 254      13E18E42 
 254      46F54A5B 
 254      86C325E5 
 255 0530 95CA1B94 		.ascii	"\225\312\033\224\350\001\031\372\231\022\035\2504|X"
 255      E80119FA 
 255      99121DA8 
 255      347C58
 256 053f 16F39B4A 		.ascii	"\026\363\233J\364\365\011\272eQ\371A\211\276\240D7\311"
 256      F4F509BA 
 256      6551F941 
 256      89BEA044 
 256      37C9
 257 0551 D0D794E8 		.ascii	"\320\327\224\350\253\022:[<\321>Wqh\000\344\375TD\320"
 257      AB123A5B 
 257      3CD13E57 
 257      716800E4 
 257      FD5444D0 
 258 0565 E4185FC7 		.ascii	"\344\030_\307\373\243-\374t4\202\246\2437@\351\320\337"
 258      FBA32DFC 
 258      743482A6 
 258      A33740E9 
 258      D0DF
 259 0577 00B409E8 		.ascii	"\000\264\011\350\025\360\331\320n\003z\011\375\024h"
 259      15F0D9D0 
ARM GAS  C:\Users\SANDEE~1\AppData\Local\Temp\ccjCelb8.s 			page 20


 259      6E037A09 
 259      FD1468
 260 0586 B3809281 		.ascii	"\263\200\222\2012\2012\200\322\200^\200\354[h\177\206"
 260      32813280 
 260      D2805E80 
 260      EC5B687F 
 260      86
 261 0597 763DB4A3 		.ascii	"v=\264\243\320n\206v#\320\020\364\267B\373\026\332T"
 261      D06E8676 
 261      23D010F4 
 261      B742FB16 
 261      DA54
 262 05a9 6887A17D 		.ascii	"h\207\241}\016\364\032M\247\257e\321\027Y\234:\225\276"
 262      0EF41A4D 
 262      A7AF65D1 
 262      17599C3A 
 262      95BE
 263 05bb DC9990E0 		.ascii	"\334\231\220\340\341eR\202\357*\023\334=!\301\262@5"
 263      E1655282 
 263      EF2A13DC 
 263      3D21C1B2 
 263      4035
 264 05cd 390FAB3C 		.ascii	"9\017\253<g\3352[\332\234\327\211Ly\235l\337?q\276{"
 264      67DD325B 
 264      DA9CD789 
 264      4C799D6C 
 264      DF3F71BE 
 265 05e2 9872F65A 		.ascii	"\230r\366Z\266\267\373$\013\002\"0N|%\263(\300\313\335"
 265      B6B7FB24 
 265      0B022230 
 265      4E7C25B3 
 265      28C0CBDD 
 266 05f6 6AB7FB6C 		.ascii	"j\267\373lM\025\032\203\350\233\247C\251\254}\202\245"
 266      4D151A83 
 266      E89BA743 
 266      A9AC7D82 
 266      A5
 267 0607 7532C76E 		.ascii	"u2\307n8\337]rx\223\314\324\307J\370C\245c\315\2620"
 267      38DF5D72 
 267      7893CCD4 
 267      C74AF843 
 267      A563CDB2 
 268 061c D89DDBA2 		.ascii	"\330\235\333\242\22522\360\265\224\221\026eFnM\010\232"
 268      953232F0 
 268      B5949116 
 268      65466E4D 
 268      089A
 269 062e 4C7797F3 		.ascii	"Lw\227\363t\313\320\267en^q~X\310\355\226y\371\310\271"
 269      74CBD0B7 
 269      656E5E71 
 269      7E58C8ED 
 269      9679F9C8 
 270 0643 97635B09 		.ascii	"\227c[\011b\336,*'!ov^E\362\030>\224\225\177\237\323"
 270      62DE2C2A 
 270      27216F76 
 270      5E45F218 
 270      3E94957F 
ARM GAS  C:\Users\SANDEE~1\AppData\Local\Temp\ccjCelb8.s 			page 21


 271 0659 F2D74ABA 		.ascii	"\362\327J\272\273\227I\272{\235\237\211\362]\375\320"
 271      BB9749BA 
 271      7B9D9F89 
 271      F25DFDD0 
 272 0669 28C5F0A2 		.ascii	"(\305\360\2422\206?N8\316e~\3668?\237)\032^2/,\226\016"
 272      32863F4E 
 272      38CE657E 
 272      F6383F9F 
 272      291A5E32 
 273 0681 0FFC86BE 		.ascii	"\017\374\206\276d\370c\331\325\331^\310\337\227\355"
 273      64F863D9 
 273      D5D95EC8 
 273      DF97ED
 274 0690 C79E5E57 		.ascii	"\307\236^W\370f@\337\303\344\357\370\261K\"\331\235"
 274      F86640DF 
 274      C3E4EFF8 
 274      B14B22D9 
 274      9D
 275 06a1 CE0F0E94 		.ascii	"\316\017\016\224\003\347\305\377\313\331A\356\356?\264"
 275      03E7C5FF 
 275      CBD941EE 
 275      EE3FB4
 276 06b0 3D479E99 		.ascii	"=G\236\231cwc\352\211t\305\333\316{\322\273?\264\333"
 276      637763EA 
 276      8974C5DB 
 276      CE7BD2BB 
 276      3FB4DB
 277 06c3 B1AA2D65 		.ascii	"\261\252-e\227Y\205|\341}*wM\272\342\345\212~\345\203"
 277      9759857C 
 277      E17D2A77 
 277      4DBAE2E5 
 277      8A7EE583 
 278 06d7 5F3B60BD 		.ascii	"_;`\275<^~F\365\264\211\325\3518Gr\337q\364\263\310"
 278      3C5E7E46 
 278      F5B489D5 
 278      E9384772 
 278      DF71F4B3 
 279 06ec 5E6A6395 		.ascii	"^jc\225\236\253\254t\242\313.\327\325\347T\227#y\371"
 279      9EABAC74 
 279      A2CB2ED7 
 279      D5E75497 
 279      2379F9
 280 06ff 471A6ADD 		.ascii	"G\032j\335p\206\013M\236\371t{\261j,yO\333h\362v\301"
 280      70860B4D 
 280      9EF9747B 
 280      B16A2C79 
 280      4FDB68F2 
 281 0715 DC9D52F2 		.ascii	"\334\235R\362r'$ol\023\025\200c\357r\222|]\231\207\207"
 281      7227246F 
 281      6C131580 
 281      63EF7292 
 281      7C5D9987 
 282 072a C60573D7 		.ascii	"\306\005s\327\270`\356\026\203\271\233\004\023\335\031"
 282      B860EE16 
 282      83B99B04 
 282      13DD19
 283 0739 BA65F794 		.ascii	"\272e\367\224\203\311w\227\004.\024\301\205\024\\\320"
ARM GAS  C:\Users\SANDEE~1\AppData\Local\Temp\ccjCelb8.s 			page 22


 283      83C97797 
 283      042E14C1 
 283      85145CD0 
 284 0749 527C86C7 		.ascii	"R|\206\307\333\250\023\350\331\276\263\327]\341\303"
 284      DBA813E8 
 284      D9BEB3D7 
 284      5DE1C3
 285 0758 CD4A3F26 		.ascii	"\315J?&?(`\037\223)\354c\262Hr\004\272\343\277\001\213"
 285      3F28601F 
 285      9329EC63 
 285      B2487204 
 285      BAE3BF01 
 286 076d 79F20577 		.ascii	"y\362\005w\363I\301V\027\\\316t\015\344\333\036i\360"
 286      F349C156 
 286      175CCE74 
 286      0DE4DB1E 
 286      69F0
 287 077f 31C6EC28 		.ascii	"1\306\354(?\220\206q\025c\332k\222\033\274q-c\272v\247"
 287      3F908671 
 287      1563DA6B 
 287      921BBC71 
 287      2D63BA76 
 288 0794 FCE4821B 		.ascii	"\374\344\202\033\030s\342\364\223`v%\233\012\334\251"
 288      1873E2F4 
 288      93607625 
 288      9B0ADCA9 
 289 07a4 8E7EABF8 		.ascii	"\216~\253\370U\334Inh\273\037\365vz\340F\012U\377|\242"
 289      55DC496E 
 289      68BB1FF5 
 289      767AE046 
 289      0A55FF7C 
 290 07b9 A1C815B1 		.ascii	"\241\310\025\261k\230\277\354\352e6\313\256^\373\300"
 290      6B98BFEC 
 290      EA6536CB 
 290      AE5EFBC0 
 291 07c9 64CB3BF6 		.ascii	"d\313;\366\202<\015"
 291      823C0D
 292 07d0 667E2A2A 		.ascii	"f~**\345\211\314\"\346\3400\344\340\010\344\240\014"
 292      E589CC22 
 292      E6E030E4 
 292      E008E4A0 
 292      0C
 293 07e1 A81CE828 		.ascii	"\250\034\350(\320!\240\012\240\203\3436\337\300\027"
 293      D021A00A 
 293      A083E336 
 293      DFC017
 294 07f0 52B51F50 		.ascii	"R\265\037P\2567\341z\325,C\357U\242'\\i\272\277\030"
 294      AE37E17A 
 294      D52C43EF 
 294      55A2275C 
 294      69BABF18 
 295 0804 7FA6597E 		.ascii	"\177\246Y~\361\275\360P\206\336\243\324-?_\331\036}"
 295      F1BDF050 
 295      86DEA3D4 
 295      2D3F5FD9 
 295      1E7D
 296 0816 79819581 		.ascii	"y\201\225\201\305Y\031\330\232de\260\337i\030\345\357"
ARM GAS  C:\Users\SANDEE~1\AppData\Local\Temp\ccjCelb8.s 			page 23


 296      C55919D8 
 296      9A6465B0 
 296      DF6918E5 
 296      EF
 297 0827 01D9CA25 		.ascii	"\001\331\312%\316\275b+\223\013~\253\320\342\201/\263"
 297      CEBD622B 
 297      930B7EAB 
 297      D0E2812F 
 297      B3
 298 0838 AA69ECED 		.ascii	"\252i\354\355-\363@\276\376\316\222\201\216C\016\376"
 298      2DF340BE 
 298      FECE9281 
 298      8E430EFE 
 299 0848 9B7C30B7 		.ascii	"\233|0\267\3366\321\322\253\204\211\307\244\035k\241"
 299      DE36D1D2 
 299      AB8489C7 
 299      A41D6BA1 
 300 0858 A547BE01 		.ascii	"\245G\276\001\332\314e\336\362\342\250\034WIUbq\220"
 300      DACC65DE 
 300      F2E2A81C 
 300      57495562 
 300      7190
 301 086a D6736544 		.ascii	"\326seD\254166\312\030\023\037cr_\360\345_\375tZ-\027"
 301      AC313636 
 301      CA18131F 
 301      63725FF0 
 301      E55FFD74 
 302 0881 141010C8 		.ascii	"\024\020\020\310\376\011\211\201\200\010\\\225\260\332"
 302      FE098981 
 302      80085C95 
 302      B0DA
 303 088f 94186858 		.ascii	"\224\030hX\262hV0{\316\237\275fM\24087 \222\233\234"
 303      B2685630 
 303      7BCE9FBD 
 303      664DA038 
 303      3720929B 
 304 08a4 688A9B15 		.ascii	"h\212\233\025l\214\214M\210\374\206\252r\213\212\213"
 304      6C8C8C4D 
 304      88FC86AA 
 304      728B8A8B 
 305 08b4 58086DF0 		.ascii	"X\010m\360/i\012\013\013\011\014Y4\347\337\301\201l"
 305      2F690A0B 
 305      0B090C59 
 305      34E7DFC1 
 305      816C
 306 08c6 3ACC0958 		.ascii	":\314\011X\311i\214\306\244\230x\023\360\246\257\"?"
 306      C9698CC6 
 306      A4987813 
 306      F0A6AF22 
 306      3F
 307 08d7 0BFF677C 		.ascii	"\013\377g|\222)!!61bu\\\370'~\301A\332Og\376+xf\322"
 307      92292121 
 307      36316275 
 307      5CF8277E 
 307      C141DA4F 
 308 08f1 AAA80853 		.ascii	"\252\250\010St8\014\316\214O\210\217\236\031\035\261"
 308      74380CCE 
ARM GAS  C:\Users\SANDEE~1\AppData\Local\Temp\ccjCelb8.s 			page 24


 308      8C4F888F 
 308      9E191DB1 
 309 0901 3C263C26 		.ascii	"<&<&>26)*:<.\"reL|t\2701*zEDR\254\311hZ\273*:\021T\273"
 309      3E323629 
 309      2A3A3C2E 
 309      2272654C 
 309      7C74B831 
 310 0924 3B1487FC 		.ascii	";\024\207\374o\212\023\327&\206\033\023MQ\240\005\264"
 310      6F8A13D7 
 310      26861B13 
 310      4D51A005 
 310      B4
 311 0935 4D32AC4D 		.ascii	"M2\254M4E\307\351\022VG\353\210\343.\006\203n\201^\255"
 311      3445C7E9 
 311      125647EB 
 311      88E32E06 
 311      836E815E 
 312 094a 9F6798A7 		.ascii	"\237g\230\247_:/\344\023\2543\350UsCt\322\320\307\352"
 312      5F3A2FE4 
 312      13AC33E8 
 312      55734374 
 312      D2D0C7EA 
 313 095e 398BE706 		.ascii	"9\213\347\006\207-\236\367\245\236\364\264\254\347\220"
 313      872D9EF7 
 313      A59EF4B4 
 313      ACE790
 314 096d CE56CF09 		.ascii	"\316V\317\011\235;K\224\206\216\341B\225\270YnD\013"
 314      9D3B4B94 
 314      868EE142 
 314      95B8596E 
 314      440B
 315 097f 8C90562B 		.ascii	"\214\220V+\227\004\273\021\015T\022*\"B\307#\264\356"
 315      9704BB11 
 315      0D54122A 
 315      2242C723 
 315      B4EE
 316 0991 64AEDEB0 		.ascii	"d\256\336\260DO:Z\322\031\223\005\271\223\331L\026\352"
 316      444F3A5A 
 316      D2199305 
 316      B993D94C 
 316      16EA
 317 09a3 00853210 		.ascii	"\000\2052\020\326-\324\253t\363\027\350\335\026\207"
 317      D62DD4AB 
 317      74F317E8 
 317      DD1687
 318 09b2 859196D7 		.ascii	"\205\221\226\327\3515\320]\030l \234V\236\346\3505\246"
 318      E935D05D 
 318      186C209C 
 318      569EE6E8 
 318      35A6
 319 09c4 40DD22C3 		.ascii	"@\335\"\303B\003\244Y\266[h\216W\314\016\322\256\211"
 319      4203A459 
 319      B65B688E 
 319      57CC0ED2 
 319      AE89
 320 09d6 84E079E8 		.ascii	"\204\340y\350u:\343\022\310KH\364\012\217\305\177\323"
 320      753AE312 
ARM GAS  C:\Users\SANDEE~1\AppData\Local\Temp\ccjCelb8.s 			page 25


 320      C84B48F4 
 320      0A8FC57F 
 320      D3
 321 09e7 3BFABF73 		.ascii	";\372\277sl\310\345\021\221\337$\2552F%\304E\304\304"
 321      6CC8E511 
 321      91DF24AD 
 321      324625C4 
 321      45C4C4
 322 09fa D33DE5F2 		.ascii	"\323=\345\362\325\342%:=o\320\273A\347/\363\376\256"
 322      D5E2253A 
 322      3D6FD0BB 
 322      41E72FF3 
 322      FEAE
 323 0a0c 5791079E 		.ascii	"W\221\007\236\243\323\273R\211\326k~\330\034C\250C\323"
 323      A3D3BB52 
 323      89D66B7E 
 323      D81C43A8 
 323      43D3
 324 0a1e 7F006EAB 		.ascii	"\177\000n\253\027\207"
 324      1787
 325              		.text
 326              		.section	.gnu.lto_.symtab.bfe27fcc,"",%progbits
 327 0000 68616C5F 		.ascii	"hal_lld_init\000"
 327      6C6C645F 
 327      696E6974 
 327      00
 328 000d 00       		.ascii	"\000"
 329 000e 00       		.ascii	"\000"
 330 000f 00       		.ascii	"\000"
 331 0010 00000000 		.ascii	"\000\000\000\000\000\000\000\000"
 331      00000000 
 332 0018 AE000000 		.ascii	"\256\000\000\000"
 333 001c 73746D33 		.ascii	"stm32_clock_init\000"
 333      325F636C 
 333      6F636B5F 
 333      696E6974 
 333      00
 334 002d 00       		.ascii	"\000"
 335 002e 00       		.ascii	"\000"
 336 002f 00       		.ascii	"\000"
 337 0030 00000000 		.ascii	"\000\000\000\000\000\000\000\000"
 337      00000000 
 338 0038 B0000000 		.ascii	"\260\000\000\000"
 339 003c 53797374 		.ascii	"SystemCoreClock\000"
 339      656D436F 
 339      7265436C 
 339      6F636B00 
 340 004c 00       		.ascii	"\000"
 341 004d 00       		.ascii	"\000"
 342 004e 00       		.ascii	"\000"
 343 004f 00000000 		.ascii	"\000\000\000\000\000\000\000\000"
 343      00000000 
 344 0057 BF000000 		.ascii	"\277\000\000\000"
 345 005b 646D6149 		.ascii	"dmaInit\000"
 345      6E697400 
 346 0063 00       		.ascii	"\000"
 347 0064 02       		.ascii	"\002"
ARM GAS  C:\Users\SANDEE~1\AppData\Local\Temp\ccjCelb8.s 			page 26


 348 0065 00       		.ascii	"\000"
 349 0066 00000000 		.ascii	"\000\000\000\000\000\000\000\000"
 349      00000000 
 350 006e B2000000 		.ascii	"\262\000\000\000"
 351              		.text
 352              		.section	.gnu.lto_.opts,"",%progbits
 353 0000 272D666D 		.ascii	"'-fmath-errno' '-fsigned-zeros' '-ftrapping-math' '"
 353      6174682D 
 353      6572726E 
 353      6F272027 
 353      2D667369 
 354 0033 2D666E6F 		.ascii	"-fno-trapv' '-fno-openmp' '-fno-openacc' '-mcpu=cor"
 354      2D747261 
 354      70762720 
 354      272D666E 
 354      6F2D6F70 
 355 0066 7465782D 		.ascii	"tex-m4' '-mfloat-abi=hard' '-mfpu=fpv4-sp-d16' '-mn"
 355      6D342720 
 355      272D6D66 
 355      6C6F6174 
 355      2D616269 
 356 0099 6F2D7468 		.ascii	"o-thumb-interwork' '-mthumb' '-ggdb' '-O2' '-fomit-"
 356      756D622D 
 356      696E7465 
 356      72776F72 
 356      6B272027 
 357 00cc 6672616D 		.ascii	"frame-pointer' '-falign-functions=16' '-ffunction-s"
 357      652D706F 
 357      696E7465 
 357      72272027 
 357      2D66616C 
 358 00ff 65637469 		.ascii	"ections' '-fdata-sections' '-fno-common' '-flto' '-"
 358      6F6E7327 
 358      20272D66 
 358      64617461 
 358      2D736563 
 359 0132 6673696E 		.ascii	"fsingle-precision-constant'\000"
 359      676C652D 
 359      70726563 
 359      6973696F 
 359      6E2D636F 
 360              		.text
 361              		.comm	__gnu_lto_v1,1,1
 362              		.comm	__gnu_lto_slim,1,1
 363              		.ident	"GCC: (GNU Tools for ARM Embedded Processors 6-2017-q2-update) 6.3.1 20170620 (release) [AR
ARM GAS  C:\Users\SANDEE~1\AppData\Local\Temp\ccjCelb8.s 			page 27


DEFINED SYMBOLS
                            *ABS*:00000000 hal_lld.c
                            *COM*:00000001 __gnu_lto_v1
                            *COM*:00000001 __gnu_lto_slim

NO UNDEFINED SYMBOLS
