ARM GAS  C:\Users\SANDEE~1\AppData\Local\Temp\ccRStUKb.s 			page 1


   1              		.cpu cortex-m4
   2              		.eabi_attribute 27, 1
   3              		.eabi_attribute 28, 1
   4              		.eabi_attribute 20, 1
   5              		.eabi_attribute 21, 1
   6              		.eabi_attribute 23, 3
   7              		.eabi_attribute 24, 1
   8              		.eabi_attribute 25, 1
   9              		.eabi_attribute 26, 1
  10              		.eabi_attribute 30, 2
  11              		.eabi_attribute 34, 1
  12              		.eabi_attribute 18, 4
  13              		.file	"magnet.c"
  14              		.text
  15              	.Ltext0:
  16              		.section	.gnu.lto_.profile.bfe24977,"",%progbits
  17 0000 789C6365 		.ascii	"x\234ce`b`e```d\350f\014\005\000\002\216\000\357"
  17      60626065 
  17      60606064 
  17      E8660C05 
  17      00028E00 
  18              		.text
  19              		.section	.gnu.lto_.icf.bfe24977,"",%progbits
  20 0000 789C6365 		.ascii	"x\234ce`b\340c@\000&\206\375\177\177?ef<zt\3459n\006"
  20      6062E063 
  20      40002686 
  20      FD7F7F3F 
  20      65663C7A 
  21 0019 0035DC06 		.ascii	"\0005\334\006\304"
  21      C4
  22              		.text
  23              		.section	.gnu.lto_.jmpfuncs.bfe24977,"",%progbits
  24 0000 789C6365 		.ascii	"x\234ce`bpad\200\003&\006\026F \340g\252\257\257\347"
  24      60627061 
  24      64800326 
  24      06164620 
  24      E067AAAF 
  25 0016 63AA6480 		.ascii	"c\252d\200K1Ngf\334\332~f#W\037\363|f\006\240\222\345"
  25      4B314E67 
  25      66DCDA7E 
  25      6623571F 
  25      F37C6606 
  26 002d 8C326071 		.ascii	"\2142`q\026\006(\033\244\342\356\211\225\253\231A*\030"
  26      1606281B 
  26      A4E2EE89 
  26      95AB9941 
  26      2A18
  27 003f 19FF0301 		.ascii	"\031\377\003\001?\343\012\220\014\252AXtB\2241\262\202"
  27      3FE30A90 
  27      0CAA4158 
  27      74429431 
  27      B282
  28 0051 AC669467 		.ascii	"\254f\224g\251G\263\034\244\022h\370\236\371=+\241\326"
  28      A947B31C 
  28      A41268F8 
  28      9EF93D2B 
  28      A1D6
ARM GAS  C:\Users\SANDEE~1\AppData\Local\Temp\ccRStUKb.s 			page 2


  29 0063 3331AE84 		.ascii	"31\256\204\030\002\226\230\326z\350<;D\202\201q\025"
  29      18029698 
  29      D67AE83C 
  29      3B448281 
  29      7115
  30 0075 9289E886 		.ascii	"\222\211\350\206 t\321P\031\003\000r3+\306"
  30      2074D150 
  30      19030072 
  30      332BC6
  31              		.text
  32              		.section	.gnu.lto_.inline.bfe24977,"",%progbits
  33 0000 789C5D50 		.ascii	"x\234]P;N\003A\014\365/\211\003(\014)\220V\212\310\334"
  33      3B4E0341 
  33      0CF52F89 
  33      03280C29 
  33      90568AC8 
  34 0015 838613E4 		.ascii	"\203\206\023\344\032(\3312\027\230\002\012$\004\251"
  34      1A28D932 
  34      1798020A 
  34      2404A9
  35 0024 808A6C07 		.ascii	"\200\212l\007\001\211\202\212\202b\305\005\220h8\012"
  35      0189828A 
  35      8262C505 
  35      9068380A 
  36 0034 15129ED9 		.ascii	"\025\022\236\331\011Y\230\342\371\331z\343g\273\003"
  36      095998E2 
  36      F9D97AE3 
  36      67BB03
  37 0043 04CF08BF 		.ascii	"\004\317\010\277\217\200\213\002\205}y\315xu\372\366"
  37      8F808B02 
  37      857D79CD 
  37      7875FAF6 
  38 0053 DEBBE025 		.ascii	"\336\273\340%\023\002\336\341\010\330\317r\264/\250"
  38      1302DEE1 
  38      08D8CF72 
  38      B42FA8
  39 0062 061DA9C6 		.ascii	"\006\035\251\306\320\255\306\004F\034\340eW(al\246{"
  39      D0ADC604 
  39      461CE065 
  39      5728616C 
  39      A67B
  40 0074 A0D05B4C 		.ascii	"\240\320[L\026\223\324\273?\004i\245\3105\354\3406\352"
  40      1693D4BB 
  40      3F0469A5 
  40      C835ECE0 
  40      36EA
  41 0086 CCACBE9F 		.ascii	"\314\254\276\237n?v\243\025c\201\367f\201Z\246(\276"
  41      6E3F76A3 
  41      156381F7 
  41      66815AA6 
  41      28BE
  42 0098 4C9692AD 		.ascii	"L\226\222\255\033\371\311\331\327g\277\221\037\340*"
  42      1BF9C9D9 
  42      D767BF91 
  42      1FE02A
  43 00a7 CB63249D 		.ascii	"\313c$\235\266\007g\033\374!\225\217\255\374\272<_m"
  43      B607671B 
ARM GAS  C:\Users\SANDEE~1\AppData\Local\Temp\ccRStUKb.s 			page 3


  43      FC21958F 
  43      ADFCBA3C 
  43      5F6D
  44 00b9 3565C2C7 		.ascii	"5e\302\307\364\313V\240\010\0227\032\330T\353]\202\202"
  44      F4CB56A0 
  44      0812371A 
  44      D854EB5D 
  44      8282
  45 00cb D4FB4115 		.ascii	"\324\373A\025\264\326\340\216,\255$H\240\314|\3468O"
  45      B4D6E08E 
  45      2CAD2448 
  45      A0CC7CE6 
  45      384F
  46 00dd C4296D28 		.ascii	"\304)m(\014_F\301\011\310\015%\010^\000\017]\274\214"
  46      0C5F46C1 
  46      09C80D25 
  46      085E000F 
  46      5DBC8C
  47 00f0 61BE4CD2 		.ascii	"a\276L\322\372\177\367Y7\330\024M\351\345\257\310\265"
  47      FA7FF759 
  47      37D8144D 
  47      E9E5AFC8 
  47      B5
  48 0101 73F8012E 		.ascii	"s\370\001.RI~"
  48      52497E
  49              		.text
  50              		.section	.gnu.lto_.pureconst.bfe24977,"",%progbits
  51 0000 789C6365 		.ascii	"x\234ce`b`e`\000\222R\214R\000\001\005\000D"
  51      60626065 
  51      60009252 
  51      8C520001 
  51      050044
  52              		.text
  53              		.section	.gnu.lto_lsm303dlhcReadRegister.bfe24977,"",%progbits
  54 0000 789C6D53 		.ascii	"x\234mS[O\024Y\020\256\257\253\273g\034Z.\211\032M&"
  54      5B4F1459 
  54      10AEAFAB 
  54      BB671C5A 
  54      2E891A4D 
  55 0015 061309D1 		.ascii	"\006\023\011\321\230\215\227\007}\321g\377\006\272h"
  55      988D9707 
  55      7DD167FF 
  55      06BA68
  56 0024 7CD018D1 		.ascii	"|\320\030\321\304\2679\"\004\003\336\202\227\311\240"
  56      C4B73922 
  56      0403DE82 
  56      97C9A0
  57 0033 9D9ED5EC 		.ascii	"\235\236\325\354\242\253\202 (xm\301\313\210\250\254"
  57      A2AB8220 
  57      28786DC1 
  57      CB88A8AC 
  58 0043 0FBEC026 		.ascii	"\017\276\300&\033/D\242\306k\202\321E\266\316\351\031"
  58      1B2F44A2 
  58      C66B82D1 
  58      45B6CEE9 
  58      19
  59 0054 03BA9D74 		.ascii	"\003\272\235t\367\251:\337WU_\3259\016Y\264\337&ZBD"
ARM GAS  C:\Users\SANDEE~1\AppData\Local\Temp\ccRStUKb.s 			page 4


  59      F7A93ADF 
  59      57555FD5 
  59      390E59B4 
  59      DF265A42 
  60 0069 6BE4854B 		.ascii	"k\344\205K\260\016>$\332\025\267,\366W\223J\330\037"
  60      B00E3E24 
  60      DA15B72C 
  60      F657934A 
  60      D81F
  61 007b 4B49790C 		.ascii	"KIy\014'r\333\205\205\003\350\205\212\203R\026\333\016"
  61      2772DB85 
  61      8503E885 
  61      8A835216 
  61      DB0E
  62 008d 5238C069 		.ascii	"R8\300i\306\375\361\334\336\304\242V\245jU\230\356t"
  62      C6FDF1DC 
  62      DEC4A256 
  62      A56A5598 
  62      EE74
  63 009f 336D438A 		.ascii	"3mC\212\003&\3120aE\022K\223:M+\026\011\364\257\272"
  63      0326CA30 
  63      6145124B 
  63      933A4D2B 
  63      1609F4AF 
  64 00b4 F3C779BF 		.ascii	"\363\307y\277\354\002\266\230\357\037\264<+\326\246"
  64      EC02B698 
  64      EF1FB43C 
  64      2BD6A6
  65 00c3 85723173 		.ascii	"\205r1s\252\261\255\204=\220\254\263\023~hW\376n\202"
  65      AAB1AD84 
  65      3D90ACB3 
  65      137E6857 
  65      FE6E82
  66 00d6 8E1C61B5 		.ascii	"\216\034a\2650`\306\237`\035\3644\2228\205$\211\213"
  66      3060C69F 
  66      601DF434 
  66      92388524 
  66      898B
  67 00e8 70069502 		.ascii	"p\006\225\002\377-\370\334\004.3\324{\265\003\375N\236"
  67      FF2DF8DC 
  67      042E33D4 
  67      7BB503FD 
  67      4E9E
  68 00fa 3A386E29 		.ascii	":8n)O\212\301\331\210\032\325\243\253\3039C\274;\\\177"
  68      4F8AC1D9 
  68      881AD5A3 
  68      ABC33943 
  68      BC3B5C7F 
  69 010e C2E6D986 		.ascii	"\302\346\331\206\330>2z\260\220\363\323\334\264\012"
  69      D83E327A 
  69      B090F3D3 
  69      DCB40A
  70 011d A1996D3F 		.ascii	"\241\231m?1\333\015s\344\301@\272\210\347\031\346\265"
  70      31DB0D73 
  70      E4C140BA 
  70      88E719E6 
  70      B5
ARM GAS  C:\Users\SANDEE~1\AppData\Local\Temp\ccRStUKb.s 			page 5


  71 012e 4F5D8738 		.ascii	"O]\2078\317|\222\231\177x\267Z\033\260\215\363?\326"
  71      CF7C9299 
  71      7F78B75A 
  71      1BB08DF3 
  71      3FD6
  72 0140 6B133A50 		.ascii	"k\023:P\251\031\267'\307\303\222\250\023\226\230\217"
  72      A919B727 
  72      C7C392A8 
  72      1396988F 
  73 0150 DF0DFA45 		.ascii	"\337\015\372EQ'J\305\2741t\240>\316\013L\354\177'\376"
  73      51274AC5 
  73      BC3174A0 
  73      3ECE0B4C 
  73      EC7F27FE 
  74 0164 78EA559C 		.ascii	"x\352U\234T\241R\341hfV\263R9e\007\354\240+\212~A\242"
  74      54A152E1 
  74      686656B3 
  74      52396507 
  74      ECA02B8A 
  75 017b 77423799 		.ascii	"wB7\2314\374T\375\273f\227+\015\365\353\227\306;\320"
  75      34FC54FD 
  75      BB66972B 
  75      0DF5EB97 
  75      C63BD0
  76 018e 54DDC4F7 		.ascii	"T\335\304\367\226\332\253,\255\350\342TEy\332\323\216"
  76      96DAAB2C 
  76      ADE8E254 
  76      4579DAD3 
  76      8E
  77 019f 6F4766BA 		.ascii	"oGf\2726.\241\002\335\250\320\303\023\245=pAd\025\274"
  77      362EA102 
  77      DDA8D0C3 
  77      13A53D70 
  77      416415BC 
  78 01b3 ED8F11AA 		.ascii	"\355\217\021\252o\223\015\"r\336\313\256\321\2622\251"
  78      6F930D22 
  78      72DECBAE 
  78      D1B232A9 
  79 01c3 5E9A2107 		.ascii	"^\232!\007CT\271\320-\215\211J7\016=\226\204,c\236\266"
  79      4354B9D0 
  79      2D8D894A 
  79      370E3D96 
  79      842C639E 
  80 01d8 8B4DDFA8 		.ascii	"\213M\337\250Q>\372\0045\261\245\377<\206\332\226\261"
  80      513EFA04 
  80      35B1A5FF 
  80      3C86DA96 
  80      B1
  81 01e9 9E93AE49 		.ascii	"\236\223\256I#)|\231\347s\324\015\367?<\226\320>\237"
  81      23297C99 
  81      E773D40D 
  81      F73F3C96 
  81      D03E9F
  82 01fc 1DA9EC68 		.ascii	"\035\251\354h}\337\243\230n\215\015Bo^h\223@\375\325"
  82      7DDFA398 
  82      6E8D0D42 
  82      6F5E6893 
ARM GAS  C:\Users\SANDEE~1\AppData\Local\Temp\ccRStUKb.s 			page 6


  82      40FDD5
  83 020f 3AC28786 		.ascii	":\302\207\206s\227\262\210\3401\237]z\205\026eGvB\350"
  83      7397B288 
  83      E0319F5D 
  83      7A851665 
  83      477642E8 
  84 0223 BDBDAF87 		.ascii	"\275\275\257\207c\251\011\025\0178\236aQ\203\313H\221"
  84      63A90915 
  84      0F389E61 
  84      5183CB48 
  84      91
  85 0234 CF7181CB 		.ascii	"\317q\201\313\366\261}C\255,\333\362\224\007<\303(\355"
  85      F6B17D43 
  85      AD2CDBF2 
  85      94073CC3 
  85      28ED
  86 0246 D197E20A 		.ascii	"\321\227\342\012R\262\335\3350\330\221\320\311\023\000"
  86      52B2DDDD 
  86      30D891D0 
  86      C91300
  87 0255 AE2229AE 		.ascii	"\256\")\256\272\267}\207\343\337\031E\272/\021\343\232"
  87      BAB77D87 
  87      E3DF1945 
  87      BA2F11E3 
  87      9A
  88 0266 5C8808F2 		.ascii	"\\\210\010\362w\356\364\031s\314=L\312S\202\353H\006"
  88      77EEF419 
  88      73CC3D4C 
  88      CA5382EB 
  88      4806
  89 0278 3C93A4DC 		.ascii	"<\223\244\334\243\367\346k\264\200\306\357\016\354\361"
  89      A3F7E66B 
  89      B480C6EF 
  89      0EECF1
  90 0287 02F8BB24 		.ascii	"\002\370\273$PvN\300\305\"7\322\207\033\020?'\214N\233"
  90      50764EC0 
  90      C52237D2 
  90      871B103F 
  90      278C4E9B 
  91 029b 3E96463A 		.ascii	">\226F:_\254\214Ty\323T\322\377j\014\013\032\275\351"
  91      5FAC8C54 
  91      79D354D2 
  91      FF6A0C0B 
  91      1ABDE9
  92 02ae 1AB3A3D6 		.ascii	"\032\263\243\3264\2257\277\327<EV\266\223\247\011\353"
  92      349537BF 
  92      D73C4556 
  92      B693A709 
  92      EB
  93 02bf 8B400515 		.ascii	"\213@\005\025\272*\2470\300\353c\271g\261\250\256b\211"
  93      BA2AA730 
  93      C0EB63B9 
  93      67B1A8AE 
  93      6289
  94 02d1 B22FFDE4 		.ascii	"\262/\375\344\225\275\254=\337\03421\026\233\221\241"
  94      95BDAC3D 
  94      DF1C3231 
ARM GAS  C:\Users\SANDEE~1\AppData\Local\Temp\ccRStUKb.s 			page 7


  94      169B91A1 
  95 02e1 1FCBA401 		.ascii	"\037\313\244\001}#(\214[\340\231\177\302fg\325E\265"
  95      7D23288C 
  95      5BE0997F 
  95      C26667D5 
  95      45B5
  96 02f3 07E662DD 		.ascii	"\007\346b\335\302\252)\220\356\237 \016\341\266@\336"
  96      C2AA2990 
  96      EE9F200E 
  96      E1B640DE 
  97 0303 A0B63C9F 		.ascii	"\240\266<\237\222\314\261\202\256\306\"\232\261\271"
  97      92CCB182 
  97      AEC6229A 
  97      B1B9
  98 0311 6AE396EA 		.ascii	"j\343\226\352\355\277\254'{\323\362\365[\271\246\352"
  98      EDBFAC27 
  98      7BD3F2F5 
  98      5BB9A6EA 
  99 0321 57AED9B1 		.ascii	"W\256\331\261.\266\271\272\246\246jc\265\263m\347\272"
  99      2EB6B9BA 
  99      A6A66A63 
  99      B5B36DE7 
  99      BA
 100 0332 1D1B9CED 		.ascii	"\035\033\234\355\372\373\037\356\276~\237"
 100      FAFB1FEE 
 100      BE7E9F
 101              		.text
 102              		.section	.gnu.lto_lsm303dlhcWriteRegister.bfe24977,"",%progbits
 103 0000 789C8D55 		.ascii	"x\234\215U\353OTG\024?\347\316\275\373\270\373\304f"
 103      EB4F5447 
 103      143FE7CE 
 103      BDFBB8FB 
 103      C466
 104 0012 45D25591 		.ascii	"E\322U\221\326\020m\332\370\350\007\376\025?\242E\323"
 104      D6106DDA 
 104      F8E807FE 
 104      153FA245 
 104      D3
 105 0023 A436AD68 		.ascii	"\2446\255h\323o\\\220\005\004#>*(\351\262\253\326\250"
 105      D36F5C90 
 105      0504233E 
 105      2A28E9B2 
 105      ABD6A8
 106 0036 B5025650 		.ascii	"\265\002VP\261P\266\240\240\024Q\221\372\002\253\255"
 106      B150B6A0 
 106      A0145191 
 106      FA02ABAD 
 107 0046 5625B506 		.ascii	"V%\265\006[\361\221\024\35193{\327E,a\222\235\235\231"
 107      5BF19114 
 107      E939337B 
 107      D7452C61 
 107      929D9D99 
 108 005a 737EE7F9 		.ascii	"s~\347\371\233\271\006h\260\302\015\260\014\000\006"
 108      9BB90668 
 108      B0C20DB0 
 108      0C0006
 109 0069 E987B300 		.ascii	"\351\207\263\000\265\255\375\000\305.M\023\243!\260"
ARM GAS  C:\Users\SANDEE~1\AppData\Local\Temp\ccRStUKb.s 			page 8


 109      B5ADFD00 
 109      C52E4D13 
 109      A321B0
 110 0078 4C673C0F 		.ascii	"Lg<\017,\257\320\202\025\271`\351\001\236\315\240\226"
 110      2CAFD082 
 110      15B960E9 
 110      019ECDA0 
 110      96
 111 0089 2177BADC 		.ascii	"!w\272\334e`\200!\250kFK'\320\201c\310C\020\003\275"
 111      65608021 
 111      A86B464B 
 111      27D08163 
 111      C8431003 
 112 009e CA92C35E 		.ascii	"\312\222\303^85W\367\\\222{{\227\220\334\245\371\030"
 112      383557F7 
 112      5C927B7B 
 112      9790DCA5 
 112      F918
 113 00b0 EE72AB59 		.ascii	"\356r\253Y3\025\330#\301\246\215\361\330\013/\372\325"
 113      3315D823 
 113      C1A68DF1 
 113      D80B2FFA 
 113      D5
 114 00c1 22803EE9 		.ascii	"\"\200>\351\316g\037\370\021ya\271\020\2124\021\314"
 114      CE671FF8 
 114      117961B9 
 114      108A3411 
 114      CC
 115 00d2 D00D87D3 		.ascii	"\320\015\207\323\3456=\336\200\317\217EX-j\005v\226"
 115      E5363DDE 
 115      80CF8F45 
 115      582D6A05 
 115      7696
 116 00e4 DF6BD516 		.ascii	"\337k\325\026\035\260h$j/:\313\254\310\234\230\000\330"
 116      1DB06824 
 116      6A2F3ACB 
 116      ACC89C98 
 116      00D8
 117 00f6 4D3F1E78 		.ascii	"M?\036x\000\027\221\326\245\322\246\257\305\026\021"
 117      001791D6 
 117      A5D2A6AF 
 117      C51611
 118 0105 13883A6D 		.ascii	"\023\210:m\037\237\257\273\343\347\255\206\331\264="
 118      1F9FAFBB 
 118      E3E7AD86 
 118      D9B43D
 119 0114 6B553604 		.ascii	"kU6\004\204\027\201\326\361\361hB\317\335oY%V\242o\247"
 119      841781D6 
 119      F1F16842 
 119      CFDD6F59 
 119      2556A26F 
 120 0129 B0DE8D09 		.ascii	"\260\336\215\011\201\337\242 \203x\010\303x\020\303"
 120      81DFA220 
 120      837808C3 
 120      7810C3
 121 0138 40478087 		.ascii	"@G\200\2071\227\324\367\304\236W\241\310\220\320s%\275"
 121      3197D4F7 
ARM GAS  C:\Users\SANDEE~1\AppData\Local\Temp\ccRStUKb.s 			page 9


 121      C49E57A1 
 121      C890D073 
 121      25BD
 122 014a 5D4612FA 		.ascii	"]F\022\372\344\251fycB\307\357\024ty\030\2270P\007<"
 122      E4A96679 
 122      6342C7EF 
 122      14747918 
 122      97305007 
 123 015f 22813D43 		.ascii	"\"\201=C\221\275\272\010I`\343\360\275\255\266\317\341"
 123      91BDBA08 
 123      4960E3F0 
 123      BDADB6CF 
 123      E1
 124 0170 39B55602 		.ascii	"9\265V\002\031\3310\005\331(\221\367\333\312\007QdI"
 124      19D93005 
 124      D92891F7 
 124      DBCA0751 
 124      6449
 125 0182 6459E7D8 		.ascii	"dY\347\330\250'\211\354\257\017?)\261\3460\264i\012"
 125      A82789EC 
 125      AF0F3F29 
 125      B1E630B4 
 125      690A
 126 0194 F4A8840E 		.ascii	"\364\250\204\016\237\357\255\365\210\371\022\332\376"
 126      9FEFADF5 
 126      88F912DA 
 126      FE
 127 01a1 A4798748 		.ascii	"\244y\207HB\357\326\310D\015\374\376\365D\015\300c\230"
 127      42EFD6C8 
 127      440DFCFE 
 127      F5440DC0 
 127      6398
 128 01b3 CBFA1D17 		.ascii	"\313\372\035\027\253#.\221+\261\317\255c-\216\205\373"
 128      AB232E91 
 128      2BB1CFAD 
 128      632D8E85 
 128      FB
 129 01c4 AC0461EF 		.ascii	"\254\004a\357\325\317~\\b\355\262tv\334\234\356\230"
 129      D5CF7E5C 
 129      62EDB274 
 129      76DC9CEE 
 129      98
 130 01d5 07299F99 		.ascii	"\007)\237\231x\226\010\250\332k\264\035\030\355\213"
 130      789608A8 
 130      DA6BB41D 
 130      18ED8B
 131 01e4 7A54ED83 		.ascii	"zT\355\203\264=\030\031\335\356\020\357K\263]\277]>"
 131      B43D1819 
 131      DDEE10EF 
 131      4BB35DBF 
 131      5D3E
 132 01f6 26D82CF5 		.ascii	"&\330,\365\362\306\274b+Q\232\035\023\016<\251\214\236"
 132      F2C6BC62 
 132      2B519A1D 
 132      130E3CA9 
 132      8C9E
 133 0208 A0A08E63 		.ascii	"\240\240\216c\312\354\357G_\356\3649tl\305\205\330\202"
ARM GAS  C:\Users\SANDEE~1\AppData\Local\Temp\ccRStUKb.s 			page 10


 133      CAECEF47 
 133      5FEEF439 
 133      746CC585 
 133      D882
 134 021a 0BF7D94D 		.ascii	"\013\367\331M\307S\350@\000\315\0264\016`\302z9QN\005"
 134      C753E840 
 134      00CD1634 
 134      0E60C27A 
 134      39514E05 
 135 022e 9A37DEDC 		.ascii	"\2327\336\334\377\326;\024\007\265@G.\247A):]\310\345"
 135      FFD63B14 
 135      07B54047 
 135      2EA74129 
 135      3A5DC8E5 
 136 0242 319133F5 		.ascii	"1\2213\365\320\0011\222\273\353\247\245;\310\373Y4\231"
 136      D0013192 
 136      BBEBA7A5 
 136      3BC8FB59 
 136      3499
 137 0254 215E65F2 		.ascii	"!^e\362\224\305\202\3714y\262yZ\300S\016\253\000TR\004"
 137      94C582F9 
 137      3479B279 
 137      5AC0530E 
 137      AB005452 
 138 0269 4CD92AA1 		.ascii	"L\331*\241\361\277\270\213\2457\272\036\325\233\034"
 138      F1BFB88B 
 138      A537BA1E 
 138      D59B1C
 139 0278 5454305F 		.ascii	"TT0_\307\033\352\007d5t\314\302\037\222\351T\021\241"
 139      C71BEA07 
 139      643574CC 
 139      C21F92E9 
 139      5411A1
 140 028b 46436204 		.ascii	"FCb\0047\3268 *\214\250`\226^\031l\337\203J\3656b\033"
 140      37D63820 
 140      2A8CA860 
 140      965E196C 
 140      DF834AF5 
 141 02a2 E9924293 		.ascii	"\351\222B\223\223\024f\221\016)\274\210]:\241+\205\271"
 141      93146691 
 141      0E29BC88 
 141      5D3AA12B 
 141      85B9
 142 02b4 D84E7272 		.ascii	"\330Nrr7$XN\302\232H\347\005'\013M\004\3741\345(\010"
 142      3724584E 
 142      C29A48E7 
 142      05270B4D 
 142      04FC31E5 
 143 02ca CF4D1CC1 		.ascii	"\317M\034\301\222\277\331N6\331a\243\243\354u>\201\232"
 143      92BFD94E 
 143      36D961A3 
 143      A3EC753E 
 143      819A
 144 02dc 4FF794B9 		.ascii	"O\367\224\271\030\344A\304\016\014\223\012\313\377e"
 144      18E441C4 
 144      0E0C930A 
 144      CBFF65
ARM GAS  C:\Users\SANDEE~1\AppData\Local\Temp\ccRStUKb.s 			page 11


 145 02eb F902A572 		.ascii	"\371\002\245r\353\253\035\353\225\306\2045\366H`B\305"
 145      EBAB1DEB 
 145      95C68435 
 145      F6486042 
 145      C5
 146 02fc 759CEDE5 		.ascii	"u\234\355\345\220\026\363\371a\353\013\237\322\001\374"
 146      9016F3F9 
 146      61EB0B9F 
 146      D201FC
 147 030b 292DAE9C 		.ascii	")-\256\234T \225\"\003\332\014\254\"n\266\031\342>y"
 147      54209522 
 147      03DA0CAC 
 147      226EB619 
 147      E23E79
 148 031e A30AD509 		.ascii	"\243\012\325\011$S%u#m\021Y125q\247#\352[\332\310\327"
 148      24532575 
 148      236D1159 
 148      31323571 
 148      A723EA5B 
 149 0335 3BBE8E13 		.ascii	";\276\216\023\345\256.\2266\260\023\227R\241\024\242"
 149      E5AE2E96 
 149      36B01397 
 149      52A114A2 
 150 0345 7D7AC47B 		.ascii	"}z\304{\012\321\305\010\227\014\247\353\351\341e\252"
 150      0AD1C508 
 150      970CA7EB 
 150      E9E165AA 
 151 0355 2B667AB1 		.ascii	"+fz\261\014\212\370t\252X\006\\\326\005\027\253|\374"
 151      0C8AF874 
 151      AA58065C 
 151      D60517AB 
 151      7CFC
 152 0367 6A132A75 		.ascii	"j\023*u\017\365\021\376\304:KW{?\301[[\037\0169\213"
 152      0FF511FE 
 152      C43A4B57 
 152      7B3FC15B 
 152      5B1F0E39 
 153 037c C62D574C 		.ascii	"\306-WLxwS\022\200g\260\210\362\365\222:\211\257?\334"
 153      78775312 
 153      8067B088 
 153      F2F5923A 
 153      89AF3FDC 
 154 0390 7FCD4B62 		.ascii	"\177\315Kb\032Dh\237\214\210\260\200\335XD\342\266\330"
 154      1A44689F 
 154      8C88B080 
 154      DD5844E2 
 154      B6D8
 155 03a2 E643263B 		.ascii	"\346C&;\367\243\206=\030\246\243\177\342\015[\\)D\200"
 155      F7A3863D 
 155      18A6A37F 
 155      E20D5B5C 
 155      294480
 156 03b5 79AC1067 		.ascii	"y\254\020g%\"\025\256\237\302='\0217\317\036:,_\270"
 156      252215AE 
 156      9FC23D27 
 156      1137CF1E 
 156      3A2C5FB8 
ARM GAS  C:\Users\SANDEE~1\AppData\Local\Temp\ccRStUKb.s 			page 12


 157 03c9 204ED008 		.ascii	" N\320\010`/\206cTd\212\276\346\334\342dm\236\365\364"
 157      602F8663 
 157      54648ABE 
 157      E6DCE264 
 157      6D9EF5F4 
 158 03dd 56786318 		.ascii	"Vxc\030-\346\342\254&\312\022\221L\225/\376\214$\020"
 158      2DE6E2AC 
 158      26CA1291 
 158      4C952FFE 
 158      8C2410
 159 03f0 7E99B703 		.ascii	"~\231\267\003F@\345\335\262Be\031\234\2245\2741\347"
 159      4640E5DD 
 159      B2426519 
 159      9C9435BC 
 159      31E7
 160 0402 3E3BE7E0 		.ascii	">;\347\340\344\234\343O\265IY\237\247\267{J\232\361"
 160      E49CE34F 
 160      B549599F 
 160      A7B77B4A 
 160      9AF1
 161 0414 D593F2EC 		.ascii	"\325\223\362\354'\035J\314\316\202\203rB<O]\250\356"
 161      271D4ACC 
 161      CE828372 
 161      423C4F5D 
 161      A8EE
 162 0426 231FBEBA 		.ascii	"#\037\276\272P\245\233\236]u\253K0\017/\244Z\347\202"
 162      50A59B9E 
 162      5D75AB4B 
 162      300F2FA4 
 162      5AE782
 163 0439 7D21F100 		.ascii	"}!\361\0007\306\357\327\030J\231\257T\315\365o\036\030"
 163      37C6EFD7 
 163      184A99AF 
 163      54CDF56F 
 163      1E18
 164 044b DBB0BAB8 		.ascii	"\333\260\272\270\224<\216\314\346/\005\324\321]\245"
 164      943C8ECC 
 164      E62F05D4 
 164      D15DA5
 165 045a E82FE236 		.ascii	"\350/\3426Lo\206._\253T\245u\371B\235\252\336\273\331"
 165      4C6F862E 
 165      5FAB54A5 
 165      75F9429D 
 165      AADEBBD9 
 166 046e B4F16399 		.ascii	"\264\361c\231\204\307\001\212\362\022\206\353\204||"
 166      84C7018A 
 166      F21286EB 
 166      847C7C
 167 047d 2E9315E9 		.ascii	".\223\025\351\337\015\003\346+^\013\305\322\212\362"
 167      DF0D03E6 
 167      2B5E0BC5 
 167      D28AF2
 168 048c 99F07A30 		.ascii	"\231\360z0\215\327\233\246G$y\375K\032\257\257\234\264"
 168      8DD79BA6 
 168      472479FD 
 168      4B1AAFAF 
 168      9CB4
ARM GAS  C:\Users\SANDEE~1\AppData\Local\Temp\ccRStUKb.s 			page 13


 169 049e 799D4664 		.ascii	"y\235Fd\023\"n\325\320\366\3076\2213_#r\326\033\233"
 169      13226ED5 
 169      D0F6C736 
 169      91335F23 
 169      72D61B9B 
 170 04b2 7AC56E6A 		.ascii	"z\305nj\346tD\276\372\246\226Nf\356\265\311\035\235"
 170      E67444BE 
 170      FAA6964E 
 170      66EEB5C9 
 170      1D9D
 171 04c4 312FAF4B 		.ascii	"1/\257K^f\3114<\320\207*\215\261\317U\320\241\031\360"
 171      5E66C934 
 171      3CD0872A 
 171      8DB1CF55 
 171      D0A119F0 
 172 04d8 F2869D42 		.ascii	"\362\206\235Bhz^\016\315\200\227\303Sy\351\205\312\345"
 172      687A5E0E 
 172      CD8097C3 
 172      5379E985 
 172      CAE5
 173 04ea 1454E7B0 		.ascii	"\024T\347\260\254+\233#\013\273o'\266\033y\307\255\012"
 173      AC2B9B23 
 173      0BBB6F27 
 173      B61B79C7 
 173      AD0A
 174 04fc FA9413EC 		.ascii	"\372\224\023\354&\346\301+\225\226)*\364\205\376\225"
 174      26E6C12B 
 174      9596292A 
 174      F485FE95 
 175 050c 54D85C00 		.ascii	"T\330\\\000\232\203H\304!^\352\362\300\007eo\013u\240"
 175      9A8348C4 
 175      215EEAF2 
 175      C007656F 
 175      0B75A0
 176 051f 492323BB 		.ascii	"I##\273\376\230\306\325\255\244+\367\377\273\272\235"
 176      FE98C6D5 
 176      ADA42BF7 
 176      FFBBBA9D 
 177 052f 74E597DF 		.ascii	"t\345\227\337\250\277P\203\344\233\214|@;\367\332\374"
 177      A8BF5083 
 177      E49B8C7C 
 177      403BF7DA 
 177      FC
 178 0540 359F16AC 		.ascii	"5\237\026\254\377`\025\350\037/[\365\231(\314\377H\024"
 178      FF6015E8 
 178      1F2F5BF5 
 178      9928CCFF 
 178      4814
 179 0552 6E58697C 		.ascii	"nXi|\221\377\311\206\002\347\332\202\302\302\3745\005"
 179      91FFC986 
 179      02E7DA82 
 179      C2C2FC35 
 179      05
 180 0563 C6BA2F57 		.ascii	"\306\272/WnXm\254\347\371?\351\320\014\215"
 180      6E586DAC 
 180      E7F93FE9 
 180      D00C8D
ARM GAS  C:\Users\SANDEE~1\AppData\Local\Temp\ccRStUKb.s 			page 14


 181              		.text
 182              		.section	.gnu.lto_.symbol_nodes.bfe24977,"",%progbits
 183 0000 789C6365 		.ascii	"x\234ce`bHf\000\002\246\211L\365\014\014\023\31610\000"
 183      60624866 
 183      0002A689 
 183      4CF50C0C 
 183      13CE3130 
 184 0015 A95D0D8E 		.ascii	"\251]\015\216@\221IL\365\214(\"\214\223\231\352\231"
 184      4091494C 
 184      F58C2822 
 184      8C9399EA 
 184      99
 185 0026 C0220C0C 		.ascii	"\300\"\014\014\015\015\016\014\014\314@\335-\177\237"
 185      0D0D0E0C 
 185      0CCC40DD 
 185      2D7F9F
 186 0035 3082E827 		.ascii	"0\202\350'\017e\231\031\201\324q[\020u\244\213\027L"
 186      0F659919 
 186      81D4715B 
 186      1075A48B 
 186      174C
 187 0047 9DFBCA08 		.ascii	"\235\373\312\010\242\227\364\2131\000\000\312\225\030"
 187      A297F48B 
 187      310000CA 
 187      9518
 188 0055 78       		.ascii	"x"
 189              		.text
 190              		.section	.gnu.lto_.refs.bfe24977,"",%progbits
 191 0000 789C6365 		.ascii	"x\234ce`b`d\000\002\000\000I\000\011"
 191      60626064 
 191      00020000 
 191      490009
 192              		.text
 193              		.section	.gnu.lto_.decls.bfe24977,"",%progbits
 194 0000 789CB55B 		.ascii	"x\234\265[{\\TW~\237s\317\235\201\031\006\310\252\237"
 194      7B5C5457 
 194      7E9F73CF 
 194      9D811906 
 194      C8AA9F
 195 0013 6CBAE5B3 		.ascii	"l\272\345\263\365\263\313&\264\335\210\340\256I\332"
 195      F5B3CB26 
 195      B4DD88E0 
 195      AE49DA
 196 0022 6D9B2C9A 		.ascii	"m\233,\232\215\335\030S%i\266\265\235%0*]^;\214\306"
 196      8DDD1853 
 196      2569B6B5 
 196      9D25302A 
 196      5D5E3B8C 
 197 0037 B47F7404 		.ascii	"\264\177t\004\004\305\007\212\242\240  >@\036\212\012"
 197      04C5078A 
 197      A2A02020 
 197      3E401E8A 
 197      0A
 198 0048 F2908780 		.ascii	"\362\220\207\200\010\250\370\000\021\001\001QQ@A\300"
 198      08A8F800 
 198      11010151 
 198      514041C0 
ARM GAS  C:\Users\SANDEE~1\AppData\Local\Temp\ccRStUKb.s 			page 15


 199 0058 2728F477 		.ascii	"'(\364w\316\2713\367\316\314\035\223n?%\371\315\275"
 199      CEB933F7 
 199      CECC1D93 
 199      6E3F25F9 
 199      CDBD
 200 006a BF73BFE7 		.ascii	"\277s\277\347\367:\277\363\270\347\036\225\012N\361"
 200      F73ABFF3 
 200      B8E71E95 
 200      0A4EF1
 201 0079 A30F148A 		.ascii	"\243\017\024\212\014'\205\342\347H\241\230\206?\254"
 201      0C2785E2 
 201      E748A198 
 201      863FAC
 202 0088 5028F281 		.ascii	"P(\362\201x\240\002\240w\200\312\200j\024\354\217<_"
 202      78A002A0 
 202      7780CA80 
 202      6A14EC8F 
 202      3C5F
 203 009a C42914FF 		.ascii	"\304)\024\377\004\024\300)\354\376v@Ew\001?\003h\026"
 203      0414C029 
 203      ECFE7640 
 203      4577013F 
 203      036816
 204 00ad D0C71C93 		.ascii	"\320\307\034\223\021\010\327\267\341\252\002\012\202"
 204      1108D7B7 
 204      E1AA020A 
 204      82
 205 00ba FBAF38A6 		.ascii	"\373\2578\246C\3171=\277\207k\251 \207\023\364\310\351"
 205      43CF313D 
 205      BF876BA9 
 205      208713F4 
 205      C8E9
 206 00cc C8021D33 		.ascii	"\310\002\0353\341\372\245\215\216\032\205\250\307C!"
 206      E1FAA58D 
 206      8E1A85A8 
 206      C74321
 207 00db EA0A067E 		.ascii	"\352\012\006~\211\240S/\350\374\312\201N\263_J\270\377"
 207      89A0532F 
 207      E8FCCA81 
 207      4EB35F4A 
 207      B8FF
 208 00ed 235C0D40 		.ascii	"#\\\015@\221@F\240\3256\266\354\306\350fCN.\336\212"
 208      914046A0 
 208      D536B6EC 
 208      C6E86643 
 208      4E2EDE8A 
 209 0101 D1120D22 		.ascii	"\321\022\015\"\321s\207\242\243\017J_\270\262\"\202"
 209      D17387A2 
 209      A30F4A5F 
 209      B8B22282 
 210 0111 E87991FD 		.ascii	"\350y\221\375\361\234<\023\373s\346\304\252\007^\214"
 210      F19C3C13 
 210      FB73E6C4 
 210      AA075E8C 
 211 0121 9CD26217 		.ascii	"\234\322b\027\012\272\022s,\225\210\231\241A<\260\243"
 211      0ABA1273 
 211      2C958899 
ARM GAS  C:\Users\SANDEE~1\AppData\Local\Temp\ccRStUKb.s 			page 16


 211      A1413CB0 
 211      A3
 212 0132 17F7DC76 		.ascii	"\027\367\334v\003v\226\006\315\336\215\271+\025\017"
 212      03769606 
 212      CDDE8DB9 
 212      2B150F
 213 0141 6F39232F 		.ascii	"o9#/\315!\"\242\372z\342\234\361\365&\023\207\012\220"
 213      CD2122A2 
 213      FA7AE29C 
 213      F1F52613 
 213      870A90
 214 0154 061D4118 		.ascii	"\006\035A\030\345\2409 \021\364\301\357\006\223)\312"
 214      E5A03920 
 214      11F4C1EF 
 214      069329CA 
 215 0164 B42DDAA4 		.ascii	"\264-\332\244\376D\201\362\220\007\312E\036\012\224"
 215      FE4481F2 
 215      9007CA45 
 215      1E0A94
 216 0173 8FBC8835 		.ascii	"\217\274\2105\004\207\262\241\3600)\204\332\240i\375"
 216      0487B2A1 
 216      F0302984 
 216      DAA069FD 
 217 0183 96FCDD1A 		.ascii	"\226\374\335\032\320\244b\366;A\321\235G\023\305<+\""
 217      D0A462F6 
 217      3B41D19D 
 217      4713C53C 
 217      2B22
 218 0195 FAD64251 		.ascii	"\372\326BQZJW\241\033\376=1\225{pkc\274\304\230\264"
 218      5A4A57A1 
 218      1BFE3D31 
 218      957B706B 
 218      63BCC498 
 219 01aa F9298F4C 		.ascii	"\371)\217L\246\331\350\004\030S(\032\243\022\2141\331"
 219      A6D9E804 
 219      1853281A 
 219      A3128C31 
 219      D9
 220 01bb 19731C8C 		.ascii	"\031s\034\214Q\011\306\034\203\302\243P\010*\306^<:"
 220      5109C61C 
 220      83C2A350 
 220      082AC65E 
 220      3C3A
 221 01cd C9E33244 		.ascii	"\311\3432Du\304\337\032{\345\2164^\262\002\212e\004"
 221      75C4DF1A 
 221      7BE58E34 
 221      5EB2028A 
 221      6504
 222 01df 08C694F8 		.ascii	"\010\306\224\370\026\321\310\024\2011'Ec\3006\026\362"
 222      16D1C814 
 222      81312745 
 222      63C03616 
 222      F2
 223 01f0 EB9B5B3A 		.ascii	"\353\233[:U8\216\243J^\0146\344\273X\034\031i\364L\236"
 223      55388EA3 
 223      4A5E0C36 
 223      E4BB581C 
ARM GAS  C:\Users\SANDEE~1\AppData\Local\Temp\ccRStUKb.s 			page 17


 223      1969F44C 
 224 0205 208E9442 		.ascii	" \216\224B\335Sb\335\"\344\320\223\022yO\272\373\217"
 224      DD5362DD 
 224      22E4D093 
 224      12794FBA 
 224      FB8F
 225 0217 A7B86AE3 		.ascii	"\247\270j\343-\015A%\232+)P\031\322\222\004 W\222,\353"
 225      2D0D4125 
 225      9A2B2950 
 225      19D29204 
 225      2057922C 
 226 022c EFE43843 		.ascii	"\357\3448C\260= \376H\222<\036,yNV\217\347\363\270\206"
 226      B03D20FE 
 226      48923C1E 
 226      2C794E56 
 226      8FE7F3B8 
 227 0241 195C7CF2 		.ascii	"\031\\|\362\316\036\215$\362s\326\307\021g\253@|\205"
 227      CE1E8D24 
 227      F273D6C7 
 227      1167AB40 
 227      7C85
 228 0253 68B08725 		.ascii	"h\260\207%\015\036\3557\341\267\024h\236\007\232\013"
 228      0D1EED37 
 228      E1B71468 
 228      9E079A0B 
 229 0263 D65682B5 		.ascii	"\326V\202\265\036\202\265\247\301\232rfmNzv\235+\276"
 229      1E82B5A7 
 229      C19A7266 
 229      6D4E7A76 
 229      9D2BBE
 230 0276 C034A424 		.ascii	"\3004\244$\2359\351&j(\371\311\011\032\316\032\320P"
 230      9D39E926 
 230      6A28F9C9 
 230      091ACE1A 
 230      D050
 231 0288 2D6AA842 		.ascii	"-j\250B\016T\234\221QA*\203\232\342\270\3724m7\352B"
 231      0E549C91 
 231      51412A83 
 231      9AE2B8FA 
 231      346D37EA 
 232 029d D001D01B 		.ascii	"\320\001\320\033\264\013@S\323_D\211\262\323\346?\204"
 232      B40B4053 
 232      D35F4489 
 232      B2D3E63F 
 232      84
 233 02ae 68399472 		.ascii	"h9\224r\364\227\001i\0212\327\020xN`9A$\375_\250\214"
 233      F4970169 
 233      1132D710 
 233      784E6039 
 233      4124FD5F 
 234 02c4 2412D963 		.ascii	"$\022\331c\246\311\374\247`pf\211\002\261\377\2508N"
 234      A6C9FCA7 
 234      60706689 
 234      02B1FFA8 
 234      384E
 235 02d6 548090B4 		.ascii	"T\200\220\264\202D 3[xn\261O!:\207\314]\375\301\346"
 235      82442033 
ARM GAS  C:\Users\SANDEE~1\AppData\Local\Temp\ccRStUKb.s 			page 18


 235      5B786EB1 
 235      4F213A87 
 235      CC5DFDC1 
 236 02eb F174BE07 		.ascii	"\361t\276\007\335D\310E\221\361!\242ew;N\244p\270\225"
 236      DD44C845 
 236      91F121A2 
 236      65773B4E 
 236      A470B895 
 237 02ff 061E8DC6 		.ascii	"\006\036\215\306\356\332\210x\216\245\005\372\232'e"
 237      EEDA8878 
 237      8EA505FA 
 237      9A2765
 238 030e 0DD12D9D 		.ascii	"\015\321-\235\316\264\214\304\277\036\321\302\353\246"
 238      CEB48CC4 
 238      BF1ED1C2 
 238      EBA6
 239 031c 2BF1EE96 		.ascii	"+\361\356\226\302s\254\260\374\324\351z%\033=\346\002"
 239      C273ACB0 
 239      FCD4E97A 
 239      251B3DE6 
 239      02
 240 032d 5B12DD99 		.ascii	"[\022\335\231\212\360\020\223|\365\321\2054\0276\224"
 240      8AF01093 
 240      7CF5D185 
 240      34173694 
 241 033d BC01EC9E 		.ascii	"\274\001\354\236\362\307M\002\324\031\330\375\273&n"
 241      F2C74D02 
 241      D419D8FD 
 241      BB266E
 242 034c B8E05106 		.ascii	"\270\340Q\006=\361(i\217\006O2\346\325\261\226)5\216"
 242      3DF12869 
 242      8F064F32 
 242      E6D5B196 
 242      29358E
 243 035f C2483ACA 		.ascii	"\302H:\312\275c?\312\275\303\022\365j\302\330\001'\034"
 243      BD633FCA 
 243      BDC312F5 
 243      6AC2D801 
 243      271C
 244 0371 87591A35 		.ascii	"\207Y\0325]\257\341%\211\372\367)c\244g\265\202\305"
 244      5DAFE125 
 244      89FAF729 
 244      63A467B5 
 244      82C5
 245 0383 57C5347A 		.ascii	"W\3054z\307\341x\325\002y\364\216\220GW\240\360\262"
 245      C7E178D5 
 245      0279F48E 
 245      904757A0 
 245      F0B2
 246 0395 90AA07B6 		.ascii	"\220\252\007\266\357W\341D\246\243\276\262\263\235g"
 246      EF57E144 
 246      A6A3BEB2 
 246      B39D67
 247 03a4 4384BD80 		.ascii	"C\204\275\200\3532\002,9]Os\272\015\214\271&\032\323"
 247      EB32022C 
 247      395D4F73 
 247      BA0D8CB9 
ARM GAS  C:\Users\SANDEE~1\AppData\Local\Temp\ccRStUKb.s 			page 19


 247      261AD3
 248 03b7 6A1E2236 		.ascii	"j\036\"6\344m\255\305\032\220\032\375\275\244B\215\214"
 248      E46DADC5 
 248      1A901AFD 
 248      BDA4428D 
 248      8C
 249 03c8 97678EF2 		.ascii	"\227g\216\362\322\376\336n\325\337o\260\376\016\300"
 249      D2FEDE6E 
 249      D5DF6FB0 
 249      FE0EC0
 250 03d7 D2C1BB6B 		.ascii	"\322\301\273k\360^l\325,3X\263\334yyv\263\022\357g\317"
 250      F05E6CD5 
 250      2C3358B3 
 250      DC797976 
 250      B312EF67 
 251 03ec 6E9DBE9F 		.ascii	"n\235\276\237\252\306\207\031\223x\262=\333\011\347"
 251      AAC68719 
 251      9378B23D 
 251      DB09E7
 252 03fb 31667745 		.ascii	"1fwE\336\031\015>\306\230\313e\275w\335p\021c\206c\356"
 252      DE190D3E 
 252      C698CB65 
 252      BD77DD70 
 252      11638663 
 253 0410 F60AF2DE 		.ascii	"\366\012\362\336\002\366\330\351\230\207\302\004RM\206"
 253      02F6D8E9 
 253      9887C204 
 253      524D86
 254 041f 95A80717 		.ascii	"\225\250\007\027\357+q\011\305:\027\0369\273N\215<\341"
 254      EF2B7109 
 254      C53A171E 
 254      39BB4E8D 
 254      3CE1
 255 0431 6FA6A797 		.ascii	"o\246\247\227\347~SL\264\251\372\336\310\354\312\253"
 255      E77E534C 
 255      B4A9FADE 
 255      C8ECCAAB 
 256 0441 774CA644 		.ascii	"wL\246D-5\3776D\346>\232)\372\336I}\311#\277\012Vc\342"
 256      2D35FF36 
 256      44E63E9A 
 256      29FADE49 
 256      7DC923BF 
 257 0459 EF524CD5 		.ascii	"\357RL\3251\230\302\273\344\341>\"zP\202\356\266E_\260"
 257      3198C2BB 
 257      E4E13E22 
 257      7A5082EE 
 257      B6455FB0 
 258 046d 45F749D0 		.ascii	"E\367I\320=\266ho\321\222\355tX6\231>\344\025\250\017"
 258      3DB6686F 
 258      D192ED74 
 258      5836993E 
 258      E415A80F 
 259 0481 9EDFA282 		.ascii	"\236\337\242\202\010\032\032\011\015B{\015!Ot\017\250"
 259      081A1A09 
 259      0D427B0D 
 259      214F740F 
 259      A8
ARM GAS  C:\Users\SANDEE~1\AppData\Local\Temp\ccRStUKb.s 			page 20


 260 0492 1F6800E8 		.ascii	"\037h\000\350.\320\035\344I;&\3235&\321uS\3362\246\214"
 260      2ED01DE4 
 260      493B26D3 
 260      3526D175 
 260      53DE32A6 
 261 04a7 255073C5 		.ascii	"%Ps\305\214u&\023\"0\205\220<\242\254\356\212\031\211"
 261      8C752613 
 261      22308590 
 261      3CA2ACEE 
 261      8A1989
 262 04ba D1A686B9 		.ascii	"\321\246\206\271TX\257\254\341\324K\262,\250nnv\307"
 262      5458AFAC 
 262      E1D44BB2 
 262      2CA86E6E 
 262      76C7
 263 04cc C32C991F 		.ascii	"\303,\231\037w\237\213R\242\231^r\376\240ap\343\373"
 263      779F8B52 
 263      A2995E72 
 263      FEA06170 
 263      E3FB
 264 04de BA24D858 		.ascii	"\272$\330X\251\202\245\006z\010\225\036\210)N,\246\252"
 264      A982A506 
 264      7A08951E 
 264      88294E2C 
 264      A6AA
 265 04f0 AB8FD5A7 		.ascii	"\253\217\325\247\273H\023\366\241\304J\005\032\261$"
 265      BB4813F6 
 265      A1C44A05 
 265      1AB124
 266 04ff ECE4FD9D 		.ascii	"\354\344\375\2357\020K*2WE\225\337\330\356\316\222\252"
 266      37104B2A 
 266      32574595 
 266      DFD8EECE 
 266      92AA
 267 0511 973C3EDD 		.ascii	"\227<>\335>>\241\306\353x\342\202\323\213{\243Inh&\311"
 267      3E3EA1C6 
 267      EB78E282 
 267      D38B7BA3 
 267      496E6826 
 268 0526 2A4F2B3F 		.ascii	"*O+?FA\360#*x\\p\342\0058\361\004\214~\012\364\034\350"
 268      4641F023 
 268      2A785C70 
 268      E20538F1 
 268      048C7E0A 
 269 053d 19D0634B 		.ascii	"\031\320cK\233\200U\325\3476\342\241\334\346M\246\336"
 269      9B8055D5 
 269      E736E2A1 
 269      DCE64DA6 
 269      DE
 270 054e 6A44C7B9 		.ascii	"jD\307\2711\360\202\324\026\346\031\326*\347\205d$\025"
 270      31F082D4 
 270      16E619D6 
 270      2AE78564 
 270      2415
 271 0560 9EDE9CB5 		.ascii	"\236\336\234\265\203\006\036\214G\035\002Z&\360\014"
 271      83061E8C 
 271      471D025A 
ARM GAS  C:\Users\SANDEE~1\AppData\Local\Temp\ccRStUKb.s 			page 21


 271      26F00C
 272 056f 3DF16FAC 		.ascii	"=\361o\254\311\241k\242K\262\340<\211\354\266\356\031"
 272      C9A16BA2 
 272      4BB2E03C 
 272      89ECB6EE 
 272      19
 273 0580 E351A6E4 		.ascii	"\343Q\246\344\271\324\222\213r\226\314\023\3015\377"
 273      B9D4928B 
 273      7296CC13 
 273      C135FF
 274 058f BEDB54BD 		.ascii	"\276\333T\275\016Sl\263\034\326GL\245\341\233,\225\306"
 274      0E536CB3 
 274      1CD6474C 
 274      A5E19B2C 
 274      95C6
 275 05a1 AD5389CC 		.ascii	"\255S\211\314\015\271\003i.\270\234F\226\273\270m\177"
 275      0DB90369 
 275      2EB89C46 
 275      96BBB86D 
 275      7F
 276 05b2 81B34D72 		.ascii	"\201\263Mr\230\203\212^B,\277O\\\231\306\376n\232\030"
 276      98838A5E 
 276      422CBF4F 
 276      5C99C6FE 
 276      6E9A18
 277 05c5 93506142 		.ascii	"\223PaBL\214qsb4un\013\231)\250\331\340H\215\302\241"
 277      4C8C7173 
 277      6234756E 
 277      0B9929A8 
 277      D9E0488D 
 278 05db 0E909099 		.ascii	"\016\220\220\231~\377\236\325X\370\312*\265\246,\251"
 278      7EFF9ED5 
 278      58F8CA2A 
 278      B5A62CA9 
 279 05eb B577FCE6 		.ascii	"\265w\374\346\200\232\245\226\027\231\207r6\2469\343"
 279      809AA596 
 279      17998772 
 279      36A639E3 
 280 05fb 66EA308A 		.ascii	"f\3520\212\035k\334\252\306\255\2141/\205g\320\2450"
 280      1D6BDCAA 
 280      C6AD8C31 
 280      2F8567D0 
 280      A530
 281 060d DA5B98DB 		.ascii	"\332[\230\333\257\305\335\354\331\331\351g\325\356\354"
 281      AFC5DDEC 
 281      D9D9E967 
 281      D5EEEC
 282 061c 1907ECCE 		.ascii	"\031\007\354\316\023\371\353\325\370>{vpb\362\021\231"
 282      13F9EBD5 
 282      F83E7B76 
 282      7062F211 
 282      99
 283 062d B2DE2653 		.ascii	"\262\336&S\026\226LXo\263\011\253\352|\343!-~\310B\274"
 283      16964C58 
 283      6FB309AB 
 283      EA7CE321 
 283      2D7EC842 
ARM GAS  C:\Users\SANDEE~1\AppData\Local\Temp\ccRStUKb.s 			page 22


 284 0642 2D337793 		.ascii	"-3w\223\332<\231\300\310\257\364\242\351\205b8\360="
 284      DA3C99C0 
 284      C8AFF4A2 
 284      E9856238 
 284      F03D
 285 0654 9EF32295 		.ascii	"\236\363\"\225\250\353q\234\007\212\345,\223I\332\333"
 285      A8EB719C 
 285      078AE52C 
 285      9349DADB 
 286 0664 BBE9126C 		.ascii	"\273\351\022l#\247A\0338K@\337\026\346\222\312\355\235"
 286      23A7411B 
 286      384B40DF 
 286      16E692CA 
 286      ED9D
 287 0676 FD1AFC9C 		.ascii	"\375\032\374\234\351x\031\275kD2)\226\370\326\321yh"
 287      E97819BD 
 287      6B443229 
 287      96F8D6D1 
 287      7968
 288 0688 0B54DD24 		.ascii	"\013T\335$V\005I\346Y\321\326\216\3152v\200\222\251"
 288      560549E6 
 288      59D1D68E 
 288      CD327680 
 288      92A9
 289 069a FC94672A 		.ascii	"\374\224g*\274NI\225\034\215o\356U[\224\364\344\340"
 289      BC4E4995 
 289      1C8D6FEE 
 289      555B94F4 
 289      E4E0
 290 06ac 8EF3D018 		.ascii	"\216\363\320\030<\332\006Z\266\212Z\2668\326\222 \257"
 290      3CDA065A 
 290      B68A5AB6 
 290      38D69220 
 290      AF
 291 06bd E5C0AB04 		.ascii	"\345\300\253\004W|\232*A\247\206sO\271\262\260W\023"
 291      577C9A2A 
 291      41A78673 
 291      4FB9B2B0 
 291      5713
 292 06cf 3EBB3F75 		.ascii	">\273?u\253\226\361\357\003\033\027=q\235\307\265\014"
 292      AB96F1EF 
 292      031B173D 
 292      719DC7B5 
 292      0C
 293 06e0 6BDA3999 		.ascii	"k\3329\231\356\212\233\231u\246\273g\357r\216\346\354"
 293      EE8A9B99 
 293      75A6BB67 
 293      EF728EE6 
 293      EC
 294 06f1 DD9CA339 		.ascii	"\335\234\2439{\244q6[\232\357\002/\222D/\332\314sv\327"
 294      7BA47136 
 294      5B9AEF02 
 294      2F92442F 
 294      DACC7376 
 295 0706 C8AE5815 		.ascii	"\310\256X\025nc\032_\224\014\245\252p/c\232\372v\336"
 295      6E631A5F 
 295      940CA5AA 
ARM GAS  C:\Users\SANDEE~1\AppData\Local\Temp\ccRStUKb.s 			page 23


 295      702F639A 
 295      FA76DE
 296 0719 E4F03D6B 		.ascii	"\344\360=k\273g\011v\247M\236<\353\202G\330\303\343"
 296      BB670976 
 296      A74D9E3C 
 296      EB8247D8 
 296      C3E3
 297 072b 8F37FD19 		.ascii	"\2177\375\031~\306\356\353n\2674(\361\024c6\235\210"
 297      7EC6EEEB 
 297      6EB73428 
 297      F1146336 
 297      9D88
 298 073d C9E47182 		.ascii	"\311\344q\202\2122eI\247\037:\343]\2149\363\352F\252"
 298      8A326549 
 298      A71F3AE3 
 298      5D8C39F3 
 298      EA46AA
 299 0750 061F624C 		.ascii	"\006\037bLq\177c\275\206\0117\221\031\367\345\301K\355"
 299      717F63BD 
 299      86093791 
 299      19F7E5C1 
 299      4BED
 300 0762 CEB8803D 		.ascii	"\316\270\200=\334\274\315t\316\005\237bL}B\314f\015"
 300      DCBCCD74 
 300      CE059F62 
 300      4C7D42CC 
 300      660D
 301 0774 AEA10C97 		.ascii	"\256\241\014\227\273e\303\003\207\313\230\303\016C\322"
 301      BB65C303 
 301      87CB98C3 
 301      0E43D2
 302 0783 F116E9C7 		.ascii	"\361\026\351\307\207 \036\007e\342Q\337\373j\314\035"
 302      87201E07 
 302      65E251DF 
 302      FB6ACC1D 
 303 0793 37337509 		.ascii	"73u\011\343\333\257+q+c\322\022\256\025c\334\303\230"
 303      E3DBAF2B 
 303      712B63D2 
 303      12AE1563 
 303      DCC398
 304 07a6 8D791BEB 		.ascii	"\215y\033\353\335\360\000c\366W\225?p\302/\0303\332"
 304      DDF00063 
 304      F657953F 
 304      70C22F18 
 304      33DA
 305 07b8 16755B83 		.ascii	"\026u[\20378\261\345H\327\271cnx3c\312\237\355-w\307"
 305      3738B1E5 
 305      48D7B963 
 305      6E783363 
 305      CA9FED2D 
 306 07ce 3B18     		.ascii	";\030"
 307 07d0 73F1F6F4 		.ascii	"s\361\366\364\230\006\357a\314\225u\231\020\232L\241"
 307      9806EF61 
 307      CC957599 
 307      109A4CA1 
 308 07e0 8E693245 		.ascii	"\216i2E\213\017S\206+\317\317\332 \276\267\014R\323"
 308      8B0F5386 
ARM GAS  C:\Users\SANDEE~1\AppData\Local\Temp\ccRStUKb.s 			page 24


 308      2BCFCFDA 
 308      20BEB70C 
 308      52D3
 309 07f2 4F82E9C7 		.ascii	"O\202\351\307\271\357\363\226u\202\223}\313j\036\215"
 309      B9EFF396 
 309      7582937D 
 309      CB6A1E8D 
 310 0802 7FE98EF3 		.ascii	"\177\351\216\363\231\272MI\017\017\301R\2101\365\227"
 310      99BA4D49 
 310      0F0FC152 
 310      8831F597 
 311 0812 32C69D71 		.ascii	"2\306\235q\015c\272\2237\225\273\340\006\306T&\214\225"
 311      0D63BA93 
 311      3795BBE0 
 311      06C65426 
 311      8C95
 312 0824 A8F125C6 		.ascii	"\250\361%\306\304=\357;\346\216\333\005\267\204\025"
 312      C43DEF3B 
 312      E68EDB05 
 312      B78415
 313 0833 F42CB682 		.ascii	"\364,\266\202\316j\255\035S\342\036\366,jGK\236\032"
 313      CE6AAD1D 
 313      53E21EF6 
 313      2C6A474B 
 313      9E1A
 314 0845 F7335F6E 		.ascii	"\3673_nU\327\302\002\324\354\313\230\323\207\250\012"
 314      55D7C202 
 314      D4ECCB98 
 314      D387A80A 
 315 0855 3CA9103D 		.ascii	"<\251\020=\251q\364rT\311\311\276\177\231\007\302Yl"
 315      A971F472 
 315      54C9C9BE 
 315      7F9907C2 
 315      596C
 316 0867 20ACCB2E 		.ascii	" \254\313.\355v\305\303\202[\233\247\216b\374\224iN"
 316      ED76C5C3 
 316      825B9BA7 
 316      8E62FC94 
 316      694E
 317 0879 AB9C4810 		.ascii	"\253\234H\020\337\315\372@s\035h\256\371\036\232k\345"
 317      DFCDFA40 
 317      731D68AE 
 317      F91E9A6B 
 317      E5
 318 088a 3557C48E 		.ascii	"5W\304\216E\340)\246\351@\355\321+N8\326\231j\272=p"
 318      45E029A6 
 318      E940EDD1 
 318      2B4E38D6 
 318      996ABA3D 
 319 089f FCB9ABD8 		.ascii	"\374\271\253\330^\240\251\0014\325\177\017M\347\344"
 319      5EA0A901 
 319      34D57F0F 
 319      4DE7E4
 320 08ae 35A5575C 		.ascii	"5\245W\\\311\201.D\245\243k\317+&\264x\027e\370\336"
 320      C9812E44 
 320      A5A36BCF 
 320      2B26B478 
ARM GAS  C:\Users\SANDEE~1\AppData\Local\Temp\ccRStUKb.s 			page 25


 320      1765F8DE 
 321 08c2 ACB12115 		.ascii	"\254\261!\025\362\362@H\003t\310\274K\242@\027Ac\023"
 321      F2F24048 
 321      0374C8BC 
 321      4BA24017 
 321      416313
 322 08d5 87CD3B2D 		.ascii	"\207\315;-{L\240\355\321\177\223b9\275\347A/y\244@\315"
 322      7B4CA0ED 
 322      D17F9362 
 322      39BDE741 
 322      2F79A440 
 323 08ea 30645D80 		.ascii	"0d]\200!k\017\344\030)\001\205\333.f\356Uk\204Z\033"
 323      216B0FE4 
 323      18290185 
 323      DB2E66EE 
 323      556B845A 
 324 08ff 5E5B0BD0 		.ascii	"^[\013\320\217\306\273Z9\351\014v\211\223\256\346/s"
 324      8FC6BB5A 
 324      39E90C76 
 324      8993AEE6 
 324      2F73
 325 0911 E6192CBD 		.ascii	"\346\031,\275\275\264\233\307{\231S\267M\265-\034\316"
 325      BDB49BC7 
 325      7B9953B7 
 325      4DB52D1C 
 325      CE
 326 0922 624C7E56 		.ascii	"bL~V\367A5\316eLEG\342}W\\\310\030\363\012j\206\260"
 326      F74135CE 
 326      654C4547 
 326      E27D575C 
 326      C818F30A 
 327 0939 82EA2E98 		.ascii	"\202\352.\230:\255\302E\354az\327h\276\023.amp\346Z"
 327      3AADC245 
 327      EC617AD7 
 327      68BE132E 
 327      616D70E6 
 328 094e 668E2BD2 		.ascii	"f\216+\322zI\014\371\362M\261S\334\000\323\277\320\012"
 328      7A490CF9 
 328      F24DB153 
 328      DC00D3BF 
 328      D00A
 329 0960 EDC1DAE9 		.ascii	"\355\301\332\351R\262\362\342\35582\330\267sZt]l\255"
 329      52B2F2E2 
 329      ED3832D8 
 329      B7735A74 
 329      5D6CAD
 330 0973 2FB4CCE0 		.ascii	"/\264\314\340S\267\222\252\204)\267\235\360\275Q\365"
 330      53B792AA 
 330      8429B79D 
 330      F0BD51F5 
 331 0983 2DCEF81E 		.ascii	"-\316\370\036S>:\334\372\322\025\0171\246\245?3F\030"
 331      533E3ADC 
 331      FAD2150F 
 331      31A6A53F 
 331      334618
 332 0996 D02FD341 		.ascii	"\320/\323A\374Ee\207\012\217\260\207\235I\317{\325x"
 332      FC456587 
ARM GAS  C:\Users\SANDEE~1\AppData\Local\Temp\ccRStUKb.s 			page 26


 332      0A8FB087 
 332      9D49CF7B 
 332      D578
 333 09a8 8C319BCE 		.ascii	"\2141\233\316\026\325\013\373V\015\364\235\365\332\246"
 333      16D50BFB 
 333      560DF49D 
 333      F5DAA6
 334 09b7 2A1E3F61 		.ascii	"*\036?a\017\017\237\3575)\361s\306\234\216?\377\322"
 334      0F0F9FEF 
 334      3529F173 
 334      C69C8E3F 
 334      FFD2
 335 09c9 194F3266 		.ascii	"\031O2fOY\\\224\006O1\246\255\251#\336\005\303\033\011"
 335      4F595C94 
 335      064F31A6 
 335      ADA923DE 
 335      05C31B09 
 336 09dd 616AAEED 		.ascii	"aj\256\355\277\244\304\353\031\263c\374y\036\302\033"
 336      BFA4C4EB 
 336      19B363FC 
 336      791EC21B 
 337 09ed 1973F778 		.ascii	"\031s\367x\347E'\274\2051\031\245=\215*\274\2351c\347"
 337      E74527BC 
 337      853119A5 
 337      3D8D2ABC 
 337      9D3163E7 
 338 0a01 52BFC149 		.ascii	"R\277\301I\354~\303\311\216D\015NaLV\331\2033\030\247"
 338      EC7EC3C9 
 338      8E440D4E 
 338      614C56D9 
 338      833318A7 
 339 0a15 316622AE 		.ascii	"1f\"\256p\263\032g2\346^\323\226y\370 \273O\035\230"
 339      70B31A67 
 339      32E65ED3 
 339      9679F820 
 339      BB4F1D98 
 340 0a29 36E21C76 		.ascii	"6\342\034v\237w\273\274\322\011\3473&\271\2730\206\307"
 340      9F77BBBC 
 340      D209E733 
 340      26B9BB30 
 340      86C7
 341 0a3b 858CB9BE 		.ascii	"\205\214\271\276ob\302\005\0271\246gK\367\277\340Rv"
 341      6F62C205 
 341      1731A667 
 341      4BF7BFE0 
 341      5276
 342 0a4d 5FD516FF 		.ascii	"_\325\026\377R\213+\030\223;=\236\240\305g\030\323\224"
 342      528B2B18 
 342      933B3D9E 
 342      A0C56718 
 342      D394
 343 0a5f F5B44678 		.ascii	"\365\264Fx\327\276Cg\246\302\321\307\316\254\253g\250"
 343      D7BE4367 
 343      A6C2D1C7 
 343      CEACAB67 
 343      A8
 344 0a70 76E33FBF 		.ascii	"v\343?\277\277\353I\216\023}\017#ob\322?/vaK\312\221"
ARM GAS  C:\Users\SANDEE~1\AppData\Local\Temp\ccRStUKb.s 			page 27


 344      BFEB498E 
 344      137D0F23 
 344      6F62D23F 
 344      2F76614B 
 345 0a86 5265764E 		.ascii	"RevN\323fSF\015\242M{\007\232v\212\223\254X\0239\233"
 345      D3665346 
 345      0DA24D7B 
 345      079A768A 
 345      93AC5813 
 346 0a9c F56DD322 		.ascii	"\365m\323\"\341\225\006\320\203\266\350id\203\276*A"
 346      E19506D0 
 346      83B6E869 
 346      6483BE2A 
 346      41
 347 0aad 0FC8A3A5 		.ascii	"\017\310\243\245\313\341\301\177\024\341\335\266\360"
 347      CBE1C17F 
 347      14E1DDB6 
 347      F0
 348 0aba 9B9C2DBC 		.ascii	"\233\234-\274O\002\357\221\207Km\221\240\373l\321\275"
 348      4F02EF91 
 348      874B6D91 
 348      A0FB6CD1 
 348      BD
 349 0acb 225ABA16 		.ascii	"\"Z\272\026~\006\235\367)Y\272<\021*\220\265\360f\354"
 349      7E069DF7 
 349      2959BA3C 
 349      112A90B5 
 349      F066EC
 350 0ade 8562B027 		.ascii	"\205b\260'2\001m\001Z\017\264\015h;\3204\347\211\342"
 350      32016D01 
 350      5A0FB40D 
 350      683BD034 
 350      E789E2
 351 0af1 E19A08B4 		.ascii	"\341\232\010\264\025\350\005\360\023@qp\277\011h#P4"
 351      15E805F0 
 351      13407170 
 351      BF096823 
 351      5034
 352 0b03 D073288B 		.ascii	"\320s(\213\205\353+\270&\300\365%\\'\201\326\301}\024"
 352      85EB2BB8 
 352      26C0F525 
 352      5C2781D6 
 352      C17D14
 353 0b16 D0062C7D 		.ascii	"\320\006,}g\031\374D4}\330\326\364[\266A\257\221\240"
 353      6719FC44 
 353      347DD8D6 
 353      F45BB641 
 353      AF91A0
 354 0b29 C76DD176 		.ascii	"\307m\321v\257 c\222\260t\331\242;l\2038!Aw\312\243"
 354      AF206392 
 354      B074D9A2 
 354      3B6C8338 
 354      214177CA 
 355 0b3e AD844BDA 		.ascii	"\255\204K\332\377\256-|\207\035|\342\037D\370cY\313"
 355      FFAE2D7C 
 355      871D7CE2 
 355      1F44F863 
ARM GAS  C:\Users\SANDEE~1\AppData\Local\Temp\ccRStUKb.s 			page 28


 355      59CB
 356 0b50 A5ED2971 		.ascii	"\245\355)qs\324\026|\301.\267\232$\226\337\226Os)\274"
 356      73D4167C 
 356      C12EB79A 
 356      2496DF96 
 356      4F7329BC 
 357 0b64 4362F97D 		.ascii	"Cb\371}[x\243]\310\177+\242\333l\321\327l\2038(\221"
 357      5B78A35D 
 357      C87F2BA2 
 357      DB6CD1D7 
 357      6C833828 
 358 0b79 DD2F1F15 		.ascii	"\335/\037\025\011zL\342\347C\371\306\267\352\024\022"
 358      097A4CE2 
 358      E743F9C6 
 358      B7EA1412 
 359 0b89 E1F7E40D 		.ascii	"\341\367\344\015\227\3569\014W\275A_\024\001f\275\347"
 359      97EE390C 
 359      57BD415F 
 359      140166BD 
 359      E7
 360 0b9a 40643537 		.ascii	"@d57\230\367\034@\330\230|\214\245Q\220\250\036\262"
 360      98F71C40 
 360      D8987C8C 
 360      A55190A8 
 360      1EB2
 361 0bac 4547D987 		.ascii	"EG\331\207X\322\"\267\344;\244\025\\\022\207G\266\360"
 361      58D222B7 
 361      E43BA415 
 361      5C128747 
 361      B6F0
 362 0bbe 4E5B5BFA 		.ascii	"N[[\372$\350\021y\264U\346I\340\017\344M7\357\256D\327"
 362      24E81179 
 362      B455E649 
 362      E00FE44D 
 362      37EFAE44 
 363 0bd3 3EB9EE26 		.ascii	">\271\356&\235\305\245Xh?l\236\305OM\017>R\342gt\300"
 363      9DC5A558 
 363      683F6C9E 
 363      C54F4D0F 
 363      3E52E267 
 364 0be9 C66DDB63 		.ascii	"\306m\333c\0068\3449\323\213\351\203\031u\317\335\363"
 364      0638E439 
 364      D38BE983 
 364      1975CFDD 
 364      F3
 365 0bfa 6CE0851A 		.ascii	"l\340\205\032\250\025t\356\302\262\331\276]X\271\222"
 365      A81574EE 
 365      C2B2D9BE 
 365      5D58B992 
 366 0c0a F1C8F278 		.ascii	"\361\310\362x'fx2\036\355\206\361(\011[m\322\344\260"
 366      27667832 
 366      1EED86F1 
 366      28095B6D 
 366      D2E4B0
 367 0c1d 460584CD 		.ascii	"F\005\204\315\333\177B\327\031\030\265\247\331$2\324"
 367      DB7F42D7 
 367      1918B5A7 
ARM GAS  C:\Users\SANDEE~1\AppData\Local\Temp\ccRStUKb.s 			page 29


 367      D92432D4 
 368 0c2d 9F0BC91A 		.ascii	"\237\013\311\032\313^ZS{j\272\205)\274\216\276t\364"
 368      CB5E5A53 
 368      7B6ABA85 
 368      29BC8EBE 
 368      74F4
 369 0c3f ECDCA815 		.ascii	"\354\334\250\025f\024\362\335\250\376\312t\245\032o"
 369      6614F2DD 
 369      A8FECA74 
 369      A51A6F
 370 0c4e 63E013D3 		.ascii	"c\340\023\3239\261\030'3\246t{\"Y\235S\346W\027\032"
 370      39B11827 
 370      33A6747B 
 370      22599D53 
 370      E657171A 
 371 0c62 4EE562F0 		.ascii	"N\345b\360\323S;\223L<Z:\377\314\364\364\362\"\027\370"
 371      D3533B93 
 371      4C3C5A3A 
 371      FFCCF4F4 
 371      F22217F8 
 372 0c76 9D0505F0 		.ascii	"\235\005\005\360\010\246!\255\326K\234\216\350\314\344"
 372      08A621AD 
 372      D64B9C8E 
 372      E8CCE4
 373 0c85 E5E9A535 		.ascii	"\345\351\2455\007\350^\263r\352\261\260i\010\361I\201"
 373      07E85EB3 
 373      72EAB1B0 
 373      6908F149 
 373      81
 374 0c96 F8646007 		.ascii	"\370d`\007\035\\:b\357\207\021\2334/\312\022j\220\010"
 374      1D5C3A62 
 374      EF87119B 
 374      342FCA12 
 374      6A9008
 375 0ca9 5D8708B5 		.ascii	"]\207\010\265\301\250\232\011\224n5\262\366\355\306"
 375      C1A89A09 
 375      946E35B2 
 375      F6EDC6
 376 0cb8 A6036FA1 		.ascii	"\246\003o\241\375\240b\217\274\012\332\006\222\326\316"
 376      FDA0628F 
 376      BC0ADA06 
 376      92D6CE
 377 0cc7 C2D2D626 		.ascii	"\302\322\326&\025Y\200\245F\354\305\036h\017&]\037\024"
 377      155980A5 
 377      46ECC51E 
 377      680F265D 
 377      1F14
 378 0cd9 1F148C68 		.ascii	"\037\024\214h\205\373\0260\340*\320\025\240\313@\227"
 378      85FB1630 
 378      E02AD015 
 378      A0CB4097 
 379 0ce9 809A812E 		.ascii	"\200\232\201.\002]\000:\017\324\004T\002t\034(\027\350"
 379      025D003A 
 379      0FD40454 
 379      02741C28 
 379      17E8
 380 0cfb 08500ED0 		.ascii	"\010P\016\320a\240C@\007\254\034\270\335\241,\311\215"
ARM GAS  C:\Users\SANDEE~1\AppData\Local\Temp\ccRStUKb.s 			page 30


 380      61A04340 
 380      07AC1CB8 
 380      DDA12CC9 
 380      8D
 381 0d0c 356D0B20 		.ascii	"5m\013 k\266T\310\212\203X~\372\226\265/E\250\360\377"
 381      6BB654C8 
 381      8A83587E 
 381      FA96B52F 
 381      45A8F0FF 
 382 0d20 675F73C7 		.ascii	"g_s\307\014\266{F^\260wr6\366\331O\001\3037\204\335"
 382      0CB67B46 
 382      5EB07772 
 382      36F6D94F 
 382      01C33784 
 383 0d35 B66C886C 		.ascii	"\266l\210l\262<\336\266I2\254\232$\233u@a\363\256]P"
 383      B23CDEB6 
 383      4932AC9A 
 383      249B7540 
 383      61F3AE5D 
 384 0d4a 4FDE670F 		.ascii	"O\336g\017\330\212k\264\036\007\240\347\324|\305\306"
 384      D88A6BB4 
 384      1E07A0E7 
 384      D47CC5C6 
 385 0d5a 01F25D2D 		.ascii	"\001\362]-[\036\356#\242\373\226\254\243\350<\022B\001"
 385      5B1EEE23 
 385      A2FB96AC 
 385      A3E83C12 
 385      4201
 386 0d6c BD97ACF7 		.ascii	"\275\227\254\367m\026CV\2617?/\204x\027\010\261?\006"
 386      6D164356 
 386      B1373F2F 
 386      84781708 
 386      B13F06
 387 0d7f F7472176 		.ascii	"\367G!v\371\326\261;*\304\202dY:\310/\260\033!\354;"
 387      F9D6B13B 
 387      2AC48264 
 387      593AC82F 
 387      B01B21EC 
 388 0d94 8045FE3E 		.ascii	"\200E\376>\241\202c\3715\336\314Y\">MV\274dGq\252\200"
 388      A18263F9 
 388      35DECC59 
 388      223E4D56 
 388      BC644771 
 389 0daa 8D2905D6 		.ascii	"\215)\005\326c\212\260\215\322\255\314\316J$/\010$\024"
 389      638AB08D 
 389      D2ADCCCE 
 389      4A242F08 
 389      2414
 390 0dbc 19E20B02 		.ascii	"\031\342\013\002A\233\243u\257C9\234\323\314\306\274"
 390      419BA375 
 390      AF43399C 
 390      D3CCC6BC 
 391 0dcc 13003B62 		.ascii	"\023\000;b\033_\351\024!;\352\235\0027\212\004\227\212"
 391      1B5FE914 
 391      213BEA9D 
 391      02378A04 
 391      978A
ARM GAS  C:\Users\SANDEE~1\AppData\Local\Temp\ccRStUKb.s 			page 31


 392 0dde E1FEA475 		.ascii	"\341\376\244u\270\012$\341\"\376\024\375/\006\324\\"
 392      B80A24E1 
 392      22FE14FD 
 392      2F06D45C 
 393 0dee 016F2B9A 		.ascii	"\001o+\232\371W/8_\344\300\371\224h\352<\361*O\262\363"
 393      F9572F38 
 393      5FE4C0F9 
 393      9468EA3C 
 393      F12A4FB2 
 394 0e03 60EDFC80 		.ascii	"`\355\374\200\331\371R<\013\345\313;O\015L\2241PAk\021"
 394      D9F9523C 
 394      0BE5CB3B 
 394      4F0D4C94 
 394      3150416B 
 395 0e18 EB1AC1BA 		.ascii	"\353\032\301\272\006h\313s@\365@5@\247\201\312\201\312"
 395      0668CB73 
 395      40F54035 
 395      40A781CA 
 395      81CA
 396 0e2a AC0232B1 		.ascii	"\254\0022\261\230\265/\311\375\002\320G$8\\NM]\220t"
 396      98B52FC9 
 396      FD02D047 
 396      24385C4E 
 396      4D5D9074 
 397 0e3e BCA3DF85 		.ascii	"\274\243\337\205\036\023\026<\025\000>\346\030,\351"
 397      1E13163C 
 397      15003EE6 
 397      182CE9
 398 0e4d A495569D 		.ascii	"\244\225V\235\264\202uR\331}\347b\220W)4\305\031p\266"
 398      B4827552 
 398      D97DE762 
 398      90572934 
 398      C51970B6 
 399 0e61 1A1CAB12 		.ascii	"\032\034\253\022\035#;\234C\312\221169\220\315\236B"
 399      1D233B9C 
 399      43CA9131 
 399      363990CD 
 399      9E42
 400 0e73 A1828395 		.ascii	"\241\202\203\225\011\331hx\223\214\362$7\213\004\254"
 400      09D96878 
 400      938CF224 
 400      378B04AC 
 401 0e83 A59BD8E6 		.ascii	"\245\233\330\346y\177\254\222l\"Ub\231\365\0204bA\243"
 401      797FAC92 
 401      6C225562 
 401      99F51034 
 401      6241A3
 402 0e96 D088B5E0 		.ascii	"\320\210\265\340\371\251\357\345y\035 E\317k\231\347"
 402      F9A9EFE5 
 402      791D2045 
 402      CF6B99E7 
 403 0ea6 0E661474 		.ascii	"\016f\024t\026\034\026'\025K\202m\216\336D\022\214\210"
 403      161C1627 
 403      154B826D 
 403      8EDE4412 
 403      8C88
 404 0eb8 DA872D09 		.ascii	"\332\207-\011\266\237\312\262\330\226n\266\015\246\202"
ARM GAS  C:\Users\SANDEE~1\AppData\Local\Temp\ccRStUKb.s 			page 32


 404      B69FCAB2 
 404      D8966EB6 
 404      0DA682
 405 0ec7 92D7B620 		.ascii	"\222\327\266 I\351Fad$C]\351w\241\233>\021\307\3052"
 405      49E94661 
 405      6424435D 
 405      E977A19B 
 405      3E11C7C5 
 406 0edc C760666F 		.ascii	"\307`fo[\025\375\024\000\030\373\020>=-|\361 {[\247"
 406      5B15FD14 
 406      0018FB10 
 406      3E3D2D7C 
 406      F1207B5B 
 407 0ef1 854E206C 		.ascii	"\205N l\232\260\305l9'Y\264\377\212}\362 \333Qg\344"
 407      9AB0C56C 
 407      392759B4 
 407      FF8A7DF2 
 407      20DB5167 
 408 0f06 C0D512F0 		.ascii	"\300\325\022\360\340\33720\331Q:+\007\266\372\362R&"
 408      E0DF3230 
 408      D9513A2B 
 408      07B6FAF2 
 408      5226
 409 0f18 A4FB6558 		.ascii	"\244\373eX\3615\332vF\273w\252\216\017\304\241\362\212"
 409      F135DA76 
 409      46BB77AA 
 409      8E0FC4A1 
 409      F28A
 410 0f2a 2DDA7E39 		.ascii	"-\332~9yU\002\277*\017\2276E\251y\216\004X\213-\334"
 410      795502BF 
 410      2A0F9736 
 410      45A9798E 
 410      04588B2D 
 411 0f3f FE5566E2 		.ascii	"\376Uf\342}&\235L\251\311\266S\276\335\252|\270\304"
 411      7D269D4C 
 411      A9C9B653 
 411      BEDDAA7C 
 411      B8C4
 412 0f51 661639E8 		.ascii	"f\0269\350`\026\021<}\337zR\260GK[\272\204\215\213\007"
 412      6016113C 
 412      7DDF7A52 
 412      B0474B5B 
 412      BA848D8B 
 413 0f66 1D8C8BD3 		.ascii	"\035\214\213\323\217\311\336:I\36041k\017J\207\305f"
 413      8FC9DE3A 
 413      49F03431 
 413      6B0F4A87 
 413      C566
 414 0f78 E5C4580C 		.ascii	"\345\304X\014\355\311\244w\246\012k0\207\275\2639\016"
 414      EDC9A477 
 414      A60A6B30 
 414      87BDB339 
 414      0E
 415 0f89 93D4CAB0 		.ascii	"\223\324\312\260\326'\351L7\254\206\231v\373a\306\262"
 415      D627E94C 
 415      37AC8699 
 415      76FB61C6 
ARM GAS  C:\Users\SANDEE~1\AppData\Local\Temp\ccRStUKb.s 			page 33


 415      B2
 416 0f9a 40EC809E 		.ascii	"@\354\200\236\366\272"
 416      F6BA
 417 0fa0 05A2301C 		.ascii	"\005\2420\034\354r\"\012\211\330Lqd\317\300\302g\255"
 417      EC72220A 
 417      89D84C71 
 417      64CFC0C2 
 417      67AD
 418 0fb2 92AACA54 		.ascii	"\222\252\312T'\\\306NZ\335\030\357W\343jv\037\233\221"
 418      275CC64E 
 418      5ADD18EF 
 418      57E36A76 
 418      1F9B91
 419 0fc5 91A7C4E7 		.ascii	"\221\247\304\347(\303m\\_\230\257v\264\023\337\203\035"
 419      28C36D5C 
 419      5F98AF76 
 419      B413DF83 
 419      1D
 420 0fd6 EDC4F7E4 		.ascii	"\355\304\367\344\340\036\366\215\245\033k\320Ml\277"
 420      E01EF68D 
 420      A51B6BD0 
 420      4D6CBF
 421 0fe5 1B3F3075 		.ascii	"\033?0u\364\036\217\2572\225'\246\256\327`|\2031\235"
 421      F41E8FAF 
 421      329527A6 
 421      AED7607C 
 421      83319D
 422 0ff8 BB9F1E71 		.ascii	"\273\237\036q\303w\031\223"
 422      C3771993 
 423 1000 5E74F099 		.ascii	"^t\360\231\032?dL\335\335\233\027\\yN\201n\203\300\237"
 423      1A3F644C 
 423      DDDD9B17 
 423      5C794E81 
 423      6E83C09F 
 424 1014 7B28A45F 		.ascii	"{(\244_\273>g_\273\366m\275\277C\211\247\005\261\207"
 424      BB3E675F 
 424      BBF66DBD 
 424      BF4389A7 
 424      05B187
 425 1027 6B2629BE 		.ascii	"k&)\276\037\360wa\345x\007\2633$\305\271\365J\274C\313"
 425      1FF07761 
 425      E57807B3 
 425      3324C5B9 
 425      F54ABC43 
 426 103c 36E5934B 		.ascii	"6\345\223K\017k\010\350>\200\376\332\003\335\243\030"
 426      0F6B08E8 
 426      3E80FEDA 
 426      03DDA318 
 427 104c 2E2625FE 		.ascii	".&%\3764F^\316\346O\204\0364[\206\260\263\264\365b\351"
 427      34465ECE 
 427      E64F841E 
 427      345B86B0 
 427      B3B4F562 
 428 1061 F669D43A 		.ascii	"\366i\324:q\373TA \354\2434\004g\000\363\322\035\337"
 428      71FB5441 
 428      20ECA334 
 428      046700F3 
ARM GAS  C:\Users\SANDEE~1\AppData\Local\Temp\ccRStUKb.s 			page 34


 428      D21DDF
 429 1074 E1AAE765 		.ascii	"\341\252\347e\356x\037\325\313\305%\357IpE\316^\366"
 429      EE781FD5 
 429      CBC525EF 
 429      497045CE 
 429      5EF6
 430 1086 32D03054 		.ascii	"2\3200Tu$F\230\325{\330\267l\000=\020\203K\254\243A"
 430      75244698 
 430      D57BD8B7 
 430      6C003D10 
 430      834BACA3 
 431 109b B99AB739 		.ascii	"\271\232\2679N\211\2170\007\313\236\334p\307E\354\376"
 431      4E898F30 
 431      07CB9EDC 
 431      70C745EC 
 431      FE
 432 10ac FEB9D241 		.ascii	"\376\271\322Arz\006=\022#8\331\025\265C\205\233\030"
 432      727A063D 
 432      122338D9 
 432      15B54385 
 432      9B18
 433 10be 20EEDCB1 		.ascii	" \356\334\261B5\001\214\011!\033e!\273\2261yV\213\273"
 433      4235018C 
 433      09211B65 
 433      21BB9631 
 433      79568BBB 
 434 10d2 18E8F8F9 		.ascii	"\030\350\370\371\0135.\004\364\230\205l\234\205\354"
 434      0B352E04 
 434      F498856C 
 434      9C85EC
 435 10e1 4AEAA11A 		.ascii	"J\352\241\032\225\254G\012\364Tp\347\031\270\363\304"
 435      95AC470A 
 435      F45470E7 
 435      19B8F3C4 
 436 10f1 CE9DE11E 		.ascii	"\316\235\341\036\026\336\247\326\341%[\360\033\017M"
 436      16DEA7D6 
 436      E1255BF0 
 436      1B0F4D
 437 1100 2AF1100B 		.ascii	"*\361\020\013\331p\335\235V7\371\220M\200\334\327\353"
 437      D970DD9D 
 437      5637F990 
 437      4D80DCD7 
 437      EB
 438 1111 68BE4F43 		.ascii	"h\276OC\366\002@\317\305\220=\025B\246<z`$\025\221m"
 438      F60240CF 
 438      C5903D15 
 438      42A63C7A 
 438      60241591 
 439 1126 47F36B5C 		.ascii	"G\363k\\\363\300\233l\007\201\234\211\271\0055\246^"
 439      F3C09B6C 
 439      07819C89 
 439      B90535A6 
 439      5E
 440 1137 3BF8F405 		.ascii	";\370\364\005\263!\234\310\037\021\320\366\237\270\205"
 440      B3219CC8 
 440      1F11D0F6 
 440      9FB885
ARM GAS  C:\Users\SANDEE~1\AppData\Local\Temp\ccRStUKb.s 			page 35


 441 1146 D5AB8025 		.ascii	"\325\253\200%\315\327g\215\265]\353\331\236\026\230"
 441      CDD7678D 
 441      B55DEBD9 
 441      9E1698
 442 1155 12BAFD34 		.ascii	"\022\272\3754\370\370\012\272\374$\331\201\263\352\366"
 442      F8F80ABA 
 442      FC24D981 
 442      B3EAF6
 443 1164 4FEFB3EF 		.ascii	"O\357\263\357\347Svo\320\265\275m\320\021&X,\007\033"
 443      E753766F 
 443      D0B5BD6D 
 443      D0112658 
 443      2C071B
 444 1177 6EAE7341 		.ascii	"n\256sA^3\205J\00348Q\374Ld\342-\301\231\242c\205\354"
 444      5E33854A 
 444      03343851 
 444      FC4C64E2 
 444      2DC199A2 
 445 118e 4A671DEF 		.ascii	"Jg\035\357\365Z[\310\027\206\3757\266\250\344?\234K"
 445      F55A5BC8 
 445      1786FD37 
 445      B6A8E43F 
 445      9C4B
 446 11a0 6A2BE4AA 		.ascii	"j+\344\252\346\246\034\036\263\372`\036\315K\307\306"
 446      E6A61C1E 
 446      B3FA601E 
 446      CD4BC7C6 
 447 11b0 18DEBC51 		.ascii	"\030\336\274Qq3md\234\3071\2564-\033\017\224\275\324"
 447      71336D64 
 447      9CC731AE 
 447      342D1B0F 
 447      94BDD4
 448 11c3 B2A14049 		.ascii	"\262\241@I6\315\033\207v!\034\317\236\335\253;;\255"
 448      36CD1B87 
 448      76211CCF 
 448      9EDDAB3B 
 448      3BAD
 449 11d5 25291B07 		.ascii	"%)\033\007\356\305\362,\363\315\347K?g\347K\257\257"
 449      EEC5F22C 
 449      F3CDE74B 
 449      3F67E74B 
 449      AFAF
 450 11e7 9F2A56E3 		.ascii	"\237*V\343$V!\353B}\0069{\206\342\241\302F\336\003m"
 450      245621EB 
 450      427D0639 
 450      7B86E2A1 
 450      C246DE03 
 451 11fc E0694728 		.ascii	"\340iG(\212N\332\250\304Y\0144\334\332\027K\245n\346"
 451      8A4EDAA8 
 451      C4590C34 
 451      DCDA174B 
 451      A56EE6
 452 120f 4977429B 		.ascii	"IwB\233\030\346\325\275\374-<.d\230\262\202\333\211"
 452      18E6D5BD 
 452      FC2D3C2E 
 452      6498B282 
 452      DB89
ARM GAS  C:\Users\SANDEE~1\AppData\Local\Temp\ccRStUKb.s 			page 36


 453 1221 B4CB6DE5 		.ascii	"\264\313m\345Y\217\332\302@5\321\211\3339\\\316@=1\225"
 453      598FDAC2 
 453      4035D189 
 453      DB395CCE 
 453      403D3195 
 454 1235 4DB4DB6D 		.ascii	"M\264\333m\343i\217J`\230\035\245\211W0\256c\230\201"
 454      E3698F4A 
 454      60981DA5 
 454      895730AE 
 454      639881
 455 1248 9D47FE8B 		.ascii	"\235G\376\213@\022\001\362W\036h;\205p\371[{\236\252"
 455      401201F2 
 455      571E683B 
 455      8570F95B 
 455      7B9EAA
 456 125b 1D74BA9D 		.ascii	"\035t\272\235<\353\020I\020\356\035\274m\207\230.uJ"
 456      3CEB1049 
 456      10EE1DBC 
 456      6D87982E 
 456      754A
 457 126d ADA59F46 		.ascii	"\255\245\237F\000g\223*\227\373\353\006\265x\230*\346"
 457      0067932A 
 457      97FBEB06 
 457      B578982A 
 457      E6
 458 127e 4E274FEE 		.ascii	"N'O\356\226\357\327(\031$\277^K\367\036\232Y\273\001"
 458      96EFD728 
 458      1924BF5E 
 458      4BF71E9A 
 458      59BB01
 459 1291 B44BCC2C 		.ascii	"\264K\314,\242\221\235\001,\271\346\207_0\007\307\262"
 459      A2919D01 
 459      2CB9E687 
 459      5F3007C7 
 459      B2
 460 12a2 8EA623E1 		.ascii	"\216\246#\341K49\233\220\2344\000\243P\264\033}x.\376"
 460      4B34399B 
 460      909C3400 
 460      A350B41B 
 460      7D782EFE 
 461 12b6 E001571C 		.ascii	"\340\001W\034\307\230\212\253]\037\342-\354>wpC1\306"
 461      C7988AAB 
 461      5D1FE22D 
 461      EC3E7770 
 461      4331C6
 462 12c9 DB1973AA 		.ascii	"\333\031s\252\274\246\235\307I\214\031~\022\337\307"
 462      BCA69DC7 
 462      498C197E 
 462      12DFC7
 463 12d8 E314C6EC 		.ascii	"\343\024\306\354\335\333\264I\211S\0313\360$\366\250"
 463      DDDBB449 
 463      89531933 
 463      F024F6A8 
 464 12e8 126732A6 		.ascii	"\022g2\246\265\364\332\006\027|\2101\033\012\013\223"
 464      B5F4DA06 
 464      177C8831 
 464      1B0A0B93 
ARM GAS  C:\Users\SANDEE~1\AppData\Local\Temp\ccRStUKb.s 			page 37


 465 12f8 5DF011C6 		.ascii	"]\360\021\306$\\N\357\024>MT\223\311\3054P\013\257\246"
 465      245C4EEF 
 465      143E4D54 
 465      93C9C534 
 465      500BAFA6 
 466 130c 05F4A176 		.ascii	"\005\364\241v\350pW\254V\370N\341I\267\205\314g\306"
 466      E87057AC 
 466      56F84EE1 
 466      49B785CC 
 466      67C6
 467 131e 3CDB2567 		.ascii	"<\333%g\3062\300\351\002\336\321\032\212\036\265Z\""
 467      C632C0E9 
 467      02DED11A 
 467      8A1EB55A 
 467      22
 468 132f 1EB5CAB2 		.ascii	"\036\265\312\262E[\2153\004}\365+\021\235./[\012\037"
 468      455B8D33 
 468      047DF52B 
 468      119D2E2F 
 468      5B0A1F
 469 1342 94083F20 		.ascii	"\224\010? +\\bI\207D\366>[\360-[\273\007%\350T[t\024"
 469      2B5C6249 
 469      8744F63E 
 469      5BF02D5B 
 469      BB0725E8 
 470 135a 6783EE93 		.ascii	"g\203\356\223\240\323\344e\333\357\010\034\204~\307"
 470      A0D3E465 
 470      DBEF081C 
 470      847EC7
 471 1369 3623089C 		.ascii	"6#\010\234$Y!$\331\021\336\023e\003\035\003:\016t\030"
 471      24592124 
 471      D911DE13 
 471      65031D03 
 471      3A0E7418 
 472 137d 28072817 		.ascii	"(\007(\027(\037(\017\350(ou\232M\242\374\220\274\251"
 472      281F280F 
 472      E8286F75 
 472      9A4DA2FC 
 472      90BCA9
 473 1390 D2A04D48 		.ascii	"\322\240MH\202\266\337\026nw`\251\373\022\033p\001e"
 473      82B6DF16 
 473      6E7760A9 
 473      FB121B70 
 473      0165
 474 13a2 7FF6ADBE 		.ascii	"\177\366\255\276]r\366-S^\026SM\276\337\275\232\214"
 474      5D72F62D 
 474      535E1653 
 474      4DBEDFBD 
 474      9A8C
 475 13b4 75C52768 		.ascii	"u\305'h~q\321i\207r\\m\0168\231\343\201\212 \014\177"
 475      7E71D169 
 475      87725C6D 
 475      0E3899E3 
 475      818A200C 
 476 13c9 6A48844D 		.ascii	"jH\204M\221v\332/O\202\220\023b\277$>PSb\212\212\316"
 476      9176DA2F 
 476      4F829013 
ARM GAS  C:\Users\SANDEE~1\AppData\Local\Temp\ccRStUKb.s 			page 38


 476      62BF243E 
 476      5053628A 
 477 13df 5A7DF03D 		.ascii	"Z}\360=i5\002\027\233G`\327\227\257\316\\A\226n\340"
 477      69350217 
 477      9B4760D7 
 477      97AFCE5C 
 477      41966EE0 
 478 13f3 257EA083 		.ascii	"%~\240\203%\340`\376%\366VG^\376\266\223\327WG\215\316"
 478      25E060FE 
 478      25F65647 
 478      5EFEB693 
 478      D757478D 
 479 1408 AAD43FF0 		.ascii	"\252\324?\360`\353}\030\340Q/\266\301\333M\271\375\017"
 479      60EB7D18 
 479      E0512FB6 
 479      C1DB4DB9 
 479      FD0F
 480 141a 7EC4E064 		.ascii	"~\304\340d\215\331e\013\267\233u\307\302Y\253\222\371"
 480      8DD9650B 
 480      B79B75C7 
 480      C259AB92 
 480      F9
 481 142b 7C9DAD31 		.ascii	"|\235\2551\326\337\377\310kc(\333 #\313\347NA\266e\001"
 481      D6DFFFC8 
 481      6B6328DB 
 481      2023CBE7 
 481      4E41B665 
 482 1440 6EFF62D3 		.ascii	"n\377b\323\366\\0}\012i\221I^\272\325\347\245\265\314"
 482      F65C307D 
 482      0A699149 
 482      5EBAD5E7 
 482      A5B5CC
 483 1453 18026F42 		.ascii	"\030\002oB6p\311n\235\264\365\367@\353\223mD\224\302"
 483      3670C96E 
 483      9DB4F5F7 
 483      40EB936D 
 483      4494C2
 484 1466 B30AA4F5 		.ascii	"\263\012\244\365\253\240\365\317@\353\226\000\225\002"
 484      ABA0F5CF 
 484      40EB9600 
 484      9502
 485 1474 95039D02 		.ascii	"\225\003\235\002\252\001\252\006*\003:\015T\001Tk\225"
 485      AA01AA06 
 485      2A033A0D 
 485      5401546B 
 485      95
 486 1485 01F543EC 		.ascii	"\001\365C\354\015\250\3226o\251?#BlI\264\242m\375\261"
 486      0DA8D236 
 486      6FA93F23 
 486      426C49B4 
 486      A26DFDB1 
 487 1499 FF22D2F7 		.ascii	"\377\"\322\367\007\266\244!\343\374z\301<\273%\215\340"
 487      07B6A421 
 487      E3FC7AC1 
 487      3CBB258D 
 487      E0
 488 14aa 7A58B2A9 		.ascii	"zX\262\251:\012\323\323W\353\005\311\226\203VQ\266\337"
ARM GAS  C:\Users\SANDEE~1\AppData\Local\Temp\ccRStUKb.s 			page 39


 488      3A0AD3D3 
 488      57EB05C9 
 488      96835651 
 488      B6DF
 489 14bc 90DA5E08 		.ascii	"\220\332^\010\201\205\224C{y\331H\231;\0207\324\272"
 489      81859443 
 489      7B79D948 
 489      993B1037 
 489      D4BA
 490 14ce 6598B7E9 		.ascii	"e\230\267\3513\226\250\235\205H\375\337\243\326=8+\232"
 490      3396A89D 
 490      8548FDDF 
 490      A3D63D38 
 490      2B9A
 491 14e0 44AD0E24 		.ascii	"D\255\016$\245\210\035\247\322\334q\306\326\267\024"
 491      A5881DA7 
 491      D2DC71C6 
 491      D6B714
 492 14ef ABA51DA7 		.ascii	"\253\245\035\247\316\252\343\324[\226.W2\317e8\3213"
 492      CEAAE3D4 
 492      5B962E57 
 492      32CF6538 
 492      D133
 493 1501 EB50861A 		.ascii	"\353P\206\032\330\231\365\342Ww\266\243\267v\321\363"
 493      D899F5E2 
 493      5777B6A3 
 493      B776D1F3 
 494 1511 1ED1A637 		.ascii	"\036\321\2467\330?20\007G\201\032\370\267\340\367\034"
 494      D83F3230 
 494      0747811A 
 494      F8B7E0F7 
 494      1C
 495 1522 CF331123 		.ascii	"\3173\021#;G\267\252~\222a\312\350\205\331\374\222S"
 495      3B47B7AA 
 495      7E9261CA 
 495      E885D9FC 
 495      9253
 496 1534 4A563D74 		.ascii	"JV=t7\364!\201\241\263\342IF\270\205\337:\324\203P-"
 496      37F42181 
 496      A1B3E249 
 496      46B885DF 
 496      3AD48350 
 497 1549 EA461035 		.ascii	"\352F\0205\376'd\216o\274\023\213p#\233\352\276\373"
 497      FE27648E 
 497      6FBC138B 
 497      70239BEA 
 497      BEFB
 498 155b A8FD795E 		.ascii	"\250\375y^\346\250\375\005V\230\221\3604Uk)\274( w\236"
 498      E6A8FD05 
 498      569891F0 
 498      34556B29 
 498      BC282077 
 499 1570 1CC31607 		.ascii	"\034\303\026\007\233Ya\322P\254I+u\360\3137%\376]\246"
 499      9B5961D2 
 499      50AC492B 
 499      75F0CB37 
 499      25FE5DA6 
ARM GAS  C:\Users\SANDEE~1\AppData\Local\Temp\ccRStUKb.s 			page 40


 500 1584 FE5D32FB 		.ascii	"\376]2\373\267\2518\261\235\023\374\253\337\247\205"
 500      B7A938B1 
 500      9D13FCAB 
 500      DFA785
 501 1593 1E136522 		.ascii	"\036\023e\"\247\003\001\206\232\304\330\303\255\265"
 501      A7030186 
 501      9AC4D8C3 
 501      ADB5
 502 15a1 7F57A87F 		.ascii	"\177W\250\177\353;*\317s\370\2260\225\027u\276t\307"
 502      EB3B2ACF 
 502      73F89630 
 502      951775BE 
 502      74C7
 503 15b3 136C68DD 		.ascii	"\023lh\335s4s\034;z\251\275\306;<q\327\255\034j\245"
 503      7334731C 
 503      3B7AA9BD 
 503      C63B3C71 
 503      D7AD1C6A 
 504 15c8 47F6790D 		.ascii	"G\366y\015j\341\355\337i+\323\237\237\344\250\307\004"
 504      6AE1EDDF 
 504      692BD39F 
 504      9FE4A8C7 
 504      04
 505 15d9 C1825862 		.ascii	"\301\202Xb\272\025\307\312\310?LjcQh\231L\034\265\032"
 505      BA15C7CA 
 505      C83F4C6A 
 505      63516899 
 505      4C1CB51A 
 506 15ed 5D6BAC0E 		.ascii	"]k\254\016\307\267[\222\244(\256\342\214\033\255\015"
 506      C7B75B92 
 506      A428AEE2 
 506      8C1BAD0D 
 507 15fd 65E83AAB 		.ascii	"e\350:\253][Z\366Pm\021y\203\025\226\217\216\217!\271"
 507      5D5B5AF6 
 507      506D1179 
 507      8315968F 
 507      8E8F21B9 
 508 1611 F33C72FF 		.ascii	"\363<r\377\374\204\330\325P5\250\225\232\320\311KM\350"
 508      FC84D8D5 
 508      5035A895 
 508      9AD0C94B 
 508      4DE8
 509 1623 B298F07C 		.ascii	"\262\230\360|_\333U\236j\2032\324!80\\\324\245\244\205"
 509      5FDB559E 
 509      6A8332D4 
 509      2138305C 
 509      D4A5A485 
 510 1637 A417DF64 		.ascii	"\244\027\337d\205\211\331\205un\226\006\357f\205\223"
 510      8589D985 
 510      756E9606 
 510      EF668593 
 511 1647 A3DB3639 		.ascii	"\243\33369I\033\274\324*\243{i\213\367\230[<\353UI\245"
 511      491BBCD4 
 511      2AA37B69 
 511      8BF7985B 
 511      3CEB5549 
 512 165c 125ABC97 		.ascii	"\022Z\274\227\255O\263\017BFg\"\012CW\305\210_\345\331"
ARM GAS  C:\Users\SANDEE~1\AppData\Local\Temp\ccRStUKb.s 			page 41


 512      AD4FB30F 
 512      42466722 
 512      0A4357C5 
 512      885FE5D9 
 513 1670 1928748B 		.ascii	"\031(t\213\266t|qK7\257\021\317\311\221/\201\242+}<"
 513      B6747C71 
 513      4B37AF11 
 513      CFC9912F 
 513      81A22B7D 
 514 1685 39CCE44D 		.ascii	"9\314\344M\243\001\340\363\347MSn3\266\011#\304ld\323"
 514      A301E0F3 
 514      E74D536E 
 514      33B60923 
 514      C46C64D3 
 515 1699 C56EF333 		.ascii	"\305n\3633\314u(\0035\35646<G\322P\021kD\371wX\250\310"
 515      CC752803 
 515      35EE3436 
 515      3C47D250 
 515      116B44F9 
 516 16b1 951C6F19 		.ascii	"\225\034o\031\252\331m\025W\220!\001\337\025\300w)\370"
 516      AAD96D15 
 516      57902101 
 516      DF15C077 
 516      29F8
 517 16c3 E2D99664 		.ascii	"\342\331\226d'\034\343NO}\335\257\032\343\000G\376W"
 517      271CE34E 
 517      4F7DDDAF 
 517      1AE30047 
 517      FE57
 518 16d5 7B91935A 		.ascii	"{\221\223Z\003\274\232\035\361z\203\336\306\261\345"
 518      03BC9A1D 
 518      F17A83DE 
 518      C6B1E5
 519 16e4 F7B63790 		.ascii	"\367\2667\220\245m\007!W\311#\005\272\007\243\334}^"
 519      A56D0721 
 519      57C92305 
 519      BA07A3DC 
 519      7D5E
 520 16f6 C854133D 		.ascii	"\310T\023=,\006\017P?o9,FxP\371\264\367\326\217p<\325"
 520      2C060F50 
 520      3F6F392C 
 520      467850F9 
 520      B4F7D68F 
 521 170d 88322F8E 		.ascii	"\2102/\216\357\322\340d\306\214\357^\277\321\231}E\375"
 521      EFD2E064 
 521      C68CEF5E 
 521      BFD1997D 
 521      45FD
 522 171f 21E9FC7B 		.ascii	"!\351\374{S\177\3540\244\303\346\220>\344iL\343\257"
 522      537FEC30 
 522      A4C3E690 
 522      3EE4694C 
 522      E3AF
 523 1731 1516B84B 		.ascii	"\025\026\270KcJ\016\252\211\377\364`\204\306\224V\242"
 523      634A0EAA 
 523      89FFF460 
 523      84C69456 
ARM GAS  C:\Users\SANDEE~1\AppData\Local\Temp\ccRStUKb.s 			page 42


 523      A2
 524 1742 6340FBCD 		.ascii	"c@\373\315\177\225\202/\275\016<P\225;\241\372Y\226"
 524      7F95822F 
 524      BD0E3C50 
 524      953BA1FA 
 524      5996
 525 1754 E972351D 		.ascii	"\351r5\035\343&o\2577\255\213\205\361\367\021\204\365"
 525      E3266FAF 
 525      37AD8B85 
 525      F1F71184 
 525      F5
 526 1765 016404F4 		.ascii	"\001d\004\364uI\345!(\361\207w\244Q\376gdWk\272u\007"
 526      7549E521 
 526      28F18777 
 526      A451FE67 
 526      64576BBA 
 527 177b FFD34CF6 		.ascii	"\377\323L\366\372\237\2431e;\303pC\207\007\026\2211"
 527      FA9FA331 
 527      653BC370 
 527      43870716 
 527      9131
 528 178d FEA780DA 		.ascii	"\376\247\200\332\262k\344\245\013C\231\000\242\260\306"
 528      B26BE4A5 
 528      0B439900 
 528      A2B0C6
 529 179c 8C53CCD6 		.ascii	"\214S\314\326\015G\232\220 i\320\333N\320c\012\032\311"
 529      0D479A90 
 529      2069D0DB 
 529      4ED0630A 
 529      1AC9
 530 17ae 7E685627 		.ascii	"~hV'#\350\011\377S\205\363o>\373b\266\237\217\217B\025"
 530      23E809FF 
 530      5385F36F 
 530      3EFB62B6 
 530      9F8F8F42 
 531 17c3 19FC9F7A 		.ascii	"\031\374\237z\235qq\340\337,_\031\266"
 531      9D7171E0 
 531      DF2C5F19 
 531      B6
 532 17d0 DA181E1E 		.ascii	"\332\030\036\036\022\031`\010]>\177\266\357\\\237\367"
 532      12196008 
 532      5D3E7FB6 
 532      EF5C9FF7 
 533 17e0 DEFDA3EF 		.ascii	"\336\375\243\357\273\253#\202\002\214\372\345!\301_"
 533      BBAB2382 
 533      028CFAE5 
 533      21C15F
 534 17ef 2F5F1918 		.ascii	"/_\031\030\270\034\036\276\033\026\036\246\177W\037"
 534      B81C1EBE 
 534      1B161EA6 
 534      7F571F
 535 17fe F075F0F2 		.ascii	"\360u\360\362\371s\346\315\361Y\036\034\026\030\262"
 535      F973E6CD 
 535      F1591E1C 
 535      1618B2
 536 180d 3A48BF3C 		.ascii	":H\277<\322\030\024\244_1g\225B\255\323\005\207\031"
 536      D21814A4 
ARM GAS  C:\Users\SANDEE~1\AppData\Local\Temp\ccRStUKb.s 			page 43


 536      5F316795 
 536      42ADD305 
 536      8719
 537 181f E7F9EA8C 		.ascii	"\347\371\352\214K\276K\256\265<\263\244\320\200\300"
 537      4BBE4BAE 
 537      B53CB3A4 
 537      D080C0
 538 182e 55C161FA 		.ascii	"U\301a\372\345:\220\027\260:\304\2503~\033\241\217\004"
 538      E53A9017 
 538      B03AC4A8 
 538      337E1BA1 
 538      8F04
 539 1840 C94E82DC 		.ascii	"\311N\202\334\005\177\232\334\310o#\227\353\300L\220"
 539      057F9ADC 
 539      C86F2397 
 539      EBC04C90 
 540 1850 02C294A1 		.ascii	"\002\302\224\241\221+u\306_\314\231\343\315\376\017"
 540      912B75C6 
 540      5FCC99E3 
 540      CDFE0F
 541 185f 8FF43618 		.ascii	"\217\3646\030\275#\302\015\306H\357\217\226.\366[\274"
 541      BD23C20D 
 541      C648EF8F 
 541      962EF65B 
 541      BC
 542 1870 D63B303C 		.ascii	"\326;0<4\"8Do\210\364\376\215\237\237w\340*\263\035"
 542      34223844 
 542      6F88F4FE 
 542      8D9F9F77 
 542      E02AB31D 
 543 1884 E0E16A10 		.ascii	"\340\341j\020\362\276\316\350$\\\337\014\211\014\235"
 543      F2BECEE8 
 543      245CDF0C 
 543      890C9D
 544 1893 37775E50 		.ascii	"7w^P\310\252\300\245\372\200\240\245\372\225\301\221"
 544      C8AAC0A5 
 544      FA80A0A5 
 544      FA95C191 
 545 18a3 46BD4119 		.ascii	"F\275A\031\024\032`\\\253\216\324\207\254\010\016\013"
 545      141A605C 
 545      AB8ED487 
 545      AC080E0B 
 546 18b3 D2AF5505 		.ascii	"\322\257U\005G\256\012^a\344\203W\004\0324L\010\361"
 546      47AE0A5E 
 546      61E48357 
 546      041A344C 
 546      08F1
 547 18c5 C7D97CA3 		.ascii	"\307\331|\243\2124\032\364\001\241\374b\237\217\226"
 547      8A341AF4 
 547      01A1FC62 
 547      9F8F96
 548 18d4 F28BE77E 		.ascii	"\362\213\347~\264\024\177\0167\237-\360_\312\371-\305"
 548      B4147F0E 
 548      379F2DF0 
 548      5FCAF92D 
 548      C5
 549 18e5 1FFB2DF5 		.ascii	"\037\373-\365\221\232\253_k\364\366[\274l\3212\357e"
ARM GAS  C:\Users\SANDEE~1\AppData\Local\Temp\ccRStUKb.s 			page 44


 549      919AAB5F 
 549      6BF4F65B 
 549      BC6CD132 
 549      EF65
 550 18f7 FEF0FFE2 		.ascii	"\376\360\377\342y\276\037\377b\355Z\357Hc\350<\337\025"
 550      79BE1FFF 
 550      62ED5AEF 
 550      4863E83C 
 550      DF15
 551 1909 BF98EBB3 		.ascii	"\277\230\353\2636\020l\235\261`\361G\272eT\254\316\037"
 551      36106C9D 
 551      B160F147 
 551      BA6554AC 
 551      CE1F
 552 191b EC5FA05F 		.ascii	"\354_\240_\241Z\243\0174\206\033|\245\262V\005\204\010"
 552      A15AA30F 
 552      34861B7C 
 552      A5B25605 
 552      8408
 553 192d BE5341DE 		.ascii	"\276SA\336\237~\272\300\033j\256\361e\342t\340\010\021"
 553      9F7EBAC0 
 553      1B6AAEF1 
 553      65E274E0 
 553      0811
 554 193f 666174CC 		.ascii	"fat\314R\235\221\270hX\2536\256\205khx\220^m0\337\361"
 554      529D91B8 
 554      6858AB36 
 554      AE856B68 
 554      78905E6D 
 555 1956 01414166 		.ascii	"\001AAf/}\346\013^\222\033u\260o y\2463\316\375.\023"
 555      2F7DE60B 
 555      5E921B75 
 555      B06F2079 
 555      A633CEFD 
 556 196c 16F9FAAD 		.ascii	"\026\371\372\255\361\361\006\274.$$\010\014P\031W\201"
 556      F1F106BC 
 556      2E242408 
 556      0C501957 
 556      81
 557 197d DA204D84 		.ascii	"\332 M\204\016.!\021\206\340p'#\371\005\241\021\272"
 557      0E2E2111 
 557      86E07027 
 557      23F905A1 
 557      11BA
 558 198f 50E3DA10 		.ascii	"P\343\332\020\010\273*T\027\006\241q\012\325\205\177"
 558      08BB2A54 
 558      1706A171 
 558      0AD5857F 
 559 199f 13A637C0 		.ascii	"\023\2467\300\365\217\253\365\253\365\252\010Z\374F"
 559      F58FABF5 
 559      ABF5AA08 
 559      5AFC46
 560 19ae E02A1D13 		.ascii	"\340*\035\023\022i)\2170\350\327\270[\025B\313\206\256"
 560      1269298F 
 560      30E8D7B8 
 560      5B1542CB 
 560      86AE
ARM GAS  C:\Users\SANDEE~1\AppData\Local\Temp\ccRStUKb.s 			page 45


 561 19c0 36EAD782 		.ascii	"6\352\327\202\325\200\247\267\240S\037\241\017\203\354"
 561      D580A7B7 
 561      A0531FA1 
 561      0F83EC
 562 19cf 59E9A25F 		.ascii	"Y\351\242_\243\0173\206\006D\376\001\374\007\275\221"
 562      A30F3386 
 562      0644FE01 
 562      FC07BD91 
 563 19df 2B35F497 		.ascii	"+5\364\227V\005C\276\011\0106\002\314]\242\212\030\346"
 563      560543BE 
 563      09083602 
 563      CC5DA28A 
 563      18E6
 564 19f1 26657446 		.ascii	"&etF\034\241[\255\322\177C\304\250\2761\202\361\021"
 564      1CA15BAD 
 564      D27F43C4 
 564      A8BE3182 
 564      F111
 565 1a03 7089D487 		.ascii	"p\211\324\207F(#u\201aF%\020\230!\030\244\005Y\360,"
 565      46282375 
 565      81614625 
 565      10982118 
 565      A40559F0 
 566 1a18 206255B8 		.ascii	" bU\270A\257\374\306h4\020t\370\327\377\021\341\254"
 566      41AFFCC6 
 566      68341074 
 566      F8D7FF11 
 566      E1AC
 567 1a2a 5F1B6C0C 		.ascii	"_\033l\014\204x\253\014A\337\202\021*\022\233\025\221"
 567      8478AB0C 
 567      41DF8211 
 567      2A129B15 
 567      91
 568 1a3b 4E46F20B 		.ascii	"NF\362\013\002\"t+B\002V\002O\332\204\362\221F\350#"
 568      0222742B 
 568      42025602 
 568      4FDA84F2 
 568      9146E823 
 569 1a4f CE467A81 		.ascii	"\316Fz\201\234\203\270\004\204\352\371\300U\001\006"
 569      9C83B804 
 569      84EAF9C0 
 569      550106
 570 1a5e 78181E12 		.ascii	"x\030\036\022\244'\3270\3757\220\277\021\272@\343Zl"
 570      A427D730 
 570      FD3790BF 
 570      11BA40E3 
 570      5A6C
 571 1a70 F099C785 		.ascii	"\360\231\307\205\030\234\015\372\225\320\261t\306\237"
 571      189C0DFA 
 571      95D0B174 
 571      C69F
 572 1a7e BDB6CFAC 		.ascii	"\275\266\317\254\012\004\013\241\251\240\226\017\320"
 572      0A040BA1 
 572      A9A0960F 
 572      D0
 573 1a8b 5CCEF001 		.ascii	"\\\316\360\001gx\2373\274\307\031\346s\206_r\206_\340"
 573      67789F33 
ARM GAS  C:\Users\SANDEE~1\AppData\Local\Temp\ccRStUKb.s 			page 46


 573      BCC719E6 
 573      73865F72 
 573      865FE0
 574 1a9e C8793E40 		.ascii	"\310y>@sq\244\357\007@\357\003\275\0074\037\350\227"
 574      7371A4EF 
 574      0740EF03 
 574      BD07341F 
 574      E897
 575 1ab0 40F0DC77 		.ascii	"@\360\334w\036\220/\020\340|\001\347\0038\037\300\371"
 575      1E902F10 
 575      E07C01E7 
 575      03381FC0 
 575      F9
 576 1ac1 00CE67BE 		.ascii	"\000\316g\276\013QH\306\030\260\355/\277\333\026\335"
 576      0B5148C6 
 576      18B0ED2F 
 576      BFDB16DD 
 577 1ad1 9AF742C9 		.ascii	"\232\367B\311\340\021\030\036\006\315h\244\355\035\034"
 577      E011181E 
 577      06CD68A4 
 577      ED1D1C
 578 1ae0 AEB6340E 		.ascii	"\256\2664\0168\033\032\001C\2113cu\306\031\302\015\004"
 578      381B1A01 
 578      43893363 
 578      75C619C2 
 578      0D04
 579 1af2 506FD087 		.ascii	"Po\320\207\005B\220\376\302F\2150\244\200\006h7\020"
 579      054290FE 
 579      C2468D30 
 579      A4800668 
 579      3710
 580 1b04 3EDBE1F3 		.ascii	">\333\341\363\310\300U$q=\035\003\276\2154\217+\216"
 580      C8C05524 
 580      713D1D03 
 580      BE8D348F 
 580      2B8E
 581 1b16 B540D3D3 		.ascii	"\265@\323\323!\213$\242Jo0\204\033\"5\320+h\313B\023"
 581      218B24A2 
 581      4A6F3084 
 581      1B2235D0 
 581      2B68CB42 
 582 1b2b 826B2B82 		.ascii	"\202k+\202W\272\004\206\204\007\376A\027\031\241\327"
 582      57BA0486 
 582      8407FE41 
 582      1719A1D7 
 583 1b3b 07398583 		.ascii	"\0079\205\203W\320\340?X\362\371\342%\013\026\352\226"
 583      57D0E03F 
 583      58F2F9E2 
 583      250B16EA 
 583      96
 584 1b4c 2DFEF517 		.ascii	"-\376\365\027\313t\237,Y\346?\323\252d\301\302/\027"
 584      CB749F2C 
 584      59E63FD3 
 584      AA64C1C2 
 584      2F17
 585 1b5e F92DD408 		.ascii	"\371-\324\010e\320\335\\@lx\004\313\025M\320j\343\267"
 585      65D0DD5C 
ARM GAS  C:\Users\SANDEE~1\AppData\Local\Temp\ccRStUKb.s 			page 47


 585      406C7804 
 585      CB154DD0 
 585      6AE3B7
 586 1b71 BAC06F03 		.ascii	"\272\300o\003C\364\263>\376h\231\277n\301\027\376\277"
 586      43F4B33E 
 586      FE6899BF 
 586      6EC117FE 
 586      BF
 587 1b82 D3F9FDCE 		.ascii	"\323\371\375\316\357\323\205:\350\310\037\374\300\266"
 587      EFD3853A 
 587      E8C81FFC 
 587      C0B6
 588 1b90 D0D76D99 		.ascii	"\320\327m\231\377\002I\201\033\010#2\250\010\350\243"
 588      FF024981 
 588      1B082332 
 588      A808E8A3 
 589 1ba0 20DF8F9A 		.ascii	" \337\217\232\252\244\311\247\001^\367\351\022\277\337"
 589      AAA4C9A7 
 589      015EF7E9 
 589      12BFDF
 590 1baf 2E5CE04A 		.ascii	".\\\340Jn?\362\363_\364\345B\335\322\257\244\234\377"
 590      6E3FF2F3 
 590      5FF4E542 
 590      DDD2AFA4 
 590      9CFF
 591 1bc1 57A49A6E 		.ascii	"W\244\232n\351\302\217\026\374\316\231\334-\363_\362"
 591      E9C28F16 
 591      FCCE99DC 
 591      2DF35FF2 
 592 1bd1 39ADF9C5 		.ascii	"9\255\371\305g\213>[\344\377c\3331\304\0345\320\015"
 592      678B3E5B 
 592      E4FF63DB 
 592      31C41C35 
 592      D00D
 593 1be3 31236112 		.ascii	"1#a\0222\235\310Y`\010^\2437`(T\372/]\264l!\366\203"
 593      329DC859 
 593      60085EA3 
 593      37602854 
 593      FA2F5DB4 
 594 1bfb 8175D952 		.ascii	"\201u\331R_ \037n\301R~\311GK}\311\217\017\366\203B"
 594      5F201F6E 
 594      C1527EC9 
 594      474B7DC9 
 594      8F0FF683 
 595 1c10 1870F98F 		.ascii	"\030p\371\217?\365_\352B\324\011\243\247:4`e\230\336"
 595      3FF55FEA 
 595      42D409A3 
 595      A73A3460 
 595      6598DE
 596 1c23 382750F1 		.ascii	"8'P\361Cq\320\377gC\260Qo\036\365\337\002\351\213\003"
 596      4371D0FF 
 596      6743B051 
 596      6F1EF5DF 
 596      02E98B03 
 597 1c37 C89DBF21 		.ascii	"\310\235\277! ,24\330\350\037\034\252\017_mT\223\266"
 597      202C3234 
 597      D8E81F1C 
ARM GAS  C:\Users\SANDEE~1\AppData\Local\Temp\ccRStUKb.s 			page 48


 597      AA0F5F6D 
 597      5493B6
 598 1c4a 865B1835 		.ascii	"\206[\0305t\277\206\214s\325\351V\254\016\013\324\351"
 598      74BF868C 
 598      73D5E956 
 598      AC0E0BD4 
 598      E9
 599 1c5b E6BCFFDE 		.ascii	"\346\274\377\336\374y\316f\356\177\000\315Vf\304"
 599      FC79CE66 
 599      EE7F00CD 
 599      5666C4
 600              		.text
 601              		.section	.gnu.lto_.symtab.bfe24977,"",%progbits
 602 0000 6C736D33 		.ascii	"lsm303dlhcReadRegister\000"
 602      3033646C 
 602      68635265 
 602      61645265 
 602      67697374 
 603 0017 00       		.ascii	"\000"
 604 0018 00       		.ascii	"\000"
 605 0019 00       		.ascii	"\000"
 606 001a 00000000 		.ascii	"\000\000\000\000\000\000\000\000"
 606      00000000 
 607 0022 49020000 		.ascii	"I\002\000\000"
 608 0026 6C736D33 		.ascii	"lsm303dlhcWriteRegister\000"
 608      3033646C 
 608      68635772 
 608      69746552 
 608      65676973 
 609 003e 00       		.ascii	"\000"
 610 003f 00       		.ascii	"\000"
 611 0040 00       		.ascii	"\000"
 612 0041 00000000 		.ascii	"\000\000\000\000\000\000\000\000"
 612      00000000 
 613 0049 51020000 		.ascii	"Q\002\000\000"
 614 004d 6932634D 		.ascii	"i2cMasterTransmitTimeout\000"
 614      61737465 
 614      72547261 
 614      6E736D69 
 614      7454696D 
 615 0066 00       		.ascii	"\000"
 616 0067 02       		.ascii	"\002"
 617 0068 00       		.ascii	"\000"
 618 0069 00000000 		.ascii	"\000\000\000\000\000\000\000\000"
 618      00000000 
 619 0071 61020000 		.ascii	"a\002\000\000"
 620              		.text
 621              		.section	.gnu.lto_.opts,"",%progbits
 622 0000 272D666D 		.ascii	"'-fmath-errno' '-fsigned-zeros' '-ftrapping-math' '"
 622      6174682D 
 622      6572726E 
 622      6F272027 
 622      2D667369 
 623 0033 2D666E6F 		.ascii	"-fno-trapv' '-fno-openmp' '-fno-openacc' '-mcpu=cor"
 623      2D747261 
 623      70762720 
 623      272D666E 
ARM GAS  C:\Users\SANDEE~1\AppData\Local\Temp\ccRStUKb.s 			page 49


 623      6F2D6F70 
 624 0066 7465782D 		.ascii	"tex-m4' '-mfloat-abi=hard' '-mfpu=fpv4-sp-d16' '-mn"
 624      6D342720 
 624      272D6D66 
 624      6C6F6174 
 624      2D616269 
 625 0099 6F2D7468 		.ascii	"o-thumb-interwork' '-mthumb' '-ggdb' '-O2' '-fomit-"
 625      756D622D 
 625      696E7465 
 625      72776F72 
 625      6B272027 
 626 00cc 6672616D 		.ascii	"frame-pointer' '-falign-functions=16' '-ffunction-s"
 626      652D706F 
 626      696E7465 
 626      72272027 
 626      2D66616C 
 627 00ff 65637469 		.ascii	"ections' '-fdata-sections' '-fno-common' '-flto' '-"
 627      6F6E7327 
 627      20272D66 
 627      64617461 
 627      2D736563 
 628 0132 6673696E 		.ascii	"fsingle-precision-constant'\000"
 628      676C652D 
 628      70726563 
 628      6973696F 
 628      6E2D636F 
 629              		.text
 630              		.comm	__gnu_lto_v1,1,1
 631              		.comm	__gnu_lto_slim,1,1
 632              		.ident	"GCC: (GNU Tools for ARM Embedded Processors 6-2017-q2-update) 6.3.1 20170620 (release) [AR
ARM GAS  C:\Users\SANDEE~1\AppData\Local\Temp\ccRStUKb.s 			page 50


DEFINED SYMBOLS
                            *ABS*:00000000 magnet.c
                            *COM*:00000001 __gnu_lto_v1
                            *COM*:00000001 __gnu_lto_slim

NO UNDEFINED SYMBOLS
