ARM GAS  C:\Users\SANDEE~1\AppData\Local\Temp\ccsogaig.s 			page 1


   1              		.cpu cortex-m4
   2              		.eabi_attribute 27, 1
   3              		.eabi_attribute 28, 1
   4              		.eabi_attribute 20, 1
   5              		.eabi_attribute 21, 1
   6              		.eabi_attribute 23, 3
   7              		.eabi_attribute 24, 1
   8              		.eabi_attribute 25, 1
   9              		.eabi_attribute 26, 1
  10              		.eabi_attribute 30, 2
  11              		.eabi_attribute 34, 1
  12              		.eabi_attribute 18, 4
  13              		.file	"memstreams.c"
  14              		.text
  15              	.Ltext0:
  16              		.section	.gnu.lto_.profile.bfe274f5,"",%progbits
  17 0000 789C6365 		.ascii	"x\234ce`b`a```d\010\260\004\000\001Y\000\226"
  17      60626061 
  17      60606064 
  17      08B00400 
  17      01590096 
  18              		.text
  19              		.section	.gnu.lto_.icf.bfe274f5,"",%progbits
  20 0000 789C6365 		.ascii	"x\234ce`bPc@\0006\206y\023^>\340f|\376\364E\027'\323"
  20      60625063 
  20      40003686 
  20      79135E3E 
  20      E0667CFE 
  21 0019 9AAEAB1D 		.ascii	"\232\256\253\035\374\314`\222e\375\307\177\373XX\277"
  21      FCCC6092 
  21      65FDC77F 
  21      FB5858BF 
  22 0029 DE58FE86 		.ascii	"\336X\376\206\215\001\000i\020\022\226"
  22      8D010069 
  22      101296
  23              		.text
  24              		.section	.gnu.lto_.jmpfuncs.bfe274f5,"",%progbits
  25 0000 789C458B 		.ascii	"x\234E\213\273\021\000 \010C\023@-\235\312\241\254\262"
  25      BB110020 
  25      08431340 
  25      2D9DCAA1 
  25      ACB2
  26 0012 BA5888AF 		.ascii	"\272X\210\257\310]~\015\206\205O\203\221.1\221y\352"
  26      C85D7E0D 
  26      86854F83 
  26      912E3191 
  26      79EA
  27 0024 10D56D93 		.ascii	"\020\325m\223o\342\225\246\251\"\342^\246\022\034\360"
  27      6FE295A6 
  27      A922E25E 
  27      A6121CF0 
  28 0034 C60714   		.ascii	"\306\007\024"
  29              		.text
  30              		.section	.gnu.lto_.inline.bfe274f5,"",%progbits
  31 0000 789CB591 		.ascii	"x\234\265\2211\016\3020\014E\277\235\224D4Ua*HHd\002"
  31      310EC230 
  31      0C45BF9D 
ARM GAS  C:\Users\SANDEE~1\AppData\Local\Temp\ccsogaig.s 			page 2


  31      94443455 
  31      612A4848 
  32 0016 A69E8189 		.ascii	"\246\236\201\211\2213p\024\330:vddd\344(\0359\002##"
  32      91337014 
  32      D83A7664 
  32      6464E428 
  32      1D390223 
  33 002b 23D8AD40 		.ascii	"#\330\255@Ht$\221\236\034Ky\266\223\004\214\003\341"
  33      48742491 
  33      9E1C4B79 
  33      B693048C 
  33      03E1
  34 003d BD12200B 		.ascii	"\275\022 \013d\020\011f\255\334)\343pP\227\360M\311"
  34      64100966 
  34      ADDC29E3 
  34      705097F0 
  34      4DC9
  35 004f A09BB32D 		.ascii	"\240\233\263-\005^C\017{\232\007\320\325\215X\011\276"
  35      055E430F 
  35      7B9A07D0 
  35      D58D5809 
  35      BE
  36 0060 E4131112 		.ascii	"\344\023\021\022B\332\371Z\323\236:\241\251\012\270"
  36      42DAF95A 
  36      D39E3AA1 
  36      A90AB8
  37 006f C7E287D0 		.ascii	"\307\342\207\320\034\213~!c<%\373%\344(\023\2505}]\203"
  37      1C8B7E21 
  37      633C25FB 
  37      25E42813 
  37      A8357D5D 
  38 0084 BFF7B6C9 		.ascii	"\277\367\266\311M\036D=\223c\324d\224\344J\3246\003"
  38      4D1E443D 
  38      9363D464 
  38      94E44AD4 
  38      3603
  39 0096 4CBD956D 		.ascii	"L\275\225m>U\272g\370C\021\013\357\010\234TK\244\347"
  39      3E55BA67 
  39      F843110B 
  39      EF089C54 
  39      4BA4E7
  40 00a9 0DEB073C 		.ascii	"\015\353\007<\001\310\1775\215"
  40      01C87F35 
  40      8D
  41              		.text
  42              		.section	.gnu.lto_.pureconst.bfe274f5,"",%progbits
  43 0000 789C6365 		.ascii	"x\234ce`b\340f```e\220b\224b\222b\226b\221\002\000\004"
  43      6062E066 
  43      60606065 
  43      90629462 
  43      92629662 
  44 0018 2200A4   		.ascii	"\"\000\244"
  45              		.text
  46              		.section	.gnu.lto_put.bfe274f5,"",%progbits
  47 0000 789C9552 		.ascii	"x\234\225RIOSQ\024\276\337\275oh\241\326\350\312E\027"
  47      494F5351 
  47      14BEDFBD 
ARM GAS  C:\Users\SANDEE~1\AppData\Local\Temp\ccsogaig.s 			page 3


  47      6F68A1D6 
  47      E8CA4517 
  48 0014 2C24A489 		.ascii	",$\244\211\366i\304\245?\006\010\211$4\022\353Z.-\026"
  48      F669C4A5 
  48      3F060889 
  48      243412EB 
  48      5A2E2D16 
  49 0028 E2047160 		.ascii	"\342\004q`J\353#1\004E\231A\001\247F\214\012\202\240"
  49      4AEB2331 
  49      04459941 
  49      01A7468C 
  49      0A82A0
  50 003b 06172C5C 		.ascii	"\006\027,\\H!!\006\015\016q\207\236\363^\0230n\340\245"
  50      48212106 
  50      0D0E7187 
  50      9EF35E13 
  50      306EE0A5 
  51 004f BDEF0EE7 		.ascii	"\275\357\016\347\033\316\367\256)\244XQB\224\013!N\322"
  51      1BCEF7AE 
  51      29A45851 
  51      42940B21 
  51      4ED2
  52 0061 1FA6806C 		.ascii	"\037\246\200l}+DC@J\303\205\320EjsN\010\035R0\374}\003"
  52      7D2B4443 
  52      404AC385 
  52      D0456A73 
  52      4E081D52 
  53 0079 E0890E40 		.ascii	"\340\211\016@\324Ke\240\036-\252]\341]\343PF]U\256\022"
  53      D44B65A0 
  53      1E2DAA5D 
  53      E15DE350 
  53      465D55AE 
  54 008e 3068B939 		.ascii	"0h\2719\337\265\022\346%PB\313\374dz\303\210\366jzr"
  54      DFB512E6 
  54      255042CB 
  54      FC647AC3 
  54      88F66A7A 
  55 00a3 ED37AC5B 		.ascii	"\3557\254[#\213:\350*):\251\374\016\"\350E\204\325\357"
  55      238B3AE8 
  55      2A293AA9 
  55      FC0E22E8 
  55      4584D5EF 
  56 00b7 224AC51F 		.ascii	"\"J\305\037\346\227Zmu\004\202\346\243\315\335\223\241"
  56      E6975A6D 
  56      750482E6 
  56      A3CDDD93 
  56      A1
  57 00c8 B21EAD93 		.ascii	"\262\036\255\223:\367\342\272\322\207]\245\320\007\265"
  57      3AF7E2BA 
  57      D2875DA5 
  57      D007B5
  58 00d7 13485B02 		.ascii	"\023H[\002\367PF\345\231t\337\252R\216\007\375\222\376"
  58      F75046E5 
  58      9974DFAA 
  58      528E07FD 
  58      92FE
  59 00e9 FE355C80 		.ascii	"\3765\\\200\346\177J\035r\311\355}\037z\"\202c\0144"
ARM GAS  C:\Users\SANDEE~1\AppData\Local\Temp\ccsogaig.s 			page 4


  59      E67F4A1D 
  59      72C9ED7D 
  59      1F7A2282 
  59      630C34
  60 00fc 04FA51C6 		.ascii	"\004\372Q\306\325?\276-\275\011\252\343\036\322\235"
  60      D53FBE2D 
  60      BD09AAE3 
  60      1ED29D
  61 010b 4875854B 		.ascii	"Hu\205Ko{\310O\035\007\257\245\364km\270\312\304\300"
  61      6F7BC84F 
  61      1D07AFA5 
  61      F46B6DB8 
  61      CAC4C0
  62 011e BFC2FC50 		.ascii	"\277\302\374P\371\347\341\255\233\373,\003\203(\345"
  62      F9E7E1AD 
  62      9BFB2C03 
  62      8328E5
  63 012d 86A88F21 		.ascii	"\206\250\217!X\240\367\340{\344\364\326\237&\235\373"
  63      58A0F7E0 
  63      7BE4F4D6 
  63      9F269DFB 
  64 013d 7868616C 		.ascii	"xhal\376@\030$))\0222k\322\324\262x\260i\260\003<\004"
  64      FE401824 
  64      29291232 
  64      6BD2D4B2 
  64      78B069B0 
  65 0154 C16E8A79 		.ascii	"\301n\212y3\304\203\020\027\211\216\323\276DY\321[\255"
  65      33C48310 
  65      17898ED3 
  65      BE4459D1 
  65      5BAD
  66 0166 22D93D78 		.ascii	"\"\331=x9\352\011\220\\\226:_Grj\375\312\264\305{Ye"
  66      39EA0990 
  66      5C963A5F 
  66      47726AFD 
  66      CAB4C57B 
  67 017c 929FB60B 		.ascii	"\222\237\266\013\317\027l\316\336\364\272\371\375j\266"
  67      CF176CCE 
  67      DEF4BAF9 
  67      FD6AB6
  68 018b 39E422DB 		.ascii	"9\344\"\333@\341\227\270*@ \014\263{:\353\311'\007l"
  68      40E197B8 
  68      2A40200C 
  68      B37B3AEB 
  68      C927076C 
  69 019f A75FFB47 		.ascii	"\247_\373GA\214\300E\007\267 0\012\307\343\236\211\371"
  69      418CC045 
  69      07B72030 
  69      0AC7E39E 
  69      89F9
  70 01b1 CCD61EA9 		.ascii	"\314\326\036\251\306<*\216\001\343D\225G\343\362ty\301"
  70      C63C2A8E 
  70      01E34495 
  70      47E3F274 
  70      79C1
  71 01c3 64967B13 		.ascii	"d\226{\023\334\226\022t\275\224\327CK\252\320\203\275"
  71      DC961274 
ARM GAS  C:\Users\SANDEE~1\AppData\Local\Temp\ccsogaig.s 			page 5


  71      BD94D743 
  71      4BAAD083 
  71      BD
  72 01d4 27251B0F 		.ascii	"'%\033\017<%\311J\017=\323\251L\272\323\364\271\010"
  72      3C25C94A 
  72      0F3DD3A9 
  72      4CBAD3F4 
  72      B908
  73 01e6 68B31A29 		.ascii	"h\263\032)t\315\234\342\275\235\001\331\377\005\324"
  73      74CD9CE2 
  73      BD9D01D9 
  73      FF05D4
  74 01f5 1DA64B41 		.ascii	"\035\246KA0L\260\030&\211:\253\202~\310\035)\333'-\336"
  74      304CB018 
  74      26893AAB 
  74      827EC81D 
  74      29DB272D 
  75 020a 95C1A39C 		.ascii	"\225\301\243\234\302\324v\012\217|omi\370,!\237h\274"
  75      C2D4760A 
  75      8F7C6F6D 
  75      69F82C21 
  75      9F68BC
  76 021d 696EB888 		.ascii	"in\270\210\315\320\327\307cb \255\266`\301\351.U\236"
  76      CDD0D7C7 
  76      636220AD 
  76      B660C1E9 
  76      2E559E
  77 0230 6CAB3C85 		.ascii	"l\253<\205C\324^\266\206we6 E\326;\373\005\020l-3\366"
  77      43D45EB6 
  77      86776536 
  77      2045D63B 
  77      FB05106C 
  78 0247 723FEB49 		.ascii	"r?\353I\234\3073D\344l\325\316H$\004r\210\250\251\265"
  78      9CC73344 
  78      E46CD5CE 
  78      48240472 
  78      88A8A9B5 
  79 025b 45D0F503 		.ascii	"E\320\365\003sP\264\321X\314\361\177g\022\316\351\212"
  79      7350B4D1 
  79      58CCF17F 
  79      6712CEE9 
  79      8A
  80 026c 5AA7B6A6 		.ascii	"Z\247\266\246\322I\234;[]\021O8\361\352xa\032\253\022"
  80      D2499C3B 
  80      5B5D114F 
  80      38F1EA78 
  80      611AAB12 
  81 0280 B2A60E95 		.ascii	"\262\246\016\225*\236\250\373\013\360\342CS"
  81      2A9EA8FB 
  81      0BF0E243 
  81      53
  82              		.text
  83              		.section	.gnu.lto_get.bfe274f5,"",%progbits
  84 0000 789C9552 		.ascii	"x\234\225R[KTQ\024\336\337\331g\346\314\031F\243\036"
  84      5B4B5451 
  84      14DEDFD9 
  84      67E6CC19 
ARM GAS  C:\Users\SANDEE~1\AppData\Local\Temp\ccsogaig.s 			page 6


  84      46A31E
  85 0013 8460081F 		.ascii	"\204`\010\037\022\031HO\240\375\230\0365\004\005\207"
  85      1219484F 
  85      A0FD981E 
  85      35040587 
  86 0023 A4E93172 		.ascii	"\244\3511r;c\243h\224\024yc\246#\204h\226w\247\274\302"
  86      3B63A368 
  86      94147963 
  86      A6238468 
  86      9677A7BC 
  87 0038 90955DB4 		.ascii	"\220\225]\264\2540\260\247(\025,,\354\012\025\326Z\373"
  87      AC30B0A7 
  87      28152C2C 
  87      EC0A15D6 
  87      5AFB
  88 004a 4819BDE4 		.ascii	"H\031\275\344\341\234}\366^{}\337\267\326\267\267O\030"
  88      E19C7DF6 
  88      5E7B7DDF 
  88      B7D6B7B7 
  88      4F18
  89 005c 624A0A51 		.ascii	"bJ\012Q*\2048B\037|\002F\313#!\352\002\206a\272\020"
  89      2A843842 
  89      1F7C0246 
  89      CB2321EA 
  89      028661BA 
  90 0071 2A2837E7 		.ascii	"*(7\347\205P!\011\323\213\233\000OT\000\242\326\220"
  90      85502109 
  90      D38B9B00 
  90      4F5400A2 
  90      D690
  91 0083 266A715E 		.ascii	"&jq^\266I<\251\037J\311s\322\225\002&-7\027:_\347\362"
  91      B6493CA9 
  91      1F4AC973 
  91      D2950226 
  91      2D37173A 
  92 009a 12C8A7E5 		.ascii	"\022\310\247\345\312Dr\303\214\364(z\262m\343\376\313"
  92      CA4472C3 
  92      8CF4287A 
  92      B26DE3FE 
  92      CB
  93 00ab 238BCA76 		.ascii	"#\213\312v\245!:(\275\027a\364 \314\352W\021\241\344"
  93      A5213A28 
  93      BD1761F4 
  93      20CCEA57 
  93      11A1E4
  94 00be 670B4B2D 		.ascii	"g\013K-\226<\004A\363\321\306\256\211Pa\267Rq\225\275"
  94      963C0441 
  94      F3D1C6AE 
  94      895061B7 
  94      527195BD 
  95 00d2 7D51AA83 		.ascii	"}Q\252\203\256\224\350\203\334\011\244\220\3005\024"
  95      AE94E883 
  95      DC09A490 
  95      C03514
  96 00e1 72FEC7F7 		.ascii	"r\376\307\367K\017m\351h\254;\236\350\314-\270\242\261"
  96      4B0F6DE9 
  96      68AC3B9E 
ARM GAS  C:\Users\SANDEE~1\AppData\Local\Temp\ccsogaig.s 			page 7


  96      E8CC2DB8 
  96      A2B1
  97 00f3 5F3AF65D 		.ascii	"_:\366]H\250{\312t\251\344\353\177\343\371\241\364T"
  97      48A87BCA 
  97      74A9E4EB 
  97      7FE3F9A1 
  97      F454
  98 0105 B26F55CA 		.ascii	"\262oU\312\022\015\275\363cy.\270\015}\327\221\267\031"
  98      120DBDF3 
  98      63792EB8 
  98      0D7DD791 
  98      B719
  99 0117 57ED0CF5 		.ascii	"W\355\014\365a\300\203\226\204q\3707\360\325\360\326"
  99      61C08396 
  99      8471F837 
  99      F0D5F0D6 
 100 0127 A51CBF89 		.ascii	"\245\034\277\211A\024\240\037\005\334\024\3652\004?"
 100      4114A01F 
 100      05DC14F5 
 100      32043F
 101 0136 E8C7D1C1 		.ascii	"\350\307\321\301\247\310\252\255\237\015*\273\266\177"
 101      A7C8AAAD 
 101      9F0D2ABB 
 101      B67F
 102 0144 FAD3F3BD 		.ascii	"\372\323\363\2759\240\232\015\262\206\212\366\321\324"
 102      39A09A0D 
 102      B2868AF6 
 102      D1D4
 103 0152 EFE7C1A2 		.ascii	"\357\347\301\242\301\012\360`\013F\0059\030\342L!\232"
 103      C10AF060 
 103      0B460539 
 103      18E24C21 
 103      9A
 104 0163 88925D6F 		.ascii	"\210\222]o\246\005\375\345*\342]\337\317F\264\010I\246"
 104      A605FDE5 
 104      2AE25DDF 
 104      CF46B408 
 104      49A6
 105 0175 C98175C4 		.ascii	"\311\201u\304'\327{g\375\034KK\037\325\325z\346\326"
 105      27D77B67 
 105      FD1C4B4B 
 105      1FD5D57A 
 105      E6D6
 106 0187 638BCFC0 		.ascii	"c\213\317\300\324=}\235{\320\030r\221\256\243C\310w"
 106      D43D7D9D 
 106      7BD01872 
 106      91AEA343 
 106      C877
 107 0199 65804018 		.ascii	"e\200@\030\346\366i\257{%>`9\375\312\333\2621\002\027"
 107      E6F669AF 
 107      7B253E60 
 107      39FDCADB 
 107      B2310217 
 108 01ad EDDC86C0 		.ascii	"\355\334\206\300(\034\315}\277\310c\366\357\222jLS\201"
 108      281CCD7D 
 108      BFC863F6 
 108      EF926A4C 
ARM GAS  C:\Users\SANDEE~1\AppData\Local\Temp\ccsogaig.s 			page 8


 108      5381
 109 01bf A93244B5 		.ascii	"\2512D\265\202\372\027\263\245\333E\022\2336\261\231"
 109      82FA17B3 
 109      A5DB4512 
 109      9B36B199 
 110 01cf EAA76B26 		.ascii	"\352\247k&u\017}\011\313\333\266v\245d\341\206V2X\351"
 110      750F7D09 
 110      CBDBB676 
 110      A564E186 
 110      563258E9 
 111 01e3 A62E3A91 		.ascii	"\246.:\221J.\373<.\002Z\254F\012\337\232\216z1{\247"
 111      4A2EFB3C 
 111      2E025AAC 
 111      460ADF9A 
 111      8E7A317B 
 112 01f8 47D63F1E 		.ascii	"G\326?\036u\035p\271\302\000\306Y\017\023\304.\330\367"
 112      751D70B9 
 112      C200C659 
 112      0F13C42E 
 112      D8F7
 113 020a 3CEDFA20 		.ascii	"<\355\372 \273n\263Hkr&s\312c\014z\366d\032\346\207"
 113      BB6EB348 
 113      6B722673 
 113      CA630C7A 
 113      F6641AE6 
 114 021f 834C6A03 		.ascii	"\203Lj\003\230$4\251\266\332\234\362_\035\0251p\352"
 114      982434A9 
 114      B6DA9CF2 
 114      5F1D1531 
 114      70EA
 115 0231 8F6DD370 		.ascii	"\217m\323p\210\232I>4,d*=\251\020\253\263s\246\276\020"
 115      889A493E 
 115      342C642A 
 115      3DA910AB 
 115      B373A6BE 
 116 0246 1B30445A 		.ascii	"\0330DZ\247\177\006\210i-5vw\017\227`\3404f\0206&\337"
 116      A77F0688 
 116      692D3576 
 116      770F9760 
 116      E0346610 
 117 025d BC04A164 		.ascii	"\274\004\241d\347\333E\320u\002\243\310\252Hq\261\343"
 117      E7DB45D0 
 117      7502A3C8 
 117      AA4871B1 
 117      E3
 118 026e BDC7634E 		.ascii	"\275\307cNeY\265S]U\356\304N\236\250(\213\306\234hE"
 118      6559B553 
 118      5D55EEC4 
 118      4E9EA828 
 118      8BC69C68 
 119 0283 747B5A7C 		.ascii	"t{Z|L\030U52\032\253A\371/\247#:\275"
 119      4C185535 
 119      321AAB41 
 119      F92FA723 
 119      3ABD
 120              		.text
 121              		.section	.gnu.lto_reads.bfe274f5,"",%progbits
ARM GAS  C:\Users\SANDEE~1\AppData\Local\Temp\ccsogaig.s 			page 9


 122 0000 789C9552 		.ascii	"x\234\225R]KTQ\024=\353\234;sgd\306\376\200\204\017"
 122      5D4B5451 
 122      143DEB9C 
 122      3B736764 
 122      C6FE8084 
 123 0015 8908E985 		.ascii	"\211\010\351\205\030\350!\352\271\347\376\201\206\220"
 123      18E821EA 
 123      B9E7FE81 
 123      8690
 124 0023 E09434BD 		.ascii	"\340\2244\275\317q\324I3\312(G\307\034\256 fV~e\231"
 124      CF71D449 
 124      33CA2847 
 124      C71CAE20 
 124      66567E65 
 125 0038 63168345 		.ascii	"c\026\203EQ\242\221\037O\006A\031\"\025\025\022=\210"
 125      51A2911F 
 125      4F064119 
 125      22151512 
 125      3D88
 126 004a DADEE74E 		.ascii	"\332\336\347NY>\351p\347\334s\366\336k\355\275\326\271"
 126      593EE970 
 126      E7DC73F6 
 126      DE6BEDBD 
 126      D6B9
 127 005c 3E2145B1 		.ascii	">!E\261%\304Q!D\204\376\360\011\310\2669!\352\003R\252"
 127      25C45121 
 127      4484FEF0 
 127      09C8B639 
 127      21EA0352 
 128 0071 4547E802 		.ascii	"EG\350\002k\352\240\320!\005\313\013[\000ot\000\".\225"
 128      6BEAA0D0 
 128      2105CB0B 
 128      5B006F74 
 128      00222E95 
 129 0085 8538AEAA 		.ascii	"\2058\256\252\016\205\267\215#\335\352\212r\225\200"
 129      0E85B78D 
 129      23DDEA8A 
 129      729580
 130 0094 45C71FB3 		.ascii	"E\307\037\263]\037\013\371\010\024\323\361\246\236o"
 130      5D1F0BF9 
 130      0814D3F1 
 130      A69E6F
 131 00a3 B1CBFAB5 		.ascii	"\261\313\372\265N\350\\\307\367\343\327\032\232N\272"
 131      4EE85CC7 
 131      F7E3D71A 
 131      9A4EBA
 132 00b2 4A8A3455 		.ascii	"J\2124U\337F\021\372Q\304\275\007PF\265\013\263Km\266"
 132      DF4611FA 
 132      51C4BD07 
 132      5046B50B 
 132      B34B6DB6 
 133 00c6 3A0C41FB 		.ascii	":\014A\373\261\346\236l\250\264\317\340\336]W\372\220"
 133      B1E69E6C 
 133      A8B4CFE0 
 133      DE5D57FA 
 133      90
 134 00d7 AB14EE40 		.ascii	"\253\024\356@\375\013\244\220\300]\224R\371F\353R*\250"
ARM GAS  C:\Users\SANDEE~1\AppData\Local\Temp\ccsogaig.s 			page 10


 134      FD0BA490 
 134      C05D9452 
 134      F946EB52 
 134      2AA8
 135 00e9 1C03ADEF 		.ascii	"\034\003\255\357\033we\036\372\274\335@-\334\333\015"
 135      1B77651E 
 135      FABCDD40 
 135      2DDCDB0D 
 136 00f9 B504060D 		.ascii	"\265\004\006\015tS\337H\025\252#\006\232\236n_\016\377"
 136      7453DF48 
 136      15AA2306 
 136      9A9E6E5F 
 136      0EFF
 137 010b E99A3250 		.ascii	"\351\2322P\211\241\335P)0\214R\256_\377\2664\023T\021"
 137      89A1DD50 
 137      29308C52 
 137      AE5FFFB6 
 137      34135411 
 138 011f 8375271A 		.ascii	"\203u'\032\272\012Kz\015v\256\303\227\326\271\306bW"
 138      BA0A4B7A 
 138      0D76AEC3 
 138      97D6B9C6 
 138      6257
 139 0131 F930F23F 		.ascii	"\3710\362?\234\177T\375at\253=\354\2670\212\0226\203"
 139      9C7F54FD 
 139      6174AB3D 
 139      ECB7308A 
 139      123683
 140 0144 3CB80F3F 		.ascii	"<\270\017?\350=<\217\234\336\332\276\250s/Vq\253\367"
 140      E83D3C8F 
 140      9CDEDABE 
 140      A8732F56 
 140      71ABF7
 141 0157 320EC0B4 		.ascii	"2\016\300\264\223`\251\026\265\367\373x\361\363b\203"
 141      9360A916 
 141      B5F7FB78 
 141      F1F36283 
 142 0167 53019613 		.ascii	"S\001\226\023\344\245\000,*\304\2510/B\\\"n\276\265"
 142      E4A5002C 
 142      2AC4A930 
 142      2F425C22 
 142      6EBEB5
 143 017a 569A9ADE 		.ascii	"V\232\232\336\352\023\022=\2533\322t\243\336\031\012"
 143      EA13123D 
 143      AB33D274 
 143      A3DE190A 
 144 018a AF2131B9 		.ascii	"\257!1\271\266\021\341PF\361\025\246\232\246\337\330"
 144      B611E150 
 144      46F115A6 
 144      9AA6DFD8 
 145 019a 7C853E23 		.ascii	"|\205>#\354\327\313\327\315!\027\231z\2555)\262\011"
 145      ECD7CBD7 
 145      CD211799 
 145      7AAD3529 
 145      B209
 146 01ac 83315642 		.ascii	"\2031VB\271\276\225\304\220\355\014j/%\361\000.:Y\216"
 146      B9BE95C4 
ARM GAS  C:\Users\SANDEE~1\AppData\Local\Temp\ccsogaig.s 			page 11


 146      90ED0C6A 
 146      2F25F100 
 146      2E3A598E 
 147 01c0 C0433886 		.ascii	"\300C8\206\372U\271\307\354\333'\325\270\241bK\360\310"
 147      FA55B9C7 
 147      ECDB27D5 
 147      B8A1624B 
 147      F0C8
 148 01d2 50357426 		.ascii	"P5t&[|\036\027\017J\214b\005\215s\317\"\177c\266q\267"
 148      5B7C1E17 
 148      0F4A8C62 
 148      058D73CF 
 148      227F63B6 
 149 01e8 953E8B45 		.ascii	"\225>\213E\307(]?f\204\222G\0316\203RV\336\005\357\016"
 149      C7285D3F 
 149      66849247 
 149      19368352 
 149      56DE05EF 
 150 01fd 33C46FE4 		.ascii	"3\304o\344o\236\362H\002\373\032\322\302\204\031R\362"
 150      6F9EF248 
 150      02FB1AD2 
 150      C2841952 
 150      F2
 151 020e 90596FC8 		.ascii	"\220Yo\310\356\344\200\355q\005\211\216\207\374\214"
 151      EEE480ED 
 151      7105898E 
 151      87FC8C
 152 021d 644F2187 		.ascii	"dO!\207\230 \233\375\262l\3077u\300U\2014\253\303$\342"
 152      98209BFD 
 152      B26CC737 
 152      75C05581 
 152      34ABC324 
 153 0232 22A30A4C 		.ascii	"\"\243\012L=\\\025\364\006\332:\341\221\204\3664P9\033"
 153      3D5C15F4 
 153      06DA3AE1 
 153      9184F634 
 153      50391B
 154 0245 F678C7B0 		.ascii	"\366x\307\260)o\226T\022\036K\230\250\211\213\251SA"
 154      296F9654 
 154      121E4B98 
 154      A8898BA9 
 154      5341
 155 0257 0EED9DF5 		.ascii	"\016\355\235\365\311\016\353S8D%\276\222\261\333\013"
 155      C90EEB53 
 155      384425BE 
 155      92B1DB0B 
 156 0267 79664EFC 		.ascii	"yfN\374\004\221\333\222T\370U\327{E\337\034\330er\245"
 156      0491DB92 
 156      54F855D7 
 156      7B45DF1C 
 156      D86572A5 
 157 027b ACA2C2F1 		.ascii	"\254\242\302\361\236s1\347Le\255S[S\345\304.\234\257"
 157      9E7331E7 
 157      4C65AD53 
 157      5B53E5C4 
 157      2E9CAF
 158 028e AE8CC69C 		.ascii	"\256\214\306\234hu4\277\2558-dM\235\254\252\303Y\025"
ARM GAS  C:\Users\SANDEE~1\AppData\Local\Temp\ccsogaig.s 			page 12


 158      687534BF 
 158      AD382D64 
 158      4D9DACAA 
 158      C35915
 159 02a1 8DD5FD06 		.ascii	"\215\325\375\006\303QN\314"
 159      C3514ECC 
 160              		.text
 161              		.section	.gnu.lto_writes.bfe274f5,"",%progbits
 162 0000 789C9552 		.ascii	"x\234\225RMO\023Q\024}g\336L\247\255m\375\003DYH\010"
 162      4D4F1351 
 162      147D67DE 
 162      4CA7AD6D 
 162      FD034459 
 163 0016 89761243 		.ascii	"\211v\022C\242\321\270\367o\200!\221\204*\261\356\373"
 163      A2D1B8F7 
 163      6F802191 
 163      842AB1EE 
 163      FB
 164 0027 28505112 		.ascii	"(PQ\022\305h\013U\232!1\004\025\371\022\005\012h\032"
 164      C5680B55 
 164      9A213104 
 164      15F91205 
 164      0A681A
 165 003a 5C183160 		.ascii	"\\\0301`\004\272\201\235\342\242\001c\214Q\027\012x"
 165      04BA819D 
 165      E2A20163 
 165      8C51170A 
 165      78
 166 004b EF9B4694 		.ascii	"\357\233F\224\0254\3237\357\335{\317\271\367\2347\226"
 166      1534D337 
 166      EFDD7BCF 
 166      B9F79C37 
 166      96
 167 005c 30C45153 		.ascii	"0\304QS\210SB\210Z\372\303\0220\272\026\205h\361\033"
 167      88534288 
 167      5AFAC312 
 167      30BA1685 
 167      68F11B
 168 006f 865C7184 		.ascii	"\206\\q\204\012\232\263G\204\012I\230^\330\004x\243"
 168      0A9AB347 
 168      840A4998 
 168      5ED80478 
 168      A3
 169 0080 FC100943 		.ascii	"\374\020\011C\232H\340\226\354\226x\3376\332+oJW\012"
 169      9A48E096 
 169      EC9678DF 
 169      36DA2B6F 
 169      4A570A
 170 0093 9874FCBA 		.ascii	"\230t\374\272p\357c\204\217@%\035\357\253\245\353v\315"
 170      70EF6384 
 170      8F40251D 
 170      EFABA5EB 
 170      76CD
 171 00a5 80524955 		.ascii	"\200RIU\350\236=w\273\265\375\274+\015\221\245\352\207"
 171      E89E3D77 
 171      BBB5FDBC 
 171      2B0D91A5 
ARM GAS  C:\Users\SANDEE~1\AppData\Local\Temp\ccsogaig.s 			page 13


 171      EA87
 172 00b7 A8C0002A 		.ascii	"\250\300\000*\270\367#\324P\355\362B\261\313\226\307"
 172      B8F723D4 
 172      50EDF242 
 172      B1CB96C7 
 173 00c7 21683FDE 		.ascii	"!h?\336\321\227\017U\367k\334\372\035\251\216\271R\342"
 173      D1970F55 
 173      F76BDCFA 
 173      1DA98EB9 
 173      52E2
 174 00d9 31E4BF40 		.ascii	"1\344\277@\012\011\014\242\232\312\177u\0263\001\351"
 174      0A090CA2 
 174      9ACA7F75 
 174      163301E9 
 175 00e9 68684BFF 		.ascii	"hhK\377\204k\224\241\277\323\032j\342\311^\250)0\244"
 175      846B94A1 
 175      BFD31A6A 
 175      E2C95EA8 
 175      2930A4
 176 00fc A15BEA6E 		.ascii	"\241[\352n&\"Ojhv.\275\026.CW\2725\324\300\360^\250"
 176      26224F6A 
 176      68762EBD 
 176      162E4357 
 176      BA35D4C0 
 177 0113 2130826A 		.ascii	"!0\202j\256\377\366\245\3706 k5\326\235j\275\027\251"
 177      AEFFF6A5 
 177      F836206B 
 177      35D69D6A 
 177      BD17A9
 178 0126 7AA0B1DB 		.ascii	"z\240\261\333i+\253\012m\225\256\2640\372?\234\177T"
 178      692BAB0A 
 178      6D95AEB4 
 178      30FA3F9C 
 178      7F54
 179 0138 FD616C3B 		.ascii	"\375al;\035\366\231\030C\025\233A\036<\205\017\364\036"
 179      1DF69918 
 179      43159B41 
 179      1E3C850F 
 179      F41E
 180 014a 5942416D 		.ascii	"YBAm\357\\S\205\037E\014\314\034:\014\335\315\000+5"
 180      EF5C5385 
 180      1F450CCC 
 180      1C3A0CDD 
 180      CD002B35 
 181 015e A9BBCFE2 		.ascii	"\251\273\317\342\305\307\213\015N\371ik\007x\011\202"
 181      C5C78B0D 
 181      4EF9696B 
 181      07780982 
 182 016e 35853815 		.ascii	"5\2058\025\346E\210\033D\315\227\326IC\323[~B\262og"
 182      E645881B 
 182      44CD97D6 
 182      4943D35B 
 182      7E42B26F 
 183 0183 DED0CDA8 		.ascii	"\336\320\315\250u\216\302%$\247K\245Z\016\345$\337`"
 183      758EC225 
 183      24A74BA5 
 183      5A0EE524 
ARM GAS  C:\Users\SANDEE~1\AppData\Local\Temp\ccsogaig.s 			page 14


 183      DF60
 184 0195 A67DEE9D 		.ascii	"\246}\356\235\3157hi]?_\317w\204\\\344Z\224R$\310O\030"
 184      CD376869 
 184      5D3F5FCF 
 184      77845CE4 
 184      5A945224 
 185 01ac 8CB310CA 		.ascii	"\214\263\020\312\365\257'\207mgHy)\003\317\340\242\207"
 185      F5AF2787 
 185      6D674879 
 185      2903CFE0 
 185      A287
 186 01be D5083C87 		.ascii	"\325\010<\207\243\251\337D=f\353\200T\023\232\212\035"
 186      A3A9DF44 
 186      3D66EB80 
 186      54139A8A 
 186      1D
 187 01cf C1A4A66A 		.ascii	"\301\244\246j\355Ie-\217\213\007%F\261\216\266\305W"
 187      ED49652D 
 187      8F8B0725 
 187      46B18EB6 
 187      C557
 188 01e1 B57F63B6 		.ascii	"\265\177c\2666\267\223\276\212\025G+\035<\253\205\222"
 188      36B793BE 
 188      8A15472B 
 188      1D3CAB85 
 188      92
 189 01f2 47393683 		.ascii	"G96\203Rf\331\005\357\012s\304\257\345o\234\361H\374"
 189      5266D905 
 189      EF0A73C4 
 189      AFE56F9C 
 189      F148FC
 190 0205 071AD2C6 		.ascii	"\007\032\322\306\224\036\322\340!\363\336\220\275\251"
 190      941ED2E0 
 190      21F3DE90 
 190      BDA9
 191 0213 5279C840 		.ascii	"Ry\310@\216\261\226\330@\252/\302!&\310\3477\327\354"
 191      8EB196D8 
 191      40AA2FC2 
 191      2126C8E7 
 191      37D7EC
 192 0226 C496F2BB 		.ascii	"\304\226\362\2732\220eu\230FB\350\342 M\343\312\240"
 192      32906575 
 192      984642E8 
 192      E2204DE3 
 192      CAA0
 193 0238 37D0E669 		.ascii	"7\320\346i\217$\264\257\201N\260a3\273\206\315z\263"
 193      8F24B4AF 
 193      814EB061 
 193      33BB86CD 
 193      7AB3
 194 024a 6452F058 		.ascii	"dR\360X\302DM\\L\235\011ph\377\254/vY_\302!*\361\231"
 194      C2444D5C 
 194      4C9D0970 
 194      68FFAC2F 
 194      76595FC2 
 195 0262 8C9D5C2E 		.ascii	"\214\235\\.3s\342;\210\3346H\205O\256\256J\372\346\300"
 195      3373E23B 
ARM GAS  C:\Users\SANDEE~1\AppData\Local\Temp\ccsogaig.s 			page 15


 195      88DC3648 
 195      854FAEAE 
 195      4AFAE6C0 
 196 0276 2E932B35 		.ascii	".\223+5\321\250\343=\227\343\316\305\272&\247\251\261"
 196      D1A8E33D 
 196      97E3CEC5 
 196      BA26A7A9 
 196      B1
 197 0287 DE895FBD 		.ascii	"\336\211_\275\322P\027\213;\261\206Xy\033\275 \214\306"
 197      D250178B 
 197      3BB18658 
 197      791BBD20 
 197      8CC6
 198 0299 66A3BE19 		.ascii	"f\243\276\031\227d,\336\374\007\270\375N\200"
 198      97642CDE 
 198      FC07B8FD 
 198      4E80
 199              		.text
 200              		.section	.gnu.lto_msObjectInit.bfe274f5,"",%progbits
 201 0000 789C9D93 		.ascii	"x\234\235\223\313kSA\024\306\347\273s\037\211\266\305"
 201      CB6B5341 
 201      14C6E7BB 
 201      731F89B6 
 201      C5
 202 0011 850BD12E 		.ascii	"\205\013\321.\272\020B@r\335\271\021\\\352\277\321J"
 202      BA104240 
 202      72DDB911 
 202      5CEABFD1 
 202      4A
 203 0022 8AC5864A 		.ascii	"\212\305\206J\257nD\310$m\215\264\020\025[[C\343-J\214"
 203      AF6E44C8 
 203      246D8DB4 
 203      10155B5B 
 203      43E32D4A 
 204 0037 5A933E7C 		.ascii	"Z\223>|\326X\023\003*\266>P\354B|\201-\305\010\"R\241"
 204      D6581303 
 204      2AB63E50 
 204      EC427C81 
 204      2DC50822 
 205 004d 50B4F1CC 		.ascii	"P\264\361\314$\005-n\314p/\363\270\347\373\315\231\363"
 205      24052D6E 
 205      CC702FF3 
 205      B8E7FBCD 
 205      99F3
 206 005f CD3598C6 		.ascii	"\3155\230\306\2069c{\030c\333\350\005g\320N=g,\342\321"
 206      8639637B 
 206      1863DBE8 
 206      0567D04E 
 206      3D672CE2 
 207 0074 0039101E 		.ascii	"\0009\020\036\260\260\2060N\362A\216blqJ\363\247\005"
 207      B0B08630 
 207      4EF2418E 
 207      626C714A 
 207      F3A705
 208 0087 B5C2E079 		.ascii	"\265\302\340y\353\270\350\331\342\222\374\034\275\262"
 208      EBB8E8D9 
 208      E292FC1C 
ARM GAS  C:\Users\SANDEE~1\AppData\Local\Temp\ccsogaig.s 			page 16


 208      BDB2
 209 0095 210D3F45 		.ascii	"!\015?E\275\354\036\037\346q\356r@\247\351\367g\211"
 209      BDEC1E1F 
 209      E671EE72 
 209      40A7E9F7 
 209      6789
 210 00a7 F90639D5 		.ascii	"\371\0069\325\320D\323\245os\263^\276\003\214\306W\373"
 210      D044D3A5 
 210      6F73B35E 
 210      BE038CC6 
 210      57FB
 211 00b9 330DBE94 		.ascii	"3\015\276\224\020QQx\332\317\305v\227\323\0328\361p"
 211      10515178 
 211      DACFC576 
 211      97D31A38 
 211      F170
 212 00cb 058DB88C 		.ascii	"\005\215\270\214FFK\014\243\360Qt\272;\367\306\313w"
 212      46464B0C 
 212      A3F05174 
 212      BA3BF7C6 
 212      CB77
 213 00dd 2AE5EBC5 		.ascii	"*\345\353\305d\272\256*\3759\240\244:\256\255\227\352"
 213      64BAAE2A 
 213      FD39A0A4 
 213      3AAEAD97 
 213      EA
 214 00ee 0C1925BD 		.ascii	"\014\031%\275\020\231\233\255\347\273\2244\226\231."
 214      10999BAD 
 214      E7BB9434 
 214      96992E
 215 00fd ADEDFA28 		.ascii	"\255\355\372(\271\371L\227\330\347r\003\331\365b\203"
 215      B9F94C97 
 215      D8E77203 
 215      D9F56283 
 216 010d 614C8997 		.ascii	"aL\211\227\323\305\207:\337\255\304\037g\342\2477\254"
 216      D3C5873A 
 216      DFADC41F 
 216      67E2A737 
 216      AC
 217 011e ED5B49D9 		.ascii	"\355[I\331\300\370?\244\023\360\311\370O\023\253\003"
 217      C0F83FA4 
 217      13F0C9F8 
 217      4F13AB03 
 218 012e F5A65E29 		.ascii	"\365\246^)\021&a\202\372\261W(\210\325rL\024\026R\310"
 218      11266182 
 218      FAB15728 
 218      88D5724C 
 218      141652C8 
 219 0142 EFDD48B5 		.ascii	"\357\335H\265\246\023\352\220\311\232\220\273z\240\000"
 219      A613EA90 
 219      C99A90BB 
 219      7AA000
 220 0151 AC9764D2 		.ascii	"\254\227d\322\206>\256\311\236\227\020]\211er\307$\211"
 220      863EAEC9 
 220      9E97105D 
 220      896572C7 
 220      2489
ARM GAS  C:\Users\SANDEE~1\AppData\Local\Temp\ccsogaig.s 			page 17


 221 0163 E8677B8A 		.ascii	"\350g{\212/,YZ\256\222[~<s\242\316E2B\376\214lu\271"
 221      2F2C595A 
 221      AE925B7E 
 221      3C73A2CE 
 221      453242FE 
 222 017b 99A49A5F 		.ascii	"\231\244\232_\247\214\344\307\324B4k\331\031\351]\223"
 222      A78CE4C7 
 222      D442346B 
 222      D919E95D 
 222      93
 223 018c CB2DDC80 		.ascii	"\313-\334\200\213!e\034n\302\376\023f)X\327J~\251!\374"
 223      8B21651C 
 223      6EC2FE13 
 223      662958D7 
 223      4A7EA921 
 224 01a1 4B90C3D6 		.ascii	"K\220\303\326E\031GkO\022\243\007%\177\223\313=\270"
 224      4519476B 
 224      4F12A307 
 224      257F93CB 
 224      3DB8
 225 01b3 4DB7E256 		.ascii	"M\267\342V\025^\3762\231\365R\360\020m|\011\022q\207"
 225      155EFE32 
 225      99F552F0 
 225      106D7C09 
 225      127187
 226 01c6 F0849E42 		.ascii	"\360\204\236B\230Q\322\211\322\333y\253\232\364\177"
 226      9851D289 
 226      D2DB79AB 
 226      9AF47F
 227 01d5 64A9E3AE 		.ascii	"d\251\343\256\312R\026\0159\330IrT\321\336\325B3pO\321"
 227      CA52160D 
 227      39D84972 
 227      54D1DED5 
 227      4233704F 
 228 01ea 34499B96 		.ascii	"4I\233\2264\263B{_\033\355\276\242)c\363\222\346\221"
 228      34B3427B 
 228      5F1BEDBE 
 228      A22963F3 
 228      92E691
 229 01fd B41F9F3F 		.ascii	"\264\037\237?\324F+(\232.i\017\376\366\303\000C\221"
 229      D4462B28 
 229      9A2E690F 
 229      FEF6C300 
 229      4391
 230 020f 545F111D 		.ascii	"T_\021\035)\307!\341\352w\353\245\272\320\245\240\343"
 230      29C721E1 
 230      EA77EBA5 
 230      BAD0A5A0 
 230      E3
 231 0220 F80301BB 		.ascii	"\370\003\001\273\362t8\366\201\346v\273\275\255\305"
 231      F27438F6 
 231      81E676BB 
 231      BDADC5
 232 022f 760E7706 		.ascii	"v\016w\006\233C\216\035\012\206\252\303\300~\306C\316"
 232      9B438E1D 
 232      0A86AAC3 
 232      C07EC643 
ARM GAS  C:\Users\SANDEE~1\AppData\Local\Temp\ccsogaig.s 			page 18


 232      CE
 233 0240 21B3E548 		.ascii	"!\263\345Hkk\260Sw\332\216\006y\260\303\371\015e\">"
 233      6B6BB053 
 233      77DA8E06 
 233      79B0C3F9 
 233      0D65223E 
 234 0254 A3       		.ascii	"\243"
 235              		.text
 236              		.section	.gnu.lto_vmt.bfe274f5,"",%progbits
 237 0000 789C6365 		.ascii	"x\234ce`b\230\311\300\300\240\315\000\001\323\231\031"
 237      606298C9 
 237      C0C0A0CD 
 237      0001D399 
 237      19
 238 0011 77EE7C73 		.ascii	"w\356|s\233\275\376oCGC\303\203\356\365\314\265\363"
 238      9BBDFE6F 
 238      434743C3 
 238      83EEF5CC 
 238      B5F3
 239 0023 99196632 		.ascii	"\231\031f2cH-x\304<\237\231q&3#\206\3042\240\004\323"
 239      63482D78 
 239      C43C9F99 
 239      71263323 
 239      86C432A0 
 240 0039 4C66260C 		.ascii	"Lf&\014\211gL\363\231\231g23\203%\276>{\262\237\303"
 240      89674CF3 
 240      99996732 
 240      338325BE 
 240      3E7BB29F 
 241 004e 625B43C7 		.ascii	"b[C\307\202\006\207\371\314,3\230\031\030W1\326\317"
 241      820687F9 
 241      CC2C3398 
 241      19185731 
 241      D6CF
 242 0060 6066645C 		.ascii	"`fd\\\011\242\230\030W\200(f\306\345\214\365\014\214"
 242      09A29818 
 242      57802866 
 242      C6E58CF5 
 242      0C8C
 243 0072 AB192D18 		.ascii	"\253\031-\0304\365\364\364!(\277X?#1G?'3I\277\270\244"
 243      34F5F4F4 
 243      2128BF58 
 243      3F233147 
 243      3F273349 
 244 0089 283531B7 		.ascii	"(51\267X?75\027\312\324Kf\000\000R<G\370"
 244      583F3735 
 244      17CAD44B 
 244      66000052 
 244      3C47F8
 245              		.text
 246              		.section	.gnu.lto_.symbol_nodes.bfe274f5,"",%progbits
 247 0000 789C5DC9 		.ascii	"x\234]\311\273\015\2000\020\203a\307G\262\006\022\223"
 247      BB0D8030 
 247      108361C7 
 247      47B20612 
 247      93
 248 0011 C0647715 		.ascii	"\300dw\025%\342M\313\030\210\216\005\230\202\222!\210"
ARM GAS  C:\Users\SANDEE~1\AppData\Local\Temp\ccsogaig.s 			page 19


 248      25E24DCB 
 248      18888E05 
 248      98829221 
 248      88
 249 0022 403471F3 		.ascii	"@4q\363K\237=\210\006q\034\250@{\0021\333zX\2106R]j"
 249      4B9F3D88 
 249      06711CA8 
 249      407B0231 
 249      DB7A5888 
 250 003a 3D95A975 		.ascii	"=\225\251uTIm\246f\277\355V\001~\"\254\000\304-T\377"
 250      54496DA6 
 250      66BFED56 
 250      017E22AC 
 250      00C42D54 
 251 004f 5E805919 		.ascii	"^\200Y\031\205\001W}\347\"_\361\000\323M%U"
 251      8501577D 
 251      E7225FF1 
 251      00D34D25 
 251      55
 252              		.text
 253              		.section	.gnu.lto_.refs.bfe274f5,"",%progbits
 254 0000 789C05C1 		.ascii	"x\234\005\301\261\001\000\000\010\303\2404\332\335\377"
 254      B1010000 
 254      08C3A034 
 254      DADDFF
 255 000f AF158A1C 		.ascii	"\257\025\212\034\220\265\331:*\206\007\003e\000<"
 255      90B5D93A 
 255      2A860703 
 255      65003C
 256              		.text
 257              		.section	.gnu.lto_.decls.bfe274f5,"",%progbits
 258 0000 789C9D57 		.ascii	"x\234\235W]P\024\331\025\356\323w\030`\030\300\250e"
 258      5D5014D9 
 258      15EED377 
 258      186018C0 
 258      A865
 259 0012 698A07D6 		.ascii	"i\212\007\326\314V\310\203\214hjw+\225\252l\312T6y`"
 259      CC56C883 
 259      8C686A77 
 259      2B95AA6C 
 259      CA543679 
 260 0027 A94A56F3 		.ascii	"\251JV\363B\025A\030\224\024\314\020\246\311\256yj@"
 260      42154118 
 260      9414CC10 
 260      A6C9AE79 
 260      6A40
 261 0039 14F10F44 		.ascii	"\024\361\017D@@~\026]\025\025EE\224E\303\370\003\342"
 261      40407E16 
 261      5D151545 
 261      459445C3 
 261      F803E2
 262 004c 1F082A46 		.ascii	"\037\010*F\005\021EYYT\020\027\026Q\311\271\367vO\367"
 262      05114559 
 262      59541017 
 262      1651C9B9 
 262      F7764FF7 
 263 0060 E090DDDA 		.ascii	"\340\220\335\332.\316\364\334\323\347|\347\234\357\236"
ARM GAS  C:\Users\SANDEE~1\AppData\Local\Temp\ccsogaig.s 			page 20


 263      2ECEF4DC 
 263      D3E77CE7 
 263      9CEF9E
 264 006f 7B7AF011 		.ascii	"{z\360\021D!2X\020\034\242 \374\035e\012/_A\020j\004"
 264      44213258 
 264      101CA220 
 264      FC1D650A 
 264      2F5F4110 
 265 0085 ED32A234 		.ascii	"\3552\2424\243\\D\271\211\322\203\342\007\2020\037\005"
 265      A35C44B9 
 265      89D283E2 
 265      0782301F 
 265      05
 266 0096 FF840520 		.ascii	"\377\204\005 x\\\033qm\302\373l\224\271(\347P\226\243"
 266      785C1B71 
 266      6DC2FB6C 
 266      94B928E7 
 266      5096A3
 267 00a9 1C45F1C1 		.ascii	"\034E\361\301gQx\357@1\340\367v\274\023\224\267(\257"
 267      675178EF 
 267      4031E0F7 
 267      76BC1394 
 267      B728AF
 268 00bc A9B382D9 		.ascii	"\251\263\202\331,\274{\345\317\200K1)\2667\\\2129\251"
 268      2CBC7BE5 
 268      CF804B31 
 268      29B6375C 
 268      8A39A9
 269 00cf C3BDE805 		.ascii	"\303\275\350\005\367\3004\334v\005\267C\227/\305\374"
 269      F7C034DC 
 269      7605B743 
 269      972FC5FC 
 270 00df 394A28BC 		.ascii	"9J(\274\213+*\274\314\207w\261\033Q\027\340\005\373"
 270      8B2B2ABC 
 270      CC8777B1 
 270      1B5117E0 
 270      05FB
 271 00f1 B6172EF4 		.ascii	"\266\027.\364\370z>D\205so\370?\303\207\376x_\241\213"
 271      F87A3E44 
 271      85736FF8 
 271      3FC387FE 
 271      785FA18B 
 272 0105 41713B94 		.ascii	"Aq;\224X\024w\034\357cT\2172\245`\252\370\223|\311\366"
 272      5814771C 
 272      EF63548F 
 272      32A560AA 
 272      F8937CC9 
 273 011a D3DB5E2E 		.ascii	"\323\333^.\025\271\337s\224oP\006Q\206\024<\003\312"
 273      15B9DF73 
 273      946F5006 
 273      5186143C 
 273      03CA
 274 012c 77282328 		.ascii	"w(#(/P^*:\312q\263\240\365\312\364\253\210@\375\372"
 274      2F505E2A 
 274      3ACA71B3 
 274      A0F5CAF4 
 274      AB8840FD 
ARM GAS  C:\Users\SANDEE~1\AppData\Local\Temp\ccsogaig.s 			page 21


 275 0141 9632F33D 		.ascii	"\2262\363=\350\006\204\207YL\013\300?\201\011[N\251"
 275      E8068487 
 275      594C0BC0 
 275      3F81095B 
 275      4EA9
 276 0153 1700D3A3 		.ascii	"\027\000\323\243VT7RU\201\352\241\254Ee)*\220\354Oq"
 276      56543752 
 276      5581EAA1 
 276      AC456529 
 276      2A90EC4F 
 277 0168 061D227F 		.ascii	"\006\035\"\177\314#\251\027\347\202\177an\212+\200\250"
 277      CC23A917 
 277      E7827F61 
 277      6E8A2B80 
 277      A8
 278 0179 0500D03B 		.ascii	"\005\000\320;\350\000y\332\312sw~\202V\034\250\325\017"
 278      E80079DA 
 278      CA73777E 
 278      82561CA8 
 278      D50F
 279 018b 6D1AAD30 		.ascii	"m\032\2550\364B\017@\200P\37110\335\324\363\321{f\""
 279      F4420F40 
 279      8050F931 
 279      30DDD4F3 
 279      D17B6622 
 280 019f 02FDDE3B 		.ascii	"\002\375\336;\261\357\217\341\007e~\371\0315\332\016"
 280      B1EF8FE1 
 280      07657EF9 
 280      1935DA0E 
 281 01af 67F557FB 		.ascii	"g\365W\373m!\020b\202)\240\353\241\206\211@\276\246"
 281      6D211062 
 281      8229A0EB 
 281      A1868940 
 281      BEA6
 282 01c1 8FEB5CA3 		.ascii	"\217\353\\\2435\006\022L\277\213\365u\375%&\0103\355"
 282      3506124C 
 282      BF8BF575 
 282      FD252608 
 282      33ED
 283 01d3 A118AEF6 		.ascii	"\241\030\256\366\321y'ey\026\034\006\023\324\000\201"
 283      D1792765 
 283      79161C06 
 283      13D40081 
 284 01e3 FD104E13 		.ascii	"\375\020N\023\012\241m\237-\313\031\362p\225L\346\013"
 284      0AA16D9F 
 284      2DCB19F2 
 284      70954CE6 
 284      0B
 285 01f4 B0340416 		.ascii	"\2604\004\026\207\010p\010\302(&\265\202\203\020\002"
 285      87087008 
 285      C22826B5 
 285      82831002 
 286 0204 072084E2 		.ascii	"\007 \204\342WW\354;\037H\022\031~q\301\231\272 \015"
 286      5757EC3B 
 286      1F481219 
 286      7E71C199 
 286      BA200D
ARM GAS  C:\Users\SANDEE~1\AppData\Local\Temp\ccsogaig.s 			page 22


 287 0217 BF7CE1B1 		.ascii	"\277|\341\261,Y\026\341(\006\250\325\002`<\357\021\216"
 287      2C5916E1 
 287      2806A8D5 
 287      02603CEF 
 287      118E
 288 0229 788F3072 		.ascii	"x\2170r\241\277\000\014\264)(\320J\003\325\215\226\356"
 288      A1BF000C 
 288      B42928D0 
 288      4A03D58D 
 288      96EE
 289 023b ACF361BA 		.ascii	"\254\363a\272\345f8\006L\327<5\356\012\306\302g\233"
 289      E5663806 
 289      4CD73C35 
 289      EE0AC6C2 
 289      679B
 290 024d 40C465E7 		.ascii	"@\304e\347\360\225\262\000\\\3165\301,\\fm\256)2\341"
 290      F095B200 
 290      5CCE35C1 
 290      2C5C666D 
 290      AE2932E1 
 291 0261 D28834D1 		.ascii	"\322\2104\321y\206\252\376\341W\365\006\256\242\011"
 291      7986AAFE 
 291      E157F506 
 291      AEA209
 292 0270 7F81AAB2 		.ascii	"\177\201\252\262\342\356#A\244\036\030u\035kkw\022\016"
 292      E2EE2341 
 292      A41E1875 
 292      1D6B6B77 
 292      120E
 293 0282 68A0795C 		.ascii	"h\240y\\-y\030\304\001C\261\330\241\276\0159~Z\261\307"
 293      2D7918C4 
 293      0143B1D8 
 293      A1BE0D39 
 293      7E5AB1C7 
 294 0296 7E99BE9E 		.ascii	"~\231\276\236\026{\032sl\320\2125*\265\312rn\246\354"
 294      167B1A73 
 294      6CD08A35 
 294      2AB5CA72 
 294      6EA6EC
 295 02a9 FF27011A 		.ascii	"\377'\001\032\261\260\257\26108\205\325\032\225jO\242"
 295      B1B0AFB1 
 295      303885D5 
 295      1A956A4F 
 295      A2
 296 02ba F204AFF6 		.ascii	"\362\004\257\366\305\304p\235\201\270X\006bN\337\213"
 296      C5C4709D 
 296      81B85806 
 296      624EDF8B 
 297 02ca 37C1600A 		.ascii	"7\301`\012\363\012\340\362\002\2402\277\3448c\276\011"
 297      F30AE0F2 
 297      02A032BF 
 297      E43863BE 
 297      09
 298 02db 93F98F96 		.ascii	"\223\371\217\226\314i\306<\006\271\265\351\372]#i\345"
 298      CC69C63C 
 298      06B9B5E9 
 298      FA5D2369 
ARM GAS  C:\Users\SANDEE~1\AppData\Local\Temp\ccsogaig.s 			page 23


 298      E5
 299 02ec 4126065B 		.ascii	"A&\006[k\002\334\205\2147Xv\274\222\345P8\207\276g4"
 299      6B02DC85 
 299      8C375876 
 299      BC92E550 
 299      3887BE67 
 300 0301 DF2698B1 		.ascii	"\337&\230\261\222\263\336+\251\035\314\375\312<\277"
 300      92B3DE2B 
 300      A91DCCFD 
 300      CA3CBF
 301 0310 90356CA6 		.ascii	"\2205l\246<Kd\210\365\370\3748>\027\340<\314\307\317"
 301      3C4B6488 
 301      F5F8FC38 
 301      3E17E03C 
 301      CCC7CF
 302 0323 3A30F094 		.ascii	":0\360\224\362\267f\354'\013+e\327}\331\325\333\032"
 302      F2B766EC 
 302      270B2B65 
 302      D77DD9D5 
 302      DB1A
 303 0335 B6E354BF 		.ascii	"\266\343T\277,\233\014\324\012\252\265,\360+~\356\203"
 303      2C9B0CD4 
 303      0AAAB52C 
 303      F02B7EEE 
 303      83
 304 0346 5E80BD70 		.ascii	"^\200\275p\017\317R3,\244=\337S\225\035Hj\370I9tp\262"
 304      0FCF5233 
 304      2CA43DDF 
 304      53951D48 
 304      6AF84939 
 305 035d D6A4F606 		.ascii	"\326\244\366\006o\227C\271O\347\315\234I+\313\344\202"
 305      6F9743B9 
 305      4FE7CD9C 
 305      492BCBE4 
 305      82
 306 036e 9A4975C9 		.ascii	"\232Iu\311\361-\240d\362`A\261\354\312\220)\227h\005"
 306      F12DA064 
 306      F26041B1 
 306      ECCA9029 
 306      976805
 307 0381 2D5A262D 		.ascii	"-Z&-\3233\271\3102\231\310\273Z\347C\216\360LzZ\253"
 307      D333B9C8 
 307      3299C8BB 
 307      5AE7438E 
 307      F04C7A5A 
 308 0396 0FD0068A 		.ascii	"\017\320\006\212\342=\027\254;\235Q\374t\356\236x~\302"
 308      E23D17AC 
 308      3B9D51FC 
 308      74EE9E78 
 308      7EC2
 309 03a8 4C4E3073 		.ascii	"LN0s\261\343\364\323>\255\243\306\333\0276\336\243\033"
 309      B1E3F4D3 
 309      3EADA3C6 
 309      DB1736DE 
 309      A31B
 310 03ba D18EC95E 		.ascii	"\321\216\311^\325\002G\271O\317\364}h\303}\210R\366"
 310      D50247B9 
ARM GAS  C:\Users\SANDEE~1\AppData\Local\Temp\ccsogaig.s 			page 24


 310      4FCFF47D 
 310      68C37D88 
 310      52F6
 311 03cc E10A2A2F 		.ascii	"\341\012*/\363}(?\373<\335\314\370hw\237\237\353\223"
 311      F37D283F 
 311      FB3CDDCC 
 311      F868779F 
 311      9FEB93
 312 03df DB464473 		.ascii	"\333FDs\216\033\205\035-\025H\200\0160+\323\245\355"
 312      8E1B851D 
 312      2D154880 
 312      0E302BD3 
 312      A5ED
 313 03f1 E5E5B140 		.ascii	"\345\345\261@\346\214:\270\306OZ\371\303=M\356\323\327"
 313      E68C3AB8 
 313      C64F5AF9 
 313      C33D4DEE 
 313      D3D7
 314 0403 C97557C6 		.ascii	"\311uW\306\262\316\210z\216\333=8\276\3018\276\256r"
 314      B2CE887A 
 314      8EDB3D38 
 314      BEC138BE 
 314      AE72
 315 0415 BCBFB473 		.ascii	"\274\277\264s\255\331\275\333\241\343\273\326\311\327"
 315      ADD9BDDB 
 315      A1E3BBD6 
 315      C9D7
 316 0423 D0F16366 		.ascii	"\320\361cf\010\227\264j/M\247\371&\243\371riY\036\220"
 316      0897B46A 
 316      2F4DA7F9 
 316      26A3F972 
 316      69591E90 
 317 0437 4D04662A 		.ascii	"M\004f*\260qd\364\005\230\224!\223\375\303C\346dk\323"
 317      B07164F4 
 317      05989421 
 317      93FDC343 
 317      E6646BD3 
 318 044b A0594FC8 		.ascii	"\240YO\310\177=\010\271\355&d[\317P[\020\013\206:\270"
 318      7F3D08B9 
 318      ED26645B 
 318      CF505B10 
 318      0B863AB8 
 319 045f C58B2FEC 		.ascii	"\305\213/\354\314\250\364W\011\271\303u\003}\227\253"
 319      CCA8F457 
 319      09B9C375 
 319      037D97AB 
 320 046f 826726A4 		.ascii	"\202g&\244\233\021rW%\344\333\303=[\002\025B^\024\020"
 320      9B117257 
 320      25E4DBC3 
 320      3D5B0215 
 320      425E1410 
 321 0483 79BB4C47 		.ascii	"y\273LG3\032A\227FF\327t2z\030\031\345\205\333\336\006"
 321      331A4197 
 321      4646D774 
 321      327A1819 
 321      E585DBDE 
 322 0498 90FC99C9 		.ascii	"\220\374\231\3118}e\353!\321\255\353\345\371\271*\316"
ARM GAS  C:\Users\SANDEE~1\AppData\Local\Temp\ccsogaig.s 			page 25


 322      387D65EB 
 322      21D1ADEB 
 322      E5F9B92A 
 322      CE
 323 04a9 F519DD3B 		.ascii	"\365\031\335;{\237+\325\2419\233\017\315\222\306\227"
 323      7B9F2BD5 
 323      A1399B0F 
 323      CD92C697 
 324 04b9 977CF8D2 		.ascii	"\227|\370\322\017\227\343{\3176\033H%\017T\225~\363"
 324      0F97E37B 
 324      CF361B48 
 324      250F5495 
 324      7EF3
 325 04cb 7220D9CD 		.ascii	"r \331\315\027{\3276\336\366'\325|\2217\265\373\206"
 325      177BD736 
 325      DEF627D5 
 325      7C9137B5 
 325      FB86
 326 04dd 3FA9E58B 		.ascii	"?\251\345\213\341\311\314\363\001zb\351\211\326\210"
 326      E1C9CCF3 
 326      017A62E9 
 326      89D688
 327 04ec FDC64DEC 		.ascii	"\375\306M\354\263u_\367\004\221:\356\365\266%g\300W"
 327      B3755FF7 
 327      04913AEE 
 327      F5B62567 
 327      C057
 328 04fe EF75C3C3 		.ascii	"\357u\303\303k\320\355us\240a,\2004p\257\015G\236|\037"
 328      6BD0ED75 
 328      73A0612C 
 328      803470AF 
 328      0D479E7C 
 329 0513 A4F7EAF6 		.ascii	"\244\367\352\366\360\032r{u\236:\320\026D\232\270W\375"
 329      F01A727B 
 329      759E3AD0 
 329      16449AB8 
 329      57FD
 330 0525 E38B2D26 		.ascii	"\343\213-&>\327e\372\002-*\257?\352\221q\253\007\312"
 330      3ED765FA 
 330      022D2AAF 
 330      3FEA9171 
 330      AB07CA
 331 0538 7315C558 		.ascii	"s\025\305X\220\261o\210\300\034\213%\314b\311c\203\021"
 331      90B16F88 
 331      C01C8B25 
 331      CC62C963 
 331      8311
 332 054a 3BD820C0 		.ascii	";\330 \3003\264}@\017\344S\334\272a\230C\267\017F\261"
 332      33B47D40 
 332      0FE453DC 
 332      BA619843 
 332      B70F46B1 
 333 055e EFBE030B 		.ascii	"\357\276\003\013\214\240\274@y\011\026\366\006\257\242"
 333      8CA0BC40 
 333      790916F6 
 333      06AFA2
 334 056d 715C0313 		.ascii	"q\\\003\023\037\2358*\313\033\214\2644x\242\370\271"
ARM GAS  C:\Users\SANDEE~1\AppData\Local\Temp\ccsogaig.s 			page 26


 334      1F9D382A 
 334      CB1B8CB4 
 334      3478A2F8 
 334      B9
 335 057e 4FB69506 		.ascii	"O\266\225\006n\244\341\025\373Vh]L\271c\263\321\303"
 335      6EA4E115 
 335      FB56685D 
 335      4CB963B3 
 335      D1C3
 336 0590 F4214B32 		.ascii	"\364!K2\202\232\3629\362l=\301\037\014\324HP\372H\013"
 336      829AF239 
 336      F26C3DC1 
 336      1F0CD448 
 336      50FA480B 
 337 05a4 3BF6218E 		.ascii	";\366!\216\267\265\204\326\304f\233\027\244w\242\"\213"
 337      B7B584D6 
 337      C4669B17 
 337      A477A222 
 337      8B
 338 05b5 F0ADD704 		.ascii	"\360\255\327\004YP$\260\242\353B\243y\216\302H\366L"
 338      595024B0 
 338      A2EB42A3 
 338      798EC248 
 338      F64C
 339 05c7 8C085EE9 		.ascii	"\214\010^\351@\367\354\242\267W=\216\342\230.\222\000"
 339      40F7ECA2 
 339      B7573D8E 
 339      E2982E92 
 339      00
 340 05d8 E3EE5D1C 		.ascii	"\343\356]\034y]v\302\237w\347\\\\\276\351\315\315\365"
 340      795D76C2 
 340      9F77E75C 
 340      5CBEE9CD 
 340      CDF5
 341 05ea E5FB5849 		.ascii	"\345\373XI\367\361e\376\235\336 2\3066\331w\260\251"
 341      F7F165FE 
 341      9DDE2032 
 341      C636D977 
 341      B0A9
 342 05fc E26F60B1 		.ascii	"\342o`\261\340fY\302x1\227\026\360\332\351\221x\205"
 342      E06659C2 
 342      78319716 
 342      F0DAE991 
 342      7885
 343 060e 69BDD1D7 		.ascii	"i\275\321\327\363@cQW:5\355\237n\252\247I\337\005\023"
 343      F3406351 
 343      573A35ED 
 343      9F6EAAA7 
 343      49DF0513 
 344 0622 68F03D7B 		.ascii	"h\360={\366Fi\201t1\014\177\242Y@\026-\360\026\357\257"
 344      F6466981 
 344      74310C7F 
 344      A2594016 
 344      2DF016EF 
 345 0637 51263DDA 		.ascii	"Q&=\332\300\035\345\221\367(\272\204Z\212C\3623e4G>"
 345      C01DE591 
 345      F728BA84 
ARM GAS  C:\Users\SANDEE~1\AppData\Local\Temp\ccsogaig.s 			page 27


 345      5A8A43F2 
 345      33653447 
 346 064c 6060BAB9 		.ascii	"``\272\271u\232u[\261\221WK\317\372c\257\326\274\002"
 346      759A755B 
 346      B191574B 
 346      CFFA63AF 
 346      D6BC02
 347 065f DE33633B 		.ascii	"\3363c;f\247\3132P+}\323 \251\005\373\273n\371\2217"
 347      66A7CB32 
 347      502B7DD3 
 347      20A905FB 
 347      BB6EF991 
 348 0674 8C54F1CE 		.ascii	"\214T\361\316\346k\335\004\302\346p\247\256b#m\264\265"
 348      E66BDD04 
 348      C2E670A7 
 348      AE62236D 
 348      B4B5
 349 0686 E21CC810 		.ascii	"\342\034\310\020\3353\213Bx'\0062\221\217\037\303\015"
 349      DD338B42 
 349      78270632 
 349      918F1FC3 
 349      0D
 350 0697 FDBDF77A 		.ascii	"\375\275\367zc\253I\337\0234\212\326\023Y\242\332\023"
 350      63AB49DF 
 350      13348AD6 
 350      1359A2DA 
 350      13
 351 06a8 8F4AD35B 		.ascii	"\217J\323[\370\250C\035\364\361\251\2265\276\243\323"
 351      F8A8431D 
 351      F4F1A996 
 351      35BEA3D3 
 352 06b8 E3DDB462 		.ascii	"\343\335\264b\236n\022\257\027\351$^'*\223xT\036\333"
 352      9E6E12AF 
 352      17E9245E 
 352      272A9378 
 352      541EDB
 353 06cb 2DE224AE 		.ascii	"-\342$\256d\257\246\337\356<\350~5\241!N]we\367\246"
 353      64AFA6DF 
 353      EE3CE87E 
 353      35A1214E 
 353      5D7765F7 
 354 06e0 4FE36C91 		.ascii	"O\343l\221N\343\322\375\215\307\214$\307\300f\313\325"
 354      4EE3D2FD 
 354      8DC78C24 
 354      C7C066CB 
 354      D5
 355 06f1 C34F361A 		.ascii	"\303O6\032I\036_\324\226>\276\344\213\271A\216Hx\254"
 355      491E5FD4 
 355      963EBEE4 
 355      8BB9418E 
 355      4878AC
 356 0704 DA74D7DE 		.ascii	"\332t\327\336@R\310\037W}U\336I_\"\260\011\037\303F"
 356      4052C81F 
 356      577D55DE 
 356      495F22B0 
 356      091FC346 
 357 0718 D130D338 		.ascii	"\3210\3238/\274\236\236M\230.\322\014[\270\335\343\327"
ARM GAS  C:\Users\SANDEE~1\AppData\Local\Temp\ccsogaig.s 			page 28


 357      2FBC9E9E 
 357      4D982ED2 
 357      0C5BB8DD 
 357      E3D7
 358 072a 85F745F5 		.ascii	"\205\367E\365\015\264\225\353\27227\215\005\275Wn\250"
 358      0DB495EB 
 358      BA32378D 
 358      05BD576E 
 358      A8
 359 073b 90FD58B4 		.ascii	"\220\375X\264\323\305O\216\031\230M\236\370\036\323"
 359      D3C54F8E 
 359      19984D9E 
 359      F81ED3
 360 074a 8C3DD89C 		.ascii	"\214=\330\234\357K*y\374\221\212\321=\364\205\000\371"
 360      EF4B2A79 
 360      FC918AD1 
 360      3DF48500 
 360      F9
 361 075b B87BDB28 		.ascii	"\270{\333(\035\364\020u\027\237\362!\373\270\305\201"
 361      1DF41075 
 361      179FF221 
 361      FBB8C581 
 362 076b A2DDD758 		.ascii	"\242\335\327X\001\0054\303\355<\312\303\314\2722\203"
 362      010534C3 
 362      ED3CCAC3 
 362      CCBA3283 
 363 077b 9E5C4C40 		.ascii	"\236\\L@!\027\012\321\004\212\030\277\271*\277\217\012"
 363      21170AD1 
 363      048A18BF 
 363      B92ABF8F 
 363      0A
 364 078c EB760521 		.ascii	"\353v\005!\277\367\361ewa\313/\032k\373\345\354\034"
 364      BFF7F165 
 364      7761CB2F 
 364      1A6BFBE5 
 364      EC1C
 365 079e 79B17C57 		.ascii	"y\261|W\244\226\260Am\035\330,\032\350\212\377\257\264"
 365      A496B041 
 365      6D1DD82C 
 365      1AE88AFF 
 365      AFB4
 366 07b0 83719B95 		.ascii	"\203q\233\225{W6\277\277K\276\346b{S\262\035\177\345"
 366      7B5736BF 
 366      BF4BBEE6 
 366      627B53B2 
 366      1D7FE5
 367 07c3 CE66F361 		.ascii	"\316f\363a\200\357\213{\322\010L\363\031"
 367      80EF8B7B 
 367      D2084CF3 
 367      19
 368 07d0 E65A2CBE 		.ascii	"\346Z,\276\217\236wo\266n\365\370\301Cci\015T\302\033"
 368      8F9E776F 
 368      B66EF5F8 
 368      C1436369 
 368      0D54C21B 
 369 07e4 88DE6720 		.ascii	"\210\336g }\252a\242\223\250\000\031\010\360\351<\235"
 369      7DAA61A2 
ARM GAS  C:\Users\SANDEE~1\AppData\Local\Temp\ccsogaig.s 			page 29


 369      93A80019 
 369      08F0E93C 
 369      9D
 370 07f5 7FA4DA7F 		.ascii	"\177\244\332\177\0332o]\361c\256;\261\377JE\357\276"
 370      1B326F5D 
 370      F163AE3B 
 370      B1FF4A45 
 370      EFBE
 371 0807 2BF4BEC8 		.ascii	"+\364\276\310\027\357(\372R^\3376\311\177\273\226\243"
 371      17EF28FA 
 371      525EDF36 
 371      C97FBB96 
 371      A3
 372 0818 7B1977FF 		.ascii	"{\031w\377\262\356\3413\362\377\030\256d\014W0\206\331"
 372      B2EEE133 
 372      F2FF18AE 
 372      640C5730 
 372      86D9
 373 082a 82A4A449 		.ascii	"\202\244\244I~\237|\272<tYD\204\340\037\023\223\226"
 373      7E9F7CBA 
 373      3C745944 
 373      84E01F13 
 373      9396
 374 083c 68973E8A 		.ascii	"h\227>\212\221\242\342~\023\275\312\236&9\034I\316\330"
 374      91A2E27E 
 374      13BDCA9E 
 374      26391C49 
 374      CED8
 375 084e D4E4E80F 		.ascii	"\324\344\350\017B\227,\216\370p\321?\227,JK\211\217"
 375      42972C8E 
 375      F870D13F 
 375      972C4A4B 
 375      898F
 376 0860 956CD1A8 		.ascii	"\225l\321\250\\dw\330m\213l\261+\023\243\023\355qIi"
 376      5C6477D8 
 376      6D8B6CB1 
 376      2B13A313 
 376      ED714969 
 377 0874 F1B6E8E4 		.ascii	"\361\266\350\344\330\270\325\211v[tL\274-!6-I\212\221"
 377      D8B8D589 
 377      765B744C 
 377      BC2D2136 
 377      2D498A91 
 378 0888 D6A4D89C 		.ascii	"\326\244\330\234\341\253\005_\005\367\017?\015\327\271"
 378      E1AB055F 
 378      05F70F3F 
 378      0DD7B9
 379 0897 C6191DE3 		.ascii	"\306\031\035\343\224\342\021\004\3010M\374\262tI\214"
 379      94E21104 
 379      C1304DFC 
 379      B274498C 
 380 08a7 E4ABDC7D 		.ascii	"\344\253\334}\222\235\253b\244_\207\207[\371\237\303"
 380      929DAB62 
 380      A45F8787 
 380      5BF99FC3 
 381 08b7 694D95AC 		.ascii	"iM\225\254)\216T\311i\375\375_\"\227E~a\215s$\247$&"
 381      298E54C9 
ARM GAS  C:\Users\SANDEE~1\AppData\Local\Temp\ccsogaig.s 			page 30


 381      69FDFD5F 
 381      2297457E 
 381      618D7324 
 382 08ce D9529DD6 		.ascii	"\331R\235\326O\226-\263\306\255V3\373\225\336iul\222"
 382      4F962DB3 
 382      C6AD5633 
 382      FB95DE69 
 382      756C92
 383 08e1 352971A5 		.ascii	"5)q\245\325)\245\332b\223\235\326d[\262\3625<N \253"
 383      D529A5DA 
 383      62939DD6 
 383      645BB2F2 
 383      353C4E20 
 384 08f6 6C920F2E 		.ascii	"l\222\017.\342\235Fg\342\277m1R\344\017\025\203P\321"
 384      E29D4667 
 384      E2BF6D31 
 384      52E40F15 
 384      8350D1
 385 0909 ABE2E2A6 		.ascii	"\253\342\342\246\025\365A\370\322\360\010\2554)\036"
 385      15F541F8 
 385      D2F008AD 
 385      34291E
 386 0918 C9C2448C 		.ascii	"\311\302D\214\237\247&J6\2479\331\031\265\362\037\266"
 386      9FA7264A 
 386      36A739D9 
 386      19B5F21F 
 386      B6
 387 0929 38E9CFF6 		.ascii	"8\351\317\366D\211\330\034N\003\015f\\\231\226\220`"
 387      4489D81C 
 387      4E030D66 
 387      5C999690 
 387      60
 388 093a 4B25FF4A 		.ascii	"K%\377J\226\0144\005\037fl\216\264%\377\225\345\267"
 388      960C3405 
 388      1F666C8E 
 388      B425FF95 
 388      E5B7
 389 094c 22F2B31F 		.ascii	"\"\362\263\037[\010Fr$$8m\022\365v\244\256\341\000F"
 389      5B084672 
 389      2424386D 
 389      12F576A4 
 389      AEE10046 
 390 0960 B4884B59 		.ascii	"\264\210KYcH\262\305&\370\332\035\322\352T\307\347\020"
 390      6348B2C5 
 390      26F8DA1D 
 390      D2EA54C7 
 390      E710
 391 0972 E19B600F 		.ascii	"\341\233`\017u\246\330\342Pc\267\247%%\375\356'n\237"
 391      75A6D8E2 
 391      5063B7A7 
 391      2525FDEE 
 391      276E9F
 392 0985 949A685F 		.ascii	"\224\232h_\205\221\377\007M\255=\256"
 392      8591FF07 
 392      4DAD3DAE 
 393              		.text
 394              		.section	.gnu.lto_.symtab.bfe274f5,"",%progbits
ARM GAS  C:\Users\SANDEE~1\AppData\Local\Temp\ccsogaig.s 			page 31


 395 0000 6D734F62 		.ascii	"msObjectInit\000"
 395      6A656374 
 395      496E6974 
 395      00
 396 000d 00       		.ascii	"\000"
 397 000e 00       		.ascii	"\000"
 398 000f 00       		.ascii	"\000"
 399 0010 00000000 		.ascii	"\000\000\000\000\000\000\000\000"
 399      00000000 
 400 0018 08010000 		.ascii	"\010\001\000\000"
 401              		.text
 402              		.section	.gnu.lto_.opts,"",%progbits
 403 0000 272D666D 		.ascii	"'-fmath-errno' '-fsigned-zeros' '-ftrapping-math' '"
 403      6174682D 
 403      6572726E 
 403      6F272027 
 403      2D667369 
 404 0033 2D666E6F 		.ascii	"-fno-trapv' '-fno-openmp' '-fno-openacc' '-mcpu=cor"
 404      2D747261 
 404      70762720 
 404      272D666E 
 404      6F2D6F70 
 405 0066 7465782D 		.ascii	"tex-m4' '-mfloat-abi=hard' '-mfpu=fpv4-sp-d16' '-mn"
 405      6D342720 
 405      272D6D66 
 405      6C6F6174 
 405      2D616269 
 406 0099 6F2D7468 		.ascii	"o-thumb-interwork' '-mthumb' '-ggdb' '-O2' '-fomit-"
 406      756D622D 
 406      696E7465 
 406      72776F72 
 406      6B272027 
 407 00cc 6672616D 		.ascii	"frame-pointer' '-falign-functions=16' '-ffunction-s"
 407      652D706F 
 407      696E7465 
 407      72272027 
 407      2D66616C 
 408 00ff 65637469 		.ascii	"ections' '-fdata-sections' '-fno-common' '-flto' '-"
 408      6F6E7327 
 408      20272D66 
 408      64617461 
 408      2D736563 
 409 0132 6673696E 		.ascii	"fsingle-precision-constant'\000"
 409      676C652D 
 409      70726563 
 409      6973696F 
 409      6E2D636F 
 410              		.text
 411              		.comm	__gnu_lto_v1,1,1
 412              		.comm	__gnu_lto_slim,1,1
 413              		.ident	"GCC: (GNU Tools for ARM Embedded Processors 6-2017-q2-update) 6.3.1 20170620 (release) [AR
ARM GAS  C:\Users\SANDEE~1\AppData\Local\Temp\ccsogaig.s 			page 32


DEFINED SYMBOLS
                            *ABS*:00000000 memstreams.c
                            *COM*:00000001 __gnu_lto_v1
                            *COM*:00000001 __gnu_lto_slim

NO UNDEFINED SYMBOLS
