ARM GAS  C:\Users\SANDEE~1\AppData\Local\Temp\cc7l8Rn3.s 			page 1


   1              		.cpu cortex-m4
   2              		.eabi_attribute 27, 1
   3              		.eabi_attribute 28, 1
   4              		.eabi_attribute 20, 1
   5              		.eabi_attribute 21, 1
   6              		.eabi_attribute 23, 3
   7              		.eabi_attribute 24, 1
   8              		.eabi_attribute 25, 1
   9              		.eabi_attribute 26, 1
  10              		.eabi_attribute 30, 2
  11              		.eabi_attribute 34, 1
  12              		.eabi_attribute 18, 4
  13              		.file	"nvic.c"
  14              		.text
  15              	.Ltext0:
  16              		.section	.gnu.lto_.profile.bfe2405b,"",%progbits
  17 0000 789C6365 		.ascii	"x\234ce`b`a```d\220\022\003\000\000\312\000="
  17      60626061 
  17      60606064 
  17      90120300 
  17      00CA003D 
  18              		.text
  19              		.section	.gnu.lto_.icf.bfe2405b,"",%progbits
  20 0000 789C6365 		.ascii	"x\234ce`b\220d@\000\026\206\273\277N>ga|?\253I\215i"
  20      60629064 
  20      40001686 
  20      BBBF4E3E 
  20      67617C3F 
  21 0018 D58FF357 		.ascii	"\325\217\363W9\231'.\234:\203\215\001\000\242\021\013"
  21      3999272E 
  21      9C3A838D 
  21      0100A211 
  21      0B
  22 0029 9B       		.ascii	"\233"
  23              		.text
  24              		.section	.gnu.lto_.jmpfuncs.bfe2405b,"",%progbits
  25 0000 789C6365 		.ascii	"x\234ce`b\220b@\000\026\006&FF\346\372zF \250g\202\260"
  25      60629062 
  25      40001606 
  25      264646E6 
  25      FA7A4620 
  26 0018 99416C06 		.ascii	"\231Al\006\000)\250\003:"
  26      0029A803 
  26      3A
  27              		.text
  28              		.section	.gnu.lto_.inline.bfe2405b,"",%progbits
  29 0000 789C4D8C 		.ascii	"x\234M\214\321\021\2000\014B!M\323\350\217#\324\011"
  29      D1118030 
  29      0C42214D 
  29      D3E88F23 
  29      D409
  30 0012 5CD2453A 		.ascii	"\\\322E:\222\2438\202\261\236U>\270\343\036\220!\330"
  30      92A33882 
  30      B19E553E 
  30      B8E31E90 
  30      21D8
  31 0024 F1498179 		.ascii	"\361I\201y\242pe\204\333\324\316\015\326\252@\216E\021"
ARM GAS  C:\Users\SANDEE~1\AppData\Local\Temp\cc7l8Rn3.s 			page 2


  31      A2706584 
  31      DBD4CE0D 
  31      D6AA408E 
  31      4511
  32 0036 C9833808 		.ascii	"\311\2038\010/d\257$m\365\251\004\325~\"\310J\366\227"
  32      2F64AF24 
  32      6DF5A904 
  32      D57E22C8 
  32      4AF697
  33 0049 14BBDF41 		.ascii	"\024\273\337A(\241\330;\035pLq\001\226\277\015\245"
  33      28A1D83B 
  33      1D704C71 
  33      0196BF0D 
  33      A5
  34              		.text
  35              		.section	.gnu.lto_.pureconst.bfe2405b,"",%progbits
  36 0000 789C6365 		.ascii	"x\234ce`b\340d```a\220b\224b\222b\226\002\000\002\321"
  36      6062E064 
  36      60606061 
  36      90629462 
  36      92629602 
  37 0017 0083     		.ascii	"\000\203"
  38              		.text
  39              		.section	.gnu.lto_nvicEnableVector.bfe2405b,"",%progbits
  40 0000 789C9D53 		.ascii	"x\234\235S\317k\023Q\020~\337N\222M\332$\236\305`{\020"
  40      CF6B1351 
  40      107EDF4E 
  40      924DDA24 
  40      9EC5607B 
  41 0015 4211B216 		.ascii	"B\021\262\026\374\007T\360\326\213\377\201\344b\301"
  41      FC0754F0 
  41      D68BFF81 
  41      E462C1
  42 0024 26A595E2 		.ascii	"&\245\225\342\255/IM0\026-\332$V\014\033\241\332\264"
  42      AD2F494D 
  42      30162DDA 
  42      24560C1B 
  42      A1DAB4
  43 0037 B54D53AB 		.ascii	"\265MS\2536U!\204\202\344PE\361&x0\242\344\020\251\301"
  43      36552184 
  43      82E45045 
  43      F1267830 
  43      A2E410A9 
  44 004c 8387A63A 		.ascii	"\203\207\246:o7\240\240\036\364\261\373~\314|\337\314"
  44      6F37A0A0 
  44      1EF4B1FB 
  44      7ECC7CDF 
  44      CC
  45 005d 7CF3769D 		.ascii	"|\363v\235B\023'I\210\343B\210C\374\202\004\264\231"
  45      42132749 
  45      88E34288 
  45      43FC8204 
  45      B499
  46 006f 1742C4DC 		.ascii	"\027B\304\334\032\2406\322\0151\251a\022\327(G\250\245"
  46      1AA036D2 
  46      0D31A961 
  46      12D72847 
ARM GAS  C:\Users\SANDEE~1\AppData\Local\Temp\cc7l8Rn3.s 			page 3


  46      A8A5
  47 0081 3E56B481 		.ascii	">V\264\201\005\311\243\232k\037\224\305*L\246\317\361"
  47      05C9A39A 
  47      6B1F94C5 
  47      2A4CA6CF 
  47      F1
  48 0092 AB061630 		.ascii	"\253\006\0260\300\250WSk\267\351*\231\0048\370\370e"
  48      C0A85753 
  48      6BB7E92A 
  48      990438F8 
  48      F865
  49 00a4 E756C3AF 		.ascii	"\347V\303\257\216\032\372\371\330\221\263Y?\205 x?W"
  49      8E1AFAF9 
  49      D891B359 
  49      3F852078 
  49      3F57
  50 00b6 CBBCF505 		.ascii	"\313\274\365\005\357J\031\227\325\355Y\222GL\",\201"
  50      EF4A1997 
  50      D5ED5992 
  50      474C222C 
  50      81
  51 00c7 38201611 		.ascii	"8 \026\021@\021\001\301&\201e\004\031\276\034\377\324"
  51      401101C1 
  51      26816504 
  51      19BE1CFF 
  51      D4
  52 00d8 223A6651 		.ascii	"\":fQ/\327;\015\275K\375\220\351R\357\377\201\272\202"
  52      2FD73B0D 
  52      BD4BFD90 
  52      E952EFFF 
  52      81BA82
  53 00eb A0C2BF2F 		.ascii	"\240\302\277/\357g|.\207]+V\341\002\257\245\327\250"
  53      EF677C2E 
  53      875D2B56 
  53      E102AFA5 
  53      D7A8
  54 00fd CAFDEF29 		.ascii	"\312\375\357)Y}s\017\271\323^@\3015&:HMN\250\314:o\235"
  54      597D730F 
  54      B9D35E40 
  54      C135263A 
  54      484D4EA8 
  55 0115 6E357978 		.ascii	"n5yxr\011\221\346\030\2529WHS+5\021o\247:\245\036\025"
  55      720991E6 
  55      18AA3957 
  55      48532B35 
  55      116FA73A 
  56 012c 364F5A9E 		.ascii	"6OZ\236 \232H\354&a\033\210m\277\266\305\005\007J\\"
  56      209A48EC 
  56      26611B88 
  56      6DBFB6C5 
  56      05074A5C 
  57 0140 5E13B56C 		.ascii	"^\023\265l\275Oa\330\233\275T{\251+\257n\311\333\270"
  57      BD4F61D8 
  57      9BBD547B 
  57      A92BAF6E 
  57      C9DBB8
  58 0153 F3F99BD7 		.ascii	"\363\371\233\327>\312ZB\372\331t\275\325\336\364\233"
ARM GAS  C:\Users\SANDEE~1\AppData\Local\Temp\cc7l8Rn3.s 			page 4


  58      3ECA5A42 
  58      FAD974BD 
  58      D5DEF49B 
  59 0163 C8C7B8FB 		.ascii	"\310\307\270\373\205\303&\271Qf\235k\034H\021v\336\255"
  59      85C326B9 
  59      51669D6B 
  59      1C481176 
  59      DEAD
  60 0175 CF1C3056 		.ascii	"\317\0340V\344TL\366\233\344\301:L\334\264\356EE[\372"
  60      E4544CF6 
  60      9BE4C13A 
  60      4CDCB4EE 
  60      45455BFA 
  61 0189 5AA4C192 		.ascii	"Z\244\301\222r\026\"&\365\340\001\214<9\255;\333\300"
  61      72162226 
  61      F5E0018C 
  61      3C39AD3B 
  61      DBC0
  62 019b 2097A80A 		.ascii	" \227\250\012n'\363\345B\267f\235\335L\254\317o\355"
  62      6E27F3E5 
  62      42B7669D 
  62      DD4CACCF 
  62      6FED
  63 01ad 79ED9A9D 		.ascii	"y\355\232\235xh\325\234\330K.zl\220\333\006\335\230"
  63      7868D59C 
  63      D84B2E7A 
  63      6C90DB06 
  63      DD98
  64 01bf 5FADF814 		.ascii	"_\255\370\024\310\211><\262A\273\311\272n\203<*\377"
  64      C8893E3C 
  64      B241BBC9 
  64      BA6E833C 
  64      2AFF
  65 01d1 F6F3A4DB 		.ascii	"\366\363\244\333\016\003<F\200\251\266z\243\253\376"
  65      0E033C46 
  65      80A9B67A 
  65      A3ABFE
  66 01e0 5FB4F562 		.ascii	"_\264\365b\323\322\206\337\265M\230\344EEi\323-m[J\233"
  66      D3D286DF 
  66      B54D98E4 
  66      454569D3 
  66      2D6D5B4A 
  67 01f5 C74AD54C 		.ascii	"\307J\325L7z\377+\331\023+\231\366\227dO\177&{f'k!^"
  67      377AFF2B 
  67      D9132B99 
  67      F697644F 
  67      7F267B66 
  68 020d 284D5B6D 		.ascii	"(M[m\264~\2124\027\312\037\011\0078\032\012\031\366"
  68      B47E8A34 
  68      17CA1F09 
  68      07381A0A 
  68      19F6
  69 021f 131D37CE 		.ascii	"\023\0357\316\235=o\214F\307.\214\033\341\350\310H4"
  69      9D3D6F8C 
  69      46C72E8C 
  69      1BE1E8C8 
  69      4834
ARM GAS  C:\Users\SANDEE~1\AppData\Local\Temp\cc7l8Rn3.s 			page 5


  70 0231 629C3833 		.ascii	"b\23483tj\350\242\021\231\030\016\207\302\002\021\307"
  70      746AE8A2 
  70      1199180E 
  70      87C20211 
  70      C7
  71 0242 E8D870F4 		.ascii	"\350\330p\364\007D\001\025\374"
  71      07440115 
  71      FC
  72              		.text
  73              		.section	.gnu.lto_nvicDisableVector.bfe2405b,"",%progbits
  74 0000 789C9592 		.ascii	"x\234\225\222\317k\023A\024\307\337w\336&\331\332&^"
  74      CF6B1341 
  74      14C7DF77 
  74      DE26D9DA 
  74      265E
  75 0012 0583F620 		.ascii	"\005\203\366 \224\"d\310\237 \202\267^\374\017$\010"
  75      942264C8 
  75      9F2082B7 
  75      5EFC0F24 
  75      08
  76 0023 0A36112B 		.ascii	"\0126\021+\305['\375\261\205\212Z\264M\255\0306B\244"
  76      C55B27FD 
  76      B1858A5A 
  76      B44DAD18 
  76      3642A4
  77 0036 696B9BFE 		.ascii	"ik\233\376\210\332z\012\213 \001\243(x\022<X\021=T\264"
  77      88DA7A0A 
  77      8B2001A3 
  77      2878123C 
  77      58113D54 
  78 004b F4E0A1AD 		.ascii	"\364\340\241\255\276\331\365 xr\330\235\2317\373y\357"
  78      BED9F520 
  78      7872D89D 
  78      9937FB79 
  78      EF
  79 005c FBDE9B8D 		.ascii	"\373\336\233\215\221\242\363\212H\023\321Qy\301\004"
  79      91A2F38A 
  79      4813D151 
  79      79C104
  80 006b 35F98AA8 		.ascii	"5\371\212\250\350*\300n\214\013\032R\030\302-\236a\004"
  80      E82AC06E 
  80      8C0B1A52 
  80      18C22D9E 
  80      6104
  81 007d E39F3755 		.ascii	"\343\2377U\357\234\221\321\234i\304=3v\304g\242Yy\355"
  81      EF9C91D1 
  81      9C69C43D 
  81      3376C467 
  81      A25979ED 
  82 0091 C01C7A85 		.ascii	"\300\034z\205z3\272r\237o\262\317\200#\346\217\366\275"
  82      7A33BA72 
  82      9F6FB2CF 
  82      8023E68F 
  82      F6BD
  83 00a3 AD943515 		.ascii	"\255\2245\025\272\305\3347S\245\024g@\262\237\015\246"
  83      BAC5DC37 
  83      53A51467 
ARM GAS  C:\Users\SANDEE~1\AppData\Local\Temp\cc7l8Rn3.s 			page 6


  83      40B29F0D 
  83      A6
  84 00b4 DF277B1E 		.ascii	"\337'{\036\0323l\232/\247\330\234\360\231\261\000\226"
  84      1A336C9A 
  84      2FA7D89C 
  84      F099B100 
  84      96
  85 00c5 8098471A 		.ascii	"\200\230G\0325\244I\216\010\213\350\261\374\307\325"
  85      35A4498E 
  85      088BE8B1 
  85      FCC7D5
  86 00d4 83E964DC 		.ascii	"\203\351d\334\211\004\361\010q\310Z\177\213\2469\370"
  86      8904F108 
  86      71C85A7F 
  86      8BA639F8 
  87 00e4 356E9A9F 		.ascii	"5n\232\237\252xw\306\005,\256\304\321a;92\305\210&\304"
  87      AA7877C6 
  87      052CAEC4 
  87      D1613B39 
  87      32C58826 
  88 00f9 C756749D 		.ascii	"\307Vt\235\225]\371+Fv\274\366z\0056N\231U\231!\012"
  88      955DF92B 
  88      4676BCF6 
  88      7A05364E 
  88      99559921 
  89 010e ADEAB3BD 		.ascii	"\255\352\263\275.\233l\0141,\211\274`{\336|G\004q\004"
  89      2E9B6C0C 
  89      312C89BC 
  89      607BDE7C 
  89      47047104 
  90 0122 DDA92E6F 		.ascii	"\335\251.o&-\344\3408\226#\350\273\327JD\220\255\271"
  90      262DE4E0 
  90      389623E8 
  90      BBD74A44 
  90      90ADB9
  91 0135 F1FC85E7 		.ascii	"\361\374\205\347Fa\200:\322\342*PPji\313\010P\032\013"
  91      4661803A 
  91      D2E22A50 
  91      506A69CB 
  91      08501A0B 
  92 0149 5E272C10 		.ascii	"^',\020\017\033\321x\360\355gWd\232`\304\244\344\350"
  92      0F1BD178 
  92      F0ED6757 
  92      649A60C4 
  92      A4E4E8
  93 015c F6F6CE46 		.ascii	"\366\366\316F\312G\271(\315\256\034\3639\201U\351\310"
  93      CA47B928 
  93      CDAE1CF3 
  93      398155E9 
  93      C8
  94 016d 8AA85987 		.ascii	"\212\250Y\207\366\207\265\311\303z\311\214\026M\267"
  94      F687B5C9 
  94      C37AC98C 
  94      164DB7
  95 017c CF2ED6E0 		.ascii	"\317.\326\340\343nx\0156\332\302n\215\263u\373\2612"
  95      E36E780D 
  95      36DAC26E 
ARM GAS  C:\Users\SANDEE~1\AppData\Local\Temp\cc7l8Rn3.s 			page 7


  95      8DB375FB 
  95      B132
  96 018e E87307D6 		.ascii	"\350s\007\326\241\245\302\360\212\032\310J\2126\231"
  96      A1A5C2F0 
  96      8A1AC84A 
  96      8A3699
  97 019d DD2FB5AD 		.ascii	"\335/\265\255\304\237t\376G\354\020\036\207b\370W,\357"
  97      C49F74FE 
  97      47EC101E 
  97      8762F857 
  97      2CEF
  98 01af 73279E58 		.ascii	"s'\236X1\204bO\221\375\273\326N\0206$\3466\206+\213"
  98      3184624F 
  98      91FDBBD6 
  98      4E103624 
  98      E636862B 
  99 01c4 37C2C687 		.ascii	"7\302\306\207\377\315\204\340r%\222\340\311LFGOa@_8"
  99      FFCD84E0 
  99      722592E0 
  99      C94C4647 
  99      4F61405F 
 100 01d9 77495F2E 		.ascii	"wI_.\\\271:\240s\205\376\376B^\237:\333w\272\357\232"
 100      5CB93AA0 
 100      7385FEFE 
 100      425E9F3A 
 100      DB77BAEF 
 101 01ee CE0F5ECC 		.ascii	"\316\017^\314er\204\374o\002\365\321\032"
 101      657284FC 
 101      6F02F5D1 
 101      1A
 102              		.text
 103              		.section	.gnu.lto_nvicSetSystemHandlerPriority.bfe2405b,"",%progbits
 104 0000 789C6D51 		.ascii	"x\234mQ\317KTQ\024>\337=\357WA\256\245\\\270\010\006"
 104      CF4B5451 
 104      143EDF3D 
 104      EF5741AE 
 104      A55CB808 
 105 0015 89E6E1A6 		.ascii	"\211\346\341\246E\273p\355\246\377@\306@A\347\311\030"
 105      45BB70ED 
 105      A6FF40C6 
 105      4041E7C9 
 105      18
 106 0026 D1CEFBDE 		.ascii	"\321\316\373\336\250C\006\026\3258\032=\336\200\204"
 106      A8430616 
 106      D5381A3D 
 106      DE8084
 107 0035 A5D968B5 		.ascii	"\245\331h\265\031\032b\230U\263\260\250\245\2732\212"
 107      191A6298 
 107      55B3B0A8 
 107      A5BB328A 
 108 0045 8106FAE1 		.ascii	"\201\006\372\3416\353\334\347\004-\272\334\373\336="
 108      36EBDCE7 
 108      042DBADC 
 108      FBDE3D
 109 0054 3FBE73BF 		.ascii	"?\276s\277\357\034\233\024uAt\221\210\316\310\001\023"
 109      EF1C9B14 
 109      75417491 
ARM GAS  C:\Users\SANDEE~1\AppData\Local\Temp\cc7l8Rn3.s 			page 8


 109      88CEC801 
 109      13
 110 0065 D4ED3744 		.ascii	"\324\3557D\241\247\000s\321\036hNa\016\267\270\302h"
 110      A1A70073 
 110      D11E684E 
 110      610EB7B8 
 110      C268
 111 0077 953ED7D5 		.ascii	"\225>\327\325\320\206\226\325\254\034:\213z\241?a\242"
 111      D08696D5 
 111      AC1C3A8B 
 111      7AA13F61 
 111      A2
 112 0088 35396661 		.ascii	"59fa\003C\222\365n~\347\001/s\302\200%\346\367\275\373"
 112      034392F5 
 112      6E7EE701 
 112      2F73C280 
 112      25E6F7BD 
 113 009d 077DC654 		.ascii	"\007}\306T\030\024\263x\367U\303\343,H\356]\335\016"
 113      1814B378 
 113      F755C3E3 
 113      2C48EE5D 
 113      DD0E
 114 00af 9DCC43AD 		.ascii	"\235\314C\255#\335\374Tf}6a\306&X\012\3421\006\360\010"
 114      23DDFC54 
 114      667D3661 
 114      C626580A 
 114      E23106F0 
 115 00c4 03242EC2 		.ascii	"\003$.\302\0262\222\276\025}\3512_H\2417\332\277\016"
 115      163292BE 
 115      157DE932 
 115      5F48A137 
 115      DABF0E
 116 00d7 DC1EF4B0 		.ascii	"\334\036\364\260\322\203>\371\017t\033\031\223\377q"
 116      D2833EF9 
 116      0F741B19 
 116      93FF71
 117 00e6 F7A87CCA 		.ascii	"\367\250|\312\261\326\377\322\305S8\242\234j\357\321"
 117      B1D6FFD2 
 117      C55338A2 
 117      9C6AEFD1 
 118 00f6 D447BF4B 		.ascii	"\324G\277KB\240\177\377\247\347\002\006\241\004k\261"
 118      42A07FFF 
 118      A7E70206 
 118      A1046BB1 
 119 0106 F9D8308F 		.ascii	"\371\3300\217\023-\011\3104\344&+\363\347\016\242\037"
 119      132D09C8 
 119      34E4262B 
 119      F3E70EA2 
 119      1F
 120 0117 A5BD7A03 		.ascii	"\245\275z\003\246P\314*fP\007\305o\213=\007\213\357"
 120      A650CC2A 
 120      665007C5 
 120      6F8B3D07 
 120      8BEF
 121 0129 DF5ED8B0 		.ascii	"\337^\330\260P\023N\035\264V\332\347M\216DW\026Zo]\023"
 121      50134E1D 
 121      B456DAE7 
ARM GAS  C:\Users\SANDEE~1\AppData\Local\Temp\cc7l8Rn3.s 			page 9


 121      4D8E4457 
 121      165A6F5D 
 122 013e 75524D61 		.ascii	"uRMa\275q\317>6\365~Q\367\031\374j\364\301K\020\207"
 122      BD71CF3E 
 122      36F57E51 
 122      F719FC6A 
 122      F4C14B10 
 123 0153 D2F2EAE9 		.ascii	"\322\362\352\351\204]\354\212\270\035)d\000_\313\257"
 123      845DEC8A 
 123      B81D2964 
 123      005FCBAF 
 124 0163 374FFADB 		.ascii	"7O\372\333z>\324\203\011{x\206\004\253\3510$\270~'\036"
 124      7A3ED483 
 124      097B7886 
 124      04ABE930 
 124      24B87E27 
 125 0178 19AE9958 		.ascii	"\031\256\231X5\237\360\011<\207\037\263\235\316\351"
 125      359FF009 
 125      3C871FB3 
 125      9DCEE9
 126 0187 058685A1 		.ascii	"\005\206\205\241\214>\252\276\\N\011\247\363[\022\015"
 126      8C3EAABE 
 126      5C4E09A7 
 126      F35B120D 
 127 0197 A24D119D 		.ascii	"\242M\021\235\313f\375\343\035\314\372\023cS\376LP\270"
 127      CB66FDE3 
 127      1DCCFA13 
 127      6353FE4C 
 127      50B8
 128 01a9 3AEBE782 		.ascii	":\353\347\202\351\351 \357_\272<:2z\335\317_\233\314"
 128      E9E920EF 
 128      5FBA3C3A 
 128      327ADDCF 
 128      5F9BCC
 129 01bc 6573E44E 		.ascii	"es\344N\214\345\307\247\256\024\254\231\302d\360\007"
 129      8CE5C7A7 
 129      AE14AC99 
 129      C264F007 
 130 01cc EEC2ACC0 		.ascii	"\356\302\254\300"
 131              		.text
 132              		.section	.gnu.lto_nvicClearPending.bfe2405b,"",%progbits
 133 0000 789C2D51 		.ascii	"x\234-Q\317O\023Q\020\236\357\315n[\022Z\257&6\312\301"
 133      CF4F1351 
 133      109EEFCD 
 133      6E5B125A 
 133      AF2636CA 
 134 0015 8410927D 		.ascii	"\204\020\222}\341O0\036<q\361?0\275h\"\255\021C\274"
 134      E14F301E 
 134      3C71F13F 
 134      30BD6822 
 134      AD1143BC 
 135 0029 F15AA08D 		.ascii	"\361Z\240\215\230\010Q(bl\266\306\032~(\024\320\203"
 135      98085128 
 135      626CB6C6 
 135      1A7E2814 
 135      D083
 136 003b E0A5D978 		.ascii	"\340\245\331x\341\200\006\257\032\017\232\230x\200h"
ARM GAS  C:\Users\SANDEE~1\AppData\Local\Temp\cc7l8Rn3.s 			page 10


 136      E18006AF 
 136      1A0F9A98 
 136      788068
 137 004a E3C103A0 		.ascii	"\343\301\003\2403\273\274\354{;\363\275o\276\2317\343"
 137      33BBBCEC 
 137      7B3BF3BD 
 137      6FBE9937 
 137      E3
 138 005b 93A14310 		.ascii	"\223\241C\020Y\":'\033L0\263\037\210\312\031\003\250"
 138      59223A27 
 138      1B4C30B3 
 138      1F88CA19 
 138      03A8
 139 006d E132A071 		.ascii	"\3412\240q\203q\314\360\002#\252\375\3306\003KNVga'"
 139      8371CCF0 
 139      0223AAFD 
 139      D836034B 
 139      4E566761 
 140 0082 5D755367 		.ascii	"]uSgC&Z\224\255\013K\030\020\326\376\344\306S~\300!"
 140      43265A94 
 140      AD0B4B18 
 140      10D6FEE4 
 140      C6537EC0 
 141 0097 039EB8BF 		.ascii	"\003\236\270\277\367\236|\317\251k\320'\356\261\233"
 141      F79E7CCF 
 141      A96BD027 
 141      EEB19B
 142 00a6 ABE73800 		.ascii	"\253\3478\000\211\275\030\315\177\316\366\277p\256\342"
 142      89BD18CD 
 142      7FCEF6BF 
 142      70AEE2
 143 00b5 3AEFE7D8 		.ascii	":\357\347\330]\014\231\261\012\026A\254 \217e\344I "
 143      5D0C99B1 
 143      0A1641AC 
 143      208F65E4 
 143      4920
 144 00c7 C24BF42B 		.ascii	"\302K\364+\377\333\346\311|6\345%\011\361\012)\251\235"
 144      FFDBE6C9 
 144      7C36E525 
 144      09F10A29 
 144      A99D
 145 00d9 DA9FD071 		.ascii	"\332\237\320q'\377j\256\363\245\205\375+\031@\351F\002"
 145      27FF6AAE 
 145      F3A585FD 
 145      2B1940E9 
 145      4602
 146 00eb 3DD6C393 		.ascii	"=\326\303\223\303\367\325\"\232\226@}\326}6\372\347"
 146      C3F7D522 
 146      9A96407D 
 146      D67D36FA 
 146      E7
 147 00fc 9F98E856 		.ascii	"\237\230\350V\217\3375\241b\0156\015\206\244\331m\355"
 147      8FDF35A1 
 147      620D360D 
 147      86A4D96D 
 147      ED
 148 010d 1CF56AC5 		.ascii	"\034\365j\305>|\254I\015B;\252\336\353IH\234\220\036"
ARM GAS  C:\Users\SANDEE~1\AppData\Local\Temp\cc7l8Rn3.s 			page 11


 148      3E7CAC49 
 148      0D423BAA 
 148      DEEB4948 
 148      9C901E
 149 0120 B5D6B7B3 		.ascii	"\265\326\267\263J\362p\001\353\011\351Wu%\235\220<\014"
 149      4AF27001 
 149      EB09E957 
 149      75259D90 
 149      3C0C
 150 0132 E6852A60 		.ascii	"\346\205*`\245[;U\367\005\026 \252\357\006\012\210F"
 150      A55B3B55 
 150      F7051620 
 150      AAEF060A 
 150      8846
 151 0144 7D2AFA98 		.ascii	"}*\372\230V\215T\334\2167\317\016\377\366&\256\213&"
 151      568D54DC 
 151      8E37CF0E 
 151      FFF626AE 
 151      8B26
 152 0156 5C4EA087 		.ascii	"\\N\240\207\007\335\267\271\020\215\262\264\274y>\344"
 152      07DDB7B9 
 152      108DB2B4 
 152      BC793EE4 
 153 0166 3436A42F 		.ascii	"46\244/mI\247\001{_\267f\317\33057Yv}!g\260\211\020"
 153      6D49A701 
 153      7B5FB766 
 153      CFD83537 
 153      59767D21 
 154 017e 8FE361A8 		.ascii	"\217\343a\250\332\352\237e\036j\353es,\344\036l\301"
 154      DAEA9F65 
 154      1E6AEB65 
 154      732CE41E 
 154      6CC1
 155 0190 CA13E341 		.ascii	"\312\023\343A\275\306\220\324C\007\2504\237\317\304"
 155      BDC690D4 
 155      4307A834 
 155      9FCFC4
 156 019f E5C5039C 		.ascii	"\345\305\003\234fh[\2043\030\0046\371J\243\366\372\265"
 156      66685B84 
 156      33180436 
 156      F94AA3F6 
 156      FAB5
 157 01b1 9BF656E9 		.ascii	"\233\366V\351\366\235Q[(\215\214\224\212\366\322\325"
 157      F69D515B 
 157      288D8C94 
 157      8AF6D2D5 
 158 01c1 E1CBC377 		.ascii	"\341\313\303wmq\354F!(\020\212\377\00145\250\304"
 158      6D71EC46 
 158      2128108A 
 158      FF013435 
 158      A8C4
 159              		.text
 160              		.section	.gnu.lto_.symbol_nodes.bfe2405b,"",%progbits
 161 0000 789C6365 		.ascii	"x\234ce`b\360b\000\002\246\211L\365\014\014\023\316"
 161      6062F062 
 161      0002A689 
 161      4CF50C0C 
ARM GAS  C:\Users\SANDEE~1\AppData\Local\Temp\cc7l8Rn3.s 			page 12


 161      13CE
 162 0012 313000A9 		.ascii	"10\000\251]\015\216@\221IL\365\214\250\"\223\231\352"
 162      5D0D8E40 
 162      91494CF5 
 162      8CA82293 
 162      99EA
 163 0024 995045A6 		.ascii	"\231PE\2460\3253\243\2100\000\000\267\000\022\016"
 163      30D533A3 
 163      88300000 
 163      B700120E 
 164              		.text
 165              		.section	.gnu.lto_.refs.bfe2405b,"",%progbits
 166 0000 789C6365 		.ascii	"x\234ce`b`d\000\002\000\000I\000\011"
 166      60626064 
 166      00020000 
 166      490009
 167              		.text
 168              		.section	.gnu.lto_.decls.bfe2405b,"",%progbits
 169 0000 789CBD59 		.ascii	"x\234\275Y\013LTW\032\276\347\236\001\206\341\241\213"
 169      0B4C5457 
 169      1ABEE79E 
 169      0186E1A1 
 169      8B
 170 0011 A4B5BB74 		.ascii	"\244\265\273t\323\030\033\331t\025\264\335\266\331d"
 170      D3181BD9 
 170      7415B4DD 
 170      B6D964
 171 0020 B352D495 		.ascii	"\263R\324\225ll\311`\315fcB(N+\033\036]\030w\265\311"
 171      6C6CC960 
 171      CD666342 
 171      284E2B1B 
 171      1E5D1877 
 172 0036 66AF028A 		.ascii	"f\257\002\212\250\024\024D@\312\010\342\013\037 \010"
 172      A8141444 
 172      40CA08E2 
 172      0B1F2008 
 173 0046 28A2032A 		.ascii	"(\242\003*\002\012E\020\221\367C@\336\362\320\012\250"
 173      020A4510 
 173      91F74340 
 173      DEF2D00A 
 173      A8
 174 0057 B0FFB9E7 		.ascii	"\260\377\271\347\\\346r\2351\315f\2637\376w\346?\347"
 174      5CE6729D 
 174      31CD66B3 
 174      37FE77E6 
 174      3FE7
 175 0069 3BFFF9CE 		.ascii	";\377\371\316\377\237\363\237\177\320\212\343\271?\274"
 175      FF9FF39F 
 175      7FD08AE3 
 175      B93FBC
 176 0078 C3717FE5 		.ascii	"\303q\177\3459\356\010\342\270Yx\2548\216;\307\231\036"
 176      39EE08E2 
 176      B85978AC 
 176      388E3BC7 
 176      991E
 177 008a 15C81590 		.ascii	"\025\310\025\220k F\220R\356\365g\033\214u\200\317M"
 177      6B204690 
ARM GAS  C:\Users\SANDEE~1\AppData\Local\Temp\cc7l8Rn3.s 			page 13


 177      52EEF567 
 177      1B8C7580 
 177      CF4D
 178 009c 204E20CE 		.ascii	" N \316 \271 . \313@\276 m\200Y\004\322\014\337\233"
 178      20B9202E 
 178      20CB40BE 
 178      206D8059 
 178      04D20CDF 
 179 00b1 40064106 		.ascii	"@\006A\006@0\010\017\355\266 6 \210\315\247|\376\005"
 179      4030080F 
 179      EDB62036 
 179      2088CDA7 
 179      7CFE05
 180 00c4 1DF666E6 		.ascii	"\035\366f\346P\332\227\354J\363\300\32285\242s \266"
 180      50DA97EC 
 180      4AF3C0D2 
 180      3835A273 
 180      20B6
 181 00d6 0EE5B313 		.ascii	"\016\345\263\023:4\026\370\023\333:\350\367\007\361"
 181      3A3416F8 
 181      13DB3AE8 
 181      F707F1
 182 00e5 40D426B1 		.ascii	"@\324&\261\363gf\317\310t=\232o3\322\202M\302\327\333"
 182      F36766CF 
 182      C8743D9A 
 182      6F33D282 
 182      4DC2D7DB 
 183 00f9 0C5F32DC 		.ascii	"\014_2\334\226\3314\347\343D\214\362\367\224\245\332"
 183      96D934E7 
 183      E3448CF2 
 183      F794A5DA 
 184 0109 B7A11604 		.ascii	"\267\241\026\004kB\013\305V\204\350\033\211\"\252\263"
 184      6B420BC5 
 184      5684E81B 
 184      8922AAB3 
 185 0119 D28390D8 		.ascii	"\322\203\220\330\016\255<\307\014KMH\032\301t\236\251"
 185      0EAD3CC7 
 185      0C4B4D48 
 185      1AC1749E 
 185      A9
 186 012a 3C3329FE 		.ascii	"<3)\376c\203\221\314\"\355\2463I\017\345N\277\210\303"
 186      638391CC 
 186      22EDA633 
 186      490FE54E 
 186      BF88C3
 187 013d D8508478 		.ascii	"\330P\204x\323\004\010\311\007\310\014R\332\254\177"
 187      D30408C9 
 187      07C80C52 
 187      DAAC7F
 188 014c 8E1F675A 		.ascii	"\216\037gZ\034\222V?\264\177\"M\325\216Z\021\262\343"
 188      1C92563F 
 188      B47F224D 
 188      D58E5A11 
 188      B2E3
 189 015e 0CAB91D8 		.ascii	"\014\253\221\330\226r\277+\203\307\020Z\370\336>uj\335"
 189      9672BF2B 
 189      83C7105A 
ARM GAS  C:\Users\SANDEE~1\AppData\Local\Temp\cc7l8Rn3.s 			page 14


 189      F8DE3E75 
 189      6ADD
 190 0170 8AB3027D 		.ascii	"\212\263\002}\324\037\230\334\326Z~:\013\307`\264L\203"
 190      D41F98DC 
 190      D65A7E3A 
 190      0BC760B4 
 190      4C83
 191 0182 C89C0BA0 		.ascii	"\310\234\013\240\351\302\320\345)\007\332D\020\265\337"
 191      E9C2D0E5 
 191      2907DA44 
 191      10B5DF
 192 0191 8F1FB7C1 		.ascii	"\217\037\267\301.\342\367{\021\331G\011\332I\203T\240"
 192      2EE2F77B 
 192      11D94709 
 192      DA498354 
 192      A0
 193 01a2 8E55253F 		.ascii	"\216U%?r\004\325Y\203\336K\304|ReC\251\012\271jN\220"
 193      7204D559 
 193      83DE4BC4 
 193      7C526543 
 193      A90AB96A 
 194 01b8 498CB34F 		.ascii	"I\214\263O\227\305\355\021\004\036\345 \015:\2070:\203"
 194      97C5ED11 
 194      041EE520 
 194      0D3A8730 
 194      3A83
 195 01ca 5610CACB 		.ascii	"V\020\312\313H\340\243\004a\227\020\033.\330\256\347"
 195      48E0A304 
 195      6197101B 
 195      2ED8AEE7 
 196 01da D005E482 		.ascii	"\320\005\344\202\316#\027\016e#W2)\301\241\263\320\230"
 196      CE23170E 
 196      65235732 
 196      29C1A1B3 
 196      D098
 197 01ec 058D30CB 		.ascii	"\005\2150\313\351\343q\351\326\370\237\204\000_v\255"
 197      E9E371E9 
 197      D6F89F84 
 197      005F76AD 
 198 01fc F9A10A69 		.ascii	"\371\241\012i\\\315\216\31733\236r\271}jIY$\341\222"
 198      5CCD8ECF 
 198      33339E72 
 198      B97D6A49 
 198      5924E192 
 199 0210 0B5C2E9A 		.ascii	"\013\\.\232\270\0005\352\206\322\251\366\205*\262s\010"
 199      B80035EA 
 199      86D2A9F6 
 199      852AB273 
 199      08
 200 0221 E02B1569 		.ascii	"\340+\025i\212\316\254\230\306sm\227\220\330xk\366\271"
 200      8ACEAC98 
 200      C6736D97 
 200      90D8786B 
 200      F6B9
 201 0233 71017500 		.ascii	"q\001u\000O|3z7\325\216:`!\250w\356\2157\330/>,:9\\"
 201      4F7C337A 
 201      37D58E3A 
ARM GAS  C:\Users\SANDEE~1\AppData\Local\Temp\cc7l8Rn3.s 			page 15


 201      6021A877 
 201      EE8D37D8 
 202 024d 58C8A34D 		.ascii	"X\310\243Mo\241B R\000D8t\031-\206w>R\321)\205\313m"
 202      6FA14220 
 202      52004438 
 202      74192D86 
 202      773E52D1 
 203 0265 B5788941 		.ascii	"\265x\211A0t\010\306'\205K\037_\024\004\240(\250\010"
 203      307408C6 
 203      27854B1F 
 203      5F1404A0 
 203      28A808
 204 0278 0E9D3671 		.ascii	"\016\2356q\204\257\360>\205\332\021:\211\332`\003\\"
 204      84AFF03E 
 204      85DA113A 
 204      89DA6003 
 204      5C
 205 0289 414B6078 		.ascii	"AK`x}[\361(\306c\010Y\240\1773;\353\225\243E.\305\""
 205      7D5BF128 
 205      C6630859 
 205      A07F333B 
 205      EB95A345 
 206 02a0 97AB1297 		.ascii	"\227\253\022\2273\273\216\367:0.\265\357$\011\306]\002"
 206      33BB8EF7 
 206      3A302EB5 
 206      EF2409C6 
 206      5D02
 207 02b2 F116A050 		.ascii	"\361\026\240P\221\211I\221\222\3115\221I\316\344`8\306"
 207      91894991 
 207      92C93591 
 207      49CEE460 
 207      38C6
 208 02c4 E174A335 		.ascii	"\341t\2435\324\017\035\260\226,\375j\316\022Y\323u\223"
 208      D40F1DB0 
 208      962CFD6A 
 208      CE1259D3 
 208      7593
 209 02d6 A5EB4A4B 		.ascii	"\245\353JKF\321R\361\311D/l\240\206\022'\306n92C\003"
 209      46D152F1 
 209      C9442F6C 
 209      A0861227 
 209      C66E3932 
 210 02ec EFCEA354 		.ascii	"\357\316\243Tb2T\2424T*\032:[\237VdO\303$\270\220\215"
 210      623254A2 
 210      34542A1A 
 210      3A5B9F56 
 210      644FC324 
 211 0303 5AB2278F 		.ascii	"Z\262'\217\351\2436\240\307\237{T\200\250\036\353\014"
 211      E9A336A0 
 211      C79F7B54 
 211      80A81EEB 
 211      0C
 212 0314 7A5FFDC9 		.ascii	"z_\375\311d\007\032G\341\030\202\206\324\227/#T8\207"
 212      64071A47 
 212      E1188286 
 212      D4972F23 
 212      543887
ARM GAS  C:\Users\SANDEE~1\AppData\Local\Temp\cc7l8Rn3.s 			page 16


 213 0327 52E97C30 		.ascii	"R\351|0s\207\355\372p+r\012\362\373\017\332i\242\210"
 213      7387EDFA 
 213      702B720A 
 213      F2FB0FDA 
 213      69A288
 214 033a 67C52D48 		.ascii	"g\305-H:\244M\310\241\012\262\247\220\233\013*\247\333"
 214      3AA44DC8 
 214      A10AB2A7 
 214      909B0B2A 
 214      A7DB
 215 034c 77A2B9C4 		.ascii	"w\242\271\304\240q\212\025\321\202\360\236J\214Q\031"
 215      A0718A15 
 215      D182F09E 
 215      4A8C5119 
 216 035c C06F89F0 		.ascii	"\300o\211\360J\344$\015\"\350\356\314n\203-cn\015\372"
 216      4AE4240D 
 216      22E8EECC 
 216      6E832D63 
 216      6E0DFA
 217 036f EEB8AE0C 		.ascii	"\356\270\256\014G\306\234\020\253\211\333\177H\305\230"
 217      47C69C10 
 217      AB89DB7F 
 217      48C598
 218 037e 92C31AD3 		.ascii	"\222\303\032\323\020\367G\\Dy>\3149\224mE\261O\010v"
 218      10F7475C 
 218      44793ECC 
 218      39946D45 
 218      B14F0876 
 219 0392 6C2633C1 		.ascii	"l&3\301\332\"\317\032\211\347\217\224\347\205\310\356"
 219      DA22CF1A 
 219      89E78F94 
 219      E785C8EE 
 220 03a2 D36A18ED 		.ascii	"\323j\030\355\002\231\000\311\322\200\013M\003y\306"
 220      029900C9 
 220      D2800B4D 
 220      0379C6
 221 03b1 89732A7C 		.ascii	"\211s*|M\234\211\317\317\353N\326\310N\372[\205\202"
 221      4D9C89CF 
 221      CFEB4ED6 
 221      C84EFA5B 
 221      8582
 222 03c3 B010D5C3 		.ascii	"\260\020\325\303\302\352L\261q\231;\350\243\351\002"
 222      C2EA4CB1 
 222      71993BE8 
 222      A3E902
 223 03d2 5ECCA10F 		.ascii	"^\314\241\017]\220;\034\323\373pL]\3301\255\005:\367"
 223      5D903B1C 
 223      D3FB704C 
 223      5DD831AD 
 223      053AF7
 224 03e5 D8314F3B 		.ascii	"\3301O;u\323\001\227\323\011\222\022J\362\034\347&\200"
 224      75D30197 
 224      D3099212 
 224      4AF21CE7 
 224      2680
 225 03f7 E39B2B1E 		.ascii	"\343\233+\036\337\2070\303\003\323\014\365\310\302\024"
 225      DF8730C3 
ARM GAS  C:\Users\SANDEE~1\AppData\Local\Temp\cc7l8Rn3.s 			page 17


 225      03D30CF5 
 225      C8C214
 226 0406 0DE6A798 		.ascii	"\015\346\247\230\350\271Z`m\012\005\022\355UA\377]\321"
 226      E8B95A60 
 226      6D0A0512 
 226      ED5541FF 
 226      5DD1
 227 0418 238D6228 		.ascii	"#\215b(j\244P\030\316&\015\331\020\367\205\377<\353"
 227      6AA45018 
 227      CE260DD9 
 227      10F785FF 
 227      3CEB
 228 042a ED42E480 		.ascii	"\355B\344\200\215\334z\323\233\254\347\267\307\357e"
 228      8DDC7AD3 
 228      9BACE7B7 
 228      C7EF65
 229 0439 5BD24072 		.ascii	"[\322@r\351\225\3261\243\035\325;\210\373\247\206\216"
 229      E995D631 
 229      A31DD53B 
 229      88FBA786 
 229      8E
 230 044a D4AB59A0 		.ascii	"\324\253Y\240\035A\2771qt\314\036\327\320H\2276\027"
 230      1D41BF31 
 230      7174CC1E 
 230      D7D04897 
 230      3617
 231 045c 47B1487F 		.ascii	"G\261H\177\002\352\256\201\234\024[\213\201\356\224"
 231      02EAAE81 
 231      9C145B8B 
 231      81EE94
 232 046b 02DD4179 		.ascii	"\002\335AyF\366\246\266\360\312\015\331\006\360V\021"
 232      46F6A6B6 
 232      F0CA0DD9 
 232      06F05611 
 233 047b DE25F2EC 		.ascii	"\336%\362\354\224x&\016O\375\222\355Gy\312w\022S>:\337"
 233      9478260E 
 233      4FFD92ED 
 233      4779CA77 
 233      12533E3A 
 234 0490 77FDA886 		.ascii	"w\375\250\206\261$\011\361F]J\226\015n\242,\237FG>g"
 234      B12409F1 
 234      465D4A96 
 234      0D6EA22C 
 234      9F46473E 
 235 04a5 E7861CBA 		.ascii	"\347\206\034\272\206c=\223\032\213,\373$\226\217)\313"
 235      86633D93 
 235      1A8B2CFB 
 235      24968F29 
 235      CB
 236 04b6 E8A3E9A9 		.ascii	"\350\243\351\251\326J\226=\000\357\026\341\375\"\313"
 236      D64A963D 
 236      00EF16E1 
 236      FD22CB
 237 04c5 3E8965D4 		.ascii	">\211e\324\331\230\033\230\306\352\347\334\0120\242"
 237      D9981B98 
 237      C6EAE7DC 
 237      0A30A2
ARM GAS  C:\Users\SANDEE~1\AppData\Local\Temp\cc7l8Rn3.s 			page 18


 238 04d4 C2909F34 		.ascii	"\302\220\2374\357X\016\274\311\376\363\374\027\315l"
 238      EF580EBC 
 238      C9FEF3FC 
 238      17CD6C
 239 04e3 D9064C3C 		.ascii	"\331\006L<^\324\030\307\356\201\016\371\261uf\307vg"
 239      5ED418C7 
 239      EE810EF9 
 239      B17566C7 
 239      7667
 240 04f5 5FF61E8C 		.ascii	"_\366\036\214\333\251\037&\022#\367\252)\370mP\313S"
 240      DBA91F26 
 240      1223F7AA 
 240      29F86D50 
 240      CB53
 241 0507 8EFEDAA2 		.ascii	"\216\376\332\242\033\306$7\214R\232\327\252\233\013"
 241      1BC62437 
 241      8C529AD7 
 241      AA9B0B
 242 0516 6D956E18 		.ascii	"m\225n\030\001\370\260\010\037\027i\216I4\363\212\307"
 242      01F8B008 
 242      1F17698E 
 242      4934F38A 
 242      C7
 243 0527 32A5EC41 		.ascii	"2\245\354Ah\366duehp?\245q\306\270\257\234\205\303@"
 243      68F66475 
 243      6568703F 
 243      A571C6B8 
 243      AF9C85C3 
 244 053c 62359B32 		.ascii	"b5\2332\232j\217Gh\247\024H'\026\310\037\373\363sx<"
 244      9A6A8F47 
 244      68A71448 
 244      2716C81F 
 244      FBF37378 
 245 0551 493B5FB5 		.ascii	"I;_\265\307\306\332\260\221do\2667\326\347\330\343W"
 245      C7C6DAB0 
 245      91646FB6 
 245      37D6E7D8 
 245      E357
 246 0563 B433BFB7 		.ascii	"\2643\277\267\242L\032I:\367^\350\332g\205wc\232:[\037"
 246      A24C1A49 
 246      3AF75EE8 
 246      DA678577 
 246      639A3A5B 
 247 0578 473BE27D 		.ascii	"G;\342}T\271]\266\353o8\201~\277\363(\342\267tP\004"
 247      54B95DB6 
 247      EB6F3881 
 247      7EBFF328 
 247      E2B77450 
 248 058d 49D0B78E 		.ascii	"I\320\267\216\347\244a\352?\203\270\375sK\242\303\027"
 248      E7A461EA 
 248      3F83B8FD 
 248      734BA2C3 
 248      17
 249 059e E06411BC 		.ascii	"\340d\021\274\340F\347\311\0245Z\312\236E\344\345\272"
 249      E046E7C9 
 249      14355ACA 
 249      9E45E4E5 
ARM GAS  C:\Users\SANDEE~1\AppData\Local\Temp\cc7l8Rn3.s 			page 19


 249      BA
 250 05af 345D88D8 		.ascii	"4]\210\330\011\271g\320}\2706B\020v\333\243f\344\204"
 250      09B967D0 
 250      7DB83642 
 250      1076DBA3 
 250      66E484
 251 05c2 AA213944 		.ascii	"\252!9D\363\213\346\216\035\272#\272i%)V\351\200\361"
 251      F38BE68E 
 251      1DBA23BA 
 251      69252956 
 251      E980F1
 252 05d5 40784560 		.ascii	"@xE`4\010\350I\206\226\302\216\236\317C\207\003:(ID"
 252      3408E849 
 252      8696C28E 
 252      9ECF4387 
 252      033A2849 
 253 05ea 93CDB193 		.ascii	"\223\315\261\223\247\350\271\235uC\216&y\252\211\331"
 253      A7E8B99D 
 253      75438E26 
 253      79AA89D9 
 254 05fa 86A8A057 		.ascii	"\206\250\240W\314\266\024+\266\257d\350i\031\372'%\372"
 254      CCB6142B 
 254      B6AF64E8 
 254      6919FA27 
 254      25FA
 255 060c 999277AD 		.ascii	"\231\222w\255\214\367\214\222\267\233\002\334%\003\277"
 255      8CF78C92 
 255      B79B02DC 
 255      2503BF
 256 061b 54825F28 		.ascii	"T\202_(M\227\006\231\320O\225\350\011\023:\216\355\302"
 256      4D970699 
 256      D04F95E8 
 256      09133A8E 
 256      EDC2
 257 062d D52A0E36 		.ascii	"\325*\0166\211\013\\\023\244\213\240\341p\241\357yW"
 257      890B5C13 
 257      A48BA0E1 
 257      70A1EF79 
 257      57
 258 063e B4875F8A 		.ascii	"\264\207_\212\"A\242@b@\302Av\203\354\005\331\007r\000"
 258      2241A240 
 258      6240C241 
 258      7683EC05 
 258      D9077200 
 259 0652 24166417 		.ascii	"$\026d\027\310~\220\010~\251X\210R\207T\006\231\034"
 259      C87E9008 
 259      7EA95888 
 259      52875406 
 259      991C
 260 0664 F244E990 		.ascii	"\362D\351\220!\245\373\006\030\032.Pt\233\241\245k\025"
 260      21A5FB06 
 260      181A2E50 
 260      749BA1A5 
 260      6B15
 261 0676 DD7CCD7D 		.ascii	"\335|\315}\2625\366*\327\370\3505\333\262\320L+\231"
 261      B235F62A 
 261      D7F8E835 
ARM GAS  C:\Users\SANDEE~1\AppData\Local\Temp\cc7l8Rn3.s 			page 20


 261      DBB2D04C 
 261      2B99
 262 0688 4C99D0F4 		.ascii	"L\231\320\364z*\033r\332)\010\210\2408v5\231\026\325"
 262      7A2A1B72 
 262      DA290888 
 262      A0387635 
 262      9916D5
 263 069b 36EC7450 		.ascii	"6\354tP\020\312\335I^\2052\205\332\222\262-\374\\\231"
 263      10CADD49 
 263      5E853285 
 263      DA92B22D 
 263      FC5C99
 264 06ae B3059B7E 		.ascii	"\263\005\233~\346A\373M\204+\304M\317\357\274\232Vm"
 264      E641FB4D 
 264      842BC44D 
 264      CFEFBC9A 
 264      566D
 265 06c0 875C17D1 		.ascii	"\207\\\027\3219f\206\325P\270\243C08\216\237\273\000"
 265      396686D5 
 265      50B8A343 
 265      30388E9F 
 265      BB00
 266 06d2 C98CE6E3 		.ascii	"\311\214\346\343\202\016B8\376\027\241!g5&g\334\321"
 266      820E4238 
 266      FE17A121 
 266      67352667 
 266      DCD1
 267 06e4 3E7AAEE4 		.ascii	">z\256\344\026Y\230RV<o/\376 \201ORzU\335naY&\212\034"
 267      16599852 
 267      563C6F2F 
 267      FE20814F 
 267      527A55DD 
 268 06fe E4D9FEC6 		.ascii	"\344\331\376\306\014\226\222F\211\261\261\227\251\005"
 268      0C969246 
 268      89B1B197 
 268      A905
 269 070c 4C7796A5 		.ascii	"Lw\226\245\026g\226Z^\356+N\262\\\263$\361,;\236\247"
 269      1667965A 
 269      5EEE2B4E 
 269      B25CB324 
 269      F12C3B9E 
 270 0721 D9712AA2 		.ascii	"\331q*\242\240\003)\263\343\021pA\"O\340\311\274\223"
 270      A00329B3 
 270      E3117041 
 270      224FE0C9 
 270      BC93
 271 0733 3488A02F 		.ascii	"4\210\240/\3256\374d\213\353h\0022\314\304\245\333I"
 271      D536FC64 
 271      8BEB6802 
 271      32CCC4A5 
 271      DB49
 272 0745 3746D4CF 		.ascii	"7F\324\317\2711\366\326\267\\\2347\331Q\376\015\223"
 272      B931F6D6 
 272      B75C9C37 
 272      D951FE0D 
 272      93
 273 0756 D5F51E8B 		.ascii	"\325\365\036\213`\367{\015'\373\251\340D\177*HY\323"
ARM GAS  C:\Users\SANDEE~1\AppData\Local\Temp\cc7l8Rn3.s 			page 21


 273      60F77B0D 
 273      27FBA9E0 
 273      447F2A48 
 273      59D3
 274 0768 9965CDA2 		.ascii	"\231e\315\242\262\332\012\204\037Rn\245\343\331'\331"
 274      B2DA0A84 
 274      1F526EA5 
 274      E3D927D9 
 275 0778 5892C5A3 		.ascii	"X\222\305\243\222\306k\026X\364I\206\344\223t^\244\331"
 275      92C66B16 
 275      58F44986 
 275      E493745E 
 275      A4D9
 276 078a 3879ABC9 		.ascii	"8y\253\311J\351\023\003\320L\023i\036\027ifH4\333r\223"
 276      4AE91303 
 276      D04C1369 
 276      1E176966 
 276      4834DB72 
 277 079f 7A6D948B 		.ascii	"zm\224\213\262\210\336w\353R\031\013n9\321{gr+mp+e}"
 277      B288DE77 
 277      EB52190B 
 277      6E39D17B 
 277      67722B6D 
 278 07b7 E8E064A5 		.ascii	"\350\340d\245\032wR\245`$\253\300\201\"\215DO.zZ\311"
 278      1A7752A5 
 278      6024ABC0 
 278      81228D44 
 278      4F2E7A5A 
 279 07cc 2A16B5AC 		.ascii	"*\026\265\254"
 280 07d0 DB99754F 		.ascii	"\333\231uOd\215fZ\343\036:6:\277\256Meq\275\347\244"
 280      648D665A 
 280      E31E3A36 
 280      3ABFAE4D 
 280      6571BDE7 
 281 07e5 F5BA8BCB 		.ascii	"\365\272\213\313M(N\270\344\250\\n\026,\340\214\270"
 281      4D284EB8 
 281      E4A85C6E 
 281      162CE08C 
 281      B8
 282 07f6 80F3E202 		.ascii	"\200\363\342\002\316I\0138\377l\342\212F\271\\\213\350"
 282      CE490B38 
 282      FF6CE28A 
 282      46B95C8B 
 282      E8
 283 0807 53BD4763 		.ascii	"S\275GcX\034>\005\365\310\324\261\001\007\334OI\016"
 283      581C3E05 
 283      F5C8D4B1 
 283      0107DC4F 
 283      490E
 284 0819 8FBCBCE0 		.ascii	"\217\274\274\340\210G\250RTp\265\214\255\316\035\324"
 284      8847A852 
 284      5470B58C 
 284      ADCE1DD4 
 285 0829 ACB325D5 		.ascii	"\254\263%\325vx\202\366\275\214M\313\265\305STI\231"
 285      767882F6 
 285      BD8C4DCB 
 285      B5C55354 
ARM GAS  C:\Users\SANDEE~1\AppData\Local\Temp\cc7l8Rn3.s 			page 22


 285      4999
 286 083b 68ED67BB 		.ascii	"h\355g\273\337\225\004:\343\207\203\266x\206\366\315"
 286      DF95043A 
 286      E38783B6 
 286      7886F6CD 
 287 084b C64625D9 		.ascii	"\306F%\331\340p\225\250\304W\307g\330\341(\252\214D"
 287      E07095A8 
 287      C457C767 
 287      D8E128AA 
 287      8C44
 288 085d F474B0BD 		.ascii	"\364t\260\275\263\030\324\027}\361\215\354\327\213\275"
 288      B318D417 
 288      7DF18DEC 
 288      D78BBD
 289 086c AC167166 		.ascii	"\254\026qf\265\310\371\237b\022\355p\014\035\332\320"
 289      B5C8F99F 
 289      6212ED70 
 289      0C1DDAD0 
 290 087c 18719961 		.ascii	"\030q\231a\355@\215\275\323\376\027\213\236\275.y\366"
 290      ED408DBD 
 290      D3FE178B 
 290      9EBD2E79 
 290      F6
 291 088d 1ADD4995 		.ascii	"\032\335I\225\345w\017\250\224\345\362UpV\221\350,\243"
 291      E5770FA8 
 291      94E5F255 
 291      705691E8 
 291      2CA3
 292 089f E8ACEB92 		.ascii	"\350\254\353\222\2632\222\302\247\255\224\345\257Et"
 292      B33292C2 
 292      A7AD94E5 
 292      AF4574
 293 08ae 716DCB6A 		.ascii	"qm\313j|\220r|V\335\322\211\360a\252D\334\2518i\203"
 293      7C90727C 
 293      56DDD289 
 293      F061AA44 
 293      DCA93869 
 294 08c3 93A93274 		.ascii	"\223\2512t\272\252\334\032\033\250\322\335;]\210q&U"
 294      BAAADC1A 
 294      1BA8D2DD 
 294      3B5D8871 
 294      2655
 295 08d5 4E0CA51F 		.ascii	"N\014\245\037\260\305g\330\230\356\221j\346\237\375"
 295      B0C567D8 
 295      98EE916A 
 295      E69FFD
 296 08e4 E430BD18 		.ascii	"\3440\275\030\315\277/y\204\354\266\201g=\263j\234-"
 296      CDBF2F79 
 296      84ECB681 
 296      673DB36A 
 296      9C2D
 297 08f6 82DF1ECA 		.ascii	"\202\337\036\312\213\313\264\237_L\320\307\025\204^"
 297      8BCBB49F 
 297      5F4CD0C7 
 297      15845E
 298 0905 16655324 		.ascii	"\026eS$g\037qG%\274\023*\206t[\007\011OZ\012\272\302"
 298      671F7147 
ARM GAS  C:\Users\SANDEE~1\AppData\Local\Temp\cc7l8Rn3.s 			page 23


 298      25BC132A 
 298      86745B07 
 298      094F5A0A 
 299 091b 2B8A84A6 		.ascii	"+\212\204\246\355\246\"\241\214\241\347\222\211x5_@"
 299      EDA622A1 
 299      8CA1E792 
 299      8978355F 
 299      40
 300 092c 141D0FC6 		.ascii	"\024\035\017\306\233\276\243wK&\330>\306\320\322\201"
 300      9BBEA377 
 300      4B26D83E 
 300      C6D0D281 
 301 093c 433F286D 		.ascii	"C?(mW\3560\331\276\254\264MK\012\3118\201w\311\340\227"
 301      57EE30D9 
 301      BEACB44D 
 301      4B0AC938 
 301      8177C9E0 
 302 0951 94F05CB9 		.ascii	"\224\360\\\271\361xb\374;\212&\207\340\224\022}BI\245"
 302      F17862FC 
 302      3B8A2687 
 302      E094127D 
 302      4249A5
 303 0964 5666BB50 		.ascii	"Vf\273P\211\316W\242\273dN\271\245D\2371\241\345\227"
 303      89CE57A2 
 303      BB644EB9 
 303      A5449F31 
 303      A1E597
 304 0977 5705B8A1 		.ascii	"W\005\270\241\\\354\252c7W\033\334\\\367\3416\272\013"
 304      5CECAA63 
 304      37571BDC 
 304      5CF7E136 
 304      BA0B
 305 0989 520BD20C 		.ascii	"R\013\322\014\362\000\244\025\344\016H5\310=\220&\220"
 305      F200A415 
 305      E40E4835 
 305      C83D9026 
 305      90
 306 099a 1F415A40 		.ascii	"\037AZ@\352A:A\332Aj@:@\252@\036\2024\2024\314\025\035"
 306      EA413A41 
 306      DA416A40 
 306      3A40AA40 
 306      1E823482 
 307 09b2 C407B5DB 		.ascii	"\304\007\265\333M>\270m6x\362rP\346\202\213Jp\266\322"
 307      4D3EB86D 
 307      3678F272 
 307      50E6828B 
 307      4A70B6D2 
 308 09c6 05E33217 		.ascii	"\005\3432\027\334P\242\323^C\177gBW*\321\011\363BG*"
 308      DC50A2D3 
 308      5E437F67 
 308      42572AD1 
 308      09F34247 
 309 09db 3CB68B52 		.ascii	"<\266\213Ra\027\2450\264t\027\261\337\006\362z\206\241"
 309      6117A530 
 309      B47417B1 
 309      DF06F27A 
 309      86A1
ARM GAS  C:\Users\SANDEE~1\AppData\Local\Temp\cc7l8Rn3.s 			page 24


 310 09ed E18E120B 		.ascii	"\341\216\022\013\323y\350\303\274r\0275\311\226Y`>\322"
 310      D379E8C3 
 310      BC721735 
 310      C9965960 
 310      3ED2
 311 09ff 72F8806C 		.ascii	"r\370\200l\2357\315\207z\036\\f=\317\374\036\225\303"
 311      9D37CD87 
 311      7A1E5C66 
 311      3DCFFC1E 
 311      95C3
 312 0a11 A765D64B 		.ascii	"\247e\326K\315{\221\302Y16I\213\261:e1F\274V6\315\212"
 312      CD7B91C2 
 312      59313649 
 312      8BB13A65 
 312      3146BC56 
 313 0a28 B10BE088 		.ascii	"\261\013\340\210\263\314\230\224\376\321i\345\371\250"
 313      B3CC9894 
 313      FED169E5 
 313      F9A8
 314 0a36 959D8F93 		.ascii	"\225\235\217\223\346\317\307<\246\262\205\345\230\337"
 314      E6CFC73C 
 314      A6B285E5 
 314      98DF
 315 0a44 1D140E29 		.ascii	"\035\024\016)\251\272=\241Z\205\363\305\224\304\027"
 315      A9BA3DA1 
 315      5A85F3C5 
 315      94C417
 316 0a53 34E42638 		.ascii	"4\344&8\242E\256\346\316\002\352\206#\360\3778\016\254"
 316      A245AEE6 
 316      CE02EA86 
 316      23F0FF38 
 316      0EAC
 317 0a65 CE9CB626 		.ascii	"\316\234\266&u\346#\230\260\313Tg\326\211u&\320>|\267"
 317      75E62398 
 317      B0CB5467 
 317      D6897526 
 317      D03E7CB7 
 318 0a79 25DC465E 		.ascii	"%\334F^\012>\232W\012\366\260R\260G,\005#\256\024ub"
 318      0A3E9A57 
 318      0AF6B052 
 318      B0472C05 
 318      23AE1475 
 319 0a8e 7C9DE6E8 		.ascii	"|\235\346\350\364\276\252\012vE\276K\376|yh(\006\321"
 319      F4BEAA0A 
 319      7645BE4B 
 319      FE7C7968 
 319      2806D1
 320 0aa1 14DD4752 		.ascii	"\024\335GR\366\261\252\211\303\032\\E\261\205\305\303"
 320      F6B1AA89 
 320      C31A5C45 
 320      B185C5C3 
 321 0ab1 AB2894FC 		.ascii	"\253(\224\3746\274\367Cr\027\262xi\015J\227\326\000"
 321      36BCF743 
 321      7217B278 
 321      690D4A97 
 321      D600
 322 0ac3 BDB4EA27 		.ascii	"\275\264\352'\213\247\355\361\003\321\220\252#c|\320"
ARM GAS  C:\Users\SANDEE~1\AppData\Local\Temp\cc7l8Rn3.s 			page 25


 322      8BA7EDF1 
 322      03D190AA 
 322      23637CD0 
 323 0ad3 1AB9BA20 		.ascii	"\032\271\272 \244\0019!\375\375\233CO \242C<\226\376"
 323      A4013921 
 323      FDFD9B43 
 323      4F20A243 
 323      3C96FE
 324 0ae6 FF205900 		.ascii	"\377 Y\000\363\243\377&\315\346\376\2344\014n\177\""
 324      F3A3FF26 
 324      CDE6FE9C 
 324      340C6E7F 
 324      22
 325 0af7 CE330A51 		.ascii	"\3163\012Q\031\201\211\222\301G\244\205\374\254~~\""
 325      19818992 
 325      C147A485 
 325      FCAC7E7E 
 325      22
 326 0b08 532DBFF7 		.ascii	"S-\277\367\210\355>\300=\026#>&\336{\203\322\275\027"
 326      88ED3EC0 
 326      3D16233E 
 326      26DE7B83 
 326      D2BD17
 327 0b1b 5B758CFE 		.ascii	"[u\214\376\251\206\314\021\365\3069\210\273\333\223"
 327      A986CC11 
 327      F5C63988 
 327      BBDB93
 328 0b2a 5B3572DB 		.ascii	"[5r\333\343o\262]\223\237\225\213\337\317\020j\214\202"
 328      E36FB25D 
 328      939F958B 
 328      DFCF106A 
 328      8C82
 329 0b3c 71B0D03D 		.ascii	"q\260\320=e\227Q\010_\215&`\253\367C(\215h\211lh/\264"
 329      65975108 
 329      5F8D2660 
 329      ABF74328 
 329      8D68896C 
 330 0b53 6CE439F4 		.ascii	"l\3449\364\224\177\237[\030\374\217\000\377\265\301"
 330      947F9F5B 
 330      18FC8F00 
 330      FFB5C1
 331 0b62 7E5F05EA 		.ascii	"~_\005\3526\351\374\365!\241\352?}\376\345{\236+Wr\032"
 331      36E9FCF5 
 331      21A1EA3F 
 331      7DFEE57B 
 331      9E2B5772 
 332 0b77 5FDF6D01 		.ascii	"_\337m\001\301\372\017W\371\352\277\360\377\375\346"
 332      C1FA0F57 
 332      F9EABFF0 
 332      FFFDE6
 333 0b86 6F82B7E9 		.ascii	"o\202\267\351CB\002\303\374B\2036\177\374\336*\367\225"
 333      434202C3 
 333      FC428336 
 333      7FFCDE2A 
 333      F795
 334 0b98 9F2CFFFB 		.ascii	"\237,\377\373\252\345\333\276\335\342\247\327m\206\306"
 334      AAE5DBBE 
ARM GAS  C:\Users\SANDEE~1\AppData\Local\Temp\cc7l8Rn3.s 			page 26


 334      DDE2A7D7 
 334      6D86C6
 335 0ba7 E5C121C1 		.ascii	"\345\301!\301\272\345:\277\257\0026\007\004\373\007"
 335      BAE53ABF 
 335      AF023607 
 335      04FB07
 336 0bb6 6EDBA2DB 		.ascii	"n\333\242\333\034\344\347\2775 X\267\331w\213\356k\277"
 336      1CE4E7BF 
 336      352058B7 
 336      D9778BEE 
 336      6BBF
 337 0bc8 6D817A5F 		.ascii	"m\201z_\375\216oua+\266rj\311\360\232\377\316p\330\216"
 337      FD8E6F75 
 337      612BB672 
 337      6AC9F09A 
 337      FFCE70D8 
 338 0bdd B0CDBE61 		.ascii	"\260\315\276a\372-`\005\254}\260b\205\033\375\027\022"
 338      FA2D6005 
 338      AC7DB062 
 338      851BFD17 
 338      12
 339 0bee E6B6D52F 		.ascii	"\346\266\325/\320\355\333\220P}\230\233\177HPPH\260"
 339      D0EDDB90 
 339      507D989B 
 339      7F485050 
 339      48B0
 340 0c00 9B877683 		.ascii	"\233\207v\203\347\206\355nd\231+\374\271_\220\3175\001"
 340      E786ED6E 
 340      64992BFC 
 340      B95F90CF 
 340      3501
 341 0c12 61A6F5BA 		.ascii	"a\246\365\272\220\026\037\235\336gG\230^\027\264\336"
 341      90161F9D 
 341      DE674798 
 341      5E17B4DE 
 342 0c22 2F784BA0 		.ascii	"/xK\240.\324;4 $4@\277C\364\216g\240\316/\324[\027\014"
 342      2ED43B34 
 342      20243440 
 342      BF43F48E 
 342      67A0CE2F 
 343 0c3a D37D63AB 		.ascii	"\323}c\253]\353\263V\273i\355\232\337\361^\336\266\324"
 343      5DEBB356 
 343      BB69ED9A 
 343      DFF15EDE 
 343      B6D4
 344 0c4c 439FFAEA 		.ascii	"C\237\372\352m\330\347\\\367G*/\217\317\264s\352\207"
 344      6DD8E75C 
 344      F7472A2F 
 344      8FCFB473 
 344      EA87
 345 0c5e 2A2F4F6F 		.ascii	"*/Oo\223\272J\345\345\343\255Uk\251\266\022:\327\232"
 345      93BA4AE5 
 345      E5E3AD55 
 345      6BA9B612 
 345      3AD79A
 346 0c71 3ADDA173 		.ascii	":\335\241s\255V\345\263\321K\373\033\371\312t\333\365"
 346      AD56E5B3 
ARM GAS  C:\Users\SANDEE~1\AppData\Local\Temp\cc7l8Rn3.s 			page 27


 346      D14BFB1B 
 346      F9CA74DB 
 346      F5
 347 0c82 6E9E1B7C 		.ascii	"n\236\033|\274|\334\230\033`\205\241:_\377\240\217\300"
 347      BC7CDC98 
 347      1B6085A1 
 347      3A5FFFA0 
 347      8FC0
 348 0c94 07B69F6F 		.ascii	"\007\266\237o\362\362\364\335\010\376\205\321\036Z\325"
 348      F2F2F4DD 
 348      08FE85D1 
 348      1E5AD5
 349 0ca3 860DEBB4 		.ascii	"\206\015\353\264\330c\215\026\257\201O\357uZ\225\307"
 349      D8638D16 
 349      AF814FEF 
 349      755A95C7 
 350 0cb3 3A1FADEA 		.ascii	":\037\255\352\263u\036Z+\350\002\300\032\242\257'/O"
 350      B3751E5A 
 350      2BE802C0 
 350      1AA2AF27 
 350      2F4F
 351 0cc5 7859F9AC 		.ascii	"xY\371\254\367\364\321b\237\365\336\330\323\023>=\265"
 351      F7F4D162 
 351      9FF5DED8 
 351      D3133E3D 
 351      B5
 352 0cd6 561E5E5A 		.ascii	"V\036^ZO\255j\323\306/\264@\017\020\236\336_z\255\201"
 352      4FAD6AD3 
 352      C62FB440 
 352      0F109EDE 
 352      5F7AAD81 
 353 0cea B787A756 		.ascii	"\267\207\247V\355\343\371\2318\227\203\257\357\327\333"
 353      EDE3F999 
 353      389783AF 
 353      EFD7DB
 354 0cf9 82FD7D7D 		.ascii	"\202\375}}W|\372\361\307\037\251%M\345\277\325/\364"
 354      577CFAF1 
 354      C71FA925 
 354      4DE5BFD5 
 354      2FF4
 355 0d0b 3F6DA5D3 		.ascii	"?m\245\323i"
 355      69
 356              		.text
 357              		.section	.gnu.lto_.symtab.bfe2405b,"",%progbits
 358 0000 6E766963 		.ascii	"nvicEnableVector\000"
 358      456E6162 
 358      6C655665 
 358      63746F72 
 358      00
 359 0011 00       		.ascii	"\000"
 360 0012 00       		.ascii	"\000"
 361 0013 00       		.ascii	"\000"
 362 0014 00000000 		.ascii	"\000\000\000\000\000\000\000\000"
 362      00000000 
 363 001c BA000000 		.ascii	"\272\000\000\000"
 364 0020 6E766963 		.ascii	"nvicDisableVector\000"
 364      44697361 
ARM GAS  C:\Users\SANDEE~1\AppData\Local\Temp\cc7l8Rn3.s 			page 28


 364      626C6556 
 364      6563746F 
 364      7200
 365 0032 00       		.ascii	"\000"
 366 0033 00       		.ascii	"\000"
 367 0034 00       		.ascii	"\000"
 368 0035 00000000 		.ascii	"\000\000\000\000\000\000\000\000"
 368      00000000 
 369 003d BE000000 		.ascii	"\276\000\000\000"
 370 0041 6E766963 		.ascii	"nvicSetSystemHandlerPriority\000"
 370      53657453 
 370      79737465 
 370      6D48616E 
 370      646C6572 
 371 005e 00       		.ascii	"\000"
 372 005f 00       		.ascii	"\000"
 373 0060 00       		.ascii	"\000"
 374 0061 00000000 		.ascii	"\000\000\000\000\000\000\000\000"
 374      00000000 
 375 0069 C0000000 		.ascii	"\300\000\000\000"
 376 006d 6E766963 		.ascii	"nvicClearPending\000"
 376      436C6561 
 376      7250656E 
 376      64696E67 
 376      00
 377 007e 00       		.ascii	"\000"
 378 007f 00       		.ascii	"\000"
 379 0080 00       		.ascii	"\000"
 380 0081 00000000 		.ascii	"\000\000\000\000\000\000\000\000"
 380      00000000 
 381 0089 C2000000 		.ascii	"\302\000\000\000"
 382              		.text
 383              		.section	.gnu.lto_.opts,"",%progbits
 384 0000 272D666D 		.ascii	"'-fmath-errno' '-fsigned-zeros' '-ftrapping-math' '"
 384      6174682D 
 384      6572726E 
 384      6F272027 
 384      2D667369 
 385 0033 2D666E6F 		.ascii	"-fno-trapv' '-fno-openmp' '-fno-openacc' '-mcpu=cor"
 385      2D747261 
 385      70762720 
 385      272D666E 
 385      6F2D6F70 
 386 0066 7465782D 		.ascii	"tex-m4' '-mfloat-abi=hard' '-mfpu=fpv4-sp-d16' '-mn"
 386      6D342720 
 386      272D6D66 
 386      6C6F6174 
 386      2D616269 
 387 0099 6F2D7468 		.ascii	"o-thumb-interwork' '-mthumb' '-ggdb' '-O2' '-fomit-"
 387      756D622D 
 387      696E7465 
 387      72776F72 
 387      6B272027 
 388 00cc 6672616D 		.ascii	"frame-pointer' '-falign-functions=16' '-ffunction-s"
 388      652D706F 
 388      696E7465 
 388      72272027 
ARM GAS  C:\Users\SANDEE~1\AppData\Local\Temp\cc7l8Rn3.s 			page 29


 388      2D66616C 
 389 00ff 65637469 		.ascii	"ections' '-fdata-sections' '-fno-common' '-flto' '-"
 389      6F6E7327 
 389      20272D66 
 389      64617461 
 389      2D736563 
 390 0132 6673696E 		.ascii	"fsingle-precision-constant'\000"
 390      676C652D 
 390      70726563 
 390      6973696F 
 390      6E2D636F 
 391              		.text
 392              		.comm	__gnu_lto_v1,1,1
 393              		.comm	__gnu_lto_slim,1,1
 394              		.ident	"GCC: (GNU Tools for ARM Embedded Processors 6-2017-q2-update) 6.3.1 20170620 (release) [AR
ARM GAS  C:\Users\SANDEE~1\AppData\Local\Temp\cc7l8Rn3.s 			page 30


DEFINED SYMBOLS
                            *ABS*:00000000 nvic.c
                            *COM*:00000001 __gnu_lto_v1
                            *COM*:00000001 __gnu_lto_slim

NO UNDEFINED SYMBOLS
