ARM GAS  C:\Users\SANDEE~1\AppData\Local\Temp\ccninY1L.s 			page 1


   1              		.cpu cortex-m4
   2              		.eabi_attribute 27, 1
   3              		.eabi_attribute 28, 1
   4              		.eabi_attribute 20, 1
   5              		.eabi_attribute 21, 1
   6              		.eabi_attribute 23, 3
   7              		.eabi_attribute 24, 1
   8              		.eabi_attribute 25, 1
   9              		.eabi_attribute 26, 1
  10              		.eabi_attribute 30, 2
  11              		.eabi_attribute 34, 1
  12              		.eabi_attribute 18, 4
  13              		.file	"pal.c"
  14              		.text
  15              	.Ltext0:
  16              		.section	.gnu.lto_.profile.bfe267c9,"",%progbits
  17 0000 789C6365 		.ascii	"x\234ce`b`a```d\320\220\001\000\000\354\000Q"
  17      60626061 
  17      60606064 
  17      D0900100 
  17      00EC0051 
  18              		.text
  19              		.section	.gnu.lto_.icf.bfe267c9,"",%progbits
  20 0000 789C6365 		.ascii	"x\234ce`b\020a@\000f\206\333[\277\035`g|\371}\307cv"
  20      60621061 
  20      40006686 
  20      DB5BBF1D 
  20      60677CF9 
  21 0018 A67D0B9F 		.ascii	"\246}\013\237=db\000\000m$\012\031"
  21      3D646200 
  21      006D240A 
  21      19
  22              		.text
  23              		.section	.gnu.lto_.jmpfuncs.bfe267c9,"",%progbits
  24 0000 789C6365 		.ascii	"x\234ce`bPb@\000f\006FF\306zF&FF\346\372z&0\305\310"
  24      60625062 
  24      40006606 
  24      4646C67A 
  24      46264646 
  25 001b 069162AA 		.ascii	"\006\221b\252d\004Q\0009\324\002\300"
  25      64045100 
  25      39D402C0 
  26              		.text
  27              		.section	.gnu.lto_.inline.bfe267c9,"",%progbits
  28 0000 789C6365 		.ascii	"x\234ce`b\370\316\200\000\314\014\014\234\034\214\314"
  28      6062F8CE 
  28      8000CC0C 
  28      0C9C1C8C 
  28      CC
  29 0011 0C0A8C20 		.ascii	"\014\012\214 &\210t\000\223\012\034l\037\364\030\330"
  29      26887400 
  29      930A1C6C 
  29      1FF418D8 
  30 0021 16C83331 		.ascii	"\026\310310\276`g\201\220 \202\003\314\344\000\021\002"
  30      30BE6067 
  30      81902082 
  30      03CCE400 
ARM GAS  C:\Users\SANDEE~1\AppData\Local\Temp\ccninY1L.s 			page 2


  30      1102
  31 0033 60A600C8 		.ascii	"`\246\000\310\030F\006>^F\026\210)\214@\022b\224\002"
  31      1846063E 
  31      5E461688 
  31      298C4012 
  31      629402
  32 0046 C4406EA6 		.ascii	"\304@n\246\013\374\030F\001\305P\014aY /\001b)010\357"
  32      0BFC1846 
  32      01C5500C 
  32      6159202F 
  32      01622930 
  33 005d 10576000 		.ascii	"\020W`\000Zo\0012\231\211\201[\030\305}PC9\201r\304"
  33      5A6F0132 
  33      9989815B 
  33      18C57D50 
  33      43398172 
  34 0072 390F6893 		.ascii	"9\017h\223\004\310$\026^\240w'\370\201 \003\000\006"
  34      04C82416 
  34      5EA07727 
  34      F8812003 
  34      0006
  35 0084 0820CB   		.ascii	"\010 \313"
  36              		.text
  37              		.section	.gnu.lto_.pureconst.bfe267c9,"",%progbits
  38 0000 789C6365 		.ascii	"x\234ce`b`g```f\220b\224b\222\004\000\001\307\000b"
  38      60626067 
  38      60606066 
  38      90629462 
  38      92040001 
  39              		.text
  40              		.section	.gnu.lto_palReadBus.bfe267c9,"",%progbits
  41 0000 789C9591 		.ascii	"x\234\225\221MO\024A\020\206\353\355\232\235\231E\344"
  41      4D4F1441 
  41      1086EBED 
  41      9A9D9945 
  41      E4
  42 0011 0700267B 		.ascii	"\007\000&{ !\\v\376\005\377\003\271x \321\260\341L\357"
  42      20215C76 
  42      FE05FF03 
  42      B97820D1 
  42      B0E14CEF 
  43 0025 08081895 		.ascii	"\010\010\030\225\020q\025Y\347 \204/\371F\016\2346@"
  43      10711559 
  43      E720842F 
  43      F9460E9C 
  43      3640
  44 0037 42628202 		.ascii	"Bb\202\002\027NF\002\\6\321\203{\341b\300\252\036H\366"
  44      174E4602 
  44      5C36D183 
  44      7BE162C0 
  44      AA1E48F6 
  45 004b C08564BA 		.ascii	"\300\205d\272\273\252\253\352\251z\2473d\250`\210rD"
  45      BBAAABEA 
  45      A97AA733 
  45      64A86088 
  45      7244
  46 005d D4220B4C 		.ascii	"\324\"\013L0c\337\211\212\241\001\324\260!\250\337\240"
ARM GAS  C:\Users\SANDEE~1\AppData\Local\Temp\ccninY1L.s 			page 3


  46      3063DF89 
  46      8AA101D4 
  46      B021A8DF 
  46      A0
  47 006e 1F6FB8C4 		.ascii	"\037o\270\3048\032X\235\342\327\234H\232'\356\337\203"
  47      381A589D 
  47      E2D79C48 
  47      9A27EEDF 
  47      83
  48 007f C9F32675 		.ascii	"\311\363&u\201\234\270\037\355\361H\3201kml+\245q\377"
  48      819CB81F 
  48      EDF148D0 
  48      316B6D6C 
  48      2BA571FF 
  49 0093 D3FAA1CD 		.ascii	"\323\372\241\315&l\350\203\244\317\241\025\263h\325"
  49      266CE883 
  49      A4CFA115 
  49      B368D5
  50 00a2 1EF3E890 		.ascii	"\036\363\350\220\344\301\243\322\020\363#\220\330?\177"
  50      E4C1A3D2 
  50      10F32390 
  50      D83F7F
  51 00b1 9DCE87ED 		.ascii	"\235\316\207\3553\256p\357-\333\266\204\031\013\340"
  51      33AE70EF 
  51      2DDBB684 
  51      190BE0
  52 00c0 FA42B922 		.ascii	"\372B\271\",\242]\363\317\326\256&\036\372\336g&e\013"
  52      2CA25DF3 
  52      CFD6AE26 
  52      1EFADE67 
  52      26650B
  53 00d3 F20B7CC8 		.ascii	"\362\013|\310\271r\214\212\275\272~a+\277\247Q\356\314"
  53      B9728C8A 
  53      BDBA7E61 
  53      2BBFA751 
  53      EECC
  54 00e5 8A06A960 		.ascii	"\212\006\251`\251\365<\3312\031\331|_\255@\267\220t"
  54      A9F53CD9 
  54      3219D97C 
  54      5FAD40B7 
  54      9074
  55 00f7 3A1A1584 		.ascii	":\032\025\204J})\216\234\\E\274]}\265\353+\265\314*"
  55      4A7D298E 
  55      9C5C45BC 
  55      5D7DB5EB 
  55      2BB5CC2A 
  56 010b FBDDE0CE 		.ascii	"\373\335\340\316\217@u\262\033\367r\377\333pc\202r\321"
  56      8F4075B2 
  56      1BF772FF 
  56      DB706382 
  56      72D1
  57 011d 5A9B4B38 		.ascii	"Z\233K8(\263\301\222j\223\330\314E\274\034DK6\015\205"
  57      28B3C192 
  57      6A93D8CC 
  57      45BC1C44 
  57      4B360D85 
  58 0131 584682F7 		.ascii	"XF\202\367:#a\005\021U\261\263\235M\301^=8\274\013\234"
ARM GAS  C:\Users\SANDEE~1\AppData\Local\Temp\ccninY1L.s 			page 4


  58      3A236105 
  58      1155B1B3 
  58      9D4DC15E 
  58      3D38BC0B 
  59 0146 95EE58BD 		.ascii	"\225\356X\275\001\237\324j\273\215\002\036(j\250\001"
  59      019FD46A 
  59      BB8D021E 
  59      286AA801 
  60 0156 6B0EACAA 		.ascii	"k\016\254\252\261\356\300\361-8s\257\021\037`\303\221"
  60      B1EEC0F1 
  60      2D3873AF 
  60      111F60C3 
  60      91
  61 0167 8C92361D 		.ascii	"\214\2226\035\351ym\010)J\307\024`==\270\027\335\340"
  61      E9796D08 
  61      294AC714 
  61      603D3DB8 
  61      17DDE0
  62 017a ABA3BB57 		.ascii	"\253\243\273W\332J\351\377n\351\241k\020\320\037\304"
  62      DA4AE9FF 
  62      6EE9A16B 
  62      10D01FC4 
  63 018a B99B1BFD 		.ascii	"\271\233\033\375Q\243\242J\336A\006j\316\347\243\364"
  63      51A3A24A 
  63      DE41066A 
  63      CEE7A3F4 
  64 019a 7B5A889E 		.ascii	"{Z\210\236t\365D\205\336\356\350YWO\276\233\370q_\341"
  64      74F54485 
  64      DEEEE859 
  64      574FBE9B 
  64      F8715FE1 
  65 01ae 3F402CC6 		.ascii	"?@,\306T"
  65      54
  66              		.text
  67              		.section	.gnu.lto_palWriteBus.bfe267c9,"",%progbits
  68 0000 789C9553 		.ascii	"x\234\225SKk\023Q\024\276\337\234\311<\222\211\272\024"
  68      4B6B1351 
  68      14BEDF9C 
  68      C93C9289 
  68      BA14
  69 0012 AD504109 		.ascii	"\255PA\011\335d\376\205K\377C\233\215BA1\272\356$6\251"
  69      DD64FE85 
  69      4BFF439B 
  69      8D424131 
  69      BAEE2436 
  70 0027 B4F80069 		.ascii	"\264\370\000iR\245\303\210Rk\324\276|\247\013\011qQ"
  70      52A5C388 
  70      526BD4BE 
  70      7CA70B09 
  70      7151
  71 0039 90AAB40B 		.ascii	"\220\252\264\013\335(\212V\241\013\241\026A\027\222"
  71      DD288A56 
  71      A10BA116 
  71      411792
  72 0048 F49C3B4D 		.ascii	"\364\234;M[\305M/3\347\336\363\372\3569\337\231I(C\035"
  72      5BC54D2F 
  72      33E7DEF3 
ARM GAS  C:\Users\SANDEE~1\AppData\Local\Temp\ccninY1L.s 			page 5


  72      FAEE39DF 
  72      99492843 
  73 005d 27A58E2A 		.ascii	"'\245\216*\245\016\362\013R0\256\274V\252\340\030\200"
  73      A50EF20B 
  73      5230AEBC 
  73      56AAE018 
  73      80
  74 006e 1C02076A 		.ascii	"\034\002\007j\300\300\000.S\225\320\034\372V7z&\003"
  74      C0C0002E 
  74      5395D01C 
  74      FA56377A 
  74      2603
  75 0080 5E8DEA4F 		.ascii	"^\215\352O\253\034\224\366G\234~\215_Y\230D\017G-\015"
  75      AB1C94F6 
  75      479C7E8D 
  75      5F599844 
  75      0F472D0D 
  76 0094 CE8ED325 		.ascii	"\316\216\323%\212\0100Y\375\361\352\372\227=\242\032"
  76      8A083059 
  76      FDF1EAFA 
  76      973DA21A 
  77 00a4 E866B5B4 		.ascii	"\350f\265\264T-\023\035\202\342\363\207\217\237jNf\""
  77      542D131D 
  77      82E2F387 
  77      8F9F6A4E 
  77      6622
  78 00b6 088A4163 		.ascii	"\010\212Ac\361*\005G\"\"\334\0051 j\350\302\035t)6)"
  78      F12A0547 
  78      2222DC05 
  78      31206AE8 
  78      C21D7429 
  79 00cc DC4386C3 		.ascii	"\334C\206\303\303\326\315\205\024\035\326\251\365h\274"
  79      C3D6CD85 
  79      141DD6A9 
  79      F568BC
  80 00db 666DA6BE 		.ascii	"fm\246\276\037\325\251&\356\377\233j*L!#\361\237\347"
  80      1FD5A926 
  80      EEFF9B6A 
  80      2A4C2123 
  80      F19FE7
  81 00ee 5AA369CB 		.ascii	"Z\243i\313\274\325)\027\323\260\300\373\3142\032A\253"
  81      BCD52917 
  81      D3B0C0FB 
  81      CC321A41 
  81      AB
  82 00ff 3DC405DC 		.ascii	"=\304\005\334F\373\330^\356\233/#\316M\230\220\344\004"
  82      46FBD85E 
  82      EE9B2F23 
  82      CE4D9890 
  82      E404
  83 0111 1F2D4B84 		.ascii	"\037-K\204-\302aa\273\"\222\242\246Dx\"\322\"\224\032"
  83      2DC26161 
  83      BB2292A2 
  83      A6447822 
  83      D222941A 
  84 0125 6670216E 		.ascii	"fp!n\204\014\331i\025\305\371\325\3479\271.$\341\260"
  84      840CD969 
ARM GAS  C:\Users\SANDEE~1\AppData\Local\Temp\ccninY1L.s 			page 6


  84      15C5F9D5 
  84      E739B92E 
  84      24E1B0
  85 0138 526ABEB1 		.ascii	"Rj\276\261\205\016\322}\374Zxy\301\213\020\026\230\323"
  85      850ED27D 
  85      FC5A7879 
  85      C18B1016 
  85      98D3
  86 014a EE889C90 		.ascii	"\356\210\234\220i\232\341\332\3057\261R\234\266\375"
  86      699AE1DA 
  86      C537B152 
  86      9CB6FD
  87 0159 A92076B9 		.ascii	"\251 v\271\230E\2041\3155\346\340+\206n\225\021#'B\356"
  87      98458431 
  87      CD35E6E0 
  87      2B866E95 
  87      11232742 
  88 016e 55EE7263 		.ascii	"U\356rc\335\332\025\264\211\007\032Z\010\301C\015}\376"
  88      DDDA15B4 
  88      89071A5A 
  88      08C1430D 
  88      7DFE
  89 0180 4F07DAD6 		.ascii	"O\007\332\326\350\326NtgW\350I<\322\350\206\240?\216"
  89      E8D64E74 
  89      6757E849 
  89      3CD2E886 
  89      A03F8E
  90 0193 D12B1D74 		.ascii	"\321+\035t7F[^[\014S\302\212\215}x\3020\034\263\326"
  90      37465B5E 
  90      5B0C53C2 
  90      8A8D7D78 
  90      C2301CB3 
  91 01a8 8949EA22 		.ascii	"\211I\352\"\334\277\252Jq\303qU\333q\2366;b\373\335"
  91      DCBFAA4A 
  91      71C37155 
  91      DB719E36 
  91      3B62FBDD 
  92 01bc B1A575BA 		.ascii	"\261\245u\272\307\266fEW\277s\004\356\377F\300\020\204"
  92      C7B66645 
  92      57BF7304 
  92      EEFF46C0 
  92      1084
  93 01ce A79B9DBC 		.ascii	"\247\233\235\274[_\177\341q'\203\005qyx\246;\221\031"
  93      5B5F7FE1 
  93      71278305 
  93      717978A6 
  93      3B9119
  94 01e1 B07364E5 		.ascii	"\260sd\345\353\333\304\2263\215:\3741\036\003w9\017"
  94      EBDBC496 
  94      338D3AFC 
  94      311E0377 
  94      390F
  95 01f3 9FAF56DF 		.ascii	"\237\257V\337Q\274\321\276\250+\321?\31003\314\037\005"
  95      51BCD1BE 
  95      A82BD13F 
  95      C83033CC 
  95      1F05
ARM GAS  C:\Users\SANDEE~1\AppData\Local\Temp\ccninY1L.s 			page 7


  96 0205 1371209B 		.ascii	"\023q \233\365\343\347T\336?\321\333\357\347\317\344"
  96      F5E3E754 
  96      DE3FD1DB 
  96      EFE7CFE4 
  97 0215 FCD3BDFD 		.ascii	"\374\323\275\375\331\234\242\276sy\263\357\344\331\374"
  97      D99CA2BE 
  97      7379B3EF 
  97      E4D9FC
  98 0224 06E83F06 		.ascii	"\006\350?\006\216"
  98      8E
  99              		.text
 100              		.section	.gnu.lto_palSetBusMode.bfe267c9,"",%progbits
 101 0000 789C9592 		.ascii	"x\234\225\222\317KTQ\024\307\317\367\2367\363\336\244"
 101      CF4B5451 
 101      14C7CFF7 
 101      9E37F3DE 
 101      A4
 102 0011 B68E5298 		.ascii	"\266\216R\230\240\030\334\314\3733\374\027\332\352\030"
 102      A018DCCC 
 102      FB33FC17 
 102      DAEA18
 103 0020 B4300C87 		.ascii	"\2640\014\207\326s\235\2341\0144\020\235\224\206\027"
 103      D6739D9C 
 103      310C3410 
 103      9D948617 
 104 0030 C46056FE 		.ascii	"\304`V\376\312\012F\011\0067A\232\241[\025\245\"\020"
 104      CA0A4609 
 104      0637419A 
 104      A15B15A5 
 104      2210
 105 0042 1594166E 		.ascii	"\025\224\026n\324:\347\216-l\347\345\335\337\347\373"
 105      D43AE78E 
 105      2D6CE7E5 
 105      DDDFE7FB 
 106 0052 B9E77C79 		.ascii	"\271\347|y12\324i\210n\023\321\015\351`\202y\272J\324"
 106      3132D469 
 106      886E13D1 
 106      0DE96082 
 106      79BA4AD4 
 107 0066 1B184017 		.ascii	"\033\030@\0276\000\345\014r\030\342\022c\251\377W\325"
 107      3600E50C 
 107      7218E212 
 107      63A9FF57 
 107      D5
 108 0077 B44E5869 		.ascii	"\264NXi\265\322\272_\264\205k\021\023\215I\327\206\011"
 108      B5D2BA5F 
 108      B4856B11 
 108      138D49D7 
 108      8609
 109 0089 B44AD45A 		.ascii	"\264J\324Z\337\354s\036\344\210\001O\266G_\307\177\\"
 109      DFEC731E 
 109      E488014F 
 109      B6475FC7 
 109      7F5C
 110 009b D5AD4152 		.ascii	"\325\255AR\266\205\265R\221\271\005$\353\255\355\235"
 110      B685B552 
 110      91B90524 
ARM GAS  C:\Users\SANDEE~1\AppData\Local\Temp\ccninY1L.s 			page 8


 110      EBADED9D 
 111 00ab C92055B1 		.ascii	"\311 U\2616ok\233\303loE\314x\015\026 &\321\214Wh&9"
 111      366F6B9B 
 111      C36C6F45 
 111      CC780D16 
 111      2026D18C 
 112 00c3 22BC414A 		.ascii	"\"\274AJ\302\177\317W\206\033\370\246\223.\017~\272"
 112      C27FCF57 
 112      861BF8A6 
 112      932E0F7E 
 112      BA
 113 00d4 73AE5C19 		.ascii	"s\256\\\031qJ\017o\377Wz\204)\2444\374\373\334\331H"
 113      714A0F6F 
 113      FF577A84 
 113      29A434FC 
 113      FBDCD948 
 114 00e8 53DC7BF9 		.ascii	"S\334{\371/[L#\016\231g\326Q\263g\177\372m\355\244\202"
 114      2F5B4C23 
 114      0E9967D6 
 114      51B3677F 
 114      FA6DEDA4 
 115 00fd ADB68494 		.ascii	"\255\266\204\224-o\261hc\236\014\361\230\014~\\W>\034"
 115      2D6FB168 
 115      639E0CF1 
 115      980C7E5C 
 115      573E1C
 116 0110 8B0644AE 		.ascii	"\213\006D\256\316<a\2433\357\"\277\260{\220Q`\231\325"
 116      CE3C61A3 
 116      33EF22BF 
 116      B07B9051 
 116      6099D5
 117 0123 A4D1C2D2 		.ascii	"\244\321\302\3227_\353e\227\350\361\347/\217\033#\224"
 117      375FEB65 
 117      97E8F1E7 
 117      2F8F1B23 
 117      94
 118 0134 7BC5B464 		.ascii	"{\305\264d\304AY|\230\221\354\364\256\3623?\355\207"
 118      C441597C 
 118      9891ECF4 
 118      AEF2333F 
 118      ED87
 119 0146 53B67E95 		.ascii	"S\266~\225\300,\"<sfb\016!):Q\007{\227\"]\301;G\322"
 119      C02C223C 
 119      7366620E 
 119      21293A51 
 119      077B9722 
 120 015f 0A317F91 		.ascii	"\0121\177\221\024\273\024\251\001\357\035\311(\351\203"
 120      14BB14A9 
 120      01EF1DC9 
 120      28E983
 121 016e 233D3A2C 		.ascii	"#=:,\242\216\322\274\004H{(&\365D\345\325\352\376\206"
 121      A28ED2BC 
 121      04487B28 
 121      26F544E5 
 121      D5EAFE86 
 122 0182 9F3BB541 		.ascii	"\237;\265A\304\215c\232\000>\"G\342\214\013\367#n\242"
 122      C48D639A 
ARM GAS  C:\Users\SANDEE~1\AppData\Local\Temp\ccninY1L.s 			page 9


 122      003E2247 
 122      E28C0BF7 
 122      236EA2
 123 0195 03E45F2C 		.ascii	"\003\344_,\0169\206\373m\006$L\234\224'\256\247\323"
 123      0E3986FB 
 123      6D06244C 
 123      9C9427AE 
 123      A7D3
 124 01a7 61FDEBCE 		.ascii	"a\375\353\316\206\367\332\273\302lO&|\320\336\225\316"
 124      86F7DABB 
 124      C26C4F26 
 124      7CD0DE95 
 124      CE
 125 01b8 10773CCC 		.ascii	"\020w<\314z\367\273;\357\376\005G\314\304\000"
 125      7AF7BB3B 
 125      EFFE0547 
 125      CCC400
 126              		.text
 127              		.section	.gnu.lto_.symbol_nodes.bfe267c9,"",%progbits
 128 0000 789C6365 		.ascii	"x\234ce`b\010d\000\002\246\211L\365\014\014\023\316"
 128      60620864 
 128      0002A689 
 128      4CF50C0C 
 128      13CE
 129 0012 313000A9 		.ascii	"10\000\251]\015\216@\221IL\365\214\250\"\223\231\352"
 129      5D0D8E40 
 129      91494CF5 
 129      8CA82293 
 129      99EA
 130 0024 99504418 		.ascii	"\231PD\030\2471\3253\203E\030\030\032\032\034\030\030"
 130      A731D533 
 130      83451818 
 130      1A1A1C18 
 130      18
 131 0035 98999819 		.ascii	"\230\231\230\031\226<\374\307\310\000\0008#\023\350"
 131      963CFCC7 
 131      C8000038 
 131      2313E8
 132              		.text
 133              		.section	.gnu.lto_.refs.bfe267c9,"",%progbits
 134 0000 789C6365 		.ascii	"x\234ce`b`d\000\002\000\000I\000\011"
 134      60626064 
 134      00020000 
 134      490009
 135              		.text
 136              		.section	.gnu.lto_.decls.bfe267c9,"",%progbits
 137 0000 789CA558 		.ascii	"x\234\245XyP\024W\032\357\257_\017\016\303\200\026\270"
 137      79501457 
 137      1AEFAF5F 
 137      0F0EC380 
 137      16B8
 138 0012 596B635C 		.ascii	"Ykc\\\222\":\177D\021\254uS\233\244\326M0G\255Y\254"
 138      92223A7F 
 138      4411AC75 
 138      539BA4D6 
 138      4D3047AD 
 139 0028 31C76E15 		.ascii	"1\307n\025[S\004F\245\026\301e\206T\345\257m\030\024"
ARM GAS  C:\Users\SANDEE~1\AppData\Local\Temp\ccninY1L.s 			page 10


 139      5B530446 
 139      A516C165 
 139      8654E5AF 
 139      6D1814
 140 003b AF706908 		.ascii	"\257pi\010\342\205x\242(\304x\004\001C\020\217\200x"
 140      E28578A2 
 140      28C47804 
 140      0143108F 
 140      8078
 141 004d CBA5088A 		.ascii	"\313\245\010\212\267Dq \210De\277\367^\317t\333\231"
 141      B7447120 
 141      884465BF 
 141      F75ECF74 
 141      DB99
 142 005f 496D65BB 		.ascii	"Ime\273x\363\372\275\376}\337\367\373\216\367\3725\006"
 142      78F3FABD 
 142      FE7DDFF7 
 142      FB8EF7FA 
 142      3506
 143 0071 411402C3 		.ascii	"A\024\002\303\004\301%\012\202\014\2020\202\227$\010"
 143      04C1250A 
 143      820C8230 
 143      82972408 
 144 0081 C22E41BD 		.ascii	"\302.A\275\3508\010\237\215\3016\016\333\004\020~v\375"
 144      E838089F 
 144      8DC1360E 
 144      DB04107E 
 144      76FD
 145 0093 16E5CDD8 		.ascii	"\026\345\315\330\207b\033\213\255\012\233\021q\003\330"
 145      87621B8B 
 145      AD0A9B11 
 145      7103D8
 146 00a2 4FC2168B 		.ascii	"O\302\026\213m\024\216\037b\357\306v\010\333SE7\340"
 146      6D148E1F 
 146      62EFC676 
 146      08DB5345 
 146      37E0
 147 00b4 FC5DAA04 		.ascii	"\374]\252\004{\021X\307\354\321~\262\316\326\213h'\004"
 147      7B1158C7 
 147      ECD17EB2 
 147      CED68B68 
 147      2704
 148 00c6 FB8F34B6 		.ascii	"\373\2174\266\250\035j\317\227\255\247\212\275v\305"
 148      A81D6ACF 
 148      97ADA78A 
 148      BD76C5
 149 00d5 A641B147 		.ascii	"\246A\261G\355P\003\367\260k\343\267\314?\332G\353l"
 149      ED5003F7 
 149      B06BE3B7 
 149      CC3FDA47 
 149      EB6C
 150 00e7 46F9B119 		.ascii	"F\371\261\031\346\307\277*\305\3564\034\277\200\215"
 150      E6C7BF2A 
 150      C5EE341C 
 150      BF808D
 151 00f6 E86CA23A 		.ascii	"\350l\242:o\034\351\324k:{_\022\330\237}t\235\3712\\"
 151      6F1CE9D4 
ARM GAS  C:\Users\SANDEE~1\AppData\Local\Temp\ccninY1L.s 			page 11


 151      6B3A7B5F 
 151      12D89F7D 
 151      749DF932 
 152 010b 02C4C218 		.ascii	"\002\304\302\0306\013\300\177\20156\034\361\\\000l\036"
 152      360BC07F 
 152      8135361C 
 152      F15C006C 
 152      1E
 153 011c 67454151 		.ascii	"gEAQ\352\231\002\217\2042\026\225\241\250\250d\177\212"
 153      EA99028F 
 153      84321695 
 153      A1A8A864 
 153      7F8A
 154 012e 306834F2 		.ascii	"0h4\362\307\334\222\347\342\364\371\015\023SD\001D\325"
 154      C7DC92E7 
 154      E2F4F90D 
 154      13534401 
 154      44D5
 155 0140 00805640 		.ascii	"\000\200V@\243\220\323V\236{\371\011\252s\340\361\276"
 155      A390D356 
 155      9E7BF909 
 155      AA73E0F1 
 155      BE
 156 0151 7745FF06 		.ascii	"wE\377\006\251\013:\001\202\204\222\031\300\346\256"
 156      A90B3A01 
 156      82849219 
 156      C0E6AE
 157 0160 9CAD7962 		.ascii	"\234\255yb$\030B\274\357z\264\375\355)\3452\277\214"
 157      241842BC 
 157      EF7AB4FD 
 157      ED29E532 
 157      BF8C
 158 0172 2FA8613B 		.ascii	"/\250a;\223U\271\226\344\020\0105\201\204\303\007\315"
 158      9355B996 
 158      E4100835 
 158      8184C307 
 158      CD
 159 0183 C53D2138 		.ascii	"\305=!8\034k\202p\034\026W\0174\032\370S#\016G\266V"
 159      1C6B8270 
 159      1C16570F 
 159      341AF853 
 159      230E47B6 
 160 0198 2E3592E7 		.ascii	".5\222\347\230\306\316\343e;\251\340$\023P\262\243q"
 160      98C6CEE3 
 160      653BA9E0 
 160      241350B2 
 160      A371
 161 01aa AAA2B7EA 		.ascii	"\252\242\267\352Q0\237\242\210\263\271\356\315\243\310"
 161      51309FA2 
 161      88B3B9EE 
 161      CDA3C8
 162 01b9 F3F45E5C 		.ascii	"\363\364^\\\335\330Z/\201\305\264\225\332\257{80)?["
 162      DDD85A2F 
 162      81C5B495 
 162      DAAF7B38 
 162      30293F5B 
 163 01cd 9645F81A 		.ascii	"\226E\370\032L\360\025\020\330\001S\2507\223L\370\273"
ARM GAS  C:\Users\SANDEE~1\AppData\Local\Temp\ccninY1L.s 			page 12


 163      4CF01510 
 163      D80153A8 
 163      37934CF8 
 163      BB
 164 01de 449633E5 		.ascii	"D\2263\345<\227\034\370\256\000\3450\036v\302x\001\366"
 164      3C971CF8 
 164      AE00E530 
 164      1E76C278 
 164      01F6
 165 01f0 8085AAA5 		.ascii	"\200\205\252\2458\250\304\311\012\234D\023e\233\363"
 165      38A8C4C9 
 165      0A9C4413 
 165      659BF3
 166 01ff 4B03C8A7 		.ascii	"K\003\310\247\314\304\321C\027\333$0Y|\312\357\367!"
 166      CCC4D143 
 166      17DB2430 
 166      597CCAEF 
 166      F721
 167 0211 CFB98C6C 		.ascii	"\317\271\214lx\351\350\"\312e\037r\331\253rAj<BY\015"
 167      78E9E822 
 167      CA651F72 
 167      D9AB7241 
 167      6A3C4259 
 168 0226 83F9C1A4 		.ascii	"\203\371\301\244\001\230\221\234#\307\036\031\274~\234"
 168      0198919C 
 168      23C71E19 
 168      BC7E9C
 169 0235 3AF8FAA9 		.ascii	":\370\372\251\363\262\034\016U({@\225\335\007~\035\371"
 169      F3B21C0E 
 169      55287B40 
 169      95DD077E 
 169      1DF9
 170 0247 C6B72317 		.ascii	"\306\267#\027\036\270\013C\210\213'kM\177\347\355@\036"
 170      1EB80B43 
 170      888B276B 
 170      4D7FE7ED 
 170      401E
 171 0259 758B2627 		.ascii	"u\213&'\241<'C\033\257\025\210d\031\207.)\3179LLh\311"
 171      A13C2743 
 171      1BAF1588 
 171      6419872E 
 171      29CF394C 
 172 0270 F53FB98C 		.ascii	"\365?\271\214\022\225#\253\272\203I.\027\277\227u\275"
 172      129523AB 
 172      BA83492E 
 172      17BF9775 
 172      BD
 173 0281 3B88AB1E 		.ascii	";\210\253\036\207\303]C]\373\015d\025\177\366\371\252"
 173      87C35D43 
 173      5DFB0D64 
 173      157FF6F9 
 173      AA
 174 0292 FA7A89AC 		.ascii	"\372z\211\254\346\203M\253\363\263\015d=\037\224\025"
 174      E6834DAB 
 174      F3B30D64 
 174      3D1F9415 
 175 02a2 E4559A48 		.ascii	"\344U\232H\011\037\234\355;\261.\210W\314\030\034\036"
ARM GAS  C:\Users\SANDEE~1\AppData\Local\Temp\ccninY1L.s 			page 13


 175      091F9CED 
 175      3BB12E88 
 175      57CC181C 
 175      1E
 176 02b3 19795837 		.ascii	"\031yX7\232k\024qX\264\243u8\220\224r\350\226\341\237"
 176      9A6B1471 
 176      58B4A375 
 176      38909472 
 176      E896E19F 
 177 02c7 FA68C94C 		.ascii	"\372h\311L\244%C4\0053\221\027\314\267M\337o5\223\355"
 177      A4254334 
 177      05339117 
 177      CCB74DDF 
 177      6F3593ED 
 178 02db 0C2CE66D 		.ascii	"\014,\346m\334\271<\320\223Nt\317`\021\340\010\272q"
 178      DCB93CD0 
 178      934E74CF 
 178      6011E008 
 178      BA71
 179 02ed 94FA7602 		.ascii	"\224\372v\002}\233\250\370\366=N\036\367\246\363\341"
 179      7D9BA8F8 
 179      F63D4E1E 
 179      F7A6F3E1 
 180 02fd DE0955B2 		.ascii	"\336\011U\262<\006\2320#\215jF&*\311<\224\177\361\206"
 180      3C069A30 
 180      238D6A46 
 180      262AC93C 
 180      947FF186 
 181 0311 897CCD4D 		.ascii	"\211|\315M<v\025\336W\213rdCt\003+\204S(\332\254\212"
 181      3C7615DE 
 181      578B7264 
 181      4374032B 
 181      845328DA 
 182 0327 36A9C9D4 		.ascii	"6\251\311\324\3238\351\203\006\032\311\034*\2551\222"
 182      D338E983 
 182      061AC91C 
 182      2AAD3192 
 183 0337 1A6644EA 		.ascii	"\032fD\352\037\\\321a\202\260\210\010K>5\223'\3133D"
 183      1F5CD161 
 183      82B08808 
 183      4B3E3593 
 183      27CB3344 
 184 034b 354B029C 		.ascii	"5K\002\234\2010\252\000\316\243\256s\020\001g!\202\255"
 184      8130AA00 
 184      CEA3AE73 
 184      10016721 
 184      82AD
 185 035d CD526A10 		.ascii	"\315Rj\020+,\242\326\335-\313\313\314\214\3261\244E"
 185      2B2CA2D6 
 185      DD2DCBCB 
 185      CC8CD631 
 185      A445
 186 036f 05BC0C22 		.ascii	"\005\274\014\"\251\212#T\221\"P\377F\221\\\227I\030"
 186      A98A2354 
 186      912250FF 
 186      46915C97 
 186      4918
ARM GAS  C:\Users\SANDEE~1\AppData\Local\Temp\ccninY1L.s 			page 14


 187 0381 FAB44F74 		.ascii	"\372\264Ot\024\005s\227\237\326\230p7\240\030A\361\226"
 187      14057397 
 187      9FD69870 
 187      37A01841 
 187      F196
 188 0393 EF0AD2F9 		.ascii	"\357\012\322\371\313\367\012\000\"\306Z\"J\031\260\245"
 188      CBF70A00 
 188      22C65A22 
 188      4A19B0A5 
 189 03a3 362483A9 		.ascii	"6$\203\251\245\352\032Pm\013\214U+MU[\300\\t\3113$\255"
 189      A5EA1A50 
 189      6D0B8C55 
 189      2B4D555B 
 189      C05C74C9 
 190 03ba 8B144C5D 		.ascii	"\213\024L]lE\027\333\320\305\013\212\213\234\304\275"
 190      6C4517DB 
 190      D0C50B8A 
 190      8B9CC4BD 
 191 03ca 9A7119B2 		.ascii	"\232q\031\262\014\024\245e\301\335\031\254\011]\351"
 191      0C14A565 
 191      C1DD19AC 
 191      095DE9
 192 03d9 928F4F65 		.ascii	"\222\217Oe\253\363\260\177\303\030uwM\323\011q,2\310"
 192      ABF3B07F 
 192      C3187577 
 192      4DD30971 
 192      2C32C8
 193 03ec F0CB4078 		.ascii	"\360\313@x\306\274\246xCy\361f\035\276\260\317L\352"
 193      C6BCA678 
 193      4379F166 
 193      1DBEB0CF 
 193      4CEA
 194 03fe 78B55E6F 		.ascii	"x\265^o\252\3104\222\006>X\337\274\273\311@\216\363"
 194      AAC83492 
 194      063E58DF 
 194      BCBBC940 
 194      8EF3
 195 0410 41F5CEDD 		.ascii	"A\365\316\335gEr\222\017\312\253\372\226\003i\341\203"
 195      67457292 
 195      0FCAABFA 
 195      960369E1 
 195      83
 196 0421 07D9154E 		.ascii	"\007\331\025N\322\311\357\263\326\345\235\022\271\356"
 196      D2C9EFB3 
 196      D6E59D12 
 196      B9EE
 197 042f 577058B8 		.ascii	"WpX\270tm\267\304\327I7]\031{Z\266W\033I\017\303\006"
 197      746DB7C4 
 197      D749375D 
 197      197B5AB6 
 197      571B490F 
 198 0445 E795E51D 		.ascii	"\347\225\345\0350A\004^a\021\374\262\224\312Y.L\347"
 198      3041045E 
 198      6111FCB2 
 198      94CA592E 
 198      4CE7
 199 0457 EBABE5BA 		.ascii	"\353\253\345\272,\254[t\277\013\335\277\205\361\177"
ARM GAS  C:\Users\SANDEE~1\AppData\Local\Temp\ccninY1L.s 			page 15


 199      2CAC5B74 
 199      BF0BDDBF 
 199      85F17F
 200 0466 D6FD7225 		.ascii	"\326\375r%\371\024=\374\206\212\356\321\243\253\301"
 200      F9143DFC 
 200      868AEED1 
 200      A3ABC1
 201 0475 1B2D8EBE 		.ascii	"\033-\216\276\243A\177\253G\327\350\321n\015\272\326"
 201      A3417FAB 
 201      47D7E8D1 
 201      6E0DBAD6 
 202 0485 379A53F1 		.ascii	"7\232S\361\2269f\340*\002\256\260g\267\2242\357\303"
 202      963966E0 
 202      2A02AEB0 
 202      67B79432 
 202      EFC3
 203 0497 1AE8C524 		.ascii	"\032\350\305$\\\303v\033\333\017\330\356b\273\217\355"
 203      5CC3761B 
 203      DB0FD8EE 
 203      62BB8FED 
 204 04a7 1EB63BD8 		.ascii	"\036\266;\330n`\273\211\355\272w)P\002\215\232P\\\326"
 204      6E60BB89 
 204      EDBA7729 
 204      50028D9A 
 204      505CD6
 205 04ba 13D8A5A7 		.ascii	"\023\330\245\247{UC\367;=\272\016\364\221\353\320(\277"
 205      7B5543F7 
 205      3B3DBA0E 
 205      F491EBD0 
 205      28BF
 206 04cc A48777E8 		.ascii	"\244\207w\350\225\017\277\246\242\273}fE\003>\253Q\335"
 206      950FBFA6 
 206      A2BB7D66 
 206      45033EAB 
 206      51DD
 207 04de E99BB797 		.ascii	"\351\233\267\227\011.\262\313\265&\216o\307\232\255"
 207      092EB2CB 
 207      B5268E6F 
 207      C79AAD
 208 04ed F7CD5CA3 		.ascii	"\367\315\\\243\375\206g\201P\365\027}3\347\352\225\325"
 208      FD866781 
 208      50F5177D 
 208      33E7EA95 
 208      D5
 209 04fe 561DCA56 		.ascii	"V\035\312V\333-\375\232\207\272\346\241\275\006r\223"
 209      DB2DFD9A 
 209      87BAE6A1 
 209      BD067293 
 210 050e 6F8DB7D7 		.ascii	"o\215\267\327\334\3329\012\302,\276\222\011\375\230"
 210      DCDA390A 
 210      C22CBE92 
 210      09FD98
 211 051d C3FF279F 		.ascii	"\303\377'\237\234\311\321C\001t\363q\243\242\007\352"
 211      9CC9D143 
 211      0174F371 
 211      A3A207EA 
 212 052d 6E4B7931 		.ascii	"nKy1:\313\032;rC\314\313\274\357P\006TW\364\000\230"
ARM GAS  C:\Users\SANDEE~1\AppData\Local\Temp\ccninY1L.s 			page 16


 212      3ACB1A3B 
 212      7243CCCB 
 212      BCEF5006 
 212      5457F400 
 213 0542 1511C41E 		.ascii	"\025\021\304\036XZt3\230\014p\352\027N>\250\012\001"
 213      585A7433 
 213      980C70EA 
 213      174E3EA8 
 213      0A01
 214 0554 8B995B39 		.ascii	"\213\231[9\3311\306E\375}\210\370\037U3(\216\235\037"
 214      D931C645 
 214      FD7D88F8 
 214      1F553328 
 214      8E9D1F
 215 0567 ED30884E 		.ascii	"\3550\210N=c\340\247[\253\332\201\257e3\335\340\253"
 215      3D63E0A7 
 215      5BABDA81 
 215      AF6533DD 
 215      E0AB
 216 0579 DBF3472B 		.ascii	"\333\363G+k\231>\036X\331\321\025BF\304g\016F\261??"
 216      6B993E1E 
 216      58D9D115 
 216      4246C467 
 216      0E46B13F 
 217 058e 18C5F2F7 		.ascii	"\030\305\362\367\\\357\351S\347\200,&\214n\303\372\236"
 217      5CEFE953 
 217      E7802C26 
 217      8C6EC3FA 
 217      9E
 218 059f 3D01FE8E 		.ascii	"=\001\376\216-#H$Vy\301<\306\311\237\274\357\271\256"
 218      2D234824 
 218      5679C13C 
 218      C6C99FBC 
 218      EFB9AE
 219 05b2 3BD183EC 		.ascii	";\321\203\354\010\365\024\363\376Du,\226\277\350\014"
 219      08F514F3 
 219      FE44752C 
 219      96BFE80C 
 220 05c2 E76B1B8B 		.ascii	"\347k\033\213\014tG\011\263\360\235\264k8\274\314}M"
 220      0C744709 
 220      B3F09DB4 
 220      6B38BCCC 
 220      7D4D
 221 05d4 960BCC4C 		.ascii	"\226\013\314Ld\030E\\\242\277\025D\005\334\277\347u"
 221      6418455C 
 221      A2BF1544 
 221      05DCBFE7 
 221      75
 222 05e5 48237750 		.ascii	"H#wP\217\216\324\201\257Z8\230\036\204v\373\004\377"
 222      8F8ED481 
 222      AF5A3898 
 222      1E8476FB 
 222      04FF
 223 05f7 7C737884 		.ascii	"|sx\204\317\207\230U\212\246\305\224%Z C\214\200Ll\262"
 223      CF879855 
 223      8AA6C594 
 223      255A2043 
ARM GAS  C:\Users\SANDEE~1\AppData\Local\Temp\ccninY1L.s 			page 17


 223      8C804C6C 
 224 060c A82D9696 		.ascii	"\250-\226\226\015\274l\021\251+\333Ge\375\003\204\270"
 224      0DBC6C11 
 224      A92BDB47 
 224      65FD0384 
 224      B8
 225 061d 793073EE 		.ascii	"y0s\356\015\025\033\301\022\246\344\276\214UX6j_$z#"
 225      0D151BC1 
 225      12A6E4BE 
 225      8C555836 
 225      6A5F247A 
 226 0632 4455F826 		.ascii	"DU\370&\002\213\321\376/qAs-y9\333\203\264e\231-j\313"
 226      028BD1FE 
 226      2F714173 
 226      2D7939DB 
 226      83B46599 
 227 0649 72896856 		.ascii	"r\211hV\200\007\333\356^\023%\221\317\301'\022\235["
 227      8007DBEE 
 227      5E132591 
 227      CFC12712 
 227      9D5B
 228 065b 9E5BBB39 		.ascii	"\236[\2739p\\!;\204\273\3441\"\013\227\347\355,\300"
 228      705C213B 
 228      84BBE431 
 228      220B97E7 
 228      ED2CC0
 229 066e 32711CFE 		.ascii	"2q\034\376.\025%\256\241`\375\262\357F\275T\"\227t\313"
 229      2E1525AE 
 229      A160FDB2 
 229      EF46BD54 
 229      229774CB 
 230 0682 75C74622 		.ascii	"u\307F\"\212j0{&\211\242\240LM8\336\342\357v|;\3006"
 230      8A6A307B 
 230      2689A2A0 
 230      4C4D38DE 
 230      E2EF767C 
 231 0699 DC170558 		.ascii	"\334\027\005X.\276\204\302\333\212\\MAd\245\304\012"
 231      2EBE84C2 
 231      DB8A5C4D 
 231      4164A5C4 
 231      0A
 232 06aa AEB8F3D2 		.ascii	"\256\270\363\3225\023\343B\015r.g:O|/y\371}.\262\311"
 232      3513E342 
 232      0D722E67 
 232      3A4F7C2F 
 232      79F97D2E 
 233 06c0 73D5DBEA 		.ascii	"s\325\333\352\214Z\202\037=\247\341\227\313\370\345"
 233      8C5A821F 
 233      3DA7E197 
 233      CBF8E5
 234 06cf 78F82DDA 		.ascii	"x\370-\332r\251\323\250\360kYc\306\002\300\023\022V"
 234      72A9D3A8 
 234      F06B5963 
 234      C602C013 
 234      1256
 235 06e1 24C26085 		.ascii	"$\302`\205\032o\274}\226`\036#\370\344r\217[$\0338\301"
 235      1A6FBC7D 
ARM GAS  C:\Users\SANDEE~1\AppData\Local\Temp\ccninY1L.s 			page 18


 235      96601E23 
 235      F8E4728F 
 235      5B241B38 
 236 06f6 1DCD658F 		.ascii	"\035\315e\217%\262\213\015\304\317\353\327\366\232\375"
 236      25B28B0D 
 236      C4CFEBD7 
 236      F69AFD
 237 0705 AD8855A2 		.ascii	"\255\210U\242\277\203\374\251\203S\333\330a|\245h\202"
 237      BF83FCA9 
 237      8353DBD8 
 237      617CA568 
 237      82
 238 0716 02517718 		.ascii	"\002Qw\030\247\031\311\3352D\230\307\024\301\243\320"
 238      A719C9DD 
 238      324498C7 
 238      14C1A3D0 
 239 0726 25BB7B89 		.ascii	"%\273{\2117\012_\360(\\\277?\374\345(\277Q\370\222E"
 239      370A5FF0 
 239      285CBF3F 
 239      FCE528BF 
 239      51F89245 
 240 073a A1D01385 		.ascii	"\241\320\023\205\275\213.>6\252YZ_\276X>\215r3\030\020"
 240      BD8B2E3E 
 240      36AA595A 
 240      5FBE583E 
 240      8D723318 
 241 074f F2551EF9 		.ascii	"\362U\036\371\3728\024\2618\374\260\305\265r4\331\317"
 241      FA3814B1 
 241      38FCB0C5 
 241      B57234D9 
 241      CF
 242 0760 E3E08BE2 		.ascii	"\343\340\213\342\217\331\327O\2027y\305\234\342\306"
 242      8FD9D74F 
 242      823779C5 
 242      9CE2C6
 243 076f B69E7521 		.ascii	"\266\236u!l\222.\3175|\362d\341\226F\342\227\367:\306"
 243      6C922ECF 
 243      357CF264 
 243      E19646E2 
 243      97F73AC6 
 244 0783 7BAD87F7 		.ascii	"{\255\207\367\2033\275\273\002\220w7\017\335\012\327"
 244      8333BDBB 
 244      02907737 
 244      0FDD0AD7 
 245 0793 D115F246 		.ascii	"\321\025\362F`0X\255\262^MY\323\233\365\214\355\375"
 245      603058AD 
 245      B25E4D59 
 245      D39BF58C 
 245      EDFD
 246 07a5 83D7BB0D 		.ascii	"\203\327\273\015\344\004g\333\332\236U\245\354\212A"
 246      E40467DB 
 246      DA9E55A5 
 246      EC8A41
 247 07b4 7417BEF2 		.ascii	"t\027\276\362\305\267\201|Wlc\034\233\373\013M\244\203"
 247      C5B7817C 
 247      576C631C 
 247      9BFB0B4D 
ARM GAS  C:\Users\SANDEE~1\AppData\Local\Temp\ccninY1L.s 			page 19


 247      A483
 248 07c6 639FF49D 		.ascii	"c\237\364\235~b\346X\023u"
 248      7E62E658 
 248      1375
 249 07d0 34B3B2CB 		.ascii	"4\263\262\313@\277[de\031\341\274\272\2126\213\2302"
 249      40BF5B64 
 249      6519E1BC 
 249      BA8A368B 
 249      9832
 250 07e2 DC366093 		.ascii	"\3346`\223\310\277\216\206j\207\315\244\207i\222\272"
 250      C8BF8E86 
 250      6A87CDA4 
 250      876992BA 
 251 07f2 37B9EF06 		.ascii	"7\271\357\006\200e<\200\011\333V\3177-\206\026C\266"
 251      80653C80 
 251      09DB56CF 
 251      372D8616 
 251      43B6
 252 0804 45A18B57 		.ascii	"E\241\213W\261\214\352\373\376C\247\371\351\275\257"
 252      B18CEAFB 
 252      FE43A7F9 
 252      E9BDAF
 253 0813 5426E304 		.ascii	"T&\343\004\2306\036\246b!m\305B\332\316\354\224\211"
 253      98361EA6 
 253      62216DC5 
 253      42DACEEC 
 253      9489
 254 0825 E3611B1A 		.ascii	"\343a\033\032*\306\275\202\316\240\301\366\234\301K"
 254      2AC6BD82 
 254      CEA0C1F6 
 254      9CC14B
 255 0834 52689EB2 		.ascii	"Rh\236\262G\204\003\323\275\021q%\"\345\267C\014\365"
 255      478403D3 
 255      BD117125 
 255      22E5B743 
 255      0CF5
 256 0846 B0A4E8BC 		.ascii	"\260\244\350\274\346\215k\002M\212\215%\277h\003\321"
 256      E68D6B02 
 256      4D8A8D25 
 256      BF6803D1 
 257 0856 87DB076A 		.ascii	"\207\333\007j\202\265\272w\376\222\356\343W\233\277"
 257      82B5BA77 
 257      FE92EEE3 
 257      579BBF
 258 0865 30BEBC49 		.ascii	"0\276\274I>]G\313\353\225\242\255\362\222J\344Y.\206"
 258      3E5D47CB 
 258      EB95A2AD 
 258      F2924AE4 
 258      592E86
 259 0878 42296609 		.ascii	"B)f\011\027\273Fv\003\316|\200_\027\273\304\227\351"
 259      17BB4676 
 259      03CE7C80 
 259      5F17BBC4 
 259      97E9
 260 088a 87E29A75 		.ascii	"\207\342\232u\271\"\271\305\343\237\327\324\365w\277"
 260      B922B9C5 
 260      E39FD7D4 
ARM GAS  C:\Users\SANDEE~1\AppData\Local\Temp\ccninY1L.s 			page 20


 260      F577BF
 261 0899 F1AEF0C4 		.ascii	"\361\256\360\304\273\204S\314\350\337t7X\357\276\272"
 261      BB8453CC 
 261      E8DF7437 
 261      58EFBEBA 
 262 08a9 5D57328A 		.ascii	"]W2\212\025\036\212\255%7\033\314z\207\374\242;\277"
 262      151E8AAD 
 262      25371BCC 
 262      7A87FCA2 
 262      3BBF
 263 08bb 2B3E2029 		.ascii	"+> )\016]}>\243\244.#\034\276R\274\301\235A#\270[\361"
 263      0E5D7D3E 
 263      A3A42E23 
 263      1CBE52BC 
 263      C19D4123 
 264 08d2 660FF3E6 		.ascii	"f\017\363\346\370\261\372\013D\273\361\322BU]\370\232"
 264      F8B1FA0B 
 264      44BBF1D2 
 264      42555DF8 
 264      9A
 265 08e3 6FBCB4A7 		.ascii	"o\274\264\247'\364'\335\377$\203J\345]\312x\252\234"
 265      27F427DD 
 265      FF24834A 
 265      E55DCA78 
 265      AA9C
 266 08f5 C343E8FF 		.ascii	"\303C\350\3770n\267oR\252\264\217}\331\336\251:\254"
 266      306EB76F 
 266      52AAB48F 
 266      7DD9DEA9 
 266      3AAC
 267 0907 FC8B2318 		.ascii	"\374\213#\030\207O\033\372Z\203\375\006\352\033O\240"
 267      874F1BFA 
 267      5A83FD06 
 267      EA1B4FA0 
 268 0917 0EF040E5 		.ascii	"\016\360@\345\266vf\006\352\003\265\037\363\261\217"
 268      B6766606 
 268      EA03B51F 
 268      F3B18F
 269 0926 E5A38AB9 		.ascii	"\345\243\212\271\376\215\307\365\206\363Y\027\211>P"
 269      FE8DC7F5 
 269      86F35917 
 269      893E50
 270 0935 7ED15732 		.ascii	"~\321W2+\206=\201\352\230\300\003uP\011\024n\035\032"
 270      2B863D81 
 270      EA98C003 
 270      75500914 
 270      6E1D1A
 271 0948 C1BD4AA0 		.ascii	"\301\275J\240\252\305\227\005\323\302\370d\253=>\361"
 271      AAC59705 
 271      D3C2F864 
 271      AB3D3EF1 
 272 0958 CD7487F1 		.ascii	"\315t\207\361\235\277}\030\376VT\224 -\210w\374\313"
 272      9DBF7D18 
 272      FE565494 
 272      202D8877 
 272      FCCB
 273 096a 64B3A527 		.ascii	"d\263\245'\2458\247E\333\234\261\011\177\212\233\227"
ARM GAS  C:\Users\SANDEE~1\AppData\Local\Temp\ccninY1L.s 			page 21


 273      A538A745 
 273      DB9CB109 
 273      7F8A9B97 
 274 097a 92EE4C4D 		.ascii	"\222\356LMMv\304\247-\210\233\036\036=5\352\217\223"
 274      4D76C4A7 
 274      2D889B1E 
 274      1E3D35EA 
 274      8F93
 275 098c FF1D3D39 		.ascii	"\377\035=9}ab\274\323\036\207\223\223SRS\354\223\355"
 275      7D6162BC 
 275      D31E8793 
 275      93535253 
 275      EC93ED
 276 099f F19F24C5 		.ascii	"\361\237$\305%\245$$\247'\332\343\026\304'\314OJ\261"
 276      25A52424 
 276      A727DAE3 
 276      16C427CC 
 276      4F4AB1
 277 09b2 C7D912ED 		.ascii	"\307\331\022\355s\343\323\223\2356\347g\013\355\216"
 277      73E3D393 
 277      9D36E767 
 277      0BED8E
 278 09c1 29F305A3 		.ascii	")\363\005\243Gq\314\257S\354\370\314\021gs8\023Q\013"
 278      4771CCAF 
 278      53ECF8CC 
 278      11677338 
 278      13510B
 279 09d4 6A3327A5 		.ascii	"j3'\245.LMsR\3166g\324\224)\221\374/\325\0219?>9\222"
 279      2E4C4D73 
 279      52CE3667 
 279      D4942991 
 279      FC2FD511 
 280 09ed 3E7244CE 		.ascii	">rD\316\371\340\375i\321\221\263f\305D\2763\373\275"
 280      F9E0FD69 
 280      D191B366 
 280      C544BE33 
 280      FBBD
 281 09ff D84FA323 		.ascii	"\330O\243#\321k[rr\"\212\007PDR\242\364\227\267\255"
 281      D16B5B72 
 281      72228A07 
 281      504452A2 
 281      F497B7AD 
 282 0a13 EFD29F59 		.ascii	"\357\322\237Y\322\254\267\376j\225\336\234c\265\302"
 282      D2ACB7FE 
 282      6A95DE9C 
 282      63B5C2
 283 0a22 C7F0AE21 		.ascii	"\307\360\256!!\331\036\237\246\004#j\272\315i\364\334"
 283      21D91E9F 
 283      A604236A 
 283      BACD69F4 
 283      DC
 284 0a33 1087DD49 		.ascii	"\020\207\335Ibc\254\344\275\030\253a\366\207\263c\254"
 284      6263ACE4 
 284      BD18AB61 
 284      F687B363 
 284      AC
 285 0a44 A362E7CC 		.ascii	"\243b\347\314\23693\306\032\020\373\301?f\317\264\032"
ARM GAS  C:\Users\SANDEE~1\AppData\Local\Temp\ccninY1L.s 			page 22


 285      9E3933C6 
 285      1A10FBC1 
 285      3F66CFB4 
 285      1A
 286 0a55 DE8F8D99 		.ascii	"\336\217\215\231i%oZ\255f\207s\001\372;oaR\252\315i"
 286      69256F5A 
 286      AD668773 
 286      01FA3B6F 
 286      6152AACD 
 287 0a6a E27C9312 		.ascii	"\342|\223\022m\316\200\324\271sQ\213\231\252\264\315"
 287      6DCE80D4 
 287      B973518B 
 287      99AAB4CD 
 288 0a7a 8D77385F 		.ascii	"\215w8_\2659\377\374+c\342\011\307\004}\004\024\004"
 288      B539FFFC 
 288      2B63E209 
 288      C7047D04 
 288      1404
 289 0a8c 75191F1B 		.ascii	"u\031\037\033\336\213\305T\377N\017r\244%0@\202\020"
 289      DE8BC554 
 289      FF4E0F72 
 289      A4253040 
 289      8210
 290 0a9e 84DDC769 		.ascii	"\204\335\307iIN;\302\202\361~\216\335\211w\357\247&"
 290      494E3BC2 
 290      82F17E8E 
 290      DD8977EF 
 290      A726
 291 0ab0 DA8D49A9 		.ascii	"\332\215I\251\013\260\2639\177cS\302gC\362\363\322R"
 291      0BB0B339 
 291      7F6353C2 
 291      6743F2F3 
 291      D252
 292 0ac2 D317D2F9 		.ascii	"\323\027\322\371`\233mnzJ\202\3156\345\325\351\177\230"
 292      609B6D6E 
 292      7A4A82CD 
 292      36E5D5E9 
 292      7F98
 293 0ad4 6EF48CA4 		.ascii	"n\364\214\244\204\371\361i\332g\323\243\236\031M\377"
 293      84F9F169 
 293      DA67D3A3 
 293      9E194DFF 
 294 0ae4 2FD35329 		.ascii	"/\323S)\342"
 294      E2
 295              		.text
 296              		.section	.gnu.lto_.symtab.bfe267c9,"",%progbits
 297 0000 70616C52 		.ascii	"palReadBus\000"
 297      65616442 
 297      757300
 298 000b 00       		.ascii	"\000"
 299 000c 00       		.ascii	"\000"
 300 000d 00       		.ascii	"\000"
 301 000e 00000000 		.ascii	"\000\000\000\000\000\000\000\000"
 301      00000000 
 302 0016 0B010000 		.ascii	"\013\001\000\000"
 303 001a 70616C57 		.ascii	"palWriteBus\000"
 303      72697465 
ARM GAS  C:\Users\SANDEE~1\AppData\Local\Temp\ccninY1L.s 			page 23


 303      42757300 
 304 0026 00       		.ascii	"\000"
 305 0027 00       		.ascii	"\000"
 306 0028 00       		.ascii	"\000"
 307 0029 00000000 		.ascii	"\000\000\000\000\000\000\000\000"
 307      00000000 
 308 0031 10010000 		.ascii	"\020\001\000\000"
 309 0035 70616C53 		.ascii	"palSetBusMode\000"
 309      65744275 
 309      734D6F64 
 309      6500
 310 0043 00       		.ascii	"\000"
 311 0044 00       		.ascii	"\000"
 312 0045 00       		.ascii	"\000"
 313 0046 00000000 		.ascii	"\000\000\000\000\000\000\000\000"
 313      00000000 
 314 004e 18010000 		.ascii	"\030\001\000\000"
 315 0052 5F70616C 		.ascii	"_pal_lld_setgroupmode\000"
 315      5F6C6C64 
 315      5F736574 
 315      67726F75 
 315      706D6F64 
 316 0068 00       		.ascii	"\000"
 317 0069 02       		.ascii	"\002"
 318 006a 00       		.ascii	"\000"
 319 006b 00000000 		.ascii	"\000\000\000\000\000\000\000\000"
 319      00000000 
 320 0073 1E010000 		.ascii	"\036\001\000\000"
 321              		.text
 322              		.section	.gnu.lto_.opts,"",%progbits
 323 0000 272D666D 		.ascii	"'-fmath-errno' '-fsigned-zeros' '-ftrapping-math' '"
 323      6174682D 
 323      6572726E 
 323      6F272027 
 323      2D667369 
 324 0033 2D666E6F 		.ascii	"-fno-trapv' '-fno-openmp' '-fno-openacc' '-mcpu=cor"
 324      2D747261 
 324      70762720 
 324      272D666E 
 324      6F2D6F70 
 325 0066 7465782D 		.ascii	"tex-m4' '-mfloat-abi=hard' '-mfpu=fpv4-sp-d16' '-mn"
 325      6D342720 
 325      272D6D66 
 325      6C6F6174 
 325      2D616269 
 326 0099 6F2D7468 		.ascii	"o-thumb-interwork' '-mthumb' '-ggdb' '-O2' '-fomit-"
 326      756D622D 
 326      696E7465 
 326      72776F72 
 326      6B272027 
 327 00cc 6672616D 		.ascii	"frame-pointer' '-falign-functions=16' '-ffunction-s"
 327      652D706F 
 327      696E7465 
 327      72272027 
 327      2D66616C 
 328 00ff 65637469 		.ascii	"ections' '-fdata-sections' '-fno-common' '-flto' '-"
 328      6F6E7327 
ARM GAS  C:\Users\SANDEE~1\AppData\Local\Temp\ccninY1L.s 			page 24


 328      20272D66 
 328      64617461 
 328      2D736563 
 329 0132 6673696E 		.ascii	"fsingle-precision-constant'\000"
 329      676C652D 
 329      70726563 
 329      6973696F 
 329      6E2D636F 
 330              		.text
 331              		.comm	__gnu_lto_v1,1,1
 332              		.comm	__gnu_lto_slim,1,1
 333              		.ident	"GCC: (GNU Tools for ARM Embedded Processors 6-2017-q2-update) 6.3.1 20170620 (release) [AR
ARM GAS  C:\Users\SANDEE~1\AppData\Local\Temp\ccninY1L.s 			page 25


DEFINED SYMBOLS
                            *ABS*:00000000 pal.c
                            *COM*:00000001 __gnu_lto_v1
                            *COM*:00000001 __gnu_lto_slim

NO UNDEFINED SYMBOLS
