ARM GAS  C:\Users\SANDEE~1\AppData\Local\Temp\ccVpxJDe.s 			page 1


   1              		.cpu cortex-m4
   2              		.eabi_attribute 27, 1
   3              		.eabi_attribute 28, 1
   4              		.eabi_attribute 20, 1
   5              		.eabi_attribute 21, 1
   6              		.eabi_attribute 23, 3
   7              		.eabi_attribute 24, 1
   8              		.eabi_attribute 25, 1
   9              		.eabi_attribute 26, 1
  10              		.eabi_attribute 30, 2
  11              		.eabi_attribute 34, 1
  12              		.eabi_attribute 18, 4
  13              		.file	"pal_lld.c"
  14              		.text
  15              	.Ltext0:
  16              		.section	.gnu.lto_.profile.bfe2433a,"",%progbits
  17 0000 789C6365 		.ascii	"x\234ce`b`c```dX\311\270\234\021\000\004\244\001a"
  17      60626063 
  17      60606064 
  17      58C9B89C 
  17      110004A4 
  18              		.text
  19              		.section	.gnu.lto_.icf.bfe2433a,"",%progbits
  20 0000 789C6365 		.ascii	"x\234ce`b\340c@\000&\206\253\277~\235`e|\177\367\357"
  20      6062E063 
  20      40002686 
  20      ABBF7E9D 
  20      60657C7F 
  21 0016 2A6E0600 		.ascii	"*n\006\0008\034\007-"
  21      381C072D 
  22              		.text
  23              		.section	.gnu.lto_.jmpfuncs.bfe2433a,"",%progbits
  24 0000 789C6365 		.ascii	"x\234ce`b\020`@\000&\006FF\306zFf \311^__\317\000\000"
  24      60621060 
  24      40002606 
  24      4646C67A 
  24      466620C9 
  25 001a 0D4C0227 		.ascii	"\015L\002'"
  26              		.text
  27              		.section	.gnu.lto_.inline.bfe2433a,"",%progbits
  28 0000 789C45CE 		.ascii	"x\234E\316\261\015B1\014\004\320\363\345\243\3742\025"
  28      B10D4231 
  28      0C04D0F3 
  28      E5A3FC32 
  28      15
  29 0011 A274CB16 		.ascii	"\242t\313\026\031\205\011\230!\022\214\361\013F\240"
  29      19850998 
  29      21128CF1 
  29      0B46A0
  30 0020 445F4262 		.ascii	"D_Bb\002\020\035\005\364l\001\370R\340\342\335U\266"
  30      02101D05 
  30      F46C01F8 
  30      52E0E2DD 
  30      55B6
  31 0032 172066FC 		.ascii	"\027 f\374\207\300\013OX\206\033\222\313*7\262\231\342"
  31      87C00B4F 
  31      58861B92 
ARM GAS  C:\Users\SANDEE~1\AppData\Local\Temp\ccVpxJDe.s 			page 2


  31      CB2A37B2 
  31      99E2
  32 0044 D0E3D203 		.ascii	"\320\343\322\003eg\247O\306\372q$a\357<t\203Qu\014\212"
  32      6567A74F 
  32      C6FA7124 
  32      61EF3C74 
  32      8351750C 
  33 0059 6A095CD5 		.ascii	"j\011\\\325\203\252Z\203f\354!\373\252\306x\313p\305"
  33      83AA5A83 
  33      66EC21FB 
  33      AAC678CB 
  33      70C5
  34 006b 9966FC9D 		.ascii	"\231f\374\235C\332\356o\216\325tO\304r\2329\350\363"
  34      43DAEE6F 
  34      8ED5744F 
  34      C4729A39 
  34      E8F3
  35 007d 2F620320 		.ascii	"/b\003 \352"
  35      EA
  36              		.text
  37              		.section	.gnu.lto_.pureconst.bfe2433a,"",%progbits
  38 0000 789C6365 		.ascii	"x\234ce`b`e`\000\222R\214R\000\001\005\000D"
  38      60626065 
  38      60009252 
  38      8C520001 
  38      050044
  39              		.text
  40              		.section	.gnu.lto__pal_lld_init.bfe2433a,"",%progbits
  41 0000 789CA59A 		.ascii	"x\234\245\232YPT\331\031\200\357\271\007\332fk\\pG\305"
  41      595054D9 
  41      1980EFB9 
  41      07DA666B 
  41      5C7047C5 
  42 0014 0511545A 		.ascii	"\005\021TZI\036R\223\227<\244*\225\324\244&\251\344"
  42      491E5293 
  42      973CA42A 
  42      95D4A426 
  42      A9E4
  43 0026 35959A4C 		.ascii	"5\225\232L*f\252\254he\246\362j\263\010\010( \213 B"
  43      2A66AAAC 
  43      6865A6F2 
  43      6AB30808 
  43      28208B20 
  44 003b 93C10575 		.ascii	"\223\301\005u\000\021Q\301eX\024\305\031Q\004G\035f"
  44      001151C1 
  44      655814C5 
  44      19510447 
  44      1D66
  45 004d 1C4101DB 		.ascii	"\034A\001\333\015\024w\006\310\371\377{\016\347\266"
  45      0D147706 
  45      C8F9FF7B 
  45      0EE7B6
  46 005c 40D9F7C4 		.ascii	"@\331\367\304\322_\032.\337\375\372\336\277?\024\365"
  46      D25F1A2E 
  46      DFFDFADE 
  46      BF3F14F5 
  47 006c D7746D43 		.ascii	"\327tmC\244\246\375J\323\264\205\354\027\241\032\321"
ARM GAS  C:\Users\SANDEE~1\AppData\Local\Temp\ccVpxJDe.s 			page 3


  47      A4A6FD4A 
  47      D3B485EC 
  47      17A11AD1 
  48 007c B3DA342D 		.ascii	"\263\3324-\336\256\023\002o\270\354D\333\242\223-$\223"
  48      DEAE1302 
  48      6FB8EC44 
  48      DBA2932D 
  48      2493
  49 008e EEA2A429 		.ascii	"\356\242\244)\245\257N\217>\340b?\032v\015\332\222]"
  49      A5AF4E8F 
  49      3EE0623F 
  49      1A760DDA 
  49      925D
  50 00a0 5BE7B9A9 		.ascii	"[\347\271\251\246\025\262_\360\203\034 \321\354\250"
  50      A615B25F 
  50      F0831C20 
  50      D1ECA8
  51 00af F6A4237B 		.ascii	"\366\244#{\350\016\352\246\204\370\261\207O/\357\276"
  51      E80EEAA6 
  51      84F8B187 
  51      4F2FEFBE 
  52 00bf EB80873A 		.ascii	"\353\200\207:\211`\017=\243U\375~\364\347Dco\037\274"
  52      89600F3D 
  52      A355FD7E 
  52      F4E74463 
  52      6F1FBC
  53 00d2 5DF4C7A8 		.ascii	"]\364\307\250}.W\202\253\341Q.u\255pSJ\016\021\312x"
  53      7D2E5782 
  53      ABE1512E 
  53      75AD7053 
  53      4A0E11CA 
  54 00e7 E4200927 		.ascii	"\344 \011'\345$\\c\357\322\310a\022\005\207\367T\217"
  54      E5245C63 
  54      EFD2C861 
  54      120587F7 
  54      548F
  55 00f9 E685D8FC 		.ascii	"\346\205\330\374\214\363\221/\211\215\260\337\253\256"
  55      8CF3912F 
  55      898DB0DF 
  55      ABAE
  56 0107 9106D7E8 		.ascii	"\221\006\327\350X\012C\354#\355\277\373\213\316>\305"
  56      580A43EC 
  56      23EDBFFB 
  56      8BCE3EC5 
  57 0117 8FC2F087 		.ascii	"\217\302\360\207a\203a'\200\010\2007\003a\004\301\010"
  57      61836127 
  57      80088037 
  57      036104C1 
  57      08
  58 0128 861102C3 		.ascii	"\206\021\002\303\001#\024\306t\0303`\314\2041\013F\030"
  58      012314C6 
  58      74183360 
  58      CC84310B 
  58      4618
  59 013a 8CD930E6 		.ascii	"\214\3310\346\300\230\013c\036\214\3710\026\300X\010"
  59      C0980B63 
  59      1E8CF930 
ARM GAS  C:\Users\SANDEE~1\AppData\Local\Temp\ccVpxJDe.s 			page 4


  59      16C05808 
  60 014a 035CFD16 		.ascii	"\003\\\375\026\301X\014c\011\214\010\030Ka,\203\261"
  60      C1580C63 
  60      098C0818 
  60      4B612C83 
  60      B1
  61 015b 1CC60A18 		.ascii	"\034\306\012\030\2210V\302\210\202\261\012F4\214\030"
  61      913056C2 
  61      8882B10A 
  61      46348C18 
  62 016b 18AB61AC 		.ascii	"\030\253a\254\201\261\026F,\014'\214u0\326\303\210\203"
  62      81B11646 
  62      2C0C278C 
  62      7530D6C3 
  62      8883
  63 017d A16969EC 		.ascii	"\241ii\354R\300}J\247:\374N=\244\251\336s\2639\020\256"
  63      52C07D4A 
  63      A73AFC4E 
  63      3DA4A9DE 
  63      73B33910 
  64 0192 4E31D5D9 		.ascii	"N1\325\331E\313\337\332te\032\\~\177\274\344I\305\347"
  64      45CBDFDA 
  64      74651A5C 
  64      7E7FBCE4 
  64      49C5E7
  65 01a5 FB028C87 		.ascii	"\373\002\214\207\256\301T\027\334\240\207?\016\327\371"
  65      AEC15417 
  65      DCA0873F 
  65      0ED7F9
  66 01b4 BB49713C 		.ascii	"\273Iq<\273\255\021nj#\225\354\332W\260k\017\307?\313"
  66      BBAD116E 
  66      6A2395EC 
  66      DA57B06B 
  66      0FC73FCB 
  67 01c8 BF7A27D8 		.ascii	"\277z'\330Y\341J\"n:\215T\0217)\300\273M\216\020\247"
  67      59E14A22 
  67      6E3A8D54 
  67      113729C0 
  67      BB4D8E10 
  68 01dd E62189AF 		.ascii	"\346!\211\257\223\211q.j\234.goe]\010\360\375\310\022"
  68      9389712E 
  68      6A9C2E67 
  68      6F655D08 
  68      F0FDC812 
  69 01f1 52CD20CC 		.ascii	"R\315 \314(?\000\016\261v\246\243\362L5\304\311\360"
  69      283F000E 
  69      B176A6A3 
  69      F24C35C4 
  69      C9F0
  70 0203 00AA3F78 		.ascii	"\000\252?x\213\032g\363\267F;\2064X\027R\373\2167\300"
  70      8B1A67F3 
  70      B7463B86 
  70      34581752 
  70      FB8E37C0 
  71 0217 FE1FD1E3 		.ascii	"\376\037\321\343\022}\002DmZ/I(-\313\244\034u\343\213"
  71      127D0244 
  71      6D5A2F49 
ARM GAS  C:\Users\SANDEE~1\AppData\Local\Temp\ccVpxJDe.s 			page 5


  71      282DCBA4 
  71      1C75E38B 
  72 022b B3398E98 		.ascii	"\2639\216\230r|\315\264\324\353\205\245v7\265k\374\005"
  72      727CCDB4 
  72      D4EB85A5 
  72      7637B56B 
  72      FC05
  73 023d 7392C498 		.ascii	"s\222\304\230o\021\305[\364\352\302\245\324`~r\006\372"
  73      6F11C55B 
  73      F4EAC2A5 
  73      D4607E72 
  73      06FA
  74 024f 80DDE980 		.ascii	"\200\335\351\200bj'u\374\374%\005'\207\034\354\374Y"
  74      626A2775 
  74      FCFC2505 
  74      27871CEC 
  74      FC59
  75 0261 E81648EA 		.ascii	"\350\026H\352\321@\327\360\203\265\247\317}\260e\004"
  75      D140D7F0 
  75      83B5A7CF 
  75      7DB06504 
  76 0271 3E56EA60 		.ascii	">V\352`'\"\247\210\023D4r\232l\001\263\010\256\225\336"
  76      2722A788 
  76      13443472 
  76      9A6C01B3 
  76      08AE95DE 
  77 0285 5B1EAFD3 		.ascii	"[\036\257\323_\342\011\007\332\033\023Id\031\276\016"
  77      5FE20907 
  77      DA1B1349 
  77      6419BE0E 
  78 0295 5B8A820B 		.ascii	"[\212\202\013]\015I\014\034D\316x\277\024\321\370,\211"
  78      5D0D490C 
  78      1C44CE78 
  78      BF14D1F8 
  78      2C89
  79 02a7 649FF1BC 		.ascii	"d\237\361\274\253\247\215\200q\020q\271\330\026\221"
  79      ABA78D80 
  79      711071B9 
  79      D81691
  80 02b6 AFD8C7BD 		.ascii	"\257\330\307\275\237w\336\350\326\003\201\023\240\366"
  80      9F77DEE8 
  80      D6038113 
  80      A0F6
  81 02c4 775FDF08 		.ascii	"w_\337\010m \221p)\330-H\250\367\214}>\376RO2\256Z\211"
  81      6D209170 
  81      29D82D48 
  81      A8F78C7D 
  81      3EFE524F 
  82 02dc 0D8F60A7 		.ascii	"\015\217`\247\306W}\241q\231D\015H#{z\032i\202\233\271"
  82      C6577DA1 
  82      7199440D 
  82      48237B7A 
  82      1A69829B 
  83 02f1 C67C35ED 		.ascii	"\306|5\355^W\223\335\254`\270\212\315\023\257b\351X"
  83      5E5793DD 
  83      AC60B88A 
  83      CD13AF62 
ARM GAS  C:\Users\SANDEE~1\AppData\Local\Temp\ccVpxJDe.s 			page 6


  83      E958
  84 0303 073B3C84 		.ascii	"\007;<\204\234\303\013I\015\"9\217\213\322\224\337\032"
  84      9CC30B49 
  84      0D22398F 
  84      8BD294DF 
  84      1A
  85 0314 036C3338 		.ascii	"\003l38\010\301\361\265\367\262\003\015\260\003\236"
  85      08C1F1B5 
  85      F7B2030D 
  85      B0039E
  86 0323 3F69E1E4 		.ascii	"?i\341\344\221\327\335\331\241\260\037\361\256\322\277"
  86      91D7DDD9 
  86      A1B01FF1 
  86      AED2BF
  87 0332 C18A5C40 		.ascii	"\301\212\\@.7%\027aK\326\030\3175\265\331a\210\257\365"
  87      2E372517 
  87      614BD618 
  87      CF35B5D9 
  87      6188AFF5 
  88 0346 CD340234 		.ascii	"\3154\0024[\021\347\317q\227\336\325\364\335\353k\004"
  88      5B11E7CF 
  88      7197DED5 
  88      F4DDEB6B 
  88      04
  89 0357 D938E81B 		.ascii	"\3318\350\033\360Zkxm\023^\261\026\274.#n\032\307\265"
  89      F05A6B78 
  89      6D135EB1 
  89      16BC2E23 
  89      6E1AC7B5 
  90 036b A97B5D41 		.ascii	"\251{]A\220\235\203\256\202W\254\341\225&\274\234\026"
  90      909D83AE 
  90      8257ACE1 
  90      9526BC9C 
  90      16
  91 037c BCDA1117 		.ascii	"\274\332\021\027\300q\327\324\275:\020\024\310A\235"
  91      C071D7D4 
  91      BD3A1014 
  91      C8419D
  92 038b E0E534BC 		.ascii	"\340\3454\274\322\205\327:\013^\327\021\027\304q\337"
  92      D285D73A 
  92      0B5ED711 
  92      17C471DF 
  93 039b AA7BDD40 		.ascii	"\252{\335@P0\007\335\004\257u\206W\206\360Zo\301\353"
  93      503007DD 
  93      04AF7586 
  93      5786F05A 
  93      6FC1EB
  94 03ae 16E24238 		.ascii	"\026\342B8\356;u\257.\00498\350{\360Zoxm\027^q\026\274"
  94      EE3B75AF 
  94      2E043938 
  94      E87BF05A 
  94      6F786D17 
  95 03c6 7E405C28 		.ascii	"~@\\(\307\335V\367\372\021A\3239\350\016x\305\231\353"
  95      C7DD56F7 
  95      FA1141D3 
  95      39E80E78 
  95      C599EB
ARM GAS  C:\Users\SANDEE~1\AppData\Local\Temp\ccVpxJDe.s 			page 7


  96 03d9 85A5198F 		.ascii	"\205\245\031\217%\264\007\037\225V\204\372\322\364n"
  96      25B4071F 
  96      955684FA 
  96      D2F46E
  97 03e8 6CBA57C4 		.ascii	"l\272W\304\253\336\037\361\036t\2321y\304\357\212\210"
  97      ABDE1FF1 
  97      1E749A31 
  97      79C4EF8A 
  97      88
  98 03f9 DFF38EB8 		.ascii	"\337\363\216\270\225p\367b\270w7\0157\007\360p\247B"
  98      9570F762 
  98      B877370D 
  98      3707F070 
  98      A742
  99 040b B8FB78B8 		.ascii	"\270\373x\270\253\224\302\335\317\262\334=e\270o\263"
  99      AB94C2DD 
  99      CFB2DC3D 
  99      65B86FB3 
 100 041b 70C311BD 		.ascii	"p\303\021\275S\204\373>\206\333\003{\000n\275\2559\311"
 100      5384FB3E 
 100      86DB037B 
 100      006EBDAD 
 100      39C9
 101 042d C146B8C3 		.ascii	"\301F\270\303\331\303\301\354\306!bZ\213\007\374\312"
 101      D9C3C1EC 
 101      C621625A 
 101      8B07FCCA 
 102 043d 5DCADC5B 		.ascii	"]\312\334[\030\354\035\356\207\"\334@$\217\344fx\360"
 102      18EC1DEE 
 102      8722DC40 
 102      248FE466 
 102      78F0
 103 044f 19255C2F 		.ascii	"\031%\\/\036\010\021\233\321g\332\214\276s)%~\346\315"
 103      1E08119B 
 103      D167DA8C 
 103      BE732925 
 103      7EE6CD
 104 0462 782C4A8D 		.ascii	"x,J\215\240'\260\031\221\262\324h\272\32275\334\330"
 104      A027B019 
 104      91B2D468 
 104      BAD23735 
 104      DCD8
 105 0474 01516AC4 		.ascii	"\001Qj\304\015\252{=\025\245F\3203\360Z)K\215^Q\026"
 105      0DAA7B3D 
 105      15A546D0 
 105      33F05A29 
 105      4B8D5E51 
 106 0489 BC8644A9 		.ascii	"\274\206D\251\021\367\\\335\353\205(5\202^\202W\224"
 106      11F75CDD 
 106      EB852835 
 106      825E8257 
 106      94
 107 049a 2C357AAD 		.ascii	",5z\255\262\340\365J\224\032q\257\325\275\336\210R#"
 107      B2E0F54A 
 107      941A71AF 
 107      D5BDDE88 
 107      5223
ARM GAS  C:\Users\SANDEE~1\AppData\Local\Temp\ccVpxJDe.s 			page 8


 108 04ac E82D78AD 		.ascii	"\350-x\255\222\245F\257h\013^\303\242\324\210\373I\335"
 108      92A546AF 
 108      680B5EC3 
 108      A2D488FB 
 108      49DD
 109 04be 6B44941A 		.ascii	"kD\224\032A\243\340\025-K\215^1\026\274\306D\251\021"
 109      41A3E015 
 109      2D4B8D5E 
 109      3116BCC6 
 109      44A911
 110 04d1 E7D295BD 		.ascii	"\347\322\225\275\342u^j\004%\350\314+F\226\032\275V"
 110      E2755E6A 
 110      0425E8CC 
 110      2B46961A 
 110      BD56
 111 04e3 5BF04AD4 		.ascii	"[\360J\324y\251\021\227\244\356\265U\347\245FP2x\255"
 111      79A91197 
 111      A4EEB555 
 111      E7A54650 
 111      3278AD
 112 04f6 36E70AD3 		.ascii	"6\347\012\323\"K\335/J]\347S\251S\364\011\245>\365\376"
 112      224BDD2F 
 112      4A5DE753 
 112      A953F409 
 112      A53EF5FE 
 113 050a 52A7A2D3 		.ascii	"R\247\242\323\314\311K\275M\347\245N\323\225K\235\256"
 113      CCC94BBD 
 113      4DE7A54E 
 113      D3954B9D 
 113      AE
 114 051b 430D739B 		.ascii	"C\015s\233\012;Cx\251\263\240\324\031\272Q\352SJ\245"
 114      0A3B4378 
 114      A9B3A0D4 
 114      19BA51EA 
 114      534AA5
 115 052e DEAE47C2 		.ascii	"\336\256G\302\363\235\242\324/Y\251\341\010v\352IK\275"
 115      F39DA2D4 
 115      2F59A9E1 
 115      0876EA49 
 115      4BBD
 116 0540 43875267 		.ascii	"C\207Rg\352l\017\026C\251\257\035\277\3400J\375\013"
 116      EA6C0F16 
 116      43A9AF1D 
 116      BFE0304A 
 116      FD0B
 117 0552 F8CAEBEA 		.ascii	"\370\312\353\352\332g\376\002\236\245\033Wn\333\305"
 117      DA67FE02 
 117      9EA51B57 
 117      6EDBC5
 118 0561 922741DE 		.ascii	"\222'A\336\245\316\326y\251\201Hv\312\315`l\270]}e\362"
 118      A5CED679 
 118      A9814876 
 118      CACD606C 
 118      B85D7D65 
 119 0576 6B387BC2 		.ascii	"k8{\302\343\233q\350yFM\200y3rt^j\004\345\302f,\226"
 119      E39B71E8 
 119      79464D80 
ARM GAS  C:\Users\SANDEE~1\AppData\Local\Temp\ccVpxJDe.s 			page 9


 119      79337274 
 119      5E6A04E5 
 120 058e A546D325 		.ascii	"\245F\323%\276\251\341\306\346\351\274\324\210\313W"
 120      BEA9E1C6 
 120      E6E9BCD4 
 120      88CB57
 121 059d F7DAA5F3 		.ascii	"\367\332\245\363R#\250\000\274\226\310R\243W\204\005"
 121      5223A800 
 121      BC96C852 
 121      A3578405 
 122 05ad AF429D97 		.ascii	"\257B\235\227\032q\273\325\275\212t^j\004\355\001\257"
 122      1A71BBD5 
 122      BD8A745E 
 122      6A04ED01 
 122      AF
 123 05be 08596AF4 		.ascii	"\010Yj\364Zj\301\253X\347\245F\\\211\272\227[\347\245"
 123      5A6AC1AB 
 123      58E7A546 
 123      5C89BA97 
 123      5BE7A5
 124 05d1 46502978 		.ascii	"FP)x-\225\245F\257e\026\274\376\253\363R#\356\013u\257"
 124      2D95A546 
 124      AF6516BC 
 124      FEABF352 
 124      23EE0B75 
 125 05e6 329D971A 		.ascii	"2\235\227\032A{\301k\231,5z-\267\340\265O\347\245F\334"
 125      417BC16B 
 125      992C357A 
 125      2DB7E0B5 
 125      4FE7A546 
 126 05fb 7E75AF03 		.ascii	"~u\257\003\242\324\010*\007\257\345\262\324\350\265"
 126      A2D4082A 
 126      07AFE5B2 
 126      D4E8B5
 127 060a C282D741 		.ascii	"\302\202\327AQj\304\035R\367:,J\215\240/\301k\2059W"
 127      516AC41D 
 127      52F73A2C 
 127      4A8DA02F 
 127      C16B8539 
 128 061f 981659EA 		.ascii	"\230\026Y\352\355\374Qi\257O\245\256\230X\352\376\367"
 128      EDFC5169 
 128      AF4FA5AE 
 128      9858EAFE 
 128      F7
 129 0630 97BA129D 		.ascii	"\227\272\022\235fM^\352*Q\352#\352\245\256\306R\247"
 129      664D5EEA 
 129      2A51EA23 
 129      EAA5AEC6 
 129      52A7
 130 0642 1ECE2DA3 		.ascii	"\036\316-\243\274\324\005P\352\243\274\324\375J\245"
 130      BCD40550 
 130      EAA3BCD4 
 130      FD4AA5
 131 0651 AE611DAE 		.ascii	"\256a\035\256\230\262\324mn\033\036Q=E\251\217a\251"
 131      98B2D46D 
 131      6E1B1E51 
 131      3D45A98F 
ARM GAS  C:\Users\SANDEE~1\AppData\Local\Temp\ccVpxJDe.s 			page 10


 131      61A9
 132 0663 6B610FE6 		.ascii	"ka\017\346\262\367\277\255\251\364\360?Sw\302q\035/"
 132      B2F7BFAD 
 132      A9F4F03F 
 132      5377C271 
 132      1D2F
 133 0675 6A3CFEA6 		.ascii	"j<\376\246\2758\316\367\342\301\300\321\226@\357T\237"
 133      BD38CEF7 
 133      E2C1C0D1 
 133      9640EF54 
 133      9F
 134 0686 10A90624 		.ascii	"\020\251\006$9)W\243\026W\243(}\264\327&V\343\250i5"
 134      392957A3 
 134      1657A328 
 134      7DB4D726 
 134      56E3A869 
 135 069b AE0F9DCD 		.ascii	"\256\017\235\315\264\231W\243N\244\032A\365\260\032"
 135      B49957A3 
 135      4EA41A41 
 135      F5B01A
 136 06aa 7365AA51 		.ascii	"se\252Qu\236oj\270\262\247D\252\021wZ\335\353\214H5"
 136      759E6F6A 
 136      B8B2A744 
 136      AA11775A 
 136      DDEB8C48 
 137 06bf 82CE82D7 		.ascii	"\202\316\202\327<\231j\364\232o\301\353+\221j\3045\250"
 137      3C996AF4 
 137      9A6FC1EB 
 137      2B916AC4 
 137      35A8
 138 06d1 7B358A54 		.ascii	"{5\212T#\250\011\274\346\313T\243\327\002\013^\315\""
 138      23A809BC 
 138      E6CB54A3 
 138      D7020B5E 
 138      CD22
 139 06e3 D5883BA7 		.ascii	"\325\210;\247\356u^\244\032A-\340\265@\246\032\275\026"
 139      EE755EA4 
 139      1A412DE0 
 139      B540A61A 
 139      BD16
 140 06f5 5AF0BA20 		.ascii	"Z\360\272 R\215\270\213\352^\255\"\325\010\272\004^"
 140      528DB88B 
 140      EA5EAD22 
 140      D508BA04 
 140      5E
 141 0706 0B65AAD1 		.ascii	"\013e\252\321+\334\202\327\327\"\325\210\373F\335\353"
 141      2BDC82D7 
 141      D722D588 
 141      FB46DDEB 
 142 0716 B2483582 		.ascii	"\262H5\202\332\300+\\\246\032\275\026Y\360\272\"R\215"
 142      DAC02B5C 
 142      A61ABD16 
 142      59F0BA22 
 142      528D
 143 0728 B8ABEA5E 		.ascii	"\270\253\352^\355\"\325\010\272\006^\213\314\275\302"
 143      ED22D508 
 143      BA065E8B 
ARM GAS  C:\Users\SANDEE~1\AppData\Local\Temp\ccVpxJDe.s 			page 11


 143      CCBDC2
 144 0737 B6C854D7 		.ascii	"\266\310T\327\210T?\365)\325\035\023S=\364\376Tw\242"
 144      88543FF5 
 144      29D51D13 
 144      533DF4FE 
 144      5477A2
 145 074a 53D8E4A9 		.ascii	"S\330\344\251\276.R\375\255z\252o`\252\273\252.?\264"
 145      BE2E52FD 
 145      AD7AAA6F 
 145      60AABBAA 
 145      2E3FB4
 146 075d F3549742 		.ascii	"\363T\227B\252o\362T\017)\245\372\026\013q\307\224\251"
 146      AA6FF254 
 146      0F29A5FA 
 146      160B71C7 
 146      94A9
 147 076f EE63A986 		.ascii	"\356c\251\206#nL\221\352\3570\325]\260\007\323\331\373"
 147      236E4C91 
 147      EAEF30D5 
 147      5DB007D3 
 147      D9FB
 148 0781 BBE3AFDC 		.ascii	"\273\343\257\334\0172R=\210W\241zo\207\335\264\027\337"
 148      0F32523D 
 148      8857A17A 
 148      6F87DDB4 
 148      17DF
 149 0793 8BBDF054 		.ascii	"\213\275\360T\336\263y\247\372\007\221j@\222\333r5\272"
 149      DEB379A7 
 149      FA07916A 
 149      4092DB72 
 149      35BA
 150 07a5 70357A2E 		.ascii	"p5z.\246\215\377u\353\246i3\032w\334\337\037\342\365"
 150      A68DFF75 
 150      EBA66933 
 150      1A77DCDF 
 150      1FE2F5
 151 07b8 8D31516A 		.ascii	"\2151Qj\344\334\201\315\230.K\215\2463|3\303\215\355"
 151      E4DC81CD 
 151      982E4B8D 
 151      A6337C33 
 151      C38DED
 152 07cb 16A5465C 		.ascii	"\026\245F\\\217"
 152      8F
 153 07d0 B2D65D11 		.ascii	"\262\326]\021j\344\334\003\255\0312\324\2505\323\202"
 153      6AE4DC03 
 153      AD1932D4 
 153      A835D382 
 154 07e0 56AF0835 		.ascii	"V\257\0105\342\372\224\265\372E\247\221s\037\264f\312"
 154      E2FA94B5 
 154      FA45A791 
 154      731FB466 
 154      CA
 155 07f1 4EA3D62C 		.ascii	"N\243\326,\013Z\036\321i\304=P\326z(2\215\234G\2405"
 155      0B5A1ED1 
 155      69C43D50 
 155      D67A2832 
 155      8D9C47A0 
ARM GAS  C:\Users\SANDEE~1\AppData\Local\Temp\ccVpxJDe.s 			page 12


 156 0806 4B661AB5 		.ascii	"Kf\032\265\302,h=\026\231F\334\023e\255\001Qi\344\014"
 156      C22C683D 
 156      169946DC 
 156      1365AD01 
 156      5169E40C 
 157 081a 825698AC 		.ascii	"\202V\230\2544j\315\266\240\365TT\032q\317\224\265\206"
 157      346ACDB6 
 157      A0F55454 
 157      1A71CF94 
 157      B586
 158 082c 44A491F3 		.ascii	"D\244\221\363\034\264f\313H\243\326\034\013Z/D\244\021"
 158      1CB466CB 
 158      48A3D61C 
 158      0B5A2F44 
 158      A411
 159 083e F75259EB 		.ascii	"\367RY\353\225h4r^\203\326\034s\2500*\262\321\267D\243"
 159      95683472 
 159      5E83D61C 
 159      73A8302A 
 159      B2D1B744 
 160 0853 6BC37C69 		.ascii	"k\303|i\364\233\211\215>\221\373\336F\277E\247\331\223"
 160      F49B898D 
 160      3E91FBDE 
 160      46BF45A7 
 160      D993
 161 0865 377A5834 		.ascii	"7zX4\372'\365F\217`\243\317\037;\334\351\317\033}\022"
 161      FA27F546 
 161      8F60A3CF 
 161      1F3BDCE9 
 161      CF1B7D12 
 162 0879 1A3DCA1B 		.ascii	"\032=\312\033}\"W\245\321c\254\300o\246l\364\223r\033"
 162      7D2257A5 
 162      D163ACC0 
 162      6FA66CF4 
 162      93721B
 163 088c 1E313245 		.ascii	"\03612E\243]\024\032\035\017\377J\034\300\336_\371j"
 163      A35D141A 
 163      1D0FFF4A 
 163      1CC0DE5F 
 163      F96A
 164 089e 7F2B311A 		.ascii	"\177+1\032\235A\340\331\235iq\205\232\326\"\201\032"
 164      9D41E0D9 
 164      9D697185 
 164      9AD62281 
 164      1A
 165 08af 97CE53B6 		.ascii	"\227\316S\266\263\342\235\357|$R\336h@\222$:\276\031"
 165      B3E29DEF 
 165      7C2452DE 
 165      68409224 
 165      3ABE19
 166 08c2 0CCE3EE3 		.ascii	"\014\316>\343\321\360\031\317\370\227\357Q\323j$Vv\366"
 166      D1F019CF 
 166      F897EF51 
 166      D36A2456 
 166      76F6
 167 08d4 7B7F4F8C 		.ascii	"{\177O\214\362H#(\231\262\325\010\220\221F\325@\337"
 167      F2482328 
ARM GAS  C:\Users\SANDEE~1\AppData\Local\Temp\ccVpxJDe.s 			page 13


 167      99B2D508 
 167      909146D5 
 167      40DF
 168 08e6 D4706353 		.ascii	"\324pcS(\2174\342R\325\275\266Q^i\004\245\201W\240\254"
 168      288F34E2 
 168      52D5BDB6 
 168      515E6904 
 168      A58157A0 
 169 08fb 347A0559 		.ascii	"4z\005Y\360J\247\274\322\210\313P\367\332Ny\246\021"
 169      F04AA7BC 
 169      D288CB50 
 169      F7DA4E79 
 169      A611
 170 090d B403BC82 		.ascii	"\264\003\274\202d\246\321+\330\202W&\345\231F\\\226"
 170      64A6D12B 
 170      D8825726 
 170      E599465C 
 170      96
 171 091e BA5736E5 		.ascii	"\272W6\345\235F\320N\360\012\226\235F\257\020\013^9"
 171      9D46D04E 
 171      F00A969D 
 171      46AF100B 
 171      5E39
 172 0930 94771A71 		.ascii	"\224w\032q\271\352^y\224\207\032A\371\340\025\"C\215"
 172      B9EA5E79 
 172      94871A41 
 172      F9E01522 
 172      438D
 173 0942 5E0E0B5E 		.ascii	"^\016\013^\273(\0175\342\012\324\275\012)/5\202v\203"
 173      BB280F35 
 173      E20AD4BD 
 173      0A292F35 
 173      827683
 174 0955 9743961A 		.ascii	"\227C\226\032\275B-x\025Q^j\304\355Q\367*\246<\325\010"
 174      BD422D78 
 174      15515E6A 
 174      C4ED51F7 
 174      2AA63CD5 
 175 096a 2A01AF50 		.ascii	"*\001\257Ps\257\260-2\325c\360\3501\374cc\036\376\017"
 175      73AFB02D 
 175      32D563F0 
 175      E831FC63 
 175      631EFE0F 
 176 097e 14AC541A 		.ascii	"\024\254T\032\313NV\233\246k\332\372\330X\247\361s\323"
 176      CB4E569B 
 176      A66BDAFA 
 176      D858A7F1 
 176      73D3
 177 0990 67CE7F7E 		.ascii	"g\316\177~\274\321\271y\323\277?\377\314\371\247?\377"
 177      BCD1B979 
 177      D3BF3FFF 
 177      CCF9A73F 
 177      FF
 178 09a1 FE6771CE 		.ascii	"\376gq\316\017?\374\265\3637\177\370\355G\377\211sn"
 178      0F3FFCB5 
 178      F3377FF8 
 178      ED47FF89 
ARM GAS  C:\Users\SANDEE~1\AppData\Local\Temp\ccVpxJDe.s 			page 14


 178      736E
 179 09b3 FE78E35F 		.ascii	"\376x\343_7n\374{\354'\232\355\223M\377\372\307\247"
 179      376EFC7B 
 179      EC279AED 
 179      934DFFFA 
 179      C7A7
 180 09c5 1BFC376C 		.ascii	"\033\3747l\376t\323\346\377\001\353\243\317\014"
 180      FE74D3E6 
 180      FF01EBA3 
 180      CF0C
 181              		.text
 182              		.section	.gnu.lto__pal_lld_setgroupmode.bfe2433a,"",%progbits
 183 0000 789CA557 		.ascii	"x\234\245W{P\224\327\025\277\347\273\337>Xv\301Gj\210"
 183      7B5094D7 
 183      15BFE7BB 
 183      DF3E5876 
 183      C1476A88 
 184 0014 12431229 		.ascii	"\022C\022)\321 \253h\"5\216:Q\307\307\200`\333?:\375"
 184      D120AB68 
 184      22358E3A 
 184      51C7C780 
 184      60DB3F3A 
 185 0029 A7A5D569 		.ascii	"\247\245\325i\332Ba\200:\351L\246]\005W|\306\306We\302"
 185      DA426180 
 185      3AE94CA6 
 185      5D05577C 
 185      C6C65765 
 186 003e 40DB18A2 		.ascii	"@\333\030\242\021\204\200\011Xm\021P\304\004\014\321"
 186      11848009 
 186      586D1150 
 186      C4040CD1 
 187 004e 34016222 		.ascii	"4\001b\">@4T\005\255Hx\364\234s\277ew\221\216\303\300"
 187      3E403454 
 187      05AD4878 
 187      F49C73BF 
 187      6577918E 
 188 0064 B8C7BBE7 		.ascii	"\270\307\273\347\373\375\316=\277s\317\275\337]\223"
 188      FBFDCE3D 
 188      BF73CFBD 
 188      DF5D93
 189 0073 D0C46F26 		.ascii	"\320\304o&\010\361\272\020\342\030~ X\200\266\253A\210"
 189      08F1BA10 
 189      E2187E20 
 189      5880B6AB 
 189      4188
 190 0085 0D560DA4 		.ascii	"\015V\015\244\032HM\317\216\020.\233\235\254]\327Lw"
 190      1A484DCF 
 190      8E102E9B 
 190      9DAC5DD7 
 190      4C77
 191 0097 BE87DF02 		.ascii	"\276\207\337\002\362c\360\233I3\3633\013?3\203UQ,\236"
 191      F263F09B 
 191      4933F333 
 191      0B3F3383 
 191      55512C9E 
 192 00ab 8115EC6A 		.ascii	"\201\025\354j\020\240\331\030\030\310@\233\307\035\350"
 192      10A0D918 
ARM GAS  C:\Users\SANDEE~1\AppData\Local\Temp\ccVpxJDe.s 			page 15


 192      18C8409B 
 192      C71DE8
 193 00ba 19D8B5A0 		.ascii	"\031\330\265\240,\013>wl\257\025\010p\250\311OY\203"
 193      2C0B3E77 
 193      6CAF1508 
 193      70A8C94F 
 193      5983
 194 00cc 0068E0B2 		.ascii	"\000h\340\262\202\370\223&u\223\331b\015\260\005\332"
 194      82F89326 
 194      7593D962 
 194      0DB005DA 
 195 00dc 1D41805F 		.ascii	"\035A\200_\205\372{S\356\227P\265\271\255B\233^\340"
 195      85FA7B53 
 195      EE9750B5 
 195      B9AD429B 
 195      5EE0
 196 00ee C2BFCAFD 		.ascii	"\302\277\312\375\0036\267kSH\036\002\016\030 (\200\351"
 196      0336B76B 
 196      53481E02 
 196      0E182028 
 196      80E9
 197 0100 886ACC2A 		.ascii	"\210j\314*~[\356\224y\022@\307\257w\353s\256\006\321"
 197      7E5BEE94 
 197      791240C7 
 197      AF77EB73 
 197      AE06D1
 198 0113 570DC2F0 		.ascii	"W\015\302\360ku\303`\271M\316\005\201\343\215\177;P"
 198      6B75C360 
 198      B94DCE05 
 198      81E38D7F 
 198      3B50
 199 0125 E38838E8 		.ascii	"\343\2108\350rmtU\366\355\221\256iyR\302a\220\030\020"
 199      726D7455 
 199      F6ED91AE 
 199      697952C2 
 199      61901810 
 200 0139 0E4128BC 		.ascii	"\016A(\274\007\241\002]\002\336\207\010\204\017\276"
 200      07A1025D 
 200      02DE8708 
 200      840FBE
 201 0148 5BBCC52A 		.ascii	"[\274\305*\177\300\324\207{\317\346\202A=sd\302\336"
 201      7FC0D487 
 201      7BCFE682 
 201      413D7364 
 201      C2DE
 202 015a 4CD78A3C 		.ascii	"L\327\212<\251\303\221\341d]@!\223\273K\017\356\016"
 202      A9C391E1 
 202      645D4021 
 202      93BB4B0F 
 202      EE0E
 203 016c 940B99FC 		.ascii	"\224\013\231\374\361\316\223?1\270\015G&\357a\256\011"
 203      F1CE933F 
 203      31B80D47 
 203      26EF61AE 
 203      09
 204 017d 8A86734D 		.ascii	"\212\206sM\002\216B\004\021\266o8tY\312%L\276~\341\352"
 204      028E4204 
ARM GAS  C:\Users\SANDEE~1\AppData\Local\Temp\ccVpxJDe.s 			page 16


 204      11B66F38 
 204      7459CA25 
 204      4CBE7EE1 
 205 0192 0D08FFBB 		.ascii	"\015\010\377\273\232\2710\344\317\231\256\263.=O\232"
 205      9AB930E4 
 205      CF99AEB3 
 205      2E3D4F9A 
 206 01a2 A1D89F4F 		.ascii	"\241\330\237O\177\010?4x\376-\253\\\316\324\357>\355"
 206      7F083F34 
 206      78FE2DAB 
 206      5CCED4EF 
 206      3EED
 207 01b4 735B0D6A 		.ascii	"s[\015jo\344\001WeV\030\021?\030\221x{\367\351zM\306"
 207      6FE40157 
 207      65561811 
 207      3F189178 
 207      7BF7E97A 
 208 01ca 3271675E 		.ascii	"2qg^}k\220A\354\362\022\313F$\266}\231y\300,\177\310"
 208      7D6B9041 
 208      ECF212CB 
 208      4624B67D 
 208      9979C02C 
 209 01e0 C49B3BCB 		.ascii	"\304\233;\313.\330\014\342M/\361\303\021\211\273\372"
 209      2ED80CE2 
 209      4D2FF1C3 
 209      1189BBFA 
 210 01f0 9B5C66F9 		.ascii	"\233\\f\371S&6v\227\036\326\015\342\025/\261|D\342\216"
 210      53263676 
 210      971ED60D 
 210      E2152FB1 
 210      7C44E28E 
 211 0204 DB3D7FD5 		.ascii	"\333=\177\325e\"\023k\277j\274\341I\265\331K<>\"\361"
 211      6522136B 
 211      BF6ABCE1 
 211      49B5D94B 
 211      3C3E22F1 
 212 0218 4AC9C05E 		.ascii	"J\311\300^\207Y\207\177@8T\340\347#\374\034\303O)~J"
 212      8759877F 
 212      403854E0 
 212      E723FC1C 
 212      C34F297E 
 213 022d 205C7516 		.ascii	" \\u\026\234\0003\010a\373\177(\214\323\337Q\362\276"
 213      9C003308 
 213      61FB7F28 
 213      8CD3DF51 
 213      F2BE
 214 023f 4DFE8A13 		.ascii	"M\376\212\023x\367D\377\016O\002_\027\216{kh}N>\232"
 214      78F744FF 
 214      0E4F025F 
 214      178E7B6B 
 214      687D4E3E 
 215 0254 02FC93E9 		.ascii	"\002\374\223\351{;\332Jt\231\312\364\256\2013\337x\226"
 215      7B3BDA4A 
 215      7499CAF4 
 215      AE8133DF 
 215      7896
 216 0266 F7E26EE9 		.ascii	"\367\342n\351z\307\245\021\371_#\220+\231\274\343\326"
ARM GAS  C:\Users\SANDEE~1\AppData\Local\Temp\ccVpxJDe.s 			page 17


 216      7AC7A511 
 216      F95F2390 
 216      2B99BCE3 
 216      D6
 217 0277 9BDB40A6 		.ascii	"\233\333@\2463\271\335}+\323n\220\357y\311\247F W1y"
 217      33B9DD7D 
 217      2BD36E90 
 217      EF79C9A7 
 217      46205731 
 218 028c 7B6B7E41 		.ascii	"{k~A\200\\\317\344\255\345\327\276\357\231x\317\020"
 218      805CCFE4 
 218      ADE5D7BE 
 218      EF9978CF 
 218      10
 219 029d B77A046E 		.ascii	"\267z\004n\015\204\037\375\014*]\003\203\233\261\203"
 219      0D841FFD 
 219      0C2A5D03 
 219      839BB183 
 220 02ad 235BCA2E 		.ascii	"#[\312.N\304\345\246F\327\004U\011\361X'l}\254\0246"
 220      4EC4E5A6 
 220      46D70455 
 220      09F15827 
 220      6C7DAC14 
 221 02c2 31D6CA2C 		.ascii	"1\326\312,\250R6\240\206\016d\214\035\033\334\342``"
 221      A85236A0 
 221      860E648C 
 221      1D1BDCE2 
 221      6060
 222 02d4 100D8319 		.ascii	"\020\015\203\031=\216\206\343\2312\201\206\023\005U"
 222      3D8E86E3 
 222      99328186 
 222      130555
 223 02e3 F909A0D8 		.ascii	"\371\011\240\330\223\310\361$\231\0202Oq\365&\343\320"
 223      93C8F124 
 223      9910324F 
 223      71F526E3 
 223      D0
 224 02f4 3A856B41 		.ascii	":\205kA[\306\3624}\237\312\362\236\241a\030g\373,\320"
 224      5BC6F234 
 224      7D9FCAF2 
 224      9EA16118 
 224      67FB2CD0 
 225 0308 167E8E00 		.ascii	"\026~\216\000\317\223\231F&\234L\004\231\027\310L'3"
 225      CF939946 
 225      269C4C04 
 225      9917C84C 
 225      2733
 226 031a 834C2499 		.ascii	"\203L$\231\231d\242\310\314\"3\233L4\2319d^\"\3632\231"
 226      9964A2C8 
 226      CC22339B 
 226      4C349939 
 226      645E22F3 
 227 0330 796462C8 		.ascii	"ydb\310\314'\363\012\231\005d\026\222YDf1\231W\311,"
 227      CC27F30A 
 227      99056416 
 227      92594466 
 227      319957C9 
ARM GAS  C:\Users\SANDEE~1\AppData\Local\Temp\ccVpxJDe.s 			page 18


 228 0345 21B394CC 		.ascii	"!\263\224\31422\313\311\254 \263\222\314*2\261\\\307"
 228      3232CBC9 
 228      AC20B392 
 228      CC2A32B1 
 228      5CC7
 229 0357 382ECC6A 		.ascii	"8.\314j\256I<\227#\201\253\266\206\353(\304VlL<K\267"
 229      AE493C97 
 229      2381ABB6 
 229      86EB28C4 
 229      566C4C3C 
 230 036d 490DFF93 		.ascii	"I\015\377\223\035\220\331\347>\331\224J\235\232+\003"
 230      1D90D9E7 
 230      3ED9944A 
 230      9D9A2B03 
 231 037d 73A58D0E 		.ascii	"s\245\215\016\313\256\342\002;\235{\026\220p\032\227"
 231      CBAEE202 
 231      3B9D7B16 
 231      90701A97 
 232 038d EE3A6C0C 		.ascii	"\356:l\014\343^\3068\210\022\310\352r\3277\025KE\263"
 232      E35EC638 
 232      8812C8EA 
 232      72D73715 
 232      4B45B3
 233 03a0 2BDAE9C1 		.ascii	"+\332\351\301\007\225\301D\263\202\006g\220\306\301"
 233      0795C144 
 233      B3820667 
 233      90C6C1
 234 03af EB0C9003 		.ascii	"\353\014\220\003q\010*\253\251u[Ul\200Z\337\330\025"
 234      71082AAB 
 234      A9755B55 
 234      6C805ADF 
 234      D815
 235 03c1 14DBA162 		.ascii	"\024\333\241b_j*3hA\030\033\"\207\305\012F\277\177b"
 235      5F6A2A33 
 235      6841181B 
 235      2287C50A 
 235      46BF7F62 
 236 03d5 1F113958 		.ascii	"\037\0219X\221;\207\022\033\247\022\253{\347x\237]%"
 236      913B8712 
 236      1BA712AB 
 236      7BE7789F 
 236      5D25
 237 03e7 6682B3C3 		.ascii	"f\202\263\303\023\033\2178\377`\307(\330x\025\254\277"
 237      131B8F38 
 237      FF60C728 
 237      D87815AC 
 237      BF
 238 03f8 E9B2819B 		.ascii	"\351\262\201\233\240\202\335\333\272\351\201T\301,P"
 238      A082DDDB 
 238      BAE98154 
 238      C12C50
 239 0407 373CD844 		.ascii	"7<\330D\304!\250\250\353^\221Y\251\014\206s\276\261"
 239      C421A8A8 
 239      EB5E9159 
 239      A90C8673 
 239      BEB1
 240 0419 4B29F644 		.ascii	"K)\366D\372\236\337:\211=\352\034\330\267\251\352\274"
ARM GAS  C:\Users\SANDEE~1\AppData\Local\Temp\ccVpxJDe.s 			page 19


 240      FA9EDF3A 
 240      893DEA1C 
 240      D8B7A9EA 
 240      BC
 241 042a 85187860 		.ascii	"\205\030x`\300\307\274]\266\341\373\003\337n\362:h\274"
 241      C0C7BC5D 
 241      B6E1FB03 
 241      DF6EF23A 
 241      68BC
 242 043c 76B9D22C 		.ascii	"v\271\322,x\314\371\231\324\230\205\353j\314\025\224"
 242      78CCF999 
 242      D49885EB 
 242      6ACC1594 
 243 044c 6ACC2BA5 		.ascii	"j\314+\245\2511vE\256\004\225ha\313\033*\323I\350\342"
 243      A9317645 
 243      AE049568 
 243      61CB1B2A 
 243      D349E8E2 
 244 0460 05B80659 		.ascii	"\005\270\006Y-\3255`x1\225\243\337V<t\250\344\005|\242"
 244      2DD53560 
 244      783195A3 
 244      DF563C74 
 244      A8E4057C 
 245 0475 76EE7D80 		.ascii	"v\356}\200\\\371\204&re\254\243\367j#\334\007\015\033"
 245      5CF98426 
 245      7265ACA3 
 245      F76A23DC 
 245      070D1B
 246 0488 41EBFDA0 		.ascii	"A\353\375\240\025\375\011\216\343\355M\350\222\270~"
 246      15FD098E 
 246      E3ED4DE8 
 246      92B87E
 247 0497 5A4E29B9 		.ascii	"ZN)\271\342\034\347\332\320\243\343\242h\207K\321\261"
 247      E21CE7DA 
 247      D0A3E3A2 
 247      68874BD1 
 247      B1
 248 04a8 DAD1DBD6 		.ascii	"\332\321\333\326\201\036\023VVkfL\274#\207if\322\253"
 248      811E1356 
 248      566B664C 
 248      BC238769 
 248      66D2AB
 249 04bb E57C48BE 		.ascii	"\345|H\2765\216\346\366S\200\322u\221\035\241\272\363"
 249      358EE6F6 
 249      5380D275 
 249      911DA1BA 
 249      F3
 250 04cc 524BBEE6 		.ascii	"RK\276\346s\340\342\316\245-K\333\224\366'\237\261x"
 250      73E0E2CE 
 250      A52D4BDB 
 250      94F6279F 
 250      B178
 251 04de B0D453F6 		.ascii	"\260\324S\366Ob\211|\227\310\202K\324\240\226(\307\335"
 251      4F62897C 
 251      97C8824B 
 251      D4A09628 
 251      C7DD
ARM GAS  C:\Users\SANDEE~1\AppData\Local\Temp\ccVpxJDe.s 			page 20


 252 04f0 14A04021 		.ascii	"\024\240@!\210\363}\327[@\207\363\012t\307\275\305\244"
 252      88F37DD7 
 252      5B4087F3 
 252      0A74C7BD 
 252      C5A4
 253 0502 404FF152 		.ascii	"@O\361R\206\250uC\017M\213^\005\352ly]\241&\303\213"
 253      86A87543 
 253      0F4D8B5E 
 253      05EA6C79 
 253      5DA126C3 
 254 0517 A1B42A1D 		.ascii	"\241\264*\035\260\261k\363!\251\234S\320\357\345U\022"
 254      B0B16BF3 
 254      21A99C53 
 254      D0EFE555 
 254      12
 255 0528 6F8ACAA0 		.ascii	"o\212\312\240\277\245\034\024&T%:\264c,\270c>\365\344"
 255      BFA51C14 
 255      2654253A 
 255      B4632CB8 
 255      633EF5E4 
 256 053c D061047A 		.ascii	"\320a\004z\032\373\036\241\376\321\247\242\337\033\275"
 256      1AFB1EA1 
 256      FED1A7A2 
 256      DF1BBD
 257 054b 8AA24F55 		.ascii	"\212\242OU\264\035\227\336P\220g|\033\320\212\015\330"
 257      B41D97DE 
 257      5090677C 
 257      1BD08A0D 
 257      D8
 258 055c 08A1A4C5 		.ascii	"\010\241\244\305/N\030\342\274qj(N\030\"\252\216wtl"
 258      2F4E18E2 
 258      BC716A28 
 258      4E1822AA 
 258      8E77746C 
 259 0570 0A5690E7 		.ascii	"\012V\220\347|\333R\362A\377\240\366\\\266=\017r7\340"
 259      7CDB52F2 
 259      41FFA0F6 
 259      5CB63D0F 
 259      7237E0
 260 0583 3D0A5F8E 		.ascii	"=\012_\216\001\271\362Y\370\214:\004\237}\321\325Um"
 260      01B9F259 
 260      F88C3A04 
 260      9F7DD1D5 
 260      556D
 261 0595 7716BAB2 		.ascii	"w\026\272\2626\320#\033\\\200<\370\013\337\257\340\""
 261      36D0231B 
 261      5C803CF8 
 261      0BDFAFE0 
 261      22
 262 05a6 3869F601 		.ascii	"8i\366\001\367Cc\015\2367j\3227\264*\323p>\364\223\263"
 262      F743630D 
 262      9E376AD2 
 262      37B42AD3 
 262      703EF493 
 263 05bb C75D17A8 		.ascii	"\307]\027\250\234\324\316\370\210\362\332W7\223|\303"
 263      9CD4CEF8 
 263      88F2DA57 
ARM GAS  C:\Users\SANDEE~1\AppData\Local\Temp\ccVpxJDe.s 			page 21


 263      37937CC3 
 264 05cb 72C8FF9D 		.ascii	"r\310\377\235xL\026\237{\263\370781\244\022y\323#2b"
 264      784C169F 
 264      7BB3F837 
 264      3831A412 
 264      79D32332 
 265 05e0 94AABEE0 		.ascii	"\224\252\276\340x@\361\276\364\250\332b\244\373\202"
 265      7840F1BE 
 265      F4A8DA62 
 265      A4FB82
 266 05ef B1167DEE 		.ascii	"\261\026}\356\016C\325t\234\000\375JU\223\001\233\201"
 266      0E43D574 
 266      9C00FD4A 
 266      5593019B 
 266      81
 267 0600 1B161F8D 		.ascii	"\033\026\037\215EU\2237\213fR5C\251\272\345Q\0259JU"
 267      45559337 
 267      8B665235 
 267      43A9BAE5 
 267      5115394A 
 268 0615 2D1C4FA3 		.ascii	"-\034O\243x_\261*:\322\014\0153YX\244\322Pah\210\302"
 268      785FB12A 
 268      3AD20C0D 
 268      335958A4 
 268      D2506168 
 269 062b 03081F8D 		.ascii	"\003\010\037\215E\303%\357\234_\223\206(:\211\232\253"
 269      45C325EF 
 269      9C5F9386 
 269      283A899A 
 269      AB
 270 063c DB8AE6AA 		.ascii	"\333\212\346\252)\002yG\010>\010M\242\307&\361\361\371"
 270      29027947 
 270      083E084D 
 270      A2C726F1 
 270      F1F9
 271 064e EA81A218 		.ascii	"\352\201\242\030\365\230&\254;\267\377=\273:4-\360\315"
 271      F59826AC 
 271      3BB7FF3D 
 271      BB3A342D 
 271      F0CD
 272 0660 10DA2C4E 		.ascii	"\020\332,N\230$\027\244\347\240Q\220Y\243,\310eN\216"
 272      982417A4 
 272      E7A05190 
 272      59A32CC8 
 272      654E8E
 273 0673 EF70AD9E 		.ascii	"\357p\255\236e\366,\352l\265U|J\024\215\023\240\337"
 273      65F62CEA 
 273      6CB5557C 
 273      4A148D13 
 273      A0DF
 274 0685 BF4473F8 		.ascii	"\277Ds\370\024\211V%\212\032\251D\177|\\\211\256x\263"
 274      14895625 
 274      8A1AA944 
 274      7F7C5C89 
 274      AE78B3
 275 0698 B84A259A 		.ascii	"\270J%\232\303\362,C\362z=\362^\032\245\274k\034X\247"
 275      C3F22C43 
ARM GAS  C:\Users\SANDEE~1\AppData\Local\Temp\ccVpxJDe.s 			page 22


 275      F27A3DF2 
 275      5E1AA5BC 
 275      6B1C58A7 
 276 06ac C0D787CB 		.ascii	"\300\327\207\313{\371\021y\363p\002\364\373\313\213"
 276      7BF91179 
 276      F37002F4 
 276      FBCB8B
 277 06bb 6179F3C6 		.ascii	"ay\363\306\"\257\315\233E;\311\213ayVZk\226\367\335"
 277      22AFCD9B 
 277      453BC98B 
 277      6179565A 
 277      6B96F7DD 
 278 06cf 6943DEFC 		.ascii	"iC\336\374Q\312\273\301\201M\024\270\303\323\316\036"
 278      51CABBC1 
 278      814D14B8 
 278      C3D3CE1E 
 279 06df 79AF703B 		.ascii	"y\257p;\317\367\337\222\013\360]\211\217\224\030\347"
 279      CFF7DF92 
 279      0BF05D89 
 279      8F9418E7 
 280 06ef 4862D63F 		.ascii	"Hb\326?N\314M\357\234\267H\314\002\026\023 v\205*1\331"
 280      4ECC4DEF 
 280      9CB748CC 
 280      02161320 
 280      76852A31 
 281 0704 B5869885 		.ascii	"\265\206\230\205\243\024\363\2557p\347p1\213X\314B\177"
 281      A314F3AD 
 281      3770E770 
 281      318B58CC 
 281      427F
 282 0716 318B59CC 		.ascii	"1\213Y\314\242\261\210\371\217w\316\333$f\261\340\315"
 282      A2B188F9 
 282      8F77CEDB 
 282      2466B1E0 
 282      CD
 283 0727 D750EED9 		.ascii	"\327P\356\331|>\273\315&\262\203\224\304\255\005\206"
 283      7C3EBBCD 
 283      26B28394 
 283      C4AD0586 
 284 0737 C4574729 		.ascii	"\304WG)\361\216\267\317\357\016o\307%\217\264\343R\234"
 284      F18EB7CF 
 284      EF0E6FC7 
 284      258FB4E3 
 284      529C
 285 0749 00FDFEED 		.ascii	"\000\375\376\355\270\214\333q\351X\332\261\313\233E"
 285      B88CDB71 
 285      E958DAB1 
 285      CB9B45
 286 0758 37895EC6 		.ascii	"7\211^\306\362\002\207\344m\367\310[>Jy\367\274}~\177"
 286      F20287E4 
 286      6DF7C85B 
 286      3E4A79F7 
 286      BC7D7E7F 
 287 076c B8BC158F 		.ascii	"\270\274\025\217\310[\211\023\240\337_\336*\226\267"
 287      C85B8913 
 287      A0DF5FDE 
 287      2A96B7
ARM GAS  C:\Users\SANDEE~1\AppData\Local\Temp\ccVpxJDe.s 			page 23


 288 077b 722CF2FE 		.ascii	"r,\362\376\353\315\342\001\311[\305\362\354|\305TW\335"
 288      EBCDE201 
 288      C95BC5F2 
 288      EC7CC554 
 288      57DD
 289 078d BBAFA94B 		.ascii	"\273\257\251K`,]\015_\364\271\264\362\0052V\235\317"
 289      602C5D0D 
 289      5FF4B9B4 
 289      F2053256 
 289      9DCF
 290 079f 672A6619 		.ascii	"g*f\031(\337\353\201\216W\305\236\241\226p\210\355\265"
 290      28DFEB81 
 290      8E57C59E 
 290      A1967088 
 290      EDB5
 291 07b1 1CF48EBB 		.ascii	"\034\364\216\273\260\333\370m\021\207\357r\277\240|"
 291      B0DBF86D 
 291      1187EF72 
 291      BFA07C
 292 07c0 5B8D5377 		.ascii	"[\215Sw\227\223\335\031\012\265\032\337\215\374\333"
 292      9793DD19 
 292      0AB51ADF 
 292      8DFCDB
 293 07cf C1       		.ascii	"\301"
 294 07d0 FF66BF5A 		.ascii	"\377f\277Z\301\352\273\223\024,\036_?\3760\276\023\307"
 294      C1EABB93 
 294      142C1E5F 
 294      3FFE30BE 
 294      13C7
 295 07e2 2BD8E7E9 		.ascii	"+\330\347\351\012\225\200\033\301\037\305\267\342\004"
 295      0A95801B 
 295      C11FC5B7 
 295      E204
 296 07f0 42ED7377 		.ascii	"B\355swv\377\\\301\326\250\227\311\261\315\237\224\330"
 296      76FF5CC1 
 296      D6A897C9 
 296      B1CD9F94 
 296      D8
 297 0801 D4CB04E0 		.ascii	"\324\313\004\340\241/\213\357\336kXY\020\375h\352\304"
 297      A12F8BEF 
 297      DE6B5859 
 297      10FD68EA 
 297      C4
 298 0812 CB7BFBDB 		.ascii	"\313{\373\333\026u\363\024\364\223\012\320\215o\262"
 298      1675F314 
 298      F4930AD0 
 298      8D6FB2
 299 0821 D951514E 		.ascii	"\331QQN\365/%\335\371Zb\22235%-#\335\371\243\037\307"
 299      F52F25DD 
 299      F95A6292 
 299      3335252D 
 299      23DDF9A3 
 300 0837 CD8976C6 		.ascii	"\315\211v\306\306.u.OX\031\277>\332\231\232\230\364"
 300      C62E752E 
 300      4F5819BF 
 300      3EDA999A 
 300      98F4
ARM GAS  C:\Users\SANDEE~1\AppData\Local\Temp\ccVpxJDe.s 			page 24


 301 0849 B3A4A4B5 		.ascii	"\263\244\244\265Q\277\024:!\364\344\304\364\337\352"
 301      51BF143A 
 301      21F4E4C4 
 301      F4DFEA
 302 0858 C9296BD7 		.ascii	"\311)k\327\311_\374:COL\312H3\245\376>um\232%%=u\335"
 302      C95FFC3A 
 302      434F4CCA 
 302      4833A5FE 
 302      3E756D9A 
 303 0871 BAB569E6 		.ascii	"\272\265i\346\224\214?\244\256K3\021$\315J\317\211\241"
 303      948C3FA4 
 303      AE4B3311 
 303      24CD4ACF 
 303      89A1
 304 0883 25CFD692 		.ascii	"%\317\326\222\243\265\344\271\377\003\"\250\372r"
 304      A3B5E4B9 
 304      FF0322A8 
 304      FA72
 305              		.text
 306              		.section	.gnu.lto_.symbol_nodes.bfe2433a,"",%progbits
 307 0000 789C6365 		.ascii	"x\234ce`bPc\000\002\246IL\365\014\014\023\31610\000"
 307      60625063 
 307      0002A649 
 307      4CF50C0C 
 307      13CE3130 
 308 0015 A95D0D8E 		.ascii	"\251]\015\216@\221\311L\365\214(\"\014\000\267\011\011"
 308      4091C94C 
 308      F58C2822 
 308      0C00B709 
 308      09
 309 0026 0A       		.ascii	"\012"
 310              		.text
 311              		.section	.gnu.lto_.refs.bfe2433a,"",%progbits
 312 0000 789C6365 		.ascii	"x\234ce`b`d\000\002\000\000I\000\011"
 312      60626064 
 312      00020000 
 312      490009
 313              		.text
 314              		.section	.gnu.lto_.decls.bfe2433a,"",%progbits
 315 0000 789CCD59 		.ascii	"x\234\315Y{PT\327\031\277\347\236\335eY\026\264h;\351"
 315      7B5054D7 
 315      19BFE79E 
 315      DD655916 
 315      B4683BE9 
 316 0014 D476AC43 		.ascii	"\324v\254C#\235IDH\232v\332\244\215\002\011\266\244"
 316      239D4944 
 316      489A76DA 
 316      A48D0209 
 316      B6A4
 317 0026 324B9A4E 		.ascii	"2K\232NgLw\250`d\212Ba\355\330\231>.\017A\361\005\370"
 317      674C77A8 
 317      60648A42 
 317      61EDD899 
 317      3E2E0F41 
 318 003d 8A518C0F 		.ascii	"\212Q\214\017T\010\370\210\212\210<\334\240<\004A\002"
 318      5408F888 
 318      8A883CDC 
ARM GAS  C:\Users\SANDEE~1\AppData\Local\Temp\ccVpxJDe.s 			page 25


 318      A03C0441 
 318      02
 319 004e 2A888088 		.ascii	"*\210\200\210\202\370B\036>\220\020\351w\316\271\273"
 319      82F8421E 
 319      3E9010E9 
 319      77CEB9BB 
 320 005e F770F7D2 		.ascii	"\367p\367\322$\355?]\375\366\334\357\234\337\371^\347"
 320      24ED3F5D 
 320      FDF6DCEF 
 320      9CDFF95E 
 320      E7
 321 006f 3BE77C7B 		.ascii	";\347|{\321\013\2420\353\373\202\260\022\013B\030\022"
 321      D10BA230 
 321      EBFB82B0 
 321      120B4218 
 321      12
 322 0080 8471F8C0 		.ascii	"\204q\370\300\243pHP>\"\320] ?$\270|.C\337\024h\337"
 322      A3704850 
 322      3E22D05D 
 322      203F24B8 
 322      7C2E43DF 
 323 0097 03F2069A 		.ascii	"\003\362\006\232\016\324\0034\033\350\0370\366w\240"
 323      0ED40334 
 323      1BE81F30 
 323      F677A0
 324 00a6 A7F0FC2F 		.ascii	"\247\360\374/hoA+A\373c\240\177\002%\002\315\006\372"
 324      686F412B 
 324      41FB63A0 
 324      7F022502 
 324      CD06FA
 325 00b9 0EF4C743 		.ascii	"\016\364\307C\273\030\350*<\327\002}\027\236k\240\375"
 325      BB18E82A 
 325      3CD7027D 
 325      179E6BA0 
 325      FD
 326 00ca 01B455D0 		.ascii	"\001\264U\320\316\202\266\032Z\037h\353\240\375\036"
 326      CE82B61A 
 326      5A1F68EB 
 326      A0FD1E
 327 00d9 B4E7A09D 		.ascii	"\264\347\240\235\001m%\264?\204\266\023\332\353@\035"
 327      016D25B4 
 327      3F84B613 
 327      DAEB401D 
 328 00e9 40D780DA 		.ascii	"@\327\200\3328\333S5l\267\302\240\207\312\366\227\000"
 328      38DB5335 
 328      6CB7C2A0 
 328      87CAF697 
 328      00
 329 00fa 3704ED03 		.ascii	"7\004\355\003\240\022\331\2170\201\331I\3740\310\266"
 329      A012D98F 
 329      3081D949 
 329      FC30C8B6 
 330 010a 11BB884D 		.ascii	"\021\273\210M\304\016b\003\321\217&\211\3216\214N\246"
 330      C40E6203 
 330      D18F2689 
 330      D1368C4E 
 330      A6
ARM GAS  C:\Users\SANDEE~1\AppData\Local\Temp\ccVpxJDe.s 			page 26


 331 011b 55659B3B 		.ascii	"Ue\233;Q;\002\225h*\355E\210}#J\224\035w|\020\242\375"
 331      513B0295 
 331      682AED45 
 331      887D234A 
 331      941D777C 
 332 0132 D02B0AB2 		.ascii	"\320+\012\262`G\027r\314\220yQfEY$\375/OF\234D6\314"
 332      60471772 
 332      CC907951 
 332      66455924 
 332      FD2F4F46 
 333 014a 34393E02 		.ascii	"49>\002\2033K\004\304\376Qq\242\242\000!~\002'\220\231"
 333      83334B04 
 333      C4FE5171 
 333      A2A20021 
 333      7E022790 
 334 015f 2D8F3BED 		.ascii	"-\217;\355\023\024\347\220\303\373\373\353\206?\326"
 334      1314E790 
 334      C3FBFBEB 
 334      863FD6
 335 016e 5D471D08 		.ascii	"]G\035\010y\010\273\337D\264\357\223\202\355=\356XD"
 335      7908BBDF 
 335      44B4EF93 
 335      82ED3DEE 
 335      5844
 336 0180 E4F9FAB3 		.ascii	"\344\371\372\263\334\267\346\024H\354c\364U\302\366"
 336      DCB7E614 
 336      48EC63F4 
 336      55C2F6
 337 018f 79CAD19D 		.ascii	"y\312\321\235x\003F\336&\244\003v\260\376\243\233^\300"
 337      780346DE 
 337      26A40376 
 337      B0FEA39B 
 337      5EC0
 338 01a1 4E37A199 		.ascii	"N7\241\231\300\026\324W\267\313\243\253\021\360\247"
 338      C016D457 
 338      B7CBA3AB 
 338      11F0A7
 339 01b0 CA1E0430 		.ascii	"\312\036\0040v\006p\247;\006\355\036\014\334EF\307\357"
 339      760670A7 
 339      3B06ED1E 
 339      0CDC4546 
 339      C7EF
 340 01c2 5CDDE7CE 		.ascii	"\\\335\347\316\206\007\210\354\364\302M\373\246\340"
 340      860788EC 
 340      F4C24DFB 
 340      A6E0
 341 01d0 EF5203FA 		.ascii	"\357R\003\372Sz\272<\330\330\013\3006\015\\\310\226"
 341      537ABA3C 
 341      D8D80BC0 
 341      360D5CC8 
 341      96
 342 01e1 D9A9C0B6 		.ascii	"\331\251\300\266\257I\335e\3003)\262\243&/\237\350\234"
 342      AF49DD65 
 342      C03329B2 
 342      A3262F9F 
 342      E89C
 343 01f3 6D42240A 		.ascii	"mB$\012S\240\353\310\375\342g\236\254\213 \2326\016"
ARM GAS  C:\Users\SANDEE~1\AppData\Local\Temp\ccVpxJDe.s 			page 27


 343      53A0EBC8 
 343      FDE2679E 
 343      AC8B209A 
 343      360E
 344 0205 E5B8E11F 		.ascii	"\345\270\341\037\221gq{mK\205\016\371\232\016\020\307"
 344      9167717B 
 344      6D4B850E 
 344      F99A0E10 
 344      C7
 345 0216 ECD54F66 		.ascii	"\354\325Ofg\246I\222\210\212\221\011\025!\210\001\232"
 345      67A64992 
 345      888A9109 
 345      15218801 
 345      9A
 346 0227 43C234DB 		.ascii	"C\3024\333\004\337\253%)I\312H\226\334C\004T\200f\240"
 346      04DFAB25 
 346      2949CA48 
 346      96DC4304 
 346      548066A0 
 347 023b 7C344340 		.ascii	"|4C@\247\220/\021Kp\350$t\026B'\250\310\313\311\334"
 347      A7902F11 
 347      4B70E824 
 347      74164227 
 347      A8C8CBC9 
 348 0250 6BC012A2 		.ascii	"k\300\022\242:\252\312\257\265\352\220\311WS@\251\206"
 348      3AAACAAF 
 348      B5EA90C9 
 348      575340A9 
 348      86
 349 0261 0066CCC5 		.ascii	"\000f\314\305\274YU\253\2101%`\314i\305\030\260\215"
 349      BC5955AB 
 349      88312560 
 349      CC69C518 
 349      B08D
 350 0273 C5BEFB74 		.ascii	"\305\276\373t{\242\210\033\250\022\364Q\311\243Z=\213"
 350      7BA2881B 
 350      A812F451 
 350      C9A35A3D 
 350      8B
 351 0284 8811D887 		.ascii	"\210\021\330\207\233*\353E\334\304\306z[\223\267\033"
 351      9B2AEB45 
 351      DCC4C67A 
 351      5B93B71B 
 352 0294 702B6332 		.ascii	"p+c2\276\274*\031p\027c\326?\034\331\243\303\267\031"
 352      BEBC2A19 
 352      701763D6 
 352      3F1CD9A3 
 352      C3B719
 353 02a7 7335F9E9 		.ascii	"s5\371\351\025O\374\2002\356\251GN\2350#\037\362\231"
 353      154FFC80 
 353      32EEA947 
 353      4E9D3023 
 353      1FF299
 354 02ba E6E3E3BB 		.ascii	"\346\343\343\273\227\330no)\177\251f\350\226$e\231\251"
 354      97D86E6F 
 354      297FA966 
 354      E8962465 
ARM GAS  C:\Users\SANDEE~1\AppData\Local\Temp\ccVpxJDe.s 			page 28


 354      99A9
 355 02cc 5167C1A8 		.ascii	"Qg\301\250\363h\232\342\3141\370\022\220?|\011l\302"
 355      F3689AE2 
 355      CC31F812 
 355      903F7C09 
 355      6CC2
 356 02de E82FB74B 		.ascii	"\350/\267K\366\024L\321\025j\264\237\012|\367W\012\370"
 356      F6144CD1 
 356      156AB49F 
 356      0A7CF757 
 356      0AF8
 357 02f0 8C1A5C4E 		.ascii	"\214\032\\NE\027 N6\007/S\303\217\253-i\343\320vm\341"
 357      4517204E 
 357      36072F53 
 357      C38FAB2D 
 357      69E3D076 
 358 0306 149D4962 		.ascii	"\024\235Ib\237!Io\352\004t\004\306\017\323!\202\206"
 358      9F21496F 
 358      EA047404 
 358      C60FD321 
 358      8286
 359 0318 F0A30BB0 		.ascii	"\360\243\013\260Z\225\310\007\325\002\325\000U\001U"
 359      5A95C807 
 359      D502D500 
 359      550155
 360 0327 03D5019D 		.ascii	"\003\325\001\235C>tW0}\265\234\276\3174=\347}\251\015"
 360      433E7457 
 360      307DB59C 
 360      BECF343D 
 360      E77DA90D 
 361 033b 51D027B4 		.ascii	"Q\320'\264}ap\226\032\375\345\336\211\022d\027\300\004"
 361      7D617096 
 361      1AFDE5DE 
 361      89126417 
 361      C004
 362 034d 392DE4FD 		.ascii	"9-\344\375x\346yJ\243\001\347\320]+\346\244_8iD\323"
 362      78E6794A 
 362      A301E7D0 
 362      5D2BE6A4 
 362      5F386944 
 363 0362 7CB57C42 		.ascii	"|\265|B\027\301\225o\342\026\323\334[c\200\003\0005"
 363      17C1956F 
 363      E216D3DC 
 363      5B638003 
 363      0035
 364 0374 C0C47A25 		.ascii	"\300\304z%%\211\035T}s\357\236\0243\313\302F\302o\330"
 364      25891D54 
 364      7D73EF9E 
 364      1433CBC2 
 364      46C26FD8 
 365 0388 78FC5313 		.ascii	"x\374S\023.b\207Hn\357\316\015\362\340\317\200-\254"
 365      2E628748 
 365      6EEFCE0D 
 365      F2E0CF80 
 365      2DAC
 366 039a 3FD5A9C7 		.ascii	"?\325\251\307\345l\254}\350J\232\007\256d\314\221\261"
 366      E56CAC7D 
ARM GAS  C:\Users\SANDEE~1\AppData\Local\Temp\ccVpxJDe.s 			page 29


 366      E84A9A07 
 366      AE64CC91 
 366      B1
 367 03ab CD070DF8 		.ascii	"\315\007\015\370\002c\206s\217\3552\262Y\271\344\224"
 367      02638673 
 367      8FED32B2 
 367      59B9E494 
 368 03bb C84EB39F 		.ascii	"\310N\263\237\220O\015\273\011\370\265\2536\256q\303"
 368      904F0DBB 
 368      09F8B5AB 
 368      36AE71C3 
 369 03cb CD146CBC 		.ascii	"\315\024l\274\333p`\273\210X\316\322\244\005\223\253"
 369      DB7060BB 
 369      8858CED2 
 369      A40593AB 
 370 03db 6ABD3749 		.ascii	"j\2757IR\315\\j\364e0\272\035Zg\030&$!\240\273\337I"
 370      52CD5C6A 
 370      F46530BA 
 370      1D5A6718 
 370      262421A0 
 371 03f2 A42B41C0 		.ascii	"\244+A\300\255j\360\241\211I\010\360\212P\005\376\251"
 371      AD6AF0A1 
 371      894908F0 
 371      8A5005FE 
 371      A9
 372 0403 1A7E543B 		.ascii	"\032~T;\255Z`\374\012\035j\227\343\337\005\361\277\012"
 372      AD5A60FC 
 372      0A1D6A97 
 372      E3DF05F1 
 372      BF0A
 373 0415 B1EE04BA 		.ascii	"\261\356\004\272\016\324\001t\015\250MI)b\332o\024]"
 373      0ED40174 
 373      0DA84D49 
 373      2962DA6F 
 373      145D
 374 0427 9FAB7535 		.ascii	"\237\253u5\272\230\326\375k\005~I\015?\346\352\011'"
 374      BA98D6FD 
 374      6B057E49 
 374      0D3FE6EA 
 374      0927
 375 0439 BD590D6F 		.ascii	"\275Y\015oR<\2213\360<\313\300v\227\014\374\354\331"
 375      523C9133 
 375      F03CCBC0 
 375      76970CFC 
 375      ECD9
 376 044b FD555370 		.ascii	"\375USp\033\313\300\003[+*\335U\031\350p\037\335\004"
 376      1BCBC003 
 376      5B2B2ADD 
 376      5519E870 
 376      1FDD04
 377 045e AFBF6E04 		.ascii	"\257\277n\004\230\326+\027i\366u\303\244\033J\366\265"
 377      98D62B17 
 377      69F675C3 
 377      A41B4AF6 
 377      B5
 378 046f 3BB2EF59 		.ascii	";\262\357Y\376\231\347\306i\262\256\325\223\351\022"
 378      FE99E7C6 
ARM GAS  C:\Users\SANDEE~1\AppData\Local\Temp\ccVpxJDe.s 			page 30


 378      69B2AED5 
 378      93E912
 379 047e FEA32272 		.ascii	"\376\243\"r(\336+Zc2\247;Okt\213\333\215\002\352Af\031"
 379      28DE2B5A 
 379      6332A73B 
 379      4F6B748B 
 379      DB8D02EA 
 380 0495 F874C3DA 		.ascii	"\370t\303\332o\351D\326\205\376\244#]\225\343O\355S"
 380      6FE944D6 
 380      85FEA423 
 380      5D95E34F 
 380      ED53
 381 04a7 58B68ADC 		.ascii	"X\266\212\334=5\235\335S\007o\035\337\353\366\302Vz"
 381      3D359DDD 
 381      53076F1D 
 381      DFEBF6C2 
 381      567A
 382 04b9 8B264B53 		.ascii	"\213&KSE\364\336wP\037\010\276M\005\337A/\300w/\322"
 382      45F4DE77 
 382      501F08BE 
 382      4D05DF41 
 382      2FC0772F 
 383 04ce 31E9E93B 		.ascii	"1\351\351;\236Vx\315\332-\355\356\222\354\267\333g\356"
 383      9E5678CD 
 383      DA2DEDEE 
 383      92ECB7DB 
 383      67EE
 384 04e0 2848951A 		.ascii	"(H\225\032a\336\233\024\210\362\024\377\341\021\276"
 384      61DE9B14 
 384      88F214FF 
 384      E111BE
 385 04ef 73C11D74 		.ascii	"s\301\035t\020\374\022\320]4\013\346?\330\237\274i\012"
 385      10FC12D0 
 385      5D340BE6 
 385      3FD89FBC 
 385      690A
 386 0501 DE8AE92E 		.ascii	"\336\212\351.\372\244>oL\207\013(#\256\257\330y\337"
 386      FAA43E6F 
 386      4C870B28 
 386      23AEAFD8 
 386      79DF
 387 0513 3CD985D4 		.ascii	"<\331\205\324?\351\205\324R>\267\365\222$\315D\017\340"
 387      3FE985D4 
 387      523EB7F5 
 387      9224CD44 
 387      0FE0
 388 0525 94BAAFE8 		.ascii	"\224\272\257\350/q\\H\2477\356\037\3014 \004\301\002"
 388      2F715C48 
 388      A737EE1F 
 388      C1342004 
 388      C102
 389 0537 9272EE49 		.ascii	"\222r\356I\246'.d\2127TV?\323;o\333\321\205d1\207\000"
 389      A6272E64 
 389      8A375456 
 389      3FD33B6F 
 389      DBD18564 
 390 054e 3AA016A6 		.ascii	":\240\026\246i\331\240\366]\3738\255\247\001Q\255D\324"
ARM GAS  C:\Users\SANDEE~1\AppData\Local\Temp\ccVpxJDe.s 			page 31


 390      69D9A0F6 
 390      5DFB38AD 
 390      A70151AD 
 390      44D4
 391 0560 4344D5EE 		.ascii	"CD\325\356\030\356\270#\327\022\276\\]\342\315\352\222"
 391      18EEB823 
 391      D712BE5C 
 391      5DE2CDEA 
 391      92
 392 0571 913DB7B2 		.ascii	"\221=\267\262D\\\301B\263\272`\303YlZMV\344\353\\\316"
 392      445CC142 
 392      B3BA60C3 
 392      596C5A4D 
 392      56E4EB5C 
 393 0586 30E3E8F8 		.ascii	"0\343\350\370\346.O\\\315\246\037\032\271~R\217/0f\375"
 393      E62E4F5C 
 393      CDA61F1A 
 393      B97E528F 
 393      2F3066FD 
 394 059a E68A0A1D 		.ascii	"\346\212\012\035\376\2341\373\266g\246\351\361\025\306"
 394      FE9C31FB 
 394      B667A6E9 
 394      F115C6
 395 05a9 E465651C 		.ascii	"\344ee\0345\341V\306|\370I\313\250;nc\314\376\321/\006"
 395      35E156C6 
 395      7CF849CB 
 395      A83B6E63 
 395      CCFED12F 
 396 05be 48C1F222 		.ascii	"H\301\362\")X0W\256\274\310\312\2253u\347\017\230q\027"
 396      29583057 
 396      AEBCC8CA 
 396      953375E7 
 396      0F987117 
 397 05d2 8B60C69E 		.ascii	"\213`\306\236\374\265\356\216\245\003\213\365\276\202"
 397      FCB5EE8E 
 397      A5038BF5 
 397      BE82
 398 05e0 33835092 		.ascii	"3\203P\222\350K&Qs\307\241\363\271s\351\252O\376\240"
 398      E84B2651 
 398      73C7A1F3 
 398      B973E9AA 
 398      4FFEA0
 399 05f3 5892A6A2 		.ascii	"X\222\246\242D\321\204$\321\031\354\027\345\205+\317"
 399      44D18424 
 399      D119EC17 
 399      E5852BCF 
 400 0603 BCD66BC2 		.ascii	"\274\326k\302\367\230\212\261\344\255\017\225\222\350"
 400      F7988AB1 
 400      E4AD0F95 
 400      92E8
 401 0611 625EC039 		.ascii	"b^\3009Z\205\254\202\251\311\312T\220\344X'\265\031"
 401      5A85AC82 
 401      A9C9CA54 
 401      90E45827 
 401      B519
 402 0623 291A6680 		.ascii	")\032f\200\222\244\221\275\245F\374\210*\321\015?Y\327"
 402      92A491BD 
ARM GAS  C:\Users\SANDEE~1\AppData\Local\Temp\ccVpxJDe.s 			page 32


 402      A546FC88 
 402      2AD10D3F 
 402      59D7
 403 0635 6642A4B2 		.ascii	"fB\244\262p\036\015\242\300m\2624\221\235\013\351 k"
 403      701E0DA2 
 403      C06DB234 
 403      919D0BE9 
 403      206B
 404 0647 8DE88356 		.ascii	"\215\350\203V\213\374\345\332R\356S6\324%I\351fj\326"
 404      8BFCE5DA 
 404      52EE5336 
 404      D42549E9 
 404      666AD6
 405 065a 97903E64 		.ascii	"\227\220>d\202\323\002z\250\367q\367k\305\033\037J\366"
 405      82D3027A 
 405      A8F771F7 
 405      6BC51B1F 
 405      4AF6
 406 066c 244CD1A9 		.ascii	"$L\321\251\242\026\232;\333\236\227\232Hb\002f\342\321"
 406      A2169A3B 
 406      DB9E979A 
 406      48620266 
 406      E2D1
 407 067e A6BBD4D9 		.ascii	"\246\273\324\331\237\205\220\317t_\037vd^)\363J\244"
 407      9F8590CF 
 407      745F1F76 
 407      645E29F3 
 407      4AA4
 408 0690 6289B831 		.ascii	"b\211\27010b\2358]\253\274\311\242.&\323\323Oq\221\200"
 408      30629D38 
 408      5DABBCC9 
 408      A22E26D3 
 408      D34F7191 
 409 06a5 898BEBC1 		.ascii	"\211\213\353\301\305\015\340\342Z\221?\352\372K_\240"
 409      C50DE0E2 
 409      5A913FEA 
 409      FA4B5FA0 
 410 06b5 072CA078 		.ascii	"\007,\240x+\230;OJ\2757%\223+\215\324\013_L\256\030"
 410      2B983B4F 
 410      4ABD3725 
 410      932B8DD4 
 410      0B5F4CAE 
 411 06ca A23E545A 		.ascii	"\242>TZwA\234\016\026$Nj\2010A=\331\263g/\027\232\361"
 411      77419C0E 
 411      16244E6A 
 411      8130413D 
 411      D9B3672F 
 412 06e1 084BCF9E 		.ascii	"\010K\317\236\272#IF<\306\230]\365\207\353\364X\322"
 412      BA234946 
 412      3CC6985D 
 412      F587EBF4 
 412      58D2
 413 06f3 51A624FF 		.ascii	"Q\246$\377p\223\210S\031SP<\260\026\341\015\214\031"
 413      70938853 
 413      1953503C 
 413      B016E10D 
 413      8C19
ARM GAS  C:\Users\SANDEE~1\AppData\Local\Temp\ccVpxJDe.s 			page 33


 414 0705 4C3B62C3 		.ascii	"L;b\303[\330sJv\306E\221m\275\227\200\335\272fg\227"
 414      5BD8734A 
 414      76C64591 
 414      6DBD9780 
 414      DDBA6667 
 415 071a 4E2EFAC9 		.ascii	"N.\372\311\011y\354Jn\211\021\357\240X\317\214\274\214"
 415      0979EC4A 
 415      6E8911EF 
 415      A058CF8C 
 415      BC8C
 416 072c 2213926B 		.ascii	"\"\023\222kN\372\201;<%\031\326\357uV\037=\005\1777"
 416      4EFA813B 
 416      3C2519D6 
 416      EF75561F 
 416      3D057F37 
 417 0740 C3FA658B 		.ascii	"\303\372e\213\223US\004=\372\206\202\376P\215~\304W"
 417      93555304 
 417      3DFA8682 
 417      FE508D7E 
 417      C457
 418 0752 86047D97 		.ascii	"\206\004}\227C\217 \025\372\261\032=\304\241\237h\243"
 418      438F2015 
 418      FAB11A3D 
 418      C4A19F68 
 418      A3
 419 0763 9929FC95 		.ascii	"\231)\374\225\267M\234\201\266\212d,[\316\353\375\260"
 419      B74D9C81 
 419      B68A642C 
 419      5BCEEBFD 
 419      B0
 420 0774 E87B20EA 		.ascii	"\350{ \352\333\201v\001\355\005\332\015\224\003\264"
 420      DB817601 
 420      ED05DA0D 
 420      9403B4
 421 0783 0FE863A0 		.ascii	"\017\350c\240\035@;\201>r\346>1\240\226\013\305&\265"
 421      1D403B81 
 421      3E72E63E 
 421      31A0960B 
 421      C526B5
 422 0796 73E56A73 		.ascii	"s\345js\2739s\237\251\315\235X\004\020x\033'<S-\374"
 422      BB39739F 
 422      A9CD9D58 
 422      0410781B 
 422      273C532D 
 423 07ab B85AF8E8 		.ascii	"\270Z\370\350/\024\364\026\315U\341\300M\234\350,m\273"
 423      2F14F416 
 423      CD55E1C0 
 423      4D9CE82C 
 423      6DBB
 424 07bd 9D96C0AE 		.ascii	"\235\226\300\256\352,31\374FH\322Qm\3139\351\275\216"
 424      EA2C3331 
 424      FC4648D2 
 424      516DCB39 
 424      E9BD8E
 425 07d0 1D41C467 		.ascii	"\035A\304gh[>\241\202.a\365K\266z\223#{\375\310\011"
 425      685B3EA1 
 425      822E61F5 
ARM GAS  C:\Users\SANDEE~1\AppData\Local\Temp\ccVpxJDe.s 			page 34


 425      4BB67A93 
 425      237BFDC8 
 426 07e5 3DFE9826 		.ascii	"=\376\230&\244xgG_\276\233\252~q,&\312\2055\374_\326"
 426      A4786747 
 426      5FBE9BAA 
 426      7E712C26 
 426      CA8535FC 
 427 07fb 93595255 		.ascii	"\223YRUNk\232\203 \350\200r\274\022\273X\025P\333\266"
 427      4E6B9A83 
 427      20E88072 
 427      BC12BB58 
 427      1550DBB6 
 428 080f D18B2F46 		.ascii	"\321\213/F\016\212|1\222'\232\345)\200-Z\363\341mO\\"
 428      0E8A7C31 
 428      92279AE5 
 428      29802D5A 
 428      F3E16D4F 
 429 0824 C04CBFDC 		.ascii	"\300L\277\3340X\354\205|\315LKC\333\324d\342o\001\301"
 429      3058EC85 
 429      7CCD4C4B 
 429      43DBD464 
 429      E26F01C1 
 430 0838 2B6A603A 		.ascii	"+j`:4\223HG\371\340\324\004\005{Zof{\321\253\226\310"
 430      34934847 
 430      F9E0D404 
 430      057B5A6F 
 430      667BD1AB 
 431 084e 1966576D 		.ascii	"\031fWm\303\326\375\265x\322\242\346\260H\212\232C\242"
 431      C3D6FDB5 
 431      78D2A2E6 
 431      B0488A9A 
 431      43A2
 432 0860 5CD424A6 		.ascii	"\\\324$\246n\351ws\0265\257\347+E\015\000\321=\245\016"
 432      6EE97773 
 432      1635AFE7 
 432      2B450D00 
 432      D13DA50E 
 433 0874 B8A72E6A 		.ascii	"\270\247.j\216\210\244\2509\331{\276\312\304N\023\211"
 433      8E88A4A8 
 433      39D97BBE 
 433      CAC44E13 
 433      89
 434 0885 FC1AB057 		.ascii	"\374\032\260W\255{\200p\021;jV\337Hk\226\007Gh<\372"
 434      AD7B8070 
 434      113B6A56 
 434      DF486B96 
 434      0747683C 
 435 089a F38B3CE5 		.ascii	"\363\213<\345\237\012\204\037\257x\332\352\211\313\030"
 435      9F0A841F 
 435      AF78DAEA 
 435      89CB18
 436 08a9 38FD6473 		.ascii	"8\375ds\247\216\\\373\222\354:\314R\342ZH\2567\310a"
 436      A78E5CFB 
 436      92EC3ACC 
 436      52E25A48 
 436      AE37C861 
 437 08bd 3497DE5D 		.ascii	"4\227\336][\312\266\024zyg\310Y0SG\017\336\343\220\010"
ARM GAS  C:\Users\SANDEE~1\AppData\Local\Temp\ccVpxJDe.s 			page 35


 437      5BCAB614 
 437      7A7967C8 
 437      59305347 
 437      0FDEE390 
 438 08d2 2C714F8A 		.ascii	",qO\212\336\2169\004\275\255\270{\300\013W3=\231g\037"
 438      DE8E3904 
 438      BDADB87B 
 438      C00B5733 
 438      3D99671F 
 439 08e6 0F7BE03A 		.ascii	"\017{\340:\306\264\357\335\274_\307,\354#|\366\330X"
 439      C6B4EFDD 
 439      BC5FC72C 
 439      EC237CF6 
 439      D858
 440 08f8 8A0E37B2 		.ascii	"\212\0167\262\301\244\222\253\231r\355\330E\337S$m\312"
 440      C1A492AB 
 440      9972EDD8 
 440      45DF5324 
 440      6DCA
 441 090a 31E03636 		.ascii	"1\34066\370E\377\301\001\003\276\305\230\242\033[\316"
 441      F845FFC1 
 441      0103BEC5 
 441      98A21B5B 
 441      CE
 442 091b C8D54D2B 		.ascii	"\310\325M+\341\317\016\357\0344\343~6\270*\347\322:"
 442      E1CF0EEF 
 442      1C34E37E 
 442      36B82AE7 
 442      D23A
 443 092d 373CC298 		.ascii	"7<\302\230\341k\353\253\3148IO\231s57\233\215x\035c"
 443      E16BEBAB 
 443      CC38494F 
 443      99733537 
 443      9B8D781D 
 444 0942 D6561656 		.ascii	"\326V\026V\311\357fj\350\312\364\035M\303x+\033tD\316"
 444      C9EF666A 
 444      E8CAF41D 
 444      4DC3782B 
 444      1B7444CE 
 445 0956 5B8EDC60 		.ascii	"[\216\334`\343\331tw\274\233\015\326\257\311\202\335"
 445      E3D97477 
 445      BC9B0DD6 
 445      AFC982DD 
 446 0966 9ECB98F1 		.ascii	"\236\313\230\361\035\003\331f|\2241\245\373V\345\031"
 446      1D03D966 
 446      7C9431A5 
 446      FB56E519 
 447 0976 F169C694 		.ascii	"\361i\306\224\024\225V\311o$\346\222{\240a}\273\031"
 447      149556C9 
 447      6F24E692 
 447      7BA0617D 
 447      BB19
 448 0988 57B0B1C3 		.ascii	"W\260\261\303}iv7\\+\317\252\177V\340\205\233d\346Z"
 448      7D697637 
 448      5C2BCFAA 
 448      7F56E085 
 448      9B64E65A 
ARM GAS  C:\Users\SANDEE~1\AppData\Local\Temp\ccVpxJDe.s 			page 36


 449 099c A11F6E67 		.ascii	"\241\037ng\317{\372\212\241\202\355a\314\215\216\333"
 449      CF7BFA8A 
 449      A182ED61 
 449      CC8D8EDB 
 450 09ac E95EB89F 		.ascii	"\351^\270\2371\251g\266\224\271\343\021\331\255\256"
 450      31A967B6 
 450      94B9E311 
 450      D9ADAE
 451 09bb 4E84130D 		.ascii	"N\204\023\015\364\371^\272\375\252\210\323\031\223W"
 451      F4F95EBA 
 451      FDAA88D3 
 451      199357
 452 09ca BCFE861E 		.ascii	"\274\376\206\036ob\314\315\242\224':\274\2151\371c\273"
 452      6F62CCCD 
 452      A294273A 
 452      BC8D31F9 
 452      63BB
 453 09dc 1ADDF14E 		.ascii	"\032\335\361N\3064\236\356\352\361\3029\214)\310\355"
 453      C6349EEE 
 453      EAF1C239 
 453      8C29C8ED 
 454 09ec E8759373 		.ascii	"\350u\223s\206\274H\3119\325\0057\373A:837\327~\337"
 454      86BC48C9 
 454      39D50537 
 454      FB413A38 
 454      3337D77E 
 455 0a01 0BF9701F 		.ascii	"\013\371p\037vO\371\362]>\354Dji\300k\016\325\256\223"
 455      764FF9F2 
 455      5D3EEC44 
 455      6A69C06B 
 455      0ED5AE93 
 456 0a15 7657207A 		.ascii	"vW z(}\012\273\256\227\337]GE\365E\364G\345\204\254"
 456      287D0ABB 
 456      AE97DF5D 
 456      4745F545 
 456      F447E584 
 457 0a2a 52A32B45 		.ascii	"R\243+E\365Y=\364\276\002oP\303\037\273\036\355\034"
 457      F5593DF4 
 457      BE026F50 
 457      C31FBB1E 
 457      ED1C
 458 0a3c FC7335DC 		.ascii	"\374s5\334\345<\355\266*\350R5\272\304\305\226\246\245"
 458      E53CEDB6 
 458      2AE85235 
 458      BAC4C596 
 458      A6A5
 459 0a4e 0AFCAAB6 		.ascii	"\012\374\252\266\243\023~k.e\2775a\337\240\0232\334"
 459      A3137E6B 
 459      2E65BF35 
 459      61DFA013 
 459      32DC
 460 0a60 B19BD031 		.ascii	"\261\233\3201u\\F\027)\302/\253\205\273\334xC\034\372"
 460      755C4617 
 460      29C22FAB 
 460      85BBDC78 
 460      431CFA
 461 0a73 8A1AED5A 		.ascii	"\212\032\355Z*p1\257P\243\033]dsQ9\345\342\246\032]"
ARM GAS  C:\Users\SANDEE~1\AppData\Local\Temp\ccVpxJDe.s 			page 37


 461      2A7031AF 
 461      50A31B5D 
 461      64735139 
 461      E5E2A61A 
 462 0a88 CBA1ED2E 		.ascii	"\313\241\355.v+^\362\227K+D\201\275e\350\225o\226\373"
 462      762B5EF2 
 462      974B2B44 
 462      81BD65E8 
 462      956F96FB 
 463 0a9c 70083F81 		.ascii	"p\010?\201[\243\033\350\006\320=\240\207@\217\200:\200"
 463      5BA31BE8 
 463      06D03DA0 
 463      87408F80 
 463      3A80
 464 0aae 9E023D03 		.ascii	"\236\002=\003j\007\352\003\032\002\272\0154\000\364"
 464      6A07EA03 
 464      1A02BA0D 
 464      3400F4
 465 0abd 00E82ED0 		.ascii	"\000\350.\3205\240A\240\233@\375@=@\217\201\206\201"
 465      35A041A0 
 465      9B40FD40 
 465      3D408F81 
 465      8681
 466 0acf 3A814680 		.ascii	":\201F\200n\001\335\001\352\002j\003\272>\261\352\340"
 466      6E01DD01 
 466      EA026A03 
 466      BA3EB1EA 
 466      E0
 467 0ae0 E254A7F6 		.ascii	"\342T\247\366\245\326e\201G\337W\026\270^\275\300.\025"
 467      A5D66581 
 467      47DF5716 
 467      B85EBDC0 
 467      2E15
 468 0af2 D82817A8 		.ascii	"\330(\027\250\"\355\260\362k\326\315\331R\255\275O8"
 468      22EDB0F2 
 468      6BD6CDD9 
 468      52ADBD4F 
 468      38
 469 0b03 E1155CDE 		.ascii	"\341\025\\\336_\322\316\036\2760\350lg\205A\357\304"
 469      5FD2CE1E 
 469      BE30E86C 
 469      678541EF 
 469      C4
 470 0b14 C280D5DD 		.ascii	"\302\200\325\335\235\235\336Y\316\272\273F-\254\311"
 470      9D9DDE59 
 470      CEBABB46 
 470      2DACC9
 471 0b23 C5D20ACE 		.ascii	"\305\322\012\316\261\317\264\263\213\207\327r\2466\253"
 471      B1CFB4B3 
 471      8B87D772 
 471      A636AB
 472 0b32 E12ED557 		.ascii	"\341.\325W\023\027\206\363\332\266p\357\265\206\376"
 472      131786F3 
 472      DAB670EF 
 472      B586FE
 473 0b41 A8ACC839 		.ascii	"\250\254\3109\365\212\234u\011\032'\373\202\366rs\350"
 473      F58A9C75 
ARM GAS  C:\Users\SANDEE~1\AppData\Local\Temp\ccVpxJDe.s 			page 38


 473      091A27FB 
 473      82F67273 
 473      E8
 474 0b52 36CECD32 		.ascii	"6\316\3152\355\303\202\267\233\363\262I\333K\376\325"
 474      EDC382B7 
 474      9BF3B249 
 474      DB4BFED5 
 475 0b62 6893957B 		.ascii	"h\223\225{+\254\275\213\370\030\336\345\266\177\213"
 475      2BACBD8B 
 475      F818DEE5 
 475      B67F8B
 476 0b71 E6F6E75E 		.ascii	"\346\366\347^\012w\277\257\310n\324>\023\371\254\276"
 476      0A77BFAF 
 476      C86ED43E 
 476      13F9ACBE 
 477 0b81 6B556278 		.ascii	"kUbxZ\035\303b\227\343\234\363\363\242\366\371\354\370"
 477      5A1DC362 
 477      97E39CF3 
 477      F3A2F6F9 
 477      ECF8
 478 0b93 91F6B8A0 		.ascii	"\221\366\270\240\240\303\003\337\242\227\214x\"\263"
 478      A0C303DF 
 478      A2978C78 
 478      22B3
 479 0ba1 24D313F9 		.ascii	"$\323\023\371N\223_\270\366\321\362p\014&\217*u[/-\017"
 479      4E935FB8 
 479      F6D1F270 
 479      0C268F2A 
 479      755B2F2D 
 480 0bb6 B50E0EF4 		.ascii	"\265\016\016\364\005\234\027\377/g\007y\231Qw\355\021"
 480      059C17FF 
 480      2F670779 
 480      995177ED 
 480      11
 481 0bc7 E2EBD7B1 		.ascii	"\342\353\327\261\011\365\353\227\264\000\245-\371\333"
 481      09F5EB97 
 481      B400A52D 
 481      F9DB
 482 0bd5 445AF36D 		.ascii	"DZ\363m\317\011/\360\264^W\013_\371\256\232\374Ek\354"
 482      CF092FF0 
 482      B45E570B 
 482      5FF9AE9A 
 482      FC456BEC 
 483 0be9 E279375E 		.ascii	"\342y7^\357\363\011z\307e\275\343T\357\261\206\334-"
 483      EFF3097A 
 483      C765BDE3 
 483      54EFB186 
 483      DC2D
 484 0bfb EE9A7A85 		.ascii	"\356\232z\205\257\257\024Ix\032\310\352\033\354\335"
 484      AFAF1449 
 484      781AC8EA 
 484      1BECDD
 485 0c0a EE61925F 		.ascii	"\356a\222_`\255\376\312\327I(\021\223\267\330\351\251"
 485      60ADFECA 
 485      D7492811 
 485      93B7D8E9 
 485      A9
ARM GAS  C:\Users\SANDEE~1\AppData\Local\Temp\ccVpxJDe.s 			page 39


 486 0c1b 0F5B301E 		.ascii	"\017[0\036`5\310\307Y\322\247\006Zf\203y\362{\264\321"
 486      6035C8C7 
 486      59D2A706 
 486      5A668379 
 486      F27BB4D1 
 487 0c2f B66D97F4 		.ascii	"\266m\227\364\264\217T\344\311\230v\256m.\310\363\234"
 487      B48F54E4 
 487      C99876AE 
 487      6D2EC8F3 
 487      9C
 488 0c40 B4F45E85 		.ascii	"\264\364^\205I\351\235\202\345\322\273r\307\372QO(\275"
 488      49E99D82 
 488      E5D2BB72 
 488      C7FA514F 
 488      28BD
 489 0c52 EDB4F47E 		.ascii	"\355\264\364~\265e\037-\275w\277I\201(\011;\223\013"
 489      B5651F2D 
 489      BD77BF49 
 489      8128093B 
 489      930B
 490 0c64 1E2796DE 		.ascii	"\036'\226\336\251x\226\340i\215\213\210\261\306\304"
 490      A97896E0 
 490      698D8B88 
 490      B1C6C4
 491 0c73 445AA397 		.ascii	"DZ\243\227G\333\214o\377\366w3\003\375\375\005CXpP\204"
 491      47DB8C6F 
 491      FFF67733 
 491      03FDFD05 
 491      43587050 
 492 0c88 2D4217B1 		.ascii	"-B\027\261$>\306d\265\256\210^n{%\300j[\270\370\347"
 492      243EC664 
 492      B5AE885E 
 492      6E7B25C0 
 492      6A5BB8F8 
 493 0c9d 8B3E58BE 		.ascii	"\213>X\276\302\026\033\033\223\020\021\277l\321k3\003"
 493      C2161B1B 
 493      931011BF 
 493      6CD16B33 
 493      03
 494 0cae E6FAFFF4 		.ascii	"\346\372\377\364\345\277\004\274\274\".2\302\026\265"
 494      E5BF04BC 
 494      BC222E32 
 494      C216B5
 495 0cbd 083A5F5E 		.ascii	"\010:_^\036\273<\352\345\250\210?E/\212^\2768fEd\324"
 495      1EBB3CEA 
 495      E5A8883F 
 495      452F8A5E 
 495      BE386645 
 496 0cd3 A265118B 		.ascii	"\242e\021\213\227F/\217Zd\215\214Z\022\261\"\306f\265"
 496      97462F8F 
 496      5A648D8C 
 496      5A12B122 
 496      C666B5
 497 0ce6 FD2D2E2A 		.ascii	"\375-.*a\316R\301\350\020\034\364\337\011N\370[\302"
 497      61CE52C1 
 497      E8101CF4 
 497      DF094EF8 
ARM GAS  C:\Users\SANDEE~1\AppData\Local\Temp\ccVpxJDe.s 			page 40


 497      5BC2
 498 0cf8 226B822D 		.ascii	"\"k\202-\022\244\2004\034\033\031\257\217\203\011\361"
 498      12A48034 
 498      1C1B19AF 
 498      8F8309F1 
 499 0d08 6EB10971 		.ascii	"n\261\011qQQ\221\361\206X\242)^\277,62*\2368\263\324"
 499      515191F1 
 499      8658A229 
 499      5EBF2C36 
 499      322A9E38 
 500 0d1e 7FCE1C3F 		.ascii	"\177\316\034?\366?6\301oiD\214_\\l\274-\301/\374\335"
 500      F63F36C1 
 500      6F69448C 
 500      5F5C6CBC 
 500      2DC12FFC 
 501 0d33 775E09F0 		.ascii	"w^\011\360\013\015\015\362{;l\301\302\277\006\370\311"
 501      0B0D0DF2 
 501      7B3B6CC1 
 501      C2BF06F8 
 501      C9
 502 0d44 5101A9DE 		.ascii	"Q\001\251\336\011\266e`\342\007q\321\261\326\204(\333"
 502      09B66560 
 502      E20771D1 
 502      B1D68428 
 502      DB
 503 0d55 8A38ABCD 		.ascii	"\2128\253\315\020\026D\242c\010\013d\315|\326\314cM"
 503      101644A2 
 503      63080B64 
 503      CD7CD6CC 
 503      634D
 504 0d67 0869DCC3 		.ascii	"\010i\334\303\346\205\006\306._\022\375\3017\325\270"
 504      E68506C6 
 504      2E5F12FD 
 504      C137D5B8 
 505 0d77 58F8B673 		.ascii	"X\370\266sM@\337\007\361\261+\342\210\375\306\350X\322"
 505      4D40DF07 
 505      F1B12BE2 
 505      88FDC6E8 
 505      58D2
 506 0d89 586DE6E8 		.ascii	"Xm\346\350X\"bYD\302\237\2556\335\274\267,!\344+T\027"
 506      58226259 
 506      44C29FAD 
 506      36DDBCB7 
 506      2C21E42B 
 507 0d9f 1AF81B8B 		.ascii	"\032\370\033\213n~\270\305\202~\217B\364\213c\242\""
 507      6E7EB8C5 
 507      827E8F42 
 507      F48B63A2 
 507      22
 508 0db0 E2E5A5F3 		.ascii	"\342\345\245\363\177\315j3:\0360\010\305\013\203,xA"
 508      7FCD6A33 
 508      3A1E3008 
 508      C50B832C 
 508      7841
 509 0dc2 90451FF6 		.ascii	"\220E\037\366\273\260 \213\333\302\360\260\340\340 "
 509      BBB0208B 
 509      DBC2F0B0 
ARM GAS  C:\Users\SANDEE~1\AppData\Local\Temp\ccVpxJDe.s 			page 41


 509      E0E020
 510 0dd1 8B61E1BB 		.ascii	"\213a\341\273\177\010\013\266\350\337Y\030\024l\301"
 510      7F080BB6 
 510      E8DF5918 
 510      146CC1
 511 0de0 F32D1633 		.ascii	"\363-\0263\347\272\315\304\324FGZm\372\360\360\300\267"
 511      E7BACDC4 
 511      D446475A 
 511      6DFAF0F0 
 511      C0B7
 512 0df2 2DEE96E0 		.ascii	"-\356\226\340\360`\313{\301A\257\341\300p\320\034\024"
 512      F060CB7B 
 512      C141AFE1 
 512      C070D01C 
 512      14
 513 0e03 A874FDC4 		.ascii	"\250t\375\304}^\330\374\200\320\260\340\337Z\310\223"
 513      7D5ED8FC 
 513      80D0B0E0 
 513      DF5AC893 
 514 0e13 3F7B728C 		.ascii	"?{r\214\276\352>/d\376+\362h\210\023\027\242\306\275"
 514      BEEA3E2F 
 514      64FE2BF2 
 514      68881317 
 514      A2C6BD
 515 0e26 E246A440 		.ascii	"\342F\244@\017i\375\371\221\0007\"\201\216\204\310\210"
 515      0F69FDF9 
 515      91003722 
 515      818E84C8 
 515      88
 516 0e37 9089087F 		.ascii	"\220\211\010\177#\231k\011\177\327B\036\374\311\203"
 516      23996B09 
 516      7FD7421E 
 516      FCC983
 517 0e46 736CAE91 		.ascii	"sl\256\221\314fc!\016P\010\003\341\300\005\026]\340"
 517      CC666321 
 517      0E500803 
 517      E1C00516 
 517      5DE0
 518 0e58 5B6F5BDC 		.ascii	"[o[\334\302BCI+\006ZL\360\270  \234p\023V3j\245\315"
 518      C2424349 
 518      2B065A4C 
 518      F0B82020 
 518      9C701356 
 519 0e70 2FF09DF0 		.ascii	"/\360\235\360\005\341\260\232lA\337zu\345J?\032\265"
 519      05E1B09A 
 519      6C41DF7A 
 519      75E54A3F 
 519      1AB5
 520 0e82 25AFCEF5 		.ascii	"%\257\316\365_\271\030\362\307\303\022\030h}\027\322"
 520      5FB918F2 
 520      C7C31218 
 520      687D17D2 
 521 0e92 30286A89 		.ascii	"0(j\211\221l2\022\316\177\003\006\2460S"
 521      916C3212 
 521      CE7F0306 
 521      A63053
 522              		.text
ARM GAS  C:\Users\SANDEE~1\AppData\Local\Temp\ccVpxJDe.s 			page 42


 523              		.section	.gnu.lto_.symtab.bfe2433a,"",%progbits
 524 0000 5F70616C 		.ascii	"_pal_lld_init\000"
 524      5F6C6C64 
 524      5F696E69 
 524      7400
 525 000e 00       		.ascii	"\000"
 526 000f 00       		.ascii	"\000"
 527 0010 00       		.ascii	"\000"
 528 0011 00000000 		.ascii	"\000\000\000\000\000\000\000\000"
 528      00000000 
 529 0019 EA000000 		.ascii	"\352\000\000\000"
 530 001d 5F70616C 		.ascii	"_pal_lld_setgroupmode\000"
 530      5F6C6C64 
 530      5F736574 
 530      67726F75 
 530      706D6F64 
 531 0033 00       		.ascii	"\000"
 532 0034 00       		.ascii	"\000"
 533 0035 00       		.ascii	"\000"
 534 0036 00000000 		.ascii	"\000\000\000\000\000\000\000\000"
 534      00000000 
 535 003e 2F010000 		.ascii	"/\001\000\000"
 536              		.text
 537              		.section	.gnu.lto_.opts,"",%progbits
 538 0000 272D666D 		.ascii	"'-fmath-errno' '-fsigned-zeros' '-ftrapping-math' '"
 538      6174682D 
 538      6572726E 
 538      6F272027 
 538      2D667369 
 539 0033 2D666E6F 		.ascii	"-fno-trapv' '-fno-openmp' '-fno-openacc' '-mcpu=cor"
 539      2D747261 
 539      70762720 
 539      272D666E 
 539      6F2D6F70 
 540 0066 7465782D 		.ascii	"tex-m4' '-mfloat-abi=hard' '-mfpu=fpv4-sp-d16' '-mn"
 540      6D342720 
 540      272D6D66 
 540      6C6F6174 
 540      2D616269 
 541 0099 6F2D7468 		.ascii	"o-thumb-interwork' '-mthumb' '-ggdb' '-O2' '-fomit-"
 541      756D622D 
 541      696E7465 
 541      72776F72 
 541      6B272027 
 542 00cc 6672616D 		.ascii	"frame-pointer' '-falign-functions=16' '-ffunction-s"
 542      652D706F 
 542      696E7465 
 542      72272027 
 542      2D66616C 
 543 00ff 65637469 		.ascii	"ections' '-fdata-sections' '-fno-common' '-flto' '-"
 543      6F6E7327 
 543      20272D66 
 543      64617461 
 543      2D736563 
 544 0132 6673696E 		.ascii	"fsingle-precision-constant'\000"
 544      676C652D 
 544      70726563 
ARM GAS  C:\Users\SANDEE~1\AppData\Local\Temp\ccVpxJDe.s 			page 43


 544      6973696F 
 544      6E2D636F 
 545              		.text
 546              		.comm	__gnu_lto_v1,1,1
 547              		.comm	__gnu_lto_slim,1,1
 548              		.ident	"GCC: (GNU Tools for ARM Embedded Processors 6-2017-q2-update) 6.3.1 20170620 (release) [AR
ARM GAS  C:\Users\SANDEE~1\AppData\Local\Temp\ccVpxJDe.s 			page 44


DEFINED SYMBOLS
                            *ABS*:00000000 pal_lld.c
                            *COM*:00000001 __gnu_lto_v1
                            *COM*:00000001 __gnu_lto_slim

NO UNDEFINED SYMBOLS
