ARM GAS  C:\Users\SANDEE~1\AppData\Local\Temp\ccRzjyJC.s 			page 1


   1              		.cpu cortex-m4
   2              		.eabi_attribute 27, 1
   3              		.eabi_attribute 28, 1
   4              		.eabi_attribute 20, 1
   5              		.eabi_attribute 21, 1
   6              		.eabi_attribute 23, 3
   7              		.eabi_attribute 24, 1
   8              		.eabi_attribute 25, 1
   9              		.eabi_attribute 26, 1
  10              		.eabi_attribute 30, 2
  11              		.eabi_attribute 34, 1
  12              		.eabi_attribute 18, 4
  13              		.file	"st.c"
  14              		.text
  15              	.Ltext0:
  16              		.section	.gnu.lto_.profile.bfe2478d,"",%progbits
  17 0000 789C6365 		.ascii	"x\234ce`b`a```d\220\342\001\000\000\300\0003"
  17      60626061 
  17      60606064 
  17      90E20100 
  17      00C00033 
  18              		.text
  19              		.section	.gnu.lto_.icf.bfe2478d,"",%progbits
  20 0000 789C6365 		.ascii	"x\234ce`bP`@\000V\206\256\177G\27613\036\276~\373\006"
  20      60625060 
  20      40005686 
  20      AE7F47BE 
  20      31331EBE 
  21 0017 1FD38BFF 		.ascii	"\037\323\213\377\223\247p3_=vd3\037\313\361\203\227"
  21      93A77033 
  21      5F3D7664 
  21      331FCBF1 
  21      8397
  22 0029 BAB91800 		.ascii	"\272\271\030\000\022\014\017\377"
  22      120C0FFF 
  23              		.text
  24              		.section	.gnu.lto_.jmpfuncs.bfe2478d,"",%progbits
  25 0000 789C6365 		.ascii	"x\234ce`b\020c@\000V\020\301\010\004\365L\014\014\314"
  25      60621063 
  25      40005610 
  25      C10804F5 
  25      4C0C0CCC 
  26 0014 209A0528 		.ascii	" \232\005(\000\000\016\012\0011"
  26      00000E0A 
  26      0131
  27              		.text
  28              		.section	.gnu.lto_.inline.bfe2478d,"",%progbits
  29 0000 789C6365 		.ascii	"x\234ce`bHe@\000V\006\006\026\036F\240 \003\003\333"
  29      60624865 
  29      40005606 
  29      06161E46 
  29      A0200303 
  30 0015 027910C5 		.ascii	"\002y\020\305\300\310\005\"\030\330X\201\302l\037\364"
  30      C0C80522 
  30      18D85881 
  30      C26C1FF4 
  31 0025 E0E24C0C 		.ascii	"\340\342L\014,\314@!\246\013\374p!fL!\026L!\006\000"
ARM GAS  C:\Users\SANDEE~1\AppData\Local\Temp\ccRzjyJC.s 			page 2


  31      2CCC4021 
  31      A60BFC70 
  31      21664C21 
  31      164C2106 
  32 003a 9CEB0870 		.ascii	"\234\353\010p"
  33              		.text
  34              		.section	.gnu.lto_.pureconst.bfe2478d,"",%progbits
  35 0000 789C6365 		.ascii	"x\234ce`b\340f```e\220`\224b\222b\226b\221\002\000\004"
  35      6062E066 
  35      60606065 
  35      90609462 
  35      92629662 
  36 0018 1000A2   		.ascii	"\020\000\242"
  37              		.text
  38              		.section	.gnu.lto_stInit.bfe2478d,"",%progbits
  39 0000 789C2D4D 		.ascii	"x\234-M1\012\302@\020\334\271\323\030\020\037\020|A"
  39      310AC240 
  39      10DCB9D3 
  39      18101F10 
  39      7C41
  40 0012 9AE44D62 		.ascii	"\232\344Mbc!\010\306>\247\026B,\264\221`\225\240Eb%"
  40      632108C6 
  40      3EA71642 
  40      2CB49160 
  40      95A04562 
  41 0027 96E9820F 		.ascii	"\226\351\202\017\260\260\325\312\302F\355\0051qO\035"
  41      B0B0D5CA 
  41      C246ED05 
  41      31714F1D 
  42 0037 76986577 		.ascii	"v\230ewv\266J\202\326D\324\374\023\222 \346\007\242"
  42      76B64A82 
  42      D644D4FC 
  42      139220E6 
  42      07A2
  43 0049 A12900DD 		.ascii	"\241)\000\335(\023\344\013\370\230\311Pb?\271f\302N"
  43      2813E40B 
  43      F898C950 
  43      623FB966 
  43      C24E
  44 005b 14230F9F 		.ascii	"\024#\017\237\226JsD\222h\311\324@\002\233\330v\331"
  44      964A7344 
  44      9268C9D4 
  44      40029BD8 
  44      76D9
  45 006d 158B8651 		.ascii	"\025\213\206Q\371\315\221\302\000\353\366\210\\\025"
  45      F9CD91C2 
  45      00EBF688 
  45      5C15
  46 007b E544E5E7 		.ascii	"\345D\345\347\025\312*\257\002\246\3761\225B\253\274"
  46      15CA2AAF 
  46      02A6FE31 
  46      9542ABBC 
  47 008b 611CBF9A 		.ascii	"a\034\277\232\332\257C\262\354~\252\371oeF\022K\311"
  47      DAAF43B2 
  47      EC7EAAF9 
  47      6F654612 
  47      4BC9
ARM GAS  C:\Users\SANDEE~1\AppData\Local\Temp\ccRzjyJC.s 			page 3


  48 009d 09D8C0A7 		.ascii	"\011\330\300\247\210\275\017\214\342\262\376\365i\004"
  48      88BD0F8C 
  48      E2B2FEF5 
  48      6904
  49 00ab BCE47341 		.ascii	"\274\344sAd9\216\373\253\236\347vZ]\327\353\267]o\340"
  49      64398EFB 
  49      AB9EE776 
  49      5A5DD7EB 
  49      B75D6FE0 
  50 00bf B4E9034F 		.ascii	"\264\351\003O\014>\251"
  50      0C3EA9
  51              		.text
  52              		.section	.gnu.lto_stStartAlarm.bfe2478d,"",%progbits
  53 0000 789C9D52 		.ascii	"x\234\235RMkSA\024\2353\223\276\204\240u\251b\026]\264"
  53      4D6B5341 
  53      149D3393 
  53      BE84A075 
  53      A962165D 
  54 0015 94BAC810 		.ascii	"\224\272\310\020\335\370\003D\020\332\225]\270\223\032"
  54      DDF80344 
  54      10DA955D 
  54      B8931A
  55 0024 850A914A 		.ascii	"\205\012\221J\023\\\332iH,\246~\241\2645\305\362\002"
  55      135CDA69 
  55      482CA67E 
  55      A1B435C5 
  55      F202
  56 0036 516A52D3 		.ascii	"QjR\323|\250\325\324\212\217 \270j\305\202\013A!(\325"
  56      7CA8D5D4 
  56      8A8F20B8 
  56      6AC5820B 
  56      412128D5 
  57 004a 0A51FC08 		.ascii	"\012Q\374\010\212\010\255w&Q\252+qx\363f\356\235s\317"
  57      8A08AD77 
  57      2651AA2B 
  57      7178F366 
  57      EE9D73CF 
  58 005e 3DF7CEB4 		.ascii	"=\367\316\2640\316\312\234\261\203\214\261\0354!\030"
  58      30CECA9C 
  58      B1838CB1 
  58      1D342118 
  59 006e F8C525C6 		.ascii	"\370\305%\306\206=\034\320\033\345\001\033\342\030\302"
  59      863D1CD0 
  59      1BE5011B 
  59      E218C2
  60 007d 05312150 		.ascii	"\0051!P\031yS\346]\323\212\20631o\235V\361m\266`,IS"
  60      197953E6 
  60      5DD38A86 
  60      33316F9D 
  60      56F16DB6 
  61 0095 0F4CA38B 		.ascii	"\017L\243\213POc\205\253\342\274\260\005\340\"\363\323"
  61      504F6385 
  61      ABE2BCB0 
  61      05E022F3 
  61      D3
  62 00a6 E2E4EB56 		.ascii	"\342\344\353Vmr\264\221\371#[x\261E\370\300h\277\372"
  62      6D72B491 
ARM GAS  C:\Users\SANDEE~1\AppData\Local\Temp\ccRzjyJC.s 			page 4


  62      F9235B78 
  62      B145F8C0 
  62      68BFFA
  63 00b9 B07A099D 		.ascii	"\260z\011\235\327\225\212*\247vY\250v[\010d!\210\020"
  63      D7958A2A 
  63      A77659A8 
  63      765B0864 
  63      218810
  64 00cc 19F87003 		.ascii	"\031\370p\003>F.\206\031tj\374\253\342\332\330f\313"
  64      3E462E86 
  64      19746AFC 
  64      ABE2DAD8 
  64      66CB
  65 00de 95FE9513 		.ascii	"\225\376\225\0237a\201\326\3742\034\265\266>\242\234"
  65      376181D6 
  65      FC321CB5 
  65      B63EA29C 
  66 00ee FA353CDB 		.ascii	"\3725<\333g\221x\035\301\022\004\322U\214\012\256W\261"
  66      6791781D 
  66      C11204D2 
  66      558C0AAE 
  66      57B1
  67 0100 02AE69CE 		.ascii	"\002\256i\3168\211G^\321n$\330\331\271\032:\322F\302"
  67      3889475E 
  67      D16E24D8 
  67      D9B91A3A 
  67      D246C2
  68 0113 87E4A6A4 		.ascii	"\207\344\246\244rbmZE\356O\025\246\274YtL\021\323;T"
  68      72626D5A 
  68      45EE4F15 
  68      A6BC5974 
  68      4C11D33B 
  69 0128 26BF3FAF 		.ascii	"&\277?\257\215\355\371\255(\326\350\310\262%4\306\310"
  69      8DEDF9AD 
  69      28D6E8C8 
  69      B22534C6 
  69      C8
  70 0139 4A0A6C50 		.ascii	"J\012lP\314\220\207E\014\005X\344\034\217W\236\270u"
  70      CC908745 
  70      0C0558E4 
  70      1C8F579E 
  70      B875
  71 014b 475C06B3 		.ascii	"G\\\006\263\224\373\366\321\33305\217\356Yz\366\353"
  71      94FBF6D1 
  71      DB30358F 
  71      EE597AF6 
  71      EB
  72 015c 638F8D29 		.ascii	"c\217\215)\330\242\005%\322P\324\032\350 \273X\377\342"
  72      D8A20525 
  72      D250D41A 
  72      E820BB58 
  72      FFE2
  73 016e 9639151B 		.ascii	"\2269\025\033V\325\267\245\255\237)\312\302-\330\270"
  73      56D5B7A5 
  73      AD9F29CA 
  73      C22DD8B8 
  74 017e 42A59A24 		.ascii	"B\245\232$\004Z\037/\276\264\002y\015J\225\210\302\215"
ARM GAS  C:\Users\SANDEE~1\AppData\Local\Temp\ccRzjyJC.s 			page 5


  74      045A1F2F 
  74      BEB40279 
  74      0D4A9588 
  74      C28D
  75 0190 DB90D8E9 		.ascii	"\333\220\330\351k\"p\007\201f\035\365\325\205xkS\325"
  75      6B227007 
  75      81661DF5 
  75      D585786B 
  75      53D5
  76 01a2 BFE44C9D 		.ascii	"\277\344L\235\322ls&\037\232lw!7\326\344&\377=\2124"
  76      D26C7326 
  76      1F9A6C77 
  76      2137D6E4 
  76      26FF3D8A 
  77 01b7 EC0FFE83 		.ascii	"\354\017\376\203\275l\330y\223}\336\260/\330g3\336\006"
  77      BD6CD879 
  77      937DDEB0 
  77      2FD86733 
  77      DE06
  78 01c9 3BC77D8A 		.ascii	";\307}\212\\A\264:\232\011\232\007\240[\316\336#\232"
  78      5C41B43A 
  78      9A099A07 
  78      A05BCEDE 
  78      239A
  79 01db 9A3907ED 		.ascii	"\2329\007\3550\227\225 }t\345\364\270\267\373\375\262"
  79      30979520 
  79      7D74E5F4 
  79      B8B7FBFD 
  79      B2
  80 01ec F10D8465 		.ascii	"\361\015\204e\177_H\206\007\2032\034\361\007\231\273"
  80      7F5F4886 
  80      0783321C 
  80      F10799BB 
  81 01fc EF703872 		.ascii	"\357p8r\354\370Q\227\376\311\277a'\006\006#ay\240\267"
  81      ECF85197 
  81      FEC9BF61 
  81      27060623 
  81      6179A0B7 
  82 0210 67F72ED9 		.ascii	"g\367.\331\335\275W\366\356\3579\031\240\300C\241\320"
  82      DDBD57F6 
  82      EEEF3919 
  82      A0C043A1 
  82      D0
  83 0221 117F3FFB 		.ascii	"\021\177?\373\011\015\343\373X"
  83      090DE3FB 
  83      58
  84              		.text
  85              		.section	.gnu.lto_stStopAlarm.bfe2478d,"",%progbits
  86 0000 789C5D50 		.ascii	"x\234]PAK\002A\024~\337\214\255\022tO\362\326\311\313"
  86      414B0241 
  86      147EDF8C 
  86      AD12744F 
  86      F2D6C9CB 
  87 0014 0ED55F88 		.ascii	"\016\325_\210 \322S\336#\354\340A0\\\351\352\032\232"
  87      20D253DE 
  87      23ECE041 
  87      305CE9EA 
ARM GAS  C:\Users\SANDEE~1\AppData\Local\Temp\ccRzjyJC.s 			page 6


  87      1A9A
  88 0026 A0505DD2 		.ascii	"\240P]\322<\304\036<X\226J\307@B$\350\224A\277@:\004"
  88      3CC41E3C 
  88      58964AC7 
  88      404224E8 
  88      9441BF40 
  89 003c 1D824AB1 		.ascii	"\035\202J\261\010\262\336\356BH\217y\314\314\373\276"
  89      08B2DEEE 
  89      42488F79 
  89      CCCCFBBE 
  90 004c F77D6F66 		.ascii	"\367}of\212\004\351 Z#\2429NH\2028\354\021e|\002\260"
  90      8A04E920 
  90      5A23A239 
  90      4E488238 
  90      EC11657C 
  91 0062 0FA60F94 		.ascii	"\017\246\017\224\026H\343@\226%\272\371\247+\021\254"
  91      1648E340 
  91      9625BAF9 
  91      A72B11AC 
  92 0072 991C9DF2 		.ascii	"\231\034\235\362H\3333s\263\226$\252p\332\201\032\202"
  92      48DB3373 
  92      B39624AA 
  92      70DA811A 
  92      82
  93 0083 C4B4C7CB 		.ascii	"\304\264\307\313\361\321\214\346q\3538\205\306\026\324"
  93      F1D18CE6 
  93      71EB3885 
  93      C616D4
  94 0092 7A40C71C 		.ascii	"z@\307\034\377\344\315\316M\025\337+\014\0258m\217\242"
  94      FFE4CDCE 
  94      4D15DF2B 
  94      0C15386D 
  94      8FA2
  95 00a4 14F62E9F 		.ascii	"\024\366.\237\321\035~\266\333%\375O\"\353:}i\322\221"
  95      D11D7EB6 
  95      DB25FD4F 
  95      22EB3A7D 
  95      69D291
  96 00b7 A9484CCA 		.ascii	"\251HL\312\343\014\032\353\327\241q\261\224\353\336"
  96      E30C1AEB 
  96      D7A171B1 
  96      94EBDE
  97 00c6 7BF7A525 		.ascii	"{\367\245%\341pz\215\217\327i\367jkx\270Tm\216n}\026"
  97      E1707A8D 
  97      8FD769F7 
  97      6A6B78B8 
  97      546D8E6E 
  98 00dc 4E604981 		.ascii	"N`I\201\013\004p\216\000\331\334\372\335p\340U\0153"
  98      0B04708E 
  98      00D9DCFA 
  98      DD70E055 
  98      0D33
  99 00ee 9B31FB83 		.ascii	"\2331\373\2037\377;wI4`\341\230\007tL\320\204\232\364"
  99      37FF3B77 
  99      493460E1 
  99      9807744C 
  99      D0849AF4 
ARM GAS  C:\Users\SANDEE~1\AppData\Local\Temp\ccRzjyJC.s 			page 7


 100 0102 E039D0E2 		.ascii	"\3409\320\342\356\027\354\366\213\327\363\366l\316\007"
 100      EE17ECF6 
 100      8BD7F3F6 
 100      6CCE07
 101 0111 1418E097 		.ascii	"\024\030\340\227\010\"\277\256+w%\014\025\333\214+#"
 101      0822BFAE 
 101      2B77250C 
 101      15DB8C2B 
 101      23
 102 0122 1955464A 		.ascii	"\031UFJ\217\222\372\217l'\222)C\255G\302K\213*\024Z"
 102      8F92FA8F 
 102      6C279229 
 102      43AD47C2 
 102      4B8B2A14 
 103 0137 5691D5F0 		.ascii	"V\221\325\360\316\002s7\342\361-=F\277\017R|D"
 103      CE027337 
 103      E2F12D3D 
 103      46BF0F52 
 103      7C44
 104              		.text
 105              		.section	.gnu.lto_stSetAlarm.bfe2478d,"",%progbits
 106 0000 789C5D90 		.ascii	"x\234]\220\313k\023Q\024\306\3177w:\023\212\217\255"
 106      CB6B1351 
 106      14C6CF37 
 106      773A138A 
 106      8FAD
 107 0012 62842E5A 		.ascii	"b\204.ZJ]\344\022\335\370\007\010\"\264+\273p'5\012"
 107      4A5DE412 
 107      DDF80708 
 107      22B42BBB 
 107      7027350A 
 108 0026 1522954E 		.ascii	"\025\"\225Np\333\333\220ZL\241\212bc\212a\012Q\252\261"
 108      70DBDB90 
 108      5A4CA18A 
 108      62638A61 
 108      0A51AAB1 
 109 003a 691E3E40 		.ascii	"i\036>@A\034\202\340\252\021\335\011-\004\265>@\301"
 109      411C82E0 
 109      AA11DD09 
 109      2D04B53E 
 109      40C1
 110 004c 178A145B 		.ascii	"\027\212\024[\317\231\250\250\227\2713\367\234\371\316"
 110      CF99A8A8 
 110      97B933F7 
 110      9CF9CE
 111 005b B9BFEF74 		.ascii	"\271\277\357t\220E?@t\210\210v\360\206\"X\347\232D\343"
 111      90453F40 
 111      74888876 
 111      F0862258 
 111      E79A44E3 
 112 006f 110B9083 		.ascii	"\021\013\220\203\211\200\306,\214\341\254\312)4&_\335"
 112      8980C62C 
 112      8CE1ACCA 
 112      2934265F 
 112      DD
 113 0080 B5FAE60D 		.ascii	"\265\372\346\015\257 WwO\233\211m\276\"\312\363\226"
 113      AF205777 
ARM GAS  C:\Users\SANDEE~1\AppData\Local\Temp\ccRzjyJC.s 			page 8


 113      4F9B896D 
 113      BE22CAF3 
 113      96
 114 0091 8579F4B1 		.ascii	"\205y\364\261\352I\246zYM+_\0016\207\037\227f_l\221"
 114      EA49A67A 
 114      594D2B5F 
 114      0136871F 
 114      97665F6C 
 115 00a6 D0421787 		.ascii	"\320B\027\207k\245\352\362V\025\005\361\371\315\203"
 115      6BA5EAF2 
 115      561505F1 
 115      F9CD83
 116 00b5 D679F45E 		.ascii	"\326y\364^5&m\202\345\013\312t\373J\241\004\305\015"
 116      35266D82 
 116      E50BCA74 
 116      FB4AA104 
 116      C50D
 117 00c7 711D515C 		.ascii	"q\035Q\\C\2248E\270\201^\321?\257\255_\334\354\330\305"
 117      43943845 
 117      B8815ED1 
 117      3FAFAD5F 
 117      DCECD8C5 
 118 00db DF776201 		.ascii	"\337wb\001\016\343S\345)\002\263\2761i\202\227Wp\177"
 118      0EE353E5 
 118      2902B3BE 
 118      31698297 
 118      57707F
 119 00ee BFCDF052 		.ascii	"\277\315\360RAY\026\211\213)e\311W\255\302\2226g\202"
 119      41591689 
 119      8B2965C9 
 119      57ADC292 
 119      366782
 120 0101 ECC34ED5 		.ascii	"\354\303N\325\035\"\370\245;\357\320S\014\021\232\205"
 120      1D22F8A5 
 120      3BEFD053 
 120      0C119A85 
 121 0111 4D791364 		.ascii	"My\023d\272\204\242\374/Eho\021=\005\356\364\026\215"
 121      BA84A2FC 
 121      2F45686F 
 121      113D05EE 
 121      F4168D
 122 0124 D9EFCF16 		.ascii	"\331\357\317\026r{\377\020e\332\023\271\347*\321\204"
 122      727BFF10 
 122      65DA13B9 
 122      E72AD184 
 123 0134 587985BF 		.ascii	"Xy\205\277\210\011\0258\334\241\012\207\2233\023\215"
 123      88091538 
 123      DCA10A87 
 123      9333138D 
 124 0144 C7AE4CC4 		.ascii	"\307\256L\304\0165\315\362\267\017\235\355P\372\310"
 124      0E35CDF2 
 124      B70F9DED 
 124      50FAC8
 125 0153 CC8A8B5F 		.ascii	"\314\212\213_\037E|\024\340\253\016\324\231\241&\014"
 125      1F457C14 
 125      E0AB0ED4 
 125      99A1260C 
ARM GAS  C:\Users\SANDEE~1\AppData\Local\Temp\ccRzjyJC.s 			page 9


 126 0163 FCA3B4F4 		.ascii	"\374\243\264\364\345\263\253\313&3nZ\257\353;?q\225"
 126      E5B3ABCB 
 126      26336E5A 
 126      AFEB3B3F 
 126      7195
 127 0175 839BF071 		.ascii	"\203\233\360q\211\255\206\227\260hc\246\266\342\304"
 127      89AD8697 
 127      B06863A6 
 127      B6E2C4
 128 0184 2B229AAB 		.ascii	"+\"\232\253s\013\027\267\240\261+\372K\201\333\210\213"
 128      730B17B7 
 128      A0B12BFA 
 128      4B81DB88 
 128      8B
 129 0195 8F55A45B 		.ascii	"\217U\244[S+\211p\210\202M\357\221\236[\233\206$B\303"
 129      532B8970 
 129      88824DEF 
 129      919E5B9B 
 129      862442C3 
 130 01a9 59F6C063 		.ascii	"Y\366\300c\263\210\266\307b\272\375\214xzx(\251\275"
 130      B388B6C7 
 130      62BAFD8C 
 130      787A7828 
 130      A9BD
 131 01bb D184F652 		.ascii	"\321\204\366R\261\004\271CG\274\324\361\023\307ly\351"
 131      B104B943 
 131      47BCD4F1 
 131      13C76C79 
 131      E9
 132 01cc FF652747 		.ascii	"\377e'GFS\236>88\260g\267\356\357\337\247\007\017\014"
 132      46539E3E 
 132      3838B067 
 132      B7EEEFDF 
 132      A7070F0C 
 133 01e0 9C8A73E1 		.ascii	"\234\212s\341\341d\362hl\230~\002z\253\276\305"
 133      E164F268 
 133      6C987E02 
 133      7AABBEC5 
 134              		.text
 135              		.section	.gnu.lto_stGetAlarm.bfe2478d,"",%progbits
 136 0000 789C5D8F 		.ascii	"x\234]\217\313/CA\024\306\317w\247\356-\011{4a\313\242"
 136      CB2F4341 
 136      14C6CF77 
 136      A7EE2D09 
 136      7B3461CB 
 137 0015 93F22F48 		.ascii	"\223\362/HD\260b/\302\242\213&\225Vl;\225\212 A\010"
 137      44B0622F 
 137      C2A28B26 
 137      95566C3B 
 137      958A2041 
 138 002a F56AAEA4 		.ascii	"\365j\256\244\213z\265UK\021ija\245\350^\"\330XHT\205"
 138      8B7AB555 
 138      4B11696A 
 138      61A5E85E 
 138      22D85848 
 139 0040 10AF3325 		.ascii	"\020\2573%\"&3\2319\347\374\346\234\357\253 \203\374"
 139      22263399 
ARM GAS  C:\Users\SANDEE~1\AppData\Local\Temp\ccRzjyJC.s 			page 10


 139      39E7FCE6 
 139      9CEFAB20 
 139      83FC
 140 0052 20EA24A2 		.ascii	" \352$\242z>\020\004c6O\024v\032\200~('(d \204\031\021"
 140      7A3E1004 
 140      63364F14 
 140      761A807E 
 140      28272864 
 141 006a 15388FEC 		.ascii	"\0258\217\354\256\211ia3\346\340\260x\262r]\243C\240"
 141      AE896961 
 141      33E6E0B0 
 141      78B2725D 
 141      A343A0
 142 007d 91C35555 		.ascii	"\221\303UU\230\260\232\022J\215\252l\364\301Z\335;S"
 142      98B09A12 
 142      4A8DAA6C 
 142      F4C15ADD 
 142      3B53
 143 008f 95B63068 		.ascii	"\225\2660h\231\361\015\270\220\200K\317\330D\0231}\225"
 143      99F10DB8 
 143      90804BCF 
 143      D8441331 
 143      7D95
 144 00a1 F958A836 		.ascii	"\371X\2506\035qA\032\340\374\026L\226B\351\002\262\352"
 144      1D71411A 
 144      E0FC164C 
 144      9642E902 
 144      B2EA
 145 00b3 E3735C65 		.ascii	"\343s\\eo\342xo\347\377\266\340\372$\037-h\212\023|"
 145      6FE2786F 
 145      E7FFB6E0 
 145      FA241F2D 
 145      688A137C 
 146 00c7 8B5BE40E 		.ascii	"\213[\344\016_\016\336\242u\277\255\"\212Wv\376\325"
 146      5F0EDEA2 
 146      75BFAD22 
 146      8A5776FE 
 146      D5
 147 00d8 2AB75A16 		.ascii	"*\267Z\026\3703\205\260\015\223g\354\300\214\011\203"
 147      F83385B0 
 147      0D9367EC 
 147      C08C0983 
 148 00e8 F38B63B9 		.ascii	"\363\213c\271SKKw\224\261|\362\371\276\352;\324]\264"
 148      534B4B77 
 148      94B17CF2 
 148      F9BEEA3B 
 148      D45DB4
 149 00fb B978EAE9 		.ascii	"\271x\352\351\330i#\006[T \305\362\223Z>\027\266N\036"
 149      D8692306 
 149      5B5420C5 
 149      F2935A3E 
 149      17B64E1E 
 150 010f 4B964CAA 		.ascii	"K\226L\252HX]\226\212\015s\354\321D\0326\226Xby\016"
 150      48585D96 
 150      8A0D73EC 
 150      D1441A36 
 150      96586279 
ARM GAS  C:\Users\SANDEE~1\AppData\Local\Temp\ccRzjyJC.s 			page 11


 151 0124 439F8B99 		.ascii	"C\237\213\231\013\323\223\326\320\372\276a\013\013\273"
 151      0BD393D6 
 151      D0FABE61 
 151      0B0BBB
 152 0133 906876FD 		.ascii	"\220hv\375\020\310\300Cw\030\275\234z?2\265\\V\305\336"
 152      10C8C043 
 152      7718BD9C 
 152      7A3F32B5 
 152      5C56C5DE 
 153 0147 D925B43B 		.ascii	"\331%\264;~\327\272\335\362{\373\203\322\333\357\223"
 153      7ED7BADD 
 153      F27BFB83 
 153      D2DBEF93 
 154 0157 C1C0800C 		.ascii	"\301\300\200\014\016\273\007H\376\257\014\371\003\303"
 154      0EBB0748 
 154      FEAF0CF9 
 154      03C3
 155 0165 41D9D3DB 		.ascii	"A\331\323\333\335\332\"\273\272\332doG\367\210\207\331"
 155      DDDA22BB 
 155      BADA646F 
 155      47F78887 
 155      D9
 156 0176 3E9F6FD0 		.ascii	">\237o\320\355\245/\245\022\220\350"
 156      EDA52FA5 
 156      1290E8
 157              		.text
 158              		.section	.gnu.lto_.symbol_nodes.bfe2478d,"",%progbits
 159 0000 789C55C8 		.ascii	"x\234U\310K\015\200@\014\006\341\351\277\254/\020\305"
 159      4B0D8040 
 159      0C06E1E9 
 159      BFAC2F10 
 159      C5
 160 0011 B92B81B7 		.ascii	"\271+\201\267\002T \002\015(!4\334:\227I\276\212\030"
 160      02542002 
 160      0D282134 
 160      DC3A9749 
 160      BE8A18
 161 0024 8934CB61 		.ascii	"\2114\313a\272!v\265!d\221[\226U\256,\233\274d\331\345"
 161      BA2176B5 
 161      2164915B 
 161      9655AE2C 
 161      9BBC64D9 
 162 0039 5D123BE4 		.ascii	"]\022;\344\365\027h\255\207B\345|^\343\003\3039\034"
 162      F51768AD 
 162      8742E57C 
 162      5EE303C3 
 162      391C
 163 004b F3       		.ascii	"\363"
 164              		.text
 165              		.section	.gnu.lto_.refs.bfe2478d,"",%progbits
 166 0000 789C6365 		.ascii	"x\234ce`b`d\000\002\000\000I\000\011"
 166      60626064 
 166      00020000 
 166      490009
 167              		.text
 168              		.section	.gnu.lto_.decls.bfe2478d,"",%progbits
 169 0000 789CB557 		.ascii	"x\234\265W{L\025W\032\237o\316\205\302\205+\366j\214"
ARM GAS  C:\Users\SANDEE~1\AppData\Local\Temp\ccRzjyJC.s 			page 12


 169      7B4C1557 
 169      1A9F6FCE 
 169      85C2852B 
 169      F66A8C
 170 0013 CDBABBC6 		.ascii	"\315\272\273\306b \033\345\012\356\332\355\376a\264"
 170      62201BE5 
 170      0AEEDAED 
 170      FE61B4
 171 0022 E8BA26B5 		.ascii	"\350\272&\265\335\\\335f\377\240\271\241H+\011\017W"
 171      DD5CDD66 
 171      FFA0B9A1 
 171      482B090F 
 171      57
 172 0033 AE9BF4AF 		.ascii	"\256\233\364\257\016\017\225\242UQA\001-\017\025QP\020"
 172      0E0F95A2 
 172      55514101 
 172      2D0F1551 
 172      5010
 173 0045 15444451 		.ascii	"\025DDQ\024\021_\024\037\010\210 \342[\021\301\007\242"
 173      14115F14 
 173      1F088820 
 173      E25B11C1 
 173      07A2
 174 0057 94FDCE63 		.ascii	"\224\375\316c\230q\274\270f\223\235\3343s\276s~\337"
 174      9871BCB8 
 174      66939DDC 
 174      3373BE73 
 174      7EDF
 175 0069 EF7BCD39 		.ascii	"\357{\3159s\256\233$K\245\037J\322rY\222\266\201$\015"
 175      73AE9B24 
 175      4BA51F4A 
 175      D2725992 
 175      B681240D 
 176 007d E2E52E49 		.ascii	"\342\345.I\322nI\273\250\274\007\333Ql\307\260Uc\253"
 176      D26E49BB 
 176      A8BC07DB 
 176      516CC7B0 
 176      5563AB
 177 0090 C1562BBD 		.ascii	"\301V+\275}}\215\034\004\237_a;\255\343\221\005\207"
 177      7D7D8D1C 
 177      049F5F61 
 177      3BADE391 
 177      0587
 178 00a2 2B9D1F50 		.ascii	"+\235\037P\307C\350X\261\215\306V\201\315\202\343\336"
 178      C743E858 
 178      B18DC656 
 178      81CD82E3 
 178      DE
 179 00b3 D85AB17F 		.ascii	"\330Z\261\177A\342\274\236(\367\343s@pR\237|p\014\177"
 179      41E2BC9E 
 179      28F7E373 
 179      4070529F 
 179      7C700C7F 
 180 00c7 D2EFE04D 		.ascii	"\322\357\340M\336\004\224M\202W\345\242<\240\323\247"
 180      DE04944D 
 180      8257E5A2 
 180      3CA0D3A7 
ARM GAS  C:\Users\SANDEE~1\AppData\Local\Temp\ccRzjyJC.s 			page 13


 181 00d7 F18C37E8 		.ascii	"\361\2147\350\321k\305{\372\004\302'Y\344e\202\360\345"
 181      D16BC57B 
 181      FA04C227 
 181      59E46582 
 181      F0E5
 182 00e9 0F06CE9F 		.ascii	"\017\006\316\237\004\237\236\313\357\277\360\321\034"
 182      049F9ECB 
 182      EFBFF0D1 
 182      1C
 183 00f6 4F127C01 		.ascii	"O\022|\001\006\276\215\004JW\324l\361\276\016\327\000"
 183      06BE8D04 
 183      4A57D46C 
 183      F1BE0ED7 
 183      00
 184 0107 B130928D 		.ascii	"\2610\222\215\002\360;\260\306\304A\365\002`\3438*K"
 184      02F03BB0 
 184      C6C441F5 
 184      0260E338 
 184      2A4B
 185 0119 82541D02 		.ascii	"\202T\035\002UC\310\262\020eA\311~B\031t\214|\232[R"
 185      5543C8B2 
 185      106541C9 
 185      7E421974 
 185      8C7C9A5B 
 186 012e 2F1E03EF 		.ascii	"/\036\003\35705\241\012 k\006\000\364\012:B\356\266"
 186      3035A10A 
 186      206B0600 
 186      F40A3A42 
 186      EEB6
 187 0140 981FF24F 		.ascii	"\230\037\362O\322\202\0035\372\207\253z\263Lm\320\012"
 187      D2820335 
 187      FA87AB7A 
 187      B34C6DD0 
 187      0A
 188 0151 E02565CF 		.ascii	"\340%e\317\0006\266\242\244\253\315\215\310@\373m/\363"
 188      0036B6A2 
 188      A4ABCD8D 
 188      C840FB6D 
 188      2FF3
 189 0163 FF1A50A8 		.ascii	"\377\032P\250\360\313\343#-m'\007_T\371\254&`5\203\214"
 189      F0CBE323 
 189      2D6D2707 
 189      5F54F9AC 
 189      26603583 
 190 0178 6243F7D9 		.ascii	"bC\367\331-^(\2166\303H\024\373\342.\0373\217McZ\011"
 190      2D5E288E 
 190      36C34814 
 190      FBE22E1F 
 190      338F4D63 
 191 018e CA4819BE 		.ascii	"\312H\031\276\032\003\2050\016\012`\034\032\337\015"
 191      1A038530 
 191      0E0A601C 
 191      1ADF0D
 192 019d 63F1FE8D 		.ascii	"c\361\376\215\2113\335i\032hq\237\220\255d\267+U\215"
 192      8933DD69 
 192      1A68719F 
 192      90AD64B7 
ARM GAS  C:\Users\SANDEE~1\AppData\Local\Temp\ccRzjyJC.s 			page 14


 192      2B558D
 193 01b0 F1BF4F4B 		.ascii	"\361\277OKP\362Qk<E\301N \260\013\002\250\307\330\305"
 193      50F2516B 
 193      3C45C14E 
 193      20B00B02 
 193      A8C7D8C5 
 194 01c4 7B3EB401 		.ascii	"{>\264\001\354\200\353\030\317\036\230\200\332\011\205"
 194      EC80EB18 
 194      CF1E9880 
 194      DA0985
 195 01d3 CDC96E64 		.ascii	"\315\311nd\022s\266\265vg\001A'\374\314@\363\340\203"
 195      1273B6B5 
 195      76670141 
 195      27FCCC40 
 195      F3E083
 196 01e6 43450FCB 		.ascii	"CE\017\313_Z\370\020E4\254\351\331\366\001\371\224\365"
 196      5F5AF810 
 196      4534ACE9 
 196      D9F601F9 
 196      94F5
 197 01f8 7F492CDE 		.ascii	"\177I,\336Lx\004&\024\237\234\313\2709\202G0~#\221\323"
 197      4C780426 
 197      149F9CCB 
 197      B8398247 
 197      307E2391 
 198 020d EB1A8F9B 		.ascii	"\353\032\217\233\300\337\234GC\250\272\263izz\017u\252"
 198      C0DF9C47 
 198      43A8BAB3 
 198      697A7A0F 
 198      75AA
 199 021f 14CC50A2 		.ascii	"\024\314P\2429\345g\306{\222\242\304+k\023\024\317\277"
 199      39E567C6 
 199      7B92A2C4 
 199      2B6B1314 
 199      CFBF
 200 0231 49B01F83 		.ascii	"I\260\037\203\334\207A\302\001\360\247F)\016\366\342"
 200      DC8741C2 
 200      01F0A746 
 200      290EF6E2 
 201 0241 60310EA2 		.ascii	"`1\016\242\225\235\333Rr\335\311\006\240\036\3105GZ"
 201      959DDB52 
 201      72DDC906 
 201      A01EC835 
 201      475A
 202 0253 AE9AC0EC 		.ascii	"\256\232\300\354\357\222\240\334\005\001w\346q\301\204"
 202      EF92A0DC 
 202      050177E6 
 202      71C184
 203 0262 9A658A22 		.ascii	"\232e\212\"\303At\246Ls\006}\343\031]s\240\345\265\017"
 203      C34174A6 
 203      4C73067D 
 203      E3195D73 
 203      A0E5B50F 
 204 0276 E9E04632 		.ascii	"\351\340F2\212rz\311pF\016\017k\344N\345\244<f\244\002"
 204      8A727AC9 
 204      70460E0F 
 204      6BE44EE5 
ARM GAS  C:\Users\SANDEE~1\AppData\Local\Temp\ccRzjyJC.s 			page 15


 204      A43C66A4 
 205 028b 8D1CD28C 		.ascii	"\215\034\322\214\034T\215\034\311\352\333/\233\350\242"
 205      1C548D1C 
 205      C9EADB2F 
 205      9BE8A2
 206 029a A1082C26 		.ascii	"\241\010,&\216\325\226\367w\222a\313~\204\225\275\022"
 206      8ED596F7 
 206      779261CB 
 206      7E8495BD 
 206      12
 207 02ab 44DD8BEB 		.ascii	"D\335\213\353Z;\335\260\356\355\264\356\271~7J\024\005"
 207      5A3BDDB0 
 207      EEEDB4EE 
 207      B97E374A 
 207      1405
 208 02bd 0D2A268A 		.ascii	"\015*&\212\203\"\315b\221\261\360GY\341O\277*\031AR"
 208      8322CD62 
 208      91B1F047 
 208      59E14FBF 
 208      2A194152 
 209 02d1 F85B7A69 		.ascii	"\370[ziW\3512\213\240j\376M\272R\025\257P\327\351\033"
 209      57E9328B 
 209      A06AFE4D 
 209      BA5215AF 
 209      50D7E91B 
 210 02e5 54A51155 		.ascii	"T\245\021U\031\211\2161\242u\373^d\271\221-\234)\267"
 210      19898E31 
 210      A275FB5E 
 210      64B9912D 
 210      9C29B7
 211 02f8 32BF9708 		.ascii	"2\277\227\010\246\272\337\0161Q\227\216kL\307\215L\325"
 211      A6BADF0E 
 211      3151978E 
 211      6B4CC78D 
 211      4CD5
 212 030a 8CA9F069 		.ascii	"\214\251\360i}\211\205\344s\246\233\305\347\357\310"
 212      7D8985E4 
 212      73A69BC5 
 212      E7EFC8
 213 0319 FA5CD034 		.ascii	"\372\\\3204i\3118\371\306\032x\264\354L\246\2170{>k"
 213      69C938F9 
 213      C61A78B4 
 213      EC4CA68F 
 213      307B3E6B 
 214 032d 4C8ABA06 		.ascii	"L\212\272\006\020\005'4\273'\214vk\230\335'\253\036"
 214      10052734 
 214      BB278C76 
 214      6B98DD27 
 214      AB1E
 215 033f 67FB907D 		.ascii	"g\373\220}\334n\326\276\325kX.\260\210\203\027&e\025"
 215      DC6ED6BE 
 215      D56B582E 
 215      B0888317 
 215      266515
 216 0352 772A4966 		.ascii	"w*If\266\346\340\224\306t\2122\321N-ch\353k\274\356"
 216      B6E6E094 
 216      C6748A32 
ARM GAS  C:\Users\SANDEE~1\AppData\Local\Temp\ccRzjyJC.s 			page 16


 216      D14E2D63 
 216      68EB6BBC 
 217 0367 ED9D3CF4 		.ascii	"\355\235<\364\2120\270\372\226Hp\032\274\031\030\237"
 217      8A30B8FA 
 217      9648701A 
 217      BC19189F 
 218 0377 082EBB91 		.ascii	"\010.\273\221z\324\223/\234\253\324bF\305\323:7.{\320"
 218      7AD4932F 
 218      9CABD462 
 218      46C5D33A 
 218      372E7BD0 
 219 038b E9AE8232 		.ascii	"\351\256\2022\013_HUt\372\342\355\234Do>]O\345\352+"
 219      0B5F4855 
 219      74FAE2ED 
 219      9C446F3E 
 219      5D4FE5EA 
 220 03a0 A7BA4DE4 		.ascii	"\247\272M\3441\3676\251pu51'\321\024\275\317\002@\215"
 220      31F736A9 
 220      70753531 
 220      27D114BD 
 220      CF02408D 
 221 03b4 B3675F9D 		.ascii	"\263g_\235s#\317\270\372\312\223\007j\304\032\256\245"
 221      7323CFB8 
 221      FACA9307 
 221      6AC41AAE 
 221      A5
 222 03c5 F28643D5 		.ascii	"\362\206C\325\025^\244OT \271\243\332\235\014pA\365"
 222      155EA44F 
 222      5420B9A3 
 222      DA9D0C70 
 222      41F5
 223 03d7 CA2ABCCA 		.ascii	"\312*\274\312jyV\007$\216\260\311\212\262\3035\"\202"
 223      6A795607 
 223      248EB0C9 
 223      8AB2C335 
 223      2282
 224 03e9 29BACDCC 		.ascii	")\272\315\314\3127\263\322\333\247k\314< \005P\256l"
 224      CA37B3D2 
 224      DBA76BCC 
 224      3C200550 
 224      AE6C
 225 03fb B836832C 		.ascii	"\2706\203,\347\232\307{\212w\210\340\010\015'\275\247"
 225      E79AC77B 
 225      8A7788E0 
 225      080D27BD 
 225      A7
 226 040c DE8786A3 		.ascii	"\336\207\206\243\210<\342\270\226\306\026\272v\3006"
 226      883CE2B8 
 226      96C616BA 
 226      76C036
 227 041b 0E9A7928 		.ascii	"\016\232y(M}'\233\335\254k\031\032\253mb\013\372*\302"
 227      4D7D279B 
 227      DDAC6B19 
 227      1AAB6D62 
 227      0BFA2AC2 
 228 042f 1B19FC1A 		.ascii	"\033\031\374\032XU%\266\343\246v\215\320\203/\274\013"
 228      585525B6 
ARM GAS  C:\Users\SANDEE~1\AppData\Local\Temp\ccRzjyJC.s 			page 17


 228      E3A6768D 
 228      D0832FBC 
 228      0B
 229 0440 BC67EBF6 		.ascii	"\274g\353\366\215f\222\314\235\314\354m\275'\012\346"
 229      8D6692CC 
 229      9DCCEC6D 
 229      BD270AE6 
 230 0450 8F62DEF3 		.ascii	"\217b\336\363\212\004\017\2325:\267\376\310\226s\037"
 230      8A040F9A 
 230      353AB7FE 
 230      C896731F 
 231 0460 90755C50 		.ascii	"\220u\\P\367@+\333\003!\276\3613\222\306g\216\246\254"
 231      F7402BDB 
 231      0321BEF1 
 231      3392C667 
 231      8EA6AC
 232 0473 6B0592C1 		.ascii	"k\005\222\301\205\256\304[\355\"?cQL=\363\300\217d\361"
 232      85AEC45B 
 232      ED223F63 
 232      514C3DF3 
 232      C08F64F1 
 233 0487 A95F6BAB 		.ascii	"\251_k\253\375\310v\336\257)\315\337\001\244\200\013"
 233      FDC876DE 
 233      AF29CDDF 
 233      01A4800B 
 234 0497 3D19350F 		.ascii	"=\0315\017\314\244\210\013\331\015\233\017z\220\022"
 234      CCA4880B 
 234      D90D9B0F 
 234      7A9012
 235 04a6 2EE4F5A5 		.ascii	".\344\365\245\345y\2232.\\*\277\234\344E\016s!i\357"
 235      E5799332 
 235      2E5C2ABF 
 235      9CE4450E 
 235      732169EF 
 236 04ba DE4D5EA4 		.ascii	"\336M^\244\212\013\361\025M)\342\203\323N\345\316\355"
 236      8A0BF115 
 236      4D29E283 
 236      D34EE5CE 
 236      ED
 237 04cb 9DD99EA2 		.ascii	"\235\331\236\242*\356('7\234}\001\344\004\007'\227^"
 237      2AEE2827 
 237      379C7D01 
 237      E4040727 
 237      975E
 238 04dd BC6E1AB6 		.ascii	"\274n\032\266\016O\324:LaeH\255L=0\302X\206\263\210"
 238      0E4FD43A 
 238      4C616548 
 238      AD4C3D30 
 238      C25886B3 
 239 04f2 3EC3D03D 		.ascii	">\303\320=,\263O\324\314\326\337\332\272\335d\254\303"
 239      2CB34FD4 
 239      CCD6DFDA 
 239      BADD64AC 
 239      C3
 240 0503 70E8318F 		.ascii	"p\3501\217\223\217=\263\200\257\257\357(_\335\345\317"
 240      938F3DB3 
 240      80AFAFEF 
ARM GAS  C:\Users\SANDEE~1\AppData\Local\Temp\ccRzjyJC.s 			page 18


 240      285FDDE5 
 240      CF
 241 0514 EEB94A62 		.ascii	"\356\271Jb\202Ru\341\345\370\256\236NEY\347\315\230"
 241      825275E1 
 241      E5F8AE9E 
 241      4E4559E7 
 241      CD98
 242 0526 2EE31A7D 		.ascii	".\343\032}\001\243\264ep\211\321\356\247w\211ktD\343"
 242      01A3B465 
 242      7089D1EE 
 242      A777896B 
 242      7444E3
 243 0539 BE944818 		.ascii	"\276\224H\030\374\274\021~\356-x\235\016~\321\010\377"
 243      FCBC117E 
 243      EE2D789D 
 243      0E7ED108 
 243      FF
 244 054a 85C10329 		.ascii	"\205\301\003):E\2044\303$\301c\234\357bS\024\215K\020"
 244      3A458434 
 244      C324C163 
 244      9CEF6253 
 244      148D4B10 
 245 055e 12657F78 		.ascii	"\022e\177x\011\276\320\207M\221}a\000\237\375\330\222"
 245      09BED087 
 245      4D917D61 
 245      009FFDD8 
 245      92
 246 056f B0FF1A9F 		.ascii	"\260\377\032\237\011\370\374\025\237q\370\\\206m9\266"
 246      09F8FC15 
 246      9F71F85C 
 246      866D39B6 
 247 057f 41947FC4 		.ascii	"A\224\177\304\347S|>\307\026\217\375W\370|\206m\205"
 247      E7537C3E 
 247      C7168FFD 
 247      57F87C86 
 247      6D85
 248 0591 ECCB3620 		.ascii	"\354\3136 \356cs\244\346\343C\243\2176cD\015:\364#\227"
 248      EE6373A4 
 248      E6E343A3 
 248      8F366344 
 248      0D3AF423 
 249 05a6 E8400DDC 		.ascii	"\350@\015\334\243\003\3373\202\033\301\200n\326%\253"
 249      A303DF33 
 249      821BC180 
 249      6ED625AB 
 250 05b6 DE756E75 		.ascii	"\336unu\350\343Q\032\372\216\021}\313\210\276\257\363"
 250      E8E3511A 
 250      FA8E117D 
 250      CB88BEAF 
 250      F3
 251 05c7 E4BE117D 		.ascii	"\344\276\021}\346\255\2725\350\310;\215\360\016#y\217"
 251      E6ADBA35 
 251      E8C83B8D 
 251      F00E2379 
 251      8F
 252 05d8 0E7DDD88 		.ascii	"\016}\335\210\276bDw\350\\y\340\332\025}Rt\3347]{\362"
 252      BE624477 
ARM GAS  C:\Users\SANDEE~1\AppData\Local\Temp\ccRzjyJC.s 			page 19


 252      E85C79E0 
 252      DA157D52 
 252      74DC375D 
 253 05ee 86E3BA1C 		.ascii	"\206\343\272\0346\270~\341\336x?u\354\267]'\221\303"
 253      36B87EE1 
 253      DE783F75 
 253      ECB75D27 
 253      91C3
 254 0600 F9C1E4FC 		.ascii	"\371\301\344\374Ck\234\242\000\205I\342k\246\275G\267"
 254      436B9CA2 
 254      008549E2 
 254      6BA6BD47 
 254      B7
 255 0611 1F59D727 		.ascii	"\037Y\327'(\265S\030\331\015#Y\333[\025\321\231nw\215"
 255      28B55318 
 255      D90D2359 
 255      DB5B15D1 
 255      996E778D 
 256 0625 1EF2340E 		.ascii	"\036\3624\016\341\321q\014\336\013V\350\026pu\345C\235"
 256      E1D1710C 
 256      DE0B56E8 
 256      167075E5 
 256      439D
 257 0637 91BC5F97 		.ascii	"\221\274_\227\343\273\256_<=y\177\024'oE\362&\001W\267"
 257      E3BBAE5F 
 257      3C3D797F 
 257      14276F45 
 257      F2260157 
 258 064c 7751400E 		.ascii	"wQ@\016\247\007\335\263W\362G\220\327l\257\223\217\377"
 258      A707DDB3 
 258      57F24790 
 258      D76CAF93 
 258      8FFF
 259 065e 7C381D4F 		.ascii	"|8\035O\252\243xz\236w\271\343A\035V\311\243 Y\036\372"
 259      AAA3787A 
 259      9E77B9E3 
 259      411D56C9 
 259      A320591E 
 260 0673 DCD364B9 		.ascii	"\334\323d\271^\341\260\022\027\366\377{\221\323\017"
 260      5EE1B012 
 260      17F6FF7B 
 260      91D30F
 261 0682 C3BD3537 		.ascii	"\303\27557d\375\011\203z\250m\311?\311\374\204\201O"
 261      64FD0983 
 261      7AA86DC9 
 261      3FC9FC84 
 261      814F
 262 0694 04E7EC7B 		.ascii	"\004\347\354{\232a!I&\266\227\027\035I\355\360\302\003"
 262      9A612149 
 262      26B69717 
 262      1D49EDF0 
 262      C203
 263 06a6 4D553B3D 		.ascii	"MU;=\320\370\026\\\305\315\022y\022\201\237\024WkQb"
 263      D0F8165C 
 263      C5CD1279 
 263      12819F14 
 263      576B5162 
ARM GAS  C:\Users\SANDEE~1\AppData\Local\Temp\ccRzjyJC.s 			page 20


 264 06ba F7CDE3D1 		.ascii	"\367\315\343\321\032\231\036n\326\337X\3761\311\344"
 264      1A991E6E 
 264      D6DF58FE 
 264      31C9E4
 265 06c9 645BEF97 		.ascii	"d[\357\227W\213/\275\005\305k\271\033\266\233\370G\344"
 265      578B2FBD 
 265      05C56BB9 
 265      1BB69BF8 
 265      47E4
 266 06db 2E9DCE39 		.ascii	".\235\3169\327\233f&;9\366\325\335\015M\300\261\324"
 266      D79B6626 
 266      3B39F6D5 
 266      DD0D4DC0 
 266      B1D4
 267 06ed A9EA87FB 		.ascii	"\251\352\207\373_\014\377mO\225\3057e\203\314>*\227"
 267      5F0CFF6D 
 267      4F95C537 
 267      6583CC3E 
 267      2A97
 268 06ff FB2AFBBD 		.ascii	"\373*\373\275I\011c2\265o\355y\340\016\376\343\000\314"
 268      49096332 
 268      B56FED79 
 268      E00EFEE3 
 268      00CC
 269 0711 D8F2D4BF 		.ascii	"\330\362\324\277S\022\244\313fH\223\211\372w4CA\372"
 269      5312A4CB 
 269      66489389 
 269      FA773443 
 269      41FA
 270 0723 EE1FE830 		.ascii	"\356\037\3500\377W\321\235\253\220\261\022Le\237*\330"
 270      FF57D19D 
 270      AB90B112 
 270      4C659F2A 
 270      D8
 271 0734 88E54967 		.ascii	"\210\345Igv2\344q\260\011\015e`\251\351\010\032<X_\236"
 271      7632E471 
 271      B0090D65 
 271      60A9E908 
 271      1A3C585F 
 272 0749 E9A57D97 		.ascii	"\351\245}\227\200q\257C\\\212L\375\313\224\255\252\227"
 272      8071AF43 
 272      5C8A4CFD 
 272      CB94ADAA 
 272      97
 273 075a 14BDF65C 		.ascii	"\024\275\366\\N\246\247Y\330Hz\247\015D\357kZ\276\311"
 273      4EA6A759 
 273      D8487AA7 
 273      0D44EF6B 
 273      5ABEC9
 274 076d 53CFBDF9 		.ascii	"S\317\275\371]\334+\257\3456\370L\334\252\324W\341\301"
 274      5DDC2BAF 
 274      E536F84C 
 274      DCAAD457 
 274      E1C1
 275 077f BEC36F6F 		.ascii	"\276\303oo|\225\2220\003\266\310VX\217\265\302\323\273"
 275      7C959230 
 275      03B6C856 
ARM GAS  C:\Users\SANDEE~1\AppData\Local\Temp\ccRzjyJC.s 			page 21


 275      588FB5C2 
 275      D3BB
 276 0791 4E752D8E 		.ascii	"Nu-\216,\300\177\322?\313\023Q\263e\260<\333B\312x\372"
 276      2CC07FD2 
 276      3FCB1351 
 276      B365B03C 
 276      DB42CA78 
 277 07a6 CF9C6AE9 		.ascii	"\317\234j\351\221\207\352\376\307B]\335\351\3514K\253"
 277      9187EAFE 
 277      C7425DDD 
 277      E9E9344B 
 277      AB
 278 07b7 7B96B1EE 		.ascii	"{\226\261\356\331\254\356G\357m\3130\221\323\234\355"
 278      D9ACEE47 
 278      EF6DCB30 
 278      91D39CED 
 279 07c7 C715F9EB 		.ascii	"\307\025\371\353|\004[]\000"
 279      7C045B5D 
 279      00
 280 07d0 3FD8E7F0 		.ascii	"?\330\347\360\203}\216\306\224cd\312eL\025\003\355_"
 280      837D8EC6 
 280      946364CA 
 280      654C1503 
 280      ED5F
 281 07e2 93664ED4 		.ascii	"\223fN\324\330\224X.\336\012/\335ax\2648\014\017t\327"
 281      D894582E 
 281      DE0A2FDD 
 281      6178B438 
 281      0C0F74D7 
 282 07f6 0F8803A1 		.ascii	"\017\210\003\241\031\305C\361\305mn\303\2764;\324\227"
 282      19C543F1 
 282      C56D6EC3 
 282      BE343BD4 
 282      97
 283 0807 268FE7B9 		.ascii	"&\217\347\271i\365\363k&c\015\267c\262\266\261d\345"
 283      69F5F36B 
 283      26630DB7 
 283      63B2B6B1 
 283      64E5
 284 0819 B33CEF50 		.ascii	"\263<\357P\363\\\335\364\364\260\305X\225a\321\225\233"
 284      F35CDDF4 
 284      F4B0C558 
 284      9561D195 
 284      9B
 285 082a 7392DD86 		.ascii	"s\222\335\206\2522MTe\247\250\012\376\201\321\251n\025"
 285      AA324D54 
 285      65A7A80A 
 285      FE81D1A9 
 285      6E15
 286 083c 55D9C5AA 		.ascii	"U\331\305\252R\2721u:\271\313\243\317\337vl\320\242"
 286      52BA3175 
 286      3AB9CBA3 
 286      CFDF766C 
 286      D0A2
 287 084e 15A5A847 		.ascii	"\025\245\250G+\012\375\257R\240\245\262\300\230\312"
 287      2B0AFDAF 
 287      52A0A5B2 
ARM GAS  C:\Users\SANDEE~1\AppData\Local\Temp\ccRzjyJC.s 			page 22


 287      C098CA
 288 085d 4296CA65 		.ascii	"B\226\312e}\312u\013y\311\331\226\307u\234\361\034\362"
 288      7DCA750B 
 288      79C9D996 
 288      C7759CF1 
 288      1CF2
 289 086f 69BAC1A7 		.ascii	"i\272\301\247\2327|\332-|\332#O\224\334c\235s\243#\234"
 289      9A377CDA 
 289      2D7CDA23 
 289      4F94DC63 
 289      9D73A323 
 290 0884 1E73BEF8 		.ascii	"\036s\276\370\307\370\340\300@\351\243\200\000\033\377"
 290      C7F8E0C0 
 290      40E9A380 
 290      001BFF
 291 0893 C5C4DA16 		.ascii	"\305\304\332\026\205F\332b\227\204\331b\235\001a\222"
 291      8546DA62 
 291      9784D962 
 291      9D016192 
 292 08a3 77AC73BE 		.ascii	"w\254s\2763t\211sfd\350\222(\263\303\2614\"\33295\310"
 292      33748973 
 292      6664E892 
 292      28B3C3B1 
 292      3422DA39 
 293 08b9 E1FC32EC 		.ascii	"\341\3742\354/!\337E/u\306\304D\306\342L\310\264\361"
 293      2F21DF45 
 293      2F75C6C4 
 293      44C6E24C 
 293      C8B4F1
 294 08cc 4153023F 		.ascii	"AS\002?\231\374\257\240\311K\027/\014u\206\207\340\340"
 294      99FCAFA0 
 294      C94B172F 
 294      0C758687 
 294      E0E0
 295 08de E4E898E8 		.ascii	"\344\350\230\350\360\311\341\241\337D\204DD\207E.]\030"
 295      F0C9E1A1 
 295      DF448444 
 295      4487452E 
 295      5D18
 296 08f0 1E12151A 		.ascii	"\036\022\025\032\266(\":<\304\2610\374\333\320\245\221"
 296      B628223A 
 296      3CC4B130 
 296      FCDBD0A5 
 296      91
 297 0901 4E87F3FB 		.ascii	"N\207\363\373\305\341\261\001\213$\017\225x\326\377"
 297      C5E1B101 
 297      8B240F95 
 297      78D6FF
 298 0910 461CFB7D 		.ascii	"F\034\373}l\210#\326\271\020Y\220\315\023EgDT\270\303"
 298      6C8823D6 
 298      B9105990 
 298      CD134567 
 298      4454B8C3 
 299 0924 E9AB8F6C 		.ascii	"\351\253\217l\211\323&\360\266\260E\024\"\214{\321 "
 299      89D326F0 
 299      B6B04514 
 299      228C7BD1 
ARM GAS  C:\Users\SANDEE~1\AppData\Local\Temp\ccRzjyJC.s 			page 23


 299      20
 300 0935 6316F318 		.ascii	"c\026\363\030\261\037\356T\273sD\027\021\216\310\310"
 300      B11FEE54 
 300      BB734417 
 300      118EC8C8 
 301 0945 858E08CC 		.ascii	"\205\216\010\314\232\315\230\254\3051K\234\261\266\371"
 301      9ACD98AC 
 301      C5314B9C 
 301      B1B6F9
 302 0954 0BE64D0D 		.ascii	"\013\346M\015\262}\376\371,\333\202\271\363\376\035"
 302      B27DFEF9 
 302      2CDB82B9 
 302      F3FE1D
 303 0963 68E31AC8 		.ascii	"h\343\032\310\356\026\034<\317>U\376\322n\2325o\246"
 303      EE161C3C 
 303      CF3E55FE 
 303      D26E9A35 
 303      6FA6
 304 0975 9DCC0AB6 		.ascii	"\235\314\012\266\233>\233\265\300N\202\203\355\304\216"
 304      9B3E9BB5 
 304      C04E8283 
 304      EDC48E
 305 0984 6DA6DD4E 		.ascii	"m\246\335N\376>?\230\004\177\261\300\024\034<\333\316"
 305      FE3E3F98 
 305      047FB1C0 
 305      141C3CDB 
 305      CE
 306 0995 F041EC1E 		.ascii	"\360A\354\036Hf\317\261\313\363Qs\356l\273i\376<D\007"
 306      4866CFB1 
 306      CBF35173 
 306      EE6CBB69 
 306      FE3C4407 
 307 09a9 DB83B005 		.ascii	"\333\203\260\005\"\362\237\366\240\367\365$\212f6\""
 307      22F29FF6 
 307      A0F7F524 
 307      8A663622 
 308 09b9 8A872A04 		.ascii	"\212\207*\004\207\323*\202\212\245\005v\204\3228-\016"
 308      87D32A82 
 308      8AA50576 
 308      84D2382D 
 308      0E
 309 09ca C7B74BA3 		.ascii	"\307\267K\243\303\034\216\200?O\373\323\247\036\252"
 309      C31C8E80 
 309      3F4FFBD3 
 309      A71EAA
 310 09d9 640A5B14 		.ascii	"d\012[\024\272\344\303!x\314b\216\036\251\216\204\273"
 310      BAE4C321 
 310      78CC628E 
 310      1EA98E84 
 310      BB
 311 09ea 509F364D 		.ascii	"P\2376M\235\376\316\325\364'S\376\003(\207\354\376"
 311      9DFECED5 
 311      F42753FE 
 311      032887EC 
 311      FE
 312              		.text
 313              		.section	.gnu.lto_.symtab.bfe2478d,"",%progbits
ARM GAS  C:\Users\SANDEE~1\AppData\Local\Temp\ccRzjyJC.s 			page 24


 314 0000 7374496E 		.ascii	"stInit\000"
 314      697400
 315 0007 00       		.ascii	"\000"
 316 0008 00       		.ascii	"\000"
 317 0009 00       		.ascii	"\000"
 318 000a 00000000 		.ascii	"\000\000\000\000\000\000\000\000"
 318      00000000 
 319 0012 AE000000 		.ascii	"\256\000\000\000"
 320 0016 73745374 		.ascii	"stStartAlarm\000"
 320      61727441 
 320      6C61726D 
 320      00
 321 0023 00       		.ascii	"\000"
 322 0024 00       		.ascii	"\000"
 323 0025 00       		.ascii	"\000"
 324 0026 00000000 		.ascii	"\000\000\000\000\000\000\000\000"
 324      00000000 
 325 002e BF000000 		.ascii	"\277\000\000\000"
 326 0032 73745374 		.ascii	"stStopAlarm\000"
 326      6F70416C 
 326      61726D00 
 327 003e 00       		.ascii	"\000"
 328 003f 00       		.ascii	"\000"
 329 0040 00       		.ascii	"\000"
 330 0041 00000000 		.ascii	"\000\000\000\000\000\000\000\000"
 330      00000000 
 331 0049 C1000000 		.ascii	"\301\000\000\000"
 332 004d 73745365 		.ascii	"stSetAlarm\000"
 332      74416C61 
 332      726D00
 333 0058 00       		.ascii	"\000"
 334 0059 00       		.ascii	"\000"
 335 005a 00       		.ascii	"\000"
 336 005b 00000000 		.ascii	"\000\000\000\000\000\000\000\000"
 336      00000000 
 337 0063 C3000000 		.ascii	"\303\000\000\000"
 338 0067 73744765 		.ascii	"stGetAlarm\000"
 338      74416C61 
 338      726D00
 339 0072 00       		.ascii	"\000"
 340 0073 00       		.ascii	"\000"
 341 0074 00       		.ascii	"\000"
 342 0075 00000000 		.ascii	"\000\000\000\000\000\000\000\000"
 342      00000000 
 343 007d C6000000 		.ascii	"\306\000\000\000"
 344 0081 73745F6C 		.ascii	"st_lld_init\000"
 344      6C645F69 
 344      6E697400 
 345 008d 00       		.ascii	"\000"
 346 008e 02       		.ascii	"\002"
 347 008f 00       		.ascii	"\000"
 348 0090 00000000 		.ascii	"\000\000\000\000\000\000\000\000"
 348      00000000 
 349 0098 C8000000 		.ascii	"\310\000\000\000"
 350              		.text
 351              		.section	.gnu.lto_.opts,"",%progbits
 352 0000 272D666D 		.ascii	"'-fmath-errno' '-fsigned-zeros' '-ftrapping-math' '"
ARM GAS  C:\Users\SANDEE~1\AppData\Local\Temp\ccRzjyJC.s 			page 25


 352      6174682D 
 352      6572726E 
 352      6F272027 
 352      2D667369 
 353 0033 2D666E6F 		.ascii	"-fno-trapv' '-fno-openmp' '-fno-openacc' '-mcpu=cor"
 353      2D747261 
 353      70762720 
 353      272D666E 
 353      6F2D6F70 
 354 0066 7465782D 		.ascii	"tex-m4' '-mfloat-abi=hard' '-mfpu=fpv4-sp-d16' '-mn"
 354      6D342720 
 354      272D6D66 
 354      6C6F6174 
 354      2D616269 
 355 0099 6F2D7468 		.ascii	"o-thumb-interwork' '-mthumb' '-ggdb' '-O2' '-fomit-"
 355      756D622D 
 355      696E7465 
 355      72776F72 
 355      6B272027 
 356 00cc 6672616D 		.ascii	"frame-pointer' '-falign-functions=16' '-ffunction-s"
 356      652D706F 
 356      696E7465 
 356      72272027 
 356      2D66616C 
 357 00ff 65637469 		.ascii	"ections' '-fdata-sections' '-fno-common' '-flto' '-"
 357      6F6E7327 
 357      20272D66 
 357      64617461 
 357      2D736563 
 358 0132 6673696E 		.ascii	"fsingle-precision-constant'\000"
 358      676C652D 
 358      70726563 
 358      6973696F 
 358      6E2D636F 
 359              		.text
 360              		.comm	__gnu_lto_v1,1,1
 361              		.comm	__gnu_lto_slim,1,1
 362              		.ident	"GCC: (GNU Tools for ARM Embedded Processors 6-2017-q2-update) 6.3.1 20170620 (release) [AR
ARM GAS  C:\Users\SANDEE~1\AppData\Local\Temp\ccRzjyJC.s 			page 26


DEFINED SYMBOLS
                            *ABS*:00000000 st.c
                            *COM*:00000001 __gnu_lto_v1
                            *COM*:00000001 __gnu_lto_slim

NO UNDEFINED SYMBOLS
