ARM GAS  C:\Users\SANDEE~1\AppData\Local\Temp\ccNLONGf.s 			page 1


   1              		.cpu cortex-m4
   2              		.eabi_attribute 27, 1
   3              		.eabi_attribute 28, 1
   4              		.eabi_attribute 20, 1
   5              		.eabi_attribute 21, 1
   6              		.eabi_attribute 23, 3
   7              		.eabi_attribute 24, 1
   8              		.eabi_attribute 25, 1
   9              		.eabi_attribute 26, 1
  10              		.eabi_attribute 30, 2
  11              		.eabi_attribute 34, 1
  12              		.eabi_attribute 18, 4
  13              		.file	"st_lld.c"
  14              		.text
  15              	.Ltext0:
  16              		.section	.gnu.lto_.profile.bfe24f54,"",%progbits
  17 0000 789C6365 		.ascii	"x\234ce`b`a```d\260\224\001\000\001\016\000b"
  17      60626061 
  17      60606064 
  17      B0940100 
  17      010E0062 
  18              		.text
  19              		.section	.gnu.lto_.icf.bfe24f54,"",%progbits
  20 0000 789C6365 		.ascii	"x\234ce`b\340c@\000&\206c\323\376\377\341a\234\177\341"
  20      6062E063 
  20      40002686 
  20      63D3FEFF 
  20      E1619C7F 
  21 0015 D5412E06 		.ascii	"\325A.\006\00030\006\240"
  21      00333006 
  21      A0
  22              		.text
  23              		.section	.gnu.lto_.jmpfuncs.bfe24f54,"",%progbits
  24 0000 789C6365 		.ascii	"x\234ce`b0g@\000&0\311\310\300\300\3028\235\231\361"
  24      60623067 
  24      40002630 
  24      C9C8C0C0 
  24      C2389D99 
  25 0015 E9C9C96D 		.ascii	"\351\311\311m<}\314\363\231\031\030e\030\2273\312\000"
  25      3C7DCCF3 
  25      99191865 
  25      189733CA 
  25      00
  26 0026 6580A25D 		.ascii	"e\200\242]\277\256\367q@D9\030W\200D\031\0004\214\013"
  26      BFAEF771 
  26      40443918 
  26      57804419 
  26      00348C0B 
  27 003a 59       		.ascii	"Y"
  28              		.text
  29              		.section	.gnu.lto_.inline.bfe24f54,"",%progbits
  30 0000 789C6365 		.ascii	"x\234ce`b\260b@\000&\006\006\036QF\006&\276{\001\014"
  30      6062B062 
  30      40002606 
  30      061E5146 
  30      0626BE7B 
  31 0016 6C0BE499 		.ascii	"l\013\344\231@b\214\\p\202AD\006()\363\340\026#\\\226"
ARM GAS  C:\Users\SANDEE~1\AppData\Local\Temp\ccNLONGf.s 			page 2


  31      40628C5C 
  31      70824144 
  31      062829F3 
  31      E016235C 
  32 002b 9907AC8B 		.ascii	"\231\007\254\213\001\000\261z\005d"
  32      0100B17A 
  32      0564
  33              		.text
  34              		.section	.gnu.lto_.pureconst.bfe24f54,"",%progbits
  35 0000 789C6365 		.ascii	"x\234ce`b`c`\000\222\273\030\031\245\000\003\273\000"
  35      60626063 
  35      600092BB 
  35      1819A500 
  35      03BB00
  36 0013 E6       		.ascii	"\346"
  37              		.text
  38              		.section	.gnu.lto_VectorB0.bfe24f54,"",%progbits
  39 0000 789C8554 		.ascii	"x\234\205T]lSe\030~\237\363\235\376\320\016\347%\027"
  39      5D6C5365 
  39      187E9FF3 
  39      9DFED00E 
  39      E72517
  40 0013 04BB8B19 		.ascii	"\004\273\213\031\227,;8I4\336\030\2031!\2411a\334\223"
  40      972C3B38 
  40      4934DE18 
  40      833121A1 
  40      3161DC93 
  41 0027 596A4AEC 		.ascii	"YjJ\354(i\267\005\214\311N\307\240\202\011r\241\262"
  41      2869B705 
  41      8CC94EC7 
  41      A0820972 
  41      A1B2
  42 0039 19C9212E 		.ascii	"\031\311!.:~\354\006S\324\016(\265\023\352\337\266h"
  42      3A7EEC06 
  42      53D40E28 
  42      B513EADF 
  42      B668
  43 004b D0187783 		.ascii	"\320\030w\203\314\251\303\251\210\013h\224\325\367\375"
  43      CCA9C3A9 
  43      880B6894 
  43      D5F7FD
  44 005a 5A6A6913 		.ascii	"Zji\0239\3519_\277\367y\336\357\375y\336s\\d\220\337"
  44      39E9395F 
  44      BFF779DE 
  44      EFFD79DE 
  44      735C6490 
  45 006f 45749588 		.ascii	"Et\225\210\326\361\015\027\30188M\224\364\032\206\232"
  45      D6F10D17 
  45      C138384D 
  45      94F41A86 
  45      9A
  46 0080 5843B6CF 		.ascii	"XC\266\317\374\332\"\273A\301,\231M@\376\330^P\237\241"
  46      FCDA22BB 
  46      41C12C99 
  46      4D40FED8 
  46      5E509FA1 
  47 0094 4CF4E125 		.ascii	"L\364\341%uH!\237\372!c\264\214\330|\345\016e\033\223"
ARM GAS  C:\Users\SANDEE~1\AppData\Local\Temp\ccNLONGf.s 			page 3


  47      7548219F 
  47      FA2163B4 
  47      8CD87CE5 
  47      0E651B93 
  48 00a8 F69E558E 		.ascii	"\366\236U\216\"\032\342[.\214\240\205\230v\345\324\362"
  48      221AE25B 
  48      2E8CA085 
  48      9876E5D4 
  48      F2
  49 00b9 2B2BDD66 		.ascii	"++\335f\311\216\243p\203\327\261/\221\263\227\213);"
  49      C98EA370 
  49      83D7B12F 
  49      91B3978B 
  49      293B
  50 00cb B7348CE2 		.ascii	"\2674\214\342S>E\016\207\223\007\321~&J\274\027\225"
  50      533E450E 
  50      879307D1 
  50      7E264ABC 
  50      1795
  51 00dd 21AB5A40 		.ascii	"!\253Z@~b\341\327\224_|\017+\211\374\352\236\374\214"
  51      7E62E1D7 
  51      945F7C0F 
  51      2B89FCEA 
  51      9EFC8C
  52 00f0 E7807294 		.ascii	"\347\200r\224\001\2110\235\276y\315W\332J2&\233\206"
  52      0189309D 
  52      BE79CD57 
  52      DA4A3226 
  52      9B86
  53 0102 476F14BC 		.ascii	"Go\024\274\016\016'y\037p\224\302q\254\3061\254&\341"
  53      0E0E2779 
  53      1F7094C2 
  53      71ACC631 
  53      AC26E1
  54 0115 1F9F5AFA 		.ascii	"\037\237Z\372\303c\245\355\201\244`&N\300\301\240\316"
  54      C363A5ED 
  54      81A46026 
  54      4EC0C1A0 
  54      CE
  55 0126 1A6FC3A2 		.ascii	"\032o\303\242\005\354\376g\357\220\247\024\316,E\274"
  55      05ECFE67 
  55      EF90A714 
  55      CE2C45BC 
  56 0136 50BC996B 		.ascii	"P\274\231k\224\020\200\2014\237\363=\006f'\327\2259"
  56      94108081 
  56      349FF33D 
  56      066627D7 
  56      9539
  57 0148 4C185BCC 		.ascii	"L\030[\314\374\265\262D \214J \222\012\024M\254\221"
  57      FCB5B244 
  57      208C4A20 
  57      920A144D 
  57      AC91
  58 015a 02967EFA 		.ascii	"\002\226~\372\255\240\013\250\311\355\310[\240\273\245"
  58      ADA00BA8 
  58      C9EDC85B 
  58      A0BBA5
ARM GAS  C:\Users\SANDEE~1\AppData\Local\Temp\ccNLONGf.s 			page 4


  59 0169 37F65F7A 		.ascii	"7\366_z'aU\227or\254S\3545\017C\034\277\0308\371\272"
  59      27615597 
  59      6F72AC53 
  59      EC350F43 
  59      1CBF1838 
  60 017f 12BB0B92 		.ascii	"\022\273\013\222\322\357S\257\315\335#[7\002\274\375"
  60      D2EF53AF 
  60      CDDD235B 
  60      3702BCFD 
  61 018f F16CEA12 		.ascii	"\361l\352\022T\273\356\330\351\3547\203\276\346a\333"
  61      54BBEED8 
  61      E9EC3783 
  61      BEE661DB 
  62 019f EEB77385 		.ascii	"\356\267s\205\324\375\2057\367\332\007\223^Gy\360.\024"
  62      D4FD8537 
  62      F7DA0793 
  62      5E4779F0 
  62      2E14
  63 01b1 0B857738 		.ascii	"\013\205w8\237\361r\0258\215f\366I-\330\347L9\316\203"
  63      9FF17215 
  63      388D66F6 
  63      492DD8E7 
  63      4C39CE83 
  64 01c5 00DE63EC 		.ascii	"\000\336c\354*\372\257\234808\267\252\"\362@i\026\256"
  64      2AFAAF9C 
  64      383038B7 
  64      AA22F240 
  64      6916AE
  65 01d8 37BAB4D0 		.ascii	"7\272\264\320C\012T\203\025\217\265\276\020\"\274/\240"
  65      430A5483 
  65      158FB5BE 
  65      1022BC2F 
  65      A0
  66 01e9 510BFE9D 		.ascii	"Q\013\376\235^\033!| \230\252\305&G\036\365\0202\202"
  66      5E1B217C 
  66      2098AAC5 
  66      26471EF5 
  66      103282
  67 01fc 99B558FE 		.ascii	"\231\265X\3769I\2210!\250\253z\346p\006n.\340\254\014"
  67      39499130 
  67      21A8AB7A 
  67      E670066E 
  67      2EE0AC0C 
  68 0210 1D68060C 		.ascii	"\035h\006\014\275\341\214\377\351k\272\014\307\036\344"
  68      BDE18CFF 
  68      E96BBA0C 
  68      C71EE4
  69 021f EE7A859D 		.ascii	"\356z\205\235\236;c{M\203\211\347\320\244%\270\266x"
  69      9E3B637B 
  69      4D8389E7 
  69      D0A425B8 
  69      B678
  70 0231 69D6600B 		.ascii	"i\326`\013\2620u\255\204\363\272\247G\263\223\363\015"
  70      B23075AD 
  70      84F3BAA7 
  70      47B393F3 
  70      0D
ARM GAS  C:\Users\SANDEE~1\AppData\Local\Temp\ccNLONGf.s 			page 5


  71 0242 4D7365EF 		.ascii	"Mse\357\025\302\275>:\376\225_{\347\304\033\037\362"
  71      15C2BD3E 
  71      3AFE955F 
  71      7BE7C41B 
  71      1FF2
  72 0254 1CCFA33F 		.ascii	"\034\317\243?\240\373F\3643v_\276\365\362\3703\265M"
  72      A0FB46F4 
  72      33765FBE 
  72      F5F2F833 
  72      B54D
  73 0266 5AAA34C9 		.ascii	"Z\2524\311}G\306y\235\361$\2645\223Y\234\365\364\335"
  73      7D47C679 
  73      9DF124B4 
  73      3593599C 
  73      F5F4DD
  74 0279 B2591ADF 		.ascii	"\262Y\032\337\0207^@|\204>\236\031\377m\325\357\324"
  74      10375E40 
  74      7C843E9E 
  74      19FF6DD5 
  74      EFD4
  75 028b B2FD2E5A 		.ascii	"\262\375.Z^\320ZV&\310\303}\271\370\177Z\336\250\244"
  75      5ED05A56 
  75      26C8C37D 
  75      B9F87F5A 
  75      DEA8A4
  76 029e E9ADD7F2 		.ascii	"\351\255\327\362\221}\254eA\300\025\365Z>\360,\341c"
  76      917DAC65 
  76      41C015F5 
  76      5A3EF02C 
  76      E163
  77 02b0 C17C755A 		.ascii	"\301|uZ\246\036c-?\021\314_\213}\373\274\244H\370\264"
  77      A61E632D 
  77      3F11CC5F 
  77      8B7DFBBC 
  77      A448F8B4 
  78 02c4 5ECBCF74 		.ascii	"^\313\317tg>\257\322r\331\371.\353\277-\323E-\323\224"
  78      673EAFD2 
  78      72D9F92E 
  78      EBBF2DD3 
  78      452DD394 
  79 02d8 96A95693 		.ascii	"\226\251V\223\351\212&r\270~3M\375m\021u\366-\353w\275"
  79      E98A2672 
  79      B87E334D 
  79      FD6D1175 
  79      F62DEB77 
  80 02ed BEDF0DEC 		.ascii	"\276\337\015\3549Sn\366/\350?Rt\240\211r\355\347\331"
  80      39536EF6 
  80      2FE83F52 
  80      74A08972 
  80      EDE7D9
  81 0300 E6033884 		.ascii	"\346\0038\204\325\326V\376\305\022V\2443j\355\210\305"
  81      D5D656FE 
  81      C51256A4 
  81      336AED88 
  81      C5
  82 0311 BB1356C7 		.ascii	"\273\023V\307\346\340C\355\326\306\215OX\2337\004{\037"
  82      E6E043ED 
ARM GAS  C:\Users\SANDEE~1\AppData\Local\Temp\ccNLONGf.s 			page 6


  82      D6C68D4F 
  82      589B3704 
  82      7B1F
  83 0323 B412DD5B 		.ascii	"\264\022\335[\242\321\255m!r\365vF{\302-\325^\361\356"
  83      A2D1AD6D 
  83      2172F576 
  83      467BC22D 
  83      D55EF1EE 
  84 0337 B2D3E39B 		.ascii	"\262\323\343\233\202\353\203;\255P$\024\213\207\267"
  84      82EB833B 
  84      AD502414 
  84      8B87B7
  85 0346 F43EDCD5 		.ascii	"\364>\334\325\026\241\326jfxg\267\265>\330\261\241\303"
  85      16A1D66A 
  85      667867B7 
  85      B53ED8B1 
  85      A1C3
  86 0358 DAB63D14 		.ascii	"\332\266=\024\355\331\032\26643\324\365d\317\366\020"
  86      EDD91AB6 
  86      3433D4F5 
  86      64CFF610 
  87 0368 93EFAB4D 		.ascii	"\223\357\253M&\226\340\007\237/k-\316\346\312)\221\304"
  87      2696E007 
  87      9F2F6B2D 
  87      CEE6CA29 
  87      91C4
  88 037a AE04E3F7 		.ascii	"\256\004\343\367\006;6\005\236\356L\204w\304\267\265"
  88      063B3605 
  88      9EEE4C84 
  88      77C4B7B5 
  89 038a 069AD792 		.ascii	"\006\232\327\222\021'OW\270+\026\337E\377\002\214\343"
  89      11274F57 
  89      B82B16DF 
  89      45FF028C 
  89      E3
  90 039b EEC8     		.ascii	"\356\310"
  91              		.text
  92              		.section	.gnu.lto_st_lld_init.bfe24f54,"",%progbits
  93 0000 789C9D94 		.ascii	"x\234\235\224\315O\023A\030\207\347\267\263m\267\210"
  93      CD4F1341 
  93      1887E7B7 
  93      B36DB788 
  94 0010 183D99D8 		.ascii	"\030=\231\330\203W<\260\251\376\013^L\340\004wc\364"
  94      83573CB0 
  94      A9FE0B5E 
  94      4CE00477 
  94      63F4
  95 0022 A0090946 		.ascii	"\240\011\011F\210G\273\010\024\305\004L\214E\016\315"
  95      8847BB08 
  95      14C5044C 
  95      8C450ECD 
  96 0032 3621B182 		.ascii	"6!\261\202\224\002\"\322\362a\251 \242R\320\203\232"
  96      940222D2 
  96      F261A920 
  96      A252D083 
  96      9A
  97 0043 183F6222 		.ascii	"\030?b\"\241\242\011\001\242F#\370\276\263\245%z\242"
ARM GAS  C:\Users\SANDEE~1\AppData\Local\Temp\ccNLONGf.s 			page 7


  97      A1A20901 
  97      A24623F8 
  97      BEB3A525 
  97      7AA2
  98 0055 93DDD99D 		.ascii	"\223\335\331\235\217}\236y\347c]B\023\226K\010\277\020"
  98      8F7D9E79 
  98      E7635D42 
  98      13964B08 
  98      BF10
  99 0067 E210DD90 		.ascii	"\342\020\335\220\002\332\365\214\020\215\206\006\360"
  99      02DAF58C 
  99      108D8606 
  99      F0
 100 0074 8B654004 		.ascii	"\213e@\0044\004\320!;%\322\255K\011\255<jQJu\216\034"
 100      3404D021 
 100      3B25D2AD 
 100      4B09AD3C 
 100      6A514A75 
 101 008a 085A2D07 		.ascii	"\010Z-\007m)D\027\335\234\020E\271\240n\237\0067o\356"
 101      6D294417 
 101      DD9C1045 
 101      B9A06E9F 
 101      06376FEE 
 102 009e 75EB4E3D 		.ascii	"u\353N=\356\300\015z\306_\"emn\265Z\251\351n\274\250"
 102      EEC00D7A 
 102      C65F2265 
 102      6D6EB55A 
 102      A9E96EBC 
 103 00b3 DEAF095B 		.ascii	"\336\257\011[\222\2172\027gn\316\204h\243O\330{Mj\374"
 103      928F3217 
 103      676ECE84 
 103      68A34FD8 
 103      7B4D6AFC 
 104 00c7 9459A493 		.ascii	"\224Y\244\223\331\236s\014\011K\215\330\241\226\364"
 104      D99E730C 
 104      094B8DD8 
 104      A196F4
 105 00d6 82A75DDA 		.ascii	"\202\247]\332R\003\253\232\3033K^\247h\255^\261t\252"
 105      5203AB9A 
 105      C3334B5E 
 105      A768AD5E 
 105      B174AA
 106 00e9 5AF9F03B 		.ascii	"Z\371\360;\341\262\021n\244Q\036\266\245D/|\350\201"
 106      E1B2116E 
 106      A4511EB6 
 106      A5442F7C 
 106      E881
 107 00fb 4F70FFB5 		.ascii	"Op\377\265\320\342\307R3f5\303\226:\356\302\306-5x\364"
 107      D0E2C752 
 107      336635C3 
 107      963AEEC2 
 107      C62D3578 
 108 0110 C1145934 		.ascii	"\301\024Y4\375\014\302qIG7<=\0334\230\017J1\202\320"
 108      FD0CC271 
 108      4947373C 
 108      3D1B3498 
 108      0F4A3182 
ARM GAS  C:\Users\SANDEE~1\AppData\Local\Temp\ccNLONGf.s 			page 8


 109 0125 80425EEE 		.ascii	"\200B^\356\262;S\177\301\024\207Ix\006%{\372\274\216"
 109      B23B537F 
 109      C1148749 
 109      7806257B 
 109      FABC8E
 110 0138 CDB53332 		.ascii	"\315\26532\227\212\254\255ij\310p\212V\352\272UFU\213"
 110      978AACAD 
 110      696AC870 
 110      8A56EABA 
 110      5546558B 
 111 014c EF475F95 		.ascii	"\357G_\225\024|n\014\222o \347\033Y_\353(\370\206\224"
 111      147C6E0C 
 111      926F20E7 
 111      1B595FEB 
 111      28F88694 
 112 0160 8FE71DF7 		.ascii	"\217\347\035\367\376\211\214u\377\205\262\013\364p\001"
 112      FE898C75 
 112      FF85B20B 
 112      F47001
 113 016f 7D9F4371 		.ascii	"}\237Cq3hc9~\265,\307\312\007\342Q\201db?VK\234\"o\034"
 113      33686339 
 113      7EB52CC7 
 113      CA07E251 
 113      8164623F 
 114 0189 5EA2EEFE 		.ascii	"^\242\356\376\357\263F\316\026\271D+o\340\001\371Fr"
 114      EFB346CE 
 114      16B9442B 
 114      6FE001F9 
 114      4672
 115 019b BEDEF98D 		.ascii	"\276\336\371\215u\017\373\032y,:F\225Qcc\002&u\370\222"
 115      750FFB1A 
 115      792C3A46 
 115      95516363 
 115      022675F8 
 116 01b0 C986D5DC 		.ascii	"\311\206\325\334\350X\230\022H:\301l,\217\346\307\260"
 116      E8589812 
 116      483AC16C 
 116      2C8FE6C7 
 116      B0
 117 01c1 4BC39832 		.ascii	"K\303\2302\250\355:\256\014+\343\003o\\\216a\213\322"
 117      A8ED3AAE 
 117      0C2BE303 
 117      6F5C8E61 
 117      8BD2
 118 01d3 3E4C6C3B 		.ascii	">Ll;\022\305:&\225Cg\307C\345\310\317\223\016\201\324"
 118      12C53A26 
 118      954367C7 
 118      43E5C8CF 
 118      930E81D4 
 119 01e7 363F591C 		.ascii	"6?Y\034\337\213)\305\247\323\314\215[\241\301wn\177"
 119      DF8B29C5 
 119      A7D3CC8D 
 119      5BA1C177 
 119      6E7F
 120 01f9 9C1B2343 		.ascii	"\234\033#Cj\331\3220q\304\247v\340#\370\013\276\261"
 120      6AD9D230 
 120      71C4A776 
ARM GAS  C:\Users\SANDEE~1\AppData\Local\Temp\ccNLONGf.s 			page 9


 120      E023F80B 
 120      BEB1
 121 020b 62E39956 		.ascii	"b\343\231V>7\003g\210\235\007\216\027\013|\254\200\036"
 121      3E370367 
 121      889D078E 
 121      170B7CAC 
 121      801E
 122 021d 06CEEE04 		.ascii	"\006\316\356\004N\024\013|\242\200\006\003\347\010\030"
 122      4E140B7C 
 122      A2800603 
 122      E70818
 123 022c DB064E16 		.ascii	"\333\006N\026\013|\252\200^\006>\313\001W\320\022\211"
 123      0B7CAA80 
 123      5E063ECB 
 123      0157D012 
 123      89
 124 023d DE96CCE3 		.ascii	"\336\226\314\343/\022\211\257o=\201?\226a\313\222.>"
 124      2F1289AF 
 124      6F3D813F 
 124      9661CB92 
 124      2E3E
 125 024f 24788E00 		.ascii	"$x\216\0007|\236\273\021,\345\305\336C\374y\370\370"
 125      377C9EBB 
 125      112CE5C5 
 125      DE43FC79 
 125      F8F8
 126 0261 84FF7ADD 		.ascii	"\204\377z\335n8U\0062\360\331\262T|\303\345HwT\235T"
 126      6E385506 
 126      32F0D9B2 
 126      547CC3E5 
 126      4877549D 
 127 0276 F54B6D23 		.ascii	"\365Km#\006\375\007i\357\233\025\025\271\253\256\336"
 127      06FD0769 
 127      EF9B1515 
 127      B9ABAEDE 
 128 0286 3C7BAAD6 		.ascii	"<{\252\326<_w\241\241\336\254\256\251:v\324\254\254"
 128      3C5F77A1 
 128      A1DEACAE 
 128      A93A76D4 
 128      ACAC
 129 0298 3C6ED69C 		.ascii	"<n\326\234\250\272\3507\353\033N\326\326\236\2518-\376"
 129      A8BAE837 
 129      EB1B4ED6 
 129      D69EA938 
 129      2DFE
 130 02aa 02A3C8DC 		.ascii	"\002\243\310\334\355"
 130      ED
 131              		.text
 132              		.section	.gnu.lto_.symbol_nodes.bfe24f54,"",%progbits
 133 0000 789C6365 		.ascii	"x\234ce`b(d\000\002\246\211L\365\014\014\023\31610\000"
 133      60622864 
 133      0002A689 
 133      4CF50C0C 
 133      13CE3130 
 134 0015 A95D0D8E 		.ascii	"\251]\015\216@\221IL\365\214(\"\214\223\231\352\231"
 134      4091494C 
 134      F58C2822 
ARM GAS  C:\Users\SANDEE~1\AppData\Local\Temp\ccNLONGf.s 			page 10


 134      8C9399EA 
 134      99
 135 0026 C0220C0C 		.ascii	"\300\"\014\014\015\015\016@\201)L\365\314(\002S\231"
 135      0D0D0E40 
 135      81294CF5 
 135      CC280253 
 135      99
 136 0037 EA599005 		.ascii	"\352Y\220\005\230\201\260\345\33016f\240=-\355o\344"
 136      9881B0E5 
 136      D8313666 
 136      A03D2DED 
 136      6FE4
 137 0049 99195918 		.ascii	"\231\031Y\030\236\000i\006\000\013$\033-"
 137      9E006906 
 137      000B241B 
 137      2D
 138              		.text
 139              		.section	.gnu.lto_.refs.bfe24f54,"",%progbits
 140 0000 789C6365 		.ascii	"x\234ce`b`d\000\002\000\000I\000\011"
 140      60626064 
 140      00020000 
 140      490009
 141              		.text
 142              		.section	.gnu.lto_.decls.bfe24f54,"",%progbits
 143 0000 789CCD58 		.ascii	"x\234\315XyLTI\032\357z\325\\\315\241i\334Y7k2\356\254"
 143      794C5449 
 143      1AEF7AD5 
 143      5CCDA169 
 143      DC59376B 
 144 0017 1B99CC2A 		.ascii	"\033\231\314*6\316\316Lv\375CmPHd4\215c6\023g:\014\266"
 144      36CECE4C 
 144      76FD436D 
 144      50486434 
 144      8D633613 
 145 002f 23590E87 		.ascii	"#Y\016\207cV\223M\366\2018\"\242\016\"*\236(r\250\240"
 145      6356934D 
 145      F6813822 
 145      A20E222A 
 145      9E2872A8 
 146 0044 78020282 		.ascii	"x\002\002\202\335\312)\212\250 r\212\210x!\202r\252"
 146      DDCA298A 
 146      A820728A 
 146      88782182 
 146      72AA
 147 0056 EC5755AF 		.ascii	"\354WU\257y\257_\267\273\223M6\331\027\276\256\367U"
 147      79AF5FB7 
 147      BB934D36 
 147      D917BEAE 
 147      F755
 148 0068 FDEAF7BE 		.ascii	"\375\352\367\276\372\276:\276\302N\301)2\247)\024YJ"
 148      FABE3ABE 
 148      C24EC129 
 148      32A72914 
 148      594A
 149 007a 85C21729 		.ascii	"\205\302\027)\024\343\360`\205B\221\013\002\252\"O\301"
 149      14E3F060 
 149      8542910B 
ARM GAS  C:\Users\SANDEE~1\AppData\Local\Temp\ccNLONGf.s 			page 11


 149      02AA224F 
 149      C1
 150 008b 1E3B9002 		.ascii	"\036;\220\002\220\213 \305 \227@L\012\353\347\007\350"
 150      908B20C5 
 150      2097404C 
 150      0AEBE707 
 150      E8
 151 009c E402E50A 		.ascii	"\344\002\345\012\220\231 \016\240\333\203T\301\273\032"
 151      9099200E 
 151      A0DB8354 
 151      C1BB1A
 152 00ab 648AC0E9 		.ascii	"d\212\300\351\012uj\020w\220|\341[\257H\275\360\235"
 152      0A756A10 
 152      77907CE1 
 152      5BAF48BD 
 152      F09D
 153 00bd 5F41C5AF 		.ascii	"_A\305\257A~\003\362[\220\337\201\374\036\261\357\376"
 153      417E03F2 
 153      5B90DF81 
 153      FC1EB1EF 
 153      FE
 154 00ce 01CA9920 		.ascii	"\001\312\231 \037\203|\202\230=\362'\0321.\263\035Q"
 154      1F837C82 
 154      983DF227 
 154      1A312EB3 
 154      1D51
 155 00e0 A0470A76 		.ascii	"\240G\012v\304@\311#\321\266F\250\213E\314.#\210\012"
 155      C440C923 
 155      D1B646A8 
 155      8B45CC2E 
 155      23880A
 156 00f3 2410F4F5 		.ascii	"$\020\364\365\304\037\012f\334 \024\030\312!(\373A8"
 156      C41F0A66 
 156      DC201418 
 156      CA2128FB 
 156      4138
 157 0105 781F20A5 		.ascii	"x\037 \245\340\023[\276\330\215Qk\345\261\023x\033F"
 157      E0135BBE 
 157      D88D516B 
 157      E5B11378 
 157      1B46
 158 0117 33558878 		.ascii	"3U\210xv\022T\235zV8\342\312\252\010\242}${\321\354"
 158      7612549D 
 158      7A5638E2 
 158      CAAA08A2 
 158      7D247BD1 
 159 012c 1C9E3D8E 		.ascii	"\034\236=\216\234\330\265~{\377Q\007\354LA7\343\362"
 159      9CD8B57E 
 159      7BFF5107 
 159      EC4C4137 
 159      E3F2
 160 013e F6131AB5 		.ascii	"\366\023\032\265\012)A}Y\273\367\201\033\250STh\372"
 160      0A29417D 
 160      59BBF781 
 160      1BA85354 
 160      68FA
 161 0150 6ECCA556 		.ascii	"n\314\245V7\032\225\310C\225I(\312\206\372g&m\342y\016"
ARM GAS  C:\Users\SANDEE~1\AppData\Local\Temp\ccNLONGf.s 			page 12


 161      371A95C8 
 161      43954928 
 161      CA86FA67 
 161      266DE279 
 162 0165 9D442A74 		.ascii	"\235D*t\034at\014\315&c\230I\206\025\317\363\261\374"
 162      1C61740C 
 162      CD266398 
 162      498615CF 
 162      F3B1FC
 163 0178 CF1B7827 		.ascii	"\317\033x'_\005\312A\323\320\0114M\201r\221\007\261"
 163      5F05CA41 
 163      D3D00934 
 163      4D817291 
 163      07B1
 164 018a 86E05036 		.ascii	"\206\340P6TfA%|\345\330\321\244#\366x51\200+\277\324"
 164      54664125 
 164      7CE5D8D1 
 164      A423F678 
 164      3531802B 
 165 01a0 7C578954 		.ascii	"|W\211T\0366\373\237\266\321\237\3312~\340\243\362\215"
 165      1E36FB9F 
 165      B6D19FD9 
 165      327EE0A3 
 165      F28D
 166 01b2 C4963CB0 		.ascii	"\304\226<\260\345\224h\013\230F\012\250\205\357\\\330"
 166      E594680B 
 166      98460AA8 
 166      85EF5CD8 
 167 01c2 547EC0A5 		.ascii	"T~\300\245\015\265 \030<\232L\207\217\020\373ET\250"
 167      0DB52018 
 167      3C9A4C87 
 167      8F10FB45 
 167      54A8
 168 01d4 3A6E7E10 		.ascii	":n~\020\242\365P\313\321_\006\244U\310\334C\3209A\345"
 168      A2F550CB 
 168      D15F06A4 
 168      55C8DC43 
 168      D03941E5 
 169 01e8 044AFA27 		.ascii	"\004J\372'tF\022F\326\314\276d~X\330\331\013\355&tE"
 169      74461246 
 169      D6CCBE64 
 169      7E58D8D9 
 169      0BED2674 
 170 01fd 88133F80 		.ascii	"\210\023?\200\220\264\203\204\220\231-\264O\330\247"
 170      90B48384 
 170      90992DB4 
 170      4FD8A7
 171 020c 100787CC 		.ascii	"\020\007\207\314a~\2268pH\331\216Z\021rV\244\315G\264"
 171      617E9638 
 171      7048D98E 
 171      5A117256 
 171      A4CD47B4 
 172 0220 EEF98B67 		.ascii	"\356\371\213gYn\370\034\242\261\277:>T6\211\305\236"
 172      596EF81C 
 172      A2B1BF3A 
 172      3E543689 
 172      C59E
ARM GAS  C:\Users\SANDEE~1\AppData\Local\Temp\ccNLONGf.s 			page 13


 173 0232 23D3A2EF 		.ascii	"#\323\242\357\332\001g\026\373\311\240\016\307\334\271"
 173      DA016716 
 173      FBC9A00E 
 173      C7DCB9
 174 0241 AC9ABA8B 		.ascii	"\254\232\272\213\316\236\015\374d\016\255\370\000]\200"
 174      CE9E0DFC 
 174      640EADF8 
 174      005D80
 175 0250 189C8718 		.ascii	"\030\234\207\030(P>\232\012\277\337)\331\247\272\012"
 175      28503E9A 
 175      0ABFDF29 
 175      D9A7BA0A 
 176 0260 1EDFE03E 		.ascii	"\036\337\340>J\343\323:\370\262\027\247\346\225\034"
 176      4AE3D33A 
 176      F8B217A7 
 176      E6951C
 177 026f F989AF83 		.ascii	"\371\211\257\203n\363)\016\235\023\303\003\257\360{"
 177      6EF3290E 
 177      9D13C303 
 177      AFF07B
 178 027e 16B52374 		.ascii	"\026\265#t\006\265\201\345\005\350#2\355\022_\244M\302"
 178      06B581E5 
 178      05E82332 
 178      ED125FA4 
 178      4DC2
 179 0290 CF9959D5 		.ascii	"\317\231Y\325\015/\252\315dmU.\251|Y,O\"M\250\012E\252"
 179      0D2FAACD 
 179      646D552E 
 179      A97C592C 
 179      4F224DA8 
 180 02a7 4239D545 		.ascii	"B9\325EJ\325\3367P\341\214G\030Ur\326\275M\204\252\003"
 180      4AD5DE37 
 180      50E18C47 
 180      185572D6 
 180      BD4D84AA 
 181 02bc 66CCA3AA 		.ascii	"f\314\243\252y\255y]|\274\212\031U$2\025\021&\362RL"
 181      79AD795D 
 181      7CBC8A19 
 181      55243215 
 181      1126F252 
 182 02d1 1936E79B 		.ascii	"\0316\347\233\266b|\201\243\014\003\025c\033\035\005"
 182      B6627C81 
 182      A30C0315 
 182      631B1D05 
 183 02e1 869AA6E9 		.ascii	"\206\232\246\3515g\3708;\332\277D\354_b\356\177\211"
 183      3567F838 
 183      3BDABF44 
 183      EC5F62EE 
 183      7F89
 184 02f3 F6DF77BB 		.ascii	"\366\337w\2733\235\303\217Y\177\343H\373d%\307f$q\027"
 184      339DC38F 
 184      597FE348 
 184      FB6425C7 
 184      66247117 
 185 0307 54256454 		.ascii	"T%dT\215\342\211\2722D+kn\3667\272\274\327\333F\352"
 185      8DE289BA 
 185      32442B6B 
ARM GAS  C:\Users\SANDEE~1\AppData\Local\Temp\ccNLONGf.s 			page 14


 185      6EF637BA 
 185      BCD7DB46 
 186 031c EDCB4870 		.ascii	"\355\313HpwN~e\203\233`\324\255\366/R\251Q\200A\245"
 186      774E7E65 
 186      839B60D4 
 186      ADF62F52 
 186      A9518041 
 187 0331 A251A566 		.ascii	"\242Q\245f\243L\324\250\374\373)\245N,\326w\011\305"
 187      A34CD4A8 
 187      FCFB29A5 
 187      4E2CD677 
 187      09C5
 188 0343 DEA257D5 		.ascii	"\336\242W\325vLw$\315\275'\362]Y\354\313H\363\255\356"
 188      764C7724 
 188      CDBD27F2 
 188      5D59ECCB 
 188      48F3ADEE 
 189 0357 C3712EAC 		.ascii	"\303q.\254\271\216\350\246\206\212>%\316\304tL\3619"
 189      B98EE8A6 
 189      868A3E25 
 189      CEC4744C 
 189      F139
 190 0369 DB4C5815 		.ascii	"\333LX\025O\014\375%\013\026z\\\2736Vk\207sX\367-W\317"
 190      4F0CFD25 
 190      0B167A5C 
 190      BB36566B 
 190      877358F7 
 191 0380 970B5B4E 		.ascii	"\227\013[N%\321w^4\0259\343S\254\361AB\247\311\036\237"
 191      25D1775E 
 191      341539E3 
 191      53ACF141 
 191      42A7C91E 
 192 0395 638AD92A 		.ascii	"c\212\331*\265`\325\241\346\327\325\010\027\260\306"
 192      B560D5A1 
 192      E6D7D508 
 192      17B0C6
 193 03a4 A2FCE272 		.ascii	"\242\374\342ra\004s$\263W\315f\357\205\356\252r\025"
 193      61047324 
 193      B357CD66 
 193      EF85EEAA 
 193      7215
 194 03b6 1B108F40 		.ascii	"\033\020\217@/\251o\231\217KXOc\177^\22608L\206\223"
 194      2FA96F99 
 194      8F4B584F 
 194      637F5E96 
 194      30384C86 
 195 03cb DA5F3789 		.ascii	"\332_7\211\014\207g\303!\365\346\001)\320\035\262\241"
 195      0C8767C3 
 195      21F5E601 
 195      29D01DB2 
 195      A1
 196 03dc 20CF69E8 		.ascii	" \317i\3506\033J\323\360\325{v\352\237)\232\347\247"
 196      361B4AD3 
 196      F0D57B76 
 196      EA9F299A 
 196      E7A7
 197 03ee 2B6910EB 		.ascii	"+i\020\353\001~\223\302\033\220\332\334\211.\261\224"
ARM GAS  C:\Users\SANDEE~1\AppData\Local\Temp\ccNLONGf.s 			page 15


 197      017E93C2 
 197      1B90DADC 
 197      892EB194 
 198 03fe 5E3729B8 		.ascii	"^7)\270\352\337\201O\246g\354V\341\313\314\310}\003"
 198      EADF814F 
 198      A667EC56 
 198      E1CBCCC8 
 198      7D03
 199 0410 AD8F8580 		.ascii	"\255\217\205\200y\200\2329X\264\301\021_em\311\227\016"
 199      79809A39 
 199      58B4C111 
 199      5F656DC9 
 199      970E
 200 0422 D43AE02A 		.ascii	"\324:\340*\246\230\267l5\335\262Ql\343B\\\313ZJ\223"
 200      A698B76C 
 200      35DDB251 
 200      6CE3425C 
 200      CB5A4A93 
 201 0436 76B4227C 		.ascii	"v\264\"|\223)\275q\017;\004\377L\0055\245\346\351L\334"
 201      9329BD71 
 201      0F3B04FF 
 201      4C0535A5 
 201      E6E94CDC 
 202 044a C09ADE55 		.ascii	"\300\232\336U\232f\342\026\366^~!;\013\341N\246\364"
 202      9A66E216 
 202      F65E7E21 
 202      3B0BE14E 
 202      A6F4
 203 045c EF2D7FAA 		.ascii	"\357-\177\252\302\335LI\253\337_\340\210\0373%sxW\246"
 203      C2DD4C49 
 203      ABDF5FE0 
 203      881F3325 
 203      737857A6 
 204 0470 0BEE65CA 		.ascii	"\013\356e\312\355\302;\361\316x@\230\034\247O\357q\306"
 204      EDC23BF1 
 204      CE784098 
 204      1CA74FEF 
 204      71C6
 205 0482 434C892D 		.ascii	"CL\211-jJ\022v\230\016\272Odt\2459\011Q\261'K\241\376"
 205      6A4A1276 
 205      980EBA4F 
 205      6474A539 
 205      0951B127 
 206 0499 DA10C263 		.ascii	"\332\020\302c\014\234p\341V\233\362\275qxj\216\303\034"
 206      0C9C70E1 
 206      569BF2BD 
 206      71786A8E 
 206      C31C
 207 04ab 1A869492 		.ascii	"\032\206\224\222\224\363n\3620\224\003\372*E?\243\236"
 207      94F36EF2 
 207      309403FA 
 207      2A453FA3 
 207      9E
 208 04bc 7D6AF66C 		.ascii	"}j\366l\335\303\364\014\245<\016\357C\177\360\"\341"
 208      DDC3F40C 
 208      A53C0EEF 
 208      437FF022 
ARM GAS  C:\Users\SANDEE~1\AppData\Local\Temp\ccNLONGf.s 			page 16


 208      E1
 209 04cd F26B5734 		.ascii	"\362kW4c\306\014\367\031\222\307\203\376\036\341\343"
 209      63C60CF7 
 209      1992C783 
 209      FE1EE1E3 
 210 04dd 36F06515 		.ascii	"6\360e\025\361\270'\367z\"\237fD\224\352\006\254\273"
 210      F1B827F7 
 210      7A229F66 
 210      4494EA06 
 210      ACBB
 211 04ef 97C85D5C 		.ascii	"\227\310]\\\007\327)o\016\371U\260.\235a\260\221\305"
 211      07D7296F 
 211      0EF955B0 
 211      2E9D61B0 
 211      91C5
 212 0501 610AAF94 		.ascii	"a\012\257\224\303+\254\340\325\022x\255\034^C\341\032"
 212      C32BACE0 
 212      D51278AD 
 212      1C5E43E1 
 212      1A
 213 0512 824E12C6 		.ascii	"\202N\022\3064_\251@\217\241\275\2076\0214\254A\364"
 213      345FA940 
 213      8FA1BD87 
 213      361134AC 
 213      41F4
 214 0524 0E96E300 		.ascii	"\016\226\343\000\232\201\372AFA\206@^\201\304r3\320"
 214      9A81FA41 
 214      46418640 
 214      5E81C472 
 214      33D0
 215 0536 20946F41 		.ascii	" \224oA\206A\306@\306Ax\250\037\201r\003\224\275P\366"
 215      8641C640 
 215      C64178A8 
 215      1F817203 
 215      94BD50F6 
 216 054a 81BC0179 		.ascii	"\201\274\001y\015\362\002$\206\233A7\025f\343\275\020"
 216      0DF20224 
 216      869B4137 
 216      1566E3BD 
 216      10
 217 055b D1C66EB9 		.ascii	"\321\306n\271\215\236\362\021\325K\320\217l\2425\"\270"
 217      8D9EF211 
 217      D54BD08F 
 217      6CA23522 
 217      B8
 218 056c 5F027E20 		.ascii	"_\002~ \007\337D2\364=\211\263\252m\373V\2026\206\212"
 218      07DF4432 
 218      F43D89B3 
 218      AA6DFB56 
 218      8236868A 
 219 0580 E8FB7274 		.ascii	"\350\373rt\273\034\375DbI\227\034}\325*n\365\022\362"
 219      BB1CFD44 
 219      6249971C 
 219      7DD52A6E 
 219      F512F2
 220 0593 3639BC45 		.ascii	"69\274EN\336/A\337\225\243\353\344\350N\211)\017m\233"
 220      4EDE2F41 
ARM GAS  C:\Users\SANDEE~1\AppData\Local\Temp\ccNLONGf.s 			page 17


 220      DF95A3EB 
 220      E4E84E89 
 220      290F6D9B 
 221 05a7 22758A84 		.ascii	"\"u\212\204\273\325\266%\026\206K|x\315\366\204\263"
 221      BBD5B625 
 221      16864B7C 
 221      78CDF684 
 221      B3
 222 05b8 989F12F6 		.ascii	"\230\237\022\366\016\333Ndp\226\256]\177\246\216\341"
 222      0EDB4E64 
 222      7096AE5D 
 222      7FA68EE1 
 223 05c8 7944600A 		.ascii	"yD`\012\341\204\022\347Q\367su\362\006\276r\016%k\226"
 223      E18412E7 
 223      51F77375 
 223      F206BE72 
 223      0E256B96 
 224 05dc 93355945 		.ascii	"\2235YED\362\351{\266\321\023\226\306\000<,\206\302"
 224      44F2E97B 
 224      B6D11396 
 224      C6003C2C 
 224      86C2
 225 05ee 9F23357A 		.ascii	"\237#5z\"\300\315K\037]\221\223\217J|\334i{\342I\311"
 225      22C0CD4B 
 225      1F5D9193 
 225      8F4A7CDC 
 225      697BE249 
 226 0603 47431979 		.ascii	"GC\031y#\220\337\022\340\346\375]\010 \203\223\214\375"
 226      2390DF12 
 226      E0E6FD5D 
 226      08208393 
 226      8CFD
 227 0615 5A43B61B 		.ascii	"ZC\266\033>\253\244i\257\361`q*d\326\356\314=\203\275"
 227      3EABA469 
 227      AFF16071 
 227      2A64D6EE 
 227      CC3D83BD 
 228 0629 F690A2A3 		.ascii	"\366\220\242\243\2378w\024\307M\034\341\304Y\266W8\332"
 228      9F387714 
 228      C74D1CE1 
 228      C459B657 
 228      38DA
 229 063b C879FCCF 		.ascii	"\310y\374\317\02799\031\036o\277\317\271$L\244\346\324"
 229      17393919 
 229      1E6FBFCF 
 229      B9244CA4 
 229      E6D4
 230 064d 42714FDE 		.ascii	"BqO\336\304\271\320\024\003J\000\337\031.\031u\301\245"
 230      C4B9D014 
 230      034A00DF 
 230      192E1975 
 230      C1A5
 231 065f 747CCA8E 		.ascii	"t|\312\216\364\376\247\366\310c\032B*\220L\363-D\201"
 231      F4FEA7F6 
 231      C8631A42 
 231      2A904CF3 
 231      2D4481
ARM GAS  C:\Users\SANDEE~1\AppData\Local\Temp\ccNLONGf.s 			page 18


 232 0672 B6702A14 		.ascii	"\266p*\024\317a\363Mf/\017\033~\337?I5\273B\364\035"
 232      CF61F34D 
 232      662F0F1B 
 232      7EDF3F49 
 232      35BB42F4 
 233 0687 E1F15405 		.ascii	"\341\361T\005\232K7z\264\031\306I\232\024(\221\233\206"
 233      9A4B377A 
 233      B419C649 
 233      9A142891 
 233      9B86
 234 0699 12B869D0 		.ascii	"\022\270i\320\301\221\326\300\007\023\237\337\334\343"
 234      C191D6C0 
 234      07139FDF 
 234      DCE3
 235 06a7 22EEEA88 		.ascii	"\"\356\352\210r\213I\323VN\334\325\211B\316\237\261"
 235      728B49D3 
 235      564EDCD5 
 235      8942CE9F 
 235      B1
 236 06b8 DC8BC259 		.ascii	"\334\213\302YI\216\237\241Si\327]\337{\342l\347\204"
 236      498E9FA1 
 236      5369D75D 
 236      DF7BE26C 
 236      E784
 237 06ca 13671B47 		.ascii	"\023g\033G\217\234W\011\033\207\204\274\305\001\324"
 237      8F9C5709 
 237      1B8784BC 
 237      C501D4
 238 06d9 ECEEFDDB 		.ascii	"\354\356\375\333\\\330Y\366\005\250\315u9\345\256rc"
 238      5CD859F6 
 238      05A8CD75 
 238      39E5AE72 
 238      63
 239 06ea 92C0E89F 		.ascii	"\222\300\350\2379B\266\203\032C)\251B2\325\341\3066"
 239      3942B683 
 239      1A4329A9 
 239      4232D5E1 
 239      C636
 240 06fc 17A97349 		.ascii	"\027\251sIZ)~>Ypn2u\356\243,~\310\015_Q\262\014\371"
 240      5A297E3E 
 240      59706E32 
 240      75EEA32C 
 240      7EC80D5F 
 241 0714 51FAD824 		.ascii	"Q\372\330$\310\377\312 C\036\337\2137\237\316\253\212"
 241      C8FFCA20 
 241      431EDF8B 
 241      379FCEAB 
 241      8A
 242 0725 E1A7C439 		.ascii	"\341\247\3049Q\206\235\342\004\332\311\311R\344\024"
 242      51869DE2 
 242      04DAC9C9 
 242      52E414
 243 0734 8EE4827D 		.ascii	"\216\344\202}\2035I\030\0171\256s\255\355?#\201\253"
 243      83354918 
 243      0F31AE73 
 243      ADED3F23 
 243      81AB
ARM GAS  C:\Users\SANDEE~1\AppData\Local\Temp\ccNLONGf.s 			page 19


 244 0746 A6C9A3E7 		.ascii	"\246\311\243\347\014\317\303\275\012n}\204k\227\310"
 244      0CCFC3BD 
 244      0A6E7D84 
 244      6B97C8
 245 0755 B54BCEB5 		.ascii	"\265K\316\265\233r\231\006\033r\035p\274\035\345J\217"
 245      9B729906 
 245      1B721D70 
 245      BC1DE54A 
 245      8F
 246 0766 3F607210 		.ascii	"?`r\020\270\036T\315{k\301\265G\344\332#\347J\245\\"
 246      B81E54CD 
 246      7B6BC1B5 
 246      47E4DA23 
 246      E74AA55C 
 247 077a 9943C35B 		.ascii	"\231C\303[\334\360>\306uf\367\363F\363\030\215\353\331"
 247      DCF03EC6 
 247      7566F7F3 
 247      46F3188D 
 247      EBD9
 248 078c 25E030BB 		.ascii	"%\3400\273\004\354\025\231\366\312\231\366Q\246\306"
 248      04EC1599 
 248      F6CA99F6 
 248      51A6C6
 249 079b 6EE32A9C 		.ascii	"n\343*\234\301\210\216\347\036\314\203e\307\224-F\323"
 249      C1888EE7 
 249      1ECC8365 
 249      C7942D46 
 249      D3
 250 07ac 7E7BC8BD 		.ascii	"~{\310\275\321\001:\005m'\350W\362N\274u{o.\236\306"
 250      D1013A05 
 250      6D27E857 
 250      F24EBC75 
 250      7B6F2E9E 
 251 07c1 915CFC10 		.ascii	"\221\\\374\020'\344\342#\025g\217:\011v\336"
 251      27E4E223 
 251      15678F3A 
 251      0976DE
 252 07d0 28C0D5A7 		.ascii	"(\300\325\247\273jH,>&8\264\337l):\310)\211fi\354aj"
 252      BB6A482C 
 252      3E2638B4 
 252      DF6C293A 
 252      C8298966 
 253 07e8 ECF0EBCB 		.ascii	"\354\360\353\313\227\035q/3\360mE\323[g1\264\333\317"
 253      971D712F 
 253      33F06D45 
 253      D35B6731 
 253      B4DBCF
 254 07fb 4A437B44 		.ascii	"JC{D\034\370\0219W:\345:r\267\351\214=\216\265\247\\"
 254      1CF81139 
 254      573AE53A 
 254      72B7E98C 
 254      3D8EB5A7 
 255 0810 65F9EFDA 		.ascii	"e\371\357\332]\005\256\316\315\330\302\207GE\252\243"
 255      5D05AECE 
 255      CDD8C287 
 255      4745AAA3 
 256 0820 72AA0C4A 		.ascii	"r\252\014J\2653\243b\263\022\357fTo\012\023\263\304"
ARM GAS  C:\Users\SANDEE~1\AppData\Local\Temp\ccNLONGf.s 			page 20


 256      B533A362 
 256      B312EF66 
 256      546F0A13 
 256      B3C4
 257 0832 59F2C513 		.ascii	"Y\362\305\023\213\310f\212\\\231r\256,\312U\325\225"
 257      8BC8668A 
 257      5C9972AE 
 257      2CCA55D5 
 257      95
 258 0843 6B74C3C7 		.ascii	"kt\303\307\031Wv\325\246S\223&f\211\307\270\005W\266"
 258      195776D5 
 258      A6539326 
 258      6689C7B8 
 258      0557B6
 259 0856 C8952DE7 		.ascii	"\310\225-\347:F\271:\016=Jv\305\245\214k\354\322\255"
 259      3A46B93A 
 259      0E3D4A76 
 259      C5A58C6B 
 259      ECD2AD
 260 0869 646C9E25 		.ascii	"dl\236%\377\260\030\341q\221\351\270\234\351\004e2\337"
 260      FFB018E1 
 260      7191E9B8 
 260      9CE90465 
 260      32DF
 261 087b 11D4C21D 		.ascii	"\021\324\302\035\241\254<\3619\3025\2149\376\376\246"
 261      A1AC3CF1 
 261      39C2358C 
 261      39FEFEA6 
 262 088b 5B42E330 		.ascii	"[B\3430\321\307\215Cw]\361M\3268\376\270)]H\316\373"
 262      D1C78D43 
 262      775DF14D 
 262      D638FEB8 
 262      295D48CE 
 263 08a0 88BEBBB0 		.ascii	"\210\276\273\260\263\317\0157\263\306$\323\353\001g"
 263      B3CF0D37 
 263      B3C624D3 
 263      EB0167
 264 08af DCCE9496 		.ascii	"\334\316\224\226#;3\224\014\331C\364\003o\336\304)q"
 264      233B3394 
 264      0CD943F4 
 264      036FDEC4 
 264      2971
 265 08c1 176BAC8F 		.ascii	"\027k\254\217M>j\217{\205\241\364f\365\331\343a\246"
 265      4D3E6A8F 
 265      7B85A1F4 
 265      66F5D9E3 
 265      61A6
 266 08d3 9806F6BF 		.ascii	"\230\006\366\277t\301\261\016T\331x\364v\242\003Nd\312"
 266      74C1B10E 
 266      54D978F4 
 266      76A2034E 
 266      64CA
 267 08e5 40F3D672 		.ascii	"@\363\326r\027\274\213)W*\037\334r\304iL\211\351\311"
 267      17BC8B29 
 267      572A1FDC 
 267      72C4694C 
 267      89E9C9
ARM GAS  C:\Users\SANDEE~1\AppData\Local\Temp\ccNLONGf.s 			page 21


 268 08f8 DB84F171 		.ascii	"\333\204\361q\246\274\2543%8\341sL\251\335\274#\205"
 268      A6BCAC33 
 268      2538E173 
 268      4CA9DDBC 
 268      2385
 269 090a C3C54C31 		.ascii	"\303\305L1\357[j\266o\215\357\353;\340\202\257\260\266"
 269      EF5B6AB6 
 269      6F8DEFEB 
 269      3BE082AF 
 269      B0B6
 270 091c E2F48DC7 		.ascii	"\342\364\215\307\034\361u\246\304]\337\332\342\202\033"
 270      1CF175A6 
 270      C45DDFDA 
 270      E2821B
 271 092b 9872B267 		.ascii	"\230r\262gS\231\003n\023`\265#9n\270[P\232\317{\342"
 271      5399036E 
 271      1360B523 
 271      396EB85B 
 271      509ACF7B 
 272 0940 3EF67EB8 		.ascii	">\366~\270\2470y\022\036a\312\375\326G\011n8\326\221"
 272      A7307912 
 272      1E61CAFD 
 272      D647096E 
 272      38D691
 273 0953 2A3F95A6 		.ascii	"*?\225\246\2248\341D\246\\\351\200\324(\205\275?M(k"
 273      9438E144 
 273      A65CE980 
 273      D42885BD 
 273      3F4D286B 
 274 0967 E2F041A6 		.ascii	"\342\360A\246\034+\334z\337\016g1\345A~\334\240\022"
 274      1C2BDC7A 
 274      DF0E6731 
 274      E5417EDC 
 274      A012
 275 0979 9F60CA89 		.ascii	"\237`\312\2117\007\353\234p\036S\352.v<t\303\005L\311"
 275      3707EB9C 
 275      701E53EA 
 275      2E763C74 
 275      C3054CC9 
 276 098d A9AD6811 		.ascii	"\251\255h\021\266\345x\022\305\234\354\326n\007\341"
 276      B6E57812 
 276      C59CECD6 
 276      6E07E1
 277 099c 2A4BAEB6 		.ascii	"*K\256\266G\013:\336 \\D\301\323\263\263\313\236\271"
 277      470B3ADE 
 277      205C44C1 
 277      D3B3B3CB 
 277      9EB9
 278 09ae 21695AEF 		.ascii	"!iZ\357.I\356\315\017K\005\206\366\330m\316\255\026"
 278      2E49EECD 
 278      0F4B0586 
 278      F6D86DCE 
 278      AD16
 279 09c0 93FC5C98 		.ascii	"\223\374\\\230P\255\222\363\017\345p\362\314\344[1y"
 279      50AD92F3 
 279      0FE570F2 
 279      CCE45B31 
ARM GAS  C:\Users\SANDEE~1\AppData\Local\Temp\ccNLONGf.s 			page 22


 279      79
 280 09d1 2896A3AD 		.ascii	"(\226\243\255\257\004\375\337\210\360+r\270u\206vO\002"
 280      AF04FDDF 
 280      88F02B72 
 280      B8758676 
 280      4F02
 281 09e3 AF90C3AD 		.ascii	"\257\220\303\255\362\326N\275\210>/G\367X\247\177kD"
 281      F2D64EBD 
 281      883E2F47 
 281      F758A77F 
 281      6B44
 282 09f5 789DED81 		.ascii	"x\235\355\201\232\341$a1\256ay\017\334\234\320)\001"
 282      9AE12461 
 282      31AE6179 
 282      0FDC9CD0 
 282      2901
 283 0a07 3E91549D 		.ascii	">\221T\235\224\373et\245H^#'\267J\\\373%\350kr\264\325"
 283      94FB6574 
 283      A5485E23 
 283      27B74A5C 
 283      FB25E86B 
 284 0a1e B56254E2 		.ascii	"\265bT\342\363\213r\264U\356\337/\361\312\0319:Onw\265"
 284      F38B72B4 
 284      55EEDF2F 
 284      F1CA1939 
 284      3A4F6E77 
 285 0a33 045D2047 		.ascii	"\004] GKRGi\212v\003\216\374\353\224\210\240I~\366\000"
 285      4B524769 
 285      8A76038E 
 285      FCEB9488 
 285      A0497EF6 
 286 0a48 7298E790 		.ascii	"r\230\347\220k5\201\334\005\351\004\351\006y\012r\233"
 286      6B3581DC 
 286      05E904E9 
 286      06790A72 
 286      9B
 287 0a59 E460207D 		.ascii	"\344` } \267@\332A\036\203\264\201<\002\351\002\271"
 287      20B740DA 
 287      411E83B4 
 287      813C02E9 
 287      02B9
 288 0a6b 0F520FD2 		.ascii	"\017R\017\322\003r\017\344!H\013\3103\220' w@^\2004"
 288      03720FE4 
 288      21480BC8 
 288      33902720 
 288      77405E80 
 289 0a80 83748034 		.ascii	"\203t\2004\202\334\004i\260\270\254UK\374tY>\226:$\017"
 289      82DC0469 
 289      B0B8AC55 
 289      4BFC7459 
 289      3E963A24 
 290 0a95 F0E83762 		.ascii	"\360\3507b\200M\362\000[\245\344\243\022G\235\266\355"
 290      804DF200 
 290      5BA5E4A3 
 290      12479DB6 
 290      ED
 291 0aa6 568BBBB0 		.ascii	"V\213\273\260\304\226\022\333\353Dz_\223\314\373j\333"
ARM GAS  C:\Users\SANDEE~1\AppData\Local\Temp\ccNLONGf.s 			page 23


 291      C49612DB 
 291      EB447A5F 
 291      93CCFB6A 
 291      DB
 292 0ab7 B3477AD5 		.ascii	"\263Gz\325hkaW\015\200Y^5 \317*kkS\357\240W\015r\332"
 292      686B6157 
 292      0D80595E 
 292      3520CF2A 
 292      6B6B53EF 
 293 0ad0 97CAC92E 		.ascii	"\227\312\311.YYj\224\014\254\320\366\354\262\270\025"
 293      59596A94 
 293      0CACD0F6 
 293      ECB2B815 
 294 0ae0 494CAD92 		.ascii	"IL\255\222\303\255\256\255\365\0227\224\331\266E#F\244"
 294      C3ADAEAD 
 294      F5123794 
 294      D9B64523 
 294      46A4
 295 0af2 FF5B3122 		.ascii	"\377[1\"E\362\210\324X9M\302m\264\035n\351]Q2\314\013"
 295      45F288D4 
 295      58394DC2 
 295      6DB41D6E 
 295      E95D5132 
 296 0b08 B6370BA9 		.ascii	"\2667\013\251\335\222QV\332\036\345\304T\002\237\327"
 296      DD925156 
 296      DA1EE5C4 
 296      54029FD7 
 297 0b18 0BE4C4E5 		.ascii	"\013\344\304\345\371\266W\221\324\207O$\313\277\326"
 297      F9B65791 
 297      D4874F24 
 297      CBBFD6
 298 0b27 E6F2D788 		.ascii	"\346\362\327\210\334\235\337\210\334\345\266\367D\351"
 298      DC9DDF88 
 298      DCE5B6F7 
 298      44E9
 299 0b35 AC7EA217 		.ascii	"\254~\242\027}xN\356\303\263V\333\271d\234Wm\357\317"
 299      7D784EEE 
 299      C3B356DB 
 299      B9649C57 
 299      6DEFCF
 300 0b48 1AE16EF7 		.ascii	"\032\341n\367:'\247\325\031\017\323C\206;\227T\224\344"
 300      3A27A7D5 
 300      190FD343 
 300      863B9754 
 300      94E4
 301 0b5a 3A71B7EB 		.ascii	":q\267\353\356\241w\273\001\350\374RLI\310\354\264\275"
 301      EEA177BB 
 301      01E8FC52 
 301      4C49C8EC 
 301      B4BD
 302 0b6c 71A07ED8 		.ascii	"q\240~\330/\376_\366\016\030\332\251\232\346WHzM\031"
 302      2FFE5FF6 
 302      0E18DAA9 
 302      9AE65748 
 302      7A4D19
 303 0b7f B0B803BE 		.ascii	"\260\270\003\276\022\256)\257\3505e\244~\333F;\014\351"
 303      12AE29AF 
ARM GAS  C:\Users\SANDEE~1\AppData\Local\Temp\ccNLONGf.s 			page 24


 303      E83565A4 
 303      7EDB463B 
 303      0CE9
 304 0b91 2A4D625A 		.ascii	"*MbZ\363\362\034\361\026\246\274\355*\355p\302;\250"
 304      F3F21CF1 
 304      16A6BCED 
 304      2AED70C2 
 304      3BA8
 305 0ba3 626FCAA8 		.ascii	"bo\312\250/$\307\260\207\273\371\260\275^,,L\342\354"
 305      2F24C7B0 
 305      87BBF9B0 
 305      BD5E2C2C 
 305      4CE2EC
 306 0bb6 21F0D3D8 		.ascii	"!\360\323\330\373V\2710\277\347\211\261ym\033\256\021"
 306      FB56B930 
 306      BFE789B1 
 306      796D1BAE 
 306      11
 307 0bc7 F784EE22 		.ascii	"\367\204\356\"\266'\214Y\356\011R\367\213\377\225\035"
 307      B6278C59 
 307      EE0952F7 
 307      8BFF951D 
 308 0bd7 137C3F0A 		.ascii	"\023|?\012\276\177\003\276xK\356\313 \303\026\373\351"
 308      BE7F03BE 
 308      784BEECB 
 308      20C316FB 
 308      E9
 309 0be8 6091C4E0 		.ascii	"`\221\304\340A\271\005\362\377g\215\376\305rR[\203'"
 309      41B905F2 
 309      FF678DFE 
 309      C572525B 
 309      8327
 310 0bfa FE4DB0A7 		.ascii	"\376M\260\247\353m\007\302\251\324Q\\\252\351\362In"
 310      EB6D07C2 
 310      A9D4515C 
 310      AAE9F249 
 310      6E
 311 0c0b 622A3514 		.ascii	"b*5\024+\311T\342\261;z'N\2451\253\2514\361\037\210"
 311      2BC954E2 
 311      B13B7A27 
 311      4EA531AB 
 311      A934F11F 
 312 0c20 7118C27F 		.ascii	"q\030\302\177\032\016|\2622s\373\000\226\206\230|A\014"
 312      1A0E7CB2 
 312      3273FB00 
 312      9686987C 
 312      410C
 313 0c32 710C6621 		.ascii	"q\014f!\206\022\300\317Z\316T)\245`\243\305\2655V\000"
 313      8612C0CF 
 313      5ACE5429 
 313      A560A3C5 
 313      B5355600 
 314 0c46 93D271F1 		.ascii	"\223\322q\361\227_M\327j4\012\225^\037\035\034\0265"
 314      975F4DD7 
 314      6A340A95 
 314      5E1F1D1C 
 314      1635
ARM GAS  C:\Users\SANDEE~1\AppData\Local\Temp\ccNLONGf.s 			page 25


 315 0c58 D74B1FB5 		.ascii	"\327K\037\2654\350\317+\277\017\213\216\012\017\017"
 315      34E8CF2B 
 315      BF0F8B8E 
 315      0A0F0F
 316 0c67 890C8C08 		.ascii	"\211\014\214\010]\371\331t\2579\232\317g\375\3405+z"
 316      5DF9D974 
 316      AF399ACF 
 316      67FDE035 
 316      2B7A
 317 0c79 EDAAC028 		.ascii	"\355\252\300(\303J\250\234\025\026\036f\230e\010\374"
 317      C34AA89C 
 317      15161E66 
 317      986508FC 
 318 0c89 2E786570 		.ascii	".xepXPH\364*\303\312\320\300\2405\301a\206\225\372U"
 318      585048F4 
 318      2AC3CAD0 
 318      C0A035C1 
 318      618695FA 
 319 0c9e 86D581D1 		.ascii	"\206\325\201\321!Q\372\250\365k\015\221\263\327(\034"
 319      2151FAA8 
 319      F56B0D91 
 319      B3D7281C 
 320 0cae CDC4DEFF 		.ascii	"\315\304\336\377\035q\344\372\310\225\372\310\250U\300"
 320      1D71E4FA 
 320      C895FAC8 
 320      A855C0
 321 0cbd 42D85618 		.ascii	"B\330V\030\202\242\302#\026\316\361\234=[\370\013\217"
 321      82A2C223 
 321      16CEF19C 
 321      3D5BF80B 
 321      8F
 322 0cce F45C1318 		.ascii	"\364\\\023\030\342\2716<\"*\3223`\271\377\\/\317%K\274"
 322      E2B9363C 
 322      222AD233 
 322      60B9FF5C 
 322      2FCF254B 
 323 0ce3 3D97FBF9 		.ascii	"=\227\373\371\377\250\361\214\214\322\207\204\254\232"
 323      FFA8F18C 
 323      8CD28784 
 323      AC9A
 324 0cf1 1DA47066 		.ascii	"\035\244pfo\372\340\260\340(\265\236\200\365\301\021"
 324      6FFAE0B0 
 324      E028B59E 
 324      80F5C111 
 325 0d01 3FE80D6B 		.ascii	"?\350\015k\203C\302\277\2176|,\245\213\210\022\330\026"
 325      8343C2BF 
 325      8F367C2C 
 325      A58B8812 
 325      D816
 326 0d13 E8FCB5FE 		.ascii	"\350\374\265\376\353<\203\326\004\205G\030\364?~\036"
 326      EB3C83D6 
 326      04854718 
 326      F43F7E1E 
 327 0d23 0A16A883 		.ascii	"\012\026\250\203\326\004\254\217\\\036\034j\210\360"
 327      D604AC8F 
 327      5C1E1C6A 
 327      88F0
ARM GAS  C:\Users\SANDEE~1\AppData\Local\Temp\ccNLONGf.s 			page 26


 328 0d31 0D0C5B15 		.ascii	"\015\014[\025b\210\360\373P\326Y0\035\372\201\361\320"
 328      6288F0FB 
 328      50D65930 
 328      1DFA81F1 
 328      D0
 329 0d42 6572D88F 		.ascii	"er\330\217\301A>a\201\337\205\030\230\371\237\3306>"
 329      C1413E61 
 329      81DF8518 
 329      98F99FD8 
 329      363E
 330 0d54 283C3434 		.ascii	"(<44<\314\374U\322\011:\333i\265\376\272\271\334R\235"
 330      3CCCFC55 
 330      D2093ADB 
 330      69B5FEBA 
 330      B9DC529D 
 331 0d68 D2DB7F81 		.ascii	"\322\333\177\201\016{ku\312\205\336\313uX\253\325a\035"
 331      0E7B6B75 
 331      CA85DECB 
 331      7558ABD5 
 331      611D
 332 0d7a C8029D0E 		.ascii	"\310\002\235\016/\013\320b\355\227\313\225Z\255\217"
 332      2F0BD062 
 332      ED97CB95 
 332      5AAD8F
 333 0d89 8EE2BDE8 		.ascii	"\216\342\275\350\257\006\373,\326q\001\320\323\317G"
 333      AF06FB2C 
 333      D67101D0 
 333      D3CF47
 334 0d98 A70CF007 		.ascii	"\247\014\360\007\264V\347\005\242\001\344_u^\277\324"
 334      B456E705 
 334      A201E45F 
 334      755EBFD4 
 335 0da8 85A1247C 		.ascii	"\205\241$|\301d\360\316\023\212>J\031\264&0B\035\036"
 335      C164F0CE 
 335      138A3E4A 
 335      19B42630 
 335      421D1E
 336 0dbb 191802FE 		.ascii	"\031\030\002\376X\022\036\364\267E\021\341\241~\001"
 336      58121EF4 
 336      B74511E1 
 336      A17E01
 337 0dca BA0FE5B4 		.ascii	"\272\017\345\264\004B\334BJ\342\015\352@I\0075\215F"
 337      0442DC42 
 337      4AE20DEA 
 337      40490735 
 337      8D46
 338 0ddc 0854E857 		.ascii	"\010T\350WC\215>82\302i\242\312U\257\2174D\351\027."
 338      438D3E38 
 338      32C269A2 
 338      CA55AF8F 
 338      3444E917 
 339 0df1 08F059A6 		.ascii	"\010\360Y\246\363s\015\014\371{\340\372H\210b\010L\266"
 339      F3730D0C 
 339      F97BE0FA 
 339      48886208 
 339      4CB6
 340 0e03 3F4ABF64 		.ascii	"?J\277dX\027\345\251\365\017\360\013\020\335O\202\026"
ARM GAS  C:\Users\SANDEE~1\AppData\Local\Temp\ccNLONGf.s 			page 27


 340      5817E5A9 
 340      F50FF00B 
 340      10DD4F82 
 340      16
 341 0e14 14BA283A 		.ascii	"\024\272(:\214\370\321\235|~\251e\340\246\010\326\177"
 341      8CF8D19D 
 341      7C7EA965 
 341      E0A608D6 
 341      7F
 342 0e25 15162231 		.ascii	"\025\026\"1\207\332gQ5\205\232\023\035fa\243\263\244"
 342      87DA6751 
 342      35859A13 
 342      1D6661A3 
 342      B3A4
 343 0e37 D22E2040 		.ascii	"\322. @\273X\347\244\363\011\360\321\255\360\361\376"
 343      BB58E7A4 
 343      F309F0D1 
 343      ADF0F1FE 
 344 0e47 0C6B0348 		.ascii	"\014k\003H\230\264b\325\237\234\026,[\350\265d\231\317"
 344      98B462D5 
 344      9F9C162C 
 344      5BE8B564 
 344      99CF
 345 0e59 973AF2A6 		.ascii	"\227:\362\246ao\346\326O\235\026\370.\234+\264\372N"
 345      616FE6D6 
 345      4F9D16F8 
 345      2E9C2BB4 
 345      FA4E
 346 0e6b E07CE5B8 		.ascii	"\340|\345\270\271\016\204\005jH\251\221\266x9\020\006"
 346      B90E8405 
 346      6A48A991 
 346      B6783910 
 346      06
 347 0e7c DAE22B20 		.ascii	"\332\342+ |-\021\032G\322W\027\260\\G^4\344e\242m\216"
 347      7C2D111A 
 347      47D25717 
 347      B05C475E 
 347      34E465A2 
 348 0e92 23E9CDDA 		.ascii	"#\351\315\332|\315 _\006\302Z?\235R\273h\261\316a\331"
 348      7CCD205F 
 348      06C25A3F 
 348      9D52BB68 
 348      B1CE61D9 
 349 0ea6 9225A4E4 		.ascii	"\222%\244\344\264:\025\274\372y\005\020Mc;\010\001\313"
 349      B43A15BC 
 349      FA790510 
 349      4D633B08 
 349      01CB
 350 0eb8 D9445AF4 		.ascii	"\331DZ\364\351\272ul\012\255\376t\216f\035\211\204\263"
 350      E9BA756C 
 350      0AADFE74 
 350      8E661D89 
 350      84B3
 351 0eca 4EABD52F 		.ascii	"N\253\325/\207\355\301\333\260\332\236\230\262\350k"
 351      87EDC1DB 
 351      B0DA9E98 
 351      B2E86B
ARM GAS  C:\Users\SANDEE~1\AppData\Local\Temp\ccNLONGf.s 			page 28


 352 0ed9 7B3F6FED 		.ascii	"{?o\355Ro\037\242y-\372\332\315{\341b\177\355Wf\314"
 352      526F1FA2 
 352      792DFADA 
 352      CD7BE162 
 352      7FED5766 
 353 0eee BF00D90F 		.ascii	"\277\000\331\017\257y"
 353      AF79
 354              		.text
 355              		.section	.gnu.lto_.symtab.bfe24f54,"",%progbits
 356 0000 56656374 		.ascii	"VectorB0\000"
 356      6F724230 
 356      00
 357 0009 00       		.ascii	"\000"
 358 000a 00       		.ascii	"\000"
 359 000b 00       		.ascii	"\000"
 360 000c 00000000 		.ascii	"\000\000\000\000\000\000\000\000"
 360      00000000 
 361 0014 B8000000 		.ascii	"\270\000\000\000"
 362 0018 73745F6C 		.ascii	"st_lld_init\000"
 362      6C645F69 
 362      6E697400 
 363 0024 00       		.ascii	"\000"
 364 0025 00       		.ascii	"\000"
 365 0026 00       		.ascii	"\000"
 366 0027 00000000 		.ascii	"\000\000\000\000\000\000\000\000"
 366      00000000 
 367 002f BA000000 		.ascii	"\272\000\000\000"
 368 0033 5F706F72 		.ascii	"_port_irq_epilogue\000"
 368      745F6972 
 368      715F6570 
 368      696C6F67 
 368      756500
 369 0046 00       		.ascii	"\000"
 370 0047 02       		.ascii	"\002"
 371 0048 00       		.ascii	"\000"
 372 0049 00000000 		.ascii	"\000\000\000\000\000\000\000\000"
 372      00000000 
 373 0051 BC000000 		.ascii	"\274\000\000\000"
 374 0055 63685379 		.ascii	"chSysTimerHandlerI\000"
 374      7354696D 
 374      65724861 
 374      6E646C65 
 374      724900
 375 0068 00       		.ascii	"\000"
 376 0069 02       		.ascii	"\002"
 377 006a 00       		.ascii	"\000"
 378 006b 00000000 		.ascii	"\000\000\000\000\000\000\000\000"
 378      00000000 
 379 0073 BE000000 		.ascii	"\276\000\000\000"
 380 0077 6E766963 		.ascii	"nvicEnableVector\000"
 380      456E6162 
 380      6C655665 
 380      63746F72 
 380      00
 381 0088 00       		.ascii	"\000"
 382 0089 02       		.ascii	"\002"
 383 008a 00       		.ascii	"\000"
ARM GAS  C:\Users\SANDEE~1\AppData\Local\Temp\ccNLONGf.s 			page 29


 384 008b 00000000 		.ascii	"\000\000\000\000\000\000\000\000"
 384      00000000 
 385 0093 C3000000 		.ascii	"\303\000\000\000"
 386              		.text
 387              		.section	.gnu.lto_.opts,"",%progbits
 388 0000 272D666D 		.ascii	"'-fmath-errno' '-fsigned-zeros' '-ftrapping-math' '"
 388      6174682D 
 388      6572726E 
 388      6F272027 
 388      2D667369 
 389 0033 2D666E6F 		.ascii	"-fno-trapv' '-fno-openmp' '-fno-openacc' '-mcpu=cor"
 389      2D747261 
 389      70762720 
 389      272D666E 
 389      6F2D6F70 
 390 0066 7465782D 		.ascii	"tex-m4' '-mfloat-abi=hard' '-mfpu=fpv4-sp-d16' '-mn"
 390      6D342720 
 390      272D6D66 
 390      6C6F6174 
 390      2D616269 
 391 0099 6F2D7468 		.ascii	"o-thumb-interwork' '-mthumb' '-ggdb' '-O2' '-fomit-"
 391      756D622D 
 391      696E7465 
 391      72776F72 
 391      6B272027 
 392 00cc 6672616D 		.ascii	"frame-pointer' '-falign-functions=16' '-ffunction-s"
 392      652D706F 
 392      696E7465 
 392      72272027 
 392      2D66616C 
 393 00ff 65637469 		.ascii	"ections' '-fdata-sections' '-fno-common' '-flto' '-"
 393      6F6E7327 
 393      20272D66 
 393      64617461 
 393      2D736563 
 394 0132 6673696E 		.ascii	"fsingle-precision-constant'\000"
 394      676C652D 
 394      70726563 
 394      6973696F 
 394      6E2D636F 
 395              		.text
 396              		.comm	__gnu_lto_v1,1,1
 397              		.comm	__gnu_lto_slim,1,1
 398              		.ident	"GCC: (GNU Tools for ARM Embedded Processors 6-2017-q2-update) 6.3.1 20170620 (release) [AR
ARM GAS  C:\Users\SANDEE~1\AppData\Local\Temp\ccNLONGf.s 			page 30


DEFINED SYMBOLS
                            *ABS*:00000000 st_lld.c
                            *COM*:00000001 __gnu_lto_v1
                            *COM*:00000001 __gnu_lto_slim

NO UNDEFINED SYMBOLS
