ARM GAS  C:\Users\SANDEE~1\AppData\Local\Temp\ccvlfKHj.s 			page 1


   1              		.cpu cortex-m4
   2              		.eabi_attribute 27, 1
   3              		.eabi_attribute 28, 1
   4              		.eabi_attribute 20, 1
   5              		.eabi_attribute 21, 1
   6              		.eabi_attribute 23, 3
   7              		.eabi_attribute 24, 1
   8              		.eabi_attribute 25, 1
   9              		.eabi_attribute 26, 1
  10              		.eabi_attribute 30, 2
  11              		.eabi_attribute 34, 1
  12              		.eabi_attribute 18, 4
  13              		.file	"stm32Gyro.c"
  14              		.text
  15              	.Ltext0:
  16              		.section	.gnu.lto_.profile.bfe27036,"",%progbits
  17 0000 789C6365 		.ascii	"x\234ce`b`a```d\310\326\004\000\001\177\000\241"
  17      60626061 
  17      60606064 
  17      C8D60400 
  17      017F00A1 
  18              		.text
  19              		.section	.gnu.lto_.icf.bfe27036,"",%progbits
  20 0000 789C6365 		.ascii	"x\234ce`b\020a@\000f\206\3233V\036\344el\330pc\";\323"
  20      60621061 
  20      40006686 
  20      D333561E 
  20      E4656CD8 
  21 0019 DDE7AF67 		.ascii	"\335\347\257gq2\000\000]t\010\356"
  21      71320000 
  21      5D7408EE 
  22              		.text
  23              		.section	.gnu.lto_.jmpfuncs.bfe27036,"",%progbits
  24 0000 789C4D8D 		.ascii	"x\234M\215;\016\2000\014C\355\030\012\342\014\\\264"
  24      3B0E8030 
  24      0C43ED18 
  24      0AE20C5C 
  24      B4
  25 0011 531746D4 		.ascii	"S\027F\324\225\261#\342\016\034\216\266\224O\006Gyz"
  25      95B123E2 
  25      0E1C8EB6 
  25      944F0647 
  25      797A
  26 0023 917B1816 		.ascii	"\221{\030\026|#\210\344\240\020\314|\001\356^\334\304"
  26      7C2388E4 
  26      A010CC7C 
  26      01EE5EDC 
  26      C4
  27 0034 33ADC714 		.ascii	"3\255\307\024\225\004\032w\316\225whbf\224\236\267\261"
  27      95041A77 
  27      CE957768 
  27      6266949E 
  27      B7B1
  28 0046 C19FF7CA 		.ascii	"\301\237\367\312\004\254\2660\320\265\333\347\310i\305"
  28      04ACB630 
  28      D0B5DBE7 
  28      C869C5
ARM GAS  C:\Users\SANDEE~1\AppData\Local\Temp\ccvlfKHj.s 			page 2


  29 0055 BD003195 		.ascii	"\275\0001\225\0151"
  29      0D31
  30              		.text
  31              		.section	.gnu.lto_.inline.bfe27036,"",%progbits
  32 0000 789C6365 		.ascii	"x\234ce`b\350`@\000f\006&^uF\006&\226\005\362\014l\013"
  32      6062E860 
  32      40006606 
  32      265E7546 
  32      06269605 
  33 0018 E4994062 		.ascii	"\344\231@bL\334\014\014\214\023\374Xx\201\322\023\374"
  33      4CDC0C0C 
  33      8C13FC58 
  33      7881D213 
  33      FC
  34 0029 E07C4616 		.ascii	"\340|F\026!\035FFF\016F\2400\027P\034\254\234\351\002"
  34      211D4646 
  34      460E46A0 
  34      3017501C 
  34      AC9CE902 
  35 003d 3F0B921E 		.ascii	"?\013\222\036V>\006\006\026\220\036\230\000\023\203"
  35      563E0606 
  35      16901E98 
  35      001383
  36 004c 00174C13 		.ascii	"\000\027L\023P\024\254G\350D*X\017\324\002\020d\000"
  36      5014AC47 
  36      E8442A58 
  36      0FD40210 
  36      6400
  37 005e 00FDE20F 		.ascii	"\000\375\342\017\266"
  37      B6
  38              		.text
  39              		.section	.gnu.lto_.pureconst.bfe27036,"",%progbits
  40 0000 789C6365 		.ascii	"x\234ce`b`g```f\220`\224`\222\000\000\001\266\000]"
  40      60626067 
  40      60606066 
  40      90609460 
  40      92000001 
  41              		.text
  42              		.section	.gnu.lto_l3gd20WriteRegister.part.0.bfe27036,"",%progbits
  43 0000 789C7553 		.ascii	"x\234uSMOSA\024\235\363\356\353\007\364i5\272\350\242"
  43      4D4F5341 
  43      149DF3EE 
  43      EB07F469 
  43      35BAE8A2 
  44 0014 21264A1A 		.ascii	"!&J\032\026\012\310\206\225[\177\207\0324&\032\011\037"
  44      160AC886 
  44      955B7F87 
  44      1A34261A 
  44      091F
  45 0026 46571D09 		.ascii	"FW\035\011\264\2445\242D\323\264\261>\032\202\200_P"
  45      B4A435A2 
  45      44D3B4B1 
  45      3E1A8280 
  45      5F50
  46 0038 51B08AF1 		.ascii	"Q\260\212\361\245~\304\205\032A\027\242,\224&\022\""
  46      A57EC485 
  46      1A4117A2 
ARM GAS  C:\Users\SANDEE~1\AppData\Local\Temp\ccvlfKHj.s 			page 3


  46      2C942612 
  46      22
  47 0049 98BA1037 		.ascii	"\230\272\0207Z\2743\217D\023q\222\311\314\2359\347\336"
  47      5ABC338F 
  47      44137192 
  47      C9CC9D39 
  47      E7DE
  48 005b 73EE9BE7 		.ascii	"s\356\233\347\021\206\330FB\354\024B\354\346\011\217"
  48      1186D846 
  48      42EC1442 
  48      ECE6098F 
  49 006b 8079FE15 		.ascii	"\200y\376\025oL\030z5@j=\343'@m\244\037\"j\032\204("
  49      6F4C187A 
  49      35406A3D 
  49      E327406D 
  49      A41F226A 
  50 0082 FA284528 		.ascii	"\372(E(\306?\027\214\272a\311\303I\275\366\306dO\310"
  50      C63F178C 
  50      BA61C9C3 
  50      49BDF6C6 
  50      644FC8
  51 0095 E684699E 		.ascii	"\346\204i\236j`\030u\214\232\351\036\277L\347\310\346"
  51      6A601875 
  51      8C9AE91E 
  51      BF4CE7C8 
  51      E6
  52 00a6 242687DF 		.ascii	"$&\207\337^fJ\233Uh`\007\207\231\330Lo\220\202\020\274"
  52      5E664A9B 
  52      55686007 
  52      8799D84C 
  52      6F908210 
  53 00bb BF96BBDA 		.ascii	"\277\226\273\332oE\206\244\354\222\316\362E\222\273"
  53      6F4586A4 
  53      EC92CEF2 
  53      4592BB
  54 00ca 6CE24310 		.ascii	"l\342C\020'\304(\302\030AX\360\221\300uD\030\276R\311"
  54      27C428C2 
  54      184158F0 
  54      91C07544 
  54      18BE52C9 
  55 00de E52DDAAE 		.ascii	"\345-\332\256\251\013?sE\254S\347W\015i\331d\342\206"
  55      A90B3F73 
  55      45AC53E7 
  55      570D69D9 
  55      64E286
  56 00f1 4B6D0AA3 		.ascii	"Km\012\243A\021M\201\233\232\2708\035\177\013\012ib"
  56      41114D81 
  56      9B9AB838 
  56      1D7F0B0A 
  56      6962
  57 0103 ACF8BD1C 		.ascii	"\254\370\275\034X'>\011\245\244\003\305\274\365\017"
  57      58273E09 
  57      A5A403C5 
  57      BCF50F
  58 0112 730C115D 		.ascii	"s\014\021]'_\271\264\311k\272\0361\016/\2040\006I]="
  58      275FB9B4 
  58      C96BBA1E 
ARM GAS  C:\Users\SANDEE~1\AppData\Local\Temp\ccvlfKHj.s 			page 4


  58      310E2F84 
  58      3006495D 
  59 0127 5DFBE104 		.ascii	"]\373\341\004]\237\006\207\263\345\027\331\200\353s"
  59      5D9F0687 
  59      B3E517D9 
  59      80EB73
  60 0136 0B87233D 		.ascii	"\013\207#=\345~/\325\350\232\217?\275\231\240\332A\351"
  60      E57E2FD5 
  60      E89A8F3F 
  60      BD99A0DA 
  60      41E9
  61 0148 70DF56AF 		.ascii	"p\337V\257\324\\\220\362\2714m\362`\302-{\233\275\346"
  61      D45C90F2 
  61      B9346DF2 
  61      60C22D7B 
  61      9BBDE6
  62 015b D9AB6EE2 		.ascii	"\331\253n\342\035\324\216\315B\312\312Z\\\312\367\373"
  62      1DD48ECD 
  62      42CACA5A 
  62      5CCAF7FB 
  63 016b B60600E5 		.ascii	"\266\006\000\345\337\2002\303\265\2240\221`9\352\013"
  63      DF8032C3 
  63      B5943091 
  63      6039EA0B 
  64 017b 25582AAF 		.ascii	"%X*\257\224$C\257\213\300\037\321*\225\326\314Y\357"
  64      942443AF 
  64      8BC01FD1 
  64      2A95D6CC 
  64      59EF
  65 018d C29B2188 		.ascii	"\302\233!\210/\350\036\230\352\363\251P\011+\024\226"
  65      2FE81E98 
  65      EAF3A950 
  65      092B1496 
  66 019d 3FF8A2BF 		.ascii	"?\370\242\277\244\337&o\232\257\005&\021\025Y\342\236"
  66      A4DF266F 
  66      9AAF0526 
  66      111559E2 
  66      9E
  67 01ae F8C412BA 		.ascii	"\370\304\022\2722K_K\032\314\330\364\263d\316j\254\267"
  67      324B5F4B 
  67      1ACCD8F4 
  67      B364CE6A 
  67      ACB7
  68 01c0 C9AFF2A2 		.ascii	"\311\257\362\242^\313\305\024\032\263\\[a\2536\0066"
  68      5ECBC514 
  68      1AB35C5B 
  68      61AB3606 
  68      36
  69 01d1 B8C07B0A 		.ascii	"\270\300{\012H, 6\360hC\001Ui\316#Pp\005\360\335\264"
  69      482C2036 
  69      F0684301 
  69      5569CE23 
  69      507005F0 
  70 01e7 7D76B45A 		.ascii	"}v\264Z5\264\232\037\346}\204\371hny\350\235\305p\036"
  70      35B49A1F 
  70      E67D84F9 
  70      686E79E8 
ARM GAS  C:\Users\SANDEE~1\AppData\Local\Temp\ccvlfKHj.s 			page 5


  70      9DC5701E 
  71 01fb 030B2C32 		.ascii	"\003\013,2\240+\250\\x\200\250M\2266X\372\237An\032"
  71      A02BA85C 
  71      7880A84D 
  71      963658FA 
  71      9F416E1A 
  72 020f A6FF3658 		.ascii	"\246\3776X\234\207B\252,J\370G\247\337\323<){\371\226"
  72      9C8742AA 
  72      2C4AF847 
  72      A7DFD33C 
  72      297BF996 
  73 0223 FF8D8768 		.ascii	"\377\215\207hf\341If\251\316\256\300p_y\202\373\304"
  73      66E14966 
  73      A9CEAEC0 
  73      705F7982 
  73      FBC4
  74 0235 071C59ED 		.ascii	"\007\034Y\355\035\307\233\366\356?\335vb\317!a\266\267"
  74      1DC79BF6 
  74      EE3FDD76 
  74      62CF2161 
  74      B6B7
  75 0247 1E6DA5B6 		.ascii	"\036m\245\266\226#\236\223\007\216u\266x:N\035\354<"
  75      96239E93 
  75      078E75B6 
  75      783A4E1D 
  75      EC3C
  76 0259 FC1B63E5 		.ascii	"\374\033c\345\373\211"
  76      FB89
  77              		.text
  78              		.section	.gnu.lto_l3gd20ReadRegister.bfe27036,"",%progbits
  79 0000 789C7592 		.ascii	"x\234u\222\355K\024Q\024\306\3573wv\035ul\013\"\204"
  79      ED4B1451 
  79      14C6EF33 
  79      77761D75 
  79      6C0B2284 
  80 0014 96582811 		.ascii	"\226X(\021\011\322\315/\376\007\375\037EEP$jP\237\366"
  80      09D2CD2F 
  80      FE07FD1F 
  80      45455024 
  80      6A509FF6 
  81 0028 6AEB0B69 		.ascii	"j\353\013iYb\331\212\313\270\204oe\256\233em\231Nk\211"
  81      5962D98A 
  81      CBB8846F 
  81      65AE9B65 
  81      6D994E6B 
  82 003d 61892F10 		.ascii	"a\211/\020E}\2505\212\305\025\015DKt\355\334\231\025"
  82      457DA835 
  82      8AC5150D 
  82      444B74ED 
  82      DC9915
  83 0050 FBB02DEC 		.ascii	"\373\260-\354\314\234{\177\3179\3179\367:\230\302\262"
  83      CC9C7B7F 
  83      CF39CF39 
  83      F73A98C2 
  83      B2
  84 0061 55C60E33 		.ascii	"U\306\0163\306\016\322\037\234A\2719\315X\265\246\000"
  84      C60ED21F 
ARM GAS  C:\Users\SANDEE~1\AppData\Local\Temp\ccvlfKHj.s 			page 6


  84      9C41B939 
  84      CD58B5A6 
  84      00
  85 0072 F2436860 		.ascii	"\362Ch`>\005>4\3636\216\251\365\311\246\234\242\036"
  85      3E053E34 
  85      F3368EA9 
  85      F5C9A69C 
  85      A21E
  86 0084 216A84D9 		.ascii	"!j\204\331\326\341\014\014\314\010np\306\002\244+u\243"
  86      D6E10C0C 
  86      CC086E70 
  86      C602A42B 
  86      75A3
  87 0096 C42D73F4 		.ascii	"\304-s\364\240\210\320Y\377`\007\277A\273\200J\341\257"
  87      A088D059 
  87      FF6007BF 
  87      41BB804A 
  87      E1AF
  88 00a8 F7ED0B7B 		.ascii	"\367\355\013{d\250\300Ca{\335l\203\213\273\300\350\373"
  88      64A8C043 
  88      617BDD6C 
  88      838BBBC0 
  88      E8FB
  89 00ba 7EA8BB45 		.ascii	"~\250\273E/\354\262\222n\266rq\304\340\264\010.\223"
  89      2FECB292 
  89      6EB67271 
  89      C4E0B408 
  89      2E93
  90 00cc F6C18D5E 		.ascii	"\366\301\215^\270\031-1<@!\341K\251PD\347\373-i|3\024"
  90      B8192D31 
  90      3C4021E1 
  90      4BA95044 
  90      E7FB2D69 
  91 00e3 435A9A5C 		.ascii	"CZ\232\\S\204Nf\320oKm?\322\035\036\242P\322o\266\327"
  91      53844E66 
  91      D06F4B6D 
  91      3FD21D1E 
  91      A250D26F 
  92 00f9 4D976D49 		.ascii	"M\227mI\241pn\345]0\327\266\264\227\302\261\231\346"
  92      A1706EE5 
  92      5D30D7B6 
  92      B497C2B1 
  92      99E6
  93 010b 5A8DE75B 		.ascii	"Z\215\347[y7\267\272\343z\301=a\012aN\004\016\334\022"
  93      7937B7BA 
  93      E37AC13D 
  93      610A614E 
  93      040EDC12 
  94 011f 6252A806 		.ascii	"bR\250\006W1h\347\016\223\255\001\310n\231\304{kWZ\234"
  94      573168E7 
  94      0E93AD01 
  94      C86E99C4 
  94      7B6B575A 
  95 0134 FC90251D 		.ascii	"\374\220%\035\3776?\304\323\322\215\374ja\372=R\370"
  95      FF363FC4 
  95      D3D28DFC 
  95      6A61FA3D 
ARM GAS  C:\Users\SANDEE~1\AppData\Local\Temp\ccvlfKHj.s 			page 7


  95      52F8
  96 0146 28A3301E 		.ascii	"(\2430\036I\335\316s\252\030B\001\"(\220s$\273\217\341"
  96      49DDCE73 
  96      AA184201 
  96      22289073 
  96      24BB8FE1 
  97 015a 0463CACE 		.ascii	"\004c\312\316jx\016\246Hm\327\013s-\177cuz\237\013\220"
  97      6A780EA6 
  97      486DD70B 
  97      732D7F63 
  97      757A9F0B 
  98 016f 1D29D49B 		.ascii	"\035)\324\233C\203\234\212n\265\311\256\321C\236Y#W"
  98      43839C8A 
  98      6EB5C9AE 
  98      D1439E59 
  98      2357
  99 0181 E49B2770 		.ascii	"\344\233'p\365w\335V\344\274L\030\344J\220\203J\016"
  99      F577DD56 
  99      E4BC4C18 
  99      E44A9083 
  99      4A0E
 100 0193 FF783B91 		.ascii	"\377x;\221#\273v@\000O\310K\0025w\262%C\273\201\211"
 100      23BB7640 
 100      004FC84B 
 100      023577B2 
 100      2543BB81 
 101 01a8 C690EE2D 		.ascii	"\306\220\356-\226\273\262z\261\345\024\303\360\222^"
 101      96BBB27A 
 101      B1E514C3 
 101      F0925E
 102 01b7 82AB5A66 		.ascii	"\202\253Zf\260\304\006\237\302K{\341\332\357}\232]b"
 102      B0C4069F 
 102      C24B7BE1 
 102      DAEF7D9A 
 102      5D62
 103 01c9 1B786697 		.ascii	"\033xf\227X\355\275\313\323\332\376\350T(\317\326Fv"
 103      58EDBDCB 
 103      D3DAFEE8 
 103      5428CFD6 
 103      4676
 104 01db 8B446D6D 		.ascii	"\213Dmm2\372'\317\3262<OK\265\314\302t\321\027\360Z"
 104      32FA27CF 
 104      D6323C4F 
 104      4BB5CCC2 
 104      74D117F0 
 105 01f0 E422FC9D 		.ascii	"\344\"\374\235?\233\254\"r\266\321h\362s\226oKh\006"
 105      3F9BAC22 
 105      72B6D168 
 105      F273966F 
 105      4B6806
 106 0203 7706380D 		.ascii	"w\0068\015\024#\360\261 \2478\213\330\372\316\204\236"
 106      1423F0B1 
 106      20A7388B 
 106      D8FACE84 
 106      9E
 107 0214 01D502D4 		.ascii	"\001\325\002\324(\303K\033\245\275\021\243\251\317\232"
 107      28C34B1B 
ARM GAS  C:\Users\SANDEE~1\AppData\Local\Temp\ccvlfKHj.s 			page 8


 107      A5BD11A3 
 107      A9CF9A
 108 0223 5736148C 		.ascii	"W6\024\214\302MK\237\222]\037u\302\351\327\031\207\301"
 108      C24D4B9F 
 108      925D1F75 
 108      C2E9D719 
 108      87C1
 109 0235 73AC11C8 		.ascii	"s\254\021\310\\\030\203\217\000\377r\254UK\003)\013"
 109      5C18838F 
 109      00FF72AC 
 109      554B0329 
 109      0B
 110 0246 88EC0026 		.ascii	"\210\354\000&|\006\317\265\274.\377\317\253\274\262"
 110      7C06CFB5 
 110      BC2EFFCF 
 110      ABBCB2
 111 0255 AF76BDD2 		.ascii	"\257v\275\322\004F\023\035\013Y\3661\352\204_o\373\260"
 111      0446131D 
 111      0B59F631 
 111      EA845F6F 
 111      FBB0
 112 0267 A87AC332 		.ascii	"\250z\3032\277G\336x\231\375\250=\214\030\274$\210}"
 112      BF47DE78 
 112      99FDA83D 
 112      8C18BC24 
 112      887D
 113 0279 81758BC8 		.ascii	"\201u\213\310\227<\253\257f\213\243lX4\220\025\225a"
 113      973CABAF 
 113      668BA36C 
 113      58349015 
 113      9561
 114 028b 1C65FF20 		.ascii	"\034e\377 \221L\310kB\226P\343I\227d\326\345\202\274"
 114      914CC86B 
 114      429650E3 
 114      499764D6 
 114      E582BC
 115 029e 54341CBD 		.ascii	"T4\034\275\262\352B\351\361\023W*.\036;\305\324\312"
 115      B2EA42E9 
 115      F113572A 
 115      2E1E3BC5 
 115      D4CA
 116 02b0 F273E5BC 		.ascii	"\362s\345\274\342\364YG\305\345\223\227\3168\252\344"
 116      E2F45947 
 116      C5E59397 
 116      CE38AAE4 
 117 02c0 F32F1C00 		.ascii	"\363/\034\000IN"
 117      494E
 118              		.text
 119              		.section	.gnu.lto_l3gd20WriteRegister.bfe27036,"",%progbits
 120 0000 789C6552 		.ascii	"x\234eR\333K\224Q\020?\277o\276\233\353\332\372\320"
 120      DB4B9451 
 120      103FBF6F 
 120      BE9BEBDA 
 120      FAD0
 121 0012 C33E8804 		.ascii	"\303>\210\004%\213/\021\365\334s/\375\023\025\026A\221"
 121      258B2F11 
 121      F5DC732F 
ARM GAS  C:\Users\SANDEE~1\AppData\Local\Temp\ccvlfKHj.s 			page 9


 121      FD131516 
 121      4191
 122 0024 78897ADA 		.ascii	"x\211z\332\243\271\253hdI\271\270\264m\213\224V\226"
 122      A3B9AB68 
 122      6449B9B8 
 122      B46D8B94 
 122      5696
 123 0036 9A666D19 		.ascii	"\232fm\031-\233]\210n\232\024d\017\335H\242\025\266"
 123      2D9B5D88 
 123      6E9A1464 
 123      0FDD48A2 
 123      15B6
 124 0048 4243B0B5 		.ascii	"BC\260\265\231\3756\022:p.3\363\373\315\314\231\031"
 124      99FD3612 
 124      3A702E33 
 124      F3FBCDCC 
 124      9919
 125 005a 4B19AA96 		.ascii	"K\031\252\226\224\332\250\224\332\311\033\216\202q\362"
 125      94DAA894 
 125      DAC91B8E 
 125      8271F2
 126 0069 B9522DAE 		.ascii	"\271R-\256aPGHi\323\222\323G\206\265\274\235%3V\311"
 126      61504748 
 126      69D392D3 
 126      4786B5BC 
 126      9D253356 
 127 007e 92095B40 		.ascii	"\222\011[@\260\274\273\305\265\001yh\027*l\220i\331"
 127      B0BCBBC5 
 127      B5017968 
 127      172A6C90 
 127      69D9
 128 0090 08A39B62 		.ascii	"\010\243\233b\204l\373\227\264Q;\240yeb/\355\250\216"
 128      846CFB97 
 128      B4513BA0 
 128      7965622F 
 128      EDA88E
 129 00a3 04931CAF 		.ascii	"\004\223\034\257\217\267,\014\240\226Q\323m#g\351\004"
 129      8FB72C0C 
 129      A09651D3 
 129      6D2367E9 
 129      04
 130 00b4 25093059 		.ascii	"%\0110Y\374\376,\376i\235\210\0066\260\030\217Nw\004"
 130      FCFE2CFE 
 130      699D8806 
 130      36B0188F 
 130      4E7704
 131 00c7 2800C5EF 		.ascii	"(\000\305\357\313\251\213=\376\320\005\255[u&w\232\364"
 131      CBA98B3D 
 131      FED005AD 
 131      5B752677 
 131      9AF4
 132 00d9 A624B112 		.ascii	"\246$\261\022\304\016q\011U\030D\225b\225\302\025\204"
 132      C40E7109 
 132      55184495 
 132      6295C215 
 132      84
 133 00ea 18BE5048 		.ascii	"\030\276PH\215\372i}\221\372q%\225E\211\372n\311\320"
ARM GAS  C:\Users\SANDEE~1\AppData\Local\Temp\ccvlfKHj.s 			page 10


 133      8DFA697D 
 133      91FA7125 
 133      954589FA 
 133      6EC9D0
 134 00fd FE249918 		.ascii	"\376$\231\030\362\250\333\252\260E\210\246\302\325\""
 134      F2A8DBAA 
 134      B04588A6 
 134      C2D522
 135 010c 717EB27D 		.ascii	"q~\262}\026\024,\022\243\331\305|y\2118\025\214\351"
 135      16142C12 
 135      A3D9C57C 
 135      79893815 
 135      8CE9
 136 011e 0C8479ED 		.ascii	"\014\204y\355?\3460B\3058\243\2053\025\266\331\377\367"
 136      3FE63042 
 136      C538A385 
 136      3315B6D9 
 136      FFF7
 137 0130 9B18810D 		.ascii	"\233\030\201\015\276\207g\220\321\205\325v\235Y\011"
 137      BE876790 
 137      D185D576 
 137      9D5909
 138 013f BE2DB815 		.ascii	"\276-\270\025\200\3042\230k\231\220|-\210\013\233\025"
 138      80C43298 
 138      6B99907C 
 138      2D880B9B 
 138      15
 139 0150 B6C387E3 		.ascii	"\266\303\207\343\312Q&\207OtJu\262;)s\027\031r\323W"
 139      CA512687 
 139      4F744A75 
 139      B23B2973 
 139      171972D3 
 140 0165 1CEBB555 		.ascii	"\034\353\265U\202\214\004\201\003\277\236\275\233\202"
 140      828C0481 
 140      03BF9EBD 
 140      9B82
 141 0173 94CDC47B 		.ascii	"\224\315\304{`\224+\301\200\021\207\0016c\030\360s\350"
 141      60942BC1 
 141      80118701 
 141      366318F0 
 141      73E8
 142 0185 4DB7CF03 		.ascii	"M\267\317\003\004q\235\355\237\3216Gbgco$\373\302\021"
 142      04719DED 
 142      9FD13647 
 142      6267636F 
 142      24FBC211 
 143 0199 23278B31 		.ascii	"#'\21316\312\352\342Rv\2048P\353\017\361\343\262\037"
 143      36CAEAE2 
 143      52768438 
 143      50EB0FF1 
 143      E3B21F
 144 01ac 719A97A8 		.ascii	"q\232\227\250\016\223\306\247\036E]!9\374\233qT1D\354"
 144      0E93C6A7 
 144      1E455D21 
 144      39FC9B71 
 144      543144EC 
 145 01c0 2B622FF3 		.ascii	"+b/\363 \347\237\024r\025\036\344\236^\014\340\206\227"
ARM GAS  C:\Users\SANDEE~1\AppData\Local\Temp\ccvlfKHj.s 			page 11


 145      20E79F14 
 145      72151EE4 
 145      9E5E0CE0 
 145      8697
 146 01d2 D784F8F3 		.ascii	"\327\204\370\3631\212!\303\271\364r\011\2420\261&/\337"
 146      318A21C3 
 146      B9F47209 
 146      A230B126 
 146      2FDF
 147 01e4 9A444C75 		.ascii	"\232DLu\334\245y\310G\037\254\376\312\004\274q\221o"
 147      DCA579C8 
 147      471FACFE 
 147      CA04BC71 
 147      916F
 148 01f6 CDE49F26 		.ascii	"\315\344\237&\312\275q\251dq0\222\357\261\251\272\330"
 148      CABD71A9 
 148      64713092 
 148      EFB1A9BA 
 148      D8
 149 0207 BAFB1F5E 		.ascii	"\272\373\037^\215QM\277\316\360\370-\235\253>\245\365"
 149      8D514DBF 
 149      CEF0F82D 
 149      9DAB3EA5 
 149      F5
 150 0218 636D26C9 		.ascii	"cm&\311E\332\353\336-\036\231\233\245\020\377Z\207\333"
 150      45DAEBDE 
 150      2D1E999B 
 150      A510FF5A 
 150      87DB
 151 022a A829B68D 		.ascii	"\250)\266\215\233w\007v\234\240\276q\017E\301\240t:"
 151      9B770776 
 151      9CA0BE71 
 151      0F45C1A0 
 151      743A
 152 023c 37E7847F 		.ascii	"7\347\204\177k7Ie}lR\230D\230\2235\271\013\011\262\222"
 152      6B374965 
 152      7D6C5298 
 152      44989335 
 152      B90B09B2 
 153 0251 E42BE66B 		.ascii	"\344+\346k\251\310C%\011\2538\027M4v\261i\0130\274\331"
 153      A9C84325 
 153      09AB3817 
 153      4D3476B1 
 153      690B30BC 
 154 0266 EF642E2B 		.ascii	"\357d.+X\36276\035\334\266u\307\321\206C\233\367(\263"
 154      58F23736 
 154      1DDCB675 
 154      C7D18643 
 154      9BF728B3 
 155 027a B17E7F3D 		.ascii	"\261~\177=5\324\355\263\016\357:\320\\g5\035\331\335"
 155      35D4EDB3 
 155      0EEF3AD0 
 155      5C67351D 
 155      D9DD
 156 028c BCF70F1B 		.ascii	"\274\367\017\033W\374\365"
 156      57FCF5
 157              		.text
ARM GAS  C:\Users\SANDEE~1\AppData\Local\Temp\ccvlfKHj.s 			page 12


 158              		.section	.gnu.lto_.symbol_nodes.bfe27036,"",%progbits
 159 0000 789C55CB 		.ascii	"x\234U\313\275\011\002A\024E\341\363\356\354l\033\266"
 159      BD090241 
 159      1445E1F3 
 159      EEEC6C1B 
 159      B6
 160 0011 A295BD09 		.ascii	"\242\225\275\011\026c\377\261\000k\0204S\026CkXA0\261"
 160      1663FFB1 
 160      006B1034 
 160      5316436B 
 160      584130B1 
 161 0025 06D97130 		.ascii	"\006\331q0p^r\036\037\334\2108\222O{9,\356\340\330\251"
 161      705E721E 
 161      1FDC8838 
 161      924F7B39 
 161      2CEEE0D8 
 162 003a BBA469B6 		.ascii	"\273\244i\266\245\334~\3069\315\262\254\344\252\304"
 162      A5DC7EC6 
 162      39CDB2AC 
 162      E4AAC4
 163 0049 D6F25004 		.ascii	"\326\362P\004\322wd;yS\301V\036+\330\310\333\177\010"
 163      D277643B 
 163      7953C156 
 163      1E2BD8C8 
 163      DB7F08
 164 005c 44FAC7C7 		.ascii	"D\372\307\307\002\015\207\322@?\344\346\257\270\265"
 164      020D87D2 
 164      403FE4E6 
 164      AFB8B5
 165 006b 3C4B23DD 		.ascii	"<K#\335\374=\011\202\353\355e\214\263!0!"
 165      FC3D0982 
 165      EBED658C 
 165      B3213021 
 166              		.text
 167              		.section	.gnu.lto_.refs.bfe27036,"",%progbits
 168 0000 789C6365 		.ascii	"x\234ce`b`d\000\002\000\000I\000\011"
 168      60626064 
 168      00020000 
 168      490009
 169              		.text
 170              		.section	.gnu.lto_.decls.bfe27036,"",%progbits
 171 0000 789CB55B 		.ascii	"x\234\265[\013TTG\232\356\272u\273\351n\032\360\240"
 171      0B545447 
 171      9AEEBA75 
 171      BBE96E1A 
 171      F0A0
 172 0012 678E9B65 		.ascii	"g\216\233ews&L\302\356NT0\223dv2\273\223Q\223\270\023"
 172      7773264C 
 172      C2EE4E54 
 172      30936476 
 172      32BB9351 
 173 0029 A307CD3C 		.ascii	"\243\007\315<\366\270\323K\260UvxM\323F2\263\347l\363"
 173      F6B8D34B 
 173      B0557678 
 173      4DD34632 
 173      B3E76CF3 
 174 003d 50105010 		.ascii	"P\020P\020\337\012*h\024\004\005\237\210 /\025\001\005"
ARM GAS  C:\Users\SANDEE~1\AppData\Local\Temp\ccvlfKHj.s 			page 13


 174      DF0A2A68 
 174      1404059F 
 174      88202F15 
 174      0105
 175 004f 7C02A202 		.ascii	"|\002\242\002\362\022P\221\207\242 \312\376Uu\273\357"
 175      F2125091 
 175      87A220CA 
 175      FE5575BB 
 175      EF
 176 0060 EDCBEDC4 		.ascii	"\355\313\355\304\235=\313\361\357\356\377\336\257\376"
 176      9D3DCBF1 
 176      EFEEFFDE 
 176      AFFE
 177 006e 47FD7FFD 		.ascii	"G\375\177\375U\267n\251Vq*\313G*U\266\213J\025\216T"
 177      55B76EA9 
 177      56712ACB 
 177      472A55B6 
 177      8B4A158E 
 178 0083 AA09F8E3 		.ascii	"\252\011\370\343U*\325a `UGT\354\017n\253~\307\251T"
 178      552AD561 
 178      20605547 
 178      54EC0F6E 
 178      AB7EC7A9 
 179 0098 BF075A06 		.ascii	"\277\007Z\006\264\034(\030(\024h\025\247\232\364w\034"
 179      B41C2818 
 179      28146815 
 179      A79AF477 
 179      1C
 180 00a9 84B8C1F7 		.ascii	"\204\270\301\367\257\201<\201\246\001\375\014p\205\360"
 180      AF813C81 
 180      A601FD0C 
 180      7085F0
 181 00b8 BD1ABEBF 		.ascii	"\275\032\276\277\000Z\010\344\005|$\307\364|\003\337"
 181      005A08E4 
 181      057C24C7 
 181      F47C03DF 
 182 00c8 7F1064F1 		.ascii	"\177\020d\361\202>\251\036r+\032>bd\372\316\002\330"
 182      823EA91E 
 182      722B1A3E 
 182      6264FACE 
 182      02D8
 183 00da A062B2A5 		.ascii	"\240b\262\245\272V\013\362m\272b%z,\022=\277\027\364"
 183      BA560BF2 
 183      6DBA6225 
 183      7A2C123D 
 183      BF17F4
 184 00ed AC12F4C8 		.ascii	"\254\022\364\310\377\252\001\344\352\304\027\"?\236"
 184      FFAA01E4 
 184      EAC41722 
 184      3F9E
 185 00fb C817FC4A 		.ascii	"\310\027\374J\000\372\255 \203|\221\276\"~`\301\366"
 185      00FAAD20 
 185      837C91BE 
 185      227E60C1 
 185      F6
 186 010c 44A02499 		.ascii	"D\240$\231\216m\030\335\255\312\316\301\0330Z\250G$"
 186      8E6D18DD 
ARM GAS  C:\Users\SANDEE~1\AppData\Local\Temp\ccvlfKHj.s 			page 14


 186      ADCACEC1 
 186      1B305AA8 
 186      4724
 187 011e 021E7029 		.ascii	"\002\036p)\357a\341\250\033\273D\020\255\243Y\237\314"
 187      EF61E1A8 
 187      1BBB4410 
 187      ADA3599F 
 187      CC
 188 012f C8B5B23F 		.ascii	"\310\265\262?-'6\335?\372\270\300\200])\350jl~\032\021"
 188      2D2736DD 
 188      3FFAB8C0 
 188      805D29E8 
 188      6A6C7E1A 
 189 0144 E3A9473C 		.ascii	"\343\251G<\260\203\265;;\334\201\235\246Gon\303\334"
 189      B083B53B 
 189      3BDC819D 
 189      A6476F6E 
 189      C3DC
 190 0156 D5B38FEE 		.ascii	"\325\263\217\356i\221\217\376\000\021Q\326\230:cx\215"
 190      69918FFE 
 190      001151D6 
 190      983A6378 
 190      8D
 191 0167 D5CAA123 		.ascii	"\325\312\241#H\217\016!\214\262\321\014\022\364\205"
 191      488F0E21 
 191      8CB2D10C 
 191      12F485
 192 0176 7AE292D5 		.ascii	"z\342\222\325\032mM\211\261\352>S\241\\\344\205r\220"
 192      1A6D4D89 
 192      B1EA3E53 
 192      A15CE485 
 192      7290
 193 0188 970A1D46 		.ascii	"\227\012\035F>\304\032\202CYp\361 \271\010\255A\323"
 193      3EC41A82 
 193      435970F1 
 193      20B908AD 
 193      41D3
 194 019a A9B8CA74 		.ascii	"\251\270\312tC\013\272\203\30004\205\232\206\020\373"
 194      430BBA83 
 194      C0303485 
 194      9A8610FB 
 195 01aa 4494283B 		.ascii	"D\224(;a\373C\210^\207\253\034\375d@z\011\331Z\010<"
 195      61FB4388 
 195      5E87AB1C 
 195      FD64407A 
 195      09D95A08 
 196 01bf 27B09C20 		.ascii	"'\260\234 \222\376\023\032#\211Dv\233i\262\375\261\034"
 196      92FE131A 
 196      23894476 
 196      9B69B2FD 
 196      B11C
 197 01d1 663F6833 		.ascii	"f?h3\241)B\234\250\000!i\003\211@f\266p\337n\237Jt\016"
 197      A129429C 
 197      A8002169 
 197      03894066 
 197      B670DF6E 
 198 01e9 D942F030 		.ascii	"\331B\3600ix\017\337\212\356\"\344\252\332\373\013D"
ARM GAS  C:\Users\SANDEE~1\AppData\Local\Temp\ccvlfKHj.s 			page 15


 198      69780FDF 
 198      8AEE22E4 
 198      AADAFB0B 
 198      44
 199 01fa AF1D8DED 		.ascii	"\257\035\215\355\355\324\341\377\240a\311[\323\231\255"
 199      EDD4E1FF 
 199      A061C95B 
 199      D399AD
 200 0209 85387841 		.ascii	"\2058xAt\221$\264^,\264'\312\206\017\363\370\317\344"
 200      749124B4 
 200      5E2CB427 
 200      CA860FF3 
 200      F8CFE4
 201 021c 3777EA44 		.ascii	"7w\352D\347N\275=F\217\263f\254\211#1:\0051:!\306\310"
 201      E74EBD3D 
 201      468FB366 
 201      AC892331 
 201      3A05313A 
 202 0233 CB1EA381 		.ascii	"\313\036\243\201L+\236\256B\263\275\320,\010\306I\210"
 202      4C2B9EAE 
 202      42B3BDD0 
 202      2C08C649 
 202      88
 203 0244 909710A1 		.ascii	"\220\227\020\241\343\020\241c\020!P\220\275'\353\274"
 203      E310A163 
 203      10215090 
 203      BD27EBBC 
 204 0254 1BBE89A8 		.ascii	"\033\276\211\250\206\035[\312O\270\213\032\212~x\234"
 204      861D5BCA 
 204      4FB88B1A 
 204      8A7E789C 
 205 0264 66412168 		.ascii	"fA!h(\0205\200Be\025\247\225U\014^\354\334\202x\022"
 205      28103580 
 205      426515A7 
 205      95550C5E 
 205      ECDC8278 
 206 0279 7D22E82B 		.ascii	"}\"\350+\236\\K\255\270\275_c\277v\006\321\213\273\206"
 206      9E5C4BAD 
 206      B8BD5F63 
 206      BF7606D1 
 206      8BBB86
 207 028c EFF6EA58 		.ascii	"\357\366\352X\212\372\020\366hN\267\001grH:\012\336"
 207      8AFA10F6 
 207      684EB701 
 207      6772483A 
 207      0ADE
 208 029e 993C0ADE 		.ascii	"\231<\012\336a]u-yh\277\013\316\345\230'5\215\025\274"
 208      615D752D 
 208      7968BF0B 
 208      CEE59827 
 208      358D15BC 
 209 02b2 A4AFFE79 		.ascii	"\244\257\376y\307\220\325\372&\252\000ee\242'\3578\315"
 209      C790D5FA 
 209      26AA0065 
 209      65A227EF 
 209      38CD
 210 02c4 E77270E5 		.ascii	"\347rp\345\035\301\225R\270X\"\364\326\376\215\231\032"
ARM GAS  C:\Users\SANDEE~1\AppData\Local\Temp\ccvlfKHj.s 			page 16


 210      1DC19552 
 210      B85822F4 
 210      D6FE8D99 
 210      1A
 211 02d5 5CC07454 		.ascii	"\\\300tT\226\334n\342\221\336GQ\300\005\005\001\366"
 211      96DC6EE2 
 211      91DE4751 
 211      C0050501 
 211      F6
 212 02e6 6EADA4DD 		.ascii	"n\255\244\335z\036\2149'\032SA\273U24=\351\320D\247"
 212      7A1E8C39 
 212      271A5341 
 212      BB553234 
 212      3DE9D044 
 213 02fb 636EA721 		.ascii	"cn\247!\\\306\272\341\332\300\345tW6l\247\000\273\263"
 213      5CC6BAE1 
 213      DAC0E574 
 213      57366CA7 
 213      00BBB3
 214 030e E8498D9A 		.ascii	"\350I\215\232A\265\300fn\035\273\345\212+\031\364\370"
 214      41B5C066 
 214      6E1DBBE5 
 214      8A2B19F4 
 214      F8
 215 031f C0969D7A 		.ascii	"\300\226\235z|\2051/\363\257\277\322\341F\306\304\347"
 215      7C85312F 
 215      F3AFBFD2 
 215      E146C6C4 
 215      E7
 216 0330 6E3887F5 		.ascii	"n8\207\365`v\314k\231\015-\366\216\227\347\361\206\004"
 216      6076CC6B 
 216      990D2DF6 
 216      8E97E7F1 
 216      8604
 217 0342 BBA3A816 		.ascii	"\273\243\250\026l\2675R\241:d\020\322\275\260\257\353"
 217      6CB73552 
 217      A13A6410 
 217      D2BDB0AF 
 217      EB
 218 0353 6B7CC7D1 		.ascii	"k|\307\321VOfk\347\370\205$5\356`\367\356\025\367\244"
 218      564F666B 
 218      E7F88524 
 218      35EE60F7 
 218      EE15F7A4 
 219 0367 E9700F63 		.ascii	"\351p\017cRO4e\271\340G\214\331v6\267\\\217\007\031"
 219      524F3465 
 219      B9E0478C 
 219      D97636B7 
 219      5C8F0719 
 220 037b 73E54C5B 		.ascii	"s\345L[\227;\036aL\177lW\233 o:\260\371\305\261\217"
 220      973B1E61 
 220      4C7F6C57 
 220      9B206F3A 
 220      B0F9C5B1 
 221 0390 840A5646 		.ascii	"\204\012VFFN\364\303\332\0365\036\245X\355\321C\027"
 221      464EF4C3 
 221      DA1E351E 
ARM GAS  C:\Users\SANDEE~1\AppData\Local\Temp\ccvlfKHj.s 			page 17


 221      A558EDD1 
 221      4317
 222 03a2 A274C81B 		.ascii	"\242t\310\033\376\246z\373xgZcc\240\343[\337,\271\326"
 222      FEA67AFB 
 222      78675A63 
 222      63A0E35B 
 222      DF2CB9D6 
 223 03b6 69B5A61A 		.ascii	"i\265\246\032\250\371M\320\365w\321T\321\367+\324\227"
 223      A8F94DD0 
 223      F577D154 
 223      D1F72BD4 
 223      97
 224 03c7 5CF2A962 		.ascii	"\\\362\251b-\306~\276\303Z\026\213)\374\2522\334WD\367"
 224      2DC67EBE 
 224      C35A168B 
 224      29FCAA32 
 224      DC5744F7 
 225 03db 49D0D7E5 		.ascii	"I\320\327\345\350j9\272]\202\276!G\317\024-\331H\222"
 225      E86A39BA 
 225      5D82BE21 
 225      47CF142D 
 225      D94892
 226 03ee 26C56AFD 		.ascii	"&\305j\375\005\257B\215p\277\201\012\"h\010\022j\205"
 226      05AF428D 
 226      70BF810A 
 226      22680812 
 226      6A85
 227 0400 78B5216F 		.ascii	"x\265!o\250\256\336\3506P\013P3\320-\344M+\020\3235"
 227      A8AEDEE8 
 227      36500B50 
 227      33D02DE4 
 227      4D2B10D3 
 228 0415 24D1754D 		.ascii	"$\321uM\3312\246\214eh\335Y\317(\253\025\021\230J\310"
 228      D932A68C 
 228      6568DD59 
 228      CF28AB15 
 228      11984AC8 
 229 0429 4E5156CB 		.ascii	"NQV\313Y\317\324\030k\325,*\354\246\242\341\324K2/\225"
 229      59CFD418 
 229      6BD52C2A 
 229      ECA6A2E1 
 229      D44B322F 
 230 043e D5D579E0 		.ascii	"\325\325y\340<LG\313\223\226\213\321j4\325G\311\037"
 230      3C4C47CB 
 230      93968BD1 
 230      6A34D547 
 230      C91F
 231 0450 D4016EBC 		.ascii	"\324\001n\274\256K\202\215%\032\230\353P;4\272'\216"
 231      AE4B828D 
 231      251A98EB 
 231      503B34BA 
 231      278E
 232 0462 21623155 		.ascii	"!b1U]\226_\271\307U\232\260\355\022+U\250\323\236\260"
 232      5D965FB9 
 232      C7559AB0 
 232      ED122B55 
 232      A8D39EB0 
ARM GAS  C:\Users\SANDEE~1\AppData\Local\Temp\ccvlfKHj.s 			page 18


 233 0476 2F7A36DF 		.ascii	"/z6\337B,\251\014$\211\212nm\364`I\325Fn\0277\015\217"
 233      422CA90C 
 233      24898A6E 
 233      6DF46049 
 233      D5466E17 
 234 048d E9700575 		.ascii	"\351p\005u\301e\364\376\340\026w4\225d\225\267\203\037"
 234      C165F4FE 
 234      E0167734 
 234      956495B7 
 234      831F
 235 049f DD20B88B 		.ascii	"\335 \270\213\012\356\021\234\350\007'\372\300\350\007"
 235      0AEE119C 
 235      E80727FA 
 235      C0E807
 236 04ae 408F801E 		.ascii	"@\217\200\036\002\365\332c\002V\225\325\217\376\270"
 236      02F5DA63 
 236      025695D5 
 236      8FFEB8
 237 04bd 65E88ED5 		.ascii	"e\350\216\325\272\326@K\340}p\2024\026J)\013J\225\220"
 237      BAD6404B 
 237      E07D7082 
 237      34164A29 
 237      0B4A9590 
 238 04d1 8B043F72 		.ascii	"\213\004?rw\332&\332\357`;\252\027\320\012\375\316\320"
 238      77DA26DA 
 238      EF603BAA 
 238      17D00AFD 
 238      CED0
 239 04e3 63FFCE22 		.ascii	"c\377\316\"\016#\023]V\004\347Jd7\264x\016G[\267\317"
 239      0E23135D 
 239      5604E74A 
 239      6437B478 
 239      0E475BB7 
 240 04f8 A296D428 		.ascii	"\242\226\324(Y2[\004W\374~\233\265,\012S\354%%\254\257"
 240      59325B04 
 240      57FC7E9B 
 240      B52C0A53 
 240      EC2525AC 
 241 050d 9849FD77 		.ascii	"\230I\375wY&\3658f\022tlWNo\272+\036g\271Q\233\222y"
 241      5926F538 
 241      6612746C 
 241      574E6FBA 
 241      2B1E67B9 
 242 0525 442BCB0D 		.ascii	"D+\313\015[\237\242A\350\312\327\351V\246\261\273\205"
 242      5B9FA241 
 242      E8CAD7E9 
 242      56A6B1BB 
 242      85
 243 0536 E6C50034 		.ascii	"\346\305\0004x,\346E\217-/jn\247\004O\025\324\304;S"
 243      782CE645 
 243      8F2D2F6A 
 243      6EA7044F 
 243      15D4C43B 
 244 054b A372AA03 		.ascii	"\243r\252\003$d\354\351\271\357P\012\207\0342k\330\236"
 244      2464ECE9 
 244      B9EF500A 
 244      871C326B 
ARM GAS  C:\Users\SANDEE~1\AppData\Local\Temp\ccvlfKHj.s 			page 19


 244      D89E
 245 055d 5999D9EB 		.ascii	"Y\231\331\353\322\2658\231\247\265\253c\327\231&\036"
 245      D2B53899 
 245      A7B5AB63 
 245      D799261E 
 246 056d 6F61CC8D 		.ascii	"oa\314\215\224;\033\\\361\016\306\024v\324\255\325\342"
 246      943B1B5C 
 246      F10EC614 
 246      76D4ADD5 
 246      E2
 247 057e 0CC65CDD 		.ascii	"\014\306\\\335\232\326\255\305Y\214\351L\334\032\315"
 247      9AD6ADC5 
 247      598CE94C 
 247      DC1ACD
 248 058d E13CC6F4 		.ascii	"\341<\306\364?Mh\347\361I\306\014\355\254|\240\307\247"
 248      3F4D68E7 
 248      F149C60C 
 248      EDAC7CA0 
 248      C7A7
 249 059f 05698537 		.ascii	"\005i\2057\343]q\021c\342\217\036\335\356\212K\031\363"
 249      E35D7111 
 249      63E28F1E 
 249      DDEE8A4B 
 249      19F3
 250 05b1 BCF86A26 		.ascii	"\274\370j&\307r\333\033\330Ce\211U\230\345\366^\016"
 250      C772DB1B 
 250      D8436589 
 250      5598E5F6 
 250      5E0E
 251 05c3 F80DA555 		.ascii	"\370\015\245U\315\356\370\034\305\272\036\333u\257\312"
 251      CDEEF81C 
 251      C5BA1EDB 
 251      75AFCA
 252 05d2 0379B3E4 		.ascii	"\003y\263\344\206\222)\326\314qI\315\034\201.\215\346"
 252      869229D6 
 252      CC7149CD 
 252      1C812E8D 
 252      E6
 253 05e3 24A9D480 		.ascii	"$\251\324\200\224+\325\004\000^\321{\004NB\267\216\363"
 253      942BD504 
 253      005ED17B 
 253      044E42B7 
 253      8EF3
 254 05f5 41B19C37 		.ascii	"A\261\2347\212\001J\000Z\003\024\007\224\010\264\026"
 254      8A014A00 
 254      5A031407 
 254      9408B416 
 255 0605 280A289E 		.ascii	"(\012(\236\223V\255k\177\026\253\326\270\\\361Ly\255"
 255      9356AD6B 
 255      7F16ABD6 
 255      B85CF14C 
 255      79AD
 256 0617 AE91A05F 		.ascii	"\256\221\240_*\242\245\305W\002\036\223\203\245\005"
 256      2AA2A5C5 
 256      57021E93 
 256      83A505
 257 0626 51980724 		.ascii	"Q\230\007$\360g\312] \235\007$\350Q9z\322\254Q\363_"
ARM GAS  C:\Users\SANDEE~1\AppData\Local\Temp\ccvlfKHj.s 			page 20


 257      F067CA5D 
 257      209D0724 
 257      E851397A 
 257      D2AC51F3 
 258 063b 22DACAC9 		.ascii	"\"\332\312\311\320\225\362\001\365j\214\015(@)\224\346"
 258      D095F201 
 258      F56A8C0D 
 258      28402994 
 258      E6
 259 064c 1792D2FC 		.ascii	"\027\222\322\374B\331-\211\346!\211\235\317\225\355"
 259      42D92D89 
 259      E621899D 
 259      CF95ED
 260 065b 649D00B9 		.ascii	"d\235\000\271r\362\304\256\355\032\\Ms\205K:u\271\324"
 260      72F2C4AE 
 260      ED1A5C4D 
 260      73854B3A 
 260      75B9D4
 261 066e 201BAEB6 		.ascii	" \033\256\266\200\243\015\020\347\277$\346\314\277\206"
 261      80A30D10 
 261      E7BF24E6 
 261      CCBF86
 262 067d 713A7CD7 		.ascii	"q:|\327\203\200$\316>|\211\267\324\214\003\373\007\266"
 262      838024CE 
 262      3E7C89B7 
 262      D48C03FB 
 262      07B6
 263 068f 6AA5836F 		.ascii	"j\245\203o='\035|\311\234m\360\235\352\256\256\324\263"
 263      3D271D7C 
 263      C99C6DF0 
 263      9DEAAEAE 
 263      D4B3
 264 06a1 5CB792C5 		.ascii	"\\\267\222\305\301\351\322\2224\027|\223\215\213\232"
 264      C1E9D292 
 264      34177C93 
 264      8D8B9A
 265 06b0 F6CD7739 		.ascii	"\366\315w9|\2331\005\3759\005nl\220\224\021>\253;m\203"
 265      7C9B3105 
 265      FD39056E 
 265      6C909411 
 265      3EAB3B6D 
 266 06c5 81F11F02 		.ascii	"\201\361\037\002\033\0273\326\310\343\016\206\265n~"
 266      1B1733D6 
 266      C8E30E86 
 266      B56E7E
 267 06d4 B1C70DF7 		.ascii	"\261\307\015\367\263^\260v]\350\342\234-\377\266s\316"
 267      B35EB076 
 267      5DE8E29C 
 267      2DFFB673 
 267      CE
 268 06e5 967FCF76 		.ascii	"\226\177\317v\343\370}\311V+\217\266qz\264Ut\362\274"
 268      E3F87DC9 
 268      562B8FB6 
 268      717AB455 
 268      74F2BC
 269 06f8 6DFD77E7 		.ascii	"m\375w\347\361\326\265\032\234\243\246*\213\012\212"
 269      F1D6B51A 
ARM GAS  C:\Users\SANDEE~1\AppData\Local\Temp\ccvlfKHj.s 			page 21


 269      9CA3A62A 
 269      8B0A8A
 270 0707 2B8515DE 		.ascii	"+\205\025\336,`\223R\254\027]\361Iv\257296I\217\313"
 270      2C609352 
 270      AC175DF1 
 270      4976AF32 
 270      3936498F 
 271 071c 28C3E5AC 		.ascii	"(\303\345\254\217\177\350t5\272\333\2519\315\323I\177"
 271      8F7FE874 
 271      35BADBA9 
 271      39CDD349 
 271      7F
 272 072d A7832969 		.ascii	"\247\203)i\012\246T\266\275\034\362\300\227\231\272"
 272      0AA654B6 
 272      BD1CF2C0 
 272      9799BA
 273 073c 35EB0F6F 		.ascii	"5\353\017o#}\252aKp\027R\242\006\306N\361\354\022\221"
 273      237DAA61 
 273      4B701752 
 273      A206C64E 
 273      F1EC1291 
 274 0750 160997D2 		.ascii	"\026\011\227\322w\3349\352\216\2571\243\036\336[\227"
 274      77DC39EA 
 274      8EAF31A3 
 274      1EDE5B97 
 275 0760 A0952CC3 		.ascii	"\240\225,\303\337\3371@\226\341\373A]\246\250N#,\303"
 275      DFDF3140 
 275      96E1FB41 
 275      5DA6A84E 
 275      232CC3
 276 0773 AD93ECDE 		.ascii	"\255\223\354\336\007vk\004\27338/\250[t9:4:p\202\307"
 276      07766B04 
 276      BB33382F 
 276      A85B7439 
 276      3A343A70 
 277 0789 77988E84 		.ascii	"w\230\216\204{C/=\230\343\223\005\034T\020`[\206\373"
 277      7B432F3D 
 277      98E39305 
 277      1C541060 
 277      5B86FB
 278 079c 9DA4CBF0 		.ascii	"\235\244\313\360\003`\314\267\2421`\033\363\2751\351"
 278      0360CCB7 
 278      A231601B 
 278      F3BD31E9 
 279 07ac FA6D0DEE 		.ascii	"\372m\015\356dJF\373\252\016\273\332\035\201\030\256"
 279      644A46FB 
 279      AA0EBBDA 
 279      1D8118AE 
 280 07bc 63313C04 		.ascii	"c1<\004\215\263\304\306\0078\247\256d+\273bK\277iB"
 280      8DB3C4C6 
 280      0738A7AE 
 280      642BBB62 
 280      4BBF6942 
 281 07d0 FA250F6F 		.ascii	"\372%\017olT\343>\326\343\307\236$\376\025~\312~\237"
 281      6C54E33E 
 281      D6E3C79E 
 281      24FE157E 
ARM GAS  C:\Users\SANDEE~1\AppData\Local\Temp\ccvlfKHj.s 			page 22


 281      CA7E9F
 282 07e3 EFB85EA5 		.ascii	"\357\270^\245\306\343\214I<\036\233\301\343\365\032"
 282      C6E38C49 
 282      3C1E9BC1 
 282      E3F51A
 283 07f2 CA9CD952 		.ascii	"\312\234\331R\374H\21373&=\371\346)\214\3673f]\356\272"
 283      FC488B37 
 283      33263DF9 
 283      E6298CF7 
 283      33665DEE 
 284 0807 4A777C84 		.ascii	"Jw|\2041\231\245E\017]p\011c\006\033\242;\364\270\226"
 284      3199A545 
 284      0F5D7009 
 284      63061BA2 
 284      3BF4B896 
 285 081b 31F7EE5C 		.ascii	"1\367\356\\\314w\307W\031S\364lW\221\007nbLm\307\304"
 285      CC77C757 
 285      1953F46C 
 285      5791076E 
 285      624C6DC7 
 286 0830 901EB732 		.ascii	"\220\036\2672\346jT\006\350\351\026\332X_\3540\340\207"
 286      E66A5406 
 286      E8E916DA 
 286      585FEC30 
 286      E087
 287 0842 94E18A0E 		.ascii	"\224\341\212\016\357\213\027\237L\373hJ\025A\317\024"
 287      EF8B179F 
 287      4CFB684A 
 287      1541CF14 
 288 0852 BE56CF9C 		.ascii	"\276V\317\234Q\356\231\272\301\204q\017<\304\324%ny"
 288      51EE99BA 
 288      C184710F 
 288      3CC4D425 
 288      6E79
 289 0864 74C01D8F 		.ascii	"t\300\035\2171\246\262~\357\260\026\307\271\260\371"
 289      31A6B27E 
 289      EFB016C7 
 289      B9B0F9
 290 0873 73632A58 		.ascii	"sc*X\265\2361-\333\023\213\\\361^\306\224$\017\235\326"
 290      B59E312D 
 290      DB138B5C 
 290      F15EC694 
 290      240F9DD6 
 291 0887 E1838C89 		.ascii	"\341\203\214\211{\336\236\357\201\363]\034\006\3254"
 291      7BDE9EEF 
 291      81F35D1C 
 291      06D534
 292 0896 36A8F6DD 		.ascii	"6\250\366\33587\244\306\005\354^\364\246\353\271:\\"
 292      3837A4C6 
 292      05EC5EF4 
 292      A6EBB93A 
 292      5C
 293 08a7 4219EE5E 		.ascii	"B\031\356^\331\271Tlwl\310\345\027\350\"\270uAt\253"
 293      D9B9546C 
 293      776CC8E5 
 293      17E822B8 
 293      754174AB 
ARM GAS  C:\Users\SANDEE~1\AppData\Local\Temp\ccvlfKHj.s 			page 23


 294 08bb D0D9B370 		.ascii	"\320\331\263p%\247\370,l{\304\235\306\036q\317g\025"
 294      25A7F82C 
 294      6C7BC49D 
 294      C61E71CF 
 294      6715
 295 08cd B6B8E14A 		.ascii	"\266\270\341J\24691\351U\036\306uLsz\311X\262\370(\336"
 295      A63931E9 
 295      551EC675 
 295      4C737AC9 
 295      58B2F828 
 296 08e2 0E9A2F83 		.ascii	"\016\232/\203\346\232\327\320|IY\363\331\265C\341\270"
 296      E69AD7D0 
 296      7C4959F3 
 296      D9B543E1 
 296      B8
 297 08f3 8169DA7F 		.ascii	"\201i\332\177.\357\252\013na\232:z\217=w\023\203\007"
 297      2EEFAA0B 
 297      6E619A3A 
 297      7A8F3D77 
 297      138307
 298 0906 9AAE80A6 		.ascii	"\232\256\200\246\272\327\320T\257\254i\317\331\253\331"
 298      BAD7D054 
 298      AFAC69CF 
 298      D9ABD9
 299 0915 3CBECF54 		.ascii	"<\276\317T\335|~v\314\200\373)\303\267\355\033z\240"
 299      DD7C7E76 
 299      CC80FB29 
 299      C3B7ED1B 
 299      7AA0
 300 0927 413E5E08 		.ascii	"A>^\010\351\201\016\330v\254T\350&h\274\306aa6S\355"
 300      E9810ED8 
 300      76AC54E8 
 300      2668BCC6 
 300      61613653 
 301 093c B482B681 		.ascii	"\264\202\266\201\377&\227\225\364^\007\275\344\026\314"
 301      FF269795 
 301      F45E07BD 
 301      E416CC
 302 094b BD902E37 		.ascii	"\275\220.7 ]vB\302\221+\2400\2456c\227N/\264\212\377"
 302      205D7642 
 302      C2912BA0 
 302      30A53663 
 302      974E2FB4 
 303 0961 CE56801E 		.ascii	"\316V\200\036\030\276s\203\223N(\215\234\364\301\266"
 303      18BE7383 
 303      934E288D 
 303      9CF4C1B6 
 304 0971 C93EA1EC 		.ascii	"\311>\241\354i*l\341\3610s\252\303z\356:\207_0\346\360"
 304      692A6CE1 
 304      F13073AA 
 304      C37AEE3A 
 304      875F30E6 
 305 0986 BE966F75 		.ascii	"\276\226ou8FK\231\263\315\251=nx\035cl\017\023\236\302"
 305      38464B99 
 305      B3CDA93D 
 305      6E781D63 
 305      6C0F139E 
ARM GAS  C:\Users\SANDEE~1\AppData\Local\Temp\ccvlfKHj.s 			page 24


 306 099b C344CB91 		.ascii	"\303D\313\221W\305\032\274\236\335\334sg\360\260\013"
 306      57C51ABC 
 306      9EDDDC73 
 306      67F0B00B 
 307 09ab 4EA10C57 		.ascii	"N\241\014W~3#\333\015\031|$\206\374\372\007\342\010"
 307      7E3323DB 
 307      0D197C24 
 307      86FCFA07 
 307      E208
 308 09bd B907A67F 		.ascii	"\271\007\246\177i\020\342\301\342T\237\250\256\355\210"
 308      6910E2C1 
 308      E2549FA8 
 308      AEED88
 309 09cc 2325A88D 		.ascii	"#%\250\2153\240V1Z_\032\230\301\005\367\266\224\012"
 309      33A05631 
 309      5A5F1A98 
 309      C105F7B6 
 309      940A
 310 09de 9B294D84 		.ascii	"\233)M\204o\213\256\274\256\305\245L\371`\377\215q7"
 310      6F8BAEBC 
 310      AEC5A54C 
 310      F960FF8D 
 310      7137
 311 09f0 7C8E31D7 		.ascii	"|\2161\327\2733b\205\031\357\012\235\345FK\2325\370"
 311      BB336285 
 311      19EF0A9D 
 311      E5464B9A 
 311      35F8
 312 0a02 22BB797B 		.ascii	"\"\273y{\313\3636\035\256aL\342\205\223\225\302\036"
 312      CBF3361D 
 312      AE614CE2 
 312      859395C2 
 312      1E
 313 0a13 6215E1AB 		.ascii	"b\025\341\253n&\226\362\270\226\335<x\251\315\252\306"
 313      6E2696F2 
 313      B896DD3C 
 313      78A9CDAA 
 313      C6
 314 0a24 5718539C 		.ascii	"W\030S\234pi\\\213\2573f\347\231\270h=n`LCMs\202+\276"
 314      70695C8B 
 314      AF3366E7 
 314      99B8683D 
 314      6E604C43 
 315 0a3d C5988A9B 		.ascii	"\305\230\212\233\231\365j|\2271\233\206\237\347\"|\217"
 315      99F56A7C 
 315      97319B86 
 315      9FE7227C 
 315      8F
 316 0a4e 315DC76E 		.ascii	"1]\307n\327\272\340.\306\354-l\255\326\340^\306\014"
 316      D7BAE02E 
 316      C6EC2D6C 
 316      ADD6E05E 
 316      C60C
 317 0a60 5D4C5B8D 		.ascii	"]L[\215\037\261\337\361'\232S\365x\2201\373\316<,\307"
 317      1FB1DFF1 
 317      279A53F5 
 317      789031FB 
ARM GAS  C:\Users\SANDEE~1\AppData\Local\Temp\ccvlfKHj.s 			page 25


 317      CE3C2CC7 
 318 0a74 F82963C6 		.ascii	"\370)c\306\342\216&\351\360(c\356\327\254\237\215_\262"
 318      E28E26E9 
 318      F02863EE 
 318      D7AC9F8D 
 318      5FB2
 319 0a86 DF69BD13 		.ascii	"\337i\275\023\026\034\245\243\277s;\212J\\\360\032\306"
 319      161CA5A3 
 319      BF733B8A 
 319      4A5CF01A 
 319      C6
 320 0a97 6C6F391A 		.ascii	"lo9\032\313\343u\214i\334=6\346\212\3273\246u}\313\277"
 320      CBE3758C 
 320      69DC3D36 
 320      E68AD733 
 320      A6757DCB 
 321 0aac E18DEC77 		.ascii	"\341\215\354wiC\302\270\001oaL\316\304p\262\001\357"
 321      6943C2B8 
 321      016F614C 
 321      CEC470B2 
 321      01EF
 322 0abe 604CCDBE 		.ascii	"`L\315\276\221\012a\246\356$\374\350\321\301'Za\271"
 322      910A61A6 
 322      EE24FCE8 
 322      D1C1275A 
 322      61B9
 323 0ad0 ADD986FF 		.ascii	"\255\331\206\377\272g\353\323l\027\304\326\327\3022"
 323      BA67EBD3 
 323      6C17C4D6 
 323      D7C232
 324 0adf DBDBBEDA 		.ascii	"\333\333\276\332&\177\354\361\352q\256:+\273&\311\272"
 324      267FECF1 
 324      EA71AE3A 
 324      2BBB26C9 
 324      BA
 325 0af0 B702D1D0 		.ascii	"\267\002\321\320>\204\320\256\305\222\225\331&N\366"
 325      3E84D0AE 
 325      C59295D9 
 325      264EF6
 326 0aff AC57339F 		.ascii	"\254W3\237\255\343\010zH\216.F2\3645\011zP\031-}4\354"
 326      ADE3087A 
 326      488E2E46 
 326      32F43509 
 326      7A50192D 
 327 0b16 FB5711DE 		.ascii	"\373W\021\336-\207wqrx\273\004~_\031.\265E\202\356\223"
 327      2D877771 
 327      7278BB04 
 327      7E5F192E 
 327      B54582EE 
 328 0b2b A37B44B4 		.ascii	"\243{D\264\303B\023\006\357+\270\205^\012\015\310Bs"
 328      C3421306 
 328      EF2BB885 
 328      5E0A0DC8 
 328      4273
 329 0b3d 33F64149 		.ascii	"3\366AI\030\026\223@[\200\326\003m\007\332\001\024\007"
 329      18169340 
 329      5B80D603 
ARM GAS  C:\Users\SANDEE~1\AppData\Local\Temp\ccvlfKHj.s 			page 26


 329      6D07DA01 
 329      1407
 330 0b4f 940AB413 		.ascii	"\224\012\264\023h+P\024P4P2\320&\240\215@\211@V\240"
 330      682B5014 
 330      50345032 
 330      D026A08D 
 330      40894056 
 331 0b64 0D406B80 		.ascii	"\015@k\200\266\001\305\002\305\000\255\003J\000J\301"
 331      B601C502 
 331      C500AD03 
 331      4A004AC1 
 332 0b74 D2C7F7BE 		.ascii	"\322\307\367\276\317D\323G\344\2467\310;\275B\202~!"
 332      CF44D347 
 332      E4A637C8 
 332      3BBD4282 
 332      7E21
 333 0b86 474F7A1C 		.ascii	"GOz\034\037\222tK\247\034\335.\357\3041\011\272C\031"
 333      1F92744B 
 333      A71CDD2E 
 333      EFC43109 
 333      BA4319
 334 0b99 ED205C12 		.ascii	"\355 \\\022\377Gr\370\346I\360\261\177\021\341\343\212"
 334      FF4772F8 
 334      E649F0B1 
 334      7F11E1E3 
 334      8A
 335 0baa 964BE329 		.ascii	"\226K\343)qsT\016\256\236\224[5\022\313\037(\247\271"
 335      7173540E 
 335      AE9E945B 
 335      3512CB1F 
 335      28A7B9
 336 0bbd 14DE2CB1 		.ascii	"\024\336,\261|@\016\337)\357\226\212_\211\350\0269\372"
 336      7C400EDF 
 336      29EF968A 
 336      5F89E816 
 336      39FA
 337 0bcf AE1CDD27 		.ascii	"\256\034\335'\221\335\257\334+\022\364\220\304\317\247"
 337      91DDAFDC 
 337      2B12F490 
 337      C4CFA7
 338 0bde CAC17718 		.ascii	"\312\301w\030\024\022\341\217\225\015\227n\277\365\227"
 338      1412E18F 
 338      950D976E 
 338      BFF597
 339 0bed 4EA1CF78 		.ascii	"N\241\317x\000s|\306#\262\352\252\204g<\"lL\271\217"
 339      00737CC6 
 339      23B2EAAA 
 339      84673C22 
 339      6C4CB98F 
 340 0c01 A5BD2051 		.ascii	"\245\275 Q=,GWN\262\264Y\022\221^\345\001\351\000\227"
 340      3D2C4757 
 340      4EB2B459 
 340      12915EE5 
 340      01E90097 
 341 0c15 F4C37339 		.ascii	"\364\303s9\374\212\334\226v\011\372\2312\332!\363$\360"
 341      FC8ADC96 
 341      7609FA99 
ARM GAS  C:\Users\SANDEE~1\AppData\Local\Temp\ccvlfKHj.s 			page 27


 341      32DA21F3 
 341      24F0
 342 0c27 27CAA6DB 		.ascii	"'\312\246\3336\032c\316=mt\227\316\342R\254\012\355"
 342      361A63CE 
 342      3D6D7497 
 342      CEE252AC 
 342      0AED
 343 0c39 C2B659BC 		.ascii	"\302\266Y\274`\242o@\215\353i\301\306\015\033c{9\344"
 343      60A26F40 
 343      8DEB69C1 
 343      C60D1B63 
 343      7B39E4
 344 0c4c 3DD547D8 		.ascii	"=\325G\330\220KT\357\354\272\304\012/\264@w@\347n\345"
 344      904B54EF 
 344      ECBAC40A 
 344      2FB44077 
 344      40E76EE5 
 345 0c60 6CDF282C 		.ascii	"l\337(,cI=\262\337N\303\014O\352\321\036\250G\351\330"
 345      63493DB2 
 345      DF4EC30C 
 345      4FEAD11E 
 345      A847E9D8 
 346 0c74 61BF329B 		.ascii	"a\2772\233\005u7\226\357\204%\337)\207\332\327\310&"
 346      05753796 
 346      EF8425DF 
 346      2987DAD7 
 346      C826
 347 0c86 9107DD39 		.ascii	"\221\007\3359\015\034naLZkE\2130\205\237\247\017\265"
 347      0D1C6E61 
 347      4C5A6B45 
 347      8B30859F 
 347      A70FB5
 348 0c99 AD9BD719 		.ascii	"\255\233\327\031\204\031\205\274\303\253\274:Q\242\303"
 348      841985BC 
 348      C3ABBC3A 
 348      51A2C3
 349 0ca8 3D0C7C7C 		.ascii	"=\014||\"{-\306\003\214I\177q\342\202+\036e\314\370"
 349      227B2DC6 
 349      038C497F 
 349      71E2822B 
 349      1E65CCF8 
 350 0cbc B7F54D5A 		.ascii	"\267\365MZ\034\305\336\222\214\236~\220\246\301\011"
 350      1CC5DE92 
 350      8C9E7E90 
 350      A6C109
 351 0ccb 8C297F79 		.ascii	"\214)\177y+M\2177R\346\243\313U\0059\230\354\000\031"
 351      2B4D8F37 
 351      52E6A3CB 
 351      55053998 
 351      EC0019
 352 0cde A692F9C9 		.ascii	"\246\222\371\311@\247\251\251\336>>\344\013>\247\301"
 352      40A7A9A9 
 352      DE3E3EE4 
 352      0B3EA7C1 
 353 0cee 05B805B3 		.ascii	"\005\270\005\263\225\301\340#\316Zt\002\363\361\366"
 353      95C1E023 
 353      CE5A7402 
ARM GAS  C:\Users\SANDEE~1\AppData\Local\Temp\ccvlfKHj.s 			page 28


 353      F3F1F6
 354 0cfd 31D8FBF1 		.ascii	"1\330\373\361\222\372\325\023\266e\324\001\335\230\005"
 354      92FAD513 
 354      B665D401 
 354      DD9805
 355 0d0c DD92E3AC 		.ascii	"\335\222\343\254\016H\013{\012\024\366+\364\231MhA:"
 355      0E480B7B 
 355      0A14F62B 
 355      F4994D68 
 355      413A
 356 0d1e B21D3AF2 		.ascii	"\262\035:\362\036\024\337\\\240C\016\005\270}\033\266"
 356      1E14DF5C 
 356      A0430E05 
 356      B87D1BB6 
 357 0d2e EE9F8E0E 		.ascii	"\356\237\216\016\203\212TNQ\005\015\225$)\2168$\005"
 357      838A544E 
 357      51050D95 
 357      24298E38 
 357      2405
 358 0d40 69C8E220 		.ascii	"i\310\342 5b\037\366B\231\030D\264\201\342|\301\210"
 358      35621FF6 
 358      42991844 
 358      B481E27C 
 358      C188
 359 0d52 56F8DD02 		.ascii	"V\370\335\002\006\334\005\272\003t\033\250\031\350\026"
 359      06DC05BA 
 359      03741BA8 
 359      19E816
 360 0d61 50135023 		.ascii	"P\023P#P\003\320M\240s@g\201N\001\235\004:\001t\014"
 360      5003D04D 
 360      A0734067 
 360      814E019D 
 360      043A0174 
 361 0d76 E828509E 		.ascii	"\350(P\236\203\003\227\352\325\247s\326ZS\002\310\322"
 361      830397EA 
 361      D5A773D6 
 361      5A5302C8 
 361      D2
 362 0d87 6E3FF89C 		.ascii	"n?\370\234\357d\226W\264/Ch\360\377g_]\263'\333p&\373"
 362      EF649657 
 362      B42F4368 
 362      F0FF675F 
 362      5DB327DB 
 363 0d9e 145B3899 		.ascii	"\024[8\231}\223g\212\376[\302\006\365q\350\331\035\312"
 363      7D93678A 
 363      FE5BC206 
 363      F571E8D9 
 363      1DCA
 364 0db0 78794872 		.ascii	"xyHr\034Br\234\215Sa\277\273IPO\366&v\311\305\355tT"
 364      1C42729C 
 364      8D5361BF 
 364      BB49504F 
 364      F62676C9 
 365 0dc8 0F03ACE2 		.ascii	"\017\003\254\342\267\254\\\220'\362=\312p_\021\335\276"
 365      B7AC5C90 
 365      27F23DCA 
 365      705F11DD 
ARM GAS  C:\Users\SANDEE~1\AppData\Local\Temp\ccvlfKHj.s 			page 29


 365      BE
 366 0dd9 308AA20B 		.ascii	"0\212\242\013\010J@\347@\002V\313\326L\322\276\027\357"
 366      084A40E7 
 366      400256CB 
 366      D64CD2BE 
 366      17EF
 367 0deb 437F170A 		.ascii	"C\177\027\012}_\004\277\317@\337\235v\354\273<\241/"
 367      7D5F04BF 
 367      CF40DF9D 
 367      76ECBB3C 
 367      A12F
 368 0dfd 4896E581 		.ascii	"H\226\345\201\374B'\023\276\242\374#B\003\347\362+f"
 368      FC422713 
 368      BEA2FC23 
 368      4203E7F2 
 368      2B66
 369 0e0f 326789F8 		.ascii	"2g\211\370\303\212\342\245{\206GX\351)t,=\302\253\376"
 369      C38AE2A5 
 369      7B864758 
 369      E929742C 
 369      3DC2ABFE 
 370 0e23 DBEAAC7D 		.ascii	"\333\352\254}\251\3449\202tE\276\344\251\017O\265\367"
 370      A9E43982 
 370      7445BEE4 
 370      A90F4FB5 
 370      F7
 371 0e34 567DBDBA 		.ascii	"V}\275\272?\273\216\225\306\022\200\035\225\367o\345"
 371      3FBB8E95 
 371      C612801D 
 371      95F76FE5 
 372 0e44 A4312D2B 		.ascii	"\2441-+\216\025\340F\231\340R9\374.u\354\256#\222\356"
 372      8E15E046 
 372      99E05239 
 372      FC2E75EC 
 372      AE2392EE 
 373 0e58 22FE94FD 		.ascii	"\"\376\224\375/\352\3561\001/\027\315\374\253\024\234"
 373      2FEAEE31 
 373      012F17CD 
 373      FCAB149C 
 374 0e68 2F73E2FC 		.ascii	"/s\342\374\216\030\352<\361\352\270\350|\231\243\363"
 374      8E18EA3C 
 374      F1EAB8E8 
 374      7C99A3F3 
 375 0e78 BD36E7CF 		.ascii	"\2756\347\317\343i\350\204\262\363\324\300T\005\003"
 375      E369E884 
 375      B2F3D4C0 
 375      540503
 376 0e87 55B415B1 		.ascii	"U\264\025\261\356\006Xw\035by\015\350*P-\320E\240J\240"
 376      EE065877 
 376      1D62790D 
 376      E82A502D 
 376      D045A04A 
 377 0e9c 0B0E1D32 		.ascii	"\013\016\0352\266\200\305\227\344\376I\320G$8]u\275"
 377      B680C597 
 377      E4FE49D0 
 377      4724385D 
 377      75BD
ARM GAS  C:\Users\SANDEE~1\AppData\Local\Temp\ccvlfKHj.s 			page 30


 378 0eae BA2C1978 		.ascii	"\272,\031x\247\276\017=$\254\213\252\000\\\340\034,"
 378      A7BE0F3D 
 378      24AC8BAA 
 378      005CE01C 
 378      2C
 379 0ebf 19A4D50E 		.ascii	"\031\244\325\016\203\264\212\015R\305W5gA^\265\020\212"
 379      83B48A0D 
 379      52C55735 
 379      67415EB5 
 379      108A
 380 0ed1 CBE0EC25 		.ascii	"\313\340\354%p\254Ft\014:s\242U\375x\210M\016d\203\350"
 380      70AC4674 
 380      0C3A73A2 
 380      55FD7888 
 380      4D0E6483 
 381 0ee6 B4D0C0C9 		.ascii	"\264\320\300\311\002\206\354G\374\200Ty\222\233\305"
 381      0286EC47 
 381      FC805479 
 381      929BC5
 382 0ef5 02D63E4C 		.ascii	"\002\326>L\344y\336\275VM6\236\252\225\226M\020\304"
 382      E479DEBD 
 382      564D369E 
 382      AA95964D 
 382      10C4
 383 0f07 23D54210 		.ascii	"#\325B\020\353\300\363\222\327\362\274\036\220\222\267"
 383      EBC0F392 
 383      D7F2BC1E 
 383      9092B7
 384 0f16 DCCC7327 		.ascii	"\334\314s'3\012\272\002\016\213\223\212=\301\222b\022"
 384      330ABA02 
 384      0E8B938A 
 384      3DC19262 
 384      12
 385 0f27 49821151 		.ascii	"I\202\021Q\245b\202\035\246\262\354\266\355\261\331"
 385      A562821D 
 385      A6B2ECB6 
 385      EDB1D9
 386 0f36 065341D9 		.ascii	"\006SA\331wF\220\244t\265P\031I\251+\377>t\315gb]\254"
 386      774690A4 
 386      74B55019 
 386      49A92BFF 
 386      3E74CD67 
 387 0f4d 700E16B6 		.ascii	"p\016\026\266\337K\351\366;`&w\341H\261\360\222\220"
 387      DF4BE9F6 
 387      3B602677 
 387      E148B1F0 
 387      9290
 388 0f5f 6C819D17 		.ascii	"l\201\235\027\006\201\260\267\302\326\274\3478\311\332"
 388      0681B0B7 
 388      C2D6BCE7 
 388      38C9DA
 389 0f6e FE23F696 		.ascii	"\376#\366\226\220\354ZU+\201\253$\340\276\23710\331"
 389      90EC5A55 
 389      2B81AB24 
 389      E0BE9F31 
 389      30D9
 390 0f80 78AA5502 		.ascii	"x\252U\002;\274\254<#\244{\023,\014\257\312\007\343"
ARM GAS  C:\Users\SANDEE~1\AppData\Local\Temp\ccvlfKHj.s 			page 31


 390      3BBCAC3C 
 390      23A47B13 
 390      2C0CAFCA 
 390      07E3
 391 0f92 A447AFE6 		.ascii	"\244G\257\346\237\212\245\362\226\034=y\325y"
 391      9F8AA5F2 
 391      961C3D79 
 391      D579
 392 0fa0 4D026F56 		.ascii	"M\002oV\206KCQ(\204\202,\374n\313\341\223\237x\306>"
 392      864B4351 
 392      2884822C 
 392      FC6ECBE1 
 392      939F78C6 
 393 0fb5 64D2C994 		.ascii	"d\322\311\224\272W>\345OZ\274\367\237\226\315\"\371"
 393      BA573EE5 
 393      4F5ABCF7 
 393      9F96CD22 
 393      F9
 394 0fc6 4E6611C1 		.ascii	"Nf\021\301\323\017\035'\205\311hi\244O\263\272\230\357"
 394      D30F1D27 
 394      85C96869 
 394      A44FB3BA 
 394      98EF
 395 0fd8 A42E4E3C 		.ascii	"\244.N<!\033\365$\301\277\305\366\254\315\227\226\305"
 395      211BF524 
 395      C1BFC5F6 
 395      ACCD9796 
 395      C5
 396 0fe9 4BEAB1A1 		.ascii	"K\352\261\241X:\222\311\350< ,\332\234\216\316\2728"
 396      583A92C9 
 396      E83C202C 
 396      DA9C8ECE 
 396      BA38
 397 0ffb 4C522BC7 		.ascii	"LR+\307Q"
 397      51
 398 1000 9F643075 		.ascii	"\237d0u:\224\231\216\311e\306\276@\354\202\221\366]"
 398      3A94998E 
 398      C965C6BE 
 398      40EC8291 
 398      F65D
 399 1012 0B44A11C 		.ascii	"\013D\241\034lu!\012\211\330l\321\205\034,\274J\332"
 399      6C75210A 
 399      89D86CD1 
 399      851C2CBC 
 399      4ADA
 400 1024 FF32D90D 		.ascii	"\3772\331\015\357ag\343z_\345\335\347\361\001\306\\"
 400      EF6167E3 
 400      7A5FE5DD 
 400      E7F101C6 
 400      5C
 401 1035 98785626 		.ascii	"\230xV&\354\332\221\267\244y\035\275%\036\3700\273\367"
 401      ECDA91B7 
 401      A4791DBD 
 401      251EF830 
 401      BBF7
 402 1047 EDD88B01 		.ascii	"\355\330\213\001\262\001\3666y\005\202\267\211g\220"
 402      B201F636 
ARM GAS  C:\Users\SANDEE~1\AppData\Local\Temp\ccvlfKHj.s 			page 32


 402      790582B7 
 402      896790
 403 1056 DE660BEA 		.ascii	"\336f\013\352\322K\325\007\014\3708\005s)\0319\211:"
 403      D24BD507 
 403      0CF83805 
 403      73291939 
 403      893A
 404 1068 DB1B196B 		.ascii	"\333\033\031k\214U\355C\337\350\243\036\262~\353\007"
 404      8C55ED43 
 404      DFE8A31E 
 404      B27EEB07 
 405 1078 BBDF16F6 		.ascii	"\273\337\026\366N\037\300\242\256\017\333^L<\310z;\216"
 405      4E1FC0A2 
 405      AE0FDB5E 
 405      4C3CC87A 
 405      3B8E
 406 108a 44E611D6 		.ascii	"D\346\021\326\243\207\242\341o\013\257%J6\336\356\326"
 406      A387A2E1 
 406      6F0BAF25 
 406      4A36DEEE 
 406      D6
 407 109b E312A662 		.ascii	"\343\022\246b<f\353c\3111\247\"\277\363\364\225\306"
 407      3C66EB63 
 407      C931A722 
 407      BFF3F495 
 407      C6
 408 10ac 20347D2C 		.ascii	" 4},6\005I*a\003Wn\306\200\202\031\240$5##\313\015_"
 408      3605492A 
 408      6103576E 
 408      C6808219 
 408      A0243523 
 409 10c4 644E3FCF 		.ascii	"dN?\317\350\204\025v\035c\362'6\267\271\341\353\214"
 409      E8841576 
 409      1D63F227 
 409      36B7B9E1 
 409      EB8C
 410 10d6 39FCBCF5 		.ascii	"9\374\274\365\224\03271f\375\346\212\012\036\337e\314"
 410      941A3731 
 410      66FDE68A 
 410      0A1EDF65 
 410      CC
 411 10e7 BE1D1BE3 		.ascii	"\276\035\033\343\324\270\2351\331\251)\371z\334\311"
 411      D4B89D31 
 411      D9A929F9 
 411      7ADCC9
 412 10f6 98ED871A 		.ascii	"\230\355\207\032\307t\270\2331\321\3173\213\265\370"
 412      C774B89B 
 412      31D1CF33 
 412      8BB5F8
 413 1105 2165F8E1 		.ascii	"!e\370\341\221\244f=9^!\276X\344\244\323\350\013!\344"
 413      91A4663D 
 413      395E21BE 
 413      58E4A4D3 
 413      E80B21E4 
 414 1119 AFC0E697 		.ascii	"\257\300\346\227\020\356q\207)\363\342+\365\255\203"
 414      10EE7187 
 414      29F3E22B 
ARM GAS  C:\Users\SANDEE~1\AppData\Local\Temp\ccvlfKHj.s 			page 33


 414      F5AD83
 415 1128 1BA08A96 		.ascii	"\033\240\212\226#\352\377(\370OZ\330]\245\011)=QQ\361"
 415      23EAFF28 
 415      F84F5AD8 
 415      5DA50929 
 415      3D5151F1 
 416 113c F3EDD6B2 		.ascii	"\363\355\326\262hL\321c\212h\351\"\252XO\262\351\205"
 416      684CD163 
 416      8A68E922 
 416      AA584FB2 
 416      E985
 417 114e FCF18DBF 		.ascii	"\374\361\215\277\321\322\237\212\220\3674r\312\210\016"
 417      D1D29F8A 
 417      90F73472 
 417      CA880E
 418 115d ACB3EE51 		.ascii	"\254\263\356QT,\021\367\034\304Zy\305\202\253\274T "
 418      542C11F7 
 418      1CC45A79 
 418      C582ABBC 
 418      5420
 419 116f 60E26314 		.ascii	"`\342c\024\357\203\242yo4\341\220\322\375\305\323\351"
 419      EF83A279 
 419      6F34E190 
 419      D2FDC5D3 
 419      E9
 420 1180 A0059462 		.ascii	"\240\005\224b}f\325\202\234+{\346\\1\331B-\276t\231"
 420      7D66D582 
 420      9C2B7BE6 
 420      5C31D942 
 420      2DBE7499 
 421 1194 9B061644 		.ascii	"\233\006\026D9\265@\345\240\036\332\304\236\273y\322"
 421      39B540E5 
 421      A01EDAC4 
 421      9EBB79D2 
 422 11a4 80330D6C 		.ascii	"\2003\015lw\366R^\264\026\037`\314\356\332#\227\324"
 422      77F6525E 
 422      B4161F60 
 422      CCEEDA23 
 422      97D4
 423 11b6 F810638A 		.ascii	"\370\020c\212r\216\\\343p>cr\013\007\022\021>\315\230"
 423      728E5CE3 
 423      703E6372 
 423      0B071211 
 423      3ECD98
 424 11c9 C1B83C0B 		.ascii	"\301\270<\013.e\277c\323S\352\205\223\011?\006v\353"
 424      2E65BF63 
 424      D353EA85 
 424      93093F06 
 424      76EB
 425 11db BAB4365E 		.ascii	"\272\2646^8uC\306\334\261\206\254\"-\276@\261n)\331"
 425      387543C6 
 425      DCB186AC 
 425      222DBE40 
 425      B16E29D9 
 426 11ef 29057A24 		.ascii	")\005z$\3355\365a\357\257+>\022\337_\307\363\030m\344"
 426      DD35F561 
 426      EFAF2B3E 
ARM GAS  C:\Users\SANDEE~1\AppData\Local\Temp\ccvlfKHj.s 			page 34


 426      12DF5FC7 
 426      F3186DE4 
 427 1203 BFEB7C80 		.ascii	"\277\353|\200\364,W\222\034\355\260K*?\313\365\004\313"
 427      F42C5792 
 427      1CEDB04B 
 427      2A3FCBF5 
 427      04CB
 428 1215 D09572B4 		.ascii	"\320\225r\264\364|\325\2602z\362r?\221\367B\011<\271"
 428      F47CD5B0 
 428      327AF272 
 428      3F91F742 
 428      093CB9
 429 1228 47E024E8 		.ascii	"G\340$\350; \350[\240\327\327\003\245\002m\005\332\014"
 429      3B20E85B 
 429      A0D7D703 
 429      A5026D05 
 429      DA0C
 430 123a B41D681B 		.ascii	"\264\035h\033\320&\240d\240\024\240\015\274\364\250"
 430      D026A064 
 430      A014A00D 
 430      BCF4A8
 431 1249 448DA42B 		.ascii	"D\215\244+\342\344\316}\347\321\263\247rs\035'\\\002"
 431      E2E4CE7D 
 431      E7D1B3A7 
 431      72731D27 
 431      5C02
 432 125b 6F96085F 		.ascii	"o\226\010_#\027>\351<\303\330\317D\364:\305\250H\300"
 432      23173EE9 
 432      3CC3D8CF 
 432      44F43AC5 
 432      A848C0
 433 126e D724A2D7 		.ascii	"\327$\242\327*\333m\267$\212\234=\3233|\014$\351\210"
 433      2ADB6DB7 
 433      248A9C3D 
 433      D3337C0C 
 433      24E988
 434 1281 B2E512E9 		.ascii	"\262\345\022\351\335\266\021A\304\307*[\356\260\361"
 434      DDB61141 
 434      C4C72A5B 
 434      EEB0F1
 435 1290 56C40E57 		.ascii	"V\304\016W\000L\266GSV\373\374\204\032W\323\204\344"
 435      004CB647 
 435      5356FBFC 
 435      841A57D3 
 435      84E4
 436 12a2 7A77F5E4 		.ascii	"zw\365\344\270\310\216?\330\202\211\322 \206\377\227"
 436      B8C88E3F 
 436      D88289D2 
 436      2086FF97 
 437 12b2 780A4F2D 		.ascii	"x\012O-\354t\333.\020\264\223\267\327qb\0275'\241\246"
 437      EC74DB2E 
 437      10B493B7 
 437      D7716217 
 437      3527A1A6 
 438 12c6 39D961BF 		.ascii	"9\331a\277k\027/\235;\323y\333*\224ly\255\333~\337\015"
 438      6B172F9D 
 438      3BD379DB 
ARM GAS  C:\Users\SANDEE~1\AppData\Local\Temp\ccvlfKHj.s 			page 35


 438      2A946C79 
 438      ADDB7EDF 
 439 12db 3730D36F 		.ascii	"70\323o\326\015\026\272#\037\2030%7O\211!\376\356\005"
 439      D60D16BA 
 439      231F8330 
 439      25374F89 
 439      21FEEE05 
 440 12ef FC6E510D 		.ascii	"\374nQ\0154w\234\231\245\322\321\036p\312AAMbY\264\007"
 440      34779C99 
 440      A5D2D11E 
 440      70CA4141 
 440      4D6259B4 
 441 1304 BEC706F6 		.ascii	"\276\307\006\366Ptk\273\036\3670\346\354\226\346\027"
 441      50746BBB 
 441      1EF730E6 
 441      EC96E617 
 442 1314 3C1E61CC 		.ascii	"<\036a\314\301\204\003q\034\036c\314\335\364\307\303"
 442      C1840371 
 442      1C1E63CC 
 442      DDF4C7C3 
 443 1324 3C8E7563 		.ascii	"<\216uc\357\225\205\223\351\213\330\311\364S;\2375\271"
 443      EF958593 
 443      E98BD8C9 
 443      F4533B9F 
 443      35B9
 444 1336 E20476AF 		.ascii	"\342\004v\257\240\366\3303W\036\246\201\203`\337\001"
 444      A0F6D833 
 444      571EA681 
 444      8360DF01 
 445 1346 325AE062 		.ascii	"2Z\340bwK\374\036-\336\306\0201/o\334u!\210l@\374\330"
 445      774BFC1E 
 445      2DDEC610 
 445      312F6FDC 
 445      7521886C 
 446 135d 0B65F1BC 		.ascii	"\013e\361\274t\026_\304f\361\36451\007=p&kr`_\354n-"
 446      74165FC4 
 446      66F1F435 
 446      31073D70 
 446      266B7260 
 447 1375 69920B4D 		.ascii	"i\222\013Mr r\207X\233\226\221\273\307\334q.\003u\355"
 447      72207287 
 447      589B9691 
 447      BBC7DC71 
 447      2E0375ED 
 448 1389 7F754E4F 		.ascii	"\177uNO@G\000\364\217^\3500\303\234\310\177\265W\215"
 448      404700F4 
 448      8F5EE830 
 448      C39CC87F 
 448      B5578D
 449 139c 4F32CC86 		.ascii	"O2\314\206\314\306\021L0\371\200\371\007/\224G1\334"
 449      CCC6114C 
 449      30F980F9 
 449      072F9447 
 449      31DC
 450 13ae B3C29863 		.ascii	"\263\302\230c\256H\353\263\226\276\204\214\216\022_"
 450      AE48EBB3 
 450      96BE848C 
ARM GAS  C:\Users\SANDEE~1\AppData\Local\Temp\ccvlfKHj.s 			page 36


 450      8E125F
 451 13bd 42C2D32A 		.ascii	"B\302\323*\257\245\271q\034\272\361(\317\333\337\233"
 451      AFA5B971 
 451      1CBAF128 
 451      CFDBDF9B 
 452 13cd B2885C3C 		.ascii	"\262\210\\<\355\262\341\034}\253\0078Y\016>\277\262"
 452      EDB2E11C 
 452      7DAB0738 
 452      590E3EBF 
 452      B2
 453 13de F9A801B7 		.ascii	"\371\250\001\267R\315\\\303\366\313\375:\344\243\025"
 453      52CD5CC3 
 453      F6CBFD3A 
 453      E4A315
 454 13ed 963A3B68 		.ascii	"\226:;h\272\234\002\331'\3048\022\021*\325d#\320I\320"
 454      BA9C02D9 
 454      27C43812 
 454      112AD564 
 454      23D049D0 
 455 1401 EDCC0E50 		.ascii	"\355\314\016P\224Q\032sQ\207\373\230\213'\316\016~+"
 455      94511A73 
 455      5187FB98 
 455      8B27CE0E 
 455      7E2B
 456 1413 BCB0B692 		.ascii	"\274\260\266\222\005\317\332\241\352\015:\374\204\336"
 456      05CFDAA1 
 456      EA0D3AFC 
 456      84DE
 457 1421 FC9B6D83 		.ascii	"\374\233m\203\351o!\236\355\027\322?\341\247\3010\335"
 457      E96F219E 
 457      ED17D23F 
 457      E1A7C130 
 457      DD
 458 1432 C7C787EC 		.ascii	"\307\307\207\354\035\222\023\336E\220-_\361\322\204"
 458      1D9213DE 
 458      45902D5F 
 458      F1D284
 459 1441 2A7648D7 		.ascii	"*vH\327\"~\322R\3574\004\205\354\331\240\0060\257D\030"
 459      227ED252 
 459      EF340485 
 459      ECD9A006 
 459      30AF4418 
 460 1455 4E37E1F7 		.ascii	"N7\341\367\015\030*\027\200\316\003\235\003\252\000"
 460      0D182A17 
 460      80CE039D 
 460      03AA00
 461 1464 2A072A03 		.ascii	"*\007*\003*\005:\313K\327\004\317J]\352\362\352\205"
 461      2A053ACB 
 461      4BD704CF 
 461      4A5DEAF2 
 461      EA85
 462 1476 4777A801 		.ascii	"Gw\250\001\205\3209%\223\353\376\344\332l\327_ \264"
 462      85D03925 
 462      93EBFEE4 
 462      DA6CD75F 
 462      20B4
 463 1488 F8CBF45F 		.ascii	"\370\313\364_\023\316v\021\335g\221\242n\311r\177\344"
ARM GAS  C:\Users\SANDEE~1\AppData\Local\Temp\ccvlfKHj.s 			page 37


 463      13CE7611 
 463      DD6791A2 
 463      6EC9727F 
 463      E4
 464 1499 85172B57 		.ascii	"\205\027+W\303\310\200.\312\341\2237\353m\347\343\010"
 464      C3C8802E 
 464      CAE19337 
 464      EB6DE7E3 
 464      08
 465 14aa FC89325C 		.ascii	"\374\2112\\\372\334\377'\206N&\357,\344h\331S\026\251"
 465      FADCFF27 
 465      864E26EF 
 465      2CE468D9 
 465      5316A9
 466 14bd 85A36F6C 		.ascii	"\205\243ol\262\322\343\246\260\214\331\3101\274}\005"
 466      B2D2E3A6 
 466      B08CD9C8 
 466      31BC7D05 
 467 14cd AEF06413 		.ascii	"\256\360d\023\311\304\223\347\334n,\023?\351\311\246"
 467      C9C493E7 
 467      DC6E2C13 
 467      3FE9C9A6 
 468 14dd E1B9E06A 		.ascii	"\341\271\340j%\344\306}9\\2wK\222\346\242C\322T:$\215"
 468      25E4C67D 
 468      395C3277 
 468      4B92E6A2 
 468      43D2543A 
 469 14f3 E351CE6B 		.ascii	"\343Q\316k\020\250j^8\312y\031\242r\011\250\006\250"
 469      10A86A5E 
 469      38CA7919 
 469      A27209A8 
 469      06A8
 470 1505 CA213ADD 		.ascii	"\312!:\335\375o\304\304X\263f\321\005\340>\0104ic_\000"
 470      FD6FC4C4 
 470      58B366D1 
 470      05E03E08 
 470      3469635F 
 471 151a 4A4FE02A 		.ascii	"JO\340*\237\365\025T\240\253\240\316\271\226\212Pq\225"
 471      9FF51554 
 471      A0ABA0CE 
 471      B9968A50 
 471      7195
 472 152c D98B1595 		.ascii	"\331\213\025\225H\337\221\204\260n$%yH@;\177\342\033"
 472      48DF9184 
 472      B06E2425 
 472      7948403B 
 472      7FE21B
 473 153f 0B16A64F 		.ascii	"\013\026\246O@g\360J\350I;\032\374t\311\014\010\206"
 473      4067F04A 
 473      E8493B1A 
 473      FC74C90C 
 473      0886
 474 1551 D7D94BB9 		.ascii	"\327\331K\271\023\224J\002\331J\317k\304X\247p\344x"
 474      13944A02 
 474      D94ACF6B 
 474      C458A770 
 474      E478
ARM GAS  C:\Users\SANDEE~1\AppData\Local\Temp\ccvlfKHj.s 			page 38


 475 1563 82CD0B15 		.ascii	"\202\315\013\025\301\303\347\031\236\267O`#\017\246"
 475      C1C3E719 
 475      9EB74F60 
 475      230FA6
 476 1572 4493A985 		.ascii	"D\223\251\205X\226)\226\244:\0325\006iy\310f\333j^\341"
 476      58962996 
 476      A43A1A35 
 476      066979C8 
 476      66DB6A5E 
 477 1587 09B4BF9F 		.ascii	"\011\264\277\237V\264\353\340\320~\261y5\235\000\025"
 477      56B4EBE0 
 477      D07EB179 
 477      359D0015 
 478 1597 B79E2431 		.ascii	"\267\236$1\377\236\200\214<~\203\355c\220r\371\2550"
 478      FF9E808C 
 478      3C7E83ED 
 478      639072F9 
 478      AD30
 479 15a9 BE85CA38 		.ascii	"\276\205\3128\351)\3711{J.Q\262q\244o\032\235>I5+\020"
 479      E929F931 
 479      7B4A2E51 
 479      B271A46F 
 479      1A9D3E49 
 480 15c0 8D2CB1CD 		.ascii	"\215,\261\315\322U\035w\232u\274\255\002\026\261\377"
 480      D2551D77 
 480      9A75BCAD 
 480      0216B1FF 
 481 15d0 E352BE63 		.ascii	"\343R\276c\307\005\367\351\316:\262\211vd#\355H\262"
 481      C705F7E9 
 481      CE3AB289 
 481      766423ED 
 481      48B2
 482 15e2 2EAED914 		.ascii	".\256\331\024\255\373\341^kY\233\265l\242\326%\353\\"
 482      ADFBE15E 
 482      6B599BB5 
 482      6CA2D625 
 482      EB5C
 483 15f4 97354AAF 		.ascii	"\2275J\257!(tT<\334\014?\311\2639jE(\017\265 \025\272"
 483      21287454 
 483      3CDC0C3F 
 483      C9B3396A 
 483      45280FB5 
 484 160b C5FF909C 		.ascii	"\305\377\220\234\255\250\276`\365\300\305\356l\361\255"
 484      ADA8BE60 
 484      F5C0C5EE 
 484      6CF1AD
 485 161a F07F7006 		.ascii	"\360\177p\006o\357K\321\332\355\273\315\346\267\250"
 485      6FEF4BD1 
 485      DAEDBBCD 
 485      E6B7A8
 486 1629 0DE3BBD5 		.ascii	"\015\343\273\325R\373\010^4\360.5\360\216\315\300\273"
 486      52FB085E 
 486      34F02E35 
 486      F08ECDC0 
 486      BB
 487 163a E5AF6E7A 		.ascii	"\345\257nz\200\201{\301\300\221\355\236\033a8Y\311\276"
 487      80817BC1 
ARM GAS  C:\Users\SANDEE~1\AppData\Local\Temp\ccvlfKHj.s 			page 39


 487      C091ED9E 
 487      1B613859 
 487      C9BE
 488 164c 01C050B3 		.ascii	"\001\300P\263\330%\360\323\321\302\026j\341\361\312"
 488      D825F0D3 
 488      D1C2166A 
 488      E1F1CA
 489 165b 0DFBDC71 		.ascii	"\015\373\334q\275s\013\035\377\227P\033\263\320\261"
 489      BD730B1D 
 489      FF97501B 
 489      B3D0B1
 490 166a 5BEFF1AF 		.ascii	"[\357\361\257\321\255\035\324\352v\233\325C7n\226\033"
 490      D1AD1DD4 
 490      EA769BD5 
 490      43376E96 
 490      1B
 491 167b 04AB2B77 		.ascii	"\004\253+w\032`\014A\256Fq\004\206ZE\253[\345VwR\253"
 491      1A600C41 
 491      AE467104 
 491      865A45AB 
 491      5BE55677 
 492 1691 37DCDB50 		.ascii	"7\334\333P\356\216;\230\325\353zw\267!\020\325\306&"
 492      EE8E3B98 
 492      D5EB7A77 
 492      B72110D5 
 492      C626
 493 16a3 EF9DEB2A 		.ascii	"\357\235\353*\223\254\031\210\216\010\324%\212\352\342"
 493      93AC1988 
 493      8E08D425 
 493      8AEAE2
 494 16b2 D9D926D4 		.ascii	"\331\331&\324ME\364\366u?\362\300\217\230\210#\271/"
 494      4D45F4F6 
 494      753FF2C0 
 494      8F988823 
 494      B92F
 495 16c4 F2F5D49F 		.ascii	"\362\365\324\237\005\006\301\357\316\201\355\017\334"
 495      0506C1EF 
 495      CE81ED0F 
 495      DC
 496 16d1 E825F21F 		.ascii	"\350%\362\037\360z\230\213\327\216o9\212\355~\367\262"
 496      F07A988B 
 496      D78E6F39 
 496      8AED7EF7 
 496      B2
 497 16e2 8B97F25E 		.ascii	"\213\227\362^>\326;\365\373\001\365\273\317\346w|\177"
 497      3ED63BF5 
 497      FB01F5BB 
 497      CFE6777C 
 497      7F
 498 16f3 B5B7602B 		.ascii	"\265\267`+9\247Q\301\021\000\272/\232y\337f\346Cjf\343"
 498      39A751C1 
 498      1100BA2F 
 498      9A79DF66 
 498      E6436A66 
 499 1708 99E15E35 		.ascii	"\231\341^5~\312\314\334|\376\310\220\273\320\232\274"
 499      7ECACCDC 
 499      7CFEC890 
ARM GAS  C:\Users\SANDEE~1\AppData\Local\Temp\ccvlfKHj.s 			page 40


 499      BBD09ABC 
 500 1718 8987D6C4 		.ascii	"\211\207\326\304\311Gb\353G\266\326\375\264u\321\215"
 500      C94762EB 
 500      47B6D6FD 
 500      B475D18D 
 501 1728 FA322D8E 		.ascii	"\3722-\216\362\2209\371\245\315\311{\007\273V\331\334"
 501      F29039F9 
 501      A5CDC97B 
 501      07BB56D9 
 501      DC
 502 1739 1E60DE1C 		.ascii	"\036`\336\034\276\232R\357n\367{\220]\214\177\230\274"
 502      BE9A52EF 
 502      6EF77B90 
 502      5D8C7F98 
 502      BC
 503 174a CBD5EEF7 		.ascii	"\313\325\356\367\020\273xy\364\360z\017\247~?\241~\017"
 503      10BB7879 
 503      F4F07A0F 
 503      A77E3FA1 
 503      7E0F
 504 175c DBFCEE28 		.ascii	"\333\374\356(?\224h\260\231\316\034\007\004z,\232\376"
 504      3F9468B0 
 504      99CE1C07 
 504      047A2C9A 
 504      FE
 505 176d D866FA53 		.ascii	"\330f\372Sjz\302\251\353-\274^<\254H\236S\305z8\302"
 505      6A7AC2A9 
 505      EB2DBC5E 
 505      3CAC489E 
 505      53C57A38 
 506 1782 93436433 		.ascii	"\223Cd3i\305 !\270d}\345\356\231\"\024\2457\221l\304"
 506      69C52021 
 506      B8647DE5 
 506      EE992214 
 506      A537916C 
 507 1797 3CE33D6D 		.ascii	"<\343=mm(C\016X\305\037:\215\245\313\367\007\016\365"
 507      6D28430E 
 507      58C51F3A 
 507      8DA5CBF7 
 507      070EF5
 508 17aa F6399BDA 		.ascii	"\3669\233\332\3107Y^?\250\330f\220\202A\206\004<*\200"
 508      C837595E 
 508      3FA8D866 
 508      90824186 
 508      043C2A80 
 509 17be 4729382F 		.ascii	"G)8/y\317I=^\317\372|p<\275@x}"
 509      79CF493D 
 509      5ECFFA7C 
 509      703CBD40 
 509      787D
 510 17d0 3C0DD897 		.ascii	"<\015\330\227\255)).\302\333cr$:\243vx\253\036\357b"
 510      AD29292E 
 510      C2DB6372 
 510      243AA376 
 510      78AB1EEF 
 511 17e5 D827856B 		.ascii	"\330'\205k\307\204\377s6\225\034l\212\037\265\272;\355"
 511      C784FF73 
ARM GAS  C:\Users\SANDEE~1\AppData\Local\Temp\ccvlfKHj.s 			page 41


 511      36951C6C 
 511      8A1FB5BA 
 511      3BED
 512 17f7 80095B07 		.ascii	"\200\011[\007\274\342i\017\334.K\314\325J{\200\034\347"
 512      BCE2690F 
 512      DC2E4BCC 
 512      D54A7B80 
 512      1CE7
 513 1809 1B8725D4 		.ascii	"\033\207%\324\013\372xkU{\332\032\321\320\035\353\354"
 513      0BFA786B 
 513      557BDA1A 
 513      D1D01DEB 
 513      EC
 514 181a 3348D18D 		.ascii	"3H\321\215\337\205>\323|~\233\376G\373\254W\312h\011"
 514      DF853ED3 
 514      7C7E9BFE 
 514      47FBAC57 
 514      CA6809
 515 182d 3CDDB1C6 		.ascii	"<\335\261\306\032\265\026\212n\224\332\023\275\204\000"
 515      1AB5168A 
 515      6E94DA13 
 515      BD8400
 516 183c C2989434 		.ascii	"\302\230\2244\036\203+K`=\036\255\376\021\331\255\213"
 516      1E832B4B 
 516      603D1EAD 
 516      FE11D9AD 
 516      8B
 517 184d DDD4AD7B 		.ascii	"\335\324\255{+\203\025\3534\2755K\013iB\313#\013v\214"
 517      2B8315EB 
 517      34BD354B 
 517      0B6942CB 
 517      230B768C 
 518 1861 FA2D40B5 		.ascii	"\372-@\265o\314\235-\355\337'\016\301\210U\263\376\205"
 518      6FCC9D2D 
 518      EDDF270E 
 518      C18855B3 
 518      FE85
 519 1873 6FC0D65E 		.ascii	"o\300\326^\270\276\335\005\357\247}\306\367\224\016"
 519      B8BEDD05 
 519      EFA77DC6 
 519      F7940E
 520 1882 718023FF 		.ascii	"q\200#\377t>\344\004b\274Z\307\216.N\241?\343\330\312"
 520      743EE404 
 520      62BC5AC7 
 520      8E2E4EA1 
 520      3FE3D8CA 
 521 1896 3B650AB2 		.ascii	";e\012\262\257\274\327\251}\350-\025Z\253\366Bqja\335"
 521      AFBCD7A9 
 521      7DE82D15 
 521      5AABF642 
 521      716A61DD 
 522 18aa 6FA58720 		.ascii	"o\245\207 \341\006Z\243\266\037\202$<\250\234\350\211"
 522      E1065AA3 
 522      B61F8224 
 522      3CA89CE8 
 522      89
 523 18bb 8B514BED 		.ascii	"\213QK\355kr\260/A\260/\201\3327v\354\331 'xl-\343\020"
ARM GAS  C:\Users\SANDEE~1\AppData\Local\Temp\ccvlfKHj.s 			page 42


 523      6B72B02F 
 523      41B02F81 
 523      DA3776EC 
 523      D9202778 
 524 18d3 F5B7D3E6 		.ascii	"\365\267\323\346o\"\365\267>\356I\261\320+V\350\022"
 524      6F22F5B7 
 524      3EEE49B1 
 524      D02B56E8 
 524      12
 525 18e4 95232649 		.ascii	"\225#&I\375\226J\373\351\027_\2769\307\327W\245\211"
 525      FD964AFB 
 525      E9175FBE 
 525      39C7D757 
 525      A589
 526 18f6 08FA93C9 		.ascii	"\010\372\223\311hY\020\370OKW\204\256\262\204\205\005"
 526      685910F8 
 526      4F4B5784 
 526      AEB28485 
 526      05
 527 1907 47049843 		.ascii	"G\004\230C\226\276\377\246\337,\337\017\336\375\243"
 527      96BEFFA6 
 527      DF2CDF0F 
 527      DEFDA3
 528 1916 DFBBABC2 		.ascii	"\337\273\253\302\227\005XLK\203\203\276Z\272\"0p)\334"
 528      9705584C 
 528      4B8383BE 
 528      5ABA2230 
 528      7029DC
 529 1929 7C37342C 		.ascii	"|74,\324\364\256)\340\253\240\245\357\317\230=\303w"
 529      D4F4AE29 
 529      E0ABA0A5 
 529      EFCF983D 
 529      C377
 530 193b 69506860 		.ascii	"iPh`\360\252e\246\245\021\226e\313L\313g\254T\275\021"
 530      F0AA65A6 
 530      A5119665 
 530      CB4CCB67 
 530      AC54BD11 
 531 194f 3C7BC532 		.ascii	"<{\3052\277Y\2771\007YL\376\246\025A\021\026\223yFx"
 531      BF59BF31 
 531      07594CFE 
 531      A6154111 
 531      16937946 
 532 1964 80D93263 		.ascii	"\200\3312c\226\316h\\\025\024j\371\320hY\370}*\035U"
 532      96CE685C 
 532      15146AF9 
 532      D06859F8 
 532      7D2A1D55 
 533 1978 D9948404 		.ascii	"\331\224\204\004\004\256\014\0125-5\202\252\200U\301"
 533      04AE0C0A 
 533      352D3582 
 533      AA8055C1 
 534 1988 16A3E59B 		.ascii	"\026\243\345\233pS\004(u\021\344\316\375\313\344F|\023"
 534      70530428 
 534      7511E4CE 
 534      FDCBE446 
 534      7C13
ARM GAS  C:\Users\SANDEE~1\AppData\Local\Temp\ccvlfKHj.s 			page 43


 535 199a B1D4081E 		.ascii	"\261\324\010\036\200\020\020\2463G.\013\011\010\011"
 535      801010A6 
 535      33472E0B 
 535      090809
 536 19a9 5B66D233 		.ascii	"[f\3223\203g\373\031-Z\333\0175\334\263D\352\"L\301"
 536      8367FB19 
 536      2D5ADB0F 
 536      35DCB344 
 536      EA224CC1 
 537 19bd CB834297 		.ascii	"\313\203B\227\231\"5A\021+\203\226[\370\240\345\201"
 537      99223541 
 537      112B8396 
 537      5BF8A0E5 
 537      81
 538 19ce 664D84C5 		.ascii	"fM\204\305l\012\010\341\027\370~\354\317/\230\365\261"
 538      6C0A08E1 
 538      17F87EEC 
 538      CF2F98F5 
 538      B1
 539 19df 3F5E043F 		.ascii	"?^\004?\276\230\273\304\237\233\343\217?\231\343\357"
 539      BE98BBC4 
 539      9F9BE38F 
 539      3F99E3EF 
 540 19ef 3B63C64C 		.ascii	";c\306L\366/,b\246)\3222s\316\202\305\363\027\317\\"
 540      F62F2C62 
 540      A629D232 
 540      73CE82C5 
 540      F317CF5C 
 541 1a03 BC04FE2D 		.ascii	"\274\004\376-\230\355\367\311{\221\2213#,!\263\375\226"
 541      98EDF7C9 
 541      7B919133 
 541      232C21B3 
 541      FD96
 542 1a15 BF37CB37 		.ascii	"\2777\31372\020\214\361\234\273\340c\343b*\326\270\004"
 542      32108CF1 
 542      9CBBE063 
 542      E3622AD6 
 542      B804
 543 1a27 BC9D6B5A 		.ascii	"\274\235kZ\256\371\332\024h\0113\373Ie\255\014\010\236"
 543      AEF9DA14 
 543      680933FB 
 543      4965AD0C 
 543      089E
 544 1a39 191E66B6 		.ascii	"\031\036f\266D0A3?\377|\356Lh\371\265\037\023g\004\243"
 544      44304133 
 544      3FFF7CEE 
 544      4C68F9B5 
 544      1F136704 
 545 1a4e 89303B63 		.ascii	"\2110;cd\2262w\314\2218\"<\310e\276\337\3429\237|\352"
 545      64963277 
 545      CC913822 
 545      3CC865BE 
 545      DFE2399F 
 546 1a64 AF59F2DB 		.ascii	"\257Y\362\3339\376s\3745\376\364K\015\037\213\374\271"
 546      39FE73FC 
 546      35FEF44B 
 546      0D1F8BFC 
ARM GAS  C:\Users\SANDEE~1\AppData\Local\Temp\ccvlfKHj.s 			page 44


 546      B9
 547 1a75 B9FEDC62 		.ascii	"\271\376\334b\177<\307\337\017\310W\015\310E\376\256"
 547      7F3CC7DF 
 547      0FC8570D 
 547      C845FEAE 
 548 1a85 8B17CDB7 		.ascii	"\213\027\315\267\231\244\016Ye1E\272\204\030\303V\207"
 548      99A40E59 
 548      653145BA 
 548      8418C356 
 548      87
 549 1a96 9ACCFA70 		.ascii	"\232\314\372p#\010\017\0167\007\205\271X\310\247\321"
 549      23080F0E 
 549      370785B9 
 549      58C8A7D1 
 550 1aa6 F29ED458 		.ascii	"\362\236\324X\263E\260\365c\377\005s\026D\316\014\014"
 550      B345B0F5 
 550      63FF0573 
 550      1644CE0C 
 550      0C
 551 1ab7 0B090F0A 		.ascii	"\013\011\017\0126\231#f~:g\316\314\300\225\266\250\352"
 551      36992366 
 551      7E3A67CE 
 551      CCC095B6 
 551      A8EA
 552 1ac9 C28D2196 		.ascii	"\302\215!\226\310`H!\220h\0127\205B\200V\270\232\276"
 552      C8604821 
 552      90680A37 
 552      85428056 
 552      B89ABE
 553 1adc 36855A42 		.ascii	"6\205ZB\002\"\376\000\306\003 b\005\244\225\020\033"
 553      0222FE00 
 553      C6032062 
 553      05A49510 
 553      1B
 554 1aed 175B8CE0 		.ascii	"\027[\214\340\252\2214\202\357?\2562\2552i\302\215\241"
 554      AA913482 
 554      EF3FAE32 
 554      AD3269C2 
 554      8DA1
 555 1aff D0DD5302 		.ascii	"\320\335S\002W\032-+\301\266e\021F\333\365p\263\351"
 555      571A2D2B 
 555      C1B66511 
 555      46DBF570 
 555      B3E9
 556 1b11 6B0F878B 		.ascii	"k\017\207\213F\013(^\035\020d\001m\036\222\026\304\020"
 556      460B285E 
 556      1D106401 
 556      6D1E9216 
 556      C410
 557 1b23 772963B4 		.ascii	"w)c\264\340p\343*\215i5\261F\263\332\002\306\206\303"
 557      E070E32A 
 557      8D6935B1 
 557      46B3DA02 
 557      C686C3
 558 1b36 57842924 		.ascii	"W\204)$\\\035a\014\014\265\250\201\300*A\256\001d\301"
 558      5C1D610C 
 558      0CB5A881 
ARM GAS  C:\Users\SANDEE~1\AppData\Local\Temp\ccvlfKHj.s 			page 45


 558      C02A41AE 
 558      0164C1
 559 1b49 BD80F095 		.ascii	"\275\200\360\225af\223z\265\305b\016\367d\342\240\273"
 559      6166937A 
 559      B5C5620E 
 559      F764E2A0 
 559      BB
 560 1b5a 969BCCA6 		.ascii	"\226\233\314\246\320@\320\015\002\302\276\372\317p\255"
 560      D040D00D 
 560      02C2BEFA 
 560      CF70AD
 561 1b69 2932C812 		.ascii	")2\310\022\0109\2501/\373\006\334\320\220>]\036\341"
 561      0839A831 
 561      2FFB06DC 
 561      D0903E5D 
 561      1EE1
 562 1b7b 62219F20 		.ascii	"b!\237 3\334\270<8`\005\360$O)\037a\201\004\327Z\350"
 562      33DCB83C 
 562      386005F0 
 562      244F291F 
 562      618104D7 
 563 1b91 1788018F 		.ascii	"\027\210\001\217\003BL|\340\312\0003\334\014\013^f\""
 563      03424C7C 
 563      E0CA0033 
 563      DC0C0B5E 
 563      6622
 564 1ba3 DFA1A6D5 		.ascii	"\337\241\246\325&3t[\240%\022\233}gs\301f\255\331\264"
 564      2633745B 
 564      A025129B 
 564      7D6773C1 
 564      66ADD9B4 
 565 1bb7 024685D1 		.ascii	"\002F\205\321\362\243\357\014\321\312@0\032b\002\255"
 565      F2A3EF0C 
 565      D1CA4030 
 565      1A6202AD 
 566 1bc7 7C816671 		.ascii	"|\201fq\346\237r\346\0179\363\007\234\371}\316\374\023"
 566      E69F72E6 
 566      0F39F307 
 566      9CF97DCE 
 566      FC13
 567 1bd9 CEFC1E8E 		.ascii	"\316\374\036\216\230\355\0134\013G\370\375\024\350C"
 567      98ED0B34 
 567      0B47F8FD 
 567      14E843
 568 1be8 A00F80DE 		.ascii	"\240\017\200\336\007\372\011\020\334\367\233\015\344"
 568      07FA0910 
 568      DCF79B0D 
 568      E4
 569 1bf5 0704383F 		.ascii	"\007\0048?\300\371\002\316\027p\276\200\363}\337\225"
 569      C0F902CE 
 569      1770BE80 
 569      F37DDF95 
 570 1c05 28249104 		.ascii	"($\221\004\333\376\376\373m1~\375A\010\031\371\201a"
 570      DBFEFEFB 
 570      6D317EFD 
 570      410819F9 
 570      8161
ARM GAS  C:\Users\SANDEE~1\AppData\Local\Temp\ccvlfKHj.s 			page 46


 571 1c17 A1907A16 		.ascii	"\241\220z\026\032\311\2400\235=^\340lH8\324\001\255"
 571      1AC9A030 
 571      9D3D5EE0 
 571      6C4838D4 
 571      01AD
 572 1c29 D0C516C8 		.ascii	"\320\305\026\310N\032\006-@h\272jBhR\270P\306h\371;"
 572      4E1A062D 
 572      4068BA6A 
 572      426852B8 
 572      50C668F9 
 573 1c3e 994EA138 		.ascii	"\231N\2418\200:\210+hz\323\351\375\210\300\225\313\000"
 573      803A882B 
 573      687AD3E9 
 573      FD88C095 
 573      CB00
 574 1c50 E0ED1CF0 		.ascii	"\340\355\034\360M\204-\247\235k\201\324\200\373\032"
 574      4D842DA7 
 574      9D6B81D4 
 574      80FB1A
 575 1c5f 66AE06DC 		.ascii	"f\256\006\334Z\036\264B\035\021\021\036\260L(C\276\357"
 575      5A1EB442 
 575      1D11111E 
 575      B04C2843 
 575      BEEF
 576 1c71 0B6588FC 		.ascii	"\013e\210\374\320\300\035\350\024\376\343O\374?#\037"
 576      D0C01DE8 
 576      14FEE34F 
 576      FC3F231F 
 577 1c81 9FF39FCF 		.ascii	"\237\363\237\317\371\225?\377\313\305\376\376\3507\350"
 577      F9953FFF 
 577      CBC5FEFE 
 577      E837E8
 578 1c90 337560B0 		.ascii	"3u`\260)\300\214#L\026\337\357+\023\237.\232\277\020"
 578      29C08C23 
 578      4C16DFEF 
 578      2B139F2E 
 578      9ABF10
 579 1ca3 EA447840 		.ascii	"\352Dx@\26018\230\370\201\027\316\365\307\363\347\372"
 579      B0313898 
 579      F88117CE 
 579      F5C7F3E7 
 579      FA
 580 1cb4 AB177DB9 		.ascii	"\253\027}\271h\256\277\313\302\305\213\346\315\233\353"
 580      68AEBFCB 
 580      C2C58BE6 
 580      CD9BEB
 581 1cc3 AF59B8E4 		.ascii	"\257Y\270\344w\213\346\371\253\027,\234;\317\037\377"
 581      778BE6F9 
 581      AB172C9C 
 581      3BCF1FFF 
 582 1cd3 D2DFDFC0 		.ascii	"\322\337\337\300\212\311\212p2\276\365AaDn\020\364\263"
 582      8AC98A70 
 582      32BEF541 
 582      61446E10 
 582      F4B3
 583 1ce5 06C6A931 		.ascii	"\006\306\2511\360+7()\201\001\301\301_\005\004\302H"
 583      F02B3728 
ARM GAS  C:\Users\SANDEE~1\AppData\Local\Temp\ccvlfKHj.s 			page 47


 583      298101C1 
 583      C15F0504 
 583      C248
 584 1cf7 C581665F 		.ascii	"\305\201f_\035\024\2149\202[$I\015\244\200\314Y\270"
 584      1D148C39 
 584      825B2449 
 584      0DA480CC 
 584      59B8
 585 1d09 60D1E7F3 		.ascii	"`\321\347\363\226\314\323\023\346\3439K\346\377z\036"
 585      96CCD313 
 585      E6E3394B 
 585      E6FF7A1E 
 586 1d19 C119FDE7 		.ascii	"\301\031\375\347}<\367wZ\362k\361\222\205\213\350\335"
 586      7D3CF777 
 586      5AF26BF1 
 586      92858BE8 
 586      DD
 587 1d2a 2FBF98FF 		.ascii	"/\277\230\377\305\374%\177+\367\307\326\203\240\017"
 587      C5FC257F 
 587      2BF7C7D6 
 587      83A00F
 588 1d39 8CD7C397 		.ascii	"\214\327\303\2270\004\210\234\271\346\240\257Mf\235"
 588      3004889C 
 588      B9E6A0AF 
 588      4D669D
 589 1d48 C556D167 		.ascii	"\305V\321g}_o@\233\257}\211,\2413\230\227\237~c\016"
 589      7D5F6F40 
 589      9BAF7D89 
 589      2CA13398 
 589      979F7E63 
 590 1d5d 9B11A8F2 		.ascii	"\233\021\250\362ds\233?\004\3106\265MU\230\356t\320"
 590      64739B3F 
 590      04C836B5 
 590      4D5598EE 
 590      74D0
 591 1d6f 7CB12918 		.ascii	"|\261)\030\252\264\013\375\025\272\314\025\276\277\014"
 591      AAB40BFD 
 591      15BACC15 
 591      BEBF0C
 592 1d7e 8DA0D7C8 		.ascii	"\215\240\327\310\357y\2210.CW\230\334\214\306\345\253"
 592      EF799130 
 592      2E435798 
 592      DC8CC6E5 
 592      AB
 593 1d8f 42038DC6 		.ascii	"B\003\215\306\031\037~\3407[k\343\324\306_B\346\376"
 593      191F7EE0 
 593      375B6BE3 
 593      D4C65F42 
 593      E6FE
 594 1da1 0F325B44 		.ascii	"\0172[D>"
 594      3E
 595              		.text
 596              		.section	.gnu.lto_.symtab.bfe27036,"",%progbits
 597 0000 6C336764 		.ascii	"l3gd20ReadRegister\000"
 597      32305265 
 597      61645265 
 597      67697374 
ARM GAS  C:\Users\SANDEE~1\AppData\Local\Temp\ccvlfKHj.s 			page 48


 597      657200
 598 0013 00       		.ascii	"\000"
 599 0014 00       		.ascii	"\000"
 600 0015 00       		.ascii	"\000"
 601 0016 00000000 		.ascii	"\000\000\000\000\000\000\000\000"
 601      00000000 
 602 001e 5E020000 		.ascii	"^\002\000\000"
 603 0022 6C336764 		.ascii	"l3gd20WriteRegister\000"
 603      32305772 
 603      69746552 
 603      65676973 
 603      74657200 
 604 0036 00       		.ascii	"\000"
 605 0037 00       		.ascii	"\000"
 606 0038 00       		.ascii	"\000"
 607 0039 00000000 		.ascii	"\000\000\000\000\000\000\000\000"
 607      00000000 
 608 0041 64020000 		.ascii	"d\002\000\000"
 609 0045 73706953 		.ascii	"spiSelect\000"
 609      656C6563 
 609      7400
 610 004f 00       		.ascii	"\000"
 611 0050 02       		.ascii	"\002"
 612 0051 00       		.ascii	"\000"
 613 0052 00000000 		.ascii	"\000\000\000\000\000\000\000\000"
 613      00000000 
 614 005a 66020000 		.ascii	"f\002\000\000"
 615 005e 73706953 		.ascii	"spiSend\000"
 615      656E6400 
 616 0066 00       		.ascii	"\000"
 617 0067 02       		.ascii	"\002"
 618 0068 00       		.ascii	"\000"
 619 0069 00000000 		.ascii	"\000\000\000\000\000\000\000\000"
 619      00000000 
 620 0071 6C020000 		.ascii	"l\002\000\000"
 621 0075 73706955 		.ascii	"spiUnselect\000"
 621      6E73656C 
 621      65637400 
 622 0081 00       		.ascii	"\000"
 623 0082 02       		.ascii	"\002"
 624 0083 00       		.ascii	"\000"
 625 0084 00000000 		.ascii	"\000\000\000\000\000\000\000\000"
 625      00000000 
 626 008c 6E020000 		.ascii	"n\002\000\000"
 627 0090 73706945 		.ascii	"spiExchange\000"
 627      78636861 
 627      6E676500 
 628 009c 00       		.ascii	"\000"
 629 009d 02       		.ascii	"\002"
 630 009e 00       		.ascii	"\000"
 631 009f 00000000 		.ascii	"\000\000\000\000\000\000\000\000"
 631      00000000 
 632 00a7 75020000 		.ascii	"u\002\000\000"
 633              		.text
 634              		.section	.gnu.lto_.opts,"",%progbits
 635 0000 272D666D 		.ascii	"'-fmath-errno' '-fsigned-zeros' '-ftrapping-math' '"
 635      6174682D 
ARM GAS  C:\Users\SANDEE~1\AppData\Local\Temp\ccvlfKHj.s 			page 49


 635      6572726E 
 635      6F272027 
 635      2D667369 
 636 0033 2D666E6F 		.ascii	"-fno-trapv' '-fno-openmp' '-fno-openacc' '-mcpu=cor"
 636      2D747261 
 636      70762720 
 636      272D666E 
 636      6F2D6F70 
 637 0066 7465782D 		.ascii	"tex-m4' '-mfloat-abi=hard' '-mfpu=fpv4-sp-d16' '-mn"
 637      6D342720 
 637      272D6D66 
 637      6C6F6174 
 637      2D616269 
 638 0099 6F2D7468 		.ascii	"o-thumb-interwork' '-mthumb' '-ggdb' '-O2' '-fomit-"
 638      756D622D 
 638      696E7465 
 638      72776F72 
 638      6B272027 
 639 00cc 6672616D 		.ascii	"frame-pointer' '-falign-functions=16' '-ffunction-s"
 639      652D706F 
 639      696E7465 
 639      72272027 
 639      2D66616C 
 640 00ff 65637469 		.ascii	"ections' '-fdata-sections' '-fno-common' '-flto' '-"
 640      6F6E7327 
 640      20272D66 
 640      64617461 
 640      2D736563 
 641 0132 6673696E 		.ascii	"fsingle-precision-constant'\000"
 641      676C652D 
 641      70726563 
 641      6973696F 
 641      6E2D636F 
 642              		.text
 643              		.comm	__gnu_lto_v1,1,1
 644              		.comm	__gnu_lto_slim,1,1
 645              		.ident	"GCC: (GNU Tools for ARM Embedded Processors 6-2017-q2-update) 6.3.1 20170620 (release) [AR
ARM GAS  C:\Users\SANDEE~1\AppData\Local\Temp\ccvlfKHj.s 			page 50


DEFINED SYMBOLS
                            *ABS*:00000000 stm32Gyro.c
                            *COM*:00000001 __gnu_lto_v1
                            *COM*:00000001 __gnu_lto_slim

NO UNDEFINED SYMBOLS
